[2024-11-18T21:14:34.771+0500] {local_task_job_runner.py:123} INFO - ::group::Pre task execution logs
[2024-11-18T21:14:34.785+0500] {taskinstance.py:2613} INFO - Dependencies all met for dep_context=non-requeueable deps ti=<TaskInstance: count_a.count_a manual__2024-11-18T16:14:26.211549+00:00 [queued]>
[2024-11-18T21:14:34.795+0500] {taskinstance.py:2613} INFO - Dependencies all met for dep_context=requeueable deps ti=<TaskInstance: count_a.count_a manual__2024-11-18T16:14:26.211549+00:00 [queued]>
[2024-11-18T21:14:34.795+0500] {taskinstance.py:2866} INFO - Starting attempt 1 of 2
[2024-11-18T21:14:34.817+0500] {taskinstance.py:2889} INFO - Executing <Task(PythonOperator): count_a> on 2024-11-18 16:14:26.211549+00:00
[2024-11-18T21:14:34.822+0500] {standard_task_runner.py:72} INFO - Started process 21677 to run task
[2024-11-18T21:14:34.827+0500] {standard_task_runner.py:104} INFO - Running: ['airflow', 'tasks', 'run', 'count_a', 'count_a', 'manual__2024-11-18T16:14:26.211549+00:00', '--job-id', '18', '--raw', '--subdir', 'DAGS_FOLDER/dag_1.py', '--cfg-path', '/tmp/tmp9wfuv21l']
[2024-11-18T21:14:34.828+0500] {standard_task_runner.py:105} INFO - Job 18: Subtask count_a
[2024-11-18T21:14:34.874+0500] {task_command.py:467} INFO - Running <TaskInstance: count_a.count_a manual__2024-11-18T16:14:26.211549+00:00 [running]> on host archlinux
[2024-11-18T21:14:34.969+0500] {taskinstance.py:3132} INFO - Exporting env vars: AIRFLOW_CTX_DAG_OWNER='airflow' AIRFLOW_CTX_DAG_ID='count_a' AIRFLOW_CTX_TASK_ID='count_a' AIRFLOW_CTX_EXECUTION_DATE='2024-11-18T16:14:26.211549+00:00' AIRFLOW_CTX_TRY_NUMBER='1' AIRFLOW_CTX_DAG_RUN_ID='manual__2024-11-18T16:14:26.211549+00:00'
[2024-11-18T21:14:34.971+0500] {logging_mixin.py:190} INFO - Task instance is in running state
[2024-11-18T21:14:34.971+0500] {logging_mixin.py:190} INFO -  Previous state of the Task instance: queued
[2024-11-18T21:14:34.971+0500] {logging_mixin.py:190} INFO - Current task name:count_a state:running start_date:2024-11-18 16:14:34.786404+00:00
[2024-11-18T21:14:34.971+0500] {logging_mixin.py:190} INFO - Dag name:count_a and current dag run status:running
[2024-11-18T21:14:34.972+0500] {taskinstance.py:731} INFO - ::endgroup::
[2024-11-18T21:14:34.981+0500] {python.py:240} INFO - Done. Returned value was: [1, 0, 0, 3, 2, 0, 5, 0, 1, 5, 0, 0, 5, 2, 3, 1, 1, 2, 1, 2, 2, 2, 6, 1, 1, 2, 3, 0, 0, 2, 3, 1, 1, 2, 3, 1, 3, 2, 2, 2, 3, 1, 0, 2, 0, 2, 2, 1, 4, 2, 3, 2, 0, 1, 1, 3, 2, 1, 0, 4, 1, 4, 2, 4, 4, 2, 1, 2, 0, 1, 1, 2, 3, 1, 1, 4, 3, 2, 2, 3, 0, 0, 0, 2, 0, 1, 3, 4, 3, 1, 2, 2, 5, 2, 1, 4, 0, 3, 5, 0]
[2024-11-18T21:14:35.002+0500] {taskinstance.py:340} INFO - ::group::Post task execution logs
[2024-11-18T21:14:35.003+0500] {taskinstance.py:352} INFO - Marking task as SUCCESS. dag_id=count_a, task_id=count_a, run_id=manual__2024-11-18T16:14:26.211549+00:00, execution_date=20241118T161426, start_date=20241118T161434, end_date=20241118T161435
[2024-11-18T21:14:35.015+0500] {logging_mixin.py:190} INFO - Task instance in success state
[2024-11-18T21:14:35.016+0500] {logging_mixin.py:190} INFO -  Previous state of the Task instance: running
[2024-11-18T21:14:35.016+0500] {logging_mixin.py:190} INFO - Dag name:count_a queued_at:2024-11-18 16:14:26.225782+00:00
[2024-11-18T21:14:35.016+0500] {logging_mixin.py:190} INFO - Task hostname:archlinux operator:PythonOperator
[2024-11-18T21:14:35.042+0500] {local_task_job_runner.py:266} INFO - Task exited with return code 0
[2024-11-18T21:14:35.069+0500] {taskinstance.py:3895} INFO - 1 downstream tasks scheduled from follow-on schedule check
[2024-11-18T21:14:35.076+0500] {local_task_job_runner.py:245} INFO - ::endgroup::
