[2024-11-18T21:14:30.339+0500] {local_task_job_runner.py:123} INFO - ::group::Pre task execution logs
[2024-11-18T21:14:30.399+0500] {taskinstance.py:2613} INFO - Dependencies all met for dep_context=non-requeueable deps ti=<TaskInstance: count_a.create_files manual__2024-11-18T16:14:26.211549+00:00 [queued]>
[2024-11-18T21:14:30.441+0500] {taskinstance.py:2613} INFO - Dependencies all met for dep_context=requeueable deps ti=<TaskInstance: count_a.create_files manual__2024-11-18T16:14:26.211549+00:00 [queued]>
[2024-11-18T21:14:30.442+0500] {taskinstance.py:2866} INFO - Starting attempt 1 of 2
[2024-11-18T21:14:30.477+0500] {taskinstance.py:2889} INFO - Executing <Task(PythonOperator): create_files> on 2024-11-18 16:14:26.211549+00:00
[2024-11-18T21:14:30.487+0500] {standard_task_runner.py:72} INFO - Started process 21672 to run task
[2024-11-18T21:14:30.499+0500] {standard_task_runner.py:104} INFO - Running: ['airflow', 'tasks', 'run', 'count_a', 'create_files', 'manual__2024-11-18T16:14:26.211549+00:00', '--job-id', '17', '--raw', '--subdir', 'DAGS_FOLDER/dag_1.py', '--cfg-path', '/tmp/tmp8zrsh3o4']
[2024-11-18T21:14:30.504+0500] {standard_task_runner.py:105} INFO - Job 17: Subtask create_files
[2024-11-18T21:14:30.586+0500] {task_command.py:467} INFO - Running <TaskInstance: count_a.create_files manual__2024-11-18T16:14:26.211549+00:00 [running]> on host archlinux
[2024-11-18T21:14:30.687+0500] {taskinstance.py:3132} INFO - Exporting env vars: AIRFLOW_CTX_DAG_OWNER='airflow' AIRFLOW_CTX_DAG_ID='count_a' AIRFLOW_CTX_TASK_ID='create_files' AIRFLOW_CTX_EXECUTION_DATE='2024-11-18T16:14:26.211549+00:00' AIRFLOW_CTX_TRY_NUMBER='1' AIRFLOW_CTX_DAG_RUN_ID='manual__2024-11-18T16:14:26.211549+00:00'
[2024-11-18T21:14:30.689+0500] {logging_mixin.py:190} INFO - Task instance is in running state
[2024-11-18T21:14:30.689+0500] {logging_mixin.py:190} INFO -  Previous state of the Task instance: queued
[2024-11-18T21:14:30.689+0500] {logging_mixin.py:190} INFO - Current task name:create_files state:running start_date:2024-11-18 16:14:30.399878+00:00
[2024-11-18T21:14:30.690+0500] {logging_mixin.py:190} INFO - Dag name:count_a and current dag run status:running
[2024-11-18T21:14:30.690+0500] {taskinstance.py:731} INFO - ::endgroup::
[2024-11-18T21:14:30.704+0500] {python.py:240} INFO - Done. Returned value was: None
[2024-11-18T21:14:30.711+0500] {taskinstance.py:340} INFO - ::group::Post task execution logs
[2024-11-18T21:14:30.712+0500] {taskinstance.py:352} INFO - Marking task as SUCCESS. dag_id=count_a, task_id=create_files, run_id=manual__2024-11-18T16:14:26.211549+00:00, execution_date=20241118T161426, start_date=20241118T161430, end_date=20241118T161430
[2024-11-18T21:14:30.727+0500] {logging_mixin.py:190} INFO - Task instance in success state
[2024-11-18T21:14:30.728+0500] {logging_mixin.py:190} INFO -  Previous state of the Task instance: running
[2024-11-18T21:14:30.728+0500] {logging_mixin.py:190} INFO - Dag name:count_a queued_at:2024-11-18 16:14:26.225782+00:00
[2024-11-18T21:14:30.728+0500] {logging_mixin.py:190} INFO - Task hostname:archlinux operator:PythonOperator
[2024-11-18T21:14:30.760+0500] {local_task_job_runner.py:266} INFO - Task exited with return code 0
[2024-11-18T21:14:30.787+0500] {taskinstance.py:3895} INFO - 1 downstream tasks scheduled from follow-on schedule check
[2024-11-18T21:14:30.795+0500] {local_task_job_runner.py:245} INFO - ::endgroup::
