[2024-11-18T20:40:15.102+0500] {processor.py:186} INFO - Started process (PID=18893) to work on /home/AtlasRise/airflow/airflow_env/lib/python3.12/site-packages/airflow/example_dags/subdags/subdag.py
[2024-11-18T20:40:15.103+0500] {processor.py:914} INFO - Processing file /home/AtlasRise/airflow/airflow_env/lib/python3.12/site-packages/airflow/example_dags/subdags/subdag.py for tasks to queue
[2024-11-18T20:40:15.106+0500] {logging_mixin.py:190} INFO - [2024-11-18T20:40:15.106+0500] {dagbag.py:588} INFO - Filling up the DagBag from /home/AtlasRise/airflow/airflow_env/lib/python3.12/site-packages/airflow/example_dags/subdags/subdag.py
[2024-11-18T20:40:15.109+0500] {processor.py:927} WARNING - No viable dags retrieved from /home/AtlasRise/airflow/airflow_env/lib/python3.12/site-packages/airflow/example_dags/subdags/subdag.py
[2024-11-18T20:40:15.126+0500] {processor.py:208} INFO - Processing /home/AtlasRise/airflow/airflow_env/lib/python3.12/site-packages/airflow/example_dags/subdags/subdag.py took 0.032 seconds
[2024-11-18T20:41:30.468+0500] {processor.py:186} INFO - Started process (PID=18987) to work on /home/AtlasRise/airflow/airflow_env/lib/python3.12/site-packages/airflow/example_dags/subdags/subdag.py
[2024-11-18T20:41:30.469+0500] {processor.py:914} INFO - Processing file /home/AtlasRise/airflow/airflow_env/lib/python3.12/site-packages/airflow/example_dags/subdags/subdag.py for tasks to queue
[2024-11-18T20:41:30.473+0500] {logging_mixin.py:190} INFO - [2024-11-18T20:41:30.472+0500] {dagbag.py:588} INFO - Filling up the DagBag from /home/AtlasRise/airflow/airflow_env/lib/python3.12/site-packages/airflow/example_dags/subdags/subdag.py
[2024-11-18T20:41:30.476+0500] {processor.py:927} WARNING - No viable dags retrieved from /home/AtlasRise/airflow/airflow_env/lib/python3.12/site-packages/airflow/example_dags/subdags/subdag.py
[2024-11-18T20:41:30.493+0500] {processor.py:208} INFO - Processing /home/AtlasRise/airflow/airflow_env/lib/python3.12/site-packages/airflow/example_dags/subdags/subdag.py took 0.034 seconds
[2024-11-18T20:42:11.236+0500] {processor.py:186} INFO - Started process (PID=19136) to work on /home/AtlasRise/airflow/airflow_env/lib/python3.12/site-packages/airflow/example_dags/subdags/subdag.py
[2024-11-18T20:42:11.238+0500] {processor.py:914} INFO - Processing file /home/AtlasRise/airflow/airflow_env/lib/python3.12/site-packages/airflow/example_dags/subdags/subdag.py for tasks to queue
[2024-11-18T20:42:11.242+0500] {logging_mixin.py:190} INFO - [2024-11-18T20:42:11.241+0500] {dagbag.py:588} INFO - Filling up the DagBag from /home/AtlasRise/airflow/airflow_env/lib/python3.12/site-packages/airflow/example_dags/subdags/subdag.py
[2024-11-18T20:42:11.245+0500] {processor.py:927} WARNING - No viable dags retrieved from /home/AtlasRise/airflow/airflow_env/lib/python3.12/site-packages/airflow/example_dags/subdags/subdag.py
[2024-11-18T20:42:11.262+0500] {processor.py:208} INFO - Processing /home/AtlasRise/airflow/airflow_env/lib/python3.12/site-packages/airflow/example_dags/subdags/subdag.py took 0.034 seconds
[2024-11-18T20:42:46.215+0500] {processor.py:186} INFO - Started process (PID=19174) to work on /home/AtlasRise/airflow/airflow_env/lib/python3.12/site-packages/airflow/example_dags/subdags/subdag.py
[2024-11-18T20:42:46.218+0500] {processor.py:914} INFO - Processing file /home/AtlasRise/airflow/airflow_env/lib/python3.12/site-packages/airflow/example_dags/subdags/subdag.py for tasks to queue
[2024-11-18T20:42:46.222+0500] {logging_mixin.py:190} INFO - [2024-11-18T20:42:46.221+0500] {dagbag.py:588} INFO - Filling up the DagBag from /home/AtlasRise/airflow/airflow_env/lib/python3.12/site-packages/airflow/example_dags/subdags/subdag.py
[2024-11-18T20:42:46.225+0500] {processor.py:927} WARNING - No viable dags retrieved from /home/AtlasRise/airflow/airflow_env/lib/python3.12/site-packages/airflow/example_dags/subdags/subdag.py
[2024-11-18T20:42:46.243+0500] {processor.py:208} INFO - Processing /home/AtlasRise/airflow/airflow_env/lib/python3.12/site-packages/airflow/example_dags/subdags/subdag.py took 0.037 seconds
[2024-11-18T20:43:20.096+0500] {processor.py:186} INFO - Started process (PID=19211) to work on /home/AtlasRise/airflow/airflow_env/lib/python3.12/site-packages/airflow/example_dags/subdags/subdag.py
[2024-11-18T20:43:20.097+0500] {processor.py:914} INFO - Processing file /home/AtlasRise/airflow/airflow_env/lib/python3.12/site-packages/airflow/example_dags/subdags/subdag.py for tasks to queue
[2024-11-18T20:43:20.100+0500] {logging_mixin.py:190} INFO - [2024-11-18T20:43:20.100+0500] {dagbag.py:588} INFO - Filling up the DagBag from /home/AtlasRise/airflow/airflow_env/lib/python3.12/site-packages/airflow/example_dags/subdags/subdag.py
[2024-11-18T20:43:20.103+0500] {processor.py:927} WARNING - No viable dags retrieved from /home/AtlasRise/airflow/airflow_env/lib/python3.12/site-packages/airflow/example_dags/subdags/subdag.py
[2024-11-18T20:43:20.119+0500] {processor.py:208} INFO - Processing /home/AtlasRise/airflow/airflow_env/lib/python3.12/site-packages/airflow/example_dags/subdags/subdag.py took 0.031 seconds
[2024-11-18T20:43:53.739+0500] {processor.py:186} INFO - Started process (PID=19255) to work on /home/AtlasRise/airflow/airflow_env/lib/python3.12/site-packages/airflow/example_dags/subdags/subdag.py
[2024-11-18T20:43:53.741+0500] {processor.py:914} INFO - Processing file /home/AtlasRise/airflow/airflow_env/lib/python3.12/site-packages/airflow/example_dags/subdags/subdag.py for tasks to queue
[2024-11-18T20:43:53.744+0500] {logging_mixin.py:190} INFO - [2024-11-18T20:43:53.743+0500] {dagbag.py:588} INFO - Filling up the DagBag from /home/AtlasRise/airflow/airflow_env/lib/python3.12/site-packages/airflow/example_dags/subdags/subdag.py
[2024-11-18T20:43:53.747+0500] {processor.py:927} WARNING - No viable dags retrieved from /home/AtlasRise/airflow/airflow_env/lib/python3.12/site-packages/airflow/example_dags/subdags/subdag.py
[2024-11-18T20:43:53.763+0500] {processor.py:208} INFO - Processing /home/AtlasRise/airflow/airflow_env/lib/python3.12/site-packages/airflow/example_dags/subdags/subdag.py took 0.032 seconds
[2024-11-18T20:44:26.478+0500] {processor.py:186} INFO - Started process (PID=19291) to work on /home/AtlasRise/airflow/airflow_env/lib/python3.12/site-packages/airflow/example_dags/subdags/subdag.py
[2024-11-18T20:44:26.479+0500] {processor.py:914} INFO - Processing file /home/AtlasRise/airflow/airflow_env/lib/python3.12/site-packages/airflow/example_dags/subdags/subdag.py for tasks to queue
[2024-11-18T20:44:26.482+0500] {logging_mixin.py:190} INFO - [2024-11-18T20:44:26.482+0500] {dagbag.py:588} INFO - Filling up the DagBag from /home/AtlasRise/airflow/airflow_env/lib/python3.12/site-packages/airflow/example_dags/subdags/subdag.py
[2024-11-18T20:44:26.486+0500] {processor.py:927} WARNING - No viable dags retrieved from /home/AtlasRise/airflow/airflow_env/lib/python3.12/site-packages/airflow/example_dags/subdags/subdag.py
[2024-11-18T20:44:26.503+0500] {processor.py:208} INFO - Processing /home/AtlasRise/airflow/airflow_env/lib/python3.12/site-packages/airflow/example_dags/subdags/subdag.py took 0.034 seconds
[2024-11-18T20:44:59.003+0500] {processor.py:186} INFO - Started process (PID=19325) to work on /home/AtlasRise/airflow/airflow_env/lib/python3.12/site-packages/airflow/example_dags/subdags/subdag.py
[2024-11-18T20:44:59.005+0500] {processor.py:914} INFO - Processing file /home/AtlasRise/airflow/airflow_env/lib/python3.12/site-packages/airflow/example_dags/subdags/subdag.py for tasks to queue
[2024-11-18T20:44:59.007+0500] {logging_mixin.py:190} INFO - [2024-11-18T20:44:59.007+0500] {dagbag.py:588} INFO - Filling up the DagBag from /home/AtlasRise/airflow/airflow_env/lib/python3.12/site-packages/airflow/example_dags/subdags/subdag.py
[2024-11-18T20:44:59.011+0500] {processor.py:927} WARNING - No viable dags retrieved from /home/AtlasRise/airflow/airflow_env/lib/python3.12/site-packages/airflow/example_dags/subdags/subdag.py
[2024-11-18T20:44:59.026+0500] {processor.py:208} INFO - Processing /home/AtlasRise/airflow/airflow_env/lib/python3.12/site-packages/airflow/example_dags/subdags/subdag.py took 0.031 seconds
[2024-11-18T20:45:33.338+0500] {processor.py:186} INFO - Started process (PID=19480) to work on /home/AtlasRise/airflow/airflow_env/lib/python3.12/site-packages/airflow/example_dags/subdags/subdag.py
[2024-11-18T20:45:33.340+0500] {processor.py:914} INFO - Processing file /home/AtlasRise/airflow/airflow_env/lib/python3.12/site-packages/airflow/example_dags/subdags/subdag.py for tasks to queue
[2024-11-18T20:45:33.343+0500] {logging_mixin.py:190} INFO - [2024-11-18T20:45:33.342+0500] {dagbag.py:588} INFO - Filling up the DagBag from /home/AtlasRise/airflow/airflow_env/lib/python3.12/site-packages/airflow/example_dags/subdags/subdag.py
[2024-11-18T20:45:33.346+0500] {processor.py:927} WARNING - No viable dags retrieved from /home/AtlasRise/airflow/airflow_env/lib/python3.12/site-packages/airflow/example_dags/subdags/subdag.py
[2024-11-18T20:45:33.361+0500] {processor.py:208} INFO - Processing /home/AtlasRise/airflow/airflow_env/lib/python3.12/site-packages/airflow/example_dags/subdags/subdag.py took 0.031 seconds
[2024-11-18T20:46:13.357+0500] {processor.py:186} INFO - Started process (PID=19517) to work on /home/AtlasRise/airflow/airflow_env/lib/python3.12/site-packages/airflow/example_dags/subdags/subdag.py
[2024-11-18T20:46:13.360+0500] {processor.py:914} INFO - Processing file /home/AtlasRise/airflow/airflow_env/lib/python3.12/site-packages/airflow/example_dags/subdags/subdag.py for tasks to queue
[2024-11-18T20:46:13.363+0500] {logging_mixin.py:190} INFO - [2024-11-18T20:46:13.362+0500] {dagbag.py:588} INFO - Filling up the DagBag from /home/AtlasRise/airflow/airflow_env/lib/python3.12/site-packages/airflow/example_dags/subdags/subdag.py
[2024-11-18T20:46:13.366+0500] {processor.py:927} WARNING - No viable dags retrieved from /home/AtlasRise/airflow/airflow_env/lib/python3.12/site-packages/airflow/example_dags/subdags/subdag.py
[2024-11-18T20:46:13.381+0500] {processor.py:208} INFO - Processing /home/AtlasRise/airflow/airflow_env/lib/python3.12/site-packages/airflow/example_dags/subdags/subdag.py took 0.032 seconds
[2024-11-18T20:46:51.513+0500] {processor.py:186} INFO - Started process (PID=19583) to work on /home/AtlasRise/airflow/airflow_env/lib/python3.12/site-packages/airflow/example_dags/subdags/subdag.py
[2024-11-18T20:46:51.514+0500] {processor.py:914} INFO - Processing file /home/AtlasRise/airflow/airflow_env/lib/python3.12/site-packages/airflow/example_dags/subdags/subdag.py for tasks to queue
[2024-11-18T20:46:51.517+0500] {logging_mixin.py:190} INFO - [2024-11-18T20:46:51.516+0500] {dagbag.py:588} INFO - Filling up the DagBag from /home/AtlasRise/airflow/airflow_env/lib/python3.12/site-packages/airflow/example_dags/subdags/subdag.py
[2024-11-18T20:46:51.520+0500] {processor.py:927} WARNING - No viable dags retrieved from /home/AtlasRise/airflow/airflow_env/lib/python3.12/site-packages/airflow/example_dags/subdags/subdag.py
[2024-11-18T20:46:51.536+0500] {processor.py:208} INFO - Processing /home/AtlasRise/airflow/airflow_env/lib/python3.12/site-packages/airflow/example_dags/subdags/subdag.py took 0.031 seconds
[2024-11-18T20:47:27.499+0500] {processor.py:186} INFO - Started process (PID=19638) to work on /home/AtlasRise/airflow/airflow_env/lib/python3.12/site-packages/airflow/example_dags/subdags/subdag.py
[2024-11-18T20:47:27.511+0500] {processor.py:914} INFO - Processing file /home/AtlasRise/airflow/airflow_env/lib/python3.12/site-packages/airflow/example_dags/subdags/subdag.py for tasks to queue
[2024-11-18T20:47:27.520+0500] {logging_mixin.py:190} INFO - [2024-11-18T20:47:27.519+0500] {dagbag.py:588} INFO - Filling up the DagBag from /home/AtlasRise/airflow/airflow_env/lib/python3.12/site-packages/airflow/example_dags/subdags/subdag.py
[2024-11-18T20:47:27.541+0500] {processor.py:927} WARNING - No viable dags retrieved from /home/AtlasRise/airflow/airflow_env/lib/python3.12/site-packages/airflow/example_dags/subdags/subdag.py
[2024-11-18T20:47:27.614+0500] {processor.py:208} INFO - Processing /home/AtlasRise/airflow/airflow_env/lib/python3.12/site-packages/airflow/example_dags/subdags/subdag.py took 0.154 seconds
[2024-11-18T20:48:01.224+0500] {processor.py:186} INFO - Started process (PID=19739) to work on /home/AtlasRise/airflow/airflow_env/lib/python3.12/site-packages/airflow/example_dags/subdags/subdag.py
[2024-11-18T20:48:01.226+0500] {processor.py:914} INFO - Processing file /home/AtlasRise/airflow/airflow_env/lib/python3.12/site-packages/airflow/example_dags/subdags/subdag.py for tasks to queue
[2024-11-18T20:48:01.229+0500] {logging_mixin.py:190} INFO - [2024-11-18T20:48:01.228+0500] {dagbag.py:588} INFO - Filling up the DagBag from /home/AtlasRise/airflow/airflow_env/lib/python3.12/site-packages/airflow/example_dags/subdags/subdag.py
[2024-11-18T20:48:01.232+0500] {processor.py:927} WARNING - No viable dags retrieved from /home/AtlasRise/airflow/airflow_env/lib/python3.12/site-packages/airflow/example_dags/subdags/subdag.py
[2024-11-18T20:48:01.248+0500] {processor.py:208} INFO - Processing /home/AtlasRise/airflow/airflow_env/lib/python3.12/site-packages/airflow/example_dags/subdags/subdag.py took 0.032 seconds
[2024-11-18T20:48:33.757+0500] {processor.py:186} INFO - Started process (PID=19786) to work on /home/AtlasRise/airflow/airflow_env/lib/python3.12/site-packages/airflow/example_dags/subdags/subdag.py
[2024-11-18T20:48:33.759+0500] {processor.py:914} INFO - Processing file /home/AtlasRise/airflow/airflow_env/lib/python3.12/site-packages/airflow/example_dags/subdags/subdag.py for tasks to queue
[2024-11-18T20:48:33.762+0500] {logging_mixin.py:190} INFO - [2024-11-18T20:48:33.762+0500] {dagbag.py:588} INFO - Filling up the DagBag from /home/AtlasRise/airflow/airflow_env/lib/python3.12/site-packages/airflow/example_dags/subdags/subdag.py
[2024-11-18T20:48:33.765+0500] {processor.py:927} WARNING - No viable dags retrieved from /home/AtlasRise/airflow/airflow_env/lib/python3.12/site-packages/airflow/example_dags/subdags/subdag.py
[2024-11-18T20:48:33.783+0500] {processor.py:208} INFO - Processing /home/AtlasRise/airflow/airflow_env/lib/python3.12/site-packages/airflow/example_dags/subdags/subdag.py took 0.033 seconds
[2024-11-18T20:49:08.005+0500] {processor.py:186} INFO - Started process (PID=19821) to work on /home/AtlasRise/airflow/airflow_env/lib/python3.12/site-packages/airflow/example_dags/subdags/subdag.py
[2024-11-18T20:49:08.009+0500] {processor.py:914} INFO - Processing file /home/AtlasRise/airflow/airflow_env/lib/python3.12/site-packages/airflow/example_dags/subdags/subdag.py for tasks to queue
[2024-11-18T20:49:08.012+0500] {logging_mixin.py:190} INFO - [2024-11-18T20:49:08.011+0500] {dagbag.py:588} INFO - Filling up the DagBag from /home/AtlasRise/airflow/airflow_env/lib/python3.12/site-packages/airflow/example_dags/subdags/subdag.py
[2024-11-18T20:49:08.015+0500] {processor.py:927} WARNING - No viable dags retrieved from /home/AtlasRise/airflow/airflow_env/lib/python3.12/site-packages/airflow/example_dags/subdags/subdag.py
[2024-11-18T20:49:08.032+0500] {processor.py:208} INFO - Processing /home/AtlasRise/airflow/airflow_env/lib/python3.12/site-packages/airflow/example_dags/subdags/subdag.py took 0.034 seconds
[2024-11-18T20:49:42.211+0500] {processor.py:186} INFO - Started process (PID=19858) to work on /home/AtlasRise/airflow/airflow_env/lib/python3.12/site-packages/airflow/example_dags/subdags/subdag.py
[2024-11-18T20:49:42.213+0500] {processor.py:914} INFO - Processing file /home/AtlasRise/airflow/airflow_env/lib/python3.12/site-packages/airflow/example_dags/subdags/subdag.py for tasks to queue
[2024-11-18T20:49:42.216+0500] {logging_mixin.py:190} INFO - [2024-11-18T20:49:42.215+0500] {dagbag.py:588} INFO - Filling up the DagBag from /home/AtlasRise/airflow/airflow_env/lib/python3.12/site-packages/airflow/example_dags/subdags/subdag.py
[2024-11-18T20:49:42.219+0500] {processor.py:927} WARNING - No viable dags retrieved from /home/AtlasRise/airflow/airflow_env/lib/python3.12/site-packages/airflow/example_dags/subdags/subdag.py
[2024-11-18T20:49:42.234+0500] {processor.py:208} INFO - Processing /home/AtlasRise/airflow/airflow_env/lib/python3.12/site-packages/airflow/example_dags/subdags/subdag.py took 0.031 seconds
[2024-11-18T20:50:18.421+0500] {processor.py:186} INFO - Started process (PID=19899) to work on /home/AtlasRise/airflow/airflow_env/lib/python3.12/site-packages/airflow/example_dags/subdags/subdag.py
[2024-11-18T20:50:18.423+0500] {processor.py:914} INFO - Processing file /home/AtlasRise/airflow/airflow_env/lib/python3.12/site-packages/airflow/example_dags/subdags/subdag.py for tasks to queue
[2024-11-18T20:50:18.425+0500] {logging_mixin.py:190} INFO - [2024-11-18T20:50:18.425+0500] {dagbag.py:588} INFO - Filling up the DagBag from /home/AtlasRise/airflow/airflow_env/lib/python3.12/site-packages/airflow/example_dags/subdags/subdag.py
[2024-11-18T20:50:18.429+0500] {processor.py:927} WARNING - No viable dags retrieved from /home/AtlasRise/airflow/airflow_env/lib/python3.12/site-packages/airflow/example_dags/subdags/subdag.py
[2024-11-18T20:50:18.448+0500] {processor.py:208} INFO - Processing /home/AtlasRise/airflow/airflow_env/lib/python3.12/site-packages/airflow/example_dags/subdags/subdag.py took 0.035 seconds
[2024-11-18T20:50:51.142+0500] {processor.py:186} INFO - Started process (PID=19932) to work on /home/AtlasRise/airflow/airflow_env/lib/python3.12/site-packages/airflow/example_dags/subdags/subdag.py
[2024-11-18T20:50:51.143+0500] {processor.py:914} INFO - Processing file /home/AtlasRise/airflow/airflow_env/lib/python3.12/site-packages/airflow/example_dags/subdags/subdag.py for tasks to queue
[2024-11-18T20:50:51.146+0500] {logging_mixin.py:190} INFO - [2024-11-18T20:50:51.146+0500] {dagbag.py:588} INFO - Filling up the DagBag from /home/AtlasRise/airflow/airflow_env/lib/python3.12/site-packages/airflow/example_dags/subdags/subdag.py
[2024-11-18T20:50:51.149+0500] {processor.py:927} WARNING - No viable dags retrieved from /home/AtlasRise/airflow/airflow_env/lib/python3.12/site-packages/airflow/example_dags/subdags/subdag.py
[2024-11-18T20:50:51.166+0500] {processor.py:208} INFO - Processing /home/AtlasRise/airflow/airflow_env/lib/python3.12/site-packages/airflow/example_dags/subdags/subdag.py took 0.032 seconds
[2024-11-18T20:51:25.918+0500] {processor.py:186} INFO - Started process (PID=19967) to work on /home/AtlasRise/airflow/airflow_env/lib/python3.12/site-packages/airflow/example_dags/subdags/subdag.py
[2024-11-18T20:51:25.919+0500] {processor.py:914} INFO - Processing file /home/AtlasRise/airflow/airflow_env/lib/python3.12/site-packages/airflow/example_dags/subdags/subdag.py for tasks to queue
[2024-11-18T20:51:25.922+0500] {logging_mixin.py:190} INFO - [2024-11-18T20:51:25.922+0500] {dagbag.py:588} INFO - Filling up the DagBag from /home/AtlasRise/airflow/airflow_env/lib/python3.12/site-packages/airflow/example_dags/subdags/subdag.py
[2024-11-18T20:51:25.925+0500] {processor.py:927} WARNING - No viable dags retrieved from /home/AtlasRise/airflow/airflow_env/lib/python3.12/site-packages/airflow/example_dags/subdags/subdag.py
[2024-11-18T20:51:25.941+0500] {processor.py:208} INFO - Processing /home/AtlasRise/airflow/airflow_env/lib/python3.12/site-packages/airflow/example_dags/subdags/subdag.py took 0.032 seconds
[2024-11-18T20:52:03.182+0500] {processor.py:186} INFO - Started process (PID=20018) to work on /home/AtlasRise/airflow/airflow_env/lib/python3.12/site-packages/airflow/example_dags/subdags/subdag.py
[2024-11-18T20:52:03.184+0500] {processor.py:914} INFO - Processing file /home/AtlasRise/airflow/airflow_env/lib/python3.12/site-packages/airflow/example_dags/subdags/subdag.py for tasks to queue
[2024-11-18T20:52:03.187+0500] {logging_mixin.py:190} INFO - [2024-11-18T20:52:03.187+0500] {dagbag.py:588} INFO - Filling up the DagBag from /home/AtlasRise/airflow/airflow_env/lib/python3.12/site-packages/airflow/example_dags/subdags/subdag.py
[2024-11-18T20:52:03.191+0500] {processor.py:927} WARNING - No viable dags retrieved from /home/AtlasRise/airflow/airflow_env/lib/python3.12/site-packages/airflow/example_dags/subdags/subdag.py
[2024-11-18T20:52:03.209+0500] {processor.py:208} INFO - Processing /home/AtlasRise/airflow/airflow_env/lib/python3.12/site-packages/airflow/example_dags/subdags/subdag.py took 0.037 seconds
[2024-11-18T20:52:37.951+0500] {processor.py:186} INFO - Started process (PID=20060) to work on /home/AtlasRise/airflow/airflow_env/lib/python3.12/site-packages/airflow/example_dags/subdags/subdag.py
[2024-11-18T20:52:37.953+0500] {processor.py:914} INFO - Processing file /home/AtlasRise/airflow/airflow_env/lib/python3.12/site-packages/airflow/example_dags/subdags/subdag.py for tasks to queue
[2024-11-18T20:52:37.956+0500] {logging_mixin.py:190} INFO - [2024-11-18T20:52:37.956+0500] {dagbag.py:588} INFO - Filling up the DagBag from /home/AtlasRise/airflow/airflow_env/lib/python3.12/site-packages/airflow/example_dags/subdags/subdag.py
[2024-11-18T20:52:37.959+0500] {processor.py:927} WARNING - No viable dags retrieved from /home/AtlasRise/airflow/airflow_env/lib/python3.12/site-packages/airflow/example_dags/subdags/subdag.py
[2024-11-18T20:52:37.975+0500] {processor.py:208} INFO - Processing /home/AtlasRise/airflow/airflow_env/lib/python3.12/site-packages/airflow/example_dags/subdags/subdag.py took 0.032 seconds
[2024-11-18T20:53:09.885+0500] {processor.py:186} INFO - Started process (PID=20090) to work on /home/AtlasRise/airflow/airflow_env/lib/python3.12/site-packages/airflow/example_dags/subdags/subdag.py
[2024-11-18T20:53:09.886+0500] {processor.py:914} INFO - Processing file /home/AtlasRise/airflow/airflow_env/lib/python3.12/site-packages/airflow/example_dags/subdags/subdag.py for tasks to queue
[2024-11-18T20:53:09.889+0500] {logging_mixin.py:190} INFO - [2024-11-18T20:53:09.889+0500] {dagbag.py:588} INFO - Filling up the DagBag from /home/AtlasRise/airflow/airflow_env/lib/python3.12/site-packages/airflow/example_dags/subdags/subdag.py
[2024-11-18T20:53:09.892+0500] {processor.py:927} WARNING - No viable dags retrieved from /home/AtlasRise/airflow/airflow_env/lib/python3.12/site-packages/airflow/example_dags/subdags/subdag.py
[2024-11-18T20:53:09.909+0500] {processor.py:208} INFO - Processing /home/AtlasRise/airflow/airflow_env/lib/python3.12/site-packages/airflow/example_dags/subdags/subdag.py took 0.032 seconds
[2024-11-18T20:53:44.972+0500] {processor.py:186} INFO - Started process (PID=20125) to work on /home/AtlasRise/airflow/airflow_env/lib/python3.12/site-packages/airflow/example_dags/subdags/subdag.py
[2024-11-18T20:53:44.975+0500] {processor.py:914} INFO - Processing file /home/AtlasRise/airflow/airflow_env/lib/python3.12/site-packages/airflow/example_dags/subdags/subdag.py for tasks to queue
[2024-11-18T20:53:44.978+0500] {logging_mixin.py:190} INFO - [2024-11-18T20:53:44.977+0500] {dagbag.py:588} INFO - Filling up the DagBag from /home/AtlasRise/airflow/airflow_env/lib/python3.12/site-packages/airflow/example_dags/subdags/subdag.py
[2024-11-18T20:53:44.980+0500] {processor.py:927} WARNING - No viable dags retrieved from /home/AtlasRise/airflow/airflow_env/lib/python3.12/site-packages/airflow/example_dags/subdags/subdag.py
[2024-11-18T20:53:44.996+0500] {processor.py:208} INFO - Processing /home/AtlasRise/airflow/airflow_env/lib/python3.12/site-packages/airflow/example_dags/subdags/subdag.py took 0.032 seconds
[2024-11-18T20:54:20.495+0500] {processor.py:186} INFO - Started process (PID=20177) to work on /home/AtlasRise/airflow/airflow_env/lib/python3.12/site-packages/airflow/example_dags/subdags/subdag.py
[2024-11-18T20:54:20.498+0500] {processor.py:914} INFO - Processing file /home/AtlasRise/airflow/airflow_env/lib/python3.12/site-packages/airflow/example_dags/subdags/subdag.py for tasks to queue
[2024-11-18T20:54:20.501+0500] {logging_mixin.py:190} INFO - [2024-11-18T20:54:20.500+0500] {dagbag.py:588} INFO - Filling up the DagBag from /home/AtlasRise/airflow/airflow_env/lib/python3.12/site-packages/airflow/example_dags/subdags/subdag.py
[2024-11-18T20:54:20.504+0500] {processor.py:927} WARNING - No viable dags retrieved from /home/AtlasRise/airflow/airflow_env/lib/python3.12/site-packages/airflow/example_dags/subdags/subdag.py
[2024-11-18T20:54:20.520+0500] {processor.py:208} INFO - Processing /home/AtlasRise/airflow/airflow_env/lib/python3.12/site-packages/airflow/example_dags/subdags/subdag.py took 0.033 seconds
[2024-11-18T20:55:02.649+0500] {processor.py:186} INFO - Started process (PID=20222) to work on /home/AtlasRise/airflow/airflow_env/lib/python3.12/site-packages/airflow/example_dags/subdags/subdag.py
[2024-11-18T20:55:02.650+0500] {processor.py:914} INFO - Processing file /home/AtlasRise/airflow/airflow_env/lib/python3.12/site-packages/airflow/example_dags/subdags/subdag.py for tasks to queue
[2024-11-18T20:55:02.653+0500] {logging_mixin.py:190} INFO - [2024-11-18T20:55:02.652+0500] {dagbag.py:588} INFO - Filling up the DagBag from /home/AtlasRise/airflow/airflow_env/lib/python3.12/site-packages/airflow/example_dags/subdags/subdag.py
[2024-11-18T20:55:02.656+0500] {processor.py:927} WARNING - No viable dags retrieved from /home/AtlasRise/airflow/airflow_env/lib/python3.12/site-packages/airflow/example_dags/subdags/subdag.py
[2024-11-18T20:55:02.672+0500] {processor.py:208} INFO - Processing /home/AtlasRise/airflow/airflow_env/lib/python3.12/site-packages/airflow/example_dags/subdags/subdag.py took 0.032 seconds
[2024-11-18T20:55:47.214+0500] {processor.py:186} INFO - Started process (PID=20266) to work on /home/AtlasRise/airflow/airflow_env/lib/python3.12/site-packages/airflow/example_dags/subdags/subdag.py
[2024-11-18T20:55:47.216+0500] {processor.py:914} INFO - Processing file /home/AtlasRise/airflow/airflow_env/lib/python3.12/site-packages/airflow/example_dags/subdags/subdag.py for tasks to queue
[2024-11-18T20:55:47.219+0500] {logging_mixin.py:190} INFO - [2024-11-18T20:55:47.219+0500] {dagbag.py:588} INFO - Filling up the DagBag from /home/AtlasRise/airflow/airflow_env/lib/python3.12/site-packages/airflow/example_dags/subdags/subdag.py
[2024-11-18T20:55:47.222+0500] {processor.py:927} WARNING - No viable dags retrieved from /home/AtlasRise/airflow/airflow_env/lib/python3.12/site-packages/airflow/example_dags/subdags/subdag.py
[2024-11-18T20:55:47.239+0500] {processor.py:208} INFO - Processing /home/AtlasRise/airflow/airflow_env/lib/python3.12/site-packages/airflow/example_dags/subdags/subdag.py took 0.034 seconds
[2024-11-18T20:56:26.045+0500] {processor.py:186} INFO - Started process (PID=20309) to work on /home/AtlasRise/airflow/airflow_env/lib/python3.12/site-packages/airflow/example_dags/subdags/subdag.py
[2024-11-18T20:56:26.047+0500] {processor.py:914} INFO - Processing file /home/AtlasRise/airflow/airflow_env/lib/python3.12/site-packages/airflow/example_dags/subdags/subdag.py for tasks to queue
[2024-11-18T20:56:26.054+0500] {logging_mixin.py:190} INFO - [2024-11-18T20:56:26.053+0500] {dagbag.py:588} INFO - Filling up the DagBag from /home/AtlasRise/airflow/airflow_env/lib/python3.12/site-packages/airflow/example_dags/subdags/subdag.py
[2024-11-18T20:56:26.060+0500] {processor.py:927} WARNING - No viable dags retrieved from /home/AtlasRise/airflow/airflow_env/lib/python3.12/site-packages/airflow/example_dags/subdags/subdag.py
[2024-11-18T20:56:26.109+0500] {processor.py:208} INFO - Processing /home/AtlasRise/airflow/airflow_env/lib/python3.12/site-packages/airflow/example_dags/subdags/subdag.py took 0.074 seconds
[2024-11-18T20:57:03.480+0500] {processor.py:186} INFO - Started process (PID=20358) to work on /home/AtlasRise/airflow/airflow_env/lib/python3.12/site-packages/airflow/example_dags/subdags/subdag.py
[2024-11-18T20:57:03.483+0500] {processor.py:914} INFO - Processing file /home/AtlasRise/airflow/airflow_env/lib/python3.12/site-packages/airflow/example_dags/subdags/subdag.py for tasks to queue
[2024-11-18T20:57:03.486+0500] {logging_mixin.py:190} INFO - [2024-11-18T20:57:03.485+0500] {dagbag.py:588} INFO - Filling up the DagBag from /home/AtlasRise/airflow/airflow_env/lib/python3.12/site-packages/airflow/example_dags/subdags/subdag.py
[2024-11-18T20:57:03.489+0500] {processor.py:927} WARNING - No viable dags retrieved from /home/AtlasRise/airflow/airflow_env/lib/python3.12/site-packages/airflow/example_dags/subdags/subdag.py
[2024-11-18T20:57:03.505+0500] {processor.py:208} INFO - Processing /home/AtlasRise/airflow/airflow_env/lib/python3.12/site-packages/airflow/example_dags/subdags/subdag.py took 0.033 seconds
[2024-11-18T20:57:40.235+0500] {processor.py:186} INFO - Started process (PID=20394) to work on /home/AtlasRise/airflow/airflow_env/lib/python3.12/site-packages/airflow/example_dags/subdags/subdag.py
[2024-11-18T20:57:40.237+0500] {processor.py:914} INFO - Processing file /home/AtlasRise/airflow/airflow_env/lib/python3.12/site-packages/airflow/example_dags/subdags/subdag.py for tasks to queue
[2024-11-18T20:57:40.242+0500] {logging_mixin.py:190} INFO - [2024-11-18T20:57:40.241+0500] {dagbag.py:588} INFO - Filling up the DagBag from /home/AtlasRise/airflow/airflow_env/lib/python3.12/site-packages/airflow/example_dags/subdags/subdag.py
[2024-11-18T20:57:40.245+0500] {processor.py:927} WARNING - No viable dags retrieved from /home/AtlasRise/airflow/airflow_env/lib/python3.12/site-packages/airflow/example_dags/subdags/subdag.py
[2024-11-18T20:57:40.262+0500] {processor.py:208} INFO - Processing /home/AtlasRise/airflow/airflow_env/lib/python3.12/site-packages/airflow/example_dags/subdags/subdag.py took 0.036 seconds
[2024-11-18T20:58:16.630+0500] {processor.py:186} INFO - Started process (PID=20437) to work on /home/AtlasRise/airflow/airflow_env/lib/python3.12/site-packages/airflow/example_dags/subdags/subdag.py
[2024-11-18T20:58:16.632+0500] {processor.py:914} INFO - Processing file /home/AtlasRise/airflow/airflow_env/lib/python3.12/site-packages/airflow/example_dags/subdags/subdag.py for tasks to queue
[2024-11-18T20:58:16.636+0500] {logging_mixin.py:190} INFO - [2024-11-18T20:58:16.635+0500] {dagbag.py:588} INFO - Filling up the DagBag from /home/AtlasRise/airflow/airflow_env/lib/python3.12/site-packages/airflow/example_dags/subdags/subdag.py
[2024-11-18T20:58:16.639+0500] {processor.py:927} WARNING - No viable dags retrieved from /home/AtlasRise/airflow/airflow_env/lib/python3.12/site-packages/airflow/example_dags/subdags/subdag.py
[2024-11-18T20:58:16.655+0500] {processor.py:208} INFO - Processing /home/AtlasRise/airflow/airflow_env/lib/python3.12/site-packages/airflow/example_dags/subdags/subdag.py took 0.033 seconds
[2024-11-18T20:58:50.248+0500] {processor.py:186} INFO - Started process (PID=20485) to work on /home/AtlasRise/airflow/airflow_env/lib/python3.12/site-packages/airflow/example_dags/subdags/subdag.py
[2024-11-18T20:58:50.251+0500] {processor.py:914} INFO - Processing file /home/AtlasRise/airflow/airflow_env/lib/python3.12/site-packages/airflow/example_dags/subdags/subdag.py for tasks to queue
[2024-11-18T20:58:50.254+0500] {logging_mixin.py:190} INFO - [2024-11-18T20:58:50.254+0500] {dagbag.py:588} INFO - Filling up the DagBag from /home/AtlasRise/airflow/airflow_env/lib/python3.12/site-packages/airflow/example_dags/subdags/subdag.py
[2024-11-18T20:58:50.257+0500] {processor.py:927} WARNING - No viable dags retrieved from /home/AtlasRise/airflow/airflow_env/lib/python3.12/site-packages/airflow/example_dags/subdags/subdag.py
[2024-11-18T20:58:50.273+0500] {processor.py:208} INFO - Processing /home/AtlasRise/airflow/airflow_env/lib/python3.12/site-packages/airflow/example_dags/subdags/subdag.py took 0.033 seconds
[2024-11-18T20:59:24.180+0500] {processor.py:186} INFO - Started process (PID=20521) to work on /home/AtlasRise/airflow/airflow_env/lib/python3.12/site-packages/airflow/example_dags/subdags/subdag.py
[2024-11-18T20:59:24.183+0500] {processor.py:914} INFO - Processing file /home/AtlasRise/airflow/airflow_env/lib/python3.12/site-packages/airflow/example_dags/subdags/subdag.py for tasks to queue
[2024-11-18T20:59:24.187+0500] {logging_mixin.py:190} INFO - [2024-11-18T20:59:24.185+0500] {dagbag.py:588} INFO - Filling up the DagBag from /home/AtlasRise/airflow/airflow_env/lib/python3.12/site-packages/airflow/example_dags/subdags/subdag.py
[2024-11-18T20:59:24.192+0500] {processor.py:927} WARNING - No viable dags retrieved from /home/AtlasRise/airflow/airflow_env/lib/python3.12/site-packages/airflow/example_dags/subdags/subdag.py
[2024-11-18T20:59:24.210+0500] {processor.py:208} INFO - Processing /home/AtlasRise/airflow/airflow_env/lib/python3.12/site-packages/airflow/example_dags/subdags/subdag.py took 0.038 seconds
[2024-11-18T21:00:02.152+0500] {processor.py:186} INFO - Started process (PID=20563) to work on /home/AtlasRise/airflow/airflow_env/lib/python3.12/site-packages/airflow/example_dags/subdags/subdag.py
[2024-11-18T21:00:02.155+0500] {processor.py:914} INFO - Processing file /home/AtlasRise/airflow/airflow_env/lib/python3.12/site-packages/airflow/example_dags/subdags/subdag.py for tasks to queue
[2024-11-18T21:00:02.158+0500] {logging_mixin.py:190} INFO - [2024-11-18T21:00:02.158+0500] {dagbag.py:588} INFO - Filling up the DagBag from /home/AtlasRise/airflow/airflow_env/lib/python3.12/site-packages/airflow/example_dags/subdags/subdag.py
[2024-11-18T21:00:02.161+0500] {processor.py:927} WARNING - No viable dags retrieved from /home/AtlasRise/airflow/airflow_env/lib/python3.12/site-packages/airflow/example_dags/subdags/subdag.py
[2024-11-18T21:00:02.178+0500] {processor.py:208} INFO - Processing /home/AtlasRise/airflow/airflow_env/lib/python3.12/site-packages/airflow/example_dags/subdags/subdag.py took 0.034 seconds
[2024-11-18T21:00:38.653+0500] {processor.py:186} INFO - Started process (PID=20600) to work on /home/AtlasRise/airflow/airflow_env/lib/python3.12/site-packages/airflow/example_dags/subdags/subdag.py
[2024-11-18T21:00:38.655+0500] {processor.py:914} INFO - Processing file /home/AtlasRise/airflow/airflow_env/lib/python3.12/site-packages/airflow/example_dags/subdags/subdag.py for tasks to queue
[2024-11-18T21:00:38.658+0500] {logging_mixin.py:190} INFO - [2024-11-18T21:00:38.658+0500] {dagbag.py:588} INFO - Filling up the DagBag from /home/AtlasRise/airflow/airflow_env/lib/python3.12/site-packages/airflow/example_dags/subdags/subdag.py
[2024-11-18T21:00:38.661+0500] {processor.py:927} WARNING - No viable dags retrieved from /home/AtlasRise/airflow/airflow_env/lib/python3.12/site-packages/airflow/example_dags/subdags/subdag.py
[2024-11-18T21:00:38.676+0500] {processor.py:208} INFO - Processing /home/AtlasRise/airflow/airflow_env/lib/python3.12/site-packages/airflow/example_dags/subdags/subdag.py took 0.032 seconds
[2024-11-18T21:01:11.904+0500] {processor.py:186} INFO - Started process (PID=20646) to work on /home/AtlasRise/airflow/airflow_env/lib/python3.12/site-packages/airflow/example_dags/subdags/subdag.py
[2024-11-18T21:01:11.906+0500] {processor.py:914} INFO - Processing file /home/AtlasRise/airflow/airflow_env/lib/python3.12/site-packages/airflow/example_dags/subdags/subdag.py for tasks to queue
[2024-11-18T21:01:11.909+0500] {logging_mixin.py:190} INFO - [2024-11-18T21:01:11.908+0500] {dagbag.py:588} INFO - Filling up the DagBag from /home/AtlasRise/airflow/airflow_env/lib/python3.12/site-packages/airflow/example_dags/subdags/subdag.py
[2024-11-18T21:01:11.912+0500] {processor.py:927} WARNING - No viable dags retrieved from /home/AtlasRise/airflow/airflow_env/lib/python3.12/site-packages/airflow/example_dags/subdags/subdag.py
[2024-11-18T21:01:11.928+0500] {processor.py:208} INFO - Processing /home/AtlasRise/airflow/airflow_env/lib/python3.12/site-packages/airflow/example_dags/subdags/subdag.py took 0.033 seconds
[2024-11-18T21:01:43.899+0500] {processor.py:186} INFO - Started process (PID=20683) to work on /home/AtlasRise/airflow/airflow_env/lib/python3.12/site-packages/airflow/example_dags/subdags/subdag.py
[2024-11-18T21:01:43.902+0500] {processor.py:914} INFO - Processing file /home/AtlasRise/airflow/airflow_env/lib/python3.12/site-packages/airflow/example_dags/subdags/subdag.py for tasks to queue
[2024-11-18T21:01:43.905+0500] {logging_mixin.py:190} INFO - [2024-11-18T21:01:43.905+0500] {dagbag.py:588} INFO - Filling up the DagBag from /home/AtlasRise/airflow/airflow_env/lib/python3.12/site-packages/airflow/example_dags/subdags/subdag.py
[2024-11-18T21:01:43.908+0500] {processor.py:927} WARNING - No viable dags retrieved from /home/AtlasRise/airflow/airflow_env/lib/python3.12/site-packages/airflow/example_dags/subdags/subdag.py
[2024-11-18T21:01:43.923+0500] {processor.py:208} INFO - Processing /home/AtlasRise/airflow/airflow_env/lib/python3.12/site-packages/airflow/example_dags/subdags/subdag.py took 0.032 seconds
[2024-11-18T21:02:19.335+0500] {processor.py:186} INFO - Started process (PID=20716) to work on /home/AtlasRise/airflow/airflow_env/lib/python3.12/site-packages/airflow/example_dags/subdags/subdag.py
[2024-11-18T21:02:19.338+0500] {processor.py:914} INFO - Processing file /home/AtlasRise/airflow/airflow_env/lib/python3.12/site-packages/airflow/example_dags/subdags/subdag.py for tasks to queue
[2024-11-18T21:02:19.341+0500] {logging_mixin.py:190} INFO - [2024-11-18T21:02:19.341+0500] {dagbag.py:588} INFO - Filling up the DagBag from /home/AtlasRise/airflow/airflow_env/lib/python3.12/site-packages/airflow/example_dags/subdags/subdag.py
[2024-11-18T21:02:19.345+0500] {processor.py:927} WARNING - No viable dags retrieved from /home/AtlasRise/airflow/airflow_env/lib/python3.12/site-packages/airflow/example_dags/subdags/subdag.py
[2024-11-18T21:02:19.362+0500] {processor.py:208} INFO - Processing /home/AtlasRise/airflow/airflow_env/lib/python3.12/site-packages/airflow/example_dags/subdags/subdag.py took 0.037 seconds
[2024-11-18T21:02:56.491+0500] {processor.py:186} INFO - Started process (PID=20754) to work on /home/AtlasRise/airflow/airflow_env/lib/python3.12/site-packages/airflow/example_dags/subdags/subdag.py
[2024-11-18T21:02:56.493+0500] {processor.py:914} INFO - Processing file /home/AtlasRise/airflow/airflow_env/lib/python3.12/site-packages/airflow/example_dags/subdags/subdag.py for tasks to queue
[2024-11-18T21:02:56.496+0500] {logging_mixin.py:190} INFO - [2024-11-18T21:02:56.495+0500] {dagbag.py:588} INFO - Filling up the DagBag from /home/AtlasRise/airflow/airflow_env/lib/python3.12/site-packages/airflow/example_dags/subdags/subdag.py
[2024-11-18T21:02:56.499+0500] {processor.py:927} WARNING - No viable dags retrieved from /home/AtlasRise/airflow/airflow_env/lib/python3.12/site-packages/airflow/example_dags/subdags/subdag.py
[2024-11-18T21:02:56.514+0500] {processor.py:208} INFO - Processing /home/AtlasRise/airflow/airflow_env/lib/python3.12/site-packages/airflow/example_dags/subdags/subdag.py took 0.032 seconds
[2024-11-18T21:03:32.110+0500] {processor.py:186} INFO - Started process (PID=20793) to work on /home/AtlasRise/airflow/airflow_env/lib/python3.12/site-packages/airflow/example_dags/subdags/subdag.py
[2024-11-18T21:03:32.112+0500] {processor.py:914} INFO - Processing file /home/AtlasRise/airflow/airflow_env/lib/python3.12/site-packages/airflow/example_dags/subdags/subdag.py for tasks to queue
[2024-11-18T21:03:32.115+0500] {logging_mixin.py:190} INFO - [2024-11-18T21:03:32.115+0500] {dagbag.py:588} INFO - Filling up the DagBag from /home/AtlasRise/airflow/airflow_env/lib/python3.12/site-packages/airflow/example_dags/subdags/subdag.py
[2024-11-18T21:03:32.119+0500] {processor.py:927} WARNING - No viable dags retrieved from /home/AtlasRise/airflow/airflow_env/lib/python3.12/site-packages/airflow/example_dags/subdags/subdag.py
[2024-11-18T21:03:32.136+0500] {processor.py:208} INFO - Processing /home/AtlasRise/airflow/airflow_env/lib/python3.12/site-packages/airflow/example_dags/subdags/subdag.py took 0.037 seconds
[2024-11-18T21:04:05.587+0500] {processor.py:186} INFO - Started process (PID=20840) to work on /home/AtlasRise/airflow/airflow_env/lib/python3.12/site-packages/airflow/example_dags/subdags/subdag.py
[2024-11-18T21:04:05.588+0500] {processor.py:914} INFO - Processing file /home/AtlasRise/airflow/airflow_env/lib/python3.12/site-packages/airflow/example_dags/subdags/subdag.py for tasks to queue
[2024-11-18T21:04:05.591+0500] {logging_mixin.py:190} INFO - [2024-11-18T21:04:05.590+0500] {dagbag.py:588} INFO - Filling up the DagBag from /home/AtlasRise/airflow/airflow_env/lib/python3.12/site-packages/airflow/example_dags/subdags/subdag.py
[2024-11-18T21:04:05.594+0500] {processor.py:927} WARNING - No viable dags retrieved from /home/AtlasRise/airflow/airflow_env/lib/python3.12/site-packages/airflow/example_dags/subdags/subdag.py
[2024-11-18T21:04:05.610+0500] {processor.py:208} INFO - Processing /home/AtlasRise/airflow/airflow_env/lib/python3.12/site-packages/airflow/example_dags/subdags/subdag.py took 0.032 seconds
[2024-11-18T21:04:37.210+0500] {processor.py:186} INFO - Started process (PID=20893) to work on /home/AtlasRise/airflow/airflow_env/lib/python3.12/site-packages/airflow/example_dags/subdags/subdag.py
[2024-11-18T21:04:37.265+0500] {processor.py:914} INFO - Processing file /home/AtlasRise/airflow/airflow_env/lib/python3.12/site-packages/airflow/example_dags/subdags/subdag.py for tasks to queue
[2024-11-18T21:04:37.268+0500] {logging_mixin.py:190} INFO - [2024-11-18T21:04:37.267+0500] {dagbag.py:588} INFO - Filling up the DagBag from /home/AtlasRise/airflow/airflow_env/lib/python3.12/site-packages/airflow/example_dags/subdags/subdag.py
[2024-11-18T21:04:37.271+0500] {processor.py:927} WARNING - No viable dags retrieved from /home/AtlasRise/airflow/airflow_env/lib/python3.12/site-packages/airflow/example_dags/subdags/subdag.py
[2024-11-18T21:04:37.287+0500] {processor.py:208} INFO - Processing /home/AtlasRise/airflow/airflow_env/lib/python3.12/site-packages/airflow/example_dags/subdags/subdag.py took 0.085 seconds
[2024-11-18T21:05:10.917+0500] {processor.py:186} INFO - Started process (PID=20925) to work on /home/AtlasRise/airflow/airflow_env/lib/python3.12/site-packages/airflow/example_dags/subdags/subdag.py
[2024-11-18T21:05:10.918+0500] {processor.py:914} INFO - Processing file /home/AtlasRise/airflow/airflow_env/lib/python3.12/site-packages/airflow/example_dags/subdags/subdag.py for tasks to queue
[2024-11-18T21:05:10.921+0500] {logging_mixin.py:190} INFO - [2024-11-18T21:05:10.920+0500] {dagbag.py:588} INFO - Filling up the DagBag from /home/AtlasRise/airflow/airflow_env/lib/python3.12/site-packages/airflow/example_dags/subdags/subdag.py
[2024-11-18T21:05:10.924+0500] {processor.py:927} WARNING - No viable dags retrieved from /home/AtlasRise/airflow/airflow_env/lib/python3.12/site-packages/airflow/example_dags/subdags/subdag.py
[2024-11-18T21:05:10.941+0500] {processor.py:208} INFO - Processing /home/AtlasRise/airflow/airflow_env/lib/python3.12/site-packages/airflow/example_dags/subdags/subdag.py took 0.032 seconds
[2024-11-18T21:05:43.990+0500] {processor.py:186} INFO - Started process (PID=20978) to work on /home/AtlasRise/airflow/airflow_env/lib/python3.12/site-packages/airflow/example_dags/subdags/subdag.py
[2024-11-18T21:05:43.992+0500] {processor.py:914} INFO - Processing file /home/AtlasRise/airflow/airflow_env/lib/python3.12/site-packages/airflow/example_dags/subdags/subdag.py for tasks to queue
[2024-11-18T21:05:43.996+0500] {logging_mixin.py:190} INFO - [2024-11-18T21:05:43.996+0500] {dagbag.py:588} INFO - Filling up the DagBag from /home/AtlasRise/airflow/airflow_env/lib/python3.12/site-packages/airflow/example_dags/subdags/subdag.py
[2024-11-18T21:05:44.000+0500] {processor.py:927} WARNING - No viable dags retrieved from /home/AtlasRise/airflow/airflow_env/lib/python3.12/site-packages/airflow/example_dags/subdags/subdag.py
[2024-11-18T21:05:44.018+0500] {processor.py:208} INFO - Processing /home/AtlasRise/airflow/airflow_env/lib/python3.12/site-packages/airflow/example_dags/subdags/subdag.py took 0.038 seconds
[2024-11-18T21:06:17.655+0500] {processor.py:186} INFO - Started process (PID=21009) to work on /home/AtlasRise/airflow/airflow_env/lib/python3.12/site-packages/airflow/example_dags/subdags/subdag.py
[2024-11-18T21:06:17.658+0500] {processor.py:914} INFO - Processing file /home/AtlasRise/airflow/airflow_env/lib/python3.12/site-packages/airflow/example_dags/subdags/subdag.py for tasks to queue
[2024-11-18T21:06:17.661+0500] {logging_mixin.py:190} INFO - [2024-11-18T21:06:17.661+0500] {dagbag.py:588} INFO - Filling up the DagBag from /home/AtlasRise/airflow/airflow_env/lib/python3.12/site-packages/airflow/example_dags/subdags/subdag.py
[2024-11-18T21:06:17.664+0500] {processor.py:927} WARNING - No viable dags retrieved from /home/AtlasRise/airflow/airflow_env/lib/python3.12/site-packages/airflow/example_dags/subdags/subdag.py
[2024-11-18T21:06:17.679+0500] {processor.py:208} INFO - Processing /home/AtlasRise/airflow/airflow_env/lib/python3.12/site-packages/airflow/example_dags/subdags/subdag.py took 0.032 seconds
[2024-11-18T21:06:58.675+0500] {processor.py:186} INFO - Started process (PID=21066) to work on /home/AtlasRise/airflow/airflow_env/lib/python3.12/site-packages/airflow/example_dags/subdags/subdag.py
[2024-11-18T21:06:58.677+0500] {processor.py:914} INFO - Processing file /home/AtlasRise/airflow/airflow_env/lib/python3.12/site-packages/airflow/example_dags/subdags/subdag.py for tasks to queue
[2024-11-18T21:06:58.680+0500] {logging_mixin.py:190} INFO - [2024-11-18T21:06:58.679+0500] {dagbag.py:588} INFO - Filling up the DagBag from /home/AtlasRise/airflow/airflow_env/lib/python3.12/site-packages/airflow/example_dags/subdags/subdag.py
[2024-11-18T21:06:58.685+0500] {processor.py:927} WARNING - No viable dags retrieved from /home/AtlasRise/airflow/airflow_env/lib/python3.12/site-packages/airflow/example_dags/subdags/subdag.py
[2024-11-18T21:06:58.706+0500] {processor.py:208} INFO - Processing /home/AtlasRise/airflow/airflow_env/lib/python3.12/site-packages/airflow/example_dags/subdags/subdag.py took 0.053 seconds
[2024-11-18T21:07:38.906+0500] {processor.py:186} INFO - Started process (PID=21113) to work on /home/AtlasRise/airflow/airflow_env/lib/python3.12/site-packages/airflow/example_dags/subdags/subdag.py
[2024-11-18T21:07:38.907+0500] {processor.py:914} INFO - Processing file /home/AtlasRise/airflow/airflow_env/lib/python3.12/site-packages/airflow/example_dags/subdags/subdag.py for tasks to queue
[2024-11-18T21:07:38.910+0500] {logging_mixin.py:190} INFO - [2024-11-18T21:07:38.910+0500] {dagbag.py:588} INFO - Filling up the DagBag from /home/AtlasRise/airflow/airflow_env/lib/python3.12/site-packages/airflow/example_dags/subdags/subdag.py
[2024-11-18T21:07:38.913+0500] {processor.py:927} WARNING - No viable dags retrieved from /home/AtlasRise/airflow/airflow_env/lib/python3.12/site-packages/airflow/example_dags/subdags/subdag.py
[2024-11-18T21:07:38.929+0500] {processor.py:208} INFO - Processing /home/AtlasRise/airflow/airflow_env/lib/python3.12/site-packages/airflow/example_dags/subdags/subdag.py took 0.036 seconds
[2024-11-18T21:08:12.886+0500] {processor.py:186} INFO - Started process (PID=21147) to work on /home/AtlasRise/airflow/airflow_env/lib/python3.12/site-packages/airflow/example_dags/subdags/subdag.py
[2024-11-18T21:08:12.887+0500] {processor.py:914} INFO - Processing file /home/AtlasRise/airflow/airflow_env/lib/python3.12/site-packages/airflow/example_dags/subdags/subdag.py for tasks to queue
[2024-11-18T21:08:12.890+0500] {logging_mixin.py:190} INFO - [2024-11-18T21:08:12.890+0500] {dagbag.py:588} INFO - Filling up the DagBag from /home/AtlasRise/airflow/airflow_env/lib/python3.12/site-packages/airflow/example_dags/subdags/subdag.py
[2024-11-18T21:08:12.893+0500] {processor.py:927} WARNING - No viable dags retrieved from /home/AtlasRise/airflow/airflow_env/lib/python3.12/site-packages/airflow/example_dags/subdags/subdag.py
[2024-11-18T21:08:12.909+0500] {processor.py:208} INFO - Processing /home/AtlasRise/airflow/airflow_env/lib/python3.12/site-packages/airflow/example_dags/subdags/subdag.py took 0.031 seconds
[2024-11-18T21:08:46.879+0500] {processor.py:186} INFO - Started process (PID=21182) to work on /home/AtlasRise/airflow/airflow_env/lib/python3.12/site-packages/airflow/example_dags/subdags/subdag.py
[2024-11-18T21:08:46.882+0500] {processor.py:914} INFO - Processing file /home/AtlasRise/airflow/airflow_env/lib/python3.12/site-packages/airflow/example_dags/subdags/subdag.py for tasks to queue
[2024-11-18T21:08:46.885+0500] {logging_mixin.py:190} INFO - [2024-11-18T21:08:46.884+0500] {dagbag.py:588} INFO - Filling up the DagBag from /home/AtlasRise/airflow/airflow_env/lib/python3.12/site-packages/airflow/example_dags/subdags/subdag.py
[2024-11-18T21:08:46.888+0500] {processor.py:927} WARNING - No viable dags retrieved from /home/AtlasRise/airflow/airflow_env/lib/python3.12/site-packages/airflow/example_dags/subdags/subdag.py
[2024-11-18T21:08:46.906+0500] {processor.py:208} INFO - Processing /home/AtlasRise/airflow/airflow_env/lib/python3.12/site-packages/airflow/example_dags/subdags/subdag.py took 0.037 seconds
[2024-11-18T21:09:19.798+0500] {processor.py:186} INFO - Started process (PID=21233) to work on /home/AtlasRise/airflow/airflow_env/lib/python3.12/site-packages/airflow/example_dags/subdags/subdag.py
[2024-11-18T21:09:19.800+0500] {processor.py:914} INFO - Processing file /home/AtlasRise/airflow/airflow_env/lib/python3.12/site-packages/airflow/example_dags/subdags/subdag.py for tasks to queue
[2024-11-18T21:09:19.802+0500] {logging_mixin.py:190} INFO - [2024-11-18T21:09:19.802+0500] {dagbag.py:588} INFO - Filling up the DagBag from /home/AtlasRise/airflow/airflow_env/lib/python3.12/site-packages/airflow/example_dags/subdags/subdag.py
[2024-11-18T21:09:19.806+0500] {processor.py:927} WARNING - No viable dags retrieved from /home/AtlasRise/airflow/airflow_env/lib/python3.12/site-packages/airflow/example_dags/subdags/subdag.py
[2024-11-18T21:09:19.822+0500] {processor.py:208} INFO - Processing /home/AtlasRise/airflow/airflow_env/lib/python3.12/site-packages/airflow/example_dags/subdags/subdag.py took 0.032 seconds
[2024-11-18T21:09:55.356+0500] {processor.py:186} INFO - Started process (PID=21294) to work on /home/AtlasRise/airflow/airflow_env/lib/python3.12/site-packages/airflow/example_dags/subdags/subdag.py
[2024-11-18T21:09:55.358+0500] {processor.py:914} INFO - Processing file /home/AtlasRise/airflow/airflow_env/lib/python3.12/site-packages/airflow/example_dags/subdags/subdag.py for tasks to queue
[2024-11-18T21:09:55.361+0500] {logging_mixin.py:190} INFO - [2024-11-18T21:09:55.361+0500] {dagbag.py:588} INFO - Filling up the DagBag from /home/AtlasRise/airflow/airflow_env/lib/python3.12/site-packages/airflow/example_dags/subdags/subdag.py
[2024-11-18T21:09:55.365+0500] {processor.py:927} WARNING - No viable dags retrieved from /home/AtlasRise/airflow/airflow_env/lib/python3.12/site-packages/airflow/example_dags/subdags/subdag.py
[2024-11-18T21:09:55.380+0500] {processor.py:208} INFO - Processing /home/AtlasRise/airflow/airflow_env/lib/python3.12/site-packages/airflow/example_dags/subdags/subdag.py took 0.032 seconds
[2024-11-18T21:10:28.657+0500] {processor.py:186} INFO - Started process (PID=21328) to work on /home/AtlasRise/airflow/airflow_env/lib/python3.12/site-packages/airflow/example_dags/subdags/subdag.py
[2024-11-18T21:10:28.659+0500] {processor.py:914} INFO - Processing file /home/AtlasRise/airflow/airflow_env/lib/python3.12/site-packages/airflow/example_dags/subdags/subdag.py for tasks to queue
[2024-11-18T21:10:28.666+0500] {logging_mixin.py:190} INFO - [2024-11-18T21:10:28.663+0500] {dagbag.py:588} INFO - Filling up the DagBag from /home/AtlasRise/airflow/airflow_env/lib/python3.12/site-packages/airflow/example_dags/subdags/subdag.py
[2024-11-18T21:10:28.670+0500] {processor.py:927} WARNING - No viable dags retrieved from /home/AtlasRise/airflow/airflow_env/lib/python3.12/site-packages/airflow/example_dags/subdags/subdag.py
[2024-11-18T21:10:28.691+0500] {processor.py:208} INFO - Processing /home/AtlasRise/airflow/airflow_env/lib/python3.12/site-packages/airflow/example_dags/subdags/subdag.py took 0.043 seconds
[2024-11-18T21:11:08.650+0500] {processor.py:186} INFO - Started process (PID=21400) to work on /home/AtlasRise/airflow/airflow_env/lib/python3.12/site-packages/airflow/example_dags/subdags/subdag.py
[2024-11-18T21:11:08.652+0500] {processor.py:914} INFO - Processing file /home/AtlasRise/airflow/airflow_env/lib/python3.12/site-packages/airflow/example_dags/subdags/subdag.py for tasks to queue
[2024-11-18T21:11:08.655+0500] {logging_mixin.py:190} INFO - [2024-11-18T21:11:08.654+0500] {dagbag.py:588} INFO - Filling up the DagBag from /home/AtlasRise/airflow/airflow_env/lib/python3.12/site-packages/airflow/example_dags/subdags/subdag.py
[2024-11-18T21:11:08.658+0500] {processor.py:927} WARNING - No viable dags retrieved from /home/AtlasRise/airflow/airflow_env/lib/python3.12/site-packages/airflow/example_dags/subdags/subdag.py
[2024-11-18T21:11:08.673+0500] {processor.py:208} INFO - Processing /home/AtlasRise/airflow/airflow_env/lib/python3.12/site-packages/airflow/example_dags/subdags/subdag.py took 0.032 seconds
[2024-11-18T21:11:51.700+0500] {processor.py:186} INFO - Started process (PID=21469) to work on /home/AtlasRise/airflow/airflow_env/lib/python3.12/site-packages/airflow/example_dags/subdags/subdag.py
[2024-11-18T21:11:51.701+0500] {processor.py:914} INFO - Processing file /home/AtlasRise/airflow/airflow_env/lib/python3.12/site-packages/airflow/example_dags/subdags/subdag.py for tasks to queue
[2024-11-18T21:11:51.704+0500] {logging_mixin.py:190} INFO - [2024-11-18T21:11:51.704+0500] {dagbag.py:588} INFO - Filling up the DagBag from /home/AtlasRise/airflow/airflow_env/lib/python3.12/site-packages/airflow/example_dags/subdags/subdag.py
[2024-11-18T21:11:51.707+0500] {processor.py:927} WARNING - No viable dags retrieved from /home/AtlasRise/airflow/airflow_env/lib/python3.12/site-packages/airflow/example_dags/subdags/subdag.py
[2024-11-18T21:11:51.724+0500] {processor.py:208} INFO - Processing /home/AtlasRise/airflow/airflow_env/lib/python3.12/site-packages/airflow/example_dags/subdags/subdag.py took 0.033 seconds
[2024-11-18T21:12:45.960+0500] {processor.py:186} INFO - Started process (PID=21545) to work on /home/AtlasRise/airflow/airflow_env/lib/python3.12/site-packages/airflow/example_dags/subdags/subdag.py
[2024-11-18T21:12:45.962+0500] {processor.py:914} INFO - Processing file /home/AtlasRise/airflow/airflow_env/lib/python3.12/site-packages/airflow/example_dags/subdags/subdag.py for tasks to queue
[2024-11-18T21:12:45.966+0500] {logging_mixin.py:190} INFO - [2024-11-18T21:12:45.965+0500] {dagbag.py:588} INFO - Filling up the DagBag from /home/AtlasRise/airflow/airflow_env/lib/python3.12/site-packages/airflow/example_dags/subdags/subdag.py
[2024-11-18T21:12:45.970+0500] {processor.py:927} WARNING - No viable dags retrieved from /home/AtlasRise/airflow/airflow_env/lib/python3.12/site-packages/airflow/example_dags/subdags/subdag.py
[2024-11-18T21:12:45.987+0500] {processor.py:208} INFO - Processing /home/AtlasRise/airflow/airflow_env/lib/python3.12/site-packages/airflow/example_dags/subdags/subdag.py took 0.036 seconds
[2024-11-18T21:13:45.877+0500] {processor.py:186} INFO - Started process (PID=21609) to work on /home/AtlasRise/airflow/airflow_env/lib/python3.12/site-packages/airflow/example_dags/subdags/subdag.py
[2024-11-18T21:13:45.880+0500] {processor.py:914} INFO - Processing file /home/AtlasRise/airflow/airflow_env/lib/python3.12/site-packages/airflow/example_dags/subdags/subdag.py for tasks to queue
[2024-11-18T21:13:45.883+0500] {logging_mixin.py:190} INFO - [2024-11-18T21:13:45.882+0500] {dagbag.py:588} INFO - Filling up the DagBag from /home/AtlasRise/airflow/airflow_env/lib/python3.12/site-packages/airflow/example_dags/subdags/subdag.py
[2024-11-18T21:13:45.886+0500] {processor.py:927} WARNING - No viable dags retrieved from /home/AtlasRise/airflow/airflow_env/lib/python3.12/site-packages/airflow/example_dags/subdags/subdag.py
[2024-11-18T21:13:45.904+0500] {processor.py:208} INFO - Processing /home/AtlasRise/airflow/airflow_env/lib/python3.12/site-packages/airflow/example_dags/subdags/subdag.py took 0.035 seconds
[2024-11-18T21:14:24.908+0500] {processor.py:186} INFO - Started process (PID=21652) to work on /home/AtlasRise/airflow/airflow_env/lib/python3.12/site-packages/airflow/example_dags/subdags/subdag.py
[2024-11-18T21:14:24.910+0500] {processor.py:914} INFO - Processing file /home/AtlasRise/airflow/airflow_env/lib/python3.12/site-packages/airflow/example_dags/subdags/subdag.py for tasks to queue
[2024-11-18T21:14:24.913+0500] {logging_mixin.py:190} INFO - [2024-11-18T21:14:24.913+0500] {dagbag.py:588} INFO - Filling up the DagBag from /home/AtlasRise/airflow/airflow_env/lib/python3.12/site-packages/airflow/example_dags/subdags/subdag.py
[2024-11-18T21:14:24.916+0500] {processor.py:927} WARNING - No viable dags retrieved from /home/AtlasRise/airflow/airflow_env/lib/python3.12/site-packages/airflow/example_dags/subdags/subdag.py
[2024-11-18T21:14:24.933+0500] {processor.py:208} INFO - Processing /home/AtlasRise/airflow/airflow_env/lib/python3.12/site-packages/airflow/example_dags/subdags/subdag.py took 0.033 seconds
[2024-11-18T21:15:13.427+0500] {processor.py:186} INFO - Started process (PID=21732) to work on /home/AtlasRise/airflow/airflow_env/lib/python3.12/site-packages/airflow/example_dags/subdags/subdag.py
[2024-11-18T21:15:13.428+0500] {processor.py:914} INFO - Processing file /home/AtlasRise/airflow/airflow_env/lib/python3.12/site-packages/airflow/example_dags/subdags/subdag.py for tasks to queue
[2024-11-18T21:15:13.432+0500] {logging_mixin.py:190} INFO - [2024-11-18T21:15:13.431+0500] {dagbag.py:588} INFO - Filling up the DagBag from /home/AtlasRise/airflow/airflow_env/lib/python3.12/site-packages/airflow/example_dags/subdags/subdag.py
[2024-11-18T21:15:13.435+0500] {processor.py:927} WARNING - No viable dags retrieved from /home/AtlasRise/airflow/airflow_env/lib/python3.12/site-packages/airflow/example_dags/subdags/subdag.py
[2024-11-18T21:15:13.450+0500] {processor.py:208} INFO - Processing /home/AtlasRise/airflow/airflow_env/lib/python3.12/site-packages/airflow/example_dags/subdags/subdag.py took 0.032 seconds
[2024-11-18T21:15:59.404+0500] {processor.py:186} INFO - Started process (PID=21789) to work on /home/AtlasRise/airflow/airflow_env/lib/python3.12/site-packages/airflow/example_dags/subdags/subdag.py
[2024-11-18T21:15:59.405+0500] {processor.py:914} INFO - Processing file /home/AtlasRise/airflow/airflow_env/lib/python3.12/site-packages/airflow/example_dags/subdags/subdag.py for tasks to queue
[2024-11-18T21:15:59.408+0500] {logging_mixin.py:190} INFO - [2024-11-18T21:15:59.408+0500] {dagbag.py:588} INFO - Filling up the DagBag from /home/AtlasRise/airflow/airflow_env/lib/python3.12/site-packages/airflow/example_dags/subdags/subdag.py
[2024-11-18T21:15:59.411+0500] {processor.py:927} WARNING - No viable dags retrieved from /home/AtlasRise/airflow/airflow_env/lib/python3.12/site-packages/airflow/example_dags/subdags/subdag.py
[2024-11-18T21:15:59.427+0500] {processor.py:208} INFO - Processing /home/AtlasRise/airflow/airflow_env/lib/python3.12/site-packages/airflow/example_dags/subdags/subdag.py took 0.031 seconds
[2024-11-18T21:16:57.906+0500] {processor.py:186} INFO - Started process (PID=21884) to work on /home/AtlasRise/airflow/airflow_env/lib/python3.12/site-packages/airflow/example_dags/subdags/subdag.py
[2024-11-18T21:16:57.908+0500] {processor.py:914} INFO - Processing file /home/AtlasRise/airflow/airflow_env/lib/python3.12/site-packages/airflow/example_dags/subdags/subdag.py for tasks to queue
[2024-11-18T21:16:57.911+0500] {logging_mixin.py:190} INFO - [2024-11-18T21:16:57.910+0500] {dagbag.py:588} INFO - Filling up the DagBag from /home/AtlasRise/airflow/airflow_env/lib/python3.12/site-packages/airflow/example_dags/subdags/subdag.py
[2024-11-18T21:16:57.914+0500] {processor.py:927} WARNING - No viable dags retrieved from /home/AtlasRise/airflow/airflow_env/lib/python3.12/site-packages/airflow/example_dags/subdags/subdag.py
[2024-11-18T21:16:57.930+0500] {processor.py:208} INFO - Processing /home/AtlasRise/airflow/airflow_env/lib/python3.12/site-packages/airflow/example_dags/subdags/subdag.py took 0.032 seconds
[2024-11-18T21:17:49.071+0500] {processor.py:186} INFO - Started process (PID=21947) to work on /home/AtlasRise/airflow/airflow_env/lib/python3.12/site-packages/airflow/example_dags/subdags/subdag.py
[2024-11-18T21:17:49.074+0500] {processor.py:914} INFO - Processing file /home/AtlasRise/airflow/airflow_env/lib/python3.12/site-packages/airflow/example_dags/subdags/subdag.py for tasks to queue
[2024-11-18T21:17:49.077+0500] {logging_mixin.py:190} INFO - [2024-11-18T21:17:49.076+0500] {dagbag.py:588} INFO - Filling up the DagBag from /home/AtlasRise/airflow/airflow_env/lib/python3.12/site-packages/airflow/example_dags/subdags/subdag.py
[2024-11-18T21:17:49.080+0500] {processor.py:927} WARNING - No viable dags retrieved from /home/AtlasRise/airflow/airflow_env/lib/python3.12/site-packages/airflow/example_dags/subdags/subdag.py
[2024-11-18T21:17:49.098+0500] {processor.py:208} INFO - Processing /home/AtlasRise/airflow/airflow_env/lib/python3.12/site-packages/airflow/example_dags/subdags/subdag.py took 0.035 seconds
[2024-11-18T21:18:42.954+0500] {processor.py:186} INFO - Started process (PID=22027) to work on /home/AtlasRise/airflow/airflow_env/lib/python3.12/site-packages/airflow/example_dags/subdags/subdag.py
[2024-11-18T21:18:42.955+0500] {processor.py:914} INFO - Processing file /home/AtlasRise/airflow/airflow_env/lib/python3.12/site-packages/airflow/example_dags/subdags/subdag.py for tasks to queue
[2024-11-18T21:18:42.960+0500] {logging_mixin.py:190} INFO - [2024-11-18T21:18:42.959+0500] {dagbag.py:588} INFO - Filling up the DagBag from /home/AtlasRise/airflow/airflow_env/lib/python3.12/site-packages/airflow/example_dags/subdags/subdag.py
[2024-11-18T21:18:42.963+0500] {processor.py:927} WARNING - No viable dags retrieved from /home/AtlasRise/airflow/airflow_env/lib/python3.12/site-packages/airflow/example_dags/subdags/subdag.py
[2024-11-18T21:18:42.979+0500] {processor.py:208} INFO - Processing /home/AtlasRise/airflow/airflow_env/lib/python3.12/site-packages/airflow/example_dags/subdags/subdag.py took 0.034 seconds
[2024-11-18T21:19:40.952+0500] {processor.py:186} INFO - Started process (PID=22106) to work on /home/AtlasRise/airflow/airflow_env/lib/python3.12/site-packages/airflow/example_dags/subdags/subdag.py
[2024-11-18T21:19:40.954+0500] {processor.py:914} INFO - Processing file /home/AtlasRise/airflow/airflow_env/lib/python3.12/site-packages/airflow/example_dags/subdags/subdag.py for tasks to queue
[2024-11-18T21:19:40.958+0500] {logging_mixin.py:190} INFO - [2024-11-18T21:19:40.957+0500] {dagbag.py:588} INFO - Filling up the DagBag from /home/AtlasRise/airflow/airflow_env/lib/python3.12/site-packages/airflow/example_dags/subdags/subdag.py
[2024-11-18T21:19:40.961+0500] {processor.py:927} WARNING - No viable dags retrieved from /home/AtlasRise/airflow/airflow_env/lib/python3.12/site-packages/airflow/example_dags/subdags/subdag.py
[2024-11-18T21:19:40.975+0500] {processor.py:208} INFO - Processing /home/AtlasRise/airflow/airflow_env/lib/python3.12/site-packages/airflow/example_dags/subdags/subdag.py took 0.032 seconds
[2024-11-18T21:20:23.034+0500] {processor.py:186} INFO - Started process (PID=22151) to work on /home/AtlasRise/airflow/airflow_env/lib/python3.12/site-packages/airflow/example_dags/subdags/subdag.py
[2024-11-18T21:20:23.035+0500] {processor.py:914} INFO - Processing file /home/AtlasRise/airflow/airflow_env/lib/python3.12/site-packages/airflow/example_dags/subdags/subdag.py for tasks to queue
[2024-11-18T21:20:23.038+0500] {logging_mixin.py:190} INFO - [2024-11-18T21:20:23.038+0500] {dagbag.py:588} INFO - Filling up the DagBag from /home/AtlasRise/airflow/airflow_env/lib/python3.12/site-packages/airflow/example_dags/subdags/subdag.py
[2024-11-18T21:20:23.041+0500] {processor.py:927} WARNING - No viable dags retrieved from /home/AtlasRise/airflow/airflow_env/lib/python3.12/site-packages/airflow/example_dags/subdags/subdag.py
[2024-11-18T21:20:23.058+0500] {processor.py:208} INFO - Processing /home/AtlasRise/airflow/airflow_env/lib/python3.12/site-packages/airflow/example_dags/subdags/subdag.py took 0.032 seconds
[2024-11-18T21:20:57.481+0500] {processor.py:186} INFO - Started process (PID=22207) to work on /home/AtlasRise/airflow/airflow_env/lib/python3.12/site-packages/airflow/example_dags/subdags/subdag.py
[2024-11-18T21:20:57.483+0500] {processor.py:914} INFO - Processing file /home/AtlasRise/airflow/airflow_env/lib/python3.12/site-packages/airflow/example_dags/subdags/subdag.py for tasks to queue
[2024-11-18T21:20:57.485+0500] {logging_mixin.py:190} INFO - [2024-11-18T21:20:57.485+0500] {dagbag.py:588} INFO - Filling up the DagBag from /home/AtlasRise/airflow/airflow_env/lib/python3.12/site-packages/airflow/example_dags/subdags/subdag.py
[2024-11-18T21:20:57.489+0500] {processor.py:927} WARNING - No viable dags retrieved from /home/AtlasRise/airflow/airflow_env/lib/python3.12/site-packages/airflow/example_dags/subdags/subdag.py
[2024-11-18T21:20:57.505+0500] {processor.py:208} INFO - Processing /home/AtlasRise/airflow/airflow_env/lib/python3.12/site-packages/airflow/example_dags/subdags/subdag.py took 0.032 seconds
[2024-11-18T21:21:33.864+0500] {processor.py:186} INFO - Started process (PID=22245) to work on /home/AtlasRise/airflow/airflow_env/lib/python3.12/site-packages/airflow/example_dags/subdags/subdag.py
[2024-11-18T21:21:33.865+0500] {processor.py:914} INFO - Processing file /home/AtlasRise/airflow/airflow_env/lib/python3.12/site-packages/airflow/example_dags/subdags/subdag.py for tasks to queue
[2024-11-18T21:21:33.868+0500] {logging_mixin.py:190} INFO - [2024-11-18T21:21:33.868+0500] {dagbag.py:588} INFO - Filling up the DagBag from /home/AtlasRise/airflow/airflow_env/lib/python3.12/site-packages/airflow/example_dags/subdags/subdag.py
[2024-11-18T21:21:33.871+0500] {processor.py:927} WARNING - No viable dags retrieved from /home/AtlasRise/airflow/airflow_env/lib/python3.12/site-packages/airflow/example_dags/subdags/subdag.py
[2024-11-18T21:21:33.887+0500] {processor.py:208} INFO - Processing /home/AtlasRise/airflow/airflow_env/lib/python3.12/site-packages/airflow/example_dags/subdags/subdag.py took 0.032 seconds
[2024-11-18T21:22:11.484+0500] {processor.py:186} INFO - Started process (PID=22289) to work on /home/AtlasRise/airflow/airflow_env/lib/python3.12/site-packages/airflow/example_dags/subdags/subdag.py
[2024-11-18T21:22:11.487+0500] {processor.py:914} INFO - Processing file /home/AtlasRise/airflow/airflow_env/lib/python3.12/site-packages/airflow/example_dags/subdags/subdag.py for tasks to queue
[2024-11-18T21:22:11.490+0500] {logging_mixin.py:190} INFO - [2024-11-18T21:22:11.489+0500] {dagbag.py:588} INFO - Filling up the DagBag from /home/AtlasRise/airflow/airflow_env/lib/python3.12/site-packages/airflow/example_dags/subdags/subdag.py
[2024-11-18T21:22:11.493+0500] {processor.py:927} WARNING - No viable dags retrieved from /home/AtlasRise/airflow/airflow_env/lib/python3.12/site-packages/airflow/example_dags/subdags/subdag.py
[2024-11-18T21:22:11.508+0500] {processor.py:208} INFO - Processing /home/AtlasRise/airflow/airflow_env/lib/python3.12/site-packages/airflow/example_dags/subdags/subdag.py took 0.032 seconds
[2024-11-18T21:22:44.146+0500] {processor.py:186} INFO - Started process (PID=22322) to work on /home/AtlasRise/airflow/airflow_env/lib/python3.12/site-packages/airflow/example_dags/subdags/subdag.py
[2024-11-18T21:22:44.148+0500] {processor.py:914} INFO - Processing file /home/AtlasRise/airflow/airflow_env/lib/python3.12/site-packages/airflow/example_dags/subdags/subdag.py for tasks to queue
[2024-11-18T21:22:44.151+0500] {logging_mixin.py:190} INFO - [2024-11-18T21:22:44.151+0500] {dagbag.py:588} INFO - Filling up the DagBag from /home/AtlasRise/airflow/airflow_env/lib/python3.12/site-packages/airflow/example_dags/subdags/subdag.py
[2024-11-18T21:22:44.155+0500] {processor.py:927} WARNING - No viable dags retrieved from /home/AtlasRise/airflow/airflow_env/lib/python3.12/site-packages/airflow/example_dags/subdags/subdag.py
[2024-11-18T21:22:44.173+0500] {processor.py:208} INFO - Processing /home/AtlasRise/airflow/airflow_env/lib/python3.12/site-packages/airflow/example_dags/subdags/subdag.py took 0.037 seconds
