[2024-11-18T20:40:18.801+0500] {processor.py:186} INFO - Started process (PID=18897) to work on /home/AtlasRise/airflow/airflow_env/lib/python3.12/site-packages/airflow/example_dags/plugins/event_listener.py
[2024-11-18T20:40:18.802+0500] {processor.py:914} INFO - Processing file /home/AtlasRise/airflow/airflow_env/lib/python3.12/site-packages/airflow/example_dags/plugins/event_listener.py for tasks to queue
[2024-11-18T20:40:18.805+0500] {logging_mixin.py:190} INFO - [2024-11-18T20:40:18.805+0500] {dagbag.py:588} INFO - Filling up the DagBag from /home/AtlasRise/airflow/airflow_env/lib/python3.12/site-packages/airflow/example_dags/plugins/event_listener.py
[2024-11-18T20:40:18.808+0500] {processor.py:927} WARNING - No viable dags retrieved from /home/AtlasRise/airflow/airflow_env/lib/python3.12/site-packages/airflow/example_dags/plugins/event_listener.py
[2024-11-18T20:40:18.824+0500] {processor.py:208} INFO - Processing /home/AtlasRise/airflow/airflow_env/lib/python3.12/site-packages/airflow/example_dags/plugins/event_listener.py took 0.030 seconds
[2024-11-18T20:41:34.282+0500] {processor.py:186} INFO - Started process (PID=18994) to work on /home/AtlasRise/airflow/airflow_env/lib/python3.12/site-packages/airflow/example_dags/plugins/event_listener.py
[2024-11-18T20:41:34.284+0500] {processor.py:914} INFO - Processing file /home/AtlasRise/airflow/airflow_env/lib/python3.12/site-packages/airflow/example_dags/plugins/event_listener.py for tasks to queue
[2024-11-18T20:41:34.287+0500] {logging_mixin.py:190} INFO - [2024-11-18T20:41:34.286+0500] {dagbag.py:588} INFO - Filling up the DagBag from /home/AtlasRise/airflow/airflow_env/lib/python3.12/site-packages/airflow/example_dags/plugins/event_listener.py
[2024-11-18T20:41:34.291+0500] {processor.py:927} WARNING - No viable dags retrieved from /home/AtlasRise/airflow/airflow_env/lib/python3.12/site-packages/airflow/example_dags/plugins/event_listener.py
[2024-11-18T20:41:34.307+0500] {processor.py:208} INFO - Processing /home/AtlasRise/airflow/airflow_env/lib/python3.12/site-packages/airflow/example_dags/plugins/event_listener.py took 0.033 seconds
[2024-11-18T20:42:14.413+0500] {processor.py:186} INFO - Started process (PID=19140) to work on /home/AtlasRise/airflow/airflow_env/lib/python3.12/site-packages/airflow/example_dags/plugins/event_listener.py
[2024-11-18T20:42:14.414+0500] {processor.py:914} INFO - Processing file /home/AtlasRise/airflow/airflow_env/lib/python3.12/site-packages/airflow/example_dags/plugins/event_listener.py for tasks to queue
[2024-11-18T20:42:14.417+0500] {logging_mixin.py:190} INFO - [2024-11-18T20:42:14.416+0500] {dagbag.py:588} INFO - Filling up the DagBag from /home/AtlasRise/airflow/airflow_env/lib/python3.12/site-packages/airflow/example_dags/plugins/event_listener.py
[2024-11-18T20:42:14.420+0500] {processor.py:927} WARNING - No viable dags retrieved from /home/AtlasRise/airflow/airflow_env/lib/python3.12/site-packages/airflow/example_dags/plugins/event_listener.py
[2024-11-18T20:42:14.435+0500] {processor.py:208} INFO - Processing /home/AtlasRise/airflow/airflow_env/lib/python3.12/site-packages/airflow/example_dags/plugins/event_listener.py took 0.030 seconds
[2024-11-18T20:42:49.616+0500] {processor.py:186} INFO - Started process (PID=19178) to work on /home/AtlasRise/airflow/airflow_env/lib/python3.12/site-packages/airflow/example_dags/plugins/event_listener.py
[2024-11-18T20:42:49.619+0500] {processor.py:914} INFO - Processing file /home/AtlasRise/airflow/airflow_env/lib/python3.12/site-packages/airflow/example_dags/plugins/event_listener.py for tasks to queue
[2024-11-18T20:42:49.622+0500] {logging_mixin.py:190} INFO - [2024-11-18T20:42:49.621+0500] {dagbag.py:588} INFO - Filling up the DagBag from /home/AtlasRise/airflow/airflow_env/lib/python3.12/site-packages/airflow/example_dags/plugins/event_listener.py
[2024-11-18T20:42:49.625+0500] {processor.py:927} WARNING - No viable dags retrieved from /home/AtlasRise/airflow/airflow_env/lib/python3.12/site-packages/airflow/example_dags/plugins/event_listener.py
[2024-11-18T20:42:49.640+0500] {processor.py:208} INFO - Processing /home/AtlasRise/airflow/airflow_env/lib/python3.12/site-packages/airflow/example_dags/plugins/event_listener.py took 0.031 seconds
[2024-11-18T20:43:57.643+0500] {processor.py:186} INFO - Started process (PID=19260) to work on /home/AtlasRise/airflow/airflow_env/lib/python3.12/site-packages/airflow/example_dags/plugins/event_listener.py
[2024-11-18T20:43:57.644+0500] {processor.py:914} INFO - Processing file /home/AtlasRise/airflow/airflow_env/lib/python3.12/site-packages/airflow/example_dags/plugins/event_listener.py for tasks to queue
[2024-11-18T20:43:57.647+0500] {logging_mixin.py:190} INFO - [2024-11-18T20:43:57.646+0500] {dagbag.py:588} INFO - Filling up the DagBag from /home/AtlasRise/airflow/airflow_env/lib/python3.12/site-packages/airflow/example_dags/plugins/event_listener.py
[2024-11-18T20:43:57.650+0500] {processor.py:927} WARNING - No viable dags retrieved from /home/AtlasRise/airflow/airflow_env/lib/python3.12/site-packages/airflow/example_dags/plugins/event_listener.py
[2024-11-18T20:43:57.665+0500] {processor.py:208} INFO - Processing /home/AtlasRise/airflow/airflow_env/lib/python3.12/site-packages/airflow/example_dags/plugins/event_listener.py took 0.031 seconds
[2024-11-18T20:45:01.645+0500] {processor.py:186} INFO - Started process (PID=19328) to work on /home/AtlasRise/airflow/airflow_env/lib/python3.12/site-packages/airflow/example_dags/plugins/event_listener.py
[2024-11-18T20:45:01.648+0500] {processor.py:914} INFO - Processing file /home/AtlasRise/airflow/airflow_env/lib/python3.12/site-packages/airflow/example_dags/plugins/event_listener.py for tasks to queue
[2024-11-18T20:45:01.651+0500] {logging_mixin.py:190} INFO - [2024-11-18T20:45:01.650+0500] {dagbag.py:588} INFO - Filling up the DagBag from /home/AtlasRise/airflow/airflow_env/lib/python3.12/site-packages/airflow/example_dags/plugins/event_listener.py
[2024-11-18T20:45:01.654+0500] {processor.py:927} WARNING - No viable dags retrieved from /home/AtlasRise/airflow/airflow_env/lib/python3.12/site-packages/airflow/example_dags/plugins/event_listener.py
[2024-11-18T20:45:01.669+0500] {processor.py:208} INFO - Processing /home/AtlasRise/airflow/airflow_env/lib/python3.12/site-packages/airflow/example_dags/plugins/event_listener.py took 0.031 seconds
[2024-11-18T20:45:37.318+0500] {processor.py:186} INFO - Started process (PID=19485) to work on /home/AtlasRise/airflow/airflow_env/lib/python3.12/site-packages/airflow/example_dags/plugins/event_listener.py
[2024-11-18T20:45:37.320+0500] {processor.py:914} INFO - Processing file /home/AtlasRise/airflow/airflow_env/lib/python3.12/site-packages/airflow/example_dags/plugins/event_listener.py for tasks to queue
[2024-11-18T20:45:37.323+0500] {logging_mixin.py:190} INFO - [2024-11-18T20:45:37.323+0500] {dagbag.py:588} INFO - Filling up the DagBag from /home/AtlasRise/airflow/airflow_env/lib/python3.12/site-packages/airflow/example_dags/plugins/event_listener.py
[2024-11-18T20:45:37.327+0500] {processor.py:927} WARNING - No viable dags retrieved from /home/AtlasRise/airflow/airflow_env/lib/python3.12/site-packages/airflow/example_dags/plugins/event_listener.py
[2024-11-18T20:45:37.343+0500] {processor.py:208} INFO - Processing /home/AtlasRise/airflow/airflow_env/lib/python3.12/site-packages/airflow/example_dags/plugins/event_listener.py took 0.033 seconds
[2024-11-18T20:46:16.299+0500] {processor.py:186} INFO - Started process (PID=19521) to work on /home/AtlasRise/airflow/airflow_env/lib/python3.12/site-packages/airflow/example_dags/plugins/event_listener.py
[2024-11-18T20:46:16.301+0500] {processor.py:914} INFO - Processing file /home/AtlasRise/airflow/airflow_env/lib/python3.12/site-packages/airflow/example_dags/plugins/event_listener.py for tasks to queue
[2024-11-18T20:46:16.305+0500] {logging_mixin.py:190} INFO - [2024-11-18T20:46:16.304+0500] {dagbag.py:588} INFO - Filling up the DagBag from /home/AtlasRise/airflow/airflow_env/lib/python3.12/site-packages/airflow/example_dags/plugins/event_listener.py
[2024-11-18T20:46:16.308+0500] {processor.py:927} WARNING - No viable dags retrieved from /home/AtlasRise/airflow/airflow_env/lib/python3.12/site-packages/airflow/example_dags/plugins/event_listener.py
[2024-11-18T20:46:16.325+0500] {processor.py:208} INFO - Processing /home/AtlasRise/airflow/airflow_env/lib/python3.12/site-packages/airflow/example_dags/plugins/event_listener.py took 0.035 seconds
[2024-11-18T20:46:55.550+0500] {processor.py:186} INFO - Started process (PID=19588) to work on /home/AtlasRise/airflow/airflow_env/lib/python3.12/site-packages/airflow/example_dags/plugins/event_listener.py
[2024-11-18T20:46:55.554+0500] {processor.py:914} INFO - Processing file /home/AtlasRise/airflow/airflow_env/lib/python3.12/site-packages/airflow/example_dags/plugins/event_listener.py for tasks to queue
[2024-11-18T20:46:55.558+0500] {logging_mixin.py:190} INFO - [2024-11-18T20:46:55.557+0500] {dagbag.py:588} INFO - Filling up the DagBag from /home/AtlasRise/airflow/airflow_env/lib/python3.12/site-packages/airflow/example_dags/plugins/event_listener.py
[2024-11-18T20:46:55.562+0500] {processor.py:927} WARNING - No viable dags retrieved from /home/AtlasRise/airflow/airflow_env/lib/python3.12/site-packages/airflow/example_dags/plugins/event_listener.py
[2024-11-18T20:46:55.581+0500] {processor.py:208} INFO - Processing /home/AtlasRise/airflow/airflow_env/lib/python3.12/site-packages/airflow/example_dags/plugins/event_listener.py took 0.040 seconds
[2024-11-18T20:47:31.414+0500] {processor.py:186} INFO - Started process (PID=19653) to work on /home/AtlasRise/airflow/airflow_env/lib/python3.12/site-packages/airflow/example_dags/plugins/event_listener.py
[2024-11-18T20:47:31.416+0500] {processor.py:914} INFO - Processing file /home/AtlasRise/airflow/airflow_env/lib/python3.12/site-packages/airflow/example_dags/plugins/event_listener.py for tasks to queue
[2024-11-18T20:47:31.419+0500] {logging_mixin.py:190} INFO - [2024-11-18T20:47:31.418+0500] {dagbag.py:588} INFO - Filling up the DagBag from /home/AtlasRise/airflow/airflow_env/lib/python3.12/site-packages/airflow/example_dags/plugins/event_listener.py
[2024-11-18T20:47:31.422+0500] {processor.py:927} WARNING - No viable dags retrieved from /home/AtlasRise/airflow/airflow_env/lib/python3.12/site-packages/airflow/example_dags/plugins/event_listener.py
[2024-11-18T20:47:31.437+0500] {processor.py:208} INFO - Processing /home/AtlasRise/airflow/airflow_env/lib/python3.12/site-packages/airflow/example_dags/plugins/event_listener.py took 0.031 seconds
[2024-11-18T20:48:36.349+0500] {processor.py:186} INFO - Started process (PID=19789) to work on /home/AtlasRise/airflow/airflow_env/lib/python3.12/site-packages/airflow/example_dags/plugins/event_listener.py
[2024-11-18T20:48:36.351+0500] {processor.py:914} INFO - Processing file /home/AtlasRise/airflow/airflow_env/lib/python3.12/site-packages/airflow/example_dags/plugins/event_listener.py for tasks to queue
[2024-11-18T20:48:36.355+0500] {logging_mixin.py:190} INFO - [2024-11-18T20:48:36.354+0500] {dagbag.py:588} INFO - Filling up the DagBag from /home/AtlasRise/airflow/airflow_env/lib/python3.12/site-packages/airflow/example_dags/plugins/event_listener.py
[2024-11-18T20:48:36.358+0500] {processor.py:927} WARNING - No viable dags retrieved from /home/AtlasRise/airflow/airflow_env/lib/python3.12/site-packages/airflow/example_dags/plugins/event_listener.py
[2024-11-18T20:48:36.374+0500] {processor.py:208} INFO - Processing /home/AtlasRise/airflow/airflow_env/lib/python3.12/site-packages/airflow/example_dags/plugins/event_listener.py took 0.033 seconds
[2024-11-18T20:49:11.936+0500] {processor.py:186} INFO - Started process (PID=19827) to work on /home/AtlasRise/airflow/airflow_env/lib/python3.12/site-packages/airflow/example_dags/plugins/event_listener.py
[2024-11-18T20:49:11.939+0500] {processor.py:914} INFO - Processing file /home/AtlasRise/airflow/airflow_env/lib/python3.12/site-packages/airflow/example_dags/plugins/event_listener.py for tasks to queue
[2024-11-18T20:49:11.942+0500] {logging_mixin.py:190} INFO - [2024-11-18T20:49:11.941+0500] {dagbag.py:588} INFO - Filling up the DagBag from /home/AtlasRise/airflow/airflow_env/lib/python3.12/site-packages/airflow/example_dags/plugins/event_listener.py
[2024-11-18T20:49:11.945+0500] {processor.py:927} WARNING - No viable dags retrieved from /home/AtlasRise/airflow/airflow_env/lib/python3.12/site-packages/airflow/example_dags/plugins/event_listener.py
[2024-11-18T20:49:11.961+0500] {processor.py:208} INFO - Processing /home/AtlasRise/airflow/airflow_env/lib/python3.12/site-packages/airflow/example_dags/plugins/event_listener.py took 0.033 seconds
[2024-11-18T20:50:20.287+0500] {processor.py:186} INFO - Started process (PID=19901) to work on /home/AtlasRise/airflow/airflow_env/lib/python3.12/site-packages/airflow/example_dags/plugins/event_listener.py
[2024-11-18T20:50:20.290+0500] {processor.py:914} INFO - Processing file /home/AtlasRise/airflow/airflow_env/lib/python3.12/site-packages/airflow/example_dags/plugins/event_listener.py for tasks to queue
[2024-11-18T20:50:20.293+0500] {logging_mixin.py:190} INFO - [2024-11-18T20:50:20.293+0500] {dagbag.py:588} INFO - Filling up the DagBag from /home/AtlasRise/airflow/airflow_env/lib/python3.12/site-packages/airflow/example_dags/plugins/event_listener.py
[2024-11-18T20:50:20.300+0500] {processor.py:927} WARNING - No viable dags retrieved from /home/AtlasRise/airflow/airflow_env/lib/python3.12/site-packages/airflow/example_dags/plugins/event_listener.py
[2024-11-18T20:50:20.317+0500] {processor.py:208} INFO - Processing /home/AtlasRise/airflow/airflow_env/lib/python3.12/site-packages/airflow/example_dags/plugins/event_listener.py took 0.040 seconds
[2024-11-18T20:50:55.802+0500] {processor.py:186} INFO - Started process (PID=19937) to work on /home/AtlasRise/airflow/airflow_env/lib/python3.12/site-packages/airflow/example_dags/plugins/event_listener.py
[2024-11-18T20:50:55.805+0500] {processor.py:914} INFO - Processing file /home/AtlasRise/airflow/airflow_env/lib/python3.12/site-packages/airflow/example_dags/plugins/event_listener.py for tasks to queue
[2024-11-18T20:50:55.808+0500] {logging_mixin.py:190} INFO - [2024-11-18T20:50:55.807+0500] {dagbag.py:588} INFO - Filling up the DagBag from /home/AtlasRise/airflow/airflow_env/lib/python3.12/site-packages/airflow/example_dags/plugins/event_listener.py
[2024-11-18T20:50:55.811+0500] {processor.py:927} WARNING - No viable dags retrieved from /home/AtlasRise/airflow/airflow_env/lib/python3.12/site-packages/airflow/example_dags/plugins/event_listener.py
[2024-11-18T20:50:55.826+0500] {processor.py:208} INFO - Processing /home/AtlasRise/airflow/airflow_env/lib/python3.12/site-packages/airflow/example_dags/plugins/event_listener.py took 0.032 seconds
[2024-11-18T20:52:07.335+0500] {processor.py:186} INFO - Started process (PID=20022) to work on /home/AtlasRise/airflow/airflow_env/lib/python3.12/site-packages/airflow/example_dags/plugins/event_listener.py
[2024-11-18T20:52:07.336+0500] {processor.py:914} INFO - Processing file /home/AtlasRise/airflow/airflow_env/lib/python3.12/site-packages/airflow/example_dags/plugins/event_listener.py for tasks to queue
[2024-11-18T20:52:07.340+0500] {logging_mixin.py:190} INFO - [2024-11-18T20:52:07.339+0500] {dagbag.py:588} INFO - Filling up the DagBag from /home/AtlasRise/airflow/airflow_env/lib/python3.12/site-packages/airflow/example_dags/plugins/event_listener.py
[2024-11-18T20:52:07.344+0500] {processor.py:927} WARNING - No viable dags retrieved from /home/AtlasRise/airflow/airflow_env/lib/python3.12/site-packages/airflow/example_dags/plugins/event_listener.py
[2024-11-18T20:52:07.361+0500] {processor.py:208} INFO - Processing /home/AtlasRise/airflow/airflow_env/lib/python3.12/site-packages/airflow/example_dags/plugins/event_listener.py took 0.034 seconds
[2024-11-18T20:53:11.328+0500] {processor.py:186} INFO - Started process (PID=20092) to work on /home/AtlasRise/airflow/airflow_env/lib/python3.12/site-packages/airflow/example_dags/plugins/event_listener.py
[2024-11-18T20:53:11.330+0500] {processor.py:914} INFO - Processing file /home/AtlasRise/airflow/airflow_env/lib/python3.12/site-packages/airflow/example_dags/plugins/event_listener.py for tasks to queue
[2024-11-18T20:53:11.334+0500] {logging_mixin.py:190} INFO - [2024-11-18T20:53:11.333+0500] {dagbag.py:588} INFO - Filling up the DagBag from /home/AtlasRise/airflow/airflow_env/lib/python3.12/site-packages/airflow/example_dags/plugins/event_listener.py
[2024-11-18T20:53:11.337+0500] {processor.py:927} WARNING - No viable dags retrieved from /home/AtlasRise/airflow/airflow_env/lib/python3.12/site-packages/airflow/example_dags/plugins/event_listener.py
[2024-11-18T20:53:11.352+0500] {processor.py:208} INFO - Processing /home/AtlasRise/airflow/airflow_env/lib/python3.12/site-packages/airflow/example_dags/plugins/event_listener.py took 0.033 seconds
[2024-11-18T20:53:48.752+0500] {processor.py:186} INFO - Started process (PID=20129) to work on /home/AtlasRise/airflow/airflow_env/lib/python3.12/site-packages/airflow/example_dags/plugins/event_listener.py
[2024-11-18T20:53:48.754+0500] {processor.py:914} INFO - Processing file /home/AtlasRise/airflow/airflow_env/lib/python3.12/site-packages/airflow/example_dags/plugins/event_listener.py for tasks to queue
[2024-11-18T20:53:48.757+0500] {logging_mixin.py:190} INFO - [2024-11-18T20:53:48.757+0500] {dagbag.py:588} INFO - Filling up the DagBag from /home/AtlasRise/airflow/airflow_env/lib/python3.12/site-packages/airflow/example_dags/plugins/event_listener.py
[2024-11-18T20:53:48.761+0500] {processor.py:927} WARNING - No viable dags retrieved from /home/AtlasRise/airflow/airflow_env/lib/python3.12/site-packages/airflow/example_dags/plugins/event_listener.py
[2024-11-18T20:53:48.776+0500] {processor.py:208} INFO - Processing /home/AtlasRise/airflow/airflow_env/lib/python3.12/site-packages/airflow/example_dags/plugins/event_listener.py took 0.032 seconds
[2024-11-18T20:54:24.411+0500] {processor.py:186} INFO - Started process (PID=20183) to work on /home/AtlasRise/airflow/airflow_env/lib/python3.12/site-packages/airflow/example_dags/plugins/event_listener.py
[2024-11-18T20:54:24.412+0500] {processor.py:914} INFO - Processing file /home/AtlasRise/airflow/airflow_env/lib/python3.12/site-packages/airflow/example_dags/plugins/event_listener.py for tasks to queue
[2024-11-18T20:54:24.415+0500] {logging_mixin.py:190} INFO - [2024-11-18T20:54:24.415+0500] {dagbag.py:588} INFO - Filling up the DagBag from /home/AtlasRise/airflow/airflow_env/lib/python3.12/site-packages/airflow/example_dags/plugins/event_listener.py
[2024-11-18T20:54:24.419+0500] {processor.py:927} WARNING - No viable dags retrieved from /home/AtlasRise/airflow/airflow_env/lib/python3.12/site-packages/airflow/example_dags/plugins/event_listener.py
[2024-11-18T20:54:24.434+0500] {processor.py:208} INFO - Processing /home/AtlasRise/airflow/airflow_env/lib/python3.12/site-packages/airflow/example_dags/plugins/event_listener.py took 0.032 seconds
[2024-11-18T20:55:06.530+0500] {processor.py:186} INFO - Started process (PID=20226) to work on /home/AtlasRise/airflow/airflow_env/lib/python3.12/site-packages/airflow/example_dags/plugins/event_listener.py
[2024-11-18T20:55:06.531+0500] {processor.py:914} INFO - Processing file /home/AtlasRise/airflow/airflow_env/lib/python3.12/site-packages/airflow/example_dags/plugins/event_listener.py for tasks to queue
[2024-11-18T20:55:06.534+0500] {logging_mixin.py:190} INFO - [2024-11-18T20:55:06.534+0500] {dagbag.py:588} INFO - Filling up the DagBag from /home/AtlasRise/airflow/airflow_env/lib/python3.12/site-packages/airflow/example_dags/plugins/event_listener.py
[2024-11-18T20:55:06.538+0500] {processor.py:927} WARNING - No viable dags retrieved from /home/AtlasRise/airflow/airflow_env/lib/python3.12/site-packages/airflow/example_dags/plugins/event_listener.py
[2024-11-18T20:55:06.554+0500] {processor.py:208} INFO - Processing /home/AtlasRise/airflow/airflow_env/lib/python3.12/site-packages/airflow/example_dags/plugins/event_listener.py took 0.032 seconds
[2024-11-18T20:55:51.701+0500] {processor.py:186} INFO - Started process (PID=20270) to work on /home/AtlasRise/airflow/airflow_env/lib/python3.12/site-packages/airflow/example_dags/plugins/event_listener.py
[2024-11-18T20:55:51.702+0500] {processor.py:914} INFO - Processing file /home/AtlasRise/airflow/airflow_env/lib/python3.12/site-packages/airflow/example_dags/plugins/event_listener.py for tasks to queue
[2024-11-18T20:55:51.706+0500] {logging_mixin.py:190} INFO - [2024-11-18T20:55:51.705+0500] {dagbag.py:588} INFO - Filling up the DagBag from /home/AtlasRise/airflow/airflow_env/lib/python3.12/site-packages/airflow/example_dags/plugins/event_listener.py
[2024-11-18T20:55:51.710+0500] {processor.py:927} WARNING - No viable dags retrieved from /home/AtlasRise/airflow/airflow_env/lib/python3.12/site-packages/airflow/example_dags/plugins/event_listener.py
[2024-11-18T20:55:51.726+0500] {processor.py:208} INFO - Processing /home/AtlasRise/airflow/airflow_env/lib/python3.12/site-packages/airflow/example_dags/plugins/event_listener.py took 0.033 seconds
[2024-11-18T20:56:31.152+0500] {processor.py:186} INFO - Started process (PID=20328) to work on /home/AtlasRise/airflow/airflow_env/lib/python3.12/site-packages/airflow/example_dags/plugins/event_listener.py
[2024-11-18T20:56:31.155+0500] {processor.py:914} INFO - Processing file /home/AtlasRise/airflow/airflow_env/lib/python3.12/site-packages/airflow/example_dags/plugins/event_listener.py for tasks to queue
[2024-11-18T20:56:31.158+0500] {logging_mixin.py:190} INFO - [2024-11-18T20:56:31.158+0500] {dagbag.py:588} INFO - Filling up the DagBag from /home/AtlasRise/airflow/airflow_env/lib/python3.12/site-packages/airflow/example_dags/plugins/event_listener.py
[2024-11-18T20:56:31.162+0500] {processor.py:927} WARNING - No viable dags retrieved from /home/AtlasRise/airflow/airflow_env/lib/python3.12/site-packages/airflow/example_dags/plugins/event_listener.py
[2024-11-18T20:56:31.178+0500] {processor.py:208} INFO - Processing /home/AtlasRise/airflow/airflow_env/lib/python3.12/site-packages/airflow/example_dags/plugins/event_listener.py took 0.034 seconds
[2024-11-18T20:57:07.382+0500] {processor.py:186} INFO - Started process (PID=20362) to work on /home/AtlasRise/airflow/airflow_env/lib/python3.12/site-packages/airflow/example_dags/plugins/event_listener.py
[2024-11-18T20:57:07.385+0500] {processor.py:914} INFO - Processing file /home/AtlasRise/airflow/airflow_env/lib/python3.12/site-packages/airflow/example_dags/plugins/event_listener.py for tasks to queue
[2024-11-18T20:57:07.388+0500] {logging_mixin.py:190} INFO - [2024-11-18T20:57:07.388+0500] {dagbag.py:588} INFO - Filling up the DagBag from /home/AtlasRise/airflow/airflow_env/lib/python3.12/site-packages/airflow/example_dags/plugins/event_listener.py
[2024-11-18T20:57:07.391+0500] {processor.py:927} WARNING - No viable dags retrieved from /home/AtlasRise/airflow/airflow_env/lib/python3.12/site-packages/airflow/example_dags/plugins/event_listener.py
[2024-11-18T20:57:07.408+0500] {processor.py:208} INFO - Processing /home/AtlasRise/airflow/airflow_env/lib/python3.12/site-packages/airflow/example_dags/plugins/event_listener.py took 0.034 seconds
[2024-11-18T20:57:44.151+0500] {processor.py:186} INFO - Started process (PID=20398) to work on /home/AtlasRise/airflow/airflow_env/lib/python3.12/site-packages/airflow/example_dags/plugins/event_listener.py
[2024-11-18T20:57:44.154+0500] {processor.py:914} INFO - Processing file /home/AtlasRise/airflow/airflow_env/lib/python3.12/site-packages/airflow/example_dags/plugins/event_listener.py for tasks to queue
[2024-11-18T20:57:44.157+0500] {logging_mixin.py:190} INFO - [2024-11-18T20:57:44.156+0500] {dagbag.py:588} INFO - Filling up the DagBag from /home/AtlasRise/airflow/airflow_env/lib/python3.12/site-packages/airflow/example_dags/plugins/event_listener.py
[2024-11-18T20:57:44.160+0500] {processor.py:927} WARNING - No viable dags retrieved from /home/AtlasRise/airflow/airflow_env/lib/python3.12/site-packages/airflow/example_dags/plugins/event_listener.py
[2024-11-18T20:57:44.176+0500] {processor.py:208} INFO - Processing /home/AtlasRise/airflow/airflow_env/lib/python3.12/site-packages/airflow/example_dags/plugins/event_listener.py took 0.033 seconds
[2024-11-18T20:58:19.345+0500] {processor.py:186} INFO - Started process (PID=20441) to work on /home/AtlasRise/airflow/airflow_env/lib/python3.12/site-packages/airflow/example_dags/plugins/event_listener.py
[2024-11-18T20:58:19.347+0500] {processor.py:914} INFO - Processing file /home/AtlasRise/airflow/airflow_env/lib/python3.12/site-packages/airflow/example_dags/plugins/event_listener.py for tasks to queue
[2024-11-18T20:58:19.350+0500] {logging_mixin.py:190} INFO - [2024-11-18T20:58:19.350+0500] {dagbag.py:588} INFO - Filling up the DagBag from /home/AtlasRise/airflow/airflow_env/lib/python3.12/site-packages/airflow/example_dags/plugins/event_listener.py
[2024-11-18T20:58:19.354+0500] {processor.py:927} WARNING - No viable dags retrieved from /home/AtlasRise/airflow/airflow_env/lib/python3.12/site-packages/airflow/example_dags/plugins/event_listener.py
[2024-11-18T20:58:19.371+0500] {processor.py:208} INFO - Processing /home/AtlasRise/airflow/airflow_env/lib/python3.12/site-packages/airflow/example_dags/plugins/event_listener.py took 0.034 seconds
[2024-11-18T20:59:28.095+0500] {processor.py:186} INFO - Started process (PID=20528) to work on /home/AtlasRise/airflow/airflow_env/lib/python3.12/site-packages/airflow/example_dags/plugins/event_listener.py
[2024-11-18T20:59:28.098+0500] {processor.py:914} INFO - Processing file /home/AtlasRise/airflow/airflow_env/lib/python3.12/site-packages/airflow/example_dags/plugins/event_listener.py for tasks to queue
[2024-11-18T20:59:28.101+0500] {logging_mixin.py:190} INFO - [2024-11-18T20:59:28.100+0500] {dagbag.py:588} INFO - Filling up the DagBag from /home/AtlasRise/airflow/airflow_env/lib/python3.12/site-packages/airflow/example_dags/plugins/event_listener.py
[2024-11-18T20:59:28.104+0500] {processor.py:927} WARNING - No viable dags retrieved from /home/AtlasRise/airflow/airflow_env/lib/python3.12/site-packages/airflow/example_dags/plugins/event_listener.py
[2024-11-18T20:59:28.119+0500] {processor.py:208} INFO - Processing /home/AtlasRise/airflow/airflow_env/lib/python3.12/site-packages/airflow/example_dags/plugins/event_listener.py took 0.032 seconds
[2024-11-18T21:00:06.569+0500] {processor.py:186} INFO - Started process (PID=20567) to work on /home/AtlasRise/airflow/airflow_env/lib/python3.12/site-packages/airflow/example_dags/plugins/event_listener.py
[2024-11-18T21:00:06.572+0500] {processor.py:914} INFO - Processing file /home/AtlasRise/airflow/airflow_env/lib/python3.12/site-packages/airflow/example_dags/plugins/event_listener.py for tasks to queue
[2024-11-18T21:00:06.575+0500] {logging_mixin.py:190} INFO - [2024-11-18T21:00:06.575+0500] {dagbag.py:588} INFO - Filling up the DagBag from /home/AtlasRise/airflow/airflow_env/lib/python3.12/site-packages/airflow/example_dags/plugins/event_listener.py
[2024-11-18T21:00:06.579+0500] {processor.py:927} WARNING - No viable dags retrieved from /home/AtlasRise/airflow/airflow_env/lib/python3.12/site-packages/airflow/example_dags/plugins/event_listener.py
[2024-11-18T21:00:06.595+0500] {processor.py:208} INFO - Processing /home/AtlasRise/airflow/airflow_env/lib/python3.12/site-packages/airflow/example_dags/plugins/event_listener.py took 0.034 seconds
[2024-11-18T21:00:42.352+0500] {processor.py:186} INFO - Started process (PID=20604) to work on /home/AtlasRise/airflow/airflow_env/lib/python3.12/site-packages/airflow/example_dags/plugins/event_listener.py
[2024-11-18T21:00:42.354+0500] {processor.py:914} INFO - Processing file /home/AtlasRise/airflow/airflow_env/lib/python3.12/site-packages/airflow/example_dags/plugins/event_listener.py for tasks to queue
[2024-11-18T21:00:42.357+0500] {logging_mixin.py:190} INFO - [2024-11-18T21:00:42.357+0500] {dagbag.py:588} INFO - Filling up the DagBag from /home/AtlasRise/airflow/airflow_env/lib/python3.12/site-packages/airflow/example_dags/plugins/event_listener.py
[2024-11-18T21:00:42.360+0500] {processor.py:927} WARNING - No viable dags retrieved from /home/AtlasRise/airflow/airflow_env/lib/python3.12/site-packages/airflow/example_dags/plugins/event_listener.py
[2024-11-18T21:00:42.375+0500] {processor.py:208} INFO - Processing /home/AtlasRise/airflow/airflow_env/lib/python3.12/site-packages/airflow/example_dags/plugins/event_listener.py took 0.032 seconds
[2024-11-18T21:01:46.428+0500] {processor.py:186} INFO - Started process (PID=20686) to work on /home/AtlasRise/airflow/airflow_env/lib/python3.12/site-packages/airflow/example_dags/plugins/event_listener.py
[2024-11-18T21:01:46.429+0500] {processor.py:914} INFO - Processing file /home/AtlasRise/airflow/airflow_env/lib/python3.12/site-packages/airflow/example_dags/plugins/event_listener.py for tasks to queue
[2024-11-18T21:01:46.432+0500] {logging_mixin.py:190} INFO - [2024-11-18T21:01:46.432+0500] {dagbag.py:588} INFO - Filling up the DagBag from /home/AtlasRise/airflow/airflow_env/lib/python3.12/site-packages/airflow/example_dags/plugins/event_listener.py
[2024-11-18T21:01:46.435+0500] {processor.py:927} WARNING - No viable dags retrieved from /home/AtlasRise/airflow/airflow_env/lib/python3.12/site-packages/airflow/example_dags/plugins/event_listener.py
[2024-11-18T21:01:46.451+0500] {processor.py:208} INFO - Processing /home/AtlasRise/airflow/airflow_env/lib/python3.12/site-packages/airflow/example_dags/plugins/event_listener.py took 0.031 seconds
[2024-11-18T21:02:23.320+0500] {processor.py:186} INFO - Started process (PID=20720) to work on /home/AtlasRise/airflow/airflow_env/lib/python3.12/site-packages/airflow/example_dags/plugins/event_listener.py
[2024-11-18T21:02:23.321+0500] {processor.py:914} INFO - Processing file /home/AtlasRise/airflow/airflow_env/lib/python3.12/site-packages/airflow/example_dags/plugins/event_listener.py for tasks to queue
[2024-11-18T21:02:23.325+0500] {logging_mixin.py:190} INFO - [2024-11-18T21:02:23.324+0500] {dagbag.py:588} INFO - Filling up the DagBag from /home/AtlasRise/airflow/airflow_env/lib/python3.12/site-packages/airflow/example_dags/plugins/event_listener.py
[2024-11-18T21:02:23.328+0500] {processor.py:927} WARNING - No viable dags retrieved from /home/AtlasRise/airflow/airflow_env/lib/python3.12/site-packages/airflow/example_dags/plugins/event_listener.py
[2024-11-18T21:02:23.343+0500] {processor.py:208} INFO - Processing /home/AtlasRise/airflow/airflow_env/lib/python3.12/site-packages/airflow/example_dags/plugins/event_listener.py took 0.031 seconds
[2024-11-18T21:03:00.735+0500] {processor.py:186} INFO - Started process (PID=20759) to work on /home/AtlasRise/airflow/airflow_env/lib/python3.12/site-packages/airflow/example_dags/plugins/event_listener.py
[2024-11-18T21:03:00.738+0500] {processor.py:914} INFO - Processing file /home/AtlasRise/airflow/airflow_env/lib/python3.12/site-packages/airflow/example_dags/plugins/event_listener.py for tasks to queue
[2024-11-18T21:03:00.741+0500] {logging_mixin.py:190} INFO - [2024-11-18T21:03:00.740+0500] {dagbag.py:588} INFO - Filling up the DagBag from /home/AtlasRise/airflow/airflow_env/lib/python3.12/site-packages/airflow/example_dags/plugins/event_listener.py
[2024-11-18T21:03:00.744+0500] {processor.py:927} WARNING - No viable dags retrieved from /home/AtlasRise/airflow/airflow_env/lib/python3.12/site-packages/airflow/example_dags/plugins/event_listener.py
[2024-11-18T21:03:00.760+0500] {processor.py:208} INFO - Processing /home/AtlasRise/airflow/airflow_env/lib/python3.12/site-packages/airflow/example_dags/plugins/event_listener.py took 0.032 seconds
[2024-11-18T21:04:07.078+0500] {processor.py:186} INFO - Started process (PID=20842) to work on /home/AtlasRise/airflow/airflow_env/lib/python3.12/site-packages/airflow/example_dags/plugins/event_listener.py
[2024-11-18T21:04:07.080+0500] {processor.py:914} INFO - Processing file /home/AtlasRise/airflow/airflow_env/lib/python3.12/site-packages/airflow/example_dags/plugins/event_listener.py for tasks to queue
[2024-11-18T21:04:07.083+0500] {logging_mixin.py:190} INFO - [2024-11-18T21:04:07.083+0500] {dagbag.py:588} INFO - Filling up the DagBag from /home/AtlasRise/airflow/airflow_env/lib/python3.12/site-packages/airflow/example_dags/plugins/event_listener.py
[2024-11-18T21:04:07.086+0500] {processor.py:927} WARNING - No viable dags retrieved from /home/AtlasRise/airflow/airflow_env/lib/python3.12/site-packages/airflow/example_dags/plugins/event_listener.py
[2024-11-18T21:04:07.103+0500] {processor.py:208} INFO - Processing /home/AtlasRise/airflow/airflow_env/lib/python3.12/site-packages/airflow/example_dags/plugins/event_listener.py took 0.035 seconds
[2024-11-18T21:05:13.786+0500] {processor.py:186} INFO - Started process (PID=20928) to work on /home/AtlasRise/airflow/airflow_env/lib/python3.12/site-packages/airflow/example_dags/plugins/event_listener.py
[2024-11-18T21:05:13.795+0500] {processor.py:914} INFO - Processing file /home/AtlasRise/airflow/airflow_env/lib/python3.12/site-packages/airflow/example_dags/plugins/event_listener.py for tasks to queue
[2024-11-18T21:05:13.798+0500] {logging_mixin.py:190} INFO - [2024-11-18T21:05:13.798+0500] {dagbag.py:588} INFO - Filling up the DagBag from /home/AtlasRise/airflow/airflow_env/lib/python3.12/site-packages/airflow/example_dags/plugins/event_listener.py
[2024-11-18T21:05:13.802+0500] {processor.py:927} WARNING - No viable dags retrieved from /home/AtlasRise/airflow/airflow_env/lib/python3.12/site-packages/airflow/example_dags/plugins/event_listener.py
[2024-11-18T21:05:13.818+0500] {processor.py:208} INFO - Processing /home/AtlasRise/airflow/airflow_env/lib/python3.12/site-packages/airflow/example_dags/plugins/event_listener.py took 0.040 seconds
[2024-11-18T21:06:21.657+0500] {processor.py:186} INFO - Started process (PID=21013) to work on /home/AtlasRise/airflow/airflow_env/lib/python3.12/site-packages/airflow/example_dags/plugins/event_listener.py
[2024-11-18T21:06:21.659+0500] {processor.py:914} INFO - Processing file /home/AtlasRise/airflow/airflow_env/lib/python3.12/site-packages/airflow/example_dags/plugins/event_listener.py for tasks to queue
[2024-11-18T21:06:21.662+0500] {logging_mixin.py:190} INFO - [2024-11-18T21:06:21.662+0500] {dagbag.py:588} INFO - Filling up the DagBag from /home/AtlasRise/airflow/airflow_env/lib/python3.12/site-packages/airflow/example_dags/plugins/event_listener.py
[2024-11-18T21:06:21.665+0500] {processor.py:927} WARNING - No viable dags retrieved from /home/AtlasRise/airflow/airflow_env/lib/python3.12/site-packages/airflow/example_dags/plugins/event_listener.py
[2024-11-18T21:06:21.681+0500] {processor.py:208} INFO - Processing /home/AtlasRise/airflow/airflow_env/lib/python3.12/site-packages/airflow/example_dags/plugins/event_listener.py took 0.032 seconds
[2024-11-18T21:07:02.391+0500] {processor.py:186} INFO - Started process (PID=21078) to work on /home/AtlasRise/airflow/airflow_env/lib/python3.12/site-packages/airflow/example_dags/plugins/event_listener.py
[2024-11-18T21:07:02.392+0500] {processor.py:914} INFO - Processing file /home/AtlasRise/airflow/airflow_env/lib/python3.12/site-packages/airflow/example_dags/plugins/event_listener.py for tasks to queue
[2024-11-18T21:07:02.395+0500] {logging_mixin.py:190} INFO - [2024-11-18T21:07:02.395+0500] {dagbag.py:588} INFO - Filling up the DagBag from /home/AtlasRise/airflow/airflow_env/lib/python3.12/site-packages/airflow/example_dags/plugins/event_listener.py
[2024-11-18T21:07:02.399+0500] {processor.py:927} WARNING - No viable dags retrieved from /home/AtlasRise/airflow/airflow_env/lib/python3.12/site-packages/airflow/example_dags/plugins/event_listener.py
[2024-11-18T21:07:02.414+0500] {processor.py:208} INFO - Processing /home/AtlasRise/airflow/airflow_env/lib/python3.12/site-packages/airflow/example_dags/plugins/event_listener.py took 0.032 seconds
[2024-11-18T21:07:42.210+0500] {processor.py:186} INFO - Started process (PID=21117) to work on /home/AtlasRise/airflow/airflow_env/lib/python3.12/site-packages/airflow/example_dags/plugins/event_listener.py
[2024-11-18T21:07:42.211+0500] {processor.py:914} INFO - Processing file /home/AtlasRise/airflow/airflow_env/lib/python3.12/site-packages/airflow/example_dags/plugins/event_listener.py for tasks to queue
[2024-11-18T21:07:42.214+0500] {logging_mixin.py:190} INFO - [2024-11-18T21:07:42.214+0500] {dagbag.py:588} INFO - Filling up the DagBag from /home/AtlasRise/airflow/airflow_env/lib/python3.12/site-packages/airflow/example_dags/plugins/event_listener.py
[2024-11-18T21:07:42.217+0500] {processor.py:927} WARNING - No viable dags retrieved from /home/AtlasRise/airflow/airflow_env/lib/python3.12/site-packages/airflow/example_dags/plugins/event_listener.py
[2024-11-18T21:07:42.232+0500] {processor.py:208} INFO - Processing /home/AtlasRise/airflow/airflow_env/lib/python3.12/site-packages/airflow/example_dags/plugins/event_listener.py took 0.031 seconds
[2024-11-18T21:08:16.681+0500] {processor.py:186} INFO - Started process (PID=21151) to work on /home/AtlasRise/airflow/airflow_env/lib/python3.12/site-packages/airflow/example_dags/plugins/event_listener.py
[2024-11-18T21:08:16.684+0500] {processor.py:914} INFO - Processing file /home/AtlasRise/airflow/airflow_env/lib/python3.12/site-packages/airflow/example_dags/plugins/event_listener.py for tasks to queue
[2024-11-18T21:08:16.687+0500] {logging_mixin.py:190} INFO - [2024-11-18T21:08:16.686+0500] {dagbag.py:588} INFO - Filling up the DagBag from /home/AtlasRise/airflow/airflow_env/lib/python3.12/site-packages/airflow/example_dags/plugins/event_listener.py
[2024-11-18T21:08:16.690+0500] {processor.py:927} WARNING - No viable dags retrieved from /home/AtlasRise/airflow/airflow_env/lib/python3.12/site-packages/airflow/example_dags/plugins/event_listener.py
[2024-11-18T21:08:16.706+0500] {processor.py:208} INFO - Processing /home/AtlasRise/airflow/airflow_env/lib/python3.12/site-packages/airflow/example_dags/plugins/event_listener.py took 0.033 seconds
[2024-11-18T21:09:22.523+0500] {processor.py:186} INFO - Started process (PID=21248) to work on /home/AtlasRise/airflow/airflow_env/lib/python3.12/site-packages/airflow/example_dags/plugins/event_listener.py
[2024-11-18T21:09:22.525+0500] {processor.py:914} INFO - Processing file /home/AtlasRise/airflow/airflow_env/lib/python3.12/site-packages/airflow/example_dags/plugins/event_listener.py for tasks to queue
[2024-11-18T21:09:22.527+0500] {logging_mixin.py:190} INFO - [2024-11-18T21:09:22.527+0500] {dagbag.py:588} INFO - Filling up the DagBag from /home/AtlasRise/airflow/airflow_env/lib/python3.12/site-packages/airflow/example_dags/plugins/event_listener.py
[2024-11-18T21:09:22.531+0500] {processor.py:927} WARNING - No viable dags retrieved from /home/AtlasRise/airflow/airflow_env/lib/python3.12/site-packages/airflow/example_dags/plugins/event_listener.py
[2024-11-18T21:09:22.545+0500] {processor.py:208} INFO - Processing /home/AtlasRise/airflow/airflow_env/lib/python3.12/site-packages/airflow/example_dags/plugins/event_listener.py took 0.030 seconds
[2024-11-18T21:09:59.456+0500] {processor.py:186} INFO - Started process (PID=21299) to work on /home/AtlasRise/airflow/airflow_env/lib/python3.12/site-packages/airflow/example_dags/plugins/event_listener.py
[2024-11-18T21:09:59.457+0500] {processor.py:914} INFO - Processing file /home/AtlasRise/airflow/airflow_env/lib/python3.12/site-packages/airflow/example_dags/plugins/event_listener.py for tasks to queue
[2024-11-18T21:09:59.460+0500] {logging_mixin.py:190} INFO - [2024-11-18T21:09:59.459+0500] {dagbag.py:588} INFO - Filling up the DagBag from /home/AtlasRise/airflow/airflow_env/lib/python3.12/site-packages/airflow/example_dags/plugins/event_listener.py
[2024-11-18T21:09:59.463+0500] {processor.py:927} WARNING - No viable dags retrieved from /home/AtlasRise/airflow/airflow_env/lib/python3.12/site-packages/airflow/example_dags/plugins/event_listener.py
[2024-11-18T21:09:59.478+0500] {processor.py:208} INFO - Processing /home/AtlasRise/airflow/airflow_env/lib/python3.12/site-packages/airflow/example_dags/plugins/event_listener.py took 0.030 seconds
[2024-11-18T21:11:12.581+0500] {processor.py:186} INFO - Started process (PID=21408) to work on /home/AtlasRise/airflow/airflow_env/lib/python3.12/site-packages/airflow/example_dags/plugins/event_listener.py
[2024-11-18T21:11:12.582+0500] {processor.py:914} INFO - Processing file /home/AtlasRise/airflow/airflow_env/lib/python3.12/site-packages/airflow/example_dags/plugins/event_listener.py for tasks to queue
[2024-11-18T21:11:12.585+0500] {logging_mixin.py:190} INFO - [2024-11-18T21:11:12.584+0500] {dagbag.py:588} INFO - Filling up the DagBag from /home/AtlasRise/airflow/airflow_env/lib/python3.12/site-packages/airflow/example_dags/plugins/event_listener.py
[2024-11-18T21:11:12.588+0500] {processor.py:927} WARNING - No viable dags retrieved from /home/AtlasRise/airflow/airflow_env/lib/python3.12/site-packages/airflow/example_dags/plugins/event_listener.py
[2024-11-18T21:11:12.603+0500] {processor.py:208} INFO - Processing /home/AtlasRise/airflow/airflow_env/lib/python3.12/site-packages/airflow/example_dags/plugins/event_listener.py took 0.031 seconds
[2024-11-18T21:11:55.625+0500] {processor.py:186} INFO - Started process (PID=21475) to work on /home/AtlasRise/airflow/airflow_env/lib/python3.12/site-packages/airflow/example_dags/plugins/event_listener.py
[2024-11-18T21:11:55.628+0500] {processor.py:914} INFO - Processing file /home/AtlasRise/airflow/airflow_env/lib/python3.12/site-packages/airflow/example_dags/plugins/event_listener.py for tasks to queue
[2024-11-18T21:11:55.632+0500] {logging_mixin.py:190} INFO - [2024-11-18T21:11:55.631+0500] {dagbag.py:588} INFO - Filling up the DagBag from /home/AtlasRise/airflow/airflow_env/lib/python3.12/site-packages/airflow/example_dags/plugins/event_listener.py
[2024-11-18T21:11:55.636+0500] {processor.py:927} WARNING - No viable dags retrieved from /home/AtlasRise/airflow/airflow_env/lib/python3.12/site-packages/airflow/example_dags/plugins/event_listener.py
[2024-11-18T21:11:55.653+0500] {processor.py:208} INFO - Processing /home/AtlasRise/airflow/airflow_env/lib/python3.12/site-packages/airflow/example_dags/plugins/event_listener.py took 0.038 seconds
[2024-11-18T21:12:49.873+0500] {processor.py:186} INFO - Started process (PID=21549) to work on /home/AtlasRise/airflow/airflow_env/lib/python3.12/site-packages/airflow/example_dags/plugins/event_listener.py
[2024-11-18T21:12:49.874+0500] {processor.py:914} INFO - Processing file /home/AtlasRise/airflow/airflow_env/lib/python3.12/site-packages/airflow/example_dags/plugins/event_listener.py for tasks to queue
[2024-11-18T21:12:49.877+0500] {logging_mixin.py:190} INFO - [2024-11-18T21:12:49.877+0500] {dagbag.py:588} INFO - Filling up the DagBag from /home/AtlasRise/airflow/airflow_env/lib/python3.12/site-packages/airflow/example_dags/plugins/event_listener.py
[2024-11-18T21:12:49.881+0500] {processor.py:927} WARNING - No viable dags retrieved from /home/AtlasRise/airflow/airflow_env/lib/python3.12/site-packages/airflow/example_dags/plugins/event_listener.py
[2024-11-18T21:12:49.901+0500] {processor.py:208} INFO - Processing /home/AtlasRise/airflow/airflow_env/lib/python3.12/site-packages/airflow/example_dags/plugins/event_listener.py took 0.037 seconds
[2024-11-18T21:13:50.708+0500] {processor.py:186} INFO - Started process (PID=21616) to work on /home/AtlasRise/airflow/airflow_env/lib/python3.12/site-packages/airflow/example_dags/plugins/event_listener.py
[2024-11-18T21:13:50.711+0500] {processor.py:914} INFO - Processing file /home/AtlasRise/airflow/airflow_env/lib/python3.12/site-packages/airflow/example_dags/plugins/event_listener.py for tasks to queue
[2024-11-18T21:13:50.714+0500] {logging_mixin.py:190} INFO - [2024-11-18T21:13:50.713+0500] {dagbag.py:588} INFO - Filling up the DagBag from /home/AtlasRise/airflow/airflow_env/lib/python3.12/site-packages/airflow/example_dags/plugins/event_listener.py
[2024-11-18T21:13:50.717+0500] {processor.py:927} WARNING - No viable dags retrieved from /home/AtlasRise/airflow/airflow_env/lib/python3.12/site-packages/airflow/example_dags/plugins/event_listener.py
[2024-11-18T21:13:50.732+0500] {processor.py:208} INFO - Processing /home/AtlasRise/airflow/airflow_env/lib/python3.12/site-packages/airflow/example_dags/plugins/event_listener.py took 0.032 seconds
[2024-11-18T21:14:35.782+0500] {processor.py:186} INFO - Started process (PID=21679) to work on /home/AtlasRise/airflow/airflow_env/lib/python3.12/site-packages/airflow/example_dags/plugins/event_listener.py
[2024-11-18T21:14:35.784+0500] {processor.py:914} INFO - Processing file /home/AtlasRise/airflow/airflow_env/lib/python3.12/site-packages/airflow/example_dags/plugins/event_listener.py for tasks to queue
[2024-11-18T21:14:35.787+0500] {logging_mixin.py:190} INFO - [2024-11-18T21:14:35.787+0500] {dagbag.py:588} INFO - Filling up the DagBag from /home/AtlasRise/airflow/airflow_env/lib/python3.12/site-packages/airflow/example_dags/plugins/event_listener.py
[2024-11-18T21:14:35.791+0500] {processor.py:927} WARNING - No viable dags retrieved from /home/AtlasRise/airflow/airflow_env/lib/python3.12/site-packages/airflow/example_dags/plugins/event_listener.py
[2024-11-18T21:14:35.806+0500] {processor.py:208} INFO - Processing /home/AtlasRise/airflow/airflow_env/lib/python3.12/site-packages/airflow/example_dags/plugins/event_listener.py took 0.032 seconds
[2024-11-18T21:15:17.121+0500] {processor.py:186} INFO - Started process (PID=21736) to work on /home/AtlasRise/airflow/airflow_env/lib/python3.12/site-packages/airflow/example_dags/plugins/event_listener.py
[2024-11-18T21:15:17.123+0500] {processor.py:914} INFO - Processing file /home/AtlasRise/airflow/airflow_env/lib/python3.12/site-packages/airflow/example_dags/plugins/event_listener.py for tasks to queue
[2024-11-18T21:15:17.126+0500] {logging_mixin.py:190} INFO - [2024-11-18T21:15:17.125+0500] {dagbag.py:588} INFO - Filling up the DagBag from /home/AtlasRise/airflow/airflow_env/lib/python3.12/site-packages/airflow/example_dags/plugins/event_listener.py
[2024-11-18T21:15:17.130+0500] {processor.py:927} WARNING - No viable dags retrieved from /home/AtlasRise/airflow/airflow_env/lib/python3.12/site-packages/airflow/example_dags/plugins/event_listener.py
[2024-11-18T21:15:17.146+0500] {processor.py:208} INFO - Processing /home/AtlasRise/airflow/airflow_env/lib/python3.12/site-packages/airflow/example_dags/plugins/event_listener.py took 0.033 seconds
[2024-11-18T21:16:03.786+0500] {processor.py:186} INFO - Started process (PID=21795) to work on /home/AtlasRise/airflow/airflow_env/lib/python3.12/site-packages/airflow/example_dags/plugins/event_listener.py
[2024-11-18T21:16:03.788+0500] {processor.py:914} INFO - Processing file /home/AtlasRise/airflow/airflow_env/lib/python3.12/site-packages/airflow/example_dags/plugins/event_listener.py for tasks to queue
[2024-11-18T21:16:03.791+0500] {logging_mixin.py:190} INFO - [2024-11-18T21:16:03.791+0500] {dagbag.py:588} INFO - Filling up the DagBag from /home/AtlasRise/airflow/airflow_env/lib/python3.12/site-packages/airflow/example_dags/plugins/event_listener.py
[2024-11-18T21:16:03.795+0500] {processor.py:927} WARNING - No viable dags retrieved from /home/AtlasRise/airflow/airflow_env/lib/python3.12/site-packages/airflow/example_dags/plugins/event_listener.py
[2024-11-18T21:16:03.810+0500] {processor.py:208} INFO - Processing /home/AtlasRise/airflow/airflow_env/lib/python3.12/site-packages/airflow/example_dags/plugins/event_listener.py took 0.034 seconds
[2024-11-18T21:17:09.455+0500] {processor.py:186} INFO - Started process (PID=21896) to work on /home/AtlasRise/airflow/airflow_env/lib/python3.12/site-packages/airflow/example_dags/plugins/event_listener.py
[2024-11-18T21:17:09.458+0500] {processor.py:914} INFO - Processing file /home/AtlasRise/airflow/airflow_env/lib/python3.12/site-packages/airflow/example_dags/plugins/event_listener.py for tasks to queue
[2024-11-18T21:17:09.462+0500] {logging_mixin.py:190} INFO - [2024-11-18T21:17:09.462+0500] {dagbag.py:588} INFO - Filling up the DagBag from /home/AtlasRise/airflow/airflow_env/lib/python3.12/site-packages/airflow/example_dags/plugins/event_listener.py
[2024-11-18T21:17:09.465+0500] {processor.py:927} WARNING - No viable dags retrieved from /home/AtlasRise/airflow/airflow_env/lib/python3.12/site-packages/airflow/example_dags/plugins/event_listener.py
[2024-11-18T21:17:09.481+0500] {processor.py:208} INFO - Processing /home/AtlasRise/airflow/airflow_env/lib/python3.12/site-packages/airflow/example_dags/plugins/event_listener.py took 0.035 seconds
[2024-11-18T21:17:53.067+0500] {processor.py:186} INFO - Started process (PID=21955) to work on /home/AtlasRise/airflow/airflow_env/lib/python3.12/site-packages/airflow/example_dags/plugins/event_listener.py
[2024-11-18T21:17:53.068+0500] {processor.py:914} INFO - Processing file /home/AtlasRise/airflow/airflow_env/lib/python3.12/site-packages/airflow/example_dags/plugins/event_listener.py for tasks to queue
[2024-11-18T21:17:53.071+0500] {logging_mixin.py:190} INFO - [2024-11-18T21:17:53.071+0500] {dagbag.py:588} INFO - Filling up the DagBag from /home/AtlasRise/airflow/airflow_env/lib/python3.12/site-packages/airflow/example_dags/plugins/event_listener.py
[2024-11-18T21:17:53.074+0500] {processor.py:927} WARNING - No viable dags retrieved from /home/AtlasRise/airflow/airflow_env/lib/python3.12/site-packages/airflow/example_dags/plugins/event_listener.py
[2024-11-18T21:17:53.091+0500] {processor.py:208} INFO - Processing /home/AtlasRise/airflow/airflow_env/lib/python3.12/site-packages/airflow/example_dags/plugins/event_listener.py took 0.032 seconds
[2024-11-18T21:18:47.671+0500] {processor.py:186} INFO - Started process (PID=22034) to work on /home/AtlasRise/airflow/airflow_env/lib/python3.12/site-packages/airflow/example_dags/plugins/event_listener.py
[2024-11-18T21:18:47.674+0500] {processor.py:914} INFO - Processing file /home/AtlasRise/airflow/airflow_env/lib/python3.12/site-packages/airflow/example_dags/plugins/event_listener.py for tasks to queue
[2024-11-18T21:18:47.677+0500] {logging_mixin.py:190} INFO - [2024-11-18T21:18:47.677+0500] {dagbag.py:588} INFO - Filling up the DagBag from /home/AtlasRise/airflow/airflow_env/lib/python3.12/site-packages/airflow/example_dags/plugins/event_listener.py
[2024-11-18T21:18:47.681+0500] {processor.py:927} WARNING - No viable dags retrieved from /home/AtlasRise/airflow/airflow_env/lib/python3.12/site-packages/airflow/example_dags/plugins/event_listener.py
[2024-11-18T21:18:47.696+0500] {processor.py:208} INFO - Processing /home/AtlasRise/airflow/airflow_env/lib/python3.12/site-packages/airflow/example_dags/plugins/event_listener.py took 0.033 seconds
[2024-11-18T21:19:45.175+0500] {processor.py:186} INFO - Started process (PID=22116) to work on /home/AtlasRise/airflow/airflow_env/lib/python3.12/site-packages/airflow/example_dags/plugins/event_listener.py
[2024-11-18T21:19:45.178+0500] {processor.py:914} INFO - Processing file /home/AtlasRise/airflow/airflow_env/lib/python3.12/site-packages/airflow/example_dags/plugins/event_listener.py for tasks to queue
[2024-11-18T21:19:45.181+0500] {logging_mixin.py:190} INFO - [2024-11-18T21:19:45.180+0500] {dagbag.py:588} INFO - Filling up the DagBag from /home/AtlasRise/airflow/airflow_env/lib/python3.12/site-packages/airflow/example_dags/plugins/event_listener.py
[2024-11-18T21:19:45.184+0500] {processor.py:927} WARNING - No viable dags retrieved from /home/AtlasRise/airflow/airflow_env/lib/python3.12/site-packages/airflow/example_dags/plugins/event_listener.py
[2024-11-18T21:19:45.200+0500] {processor.py:208} INFO - Processing /home/AtlasRise/airflow/airflow_env/lib/python3.12/site-packages/airflow/example_dags/plugins/event_listener.py took 0.033 seconds
[2024-11-18T21:20:27.200+0500] {processor.py:186} INFO - Started process (PID=22157) to work on /home/AtlasRise/airflow/airflow_env/lib/python3.12/site-packages/airflow/example_dags/plugins/event_listener.py
[2024-11-18T21:20:27.202+0500] {processor.py:914} INFO - Processing file /home/AtlasRise/airflow/airflow_env/lib/python3.12/site-packages/airflow/example_dags/plugins/event_listener.py for tasks to queue
[2024-11-18T21:20:27.205+0500] {logging_mixin.py:190} INFO - [2024-11-18T21:20:27.205+0500] {dagbag.py:588} INFO - Filling up the DagBag from /home/AtlasRise/airflow/airflow_env/lib/python3.12/site-packages/airflow/example_dags/plugins/event_listener.py
[2024-11-18T21:20:27.208+0500] {processor.py:927} WARNING - No viable dags retrieved from /home/AtlasRise/airflow/airflow_env/lib/python3.12/site-packages/airflow/example_dags/plugins/event_listener.py
[2024-11-18T21:20:27.224+0500] {processor.py:208} INFO - Processing /home/AtlasRise/airflow/airflow_env/lib/python3.12/site-packages/airflow/example_dags/plugins/event_listener.py took 0.032 seconds
[2024-11-18T21:21:38.623+0500] {processor.py:186} INFO - Started process (PID=22253) to work on /home/AtlasRise/airflow/airflow_env/lib/python3.12/site-packages/airflow/example_dags/plugins/event_listener.py
[2024-11-18T21:21:38.625+0500] {processor.py:914} INFO - Processing file /home/AtlasRise/airflow/airflow_env/lib/python3.12/site-packages/airflow/example_dags/plugins/event_listener.py for tasks to queue
[2024-11-18T21:21:38.628+0500] {logging_mixin.py:190} INFO - [2024-11-18T21:21:38.627+0500] {dagbag.py:588} INFO - Filling up the DagBag from /home/AtlasRise/airflow/airflow_env/lib/python3.12/site-packages/airflow/example_dags/plugins/event_listener.py
[2024-11-18T21:21:38.631+0500] {processor.py:927} WARNING - No viable dags retrieved from /home/AtlasRise/airflow/airflow_env/lib/python3.12/site-packages/airflow/example_dags/plugins/event_listener.py
[2024-11-18T21:21:38.647+0500] {processor.py:208} INFO - Processing /home/AtlasRise/airflow/airflow_env/lib/python3.12/site-packages/airflow/example_dags/plugins/event_listener.py took 0.032 seconds
[2024-11-18T21:22:14.568+0500] {processor.py:186} INFO - Started process (PID=22293) to work on /home/AtlasRise/airflow/airflow_env/lib/python3.12/site-packages/airflow/example_dags/plugins/event_listener.py
[2024-11-18T21:22:14.570+0500] {processor.py:914} INFO - Processing file /home/AtlasRise/airflow/airflow_env/lib/python3.12/site-packages/airflow/example_dags/plugins/event_listener.py for tasks to queue
[2024-11-18T21:22:14.573+0500] {logging_mixin.py:190} INFO - [2024-11-18T21:22:14.573+0500] {dagbag.py:588} INFO - Filling up the DagBag from /home/AtlasRise/airflow/airflow_env/lib/python3.12/site-packages/airflow/example_dags/plugins/event_listener.py
[2024-11-18T21:22:14.577+0500] {processor.py:927} WARNING - No viable dags retrieved from /home/AtlasRise/airflow/airflow_env/lib/python3.12/site-packages/airflow/example_dags/plugins/event_listener.py
[2024-11-18T21:22:14.593+0500] {processor.py:208} INFO - Processing /home/AtlasRise/airflow/airflow_env/lib/python3.12/site-packages/airflow/example_dags/plugins/event_listener.py took 0.034 seconds
