[2024-11-18T20:40:18.582+0500] {processor.py:186} INFO - Started process (PID=18896) to work on /home/AtlasRise/airflow/airflow_env/lib/python3.12/site-packages/airflow/example_dags/plugins/workday.py
[2024-11-18T20:40:18.583+0500] {processor.py:914} INFO - Processing file /home/AtlasRise/airflow/airflow_env/lib/python3.12/site-packages/airflow/example_dags/plugins/workday.py for tasks to queue
[2024-11-18T20:40:18.586+0500] {logging_mixin.py:190} INFO - [2024-11-18T20:40:18.585+0500] {dagbag.py:588} INFO - Filling up the DagBag from /home/AtlasRise/airflow/airflow_env/lib/python3.12/site-packages/airflow/example_dags/plugins/workday.py
[2024-11-18T20:40:18.589+0500] {logging_mixin.py:190} INFO - [2024-11-18T20:40:18.589+0500] {workday.py:41} WARNING - Could not import pandas. Holidays will not be considered.
[2024-11-18T20:40:18.590+0500] {processor.py:927} WARNING - No viable dags retrieved from /home/AtlasRise/airflow/airflow_env/lib/python3.12/site-packages/airflow/example_dags/plugins/workday.py
[2024-11-18T20:40:18.605+0500] {processor.py:208} INFO - Processing /home/AtlasRise/airflow/airflow_env/lib/python3.12/site-packages/airflow/example_dags/plugins/workday.py took 0.031 seconds
[2024-11-18T20:41:33.113+0500] {processor.py:186} INFO - Started process (PID=18991) to work on /home/AtlasRise/airflow/airflow_env/lib/python3.12/site-packages/airflow/example_dags/plugins/workday.py
[2024-11-18T20:41:33.115+0500] {processor.py:914} INFO - Processing file /home/AtlasRise/airflow/airflow_env/lib/python3.12/site-packages/airflow/example_dags/plugins/workday.py for tasks to queue
[2024-11-18T20:41:33.117+0500] {logging_mixin.py:190} INFO - [2024-11-18T20:41:33.117+0500] {dagbag.py:588} INFO - Filling up the DagBag from /home/AtlasRise/airflow/airflow_env/lib/python3.12/site-packages/airflow/example_dags/plugins/workday.py
[2024-11-18T20:41:33.121+0500] {logging_mixin.py:190} INFO - [2024-11-18T20:41:33.121+0500] {workday.py:41} WARNING - Could not import pandas. Holidays will not be considered.
[2024-11-18T20:41:33.122+0500] {processor.py:927} WARNING - No viable dags retrieved from /home/AtlasRise/airflow/airflow_env/lib/python3.12/site-packages/airflow/example_dags/plugins/workday.py
[2024-11-18T20:41:33.137+0500] {processor.py:208} INFO - Processing /home/AtlasRise/airflow/airflow_env/lib/python3.12/site-packages/airflow/example_dags/plugins/workday.py took 0.032 seconds
[2024-11-18T20:42:13.795+0500] {processor.py:186} INFO - Started process (PID=19139) to work on /home/AtlasRise/airflow/airflow_env/lib/python3.12/site-packages/airflow/example_dags/plugins/workday.py
[2024-11-18T20:42:13.796+0500] {processor.py:914} INFO - Processing file /home/AtlasRise/airflow/airflow_env/lib/python3.12/site-packages/airflow/example_dags/plugins/workday.py for tasks to queue
[2024-11-18T20:42:13.799+0500] {logging_mixin.py:190} INFO - [2024-11-18T20:42:13.798+0500] {dagbag.py:588} INFO - Filling up the DagBag from /home/AtlasRise/airflow/airflow_env/lib/python3.12/site-packages/airflow/example_dags/plugins/workday.py
[2024-11-18T20:42:13.803+0500] {logging_mixin.py:190} INFO - [2024-11-18T20:42:13.802+0500] {workday.py:41} WARNING - Could not import pandas. Holidays will not be considered.
[2024-11-18T20:42:13.803+0500] {processor.py:927} WARNING - No viable dags retrieved from /home/AtlasRise/airflow/airflow_env/lib/python3.12/site-packages/airflow/example_dags/plugins/workday.py
[2024-11-18T20:42:13.818+0500] {processor.py:208} INFO - Processing /home/AtlasRise/airflow/airflow_env/lib/python3.12/site-packages/airflow/example_dags/plugins/workday.py took 0.032 seconds
[2024-11-18T20:42:48.928+0500] {processor.py:186} INFO - Started process (PID=19177) to work on /home/AtlasRise/airflow/airflow_env/lib/python3.12/site-packages/airflow/example_dags/plugins/workday.py
[2024-11-18T20:42:48.930+0500] {processor.py:914} INFO - Processing file /home/AtlasRise/airflow/airflow_env/lib/python3.12/site-packages/airflow/example_dags/plugins/workday.py for tasks to queue
[2024-11-18T20:42:48.933+0500] {logging_mixin.py:190} INFO - [2024-11-18T20:42:48.933+0500] {dagbag.py:588} INFO - Filling up the DagBag from /home/AtlasRise/airflow/airflow_env/lib/python3.12/site-packages/airflow/example_dags/plugins/workday.py
[2024-11-18T20:42:48.937+0500] {logging_mixin.py:190} INFO - [2024-11-18T20:42:48.937+0500] {workday.py:41} WARNING - Could not import pandas. Holidays will not be considered.
[2024-11-18T20:42:48.938+0500] {processor.py:927} WARNING - No viable dags retrieved from /home/AtlasRise/airflow/airflow_env/lib/python3.12/site-packages/airflow/example_dags/plugins/workday.py
[2024-11-18T20:42:48.953+0500] {processor.py:208} INFO - Processing /home/AtlasRise/airflow/airflow_env/lib/python3.12/site-packages/airflow/example_dags/plugins/workday.py took 0.033 seconds
[2024-11-18T20:43:56.476+0500] {processor.py:186} INFO - Started process (PID=19259) to work on /home/AtlasRise/airflow/airflow_env/lib/python3.12/site-packages/airflow/example_dags/plugins/workday.py
[2024-11-18T20:43:56.477+0500] {processor.py:914} INFO - Processing file /home/AtlasRise/airflow/airflow_env/lib/python3.12/site-packages/airflow/example_dags/plugins/workday.py for tasks to queue
[2024-11-18T20:43:56.480+0500] {logging_mixin.py:190} INFO - [2024-11-18T20:43:56.480+0500] {dagbag.py:588} INFO - Filling up the DagBag from /home/AtlasRise/airflow/airflow_env/lib/python3.12/site-packages/airflow/example_dags/plugins/workday.py
[2024-11-18T20:43:56.484+0500] {logging_mixin.py:190} INFO - [2024-11-18T20:43:56.484+0500] {workday.py:41} WARNING - Could not import pandas. Holidays will not be considered.
[2024-11-18T20:43:56.485+0500] {processor.py:927} WARNING - No viable dags retrieved from /home/AtlasRise/airflow/airflow_env/lib/python3.12/site-packages/airflow/example_dags/plugins/workday.py
[2024-11-18T20:43:56.500+0500] {processor.py:208} INFO - Processing /home/AtlasRise/airflow/airflow_env/lib/python3.12/site-packages/airflow/example_dags/plugins/workday.py took 0.032 seconds
[2024-11-18T20:45:00.482+0500] {processor.py:186} INFO - Started process (PID=19327) to work on /home/AtlasRise/airflow/airflow_env/lib/python3.12/site-packages/airflow/example_dags/plugins/workday.py
[2024-11-18T20:45:00.485+0500] {processor.py:914} INFO - Processing file /home/AtlasRise/airflow/airflow_env/lib/python3.12/site-packages/airflow/example_dags/plugins/workday.py for tasks to queue
[2024-11-18T20:45:00.489+0500] {logging_mixin.py:190} INFO - [2024-11-18T20:45:00.489+0500] {dagbag.py:588} INFO - Filling up the DagBag from /home/AtlasRise/airflow/airflow_env/lib/python3.12/site-packages/airflow/example_dags/plugins/workday.py
[2024-11-18T20:45:00.495+0500] {logging_mixin.py:190} INFO - [2024-11-18T20:45:00.495+0500] {workday.py:41} WARNING - Could not import pandas. Holidays will not be considered.
[2024-11-18T20:45:00.496+0500] {processor.py:927} WARNING - No viable dags retrieved from /home/AtlasRise/airflow/airflow_env/lib/python3.12/site-packages/airflow/example_dags/plugins/workday.py
[2024-11-18T20:45:00.512+0500] {processor.py:208} INFO - Processing /home/AtlasRise/airflow/airflow_env/lib/python3.12/site-packages/airflow/example_dags/plugins/workday.py took 0.039 seconds
[2024-11-18T20:45:36.149+0500] {processor.py:186} INFO - Started process (PID=19484) to work on /home/AtlasRise/airflow/airflow_env/lib/python3.12/site-packages/airflow/example_dags/plugins/workday.py
[2024-11-18T20:45:36.152+0500] {processor.py:914} INFO - Processing file /home/AtlasRise/airflow/airflow_env/lib/python3.12/site-packages/airflow/example_dags/plugins/workday.py for tasks to queue
[2024-11-18T20:45:36.155+0500] {logging_mixin.py:190} INFO - [2024-11-18T20:45:36.154+0500] {dagbag.py:588} INFO - Filling up the DagBag from /home/AtlasRise/airflow/airflow_env/lib/python3.12/site-packages/airflow/example_dags/plugins/workday.py
[2024-11-18T20:45:36.159+0500] {logging_mixin.py:190} INFO - [2024-11-18T20:45:36.158+0500] {workday.py:41} WARNING - Could not import pandas. Holidays will not be considered.
[2024-11-18T20:45:36.159+0500] {processor.py:927} WARNING - No viable dags retrieved from /home/AtlasRise/airflow/airflow_env/lib/python3.12/site-packages/airflow/example_dags/plugins/workday.py
[2024-11-18T20:45:36.174+0500] {processor.py:208} INFO - Processing /home/AtlasRise/airflow/airflow_env/lib/python3.12/site-packages/airflow/example_dags/plugins/workday.py took 0.033 seconds
[2024-11-18T20:46:15.129+0500] {processor.py:186} INFO - Started process (PID=19520) to work on /home/AtlasRise/airflow/airflow_env/lib/python3.12/site-packages/airflow/example_dags/plugins/workday.py
[2024-11-18T20:46:15.131+0500] {processor.py:914} INFO - Processing file /home/AtlasRise/airflow/airflow_env/lib/python3.12/site-packages/airflow/example_dags/plugins/workday.py for tasks to queue
[2024-11-18T20:46:15.135+0500] {logging_mixin.py:190} INFO - [2024-11-18T20:46:15.134+0500] {dagbag.py:588} INFO - Filling up the DagBag from /home/AtlasRise/airflow/airflow_env/lib/python3.12/site-packages/airflow/example_dags/plugins/workday.py
[2024-11-18T20:46:15.140+0500] {logging_mixin.py:190} INFO - [2024-11-18T20:46:15.139+0500] {workday.py:41} WARNING - Could not import pandas. Holidays will not be considered.
[2024-11-18T20:46:15.140+0500] {processor.py:927} WARNING - No viable dags retrieved from /home/AtlasRise/airflow/airflow_env/lib/python3.12/site-packages/airflow/example_dags/plugins/workday.py
[2024-11-18T20:46:15.159+0500] {processor.py:208} INFO - Processing /home/AtlasRise/airflow/airflow_env/lib/python3.12/site-packages/airflow/example_dags/plugins/workday.py took 0.037 seconds
[2024-11-18T20:46:54.840+0500] {processor.py:186} INFO - Started process (PID=19586) to work on /home/AtlasRise/airflow/airflow_env/lib/python3.12/site-packages/airflow/example_dags/plugins/workday.py
[2024-11-18T20:46:54.842+0500] {processor.py:914} INFO - Processing file /home/AtlasRise/airflow/airflow_env/lib/python3.12/site-packages/airflow/example_dags/plugins/workday.py for tasks to queue
[2024-11-18T20:46:54.845+0500] {logging_mixin.py:190} INFO - [2024-11-18T20:46:54.845+0500] {dagbag.py:588} INFO - Filling up the DagBag from /home/AtlasRise/airflow/airflow_env/lib/python3.12/site-packages/airflow/example_dags/plugins/workday.py
[2024-11-18T20:46:54.849+0500] {logging_mixin.py:190} INFO - [2024-11-18T20:46:54.849+0500] {workday.py:41} WARNING - Could not import pandas. Holidays will not be considered.
[2024-11-18T20:46:54.850+0500] {processor.py:927} WARNING - No viable dags retrieved from /home/AtlasRise/airflow/airflow_env/lib/python3.12/site-packages/airflow/example_dags/plugins/workday.py
[2024-11-18T20:46:54.865+0500] {processor.py:208} INFO - Processing /home/AtlasRise/airflow/airflow_env/lib/python3.12/site-packages/airflow/example_dags/plugins/workday.py took 0.034 seconds
[2024-11-18T20:47:31.051+0500] {processor.py:186} INFO - Started process (PID=19652) to work on /home/AtlasRise/airflow/airflow_env/lib/python3.12/site-packages/airflow/example_dags/plugins/workday.py
[2024-11-18T20:47:31.052+0500] {processor.py:914} INFO - Processing file /home/AtlasRise/airflow/airflow_env/lib/python3.12/site-packages/airflow/example_dags/plugins/workday.py for tasks to queue
[2024-11-18T20:47:31.055+0500] {logging_mixin.py:190} INFO - [2024-11-18T20:47:31.055+0500] {dagbag.py:588} INFO - Filling up the DagBag from /home/AtlasRise/airflow/airflow_env/lib/python3.12/site-packages/airflow/example_dags/plugins/workday.py
[2024-11-18T20:47:31.059+0500] {logging_mixin.py:190} INFO - [2024-11-18T20:47:31.059+0500] {workday.py:41} WARNING - Could not import pandas. Holidays will not be considered.
[2024-11-18T20:47:31.060+0500] {processor.py:927} WARNING - No viable dags retrieved from /home/AtlasRise/airflow/airflow_env/lib/python3.12/site-packages/airflow/example_dags/plugins/workday.py
[2024-11-18T20:47:31.075+0500] {processor.py:208} INFO - Processing /home/AtlasRise/airflow/airflow_env/lib/python3.12/site-packages/airflow/example_dags/plugins/workday.py took 0.032 seconds
[2024-11-18T20:48:35.193+0500] {processor.py:186} INFO - Started process (PID=19788) to work on /home/AtlasRise/airflow/airflow_env/lib/python3.12/site-packages/airflow/example_dags/plugins/workday.py
[2024-11-18T20:48:35.195+0500] {processor.py:914} INFO - Processing file /home/AtlasRise/airflow/airflow_env/lib/python3.12/site-packages/airflow/example_dags/plugins/workday.py for tasks to queue
[2024-11-18T20:48:35.198+0500] {logging_mixin.py:190} INFO - [2024-11-18T20:48:35.198+0500] {dagbag.py:588} INFO - Filling up the DagBag from /home/AtlasRise/airflow/airflow_env/lib/python3.12/site-packages/airflow/example_dags/plugins/workday.py
[2024-11-18T20:48:35.202+0500] {logging_mixin.py:190} INFO - [2024-11-18T20:48:35.202+0500] {workday.py:41} WARNING - Could not import pandas. Holidays will not be considered.
[2024-11-18T20:48:35.203+0500] {processor.py:927} WARNING - No viable dags retrieved from /home/AtlasRise/airflow/airflow_env/lib/python3.12/site-packages/airflow/example_dags/plugins/workday.py
[2024-11-18T20:48:35.219+0500] {processor.py:208} INFO - Processing /home/AtlasRise/airflow/airflow_env/lib/python3.12/site-packages/airflow/example_dags/plugins/workday.py took 0.035 seconds
[2024-11-18T20:49:10.759+0500] {processor.py:186} INFO - Started process (PID=19825) to work on /home/AtlasRise/airflow/airflow_env/lib/python3.12/site-packages/airflow/example_dags/plugins/workday.py
[2024-11-18T20:49:10.760+0500] {processor.py:914} INFO - Processing file /home/AtlasRise/airflow/airflow_env/lib/python3.12/site-packages/airflow/example_dags/plugins/workday.py for tasks to queue
[2024-11-18T20:49:10.764+0500] {logging_mixin.py:190} INFO - [2024-11-18T20:49:10.763+0500] {dagbag.py:588} INFO - Filling up the DagBag from /home/AtlasRise/airflow/airflow_env/lib/python3.12/site-packages/airflow/example_dags/plugins/workday.py
[2024-11-18T20:49:10.768+0500] {logging_mixin.py:190} INFO - [2024-11-18T20:49:10.768+0500] {workday.py:41} WARNING - Could not import pandas. Holidays will not be considered.
[2024-11-18T20:49:10.769+0500] {processor.py:927} WARNING - No viable dags retrieved from /home/AtlasRise/airflow/airflow_env/lib/python3.12/site-packages/airflow/example_dags/plugins/workday.py
[2024-11-18T20:49:10.784+0500] {processor.py:208} INFO - Processing /home/AtlasRise/airflow/airflow_env/lib/python3.12/site-packages/airflow/example_dags/plugins/workday.py took 0.033 seconds
[2024-11-18T20:49:45.710+0500] {processor.py:186} INFO - Started process (PID=19864) to work on /home/AtlasRise/airflow/airflow_env/lib/python3.12/site-packages/airflow/example_dags/plugins/workday.py
[2024-11-18T20:49:45.711+0500] {processor.py:914} INFO - Processing file /home/AtlasRise/airflow/airflow_env/lib/python3.12/site-packages/airflow/example_dags/plugins/workday.py for tasks to queue
[2024-11-18T20:49:45.714+0500] {logging_mixin.py:190} INFO - [2024-11-18T20:49:45.714+0500] {dagbag.py:588} INFO - Filling up the DagBag from /home/AtlasRise/airflow/airflow_env/lib/python3.12/site-packages/airflow/example_dags/plugins/workday.py
[2024-11-18T20:49:45.718+0500] {logging_mixin.py:190} INFO - [2024-11-18T20:49:45.718+0500] {workday.py:41} WARNING - Could not import pandas. Holidays will not be considered.
[2024-11-18T20:49:45.719+0500] {processor.py:927} WARNING - No viable dags retrieved from /home/AtlasRise/airflow/airflow_env/lib/python3.12/site-packages/airflow/example_dags/plugins/workday.py
[2024-11-18T20:49:45.735+0500] {processor.py:208} INFO - Processing /home/AtlasRise/airflow/airflow_env/lib/python3.12/site-packages/airflow/example_dags/plugins/workday.py took 0.034 seconds
[2024-11-18T20:50:54.717+0500] {processor.py:186} INFO - Started process (PID=19935) to work on /home/AtlasRise/airflow/airflow_env/lib/python3.12/site-packages/airflow/example_dags/plugins/workday.py
[2024-11-18T20:50:54.719+0500] {processor.py:914} INFO - Processing file /home/AtlasRise/airflow/airflow_env/lib/python3.12/site-packages/airflow/example_dags/plugins/workday.py for tasks to queue
[2024-11-18T20:50:54.722+0500] {logging_mixin.py:190} INFO - [2024-11-18T20:50:54.722+0500] {dagbag.py:588} INFO - Filling up the DagBag from /home/AtlasRise/airflow/airflow_env/lib/python3.12/site-packages/airflow/example_dags/plugins/workday.py
[2024-11-18T20:50:54.726+0500] {logging_mixin.py:190} INFO - [2024-11-18T20:50:54.726+0500] {workday.py:41} WARNING - Could not import pandas. Holidays will not be considered.
[2024-11-18T20:50:54.727+0500] {processor.py:927} WARNING - No viable dags retrieved from /home/AtlasRise/airflow/airflow_env/lib/python3.12/site-packages/airflow/example_dags/plugins/workday.py
[2024-11-18T20:50:54.743+0500] {processor.py:208} INFO - Processing /home/AtlasRise/airflow/airflow_env/lib/python3.12/site-packages/airflow/example_dags/plugins/workday.py took 0.034 seconds
[2024-11-18T20:51:28.661+0500] {processor.py:186} INFO - Started process (PID=19982) to work on /home/AtlasRise/airflow/airflow_env/lib/python3.12/site-packages/airflow/example_dags/plugins/workday.py
[2024-11-18T20:51:28.664+0500] {processor.py:914} INFO - Processing file /home/AtlasRise/airflow/airflow_env/lib/python3.12/site-packages/airflow/example_dags/plugins/workday.py for tasks to queue
[2024-11-18T20:51:28.667+0500] {logging_mixin.py:190} INFO - [2024-11-18T20:51:28.666+0500] {dagbag.py:588} INFO - Filling up the DagBag from /home/AtlasRise/airflow/airflow_env/lib/python3.12/site-packages/airflow/example_dags/plugins/workday.py
[2024-11-18T20:51:28.671+0500] {logging_mixin.py:190} INFO - [2024-11-18T20:51:28.671+0500] {workday.py:41} WARNING - Could not import pandas. Holidays will not be considered.
[2024-11-18T20:51:28.672+0500] {processor.py:927} WARNING - No viable dags retrieved from /home/AtlasRise/airflow/airflow_env/lib/python3.12/site-packages/airflow/example_dags/plugins/workday.py
[2024-11-18T20:51:28.687+0500] {processor.py:208} INFO - Processing /home/AtlasRise/airflow/airflow_env/lib/python3.12/site-packages/airflow/example_dags/plugins/workday.py took 0.035 seconds
[2024-11-18T20:52:06.711+0500] {processor.py:186} INFO - Started process (PID=20021) to work on /home/AtlasRise/airflow/airflow_env/lib/python3.12/site-packages/airflow/example_dags/plugins/workday.py
[2024-11-18T20:52:06.713+0500] {processor.py:914} INFO - Processing file /home/AtlasRise/airflow/airflow_env/lib/python3.12/site-packages/airflow/example_dags/plugins/workday.py for tasks to queue
[2024-11-18T20:52:06.716+0500] {logging_mixin.py:190} INFO - [2024-11-18T20:52:06.716+0500] {dagbag.py:588} INFO - Filling up the DagBag from /home/AtlasRise/airflow/airflow_env/lib/python3.12/site-packages/airflow/example_dags/plugins/workday.py
[2024-11-18T20:52:06.720+0500] {logging_mixin.py:190} INFO - [2024-11-18T20:52:06.720+0500] {workday.py:41} WARNING - Could not import pandas. Holidays will not be considered.
[2024-11-18T20:52:06.721+0500] {processor.py:927} WARNING - No viable dags retrieved from /home/AtlasRise/airflow/airflow_env/lib/python3.12/site-packages/airflow/example_dags/plugins/workday.py
[2024-11-18T20:52:06.737+0500] {processor.py:208} INFO - Processing /home/AtlasRise/airflow/airflow_env/lib/python3.12/site-packages/airflow/example_dags/plugins/workday.py took 0.035 seconds
[2024-11-18T20:53:10.141+0500] {processor.py:186} INFO - Started process (PID=20091) to work on /home/AtlasRise/airflow/airflow_env/lib/python3.12/site-packages/airflow/example_dags/plugins/workday.py
[2024-11-18T20:53:10.142+0500] {processor.py:914} INFO - Processing file /home/AtlasRise/airflow/airflow_env/lib/python3.12/site-packages/airflow/example_dags/plugins/workday.py for tasks to queue
[2024-11-18T20:53:10.145+0500] {logging_mixin.py:190} INFO - [2024-11-18T20:53:10.145+0500] {dagbag.py:588} INFO - Filling up the DagBag from /home/AtlasRise/airflow/airflow_env/lib/python3.12/site-packages/airflow/example_dags/plugins/workday.py
[2024-11-18T20:53:10.149+0500] {logging_mixin.py:190} INFO - [2024-11-18T20:53:10.148+0500] {workday.py:41} WARNING - Could not import pandas. Holidays will not be considered.
[2024-11-18T20:53:10.149+0500] {processor.py:927} WARNING - No viable dags retrieved from /home/AtlasRise/airflow/airflow_env/lib/python3.12/site-packages/airflow/example_dags/plugins/workday.py
[2024-11-18T20:53:10.165+0500] {processor.py:208} INFO - Processing /home/AtlasRise/airflow/airflow_env/lib/python3.12/site-packages/airflow/example_dags/plugins/workday.py took 0.033 seconds
[2024-11-18T20:53:47.574+0500] {processor.py:186} INFO - Started process (PID=20128) to work on /home/AtlasRise/airflow/airflow_env/lib/python3.12/site-packages/airflow/example_dags/plugins/workday.py
[2024-11-18T20:53:47.576+0500] {processor.py:914} INFO - Processing file /home/AtlasRise/airflow/airflow_env/lib/python3.12/site-packages/airflow/example_dags/plugins/workday.py for tasks to queue
[2024-11-18T20:53:47.579+0500] {logging_mixin.py:190} INFO - [2024-11-18T20:53:47.579+0500] {dagbag.py:588} INFO - Filling up the DagBag from /home/AtlasRise/airflow/airflow_env/lib/python3.12/site-packages/airflow/example_dags/plugins/workday.py
[2024-11-18T20:53:47.583+0500] {logging_mixin.py:190} INFO - [2024-11-18T20:53:47.583+0500] {workday.py:41} WARNING - Could not import pandas. Holidays will not be considered.
[2024-11-18T20:53:47.584+0500] {processor.py:927} WARNING - No viable dags retrieved from /home/AtlasRise/airflow/airflow_env/lib/python3.12/site-packages/airflow/example_dags/plugins/workday.py
[2024-11-18T20:53:47.599+0500] {processor.py:208} INFO - Processing /home/AtlasRise/airflow/airflow_env/lib/python3.12/site-packages/airflow/example_dags/plugins/workday.py took 0.034 seconds
[2024-11-18T20:54:23.219+0500] {processor.py:186} INFO - Started process (PID=20180) to work on /home/AtlasRise/airflow/airflow_env/lib/python3.12/site-packages/airflow/example_dags/plugins/workday.py
[2024-11-18T20:54:23.221+0500] {processor.py:914} INFO - Processing file /home/AtlasRise/airflow/airflow_env/lib/python3.12/site-packages/airflow/example_dags/plugins/workday.py for tasks to queue
[2024-11-18T20:54:23.224+0500] {logging_mixin.py:190} INFO - [2024-11-18T20:54:23.223+0500] {dagbag.py:588} INFO - Filling up the DagBag from /home/AtlasRise/airflow/airflow_env/lib/python3.12/site-packages/airflow/example_dags/plugins/workday.py
[2024-11-18T20:54:23.229+0500] {logging_mixin.py:190} INFO - [2024-11-18T20:54:23.228+0500] {workday.py:41} WARNING - Could not import pandas. Holidays will not be considered.
[2024-11-18T20:54:23.229+0500] {processor.py:927} WARNING - No viable dags retrieved from /home/AtlasRise/airflow/airflow_env/lib/python3.12/site-packages/airflow/example_dags/plugins/workday.py
[2024-11-18T20:54:23.244+0500] {processor.py:208} INFO - Processing /home/AtlasRise/airflow/airflow_env/lib/python3.12/site-packages/airflow/example_dags/plugins/workday.py took 0.033 seconds
[2024-11-18T20:55:05.334+0500] {processor.py:186} INFO - Started process (PID=20225) to work on /home/AtlasRise/airflow/airflow_env/lib/python3.12/site-packages/airflow/example_dags/plugins/workday.py
[2024-11-18T20:55:05.345+0500] {processor.py:914} INFO - Processing file /home/AtlasRise/airflow/airflow_env/lib/python3.12/site-packages/airflow/example_dags/plugins/workday.py for tasks to queue
[2024-11-18T20:55:05.348+0500] {logging_mixin.py:190} INFO - [2024-11-18T20:55:05.347+0500] {dagbag.py:588} INFO - Filling up the DagBag from /home/AtlasRise/airflow/airflow_env/lib/python3.12/site-packages/airflow/example_dags/plugins/workday.py
[2024-11-18T20:55:05.352+0500] {logging_mixin.py:190} INFO - [2024-11-18T20:55:05.351+0500] {workday.py:41} WARNING - Could not import pandas. Holidays will not be considered.
[2024-11-18T20:55:05.352+0500] {processor.py:927} WARNING - No viable dags retrieved from /home/AtlasRise/airflow/airflow_env/lib/python3.12/site-packages/airflow/example_dags/plugins/workday.py
[2024-11-18T20:55:05.367+0500] {processor.py:208} INFO - Processing /home/AtlasRise/airflow/airflow_env/lib/python3.12/site-packages/airflow/example_dags/plugins/workday.py took 0.041 seconds
[2024-11-18T20:55:50.526+0500] {processor.py:186} INFO - Started process (PID=20269) to work on /home/AtlasRise/airflow/airflow_env/lib/python3.12/site-packages/airflow/example_dags/plugins/workday.py
[2024-11-18T20:55:50.532+0500] {processor.py:914} INFO - Processing file /home/AtlasRise/airflow/airflow_env/lib/python3.12/site-packages/airflow/example_dags/plugins/workday.py for tasks to queue
[2024-11-18T20:55:50.535+0500] {logging_mixin.py:190} INFO - [2024-11-18T20:55:50.535+0500] {dagbag.py:588} INFO - Filling up the DagBag from /home/AtlasRise/airflow/airflow_env/lib/python3.12/site-packages/airflow/example_dags/plugins/workday.py
[2024-11-18T20:55:50.540+0500] {logging_mixin.py:190} INFO - [2024-11-18T20:55:50.539+0500] {workday.py:41} WARNING - Could not import pandas. Holidays will not be considered.
[2024-11-18T20:55:50.540+0500] {processor.py:927} WARNING - No viable dags retrieved from /home/AtlasRise/airflow/airflow_env/lib/python3.12/site-packages/airflow/example_dags/plugins/workday.py
[2024-11-18T20:55:50.556+0500] {processor.py:208} INFO - Processing /home/AtlasRise/airflow/airflow_env/lib/python3.12/site-packages/airflow/example_dags/plugins/workday.py took 0.039 seconds
[2024-11-18T20:56:29.694+0500] {processor.py:186} INFO - Started process (PID=20319) to work on /home/AtlasRise/airflow/airflow_env/lib/python3.12/site-packages/airflow/example_dags/plugins/workday.py
[2024-11-18T20:56:29.696+0500] {processor.py:914} INFO - Processing file /home/AtlasRise/airflow/airflow_env/lib/python3.12/site-packages/airflow/example_dags/plugins/workday.py for tasks to queue
[2024-11-18T20:56:29.703+0500] {logging_mixin.py:190} INFO - [2024-11-18T20:56:29.702+0500] {dagbag.py:588} INFO - Filling up the DagBag from /home/AtlasRise/airflow/airflow_env/lib/python3.12/site-packages/airflow/example_dags/plugins/workday.py
[2024-11-18T20:56:29.715+0500] {logging_mixin.py:190} INFO - [2024-11-18T20:56:29.715+0500] {workday.py:41} WARNING - Could not import pandas. Holidays will not be considered.
[2024-11-18T20:56:29.716+0500] {processor.py:927} WARNING - No viable dags retrieved from /home/AtlasRise/airflow/airflow_env/lib/python3.12/site-packages/airflow/example_dags/plugins/workday.py
[2024-11-18T20:56:29.765+0500] {processor.py:208} INFO - Processing /home/AtlasRise/airflow/airflow_env/lib/python3.12/site-packages/airflow/example_dags/plugins/workday.py took 0.098 seconds
[2024-11-18T20:57:06.194+0500] {processor.py:186} INFO - Started process (PID=20361) to work on /home/AtlasRise/airflow/airflow_env/lib/python3.12/site-packages/airflow/example_dags/plugins/workday.py
[2024-11-18T20:57:06.195+0500] {processor.py:914} INFO - Processing file /home/AtlasRise/airflow/airflow_env/lib/python3.12/site-packages/airflow/example_dags/plugins/workday.py for tasks to queue
[2024-11-18T20:57:06.198+0500] {logging_mixin.py:190} INFO - [2024-11-18T20:57:06.198+0500] {dagbag.py:588} INFO - Filling up the DagBag from /home/AtlasRise/airflow/airflow_env/lib/python3.12/site-packages/airflow/example_dags/plugins/workday.py
[2024-11-18T20:57:06.203+0500] {logging_mixin.py:190} INFO - [2024-11-18T20:57:06.203+0500] {workday.py:41} WARNING - Could not import pandas. Holidays will not be considered.
[2024-11-18T20:57:06.204+0500] {processor.py:927} WARNING - No viable dags retrieved from /home/AtlasRise/airflow/airflow_env/lib/python3.12/site-packages/airflow/example_dags/plugins/workday.py
[2024-11-18T20:57:06.220+0500] {processor.py:208} INFO - Processing /home/AtlasRise/airflow/airflow_env/lib/python3.12/site-packages/airflow/example_dags/plugins/workday.py took 0.035 seconds
[2024-11-18T20:57:42.959+0500] {processor.py:186} INFO - Started process (PID=20397) to work on /home/AtlasRise/airflow/airflow_env/lib/python3.12/site-packages/airflow/example_dags/plugins/workday.py
[2024-11-18T20:57:42.960+0500] {processor.py:914} INFO - Processing file /home/AtlasRise/airflow/airflow_env/lib/python3.12/site-packages/airflow/example_dags/plugins/workday.py for tasks to queue
[2024-11-18T20:57:42.964+0500] {logging_mixin.py:190} INFO - [2024-11-18T20:57:42.963+0500] {dagbag.py:588} INFO - Filling up the DagBag from /home/AtlasRise/airflow/airflow_env/lib/python3.12/site-packages/airflow/example_dags/plugins/workday.py
[2024-11-18T20:57:42.968+0500] {logging_mixin.py:190} INFO - [2024-11-18T20:57:42.967+0500] {workday.py:41} WARNING - Could not import pandas. Holidays will not be considered.
[2024-11-18T20:57:42.969+0500] {processor.py:927} WARNING - No viable dags retrieved from /home/AtlasRise/airflow/airflow_env/lib/python3.12/site-packages/airflow/example_dags/plugins/workday.py
[2024-11-18T20:57:42.986+0500] {processor.py:208} INFO - Processing /home/AtlasRise/airflow/airflow_env/lib/python3.12/site-packages/airflow/example_dags/plugins/workday.py took 0.036 seconds
[2024-11-18T20:58:19.106+0500] {processor.py:186} INFO - Started process (PID=20440) to work on /home/AtlasRise/airflow/airflow_env/lib/python3.12/site-packages/airflow/example_dags/plugins/workday.py
[2024-11-18T20:58:19.107+0500] {processor.py:914} INFO - Processing file /home/AtlasRise/airflow/airflow_env/lib/python3.12/site-packages/airflow/example_dags/plugins/workday.py for tasks to queue
[2024-11-18T20:58:19.110+0500] {logging_mixin.py:190} INFO - [2024-11-18T20:58:19.110+0500] {dagbag.py:588} INFO - Filling up the DagBag from /home/AtlasRise/airflow/airflow_env/lib/python3.12/site-packages/airflow/example_dags/plugins/workday.py
[2024-11-18T20:58:19.114+0500] {logging_mixin.py:190} INFO - [2024-11-18T20:58:19.114+0500] {workday.py:41} WARNING - Could not import pandas. Holidays will not be considered.
[2024-11-18T20:58:19.115+0500] {processor.py:927} WARNING - No viable dags retrieved from /home/AtlasRise/airflow/airflow_env/lib/python3.12/site-packages/airflow/example_dags/plugins/workday.py
[2024-11-18T20:58:19.130+0500] {processor.py:208} INFO - Processing /home/AtlasRise/airflow/airflow_env/lib/python3.12/site-packages/airflow/example_dags/plugins/workday.py took 0.033 seconds
[2024-11-18T20:59:26.871+0500] {processor.py:186} INFO - Started process (PID=20527) to work on /home/AtlasRise/airflow/airflow_env/lib/python3.12/site-packages/airflow/example_dags/plugins/workday.py
[2024-11-18T20:59:26.873+0500] {processor.py:914} INFO - Processing file /home/AtlasRise/airflow/airflow_env/lib/python3.12/site-packages/airflow/example_dags/plugins/workday.py for tasks to queue
[2024-11-18T20:59:26.876+0500] {logging_mixin.py:190} INFO - [2024-11-18T20:59:26.875+0500] {dagbag.py:588} INFO - Filling up the DagBag from /home/AtlasRise/airflow/airflow_env/lib/python3.12/site-packages/airflow/example_dags/plugins/workday.py
[2024-11-18T20:59:26.880+0500] {logging_mixin.py:190} INFO - [2024-11-18T20:59:26.879+0500] {workday.py:41} WARNING - Could not import pandas. Holidays will not be considered.
[2024-11-18T20:59:26.880+0500] {processor.py:927} WARNING - No viable dags retrieved from /home/AtlasRise/airflow/airflow_env/lib/python3.12/site-packages/airflow/example_dags/plugins/workday.py
[2024-11-18T20:59:26.904+0500] {processor.py:208} INFO - Processing /home/AtlasRise/airflow/airflow_env/lib/python3.12/site-packages/airflow/example_dags/plugins/workday.py took 0.042 seconds
[2024-11-18T21:00:05.396+0500] {processor.py:186} INFO - Started process (PID=20566) to work on /home/AtlasRise/airflow/airflow_env/lib/python3.12/site-packages/airflow/example_dags/plugins/workday.py
[2024-11-18T21:00:05.398+0500] {processor.py:914} INFO - Processing file /home/AtlasRise/airflow/airflow_env/lib/python3.12/site-packages/airflow/example_dags/plugins/workday.py for tasks to queue
[2024-11-18T21:00:05.401+0500] {logging_mixin.py:190} INFO - [2024-11-18T21:00:05.401+0500] {dagbag.py:588} INFO - Filling up the DagBag from /home/AtlasRise/airflow/airflow_env/lib/python3.12/site-packages/airflow/example_dags/plugins/workday.py
[2024-11-18T21:00:05.406+0500] {logging_mixin.py:190} INFO - [2024-11-18T21:00:05.405+0500] {workday.py:41} WARNING - Could not import pandas. Holidays will not be considered.
[2024-11-18T21:00:05.407+0500] {processor.py:927} WARNING - No viable dags retrieved from /home/AtlasRise/airflow/airflow_env/lib/python3.12/site-packages/airflow/example_dags/plugins/workday.py
[2024-11-18T21:00:05.422+0500] {processor.py:208} INFO - Processing /home/AtlasRise/airflow/airflow_env/lib/python3.12/site-packages/airflow/example_dags/plugins/workday.py took 0.036 seconds
[2024-11-18T21:00:41.194+0500] {processor.py:186} INFO - Started process (PID=20603) to work on /home/AtlasRise/airflow/airflow_env/lib/python3.12/site-packages/airflow/example_dags/plugins/workday.py
[2024-11-18T21:00:41.195+0500] {processor.py:914} INFO - Processing file /home/AtlasRise/airflow/airflow_env/lib/python3.12/site-packages/airflow/example_dags/plugins/workday.py for tasks to queue
[2024-11-18T21:00:41.198+0500] {logging_mixin.py:190} INFO - [2024-11-18T21:00:41.198+0500] {dagbag.py:588} INFO - Filling up the DagBag from /home/AtlasRise/airflow/airflow_env/lib/python3.12/site-packages/airflow/example_dags/plugins/workday.py
[2024-11-18T21:00:41.202+0500] {logging_mixin.py:190} INFO - [2024-11-18T21:00:41.202+0500] {workday.py:41} WARNING - Could not import pandas. Holidays will not be considered.
[2024-11-18T21:00:41.203+0500] {processor.py:927} WARNING - No viable dags retrieved from /home/AtlasRise/airflow/airflow_env/lib/python3.12/site-packages/airflow/example_dags/plugins/workday.py
[2024-11-18T21:00:41.218+0500] {processor.py:208} INFO - Processing /home/AtlasRise/airflow/airflow_env/lib/python3.12/site-packages/airflow/example_dags/plugins/workday.py took 0.032 seconds
[2024-11-18T21:01:46.230+0500] {processor.py:186} INFO - Started process (PID=20685) to work on /home/AtlasRise/airflow/airflow_env/lib/python3.12/site-packages/airflow/example_dags/plugins/workday.py
[2024-11-18T21:01:46.232+0500] {processor.py:914} INFO - Processing file /home/AtlasRise/airflow/airflow_env/lib/python3.12/site-packages/airflow/example_dags/plugins/workday.py for tasks to queue
[2024-11-18T21:01:46.235+0500] {logging_mixin.py:190} INFO - [2024-11-18T21:01:46.235+0500] {dagbag.py:588} INFO - Filling up the DagBag from /home/AtlasRise/airflow/airflow_env/lib/python3.12/site-packages/airflow/example_dags/plugins/workday.py
[2024-11-18T21:01:46.239+0500] {logging_mixin.py:190} INFO - [2024-11-18T21:01:46.239+0500] {workday.py:41} WARNING - Could not import pandas. Holidays will not be considered.
[2024-11-18T21:01:46.240+0500] {processor.py:927} WARNING - No viable dags retrieved from /home/AtlasRise/airflow/airflow_env/lib/python3.12/site-packages/airflow/example_dags/plugins/workday.py
[2024-11-18T21:01:46.256+0500] {processor.py:208} INFO - Processing /home/AtlasRise/airflow/airflow_env/lib/python3.12/site-packages/airflow/example_dags/plugins/workday.py took 0.034 seconds
[2024-11-18T21:02:22.141+0500] {processor.py:186} INFO - Started process (PID=20719) to work on /home/AtlasRise/airflow/airflow_env/lib/python3.12/site-packages/airflow/example_dags/plugins/workday.py
[2024-11-18T21:02:22.142+0500] {processor.py:914} INFO - Processing file /home/AtlasRise/airflow/airflow_env/lib/python3.12/site-packages/airflow/example_dags/plugins/workday.py for tasks to queue
[2024-11-18T21:02:22.145+0500] {logging_mixin.py:190} INFO - [2024-11-18T21:02:22.145+0500] {dagbag.py:588} INFO - Filling up the DagBag from /home/AtlasRise/airflow/airflow_env/lib/python3.12/site-packages/airflow/example_dags/plugins/workday.py
[2024-11-18T21:02:22.149+0500] {logging_mixin.py:190} INFO - [2024-11-18T21:02:22.149+0500] {workday.py:41} WARNING - Could not import pandas. Holidays will not be considered.
[2024-11-18T21:02:22.150+0500] {processor.py:927} WARNING - No viable dags retrieved from /home/AtlasRise/airflow/airflow_env/lib/python3.12/site-packages/airflow/example_dags/plugins/workday.py
[2024-11-18T21:02:22.167+0500] {processor.py:208} INFO - Processing /home/AtlasRise/airflow/airflow_env/lib/python3.12/site-packages/airflow/example_dags/plugins/workday.py took 0.034 seconds
[2024-11-18T21:02:59.578+0500] {processor.py:186} INFO - Started process (PID=20758) to work on /home/AtlasRise/airflow/airflow_env/lib/python3.12/site-packages/airflow/example_dags/plugins/workday.py
[2024-11-18T21:02:59.581+0500] {processor.py:914} INFO - Processing file /home/AtlasRise/airflow/airflow_env/lib/python3.12/site-packages/airflow/example_dags/plugins/workday.py for tasks to queue
[2024-11-18T21:02:59.584+0500] {logging_mixin.py:190} INFO - [2024-11-18T21:02:59.584+0500] {dagbag.py:588} INFO - Filling up the DagBag from /home/AtlasRise/airflow/airflow_env/lib/python3.12/site-packages/airflow/example_dags/plugins/workday.py
[2024-11-18T21:02:59.589+0500] {logging_mixin.py:190} INFO - [2024-11-18T21:02:59.589+0500] {workday.py:41} WARNING - Could not import pandas. Holidays will not be considered.
[2024-11-18T21:02:59.590+0500] {processor.py:927} WARNING - No viable dags retrieved from /home/AtlasRise/airflow/airflow_env/lib/python3.12/site-packages/airflow/example_dags/plugins/workday.py
[2024-11-18T21:02:59.606+0500] {processor.py:208} INFO - Processing /home/AtlasRise/airflow/airflow_env/lib/python3.12/site-packages/airflow/example_dags/plugins/workday.py took 0.039 seconds
[2024-11-18T21:03:34.808+0500] {processor.py:186} INFO - Started process (PID=20796) to work on /home/AtlasRise/airflow/airflow_env/lib/python3.12/site-packages/airflow/example_dags/plugins/workday.py
[2024-11-18T21:03:34.809+0500] {processor.py:914} INFO - Processing file /home/AtlasRise/airflow/airflow_env/lib/python3.12/site-packages/airflow/example_dags/plugins/workday.py for tasks to queue
[2024-11-18T21:03:34.812+0500] {logging_mixin.py:190} INFO - [2024-11-18T21:03:34.812+0500] {dagbag.py:588} INFO - Filling up the DagBag from /home/AtlasRise/airflow/airflow_env/lib/python3.12/site-packages/airflow/example_dags/plugins/workday.py
[2024-11-18T21:03:34.816+0500] {logging_mixin.py:190} INFO - [2024-11-18T21:03:34.816+0500] {workday.py:41} WARNING - Could not import pandas. Holidays will not be considered.
[2024-11-18T21:03:34.817+0500] {processor.py:927} WARNING - No viable dags retrieved from /home/AtlasRise/airflow/airflow_env/lib/python3.12/site-packages/airflow/example_dags/plugins/workday.py
[2024-11-18T21:03:34.832+0500] {processor.py:208} INFO - Processing /home/AtlasRise/airflow/airflow_env/lib/python3.12/site-packages/airflow/example_dags/plugins/workday.py took 0.032 seconds
[2024-11-18T21:04:40.488+0500] {processor.py:186} INFO - Started process (PID=20896) to work on /home/AtlasRise/airflow/airflow_env/lib/python3.12/site-packages/airflow/example_dags/plugins/workday.py
[2024-11-18T21:04:40.491+0500] {processor.py:914} INFO - Processing file /home/AtlasRise/airflow/airflow_env/lib/python3.12/site-packages/airflow/example_dags/plugins/workday.py for tasks to queue
[2024-11-18T21:04:40.493+0500] {logging_mixin.py:190} INFO - [2024-11-18T21:04:40.493+0500] {dagbag.py:588} INFO - Filling up the DagBag from /home/AtlasRise/airflow/airflow_env/lib/python3.12/site-packages/airflow/example_dags/plugins/workday.py
[2024-11-18T21:04:40.497+0500] {logging_mixin.py:190} INFO - [2024-11-18T21:04:40.497+0500] {workday.py:41} WARNING - Could not import pandas. Holidays will not be considered.
[2024-11-18T21:04:40.498+0500] {processor.py:927} WARNING - No viable dags retrieved from /home/AtlasRise/airflow/airflow_env/lib/python3.12/site-packages/airflow/example_dags/plugins/workday.py
[2024-11-18T21:04:40.513+0500] {processor.py:208} INFO - Processing /home/AtlasRise/airflow/airflow_env/lib/python3.12/site-packages/airflow/example_dags/plugins/workday.py took 0.034 seconds
[2024-11-18T21:05:46.266+0500] {processor.py:186} INFO - Started process (PID=20980) to work on /home/AtlasRise/airflow/airflow_env/lib/python3.12/site-packages/airflow/example_dags/plugins/workday.py
[2024-11-18T21:05:46.269+0500] {processor.py:914} INFO - Processing file /home/AtlasRise/airflow/airflow_env/lib/python3.12/site-packages/airflow/example_dags/plugins/workday.py for tasks to queue
[2024-11-18T21:05:46.272+0500] {logging_mixin.py:190} INFO - [2024-11-18T21:05:46.271+0500] {dagbag.py:588} INFO - Filling up the DagBag from /home/AtlasRise/airflow/airflow_env/lib/python3.12/site-packages/airflow/example_dags/plugins/workday.py
[2024-11-18T21:05:46.276+0500] {logging_mixin.py:190} INFO - [2024-11-18T21:05:46.275+0500] {workday.py:41} WARNING - Could not import pandas. Holidays will not be considered.
[2024-11-18T21:05:46.276+0500] {processor.py:927} WARNING - No viable dags retrieved from /home/AtlasRise/airflow/airflow_env/lib/python3.12/site-packages/airflow/example_dags/plugins/workday.py
[2024-11-18T21:05:46.292+0500] {processor.py:208} INFO - Processing /home/AtlasRise/airflow/airflow_env/lib/python3.12/site-packages/airflow/example_dags/plugins/workday.py took 0.034 seconds
[2024-11-18T21:06:20.845+0500] {processor.py:186} INFO - Started process (PID=21012) to work on /home/AtlasRise/airflow/airflow_env/lib/python3.12/site-packages/airflow/example_dags/plugins/workday.py
[2024-11-18T21:06:20.847+0500] {processor.py:914} INFO - Processing file /home/AtlasRise/airflow/airflow_env/lib/python3.12/site-packages/airflow/example_dags/plugins/workday.py for tasks to queue
[2024-11-18T21:06:20.850+0500] {logging_mixin.py:190} INFO - [2024-11-18T21:06:20.849+0500] {dagbag.py:588} INFO - Filling up the DagBag from /home/AtlasRise/airflow/airflow_env/lib/python3.12/site-packages/airflow/example_dags/plugins/workday.py
[2024-11-18T21:06:20.854+0500] {logging_mixin.py:190} INFO - [2024-11-18T21:06:20.854+0500] {workday.py:41} WARNING - Could not import pandas. Holidays will not be considered.
[2024-11-18T21:06:20.855+0500] {processor.py:927} WARNING - No viable dags retrieved from /home/AtlasRise/airflow/airflow_env/lib/python3.12/site-packages/airflow/example_dags/plugins/workday.py
[2024-11-18T21:06:20.870+0500] {processor.py:208} INFO - Processing /home/AtlasRise/airflow/airflow_env/lib/python3.12/site-packages/airflow/example_dags/plugins/workday.py took 0.033 seconds
[2024-11-18T21:07:01.193+0500] {processor.py:186} INFO - Started process (PID=21069) to work on /home/AtlasRise/airflow/airflow_env/lib/python3.12/site-packages/airflow/example_dags/plugins/workday.py
[2024-11-18T21:07:01.194+0500] {processor.py:914} INFO - Processing file /home/AtlasRise/airflow/airflow_env/lib/python3.12/site-packages/airflow/example_dags/plugins/workday.py for tasks to queue
[2024-11-18T21:07:01.199+0500] {logging_mixin.py:190} INFO - [2024-11-18T21:07:01.197+0500] {dagbag.py:588} INFO - Filling up the DagBag from /home/AtlasRise/airflow/airflow_env/lib/python3.12/site-packages/airflow/example_dags/plugins/workday.py
[2024-11-18T21:07:01.204+0500] {logging_mixin.py:190} INFO - [2024-11-18T21:07:01.204+0500] {workday.py:41} WARNING - Could not import pandas. Holidays will not be considered.
[2024-11-18T21:07:01.205+0500] {processor.py:927} WARNING - No viable dags retrieved from /home/AtlasRise/airflow/airflow_env/lib/python3.12/site-packages/airflow/example_dags/plugins/workday.py
[2024-11-18T21:07:01.219+0500] {processor.py:208} INFO - Processing /home/AtlasRise/airflow/airflow_env/lib/python3.12/site-packages/airflow/example_dags/plugins/workday.py took 0.035 seconds
[2024-11-18T21:07:41.948+0500] {processor.py:186} INFO - Started process (PID=21116) to work on /home/AtlasRise/airflow/airflow_env/lib/python3.12/site-packages/airflow/example_dags/plugins/workday.py
[2024-11-18T21:07:41.949+0500] {processor.py:914} INFO - Processing file /home/AtlasRise/airflow/airflow_env/lib/python3.12/site-packages/airflow/example_dags/plugins/workday.py for tasks to queue
[2024-11-18T21:07:41.953+0500] {logging_mixin.py:190} INFO - [2024-11-18T21:07:41.952+0500] {dagbag.py:588} INFO - Filling up the DagBag from /home/AtlasRise/airflow/airflow_env/lib/python3.12/site-packages/airflow/example_dags/plugins/workday.py
[2024-11-18T21:07:41.958+0500] {logging_mixin.py:190} INFO - [2024-11-18T21:07:41.957+0500] {workday.py:41} WARNING - Could not import pandas. Holidays will not be considered.
[2024-11-18T21:07:41.958+0500] {processor.py:927} WARNING - No viable dags retrieved from /home/AtlasRise/airflow/airflow_env/lib/python3.12/site-packages/airflow/example_dags/plugins/workday.py
[2024-11-18T21:07:41.981+0500] {processor.py:208} INFO - Processing /home/AtlasRise/airflow/airflow_env/lib/python3.12/site-packages/airflow/example_dags/plugins/workday.py took 0.042 seconds
[2024-11-18T21:08:15.489+0500] {processor.py:186} INFO - Started process (PID=21150) to work on /home/AtlasRise/airflow/airflow_env/lib/python3.12/site-packages/airflow/example_dags/plugins/workday.py
[2024-11-18T21:08:15.492+0500] {processor.py:914} INFO - Processing file /home/AtlasRise/airflow/airflow_env/lib/python3.12/site-packages/airflow/example_dags/plugins/workday.py for tasks to queue
[2024-11-18T21:08:15.496+0500] {logging_mixin.py:190} INFO - [2024-11-18T21:08:15.495+0500] {dagbag.py:588} INFO - Filling up the DagBag from /home/AtlasRise/airflow/airflow_env/lib/python3.12/site-packages/airflow/example_dags/plugins/workday.py
[2024-11-18T21:08:15.500+0500] {logging_mixin.py:190} INFO - [2024-11-18T21:08:15.500+0500] {workday.py:41} WARNING - Could not import pandas. Holidays will not be considered.
[2024-11-18T21:08:15.501+0500] {processor.py:927} WARNING - No viable dags retrieved from /home/AtlasRise/airflow/airflow_env/lib/python3.12/site-packages/airflow/example_dags/plugins/workday.py
[2024-11-18T21:08:15.518+0500] {processor.py:208} INFO - Processing /home/AtlasRise/airflow/airflow_env/lib/python3.12/site-packages/airflow/example_dags/plugins/workday.py took 0.039 seconds
[2024-11-18T21:09:22.160+0500] {processor.py:186} INFO - Started process (PID=21247) to work on /home/AtlasRise/airflow/airflow_env/lib/python3.12/site-packages/airflow/example_dags/plugins/workday.py
[2024-11-18T21:09:22.162+0500] {processor.py:914} INFO - Processing file /home/AtlasRise/airflow/airflow_env/lib/python3.12/site-packages/airflow/example_dags/plugins/workday.py for tasks to queue
[2024-11-18T21:09:22.165+0500] {logging_mixin.py:190} INFO - [2024-11-18T21:09:22.165+0500] {dagbag.py:588} INFO - Filling up the DagBag from /home/AtlasRise/airflow/airflow_env/lib/python3.12/site-packages/airflow/example_dags/plugins/workday.py
[2024-11-18T21:09:22.169+0500] {logging_mixin.py:190} INFO - [2024-11-18T21:09:22.169+0500] {workday.py:41} WARNING - Could not import pandas. Holidays will not be considered.
[2024-11-18T21:09:22.170+0500] {processor.py:927} WARNING - No viable dags retrieved from /home/AtlasRise/airflow/airflow_env/lib/python3.12/site-packages/airflow/example_dags/plugins/workday.py
[2024-11-18T21:09:22.186+0500] {processor.py:208} INFO - Processing /home/AtlasRise/airflow/airflow_env/lib/python3.12/site-packages/airflow/example_dags/plugins/workday.py took 0.034 seconds
[2024-11-18T21:09:58.838+0500] {processor.py:186} INFO - Started process (PID=21298) to work on /home/AtlasRise/airflow/airflow_env/lib/python3.12/site-packages/airflow/example_dags/plugins/workday.py
[2024-11-18T21:09:58.841+0500] {processor.py:914} INFO - Processing file /home/AtlasRise/airflow/airflow_env/lib/python3.12/site-packages/airflow/example_dags/plugins/workday.py for tasks to queue
[2024-11-18T21:09:58.844+0500] {logging_mixin.py:190} INFO - [2024-11-18T21:09:58.843+0500] {dagbag.py:588} INFO - Filling up the DagBag from /home/AtlasRise/airflow/airflow_env/lib/python3.12/site-packages/airflow/example_dags/plugins/workday.py
[2024-11-18T21:09:58.848+0500] {logging_mixin.py:190} INFO - [2024-11-18T21:09:58.848+0500] {workday.py:41} WARNING - Could not import pandas. Holidays will not be considered.
[2024-11-18T21:09:58.849+0500] {processor.py:927} WARNING - No viable dags retrieved from /home/AtlasRise/airflow/airflow_env/lib/python3.12/site-packages/airflow/example_dags/plugins/workday.py
[2024-11-18T21:09:58.865+0500] {processor.py:208} INFO - Processing /home/AtlasRise/airflow/airflow_env/lib/python3.12/site-packages/airflow/example_dags/plugins/workday.py took 0.036 seconds
[2024-11-18T21:11:11.391+0500] {processor.py:186} INFO - Started process (PID=21407) to work on /home/AtlasRise/airflow/airflow_env/lib/python3.12/site-packages/airflow/example_dags/plugins/workday.py
[2024-11-18T21:11:11.392+0500] {processor.py:914} INFO - Processing file /home/AtlasRise/airflow/airflow_env/lib/python3.12/site-packages/airflow/example_dags/plugins/workday.py for tasks to queue
[2024-11-18T21:11:11.396+0500] {logging_mixin.py:190} INFO - [2024-11-18T21:11:11.395+0500] {dagbag.py:588} INFO - Filling up the DagBag from /home/AtlasRise/airflow/airflow_env/lib/python3.12/site-packages/airflow/example_dags/plugins/workday.py
[2024-11-18T21:11:11.400+0500] {logging_mixin.py:190} INFO - [2024-11-18T21:11:11.400+0500] {workday.py:41} WARNING - Could not import pandas. Holidays will not be considered.
[2024-11-18T21:11:11.401+0500] {processor.py:927} WARNING - No viable dags retrieved from /home/AtlasRise/airflow/airflow_env/lib/python3.12/site-packages/airflow/example_dags/plugins/workday.py
[2024-11-18T21:11:11.419+0500] {processor.py:208} INFO - Processing /home/AtlasRise/airflow/airflow_env/lib/python3.12/site-packages/airflow/example_dags/plugins/workday.py took 0.038 seconds
[2024-11-18T21:11:54.401+0500] {processor.py:186} INFO - Started process (PID=21474) to work on /home/AtlasRise/airflow/airflow_env/lib/python3.12/site-packages/airflow/example_dags/plugins/workday.py
[2024-11-18T21:11:54.402+0500] {processor.py:914} INFO - Processing file /home/AtlasRise/airflow/airflow_env/lib/python3.12/site-packages/airflow/example_dags/plugins/workday.py for tasks to queue
[2024-11-18T21:11:54.405+0500] {logging_mixin.py:190} INFO - [2024-11-18T21:11:54.404+0500] {dagbag.py:588} INFO - Filling up the DagBag from /home/AtlasRise/airflow/airflow_env/lib/python3.12/site-packages/airflow/example_dags/plugins/workday.py
[2024-11-18T21:11:54.409+0500] {logging_mixin.py:190} INFO - [2024-11-18T21:11:54.408+0500] {workday.py:41} WARNING - Could not import pandas. Holidays will not be considered.
[2024-11-18T21:11:54.409+0500] {processor.py:927} WARNING - No viable dags retrieved from /home/AtlasRise/airflow/airflow_env/lib/python3.12/site-packages/airflow/example_dags/plugins/workday.py
[2024-11-18T21:11:54.429+0500] {processor.py:208} INFO - Processing /home/AtlasRise/airflow/airflow_env/lib/python3.12/site-packages/airflow/example_dags/plugins/workday.py took 0.038 seconds
[2024-11-18T21:12:48.664+0500] {processor.py:186} INFO - Started process (PID=21548) to work on /home/AtlasRise/airflow/airflow_env/lib/python3.12/site-packages/airflow/example_dags/plugins/workday.py
[2024-11-18T21:12:48.667+0500] {processor.py:914} INFO - Processing file /home/AtlasRise/airflow/airflow_env/lib/python3.12/site-packages/airflow/example_dags/plugins/workday.py for tasks to queue
[2024-11-18T21:12:48.670+0500] {logging_mixin.py:190} INFO - [2024-11-18T21:12:48.669+0500] {dagbag.py:588} INFO - Filling up the DagBag from /home/AtlasRise/airflow/airflow_env/lib/python3.12/site-packages/airflow/example_dags/plugins/workday.py
[2024-11-18T21:12:48.674+0500] {logging_mixin.py:190} INFO - [2024-11-18T21:12:48.674+0500] {workday.py:41} WARNING - Could not import pandas. Holidays will not be considered.
[2024-11-18T21:12:48.675+0500] {processor.py:927} WARNING - No viable dags retrieved from /home/AtlasRise/airflow/airflow_env/lib/python3.12/site-packages/airflow/example_dags/plugins/workday.py
[2024-11-18T21:12:48.691+0500] {processor.py:208} INFO - Processing /home/AtlasRise/airflow/airflow_env/lib/python3.12/site-packages/airflow/example_dags/plugins/workday.py took 0.036 seconds
[2024-11-18T21:13:49.501+0500] {processor.py:186} INFO - Started process (PID=21612) to work on /home/AtlasRise/airflow/airflow_env/lib/python3.12/site-packages/airflow/example_dags/plugins/workday.py
[2024-11-18T21:13:49.503+0500] {processor.py:914} INFO - Processing file /home/AtlasRise/airflow/airflow_env/lib/python3.12/site-packages/airflow/example_dags/plugins/workday.py for tasks to queue
[2024-11-18T21:13:49.506+0500] {logging_mixin.py:190} INFO - [2024-11-18T21:13:49.506+0500] {dagbag.py:588} INFO - Filling up the DagBag from /home/AtlasRise/airflow/airflow_env/lib/python3.12/site-packages/airflow/example_dags/plugins/workday.py
[2024-11-18T21:13:49.510+0500] {logging_mixin.py:190} INFO - [2024-11-18T21:13:49.510+0500] {workday.py:41} WARNING - Could not import pandas. Holidays will not be considered.
[2024-11-18T21:13:49.511+0500] {processor.py:927} WARNING - No viable dags retrieved from /home/AtlasRise/airflow/airflow_env/lib/python3.12/site-packages/airflow/example_dags/plugins/workday.py
[2024-11-18T21:13:49.527+0500] {processor.py:208} INFO - Processing /home/AtlasRise/airflow/airflow_env/lib/python3.12/site-packages/airflow/example_dags/plugins/workday.py took 0.034 seconds
[2024-11-18T21:14:31.522+0500] {processor.py:186} INFO - Started process (PID=21674) to work on /home/AtlasRise/airflow/airflow_env/lib/python3.12/site-packages/airflow/example_dags/plugins/workday.py
[2024-11-18T21:14:31.524+0500] {processor.py:914} INFO - Processing file /home/AtlasRise/airflow/airflow_env/lib/python3.12/site-packages/airflow/example_dags/plugins/workday.py for tasks to queue
[2024-11-18T21:14:31.527+0500] {logging_mixin.py:190} INFO - [2024-11-18T21:14:31.526+0500] {dagbag.py:588} INFO - Filling up the DagBag from /home/AtlasRise/airflow/airflow_env/lib/python3.12/site-packages/airflow/example_dags/plugins/workday.py
[2024-11-18T21:14:31.531+0500] {logging_mixin.py:190} INFO - [2024-11-18T21:14:31.531+0500] {workday.py:41} WARNING - Could not import pandas. Holidays will not be considered.
[2024-11-18T21:14:31.532+0500] {processor.py:927} WARNING - No viable dags retrieved from /home/AtlasRise/airflow/airflow_env/lib/python3.12/site-packages/airflow/example_dags/plugins/workday.py
[2024-11-18T21:14:31.547+0500] {processor.py:208} INFO - Processing /home/AtlasRise/airflow/airflow_env/lib/python3.12/site-packages/airflow/example_dags/plugins/workday.py took 0.033 seconds
[2024-11-18T21:15:16.895+0500] {processor.py:186} INFO - Started process (PID=21735) to work on /home/AtlasRise/airflow/airflow_env/lib/python3.12/site-packages/airflow/example_dags/plugins/workday.py
[2024-11-18T21:15:16.898+0500] {processor.py:914} INFO - Processing file /home/AtlasRise/airflow/airflow_env/lib/python3.12/site-packages/airflow/example_dags/plugins/workday.py for tasks to queue
[2024-11-18T21:15:16.901+0500] {logging_mixin.py:190} INFO - [2024-11-18T21:15:16.900+0500] {dagbag.py:588} INFO - Filling up the DagBag from /home/AtlasRise/airflow/airflow_env/lib/python3.12/site-packages/airflow/example_dags/plugins/workday.py
[2024-11-18T21:15:16.905+0500] {logging_mixin.py:190} INFO - [2024-11-18T21:15:16.904+0500] {workday.py:41} WARNING - Could not import pandas. Holidays will not be considered.
[2024-11-18T21:15:16.905+0500] {processor.py:927} WARNING - No viable dags retrieved from /home/AtlasRise/airflow/airflow_env/lib/python3.12/site-packages/airflow/example_dags/plugins/workday.py
[2024-11-18T21:15:16.922+0500] {processor.py:208} INFO - Processing /home/AtlasRise/airflow/airflow_env/lib/python3.12/site-packages/airflow/example_dags/plugins/workday.py took 0.038 seconds
[2024-11-18T21:16:03.004+0500] {processor.py:186} INFO - Started process (PID=21793) to work on /home/AtlasRise/airflow/airflow_env/lib/python3.12/site-packages/airflow/example_dags/plugins/workday.py
[2024-11-18T21:16:03.007+0500] {processor.py:914} INFO - Processing file /home/AtlasRise/airflow/airflow_env/lib/python3.12/site-packages/airflow/example_dags/plugins/workday.py for tasks to queue
[2024-11-18T21:16:03.010+0500] {logging_mixin.py:190} INFO - [2024-11-18T21:16:03.009+0500] {dagbag.py:588} INFO - Filling up the DagBag from /home/AtlasRise/airflow/airflow_env/lib/python3.12/site-packages/airflow/example_dags/plugins/workday.py
[2024-11-18T21:16:03.017+0500] {logging_mixin.py:190} INFO - [2024-11-18T21:16:03.015+0500] {workday.py:41} WARNING - Could not import pandas. Holidays will not be considered.
[2024-11-18T21:16:03.018+0500] {processor.py:927} WARNING - No viable dags retrieved from /home/AtlasRise/airflow/airflow_env/lib/python3.12/site-packages/airflow/example_dags/plugins/workday.py
[2024-11-18T21:16:03.037+0500] {processor.py:208} INFO - Processing /home/AtlasRise/airflow/airflow_env/lib/python3.12/site-packages/airflow/example_dags/plugins/workday.py took 0.041 seconds
[2024-11-18T21:17:08.275+0500] {processor.py:186} INFO - Started process (PID=21895) to work on /home/AtlasRise/airflow/airflow_env/lib/python3.12/site-packages/airflow/example_dags/plugins/workday.py
[2024-11-18T21:17:08.277+0500] {processor.py:914} INFO - Processing file /home/AtlasRise/airflow/airflow_env/lib/python3.12/site-packages/airflow/example_dags/plugins/workday.py for tasks to queue
[2024-11-18T21:17:08.280+0500] {logging_mixin.py:190} INFO - [2024-11-18T21:17:08.280+0500] {dagbag.py:588} INFO - Filling up the DagBag from /home/AtlasRise/airflow/airflow_env/lib/python3.12/site-packages/airflow/example_dags/plugins/workday.py
[2024-11-18T21:17:08.284+0500] {logging_mixin.py:190} INFO - [2024-11-18T21:17:08.284+0500] {workday.py:41} WARNING - Could not import pandas. Holidays will not be considered.
[2024-11-18T21:17:08.285+0500] {processor.py:927} WARNING - No viable dags retrieved from /home/AtlasRise/airflow/airflow_env/lib/python3.12/site-packages/airflow/example_dags/plugins/workday.py
[2024-11-18T21:17:08.300+0500] {processor.py:208} INFO - Processing /home/AtlasRise/airflow/airflow_env/lib/python3.12/site-packages/airflow/example_dags/plugins/workday.py took 0.034 seconds
[2024-11-18T21:17:52.638+0500] {processor.py:186} INFO - Started process (PID=21953) to work on /home/AtlasRise/airflow/airflow_env/lib/python3.12/site-packages/airflow/example_dags/plugins/workday.py
[2024-11-18T21:17:52.639+0500] {processor.py:914} INFO - Processing file /home/AtlasRise/airflow/airflow_env/lib/python3.12/site-packages/airflow/example_dags/plugins/workday.py for tasks to queue
[2024-11-18T21:17:52.642+0500] {logging_mixin.py:190} INFO - [2024-11-18T21:17:52.642+0500] {dagbag.py:588} INFO - Filling up the DagBag from /home/AtlasRise/airflow/airflow_env/lib/python3.12/site-packages/airflow/example_dags/plugins/workday.py
[2024-11-18T21:17:52.646+0500] {logging_mixin.py:190} INFO - [2024-11-18T21:17:52.646+0500] {workday.py:41} WARNING - Could not import pandas. Holidays will not be considered.
[2024-11-18T21:17:52.647+0500] {processor.py:927} WARNING - No viable dags retrieved from /home/AtlasRise/airflow/airflow_env/lib/python3.12/site-packages/airflow/example_dags/plugins/workday.py
[2024-11-18T21:17:52.663+0500] {processor.py:208} INFO - Processing /home/AtlasRise/airflow/airflow_env/lib/python3.12/site-packages/airflow/example_dags/plugins/workday.py took 0.034 seconds
[2024-11-18T21:18:46.498+0500] {processor.py:186} INFO - Started process (PID=22033) to work on /home/AtlasRise/airflow/airflow_env/lib/python3.12/site-packages/airflow/example_dags/plugins/workday.py
[2024-11-18T21:18:46.500+0500] {processor.py:914} INFO - Processing file /home/AtlasRise/airflow/airflow_env/lib/python3.12/site-packages/airflow/example_dags/plugins/workday.py for tasks to queue
[2024-11-18T21:18:46.503+0500] {logging_mixin.py:190} INFO - [2024-11-18T21:18:46.503+0500] {dagbag.py:588} INFO - Filling up the DagBag from /home/AtlasRise/airflow/airflow_env/lib/python3.12/site-packages/airflow/example_dags/plugins/workday.py
[2024-11-18T21:18:46.507+0500] {logging_mixin.py:190} INFO - [2024-11-18T21:18:46.507+0500] {workday.py:41} WARNING - Could not import pandas. Holidays will not be considered.
[2024-11-18T21:18:46.508+0500] {processor.py:927} WARNING - No viable dags retrieved from /home/AtlasRise/airflow/airflow_env/lib/python3.12/site-packages/airflow/example_dags/plugins/workday.py
[2024-11-18T21:18:46.523+0500] {processor.py:208} INFO - Processing /home/AtlasRise/airflow/airflow_env/lib/python3.12/site-packages/airflow/example_dags/plugins/workday.py took 0.033 seconds
[2024-11-18T21:19:43.992+0500] {processor.py:186} INFO - Started process (PID=22115) to work on /home/AtlasRise/airflow/airflow_env/lib/python3.12/site-packages/airflow/example_dags/plugins/workday.py
[2024-11-18T21:19:43.995+0500] {processor.py:914} INFO - Processing file /home/AtlasRise/airflow/airflow_env/lib/python3.12/site-packages/airflow/example_dags/plugins/workday.py for tasks to queue
[2024-11-18T21:19:43.998+0500] {logging_mixin.py:190} INFO - [2024-11-18T21:19:43.997+0500] {dagbag.py:588} INFO - Filling up the DagBag from /home/AtlasRise/airflow/airflow_env/lib/python3.12/site-packages/airflow/example_dags/plugins/workday.py
[2024-11-18T21:19:44.002+0500] {logging_mixin.py:190} INFO - [2024-11-18T21:19:44.002+0500] {workday.py:41} WARNING - Could not import pandas. Holidays will not be considered.
[2024-11-18T21:19:44.003+0500] {processor.py:927} WARNING - No viable dags retrieved from /home/AtlasRise/airflow/airflow_env/lib/python3.12/site-packages/airflow/example_dags/plugins/workday.py
[2024-11-18T21:19:44.019+0500] {processor.py:208} INFO - Processing /home/AtlasRise/airflow/airflow_env/lib/python3.12/site-packages/airflow/example_dags/plugins/workday.py took 0.035 seconds
[2024-11-18T21:20:26.015+0500] {processor.py:186} INFO - Started process (PID=22156) to work on /home/AtlasRise/airflow/airflow_env/lib/python3.12/site-packages/airflow/example_dags/plugins/workday.py
[2024-11-18T21:20:26.016+0500] {processor.py:914} INFO - Processing file /home/AtlasRise/airflow/airflow_env/lib/python3.12/site-packages/airflow/example_dags/plugins/workday.py for tasks to queue
[2024-11-18T21:20:26.019+0500] {logging_mixin.py:190} INFO - [2024-11-18T21:20:26.019+0500] {dagbag.py:588} INFO - Filling up the DagBag from /home/AtlasRise/airflow/airflow_env/lib/python3.12/site-packages/airflow/example_dags/plugins/workday.py
[2024-11-18T21:20:26.023+0500] {logging_mixin.py:190} INFO - [2024-11-18T21:20:26.023+0500] {workday.py:41} WARNING - Could not import pandas. Holidays will not be considered.
[2024-11-18T21:20:26.024+0500] {processor.py:927} WARNING - No viable dags retrieved from /home/AtlasRise/airflow/airflow_env/lib/python3.12/site-packages/airflow/example_dags/plugins/workday.py
[2024-11-18T21:20:26.040+0500] {processor.py:208} INFO - Processing /home/AtlasRise/airflow/airflow_env/lib/python3.12/site-packages/airflow/example_dags/plugins/workday.py took 0.033 seconds
[2024-11-18T21:21:01.010+0500] {processor.py:186} INFO - Started process (PID=22210) to work on /home/AtlasRise/airflow/airflow_env/lib/python3.12/site-packages/airflow/example_dags/plugins/workday.py
[2024-11-18T21:21:01.012+0500] {processor.py:914} INFO - Processing file /home/AtlasRise/airflow/airflow_env/lib/python3.12/site-packages/airflow/example_dags/plugins/workday.py for tasks to queue
[2024-11-18T21:21:01.016+0500] {logging_mixin.py:190} INFO - [2024-11-18T21:21:01.015+0500] {dagbag.py:588} INFO - Filling up the DagBag from /home/AtlasRise/airflow/airflow_env/lib/python3.12/site-packages/airflow/example_dags/plugins/workday.py
[2024-11-18T21:21:01.020+0500] {logging_mixin.py:190} INFO - [2024-11-18T21:21:01.019+0500] {workday.py:41} WARNING - Could not import pandas. Holidays will not be considered.
[2024-11-18T21:21:01.020+0500] {processor.py:927} WARNING - No viable dags retrieved from /home/AtlasRise/airflow/airflow_env/lib/python3.12/site-packages/airflow/example_dags/plugins/workday.py
[2024-11-18T21:21:01.036+0500] {processor.py:208} INFO - Processing /home/AtlasRise/airflow/airflow_env/lib/python3.12/site-packages/airflow/example_dags/plugins/workday.py took 0.034 seconds
[2024-11-18T21:21:37.428+0500] {processor.py:186} INFO - Started process (PID=22250) to work on /home/AtlasRise/airflow/airflow_env/lib/python3.12/site-packages/airflow/example_dags/plugins/workday.py
[2024-11-18T21:21:37.429+0500] {processor.py:914} INFO - Processing file /home/AtlasRise/airflow/airflow_env/lib/python3.12/site-packages/airflow/example_dags/plugins/workday.py for tasks to queue
[2024-11-18T21:21:37.432+0500] {logging_mixin.py:190} INFO - [2024-11-18T21:21:37.431+0500] {dagbag.py:588} INFO - Filling up the DagBag from /home/AtlasRise/airflow/airflow_env/lib/python3.12/site-packages/airflow/example_dags/plugins/workday.py
[2024-11-18T21:21:37.436+0500] {logging_mixin.py:190} INFO - [2024-11-18T21:21:37.436+0500] {workday.py:41} WARNING - Could not import pandas. Holidays will not be considered.
[2024-11-18T21:21:37.437+0500] {processor.py:927} WARNING - No viable dags retrieved from /home/AtlasRise/airflow/airflow_env/lib/python3.12/site-packages/airflow/example_dags/plugins/workday.py
[2024-11-18T21:21:37.452+0500] {processor.py:208} INFO - Processing /home/AtlasRise/airflow/airflow_env/lib/python3.12/site-packages/airflow/example_dags/plugins/workday.py took 0.033 seconds
[2024-11-18T21:22:13.374+0500] {processor.py:186} INFO - Started process (PID=22292) to work on /home/AtlasRise/airflow/airflow_env/lib/python3.12/site-packages/airflow/example_dags/plugins/workday.py
[2024-11-18T21:22:13.375+0500] {processor.py:914} INFO - Processing file /home/AtlasRise/airflow/airflow_env/lib/python3.12/site-packages/airflow/example_dags/plugins/workday.py for tasks to queue
[2024-11-18T21:22:13.378+0500] {logging_mixin.py:190} INFO - [2024-11-18T21:22:13.378+0500] {dagbag.py:588} INFO - Filling up the DagBag from /home/AtlasRise/airflow/airflow_env/lib/python3.12/site-packages/airflow/example_dags/plugins/workday.py
[2024-11-18T21:22:13.382+0500] {logging_mixin.py:190} INFO - [2024-11-18T21:22:13.382+0500] {workday.py:41} WARNING - Could not import pandas. Holidays will not be considered.
[2024-11-18T21:22:13.383+0500] {processor.py:927} WARNING - No viable dags retrieved from /home/AtlasRise/airflow/airflow_env/lib/python3.12/site-packages/airflow/example_dags/plugins/workday.py
[2024-11-18T21:22:13.398+0500] {processor.py:208} INFO - Processing /home/AtlasRise/airflow/airflow_env/lib/python3.12/site-packages/airflow/example_dags/plugins/workday.py took 0.033 seconds
[2024-11-18T21:22:46.871+0500] {processor.py:186} INFO - Started process (PID=22325) to work on /home/AtlasRise/airflow/airflow_env/lib/python3.12/site-packages/airflow/example_dags/plugins/workday.py
[2024-11-18T21:22:46.873+0500] {processor.py:914} INFO - Processing file /home/AtlasRise/airflow/airflow_env/lib/python3.12/site-packages/airflow/example_dags/plugins/workday.py for tasks to queue
[2024-11-18T21:22:46.876+0500] {logging_mixin.py:190} INFO - [2024-11-18T21:22:46.876+0500] {dagbag.py:588} INFO - Filling up the DagBag from /home/AtlasRise/airflow/airflow_env/lib/python3.12/site-packages/airflow/example_dags/plugins/workday.py
[2024-11-18T21:22:46.881+0500] {logging_mixin.py:190} INFO - [2024-11-18T21:22:46.881+0500] {workday.py:41} WARNING - Could not import pandas. Holidays will not be considered.
[2024-11-18T21:22:46.882+0500] {processor.py:927} WARNING - No viable dags retrieved from /home/AtlasRise/airflow/airflow_env/lib/python3.12/site-packages/airflow/example_dags/plugins/workday.py
[2024-11-18T21:22:46.899+0500] {processor.py:208} INFO - Processing /home/AtlasRise/airflow/airflow_env/lib/python3.12/site-packages/airflow/example_dags/plugins/workday.py took 0.038 seconds
