[2024-11-18T21:18:27.151+0500] {local_task_job_runner.py:123} INFO - ::group::Pre task execution logs
[2024-11-18T21:18:27.169+0500] {taskinstance.py:2613} INFO - Dependencies all met for dep_context=non-requeueable deps ti=<TaskInstance: count_a.count_a manual__2024-11-18T16:18:17.859641+00:00 [queued]>
[2024-11-18T21:18:27.179+0500] {taskinstance.py:2613} INFO - Dependencies all met for dep_context=requeueable deps ti=<TaskInstance: count_a.count_a manual__2024-11-18T16:18:17.859641+00:00 [queued]>
[2024-11-18T21:18:27.179+0500] {taskinstance.py:2866} INFO - Starting attempt 1 of 2
[2024-11-18T21:18:27.203+0500] {taskinstance.py:2889} INFO - Executing <Task(PythonOperator): count_a> on 2024-11-18 16:18:17.859641+00:00
[2024-11-18T21:18:27.208+0500] {standard_task_runner.py:72} INFO - Started process 22010 to run task
[2024-11-18T21:18:27.212+0500] {standard_task_runner.py:104} INFO - Running: ['airflow', 'tasks', 'run', 'count_a', 'count_a', 'manual__2024-11-18T16:18:17.859641+00:00', '--job-id', '30', '--raw', '--subdir', 'DAGS_FOLDER/dag_1.py', '--cfg-path', '/tmp/tmpjdihkwb6']
[2024-11-18T21:18:27.214+0500] {standard_task_runner.py:105} INFO - Job 30: Subtask count_a
[2024-11-18T21:18:27.265+0500] {task_command.py:467} INFO - Running <TaskInstance: count_a.count_a manual__2024-11-18T16:18:17.859641+00:00 [running]> on host archlinux
[2024-11-18T21:18:27.367+0500] {taskinstance.py:3132} INFO - Exporting env vars: AIRFLOW_CTX_DAG_OWNER='airflow' AIRFLOW_CTX_DAG_ID='count_a' AIRFLOW_CTX_TASK_ID='count_a' AIRFLOW_CTX_EXECUTION_DATE='2024-11-18T16:18:17.859641+00:00' AIRFLOW_CTX_TRY_NUMBER='1' AIRFLOW_CTX_DAG_RUN_ID='manual__2024-11-18T16:18:17.859641+00:00'
[2024-11-18T21:18:27.369+0500] {logging_mixin.py:190} INFO - Task instance is in running state
[2024-11-18T21:18:27.369+0500] {logging_mixin.py:190} INFO -  Previous state of the Task instance: queued
[2024-11-18T21:18:27.370+0500] {logging_mixin.py:190} INFO - Current task name:count_a state:running start_date:2024-11-18 16:18:27.169700+00:00
[2024-11-18T21:18:27.370+0500] {logging_mixin.py:190} INFO - Dag name:count_a and current dag run status:running
[2024-11-18T21:18:27.370+0500] {taskinstance.py:731} INFO - ::endgroup::
[2024-11-18T21:18:27.379+0500] {python.py:240} INFO - Done. Returned value was: [1, 3, 3, 1, 2, 0, 3, 1, 2, 4, 0, 2, 2, 2, 1, 6, 2, 3, 2, 1, 1, 1, 2, 1, 4, 3, 2, 5, 3, 2, 3, 1, 1, 2, 3, 1, 3, 2, 2, 2, 0, 2, 4, 2, 2, 0, 2, 3, 3, 3, 1, 2, 2, 2, 2, 2, 1, 1, 3, 3, 3, 1, 1, 1, 1, 2, 1, 2, 2, 1, 1, 2, 1, 2, 0, 1, 3, 4, 4, 2, 0, 2, 2, 5, 1, 1, 1, 4, 0, 1, 2, 3, 3, 2, 2, 1, 4, 1, 2, 1]
[2024-11-18T21:18:27.400+0500] {taskinstance.py:340} INFO - ::group::Post task execution logs
[2024-11-18T21:18:27.401+0500] {taskinstance.py:352} INFO - Marking task as SUCCESS. dag_id=count_a, task_id=count_a, run_id=manual__2024-11-18T16:18:17.859641+00:00, execution_date=20241118T161817, start_date=20241118T161827, end_date=20241118T161827
[2024-11-18T21:18:27.414+0500] {logging_mixin.py:190} INFO - Task instance in success state
[2024-11-18T21:18:27.415+0500] {logging_mixin.py:190} INFO -  Previous state of the Task instance: running
[2024-11-18T21:18:27.415+0500] {logging_mixin.py:190} INFO - Dag name:count_a queued_at:2024-11-18 16:18:17.872578+00:00
[2024-11-18T21:18:27.415+0500] {logging_mixin.py:190} INFO - Task hostname:archlinux operator:PythonOperator
[2024-11-18T21:18:27.427+0500] {local_task_job_runner.py:266} INFO - Task exited with return code 0
[2024-11-18T21:18:27.455+0500] {taskinstance.py:3895} INFO - 1 downstream tasks scheduled from follow-on schedule check
[2024-11-18T21:18:27.464+0500] {local_task_job_runner.py:245} INFO - ::endgroup::
