[2024-11-18T21:10:33.836+0500] {local_task_job_runner.py:123} INFO - ::group::Pre task execution logs
[2024-11-18T21:10:33.850+0500] {taskinstance.py:2613} INFO - Dependencies all met for dep_context=non-requeueable deps ti=<TaskInstance: count_a.create_files manual__2024-11-18T16:10:29.434302+00:00 [queued]>
[2024-11-18T21:10:33.859+0500] {taskinstance.py:2613} INFO - Dependencies all met for dep_context=requeueable deps ti=<TaskInstance: count_a.create_files manual__2024-11-18T16:10:29.434302+00:00 [queued]>
[2024-11-18T21:10:33.859+0500] {taskinstance.py:2866} INFO - Starting attempt 1 of 2
[2024-11-18T21:10:33.881+0500] {taskinstance.py:2889} INFO - Executing <Task(PythonOperator): create_files> on 2024-11-18 16:10:29.434302+00:00
[2024-11-18T21:10:33.885+0500] {standard_task_runner.py:72} INFO - Started process 21333 to run task
[2024-11-18T21:10:33.889+0500] {standard_task_runner.py:104} INFO - Running: ['airflow', 'tasks', 'run', 'count_a', 'create_files', 'manual__2024-11-18T16:10:29.434302+00:00', '--job-id', '7', '--raw', '--subdir', 'DAGS_FOLDER/dag_1.py', '--cfg-path', '/tmp/tmp1usq4b7c']
[2024-11-18T21:10:33.891+0500] {standard_task_runner.py:105} INFO - Job 7: Subtask create_files
[2024-11-18T21:10:33.937+0500] {task_command.py:467} INFO - Running <TaskInstance: count_a.create_files manual__2024-11-18T16:10:29.434302+00:00 [running]> on host archlinux
[2024-11-18T21:10:34.032+0500] {taskinstance.py:3132} INFO - Exporting env vars: AIRFLOW_CTX_DAG_OWNER='airflow' AIRFLOW_CTX_DAG_ID='count_a' AIRFLOW_CTX_TASK_ID='create_files' AIRFLOW_CTX_EXECUTION_DATE='2024-11-18T16:10:29.434302+00:00' AIRFLOW_CTX_TRY_NUMBER='1' AIRFLOW_CTX_DAG_RUN_ID='manual__2024-11-18T16:10:29.434302+00:00'
[2024-11-18T21:10:34.033+0500] {logging_mixin.py:190} INFO - Task instance is in running state
[2024-11-18T21:10:34.033+0500] {logging_mixin.py:190} INFO -  Previous state of the Task instance: queued
[2024-11-18T21:10:34.034+0500] {logging_mixin.py:190} INFO - Current task name:create_files state:running start_date:2024-11-18 16:10:33.851303+00:00
[2024-11-18T21:10:34.034+0500] {logging_mixin.py:190} INFO - Dag name:count_a and current dag run status:running
[2024-11-18T21:10:34.034+0500] {taskinstance.py:731} INFO - ::endgroup::
[2024-11-18T21:10:34.047+0500] {python.py:240} INFO - Done. Returned value was: None
[2024-11-18T21:10:34.054+0500] {taskinstance.py:340} INFO - ::group::Post task execution logs
[2024-11-18T21:10:34.054+0500] {taskinstance.py:352} INFO - Marking task as SUCCESS. dag_id=count_a, task_id=create_files, run_id=manual__2024-11-18T16:10:29.434302+00:00, execution_date=20241118T161029, start_date=20241118T161033, end_date=20241118T161034
[2024-11-18T21:10:34.068+0500] {logging_mixin.py:190} INFO - Task instance in success state
[2024-11-18T21:10:34.068+0500] {logging_mixin.py:190} INFO -  Previous state of the Task instance: running
[2024-11-18T21:10:34.068+0500] {logging_mixin.py:190} INFO - Dag name:count_a queued_at:2024-11-18 16:10:29.448471+00:00
[2024-11-18T21:10:34.069+0500] {logging_mixin.py:190} INFO - Task hostname:archlinux operator:PythonOperator
[2024-11-18T21:10:34.103+0500] {local_task_job_runner.py:266} INFO - Task exited with return code 0
[2024-11-18T21:10:34.133+0500] {taskinstance.py:3895} INFO - 1 downstream tasks scheduled from follow-on schedule check
[2024-11-18T21:10:34.142+0500] {local_task_job_runner.py:245} INFO - ::endgroup::
