[2024-11-18T21:17:04.879+0500] {local_task_job_runner.py:123} INFO - ::group::Pre task execution logs
[2024-11-18T21:17:04.894+0500] {taskinstance.py:2613} INFO - Dependencies all met for dep_context=non-requeueable deps ti=<TaskInstance: count_a.sum_results manual__2024-11-18T16:16:43.947004+00:00 [queued]>
[2024-11-18T21:17:04.903+0500] {taskinstance.py:2613} INFO - Dependencies all met for dep_context=requeueable deps ti=<TaskInstance: count_a.sum_results manual__2024-11-18T16:16:43.947004+00:00 [queued]>
[2024-11-18T21:17:04.904+0500] {taskinstance.py:2866} INFO - Starting attempt 1 of 2
[2024-11-18T21:17:04.925+0500] {taskinstance.py:2889} INFO - Executing <Task(PythonOperator): sum_results> on 2024-11-18 16:16:43.947004+00:00
[2024-11-18T21:17:04.931+0500] {standard_task_runner.py:72} INFO - Started process 21891 to run task
[2024-11-18T21:17:04.934+0500] {standard_task_runner.py:104} INFO - Running: ['airflow', 'tasks', 'run', 'count_a', 'sum_results', 'manual__2024-11-18T16:16:43.947004+00:00', '--job-id', '26', '--raw', '--subdir', 'DAGS_FOLDER/dag_1.py', '--cfg-path', '/tmp/tmp97sxf_53']
[2024-11-18T21:17:04.935+0500] {standard_task_runner.py:105} INFO - Job 26: Subtask sum_results
[2024-11-18T21:17:04.982+0500] {task_command.py:467} INFO - Running <TaskInstance: count_a.sum_results manual__2024-11-18T16:16:43.947004+00:00 [running]> on host archlinux
[2024-11-18T21:17:05.075+0500] {taskinstance.py:3132} INFO - Exporting env vars: AIRFLOW_CTX_DAG_OWNER='airflow' AIRFLOW_CTX_DAG_ID='count_a' AIRFLOW_CTX_TASK_ID='sum_results' AIRFLOW_CTX_EXECUTION_DATE='2024-11-18T16:16:43.947004+00:00' AIRFLOW_CTX_TRY_NUMBER='1' AIRFLOW_CTX_DAG_RUN_ID='manual__2024-11-18T16:16:43.947004+00:00'
[2024-11-18T21:17:05.077+0500] {logging_mixin.py:190} INFO - Task instance is in running state
[2024-11-18T21:17:05.077+0500] {logging_mixin.py:190} INFO -  Previous state of the Task instance: queued
[2024-11-18T21:17:05.078+0500] {logging_mixin.py:190} INFO - Current task name:sum_results state:running start_date:2024-11-18 16:17:04.895411+00:00
[2024-11-18T21:17:05.078+0500] {logging_mixin.py:190} INFO - Dag name:count_a and current dag run status:running
[2024-11-18T21:17:05.078+0500] {taskinstance.py:731} INFO - ::endgroup::
[2024-11-18T21:17:05.086+0500] {logging_mixin.py:190} INFO - 190
[2024-11-18T21:17:05.087+0500] {python.py:240} INFO - Done. Returned value was: None
[2024-11-18T21:17:05.093+0500] {taskinstance.py:340} INFO - ::group::Post task execution logs
[2024-11-18T21:17:05.094+0500] {taskinstance.py:352} INFO - Marking task as SUCCESS. dag_id=count_a, task_id=sum_results, run_id=manual__2024-11-18T16:16:43.947004+00:00, execution_date=20241118T161643, start_date=20241118T161704, end_date=20241118T161705
[2024-11-18T21:17:05.107+0500] {logging_mixin.py:190} INFO - Task instance in success state
[2024-11-18T21:17:05.108+0500] {logging_mixin.py:190} INFO -  Previous state of the Task instance: running
[2024-11-18T21:17:05.108+0500] {logging_mixin.py:190} INFO - Dag name:count_a queued_at:2024-11-18 16:16:43.965222+00:00
[2024-11-18T21:17:05.108+0500] {logging_mixin.py:190} INFO - Task hostname:archlinux operator:PythonOperator
[2024-11-18T21:17:05.148+0500] {local_task_job_runner.py:266} INFO - Task exited with return code 0
[2024-11-18T21:17:05.167+0500] {taskinstance.py:3895} INFO - 0 downstream tasks scheduled from follow-on schedule check
[2024-11-18T21:17:05.168+0500] {local_task_job_runner.py:245} INFO - ::endgroup::
