[2024-11-18T20:41:06.108+0500] {processor.py:186} INFO - Started process (PID=18953) to work on /home/AtlasRise/airflow/airflow_env/lib/python3.12/site-packages/airflow/example_dags/example_latest_only_with_trigger.py
[2024-11-18T20:41:06.109+0500] {processor.py:914} INFO - Processing file /home/AtlasRise/airflow/airflow_env/lib/python3.12/site-packages/airflow/example_dags/example_latest_only_with_trigger.py for tasks to queue
[2024-11-18T20:41:06.112+0500] {logging_mixin.py:190} INFO - [2024-11-18T20:41:06.111+0500] {dagbag.py:588} INFO - Filling up the DagBag from /home/AtlasRise/airflow/airflow_env/lib/python3.12/site-packages/airflow/example_dags/example_latest_only_with_trigger.py
[2024-11-18T20:41:06.124+0500] {processor.py:925} INFO - DAG(s) 'latest_only_with_trigger' retrieved from /home/AtlasRise/airflow/airflow_env/lib/python3.12/site-packages/airflow/example_dags/example_latest_only_with_trigger.py
[2024-11-18T20:41:06.284+0500] {logging_mixin.py:190} INFO - [2024-11-18T20:41:06.283+0500] {override.py:1911} INFO - Created Permission View: can read on DAG:latest_only_with_trigger
[2024-11-18T20:41:06.301+0500] {logging_mixin.py:190} INFO - [2024-11-18T20:41:06.301+0500] {override.py:1911} INFO - Created Permission View: can edit on DAG:latest_only_with_trigger
[2024-11-18T20:41:06.314+0500] {logging_mixin.py:190} INFO - [2024-11-18T20:41:06.313+0500] {override.py:1911} INFO - Created Permission View: can delete on DAG:latest_only_with_trigger
[2024-11-18T20:41:06.333+0500] {logging_mixin.py:190} INFO - [2024-11-18T20:41:06.332+0500] {override.py:1911} INFO - Created Permission View: can read on DAG Run:latest_only_with_trigger
[2024-11-18T20:41:06.344+0500] {logging_mixin.py:190} INFO - [2024-11-18T20:41:06.343+0500] {override.py:1911} INFO - Created Permission View: can create on DAG Run:latest_only_with_trigger
[2024-11-18T20:41:06.357+0500] {logging_mixin.py:190} INFO - [2024-11-18T20:41:06.356+0500] {override.py:1911} INFO - Created Permission View: can delete on DAG Run:latest_only_with_trigger
[2024-11-18T20:41:06.368+0500] {logging_mixin.py:190} INFO - [2024-11-18T20:41:06.368+0500] {override.py:1911} INFO - Created Permission View: menu access on DAG Run:latest_only_with_trigger
[2024-11-18T20:41:06.370+0500] {logging_mixin.py:190} INFO - [2024-11-18T20:41:06.369+0500] {dag.py:3239} INFO - Sync 1 DAGs
[2024-11-18T20:41:06.391+0500] {logging_mixin.py:190} INFO - [2024-11-18T20:41:06.391+0500] {dag.py:3262} INFO - Creating ORM DAG for latest_only_with_trigger
[2024-11-18T20:41:06.404+0500] {logging_mixin.py:190} INFO - [2024-11-18T20:41:06.403+0500] {dag.py:4180} INFO - Setting next_dagrun for latest_only_with_trigger to 2024-11-18 08:00:00+00:00, run_after=2024-11-18 12:00:00+00:00
[2024-11-18T20:41:06.436+0500] {processor.py:208} INFO - Processing /home/AtlasRise/airflow/airflow_env/lib/python3.12/site-packages/airflow/example_dags/example_latest_only_with_trigger.py took 0.336 seconds
[2024-11-18T20:42:26.759+0500] {processor.py:186} INFO - Started process (PID=19156) to work on /home/AtlasRise/airflow/airflow_env/lib/python3.12/site-packages/airflow/example_dags/example_latest_only_with_trigger.py
[2024-11-18T20:42:26.761+0500] {processor.py:914} INFO - Processing file /home/AtlasRise/airflow/airflow_env/lib/python3.12/site-packages/airflow/example_dags/example_latest_only_with_trigger.py for tasks to queue
[2024-11-18T20:42:26.764+0500] {logging_mixin.py:190} INFO - [2024-11-18T20:42:26.764+0500] {dagbag.py:588} INFO - Filling up the DagBag from /home/AtlasRise/airflow/airflow_env/lib/python3.12/site-packages/airflow/example_dags/example_latest_only_with_trigger.py
[2024-11-18T20:42:26.776+0500] {processor.py:925} INFO - DAG(s) 'latest_only_with_trigger' retrieved from /home/AtlasRise/airflow/airflow_env/lib/python3.12/site-packages/airflow/example_dags/example_latest_only_with_trigger.py
[2024-11-18T20:42:26.802+0500] {logging_mixin.py:190} INFO - [2024-11-18T20:42:26.801+0500] {dag.py:3239} INFO - Sync 1 DAGs
[2024-11-18T20:42:26.833+0500] {logging_mixin.py:190} INFO - [2024-11-18T20:42:26.833+0500] {dag.py:4180} INFO - Setting next_dagrun for latest_only_with_trigger to 2024-11-18 08:00:00+00:00, run_after=2024-11-18 12:00:00+00:00
[2024-11-18T20:42:26.864+0500] {processor.py:208} INFO - Processing /home/AtlasRise/airflow/airflow_env/lib/python3.12/site-packages/airflow/example_dags/example_latest_only_with_trigger.py took 0.114 seconds
[2024-11-18T20:43:34.193+0500] {processor.py:186} INFO - Started process (PID=19231) to work on /home/AtlasRise/airflow/airflow_env/lib/python3.12/site-packages/airflow/example_dags/example_latest_only_with_trigger.py
[2024-11-18T20:43:34.195+0500] {processor.py:914} INFO - Processing file /home/AtlasRise/airflow/airflow_env/lib/python3.12/site-packages/airflow/example_dags/example_latest_only_with_trigger.py for tasks to queue
[2024-11-18T20:43:34.198+0500] {logging_mixin.py:190} INFO - [2024-11-18T20:43:34.198+0500] {dagbag.py:588} INFO - Filling up the DagBag from /home/AtlasRise/airflow/airflow_env/lib/python3.12/site-packages/airflow/example_dags/example_latest_only_with_trigger.py
[2024-11-18T20:43:34.209+0500] {processor.py:925} INFO - DAG(s) 'latest_only_with_trigger' retrieved from /home/AtlasRise/airflow/airflow_env/lib/python3.12/site-packages/airflow/example_dags/example_latest_only_with_trigger.py
[2024-11-18T20:43:34.234+0500] {logging_mixin.py:190} INFO - [2024-11-18T20:43:34.233+0500] {dag.py:3239} INFO - Sync 1 DAGs
[2024-11-18T20:43:34.266+0500] {logging_mixin.py:190} INFO - [2024-11-18T20:43:34.266+0500] {dag.py:4180} INFO - Setting next_dagrun for latest_only_with_trigger to 2024-11-18 08:00:00+00:00, run_after=2024-11-18 12:00:00+00:00
[2024-11-18T20:43:34.327+0500] {processor.py:208} INFO - Processing /home/AtlasRise/airflow/airflow_env/lib/python3.12/site-packages/airflow/example_dags/example_latest_only_with_trigger.py took 0.141 seconds
[2024-11-18T20:44:39.677+0500] {processor.py:186} INFO - Started process (PID=19306) to work on /home/AtlasRise/airflow/airflow_env/lib/python3.12/site-packages/airflow/example_dags/example_latest_only_with_trigger.py
[2024-11-18T20:44:39.681+0500] {processor.py:914} INFO - Processing file /home/AtlasRise/airflow/airflow_env/lib/python3.12/site-packages/airflow/example_dags/example_latest_only_with_trigger.py for tasks to queue
[2024-11-18T20:44:39.683+0500] {logging_mixin.py:190} INFO - [2024-11-18T20:44:39.683+0500] {dagbag.py:588} INFO - Filling up the DagBag from /home/AtlasRise/airflow/airflow_env/lib/python3.12/site-packages/airflow/example_dags/example_latest_only_with_trigger.py
[2024-11-18T20:44:39.695+0500] {processor.py:925} INFO - DAG(s) 'latest_only_with_trigger' retrieved from /home/AtlasRise/airflow/airflow_env/lib/python3.12/site-packages/airflow/example_dags/example_latest_only_with_trigger.py
[2024-11-18T20:44:39.720+0500] {logging_mixin.py:190} INFO - [2024-11-18T20:44:39.719+0500] {dag.py:3239} INFO - Sync 1 DAGs
[2024-11-18T20:44:39.751+0500] {logging_mixin.py:190} INFO - [2024-11-18T20:44:39.751+0500] {dag.py:4180} INFO - Setting next_dagrun for latest_only_with_trigger to 2024-11-18 08:00:00+00:00, run_after=2024-11-18 12:00:00+00:00
[2024-11-18T20:44:39.783+0500] {processor.py:208} INFO - Processing /home/AtlasRise/airflow/airflow_env/lib/python3.12/site-packages/airflow/example_dags/example_latest_only_with_trigger.py took 0.114 seconds
[2024-11-18T20:45:51.739+0500] {processor.py:186} INFO - Started process (PID=19496) to work on /home/AtlasRise/airflow/airflow_env/lib/python3.12/site-packages/airflow/example_dags/example_latest_only_with_trigger.py
[2024-11-18T20:45:51.742+0500] {processor.py:914} INFO - Processing file /home/AtlasRise/airflow/airflow_env/lib/python3.12/site-packages/airflow/example_dags/example_latest_only_with_trigger.py for tasks to queue
[2024-11-18T20:45:51.745+0500] {logging_mixin.py:190} INFO - [2024-11-18T20:45:51.744+0500] {dagbag.py:588} INFO - Filling up the DagBag from /home/AtlasRise/airflow/airflow_env/lib/python3.12/site-packages/airflow/example_dags/example_latest_only_with_trigger.py
[2024-11-18T20:45:51.757+0500] {processor.py:925} INFO - DAG(s) 'latest_only_with_trigger' retrieved from /home/AtlasRise/airflow/airflow_env/lib/python3.12/site-packages/airflow/example_dags/example_latest_only_with_trigger.py
[2024-11-18T20:45:51.783+0500] {logging_mixin.py:190} INFO - [2024-11-18T20:45:51.783+0500] {dag.py:3239} INFO - Sync 1 DAGs
[2024-11-18T20:45:51.971+0500] {logging_mixin.py:190} INFO - [2024-11-18T20:45:51.970+0500] {dag.py:4180} INFO - Setting next_dagrun for latest_only_with_trigger to 2024-11-18 08:00:00+00:00, run_after=2024-11-18 12:00:00+00:00
[2024-11-18T20:45:52.011+0500] {processor.py:208} INFO - Processing /home/AtlasRise/airflow/airflow_env/lib/python3.12/site-packages/airflow/example_dags/example_latest_only_with_trigger.py took 0.279 seconds
[2024-11-18T20:47:08.040+0500] {processor.py:186} INFO - Started process (PID=19602) to work on /home/AtlasRise/airflow/airflow_env/lib/python3.12/site-packages/airflow/example_dags/example_latest_only_with_trigger.py
[2024-11-18T20:47:08.042+0500] {processor.py:914} INFO - Processing file /home/AtlasRise/airflow/airflow_env/lib/python3.12/site-packages/airflow/example_dags/example_latest_only_with_trigger.py for tasks to queue
[2024-11-18T20:47:08.045+0500] {logging_mixin.py:190} INFO - [2024-11-18T20:47:08.044+0500] {dagbag.py:588} INFO - Filling up the DagBag from /home/AtlasRise/airflow/airflow_env/lib/python3.12/site-packages/airflow/example_dags/example_latest_only_with_trigger.py
[2024-11-18T20:47:08.056+0500] {processor.py:925} INFO - DAG(s) 'latest_only_with_trigger' retrieved from /home/AtlasRise/airflow/airflow_env/lib/python3.12/site-packages/airflow/example_dags/example_latest_only_with_trigger.py
[2024-11-18T20:47:08.085+0500] {logging_mixin.py:190} INFO - [2024-11-18T20:47:08.084+0500] {dag.py:3239} INFO - Sync 1 DAGs
[2024-11-18T20:47:08.128+0500] {logging_mixin.py:190} INFO - [2024-11-18T20:47:08.127+0500] {dag.py:4180} INFO - Setting next_dagrun for latest_only_with_trigger to 2024-11-18 08:00:00+00:00, run_after=2024-11-18 12:00:00+00:00
[2024-11-18T20:47:08.164+0500] {processor.py:208} INFO - Processing /home/AtlasRise/airflow/airflow_env/lib/python3.12/site-packages/airflow/example_dags/example_latest_only_with_trigger.py took 0.132 seconds
[2024-11-18T20:48:14.300+0500] {processor.py:186} INFO - Started process (PID=19752) to work on /home/AtlasRise/airflow/airflow_env/lib/python3.12/site-packages/airflow/example_dags/example_latest_only_with_trigger.py
[2024-11-18T20:48:14.305+0500] {processor.py:914} INFO - Processing file /home/AtlasRise/airflow/airflow_env/lib/python3.12/site-packages/airflow/example_dags/example_latest_only_with_trigger.py for tasks to queue
[2024-11-18T20:48:14.310+0500] {logging_mixin.py:190} INFO - [2024-11-18T20:48:14.309+0500] {dagbag.py:588} INFO - Filling up the DagBag from /home/AtlasRise/airflow/airflow_env/lib/python3.12/site-packages/airflow/example_dags/example_latest_only_with_trigger.py
[2024-11-18T20:48:14.323+0500] {processor.py:925} INFO - DAG(s) 'latest_only_with_trigger' retrieved from /home/AtlasRise/airflow/airflow_env/lib/python3.12/site-packages/airflow/example_dags/example_latest_only_with_trigger.py
[2024-11-18T20:48:14.351+0500] {logging_mixin.py:190} INFO - [2024-11-18T20:48:14.351+0500] {dag.py:3239} INFO - Sync 1 DAGs
[2024-11-18T20:48:14.388+0500] {logging_mixin.py:190} INFO - [2024-11-18T20:48:14.387+0500] {dag.py:4180} INFO - Setting next_dagrun for latest_only_with_trigger to 2024-11-18 08:00:00+00:00, run_after=2024-11-18 12:00:00+00:00
[2024-11-18T20:48:14.422+0500] {processor.py:208} INFO - Processing /home/AtlasRise/airflow/airflow_env/lib/python3.12/site-packages/airflow/example_dags/example_latest_only_with_trigger.py took 0.130 seconds
[2024-11-18T20:49:23.741+0500] {processor.py:186} INFO - Started process (PID=19838) to work on /home/AtlasRise/airflow/airflow_env/lib/python3.12/site-packages/airflow/example_dags/example_latest_only_with_trigger.py
[2024-11-18T20:49:23.743+0500] {processor.py:914} INFO - Processing file /home/AtlasRise/airflow/airflow_env/lib/python3.12/site-packages/airflow/example_dags/example_latest_only_with_trigger.py for tasks to queue
[2024-11-18T20:49:23.746+0500] {logging_mixin.py:190} INFO - [2024-11-18T20:49:23.746+0500] {dagbag.py:588} INFO - Filling up the DagBag from /home/AtlasRise/airflow/airflow_env/lib/python3.12/site-packages/airflow/example_dags/example_latest_only_with_trigger.py
[2024-11-18T20:49:23.758+0500] {processor.py:925} INFO - DAG(s) 'latest_only_with_trigger' retrieved from /home/AtlasRise/airflow/airflow_env/lib/python3.12/site-packages/airflow/example_dags/example_latest_only_with_trigger.py
[2024-11-18T20:49:23.783+0500] {logging_mixin.py:190} INFO - [2024-11-18T20:49:23.782+0500] {dag.py:3239} INFO - Sync 1 DAGs
[2024-11-18T20:49:23.817+0500] {logging_mixin.py:190} INFO - [2024-11-18T20:49:23.817+0500] {dag.py:4180} INFO - Setting next_dagrun for latest_only_with_trigger to 2024-11-18 08:00:00+00:00, run_after=2024-11-18 12:00:00+00:00
[2024-11-18T20:49:23.881+0500] {processor.py:208} INFO - Processing /home/AtlasRise/airflow/airflow_env/lib/python3.12/site-packages/airflow/example_dags/example_latest_only_with_trigger.py took 0.148 seconds
[2024-11-18T20:50:31.842+0500] {processor.py:186} INFO - Started process (PID=19914) to work on /home/AtlasRise/airflow/airflow_env/lib/python3.12/site-packages/airflow/example_dags/example_latest_only_with_trigger.py
[2024-11-18T20:50:31.843+0500] {processor.py:914} INFO - Processing file /home/AtlasRise/airflow/airflow_env/lib/python3.12/site-packages/airflow/example_dags/example_latest_only_with_trigger.py for tasks to queue
[2024-11-18T20:50:31.846+0500] {logging_mixin.py:190} INFO - [2024-11-18T20:50:31.845+0500] {dagbag.py:588} INFO - Filling up the DagBag from /home/AtlasRise/airflow/airflow_env/lib/python3.12/site-packages/airflow/example_dags/example_latest_only_with_trigger.py
[2024-11-18T20:50:31.858+0500] {processor.py:925} INFO - DAG(s) 'latest_only_with_trigger' retrieved from /home/AtlasRise/airflow/airflow_env/lib/python3.12/site-packages/airflow/example_dags/example_latest_only_with_trigger.py
[2024-11-18T20:50:31.882+0500] {logging_mixin.py:190} INFO - [2024-11-18T20:50:31.882+0500] {dag.py:3239} INFO - Sync 1 DAGs
[2024-11-18T20:50:31.916+0500] {logging_mixin.py:190} INFO - [2024-11-18T20:50:31.916+0500] {dag.py:4180} INFO - Setting next_dagrun for latest_only_with_trigger to 2024-11-18 08:00:00+00:00, run_after=2024-11-18 12:00:00+00:00
[2024-11-18T20:50:31.950+0500] {processor.py:208} INFO - Processing /home/AtlasRise/airflow/airflow_env/lib/python3.12/site-packages/airflow/example_dags/example_latest_only_with_trigger.py took 0.116 seconds
[2024-11-18T20:51:42.631+0500] {processor.py:186} INFO - Started process (PID=19999) to work on /home/AtlasRise/airflow/airflow_env/lib/python3.12/site-packages/airflow/example_dags/example_latest_only_with_trigger.py
[2024-11-18T20:51:42.633+0500] {processor.py:914} INFO - Processing file /home/AtlasRise/airflow/airflow_env/lib/python3.12/site-packages/airflow/example_dags/example_latest_only_with_trigger.py for tasks to queue
[2024-11-18T20:51:42.637+0500] {logging_mixin.py:190} INFO - [2024-11-18T20:51:42.637+0500] {dagbag.py:588} INFO - Filling up the DagBag from /home/AtlasRise/airflow/airflow_env/lib/python3.12/site-packages/airflow/example_dags/example_latest_only_with_trigger.py
[2024-11-18T20:51:42.651+0500] {processor.py:925} INFO - DAG(s) 'latest_only_with_trigger' retrieved from /home/AtlasRise/airflow/airflow_env/lib/python3.12/site-packages/airflow/example_dags/example_latest_only_with_trigger.py
[2024-11-18T20:51:42.677+0500] {logging_mixin.py:190} INFO - [2024-11-18T20:51:42.676+0500] {dag.py:3239} INFO - Sync 1 DAGs
[2024-11-18T20:51:42.714+0500] {logging_mixin.py:190} INFO - [2024-11-18T20:51:42.714+0500] {dag.py:4180} INFO - Setting next_dagrun for latest_only_with_trigger to 2024-11-18 08:00:00+00:00, run_after=2024-11-18 12:00:00+00:00
[2024-11-18T20:51:42.756+0500] {processor.py:208} INFO - Processing /home/AtlasRise/airflow/airflow_env/lib/python3.12/site-packages/airflow/example_dags/example_latest_only_with_trigger.py took 0.138 seconds
[2024-11-18T20:52:49.259+0500] {processor.py:186} INFO - Started process (PID=20071) to work on /home/AtlasRise/airflow/airflow_env/lib/python3.12/site-packages/airflow/example_dags/example_latest_only_with_trigger.py
[2024-11-18T20:52:49.261+0500] {processor.py:914} INFO - Processing file /home/AtlasRise/airflow/airflow_env/lib/python3.12/site-packages/airflow/example_dags/example_latest_only_with_trigger.py for tasks to queue
[2024-11-18T20:52:49.264+0500] {logging_mixin.py:190} INFO - [2024-11-18T20:52:49.264+0500] {dagbag.py:588} INFO - Filling up the DagBag from /home/AtlasRise/airflow/airflow_env/lib/python3.12/site-packages/airflow/example_dags/example_latest_only_with_trigger.py
[2024-11-18T20:52:49.276+0500] {processor.py:925} INFO - DAG(s) 'latest_only_with_trigger' retrieved from /home/AtlasRise/airflow/airflow_env/lib/python3.12/site-packages/airflow/example_dags/example_latest_only_with_trigger.py
[2024-11-18T20:52:49.300+0500] {logging_mixin.py:190} INFO - [2024-11-18T20:52:49.300+0500] {dag.py:3239} INFO - Sync 1 DAGs
[2024-11-18T20:52:49.333+0500] {logging_mixin.py:190} INFO - [2024-11-18T20:52:49.333+0500] {dag.py:4180} INFO - Setting next_dagrun for latest_only_with_trigger to 2024-11-18 08:00:00+00:00, run_after=2024-11-18 12:00:00+00:00
[2024-11-18T20:52:49.369+0500] {processor.py:208} INFO - Processing /home/AtlasRise/airflow/airflow_env/lib/python3.12/site-packages/airflow/example_dags/example_latest_only_with_trigger.py took 0.118 seconds
[2024-11-18T20:54:00.392+0500] {processor.py:186} INFO - Started process (PID=20153) to work on /home/AtlasRise/airflow/airflow_env/lib/python3.12/site-packages/airflow/example_dags/example_latest_only_with_trigger.py
[2024-11-18T20:54:00.393+0500] {processor.py:914} INFO - Processing file /home/AtlasRise/airflow/airflow_env/lib/python3.12/site-packages/airflow/example_dags/example_latest_only_with_trigger.py for tasks to queue
[2024-11-18T20:54:00.396+0500] {logging_mixin.py:190} INFO - [2024-11-18T20:54:00.396+0500] {dagbag.py:588} INFO - Filling up the DagBag from /home/AtlasRise/airflow/airflow_env/lib/python3.12/site-packages/airflow/example_dags/example_latest_only_with_trigger.py
[2024-11-18T20:54:00.412+0500] {processor.py:925} INFO - DAG(s) 'latest_only_with_trigger' retrieved from /home/AtlasRise/airflow/airflow_env/lib/python3.12/site-packages/airflow/example_dags/example_latest_only_with_trigger.py
[2024-11-18T20:54:00.438+0500] {logging_mixin.py:190} INFO - [2024-11-18T20:54:00.437+0500] {dag.py:3239} INFO - Sync 1 DAGs
[2024-11-18T20:54:00.478+0500] {logging_mixin.py:190} INFO - [2024-11-18T20:54:00.477+0500] {dag.py:4180} INFO - Setting next_dagrun for latest_only_with_trigger to 2024-11-18 08:00:00+00:00, run_after=2024-11-18 12:00:00+00:00
[2024-11-18T20:54:00.516+0500] {processor.py:208} INFO - Processing /home/AtlasRise/airflow/airflow_env/lib/python3.12/site-packages/airflow/example_dags/example_latest_only_with_trigger.py took 0.133 seconds
[2024-11-18T20:55:27.121+0500] {processor.py:186} INFO - Started process (PID=20248) to work on /home/AtlasRise/airflow/airflow_env/lib/python3.12/site-packages/airflow/example_dags/example_latest_only_with_trigger.py
[2024-11-18T20:55:27.122+0500] {processor.py:914} INFO - Processing file /home/AtlasRise/airflow/airflow_env/lib/python3.12/site-packages/airflow/example_dags/example_latest_only_with_trigger.py for tasks to queue
[2024-11-18T20:55:27.125+0500] {logging_mixin.py:190} INFO - [2024-11-18T20:55:27.125+0500] {dagbag.py:588} INFO - Filling up the DagBag from /home/AtlasRise/airflow/airflow_env/lib/python3.12/site-packages/airflow/example_dags/example_latest_only_with_trigger.py
[2024-11-18T20:55:27.138+0500] {processor.py:925} INFO - DAG(s) 'latest_only_with_trigger' retrieved from /home/AtlasRise/airflow/airflow_env/lib/python3.12/site-packages/airflow/example_dags/example_latest_only_with_trigger.py
[2024-11-18T20:55:27.164+0500] {logging_mixin.py:190} INFO - [2024-11-18T20:55:27.164+0500] {dag.py:3239} INFO - Sync 1 DAGs
[2024-11-18T20:55:27.202+0500] {logging_mixin.py:190} INFO - [2024-11-18T20:55:27.202+0500] {dag.py:4180} INFO - Setting next_dagrun for latest_only_with_trigger to 2024-11-18 08:00:00+00:00, run_after=2024-11-18 12:00:00+00:00
[2024-11-18T20:55:27.269+0500] {processor.py:208} INFO - Processing /home/AtlasRise/airflow/airflow_env/lib/python3.12/site-packages/airflow/example_dags/example_latest_only_with_trigger.py took 0.156 seconds
[2024-11-18T20:56:42.899+0500] {processor.py:186} INFO - Started process (PID=20339) to work on /home/AtlasRise/airflow/airflow_env/lib/python3.12/site-packages/airflow/example_dags/example_latest_only_with_trigger.py
[2024-11-18T20:56:42.901+0500] {processor.py:914} INFO - Processing file /home/AtlasRise/airflow/airflow_env/lib/python3.12/site-packages/airflow/example_dags/example_latest_only_with_trigger.py for tasks to queue
[2024-11-18T20:56:42.904+0500] {logging_mixin.py:190} INFO - [2024-11-18T20:56:42.904+0500] {dagbag.py:588} INFO - Filling up the DagBag from /home/AtlasRise/airflow/airflow_env/lib/python3.12/site-packages/airflow/example_dags/example_latest_only_with_trigger.py
[2024-11-18T20:56:42.916+0500] {processor.py:925} INFO - DAG(s) 'latest_only_with_trigger' retrieved from /home/AtlasRise/airflow/airflow_env/lib/python3.12/site-packages/airflow/example_dags/example_latest_only_with_trigger.py
[2024-11-18T20:56:42.942+0500] {logging_mixin.py:190} INFO - [2024-11-18T20:56:42.941+0500] {dag.py:3239} INFO - Sync 1 DAGs
[2024-11-18T20:56:42.974+0500] {logging_mixin.py:190} INFO - [2024-11-18T20:56:42.974+0500] {dag.py:4180} INFO - Setting next_dagrun for latest_only_with_trigger to 2024-11-18 08:00:00+00:00, run_after=2024-11-18 12:00:00+00:00
[2024-11-18T20:56:43.009+0500] {processor.py:208} INFO - Processing /home/AtlasRise/airflow/airflow_env/lib/python3.12/site-packages/airflow/example_dags/example_latest_only_with_trigger.py took 0.119 seconds
[2024-11-18T20:57:55.920+0500] {processor.py:186} INFO - Started process (PID=20410) to work on /home/AtlasRise/airflow/airflow_env/lib/python3.12/site-packages/airflow/example_dags/example_latest_only_with_trigger.py
[2024-11-18T20:57:55.921+0500] {processor.py:914} INFO - Processing file /home/AtlasRise/airflow/airflow_env/lib/python3.12/site-packages/airflow/example_dags/example_latest_only_with_trigger.py for tasks to queue
[2024-11-18T20:57:55.924+0500] {logging_mixin.py:190} INFO - [2024-11-18T20:57:55.923+0500] {dagbag.py:588} INFO - Filling up the DagBag from /home/AtlasRise/airflow/airflow_env/lib/python3.12/site-packages/airflow/example_dags/example_latest_only_with_trigger.py
[2024-11-18T20:57:55.936+0500] {processor.py:925} INFO - DAG(s) 'latest_only_with_trigger' retrieved from /home/AtlasRise/airflow/airflow_env/lib/python3.12/site-packages/airflow/example_dags/example_latest_only_with_trigger.py
[2024-11-18T20:57:55.962+0500] {logging_mixin.py:190} INFO - [2024-11-18T20:57:55.962+0500] {dag.py:3239} INFO - Sync 1 DAGs
[2024-11-18T20:57:55.995+0500] {logging_mixin.py:190} INFO - [2024-11-18T20:57:55.995+0500] {dag.py:4180} INFO - Setting next_dagrun for latest_only_with_trigger to 2024-11-18 08:00:00+00:00, run_after=2024-11-18 12:00:00+00:00
[2024-11-18T20:57:56.030+0500] {processor.py:208} INFO - Processing /home/AtlasRise/airflow/airflow_env/lib/python3.12/site-packages/airflow/example_dags/example_latest_only_with_trigger.py took 0.119 seconds
[2024-11-18T20:59:03.687+0500] {processor.py:186} INFO - Started process (PID=20498) to work on /home/AtlasRise/airflow/airflow_env/lib/python3.12/site-packages/airflow/example_dags/example_latest_only_with_trigger.py
[2024-11-18T20:59:03.689+0500] {processor.py:914} INFO - Processing file /home/AtlasRise/airflow/airflow_env/lib/python3.12/site-packages/airflow/example_dags/example_latest_only_with_trigger.py for tasks to queue
[2024-11-18T20:59:03.692+0500] {logging_mixin.py:190} INFO - [2024-11-18T20:59:03.691+0500] {dagbag.py:588} INFO - Filling up the DagBag from /home/AtlasRise/airflow/airflow_env/lib/python3.12/site-packages/airflow/example_dags/example_latest_only_with_trigger.py
[2024-11-18T20:59:03.704+0500] {processor.py:925} INFO - DAG(s) 'latest_only_with_trigger' retrieved from /home/AtlasRise/airflow/airflow_env/lib/python3.12/site-packages/airflow/example_dags/example_latest_only_with_trigger.py
[2024-11-18T20:59:03.728+0500] {logging_mixin.py:190} INFO - [2024-11-18T20:59:03.727+0500] {dag.py:3239} INFO - Sync 1 DAGs
[2024-11-18T20:59:03.760+0500] {logging_mixin.py:190} INFO - [2024-11-18T20:59:03.760+0500] {dag.py:4180} INFO - Setting next_dagrun for latest_only_with_trigger to 2024-11-18 08:00:00+00:00, run_after=2024-11-18 12:00:00+00:00
[2024-11-18T20:59:03.795+0500] {processor.py:208} INFO - Processing /home/AtlasRise/airflow/airflow_env/lib/python3.12/site-packages/airflow/example_dags/example_latest_only_with_trigger.py took 0.116 seconds
[2024-11-18T21:00:20.310+0500] {processor.py:186} INFO - Started process (PID=20579) to work on /home/AtlasRise/airflow/airflow_env/lib/python3.12/site-packages/airflow/example_dags/example_latest_only_with_trigger.py
[2024-11-18T21:00:20.312+0500] {processor.py:914} INFO - Processing file /home/AtlasRise/airflow/airflow_env/lib/python3.12/site-packages/airflow/example_dags/example_latest_only_with_trigger.py for tasks to queue
[2024-11-18T21:00:20.315+0500] {logging_mixin.py:190} INFO - [2024-11-18T21:00:20.314+0500] {dagbag.py:588} INFO - Filling up the DagBag from /home/AtlasRise/airflow/airflow_env/lib/python3.12/site-packages/airflow/example_dags/example_latest_only_with_trigger.py
[2024-11-18T21:00:20.326+0500] {processor.py:925} INFO - DAG(s) 'latest_only_with_trigger' retrieved from /home/AtlasRise/airflow/airflow_env/lib/python3.12/site-packages/airflow/example_dags/example_latest_only_with_trigger.py
[2024-11-18T21:00:20.351+0500] {logging_mixin.py:190} INFO - [2024-11-18T21:00:20.350+0500] {dag.py:3239} INFO - Sync 1 DAGs
[2024-11-18T21:00:20.382+0500] {logging_mixin.py:190} INFO - [2024-11-18T21:00:20.382+0500] {dag.py:4180} INFO - Setting next_dagrun for latest_only_with_trigger to 2024-11-18 12:00:00+00:00, run_after=2024-11-18 16:00:00+00:00
[2024-11-18T21:00:20.415+0500] {processor.py:208} INFO - Processing /home/AtlasRise/airflow/airflow_env/lib/python3.12/site-packages/airflow/example_dags/example_latest_only_with_trigger.py took 0.113 seconds
[2024-11-18T21:01:25.386+0500] {processor.py:186} INFO - Started process (PID=20660) to work on /home/AtlasRise/airflow/airflow_env/lib/python3.12/site-packages/airflow/example_dags/example_latest_only_with_trigger.py
[2024-11-18T21:01:25.388+0500] {processor.py:914} INFO - Processing file /home/AtlasRise/airflow/airflow_env/lib/python3.12/site-packages/airflow/example_dags/example_latest_only_with_trigger.py for tasks to queue
[2024-11-18T21:01:25.391+0500] {logging_mixin.py:190} INFO - [2024-11-18T21:01:25.391+0500] {dagbag.py:588} INFO - Filling up the DagBag from /home/AtlasRise/airflow/airflow_env/lib/python3.12/site-packages/airflow/example_dags/example_latest_only_with_trigger.py
[2024-11-18T21:01:25.403+0500] {processor.py:925} INFO - DAG(s) 'latest_only_with_trigger' retrieved from /home/AtlasRise/airflow/airflow_env/lib/python3.12/site-packages/airflow/example_dags/example_latest_only_with_trigger.py
[2024-11-18T21:01:25.427+0500] {logging_mixin.py:190} INFO - [2024-11-18T21:01:25.427+0500] {dag.py:3239} INFO - Sync 1 DAGs
[2024-11-18T21:01:25.460+0500] {logging_mixin.py:190} INFO - [2024-11-18T21:01:25.459+0500] {dag.py:4180} INFO - Setting next_dagrun for latest_only_with_trigger to 2024-11-18 12:00:00+00:00, run_after=2024-11-18 16:00:00+00:00
[2024-11-18T21:01:25.493+0500] {processor.py:208} INFO - Processing /home/AtlasRise/airflow/airflow_env/lib/python3.12/site-packages/airflow/example_dags/example_latest_only_with_trigger.py took 0.116 seconds
[2024-11-18T21:02:37.338+0500] {processor.py:186} INFO - Started process (PID=20734) to work on /home/AtlasRise/airflow/airflow_env/lib/python3.12/site-packages/airflow/example_dags/example_latest_only_with_trigger.py
[2024-11-18T21:02:37.341+0500] {processor.py:914} INFO - Processing file /home/AtlasRise/airflow/airflow_env/lib/python3.12/site-packages/airflow/example_dags/example_latest_only_with_trigger.py for tasks to queue
[2024-11-18T21:02:37.344+0500] {logging_mixin.py:190} INFO - [2024-11-18T21:02:37.344+0500] {dagbag.py:588} INFO - Filling up the DagBag from /home/AtlasRise/airflow/airflow_env/lib/python3.12/site-packages/airflow/example_dags/example_latest_only_with_trigger.py
[2024-11-18T21:02:37.357+0500] {processor.py:925} INFO - DAG(s) 'latest_only_with_trigger' retrieved from /home/AtlasRise/airflow/airflow_env/lib/python3.12/site-packages/airflow/example_dags/example_latest_only_with_trigger.py
[2024-11-18T21:02:37.383+0500] {logging_mixin.py:190} INFO - [2024-11-18T21:02:37.383+0500] {dag.py:3239} INFO - Sync 1 DAGs
[2024-11-18T21:02:37.415+0500] {logging_mixin.py:190} INFO - [2024-11-18T21:02:37.414+0500] {dag.py:4180} INFO - Setting next_dagrun for latest_only_with_trigger to 2024-11-18 12:00:00+00:00, run_after=2024-11-18 16:00:00+00:00
[2024-11-18T21:02:37.447+0500] {processor.py:208} INFO - Processing /home/AtlasRise/airflow/airflow_env/lib/python3.12/site-packages/airflow/example_dags/example_latest_only_with_trigger.py took 0.120 seconds
[2024-11-18T21:03:46.356+0500] {processor.py:186} INFO - Started process (PID=20820) to work on /home/AtlasRise/airflow/airflow_env/lib/python3.12/site-packages/airflow/example_dags/example_latest_only_with_trigger.py
[2024-11-18T21:03:46.358+0500] {processor.py:914} INFO - Processing file /home/AtlasRise/airflow/airflow_env/lib/python3.12/site-packages/airflow/example_dags/example_latest_only_with_trigger.py for tasks to queue
[2024-11-18T21:03:46.362+0500] {logging_mixin.py:190} INFO - [2024-11-18T21:03:46.361+0500] {dagbag.py:588} INFO - Filling up the DagBag from /home/AtlasRise/airflow/airflow_env/lib/python3.12/site-packages/airflow/example_dags/example_latest_only_with_trigger.py
[2024-11-18T21:03:46.373+0500] {processor.py:925} INFO - DAG(s) 'latest_only_with_trigger' retrieved from /home/AtlasRise/airflow/airflow_env/lib/python3.12/site-packages/airflow/example_dags/example_latest_only_with_trigger.py
[2024-11-18T21:03:46.398+0500] {logging_mixin.py:190} INFO - [2024-11-18T21:03:46.397+0500] {dag.py:3239} INFO - Sync 1 DAGs
[2024-11-18T21:03:46.431+0500] {logging_mixin.py:190} INFO - [2024-11-18T21:03:46.431+0500] {dag.py:4180} INFO - Setting next_dagrun for latest_only_with_trigger to 2024-11-18 12:00:00+00:00, run_after=2024-11-18 16:00:00+00:00
[2024-11-18T21:03:46.466+0500] {processor.py:208} INFO - Processing /home/AtlasRise/airflow/airflow_env/lib/python3.12/site-packages/airflow/example_dags/example_latest_only_with_trigger.py took 0.118 seconds
[2024-11-18T21:04:51.573+0500] {processor.py:186} INFO - Started process (PID=20906) to work on /home/AtlasRise/airflow/airflow_env/lib/python3.12/site-packages/airflow/example_dags/example_latest_only_with_trigger.py
[2024-11-18T21:04:51.574+0500] {processor.py:914} INFO - Processing file /home/AtlasRise/airflow/airflow_env/lib/python3.12/site-packages/airflow/example_dags/example_latest_only_with_trigger.py for tasks to queue
[2024-11-18T21:04:51.578+0500] {logging_mixin.py:190} INFO - [2024-11-18T21:04:51.577+0500] {dagbag.py:588} INFO - Filling up the DagBag from /home/AtlasRise/airflow/airflow_env/lib/python3.12/site-packages/airflow/example_dags/example_latest_only_with_trigger.py
[2024-11-18T21:04:51.590+0500] {processor.py:925} INFO - DAG(s) 'latest_only_with_trigger' retrieved from /home/AtlasRise/airflow/airflow_env/lib/python3.12/site-packages/airflow/example_dags/example_latest_only_with_trigger.py
[2024-11-18T21:04:51.614+0500] {logging_mixin.py:190} INFO - [2024-11-18T21:04:51.614+0500] {dag.py:3239} INFO - Sync 1 DAGs
[2024-11-18T21:04:51.646+0500] {logging_mixin.py:190} INFO - [2024-11-18T21:04:51.646+0500] {dag.py:4180} INFO - Setting next_dagrun for latest_only_with_trigger to 2024-11-18 12:00:00+00:00, run_after=2024-11-18 16:00:00+00:00
[2024-11-18T21:04:51.679+0500] {processor.py:208} INFO - Processing /home/AtlasRise/airflow/airflow_env/lib/python3.12/site-packages/airflow/example_dags/example_latest_only_with_trigger.py took 0.115 seconds
[2024-11-18T21:05:57.988+0500] {processor.py:186} INFO - Started process (PID=20991) to work on /home/AtlasRise/airflow/airflow_env/lib/python3.12/site-packages/airflow/example_dags/example_latest_only_with_trigger.py
[2024-11-18T21:05:57.991+0500] {processor.py:914} INFO - Processing file /home/AtlasRise/airflow/airflow_env/lib/python3.12/site-packages/airflow/example_dags/example_latest_only_with_trigger.py for tasks to queue
[2024-11-18T21:05:57.994+0500] {logging_mixin.py:190} INFO - [2024-11-18T21:05:57.993+0500] {dagbag.py:588} INFO - Filling up the DagBag from /home/AtlasRise/airflow/airflow_env/lib/python3.12/site-packages/airflow/example_dags/example_latest_only_with_trigger.py
[2024-11-18T21:05:58.006+0500] {processor.py:925} INFO - DAG(s) 'latest_only_with_trigger' retrieved from /home/AtlasRise/airflow/airflow_env/lib/python3.12/site-packages/airflow/example_dags/example_latest_only_with_trigger.py
[2024-11-18T21:05:58.031+0500] {logging_mixin.py:190} INFO - [2024-11-18T21:05:58.030+0500] {dag.py:3239} INFO - Sync 1 DAGs
[2024-11-18T21:05:58.063+0500] {logging_mixin.py:190} INFO - [2024-11-18T21:05:58.062+0500] {dag.py:4180} INFO - Setting next_dagrun for latest_only_with_trigger to 2024-11-18 12:00:00+00:00, run_after=2024-11-18 16:00:00+00:00
[2024-11-18T21:05:58.095+0500] {processor.py:208} INFO - Processing /home/AtlasRise/airflow/airflow_env/lib/python3.12/site-packages/airflow/example_dags/example_latest_only_with_trigger.py took 0.115 seconds
[2024-11-18T21:07:19.493+0500] {processor.py:186} INFO - Started process (PID=21093) to work on /home/AtlasRise/airflow/airflow_env/lib/python3.12/site-packages/airflow/example_dags/example_latest_only_with_trigger.py
[2024-11-18T21:07:19.495+0500] {processor.py:914} INFO - Processing file /home/AtlasRise/airflow/airflow_env/lib/python3.12/site-packages/airflow/example_dags/example_latest_only_with_trigger.py for tasks to queue
[2024-11-18T21:07:19.500+0500] {logging_mixin.py:190} INFO - [2024-11-18T21:07:19.499+0500] {dagbag.py:588} INFO - Filling up the DagBag from /home/AtlasRise/airflow/airflow_env/lib/python3.12/site-packages/airflow/example_dags/example_latest_only_with_trigger.py
[2024-11-18T21:07:19.513+0500] {processor.py:925} INFO - DAG(s) 'latest_only_with_trigger' retrieved from /home/AtlasRise/airflow/airflow_env/lib/python3.12/site-packages/airflow/example_dags/example_latest_only_with_trigger.py
[2024-11-18T21:07:19.543+0500] {logging_mixin.py:190} INFO - [2024-11-18T21:07:19.542+0500] {dag.py:3239} INFO - Sync 1 DAGs
[2024-11-18T21:07:19.579+0500] {logging_mixin.py:190} INFO - [2024-11-18T21:07:19.578+0500] {dag.py:4180} INFO - Setting next_dagrun for latest_only_with_trigger to 2024-11-18 12:00:00+00:00, run_after=2024-11-18 16:00:00+00:00
[2024-11-18T21:07:19.614+0500] {processor.py:208} INFO - Processing /home/AtlasRise/airflow/airflow_env/lib/python3.12/site-packages/airflow/example_dags/example_latest_only_with_trigger.py took 0.130 seconds
[2024-11-18T21:08:27.423+0500] {processor.py:186} INFO - Started process (PID=21164) to work on /home/AtlasRise/airflow/airflow_env/lib/python3.12/site-packages/airflow/example_dags/example_latest_only_with_trigger.py
[2024-11-18T21:08:27.426+0500] {processor.py:914} INFO - Processing file /home/AtlasRise/airflow/airflow_env/lib/python3.12/site-packages/airflow/example_dags/example_latest_only_with_trigger.py for tasks to queue
[2024-11-18T21:08:27.429+0500] {logging_mixin.py:190} INFO - [2024-11-18T21:08:27.428+0500] {dagbag.py:588} INFO - Filling up the DagBag from /home/AtlasRise/airflow/airflow_env/lib/python3.12/site-packages/airflow/example_dags/example_latest_only_with_trigger.py
[2024-11-18T21:08:27.441+0500] {processor.py:925} INFO - DAG(s) 'latest_only_with_trigger' retrieved from /home/AtlasRise/airflow/airflow_env/lib/python3.12/site-packages/airflow/example_dags/example_latest_only_with_trigger.py
[2024-11-18T21:08:27.466+0500] {logging_mixin.py:190} INFO - [2024-11-18T21:08:27.466+0500] {dag.py:3239} INFO - Sync 1 DAGs
[2024-11-18T21:08:27.499+0500] {logging_mixin.py:190} INFO - [2024-11-18T21:08:27.498+0500] {dag.py:4180} INFO - Setting next_dagrun for latest_only_with_trigger to 2024-11-18 12:00:00+00:00, run_after=2024-11-18 16:00:00+00:00
[2024-11-18T21:08:27.531+0500] {processor.py:208} INFO - Processing /home/AtlasRise/airflow/airflow_env/lib/python3.12/site-packages/airflow/example_dags/example_latest_only_with_trigger.py took 0.117 seconds
[2024-11-18T21:09:34.395+0500] {processor.py:186} INFO - Started process (PID=21264) to work on /home/AtlasRise/airflow/airflow_env/lib/python3.12/site-packages/airflow/example_dags/example_latest_only_with_trigger.py
[2024-11-18T21:09:34.396+0500] {processor.py:914} INFO - Processing file /home/AtlasRise/airflow/airflow_env/lib/python3.12/site-packages/airflow/example_dags/example_latest_only_with_trigger.py for tasks to queue
[2024-11-18T21:09:34.399+0500] {logging_mixin.py:190} INFO - [2024-11-18T21:09:34.399+0500] {dagbag.py:588} INFO - Filling up the DagBag from /home/AtlasRise/airflow/airflow_env/lib/python3.12/site-packages/airflow/example_dags/example_latest_only_with_trigger.py
[2024-11-18T21:09:34.411+0500] {processor.py:925} INFO - DAG(s) 'latest_only_with_trigger' retrieved from /home/AtlasRise/airflow/airflow_env/lib/python3.12/site-packages/airflow/example_dags/example_latest_only_with_trigger.py
[2024-11-18T21:09:34.439+0500] {logging_mixin.py:190} INFO - [2024-11-18T21:09:34.438+0500] {dag.py:3239} INFO - Sync 1 DAGs
[2024-11-18T21:09:34.475+0500] {logging_mixin.py:190} INFO - [2024-11-18T21:09:34.475+0500] {dag.py:4180} INFO - Setting next_dagrun for latest_only_with_trigger to 2024-11-18 12:00:00+00:00, run_after=2024-11-18 16:00:00+00:00
[2024-11-18T21:09:34.509+0500] {processor.py:208} INFO - Processing /home/AtlasRise/airflow/airflow_env/lib/python3.12/site-packages/airflow/example_dags/example_latest_only_with_trigger.py took 0.124 seconds
[2024-11-18T21:10:47.835+0500] {processor.py:186} INFO - Started process (PID=21354) to work on /home/AtlasRise/airflow/airflow_env/lib/python3.12/site-packages/airflow/example_dags/example_latest_only_with_trigger.py
[2024-11-18T21:10:47.838+0500] {processor.py:914} INFO - Processing file /home/AtlasRise/airflow/airflow_env/lib/python3.12/site-packages/airflow/example_dags/example_latest_only_with_trigger.py for tasks to queue
[2024-11-18T21:10:47.842+0500] {logging_mixin.py:190} INFO - [2024-11-18T21:10:47.841+0500] {dagbag.py:588} INFO - Filling up the DagBag from /home/AtlasRise/airflow/airflow_env/lib/python3.12/site-packages/airflow/example_dags/example_latest_only_with_trigger.py
[2024-11-18T21:10:47.854+0500] {processor.py:925} INFO - DAG(s) 'latest_only_with_trigger' retrieved from /home/AtlasRise/airflow/airflow_env/lib/python3.12/site-packages/airflow/example_dags/example_latest_only_with_trigger.py
[2024-11-18T21:10:47.883+0500] {logging_mixin.py:190} INFO - [2024-11-18T21:10:47.882+0500] {dag.py:3239} INFO - Sync 1 DAGs
[2024-11-18T21:10:47.920+0500] {logging_mixin.py:190} INFO - [2024-11-18T21:10:47.920+0500] {dag.py:4180} INFO - Setting next_dagrun for latest_only_with_trigger to 2024-11-18 12:00:00+00:00, run_after=2024-11-18 16:00:00+00:00
[2024-11-18T21:10:47.956+0500] {processor.py:208} INFO - Processing /home/AtlasRise/airflow/airflow_env/lib/python3.12/site-packages/airflow/example_dags/example_latest_only_with_trigger.py took 0.132 seconds
[2024-11-18T21:12:19.356+0500] {processor.py:186} INFO - Started process (PID=21512) to work on /home/AtlasRise/airflow/airflow_env/lib/python3.12/site-packages/airflow/example_dags/example_latest_only_with_trigger.py
[2024-11-18T21:12:19.358+0500] {processor.py:914} INFO - Processing file /home/AtlasRise/airflow/airflow_env/lib/python3.12/site-packages/airflow/example_dags/example_latest_only_with_trigger.py for tasks to queue
[2024-11-18T21:12:19.362+0500] {logging_mixin.py:190} INFO - [2024-11-18T21:12:19.361+0500] {dagbag.py:588} INFO - Filling up the DagBag from /home/AtlasRise/airflow/airflow_env/lib/python3.12/site-packages/airflow/example_dags/example_latest_only_with_trigger.py
[2024-11-18T21:12:19.374+0500] {processor.py:925} INFO - DAG(s) 'latest_only_with_trigger' retrieved from /home/AtlasRise/airflow/airflow_env/lib/python3.12/site-packages/airflow/example_dags/example_latest_only_with_trigger.py
[2024-11-18T21:12:19.400+0500] {logging_mixin.py:190} INFO - [2024-11-18T21:12:19.399+0500] {dag.py:3239} INFO - Sync 1 DAGs
[2024-11-18T21:12:19.435+0500] {logging_mixin.py:190} INFO - [2024-11-18T21:12:19.435+0500] {dag.py:4180} INFO - Setting next_dagrun for latest_only_with_trigger to 2024-11-18 12:00:00+00:00, run_after=2024-11-18 16:00:00+00:00
[2024-11-18T21:12:19.468+0500] {processor.py:208} INFO - Processing /home/AtlasRise/airflow/airflow_env/lib/python3.12/site-packages/airflow/example_dags/example_latest_only_with_trigger.py took 0.120 seconds
[2024-11-18T21:14:05.434+0500] {processor.py:186} INFO - Started process (PID=21630) to work on /home/AtlasRise/airflow/airflow_env/lib/python3.12/site-packages/airflow/example_dags/example_latest_only_with_trigger.py
[2024-11-18T21:14:05.436+0500] {processor.py:914} INFO - Processing file /home/AtlasRise/airflow/airflow_env/lib/python3.12/site-packages/airflow/example_dags/example_latest_only_with_trigger.py for tasks to queue
[2024-11-18T21:14:05.440+0500] {logging_mixin.py:190} INFO - [2024-11-18T21:14:05.440+0500] {dagbag.py:588} INFO - Filling up the DagBag from /home/AtlasRise/airflow/airflow_env/lib/python3.12/site-packages/airflow/example_dags/example_latest_only_with_trigger.py
[2024-11-18T21:14:05.451+0500] {processor.py:925} INFO - DAG(s) 'latest_only_with_trigger' retrieved from /home/AtlasRise/airflow/airflow_env/lib/python3.12/site-packages/airflow/example_dags/example_latest_only_with_trigger.py
[2024-11-18T21:14:05.478+0500] {logging_mixin.py:190} INFO - [2024-11-18T21:14:05.478+0500] {dag.py:3239} INFO - Sync 1 DAGs
[2024-11-18T21:14:05.512+0500] {logging_mixin.py:190} INFO - [2024-11-18T21:14:05.512+0500] {dag.py:4180} INFO - Setting next_dagrun for latest_only_with_trigger to 2024-11-18 12:00:00+00:00, run_after=2024-11-18 16:00:00+00:00
[2024-11-18T21:14:05.569+0500] {processor.py:208} INFO - Processing /home/AtlasRise/airflow/airflow_env/lib/python3.12/site-packages/airflow/example_dags/example_latest_only_with_trigger.py took 0.144 seconds
[2024-11-18T21:15:31.461+0500] {processor.py:186} INFO - Started process (PID=21752) to work on /home/AtlasRise/airflow/airflow_env/lib/python3.12/site-packages/airflow/example_dags/example_latest_only_with_trigger.py
[2024-11-18T21:15:31.464+0500] {processor.py:914} INFO - Processing file /home/AtlasRise/airflow/airflow_env/lib/python3.12/site-packages/airflow/example_dags/example_latest_only_with_trigger.py for tasks to queue
[2024-11-18T21:15:31.467+0500] {logging_mixin.py:190} INFO - [2024-11-18T21:15:31.466+0500] {dagbag.py:588} INFO - Filling up the DagBag from /home/AtlasRise/airflow/airflow_env/lib/python3.12/site-packages/airflow/example_dags/example_latest_only_with_trigger.py
[2024-11-18T21:15:31.477+0500] {processor.py:925} INFO - DAG(s) 'latest_only_with_trigger' retrieved from /home/AtlasRise/airflow/airflow_env/lib/python3.12/site-packages/airflow/example_dags/example_latest_only_with_trigger.py
[2024-11-18T21:15:31.502+0500] {logging_mixin.py:190} INFO - [2024-11-18T21:15:31.502+0500] {dag.py:3239} INFO - Sync 1 DAGs
[2024-11-18T21:15:31.535+0500] {logging_mixin.py:190} INFO - [2024-11-18T21:15:31.535+0500] {dag.py:4180} INFO - Setting next_dagrun for latest_only_with_trigger to 2024-11-18 12:00:00+00:00, run_after=2024-11-18 16:00:00+00:00
[2024-11-18T21:15:31.568+0500] {processor.py:208} INFO - Processing /home/AtlasRise/airflow/airflow_env/lib/python3.12/site-packages/airflow/example_dags/example_latest_only_with_trigger.py took 0.117 seconds
[2024-11-18T21:17:26.260+0500] {processor.py:186} INFO - Started process (PID=21913) to work on /home/AtlasRise/airflow/airflow_env/lib/python3.12/site-packages/airflow/example_dags/example_latest_only_with_trigger.py
[2024-11-18T21:17:26.262+0500] {processor.py:914} INFO - Processing file /home/AtlasRise/airflow/airflow_env/lib/python3.12/site-packages/airflow/example_dags/example_latest_only_with_trigger.py for tasks to queue
[2024-11-18T21:17:26.265+0500] {logging_mixin.py:190} INFO - [2024-11-18T21:17:26.265+0500] {dagbag.py:588} INFO - Filling up the DagBag from /home/AtlasRise/airflow/airflow_env/lib/python3.12/site-packages/airflow/example_dags/example_latest_only_with_trigger.py
[2024-11-18T21:17:26.278+0500] {processor.py:925} INFO - DAG(s) 'latest_only_with_trigger' retrieved from /home/AtlasRise/airflow/airflow_env/lib/python3.12/site-packages/airflow/example_dags/example_latest_only_with_trigger.py
[2024-11-18T21:17:26.305+0500] {logging_mixin.py:190} INFO - [2024-11-18T21:17:26.305+0500] {dag.py:3239} INFO - Sync 1 DAGs
[2024-11-18T21:17:26.342+0500] {logging_mixin.py:190} INFO - [2024-11-18T21:17:26.342+0500] {dag.py:4180} INFO - Setting next_dagrun for latest_only_with_trigger to 2024-11-18 12:00:00+00:00, run_after=2024-11-18 16:00:00+00:00
[2024-11-18T21:17:26.376+0500] {processor.py:208} INFO - Processing /home/AtlasRise/airflow/airflow_env/lib/python3.12/site-packages/airflow/example_dags/example_latest_only_with_trigger.py took 0.125 seconds
[2024-11-18T21:19:19.489+0500] {processor.py:186} INFO - Started process (PID=22086) to work on /home/AtlasRise/airflow/airflow_env/lib/python3.12/site-packages/airflow/example_dags/example_latest_only_with_trigger.py
[2024-11-18T21:19:19.492+0500] {processor.py:914} INFO - Processing file /home/AtlasRise/airflow/airflow_env/lib/python3.12/site-packages/airflow/example_dags/example_latest_only_with_trigger.py for tasks to queue
[2024-11-18T21:19:19.495+0500] {logging_mixin.py:190} INFO - [2024-11-18T21:19:19.495+0500] {dagbag.py:588} INFO - Filling up the DagBag from /home/AtlasRise/airflow/airflow_env/lib/python3.12/site-packages/airflow/example_dags/example_latest_only_with_trigger.py
[2024-11-18T21:19:19.506+0500] {processor.py:925} INFO - DAG(s) 'latest_only_with_trigger' retrieved from /home/AtlasRise/airflow/airflow_env/lib/python3.12/site-packages/airflow/example_dags/example_latest_only_with_trigger.py
[2024-11-18T21:19:19.531+0500] {logging_mixin.py:190} INFO - [2024-11-18T21:19:19.531+0500] {dag.py:3239} INFO - Sync 1 DAGs
[2024-11-18T21:19:19.564+0500] {logging_mixin.py:190} INFO - [2024-11-18T21:19:19.564+0500] {dag.py:4180} INFO - Setting next_dagrun for latest_only_with_trigger to 2024-11-18 12:00:00+00:00, run_after=2024-11-18 16:00:00+00:00
[2024-11-18T21:19:19.597+0500] {processor.py:208} INFO - Processing /home/AtlasRise/airflow/airflow_env/lib/python3.12/site-packages/airflow/example_dags/example_latest_only_with_trigger.py took 0.116 seconds
[2024-11-18T21:20:37.799+0500] {processor.py:186} INFO - Started process (PID=22167) to work on /home/AtlasRise/airflow/airflow_env/lib/python3.12/site-packages/airflow/example_dags/example_latest_only_with_trigger.py
[2024-11-18T21:20:37.802+0500] {processor.py:914} INFO - Processing file /home/AtlasRise/airflow/airflow_env/lib/python3.12/site-packages/airflow/example_dags/example_latest_only_with_trigger.py for tasks to queue
[2024-11-18T21:20:37.807+0500] {logging_mixin.py:190} INFO - [2024-11-18T21:20:37.806+0500] {dagbag.py:588} INFO - Filling up the DagBag from /home/AtlasRise/airflow/airflow_env/lib/python3.12/site-packages/airflow/example_dags/example_latest_only_with_trigger.py
[2024-11-18T21:20:37.821+0500] {processor.py:925} INFO - DAG(s) 'latest_only_with_trigger' retrieved from /home/AtlasRise/airflow/airflow_env/lib/python3.12/site-packages/airflow/example_dags/example_latest_only_with_trigger.py
[2024-11-18T21:20:37.847+0500] {logging_mixin.py:190} INFO - [2024-11-18T21:20:37.847+0500] {dag.py:3239} INFO - Sync 1 DAGs
[2024-11-18T21:20:37.881+0500] {logging_mixin.py:190} INFO - [2024-11-18T21:20:37.880+0500] {dag.py:4180} INFO - Setting next_dagrun for latest_only_with_trigger to 2024-11-18 12:00:00+00:00, run_after=2024-11-18 16:00:00+00:00
[2024-11-18T21:20:37.914+0500] {processor.py:208} INFO - Processing /home/AtlasRise/airflow/airflow_env/lib/python3.12/site-packages/airflow/example_dags/example_latest_only_with_trigger.py took 0.125 seconds
[2024-11-18T21:21:51.961+0500] {processor.py:186} INFO - Started process (PID=22270) to work on /home/AtlasRise/airflow/airflow_env/lib/python3.12/site-packages/airflow/example_dags/example_latest_only_with_trigger.py
[2024-11-18T21:21:51.963+0500] {processor.py:914} INFO - Processing file /home/AtlasRise/airflow/airflow_env/lib/python3.12/site-packages/airflow/example_dags/example_latest_only_with_trigger.py for tasks to queue
[2024-11-18T21:21:51.967+0500] {logging_mixin.py:190} INFO - [2024-11-18T21:21:51.967+0500] {dagbag.py:588} INFO - Filling up the DagBag from /home/AtlasRise/airflow/airflow_env/lib/python3.12/site-packages/airflow/example_dags/example_latest_only_with_trigger.py
[2024-11-18T21:21:51.978+0500] {processor.py:925} INFO - DAG(s) 'latest_only_with_trigger' retrieved from /home/AtlasRise/airflow/airflow_env/lib/python3.12/site-packages/airflow/example_dags/example_latest_only_with_trigger.py
[2024-11-18T21:21:52.014+0500] {logging_mixin.py:190} INFO - [2024-11-18T21:21:52.013+0500] {dag.py:3239} INFO - Sync 1 DAGs
[2024-11-18T21:21:52.082+0500] {logging_mixin.py:190} INFO - [2024-11-18T21:21:52.081+0500] {dag.py:4180} INFO - Setting next_dagrun for latest_only_with_trigger to 2024-11-18 12:00:00+00:00, run_after=2024-11-18 16:00:00+00:00
[2024-11-18T21:21:52.165+0500] {processor.py:208} INFO - Processing /home/AtlasRise/airflow/airflow_env/lib/python3.12/site-packages/airflow/example_dags/example_latest_only_with_trigger.py took 0.213 seconds
[2024-11-18T21:22:58.984+0500] {processor.py:186} INFO - Started process (PID=22350) to work on /home/AtlasRise/airflow/airflow_env/lib/python3.12/site-packages/airflow/example_dags/example_latest_only_with_trigger.py
[2024-11-18T21:22:58.985+0500] {processor.py:914} INFO - Processing file /home/AtlasRise/airflow/airflow_env/lib/python3.12/site-packages/airflow/example_dags/example_latest_only_with_trigger.py for tasks to queue
[2024-11-18T21:22:58.990+0500] {logging_mixin.py:190} INFO - [2024-11-18T21:22:58.988+0500] {dagbag.py:588} INFO - Filling up the DagBag from /home/AtlasRise/airflow/airflow_env/lib/python3.12/site-packages/airflow/example_dags/example_latest_only_with_trigger.py
[2024-11-18T21:22:59.001+0500] {processor.py:925} INFO - DAG(s) 'latest_only_with_trigger' retrieved from /home/AtlasRise/airflow/airflow_env/lib/python3.12/site-packages/airflow/example_dags/example_latest_only_with_trigger.py
[2024-11-18T21:22:59.028+0500] {logging_mixin.py:190} INFO - [2024-11-18T21:22:59.028+0500] {dag.py:3239} INFO - Sync 1 DAGs
[2024-11-18T21:22:59.065+0500] {logging_mixin.py:190} INFO - [2024-11-18T21:22:59.065+0500] {dag.py:4180} INFO - Setting next_dagrun for latest_only_with_trigger to 2024-11-18 12:00:00+00:00, run_after=2024-11-18 16:00:00+00:00
[2024-11-18T21:22:59.111+0500] {processor.py:208} INFO - Processing /home/AtlasRise/airflow/airflow_env/lib/python3.12/site-packages/airflow/example_dags/example_latest_only_with_trigger.py took 0.136 seconds
