[2024-11-18T20:41:22.159+0500] {processor.py:186} INFO - Started process (PID=18971) to work on /home/AtlasRise/airflow/airflow_env/lib/python3.12/site-packages/airflow/example_dags/example_branch_datetime_operator.py
[2024-11-18T20:41:22.160+0500] {processor.py:914} INFO - Processing file /home/AtlasRise/airflow/airflow_env/lib/python3.12/site-packages/airflow/example_dags/example_branch_datetime_operator.py for tasks to queue
[2024-11-18T20:41:22.163+0500] {logging_mixin.py:190} INFO - [2024-11-18T20:41:22.162+0500] {dagbag.py:588} INFO - Filling up the DagBag from /home/AtlasRise/airflow/airflow_env/lib/python3.12/site-packages/airflow/example_dags/example_branch_datetime_operator.py
[2024-11-18T20:41:22.180+0500] {processor.py:925} INFO - DAG(s) 'example_branch_datetime_operator', 'example_branch_datetime_operator_3', 'example_branch_datetime_operator_2' retrieved from /home/AtlasRise/airflow/airflow_env/lib/python3.12/site-packages/airflow/example_dags/example_branch_datetime_operator.py
[2024-11-18T20:41:22.345+0500] {logging_mixin.py:190} INFO - [2024-11-18T20:41:22.345+0500] {override.py:1911} INFO - Created Permission View: can read on DAG:example_branch_datetime_operator
[2024-11-18T20:41:22.363+0500] {logging_mixin.py:190} INFO - [2024-11-18T20:41:22.363+0500] {override.py:1911} INFO - Created Permission View: can edit on DAG:example_branch_datetime_operator
[2024-11-18T20:41:22.376+0500] {logging_mixin.py:190} INFO - [2024-11-18T20:41:22.375+0500] {override.py:1911} INFO - Created Permission View: can delete on DAG:example_branch_datetime_operator
[2024-11-18T20:41:22.395+0500] {logging_mixin.py:190} INFO - [2024-11-18T20:41:22.394+0500] {override.py:1911} INFO - Created Permission View: can read on DAG Run:example_branch_datetime_operator
[2024-11-18T20:41:22.406+0500] {logging_mixin.py:190} INFO - [2024-11-18T20:41:22.406+0500] {override.py:1911} INFO - Created Permission View: can create on DAG Run:example_branch_datetime_operator
[2024-11-18T20:41:22.418+0500] {logging_mixin.py:190} INFO - [2024-11-18T20:41:22.418+0500] {override.py:1911} INFO - Created Permission View: can delete on DAG Run:example_branch_datetime_operator
[2024-11-18T20:41:22.431+0500] {logging_mixin.py:190} INFO - [2024-11-18T20:41:22.430+0500] {override.py:1911} INFO - Created Permission View: menu access on DAG Run:example_branch_datetime_operator
[2024-11-18T20:41:22.463+0500] {logging_mixin.py:190} INFO - [2024-11-18T20:41:22.462+0500] {override.py:1911} INFO - Created Permission View: can read on DAG:example_branch_datetime_operator_3
[2024-11-18T20:41:22.476+0500] {logging_mixin.py:190} INFO - [2024-11-18T20:41:22.475+0500] {override.py:1911} INFO - Created Permission View: can edit on DAG:example_branch_datetime_operator_3
[2024-11-18T20:41:22.488+0500] {logging_mixin.py:190} INFO - [2024-11-18T20:41:22.487+0500] {override.py:1911} INFO - Created Permission View: can delete on DAG:example_branch_datetime_operator_3
[2024-11-18T20:41:22.507+0500] {logging_mixin.py:190} INFO - [2024-11-18T20:41:22.506+0500] {override.py:1911} INFO - Created Permission View: can read on DAG Run:example_branch_datetime_operator_3
[2024-11-18T20:41:22.519+0500] {logging_mixin.py:190} INFO - [2024-11-18T20:41:22.519+0500] {override.py:1911} INFO - Created Permission View: can create on DAG Run:example_branch_datetime_operator_3
[2024-11-18T20:41:22.537+0500] {logging_mixin.py:190} INFO - [2024-11-18T20:41:22.536+0500] {override.py:1911} INFO - Created Permission View: can delete on DAG Run:example_branch_datetime_operator_3
[2024-11-18T20:41:22.555+0500] {logging_mixin.py:190} INFO - [2024-11-18T20:41:22.552+0500] {override.py:1911} INFO - Created Permission View: menu access on DAG Run:example_branch_datetime_operator_3
[2024-11-18T20:41:22.594+0500] {logging_mixin.py:190} INFO - [2024-11-18T20:41:22.594+0500] {override.py:1911} INFO - Created Permission View: can read on DAG:example_branch_datetime_operator_2
[2024-11-18T20:41:22.607+0500] {logging_mixin.py:190} INFO - [2024-11-18T20:41:22.605+0500] {override.py:1911} INFO - Created Permission View: can edit on DAG:example_branch_datetime_operator_2
[2024-11-18T20:41:22.625+0500] {logging_mixin.py:190} INFO - [2024-11-18T20:41:22.622+0500] {override.py:1911} INFO - Created Permission View: can delete on DAG:example_branch_datetime_operator_2
[2024-11-18T20:41:22.654+0500] {logging_mixin.py:190} INFO - [2024-11-18T20:41:22.653+0500] {override.py:1911} INFO - Created Permission View: can read on DAG Run:example_branch_datetime_operator_2
[2024-11-18T20:41:22.671+0500] {logging_mixin.py:190} INFO - [2024-11-18T20:41:22.671+0500] {override.py:1911} INFO - Created Permission View: can create on DAG Run:example_branch_datetime_operator_2
[2024-11-18T20:41:22.687+0500] {logging_mixin.py:190} INFO - [2024-11-18T20:41:22.686+0500] {override.py:1911} INFO - Created Permission View: can delete on DAG Run:example_branch_datetime_operator_2
[2024-11-18T20:41:22.703+0500] {logging_mixin.py:190} INFO - [2024-11-18T20:41:22.702+0500] {override.py:1911} INFO - Created Permission View: menu access on DAG Run:example_branch_datetime_operator_2
[2024-11-18T20:41:22.707+0500] {logging_mixin.py:190} INFO - [2024-11-18T20:41:22.703+0500] {dag.py:3239} INFO - Sync 3 DAGs
[2024-11-18T20:41:22.750+0500] {logging_mixin.py:190} INFO - [2024-11-18T20:41:22.749+0500] {dag.py:3262} INFO - Creating ORM DAG for example_branch_datetime_operator
[2024-11-18T20:41:22.751+0500] {logging_mixin.py:190} INFO - [2024-11-18T20:41:22.751+0500] {dag.py:3262} INFO - Creating ORM DAG for example_branch_datetime_operator_3
[2024-11-18T20:41:22.752+0500] {logging_mixin.py:190} INFO - [2024-11-18T20:41:22.752+0500] {dag.py:3262} INFO - Creating ORM DAG for example_branch_datetime_operator_2
[2024-11-18T20:41:22.767+0500] {logging_mixin.py:190} INFO - [2024-11-18T20:41:22.767+0500] {dag.py:4180} INFO - Setting next_dagrun for example_branch_datetime_operator to 2024-11-17 00:00:00+00:00, run_after=2024-11-18 00:00:00+00:00
[2024-11-18T20:41:22.770+0500] {logging_mixin.py:190} INFO - [2024-11-18T20:41:22.770+0500] {dag.py:4180} INFO - Setting next_dagrun for example_branch_datetime_operator_2 to 2024-11-17 00:00:00+00:00, run_after=2024-11-18 00:00:00+00:00
[2024-11-18T20:41:22.773+0500] {logging_mixin.py:190} INFO - [2024-11-18T20:41:22.772+0500] {dag.py:4180} INFO - Setting next_dagrun for example_branch_datetime_operator_3 to 2024-11-17 00:00:00+00:00, run_after=2024-11-18 00:00:00+00:00
[2024-11-18T20:41:22.807+0500] {processor.py:208} INFO - Processing /home/AtlasRise/airflow/airflow_env/lib/python3.12/site-packages/airflow/example_dags/example_branch_datetime_operator.py took 0.656 seconds
[2024-11-18T20:42:38.447+0500] {processor.py:186} INFO - Started process (PID=19167) to work on /home/AtlasRise/airflow/airflow_env/lib/python3.12/site-packages/airflow/example_dags/example_branch_datetime_operator.py
[2024-11-18T20:42:38.449+0500] {processor.py:914} INFO - Processing file /home/AtlasRise/airflow/airflow_env/lib/python3.12/site-packages/airflow/example_dags/example_branch_datetime_operator.py for tasks to queue
[2024-11-18T20:42:38.452+0500] {logging_mixin.py:190} INFO - [2024-11-18T20:42:38.451+0500] {dagbag.py:588} INFO - Filling up the DagBag from /home/AtlasRise/airflow/airflow_env/lib/python3.12/site-packages/airflow/example_dags/example_branch_datetime_operator.py
[2024-11-18T20:42:38.471+0500] {processor.py:925} INFO - DAG(s) 'example_branch_datetime_operator', 'example_branch_datetime_operator_3', 'example_branch_datetime_operator_2' retrieved from /home/AtlasRise/airflow/airflow_env/lib/python3.12/site-packages/airflow/example_dags/example_branch_datetime_operator.py
[2024-11-18T20:42:38.505+0500] {logging_mixin.py:190} INFO - [2024-11-18T20:42:38.505+0500] {dag.py:3239} INFO - Sync 3 DAGs
[2024-11-18T20:42:38.542+0500] {logging_mixin.py:190} INFO - [2024-11-18T20:42:38.541+0500] {dag.py:4180} INFO - Setting next_dagrun for example_branch_datetime_operator to 2024-11-17 00:00:00+00:00, run_after=2024-11-18 00:00:00+00:00
[2024-11-18T20:42:38.550+0500] {logging_mixin.py:190} INFO - [2024-11-18T20:42:38.550+0500] {dag.py:4180} INFO - Setting next_dagrun for example_branch_datetime_operator_2 to 2024-11-17 00:00:00+00:00, run_after=2024-11-18 00:00:00+00:00
[2024-11-18T20:42:38.554+0500] {logging_mixin.py:190} INFO - [2024-11-18T20:42:38.554+0500] {dag.py:4180} INFO - Setting next_dagrun for example_branch_datetime_operator_3 to 2024-11-17 00:00:00+00:00, run_after=2024-11-18 00:00:00+00:00
[2024-11-18T20:42:38.583+0500] {processor.py:208} INFO - Processing /home/AtlasRise/airflow/airflow_env/lib/python3.12/site-packages/airflow/example_dags/example_branch_datetime_operator.py took 0.146 seconds
[2024-11-18T20:43:46.011+0500] {processor.py:186} INFO - Started process (PID=19246) to work on /home/AtlasRise/airflow/airflow_env/lib/python3.12/site-packages/airflow/example_dags/example_branch_datetime_operator.py
[2024-11-18T20:43:46.013+0500] {processor.py:914} INFO - Processing file /home/AtlasRise/airflow/airflow_env/lib/python3.12/site-packages/airflow/example_dags/example_branch_datetime_operator.py for tasks to queue
[2024-11-18T20:43:46.016+0500] {logging_mixin.py:190} INFO - [2024-11-18T20:43:46.015+0500] {dagbag.py:588} INFO - Filling up the DagBag from /home/AtlasRise/airflow/airflow_env/lib/python3.12/site-packages/airflow/example_dags/example_branch_datetime_operator.py
[2024-11-18T20:43:46.034+0500] {processor.py:925} INFO - DAG(s) 'example_branch_datetime_operator_2', 'example_branch_datetime_operator_3', 'example_branch_datetime_operator' retrieved from /home/AtlasRise/airflow/airflow_env/lib/python3.12/site-packages/airflow/example_dags/example_branch_datetime_operator.py
[2024-11-18T20:43:46.066+0500] {logging_mixin.py:190} INFO - [2024-11-18T20:43:46.066+0500] {dag.py:3239} INFO - Sync 3 DAGs
[2024-11-18T20:43:46.102+0500] {logging_mixin.py:190} INFO - [2024-11-18T20:43:46.102+0500] {dag.py:4180} INFO - Setting next_dagrun for example_branch_datetime_operator to 2024-11-17 00:00:00+00:00, run_after=2024-11-18 00:00:00+00:00
[2024-11-18T20:43:46.111+0500] {logging_mixin.py:190} INFO - [2024-11-18T20:43:46.110+0500] {dag.py:4180} INFO - Setting next_dagrun for example_branch_datetime_operator_2 to 2024-11-17 00:00:00+00:00, run_after=2024-11-18 00:00:00+00:00
[2024-11-18T20:43:46.114+0500] {logging_mixin.py:190} INFO - [2024-11-18T20:43:46.114+0500] {dag.py:4180} INFO - Setting next_dagrun for example_branch_datetime_operator_3 to 2024-11-17 00:00:00+00:00, run_after=2024-11-18 00:00:00+00:00
[2024-11-18T20:43:46.146+0500] {processor.py:208} INFO - Processing /home/AtlasRise/airflow/airflow_env/lib/python3.12/site-packages/airflow/example_dags/example_branch_datetime_operator.py took 0.143 seconds
[2024-11-18T20:44:51.650+0500] {processor.py:186} INFO - Started process (PID=19317) to work on /home/AtlasRise/airflow/airflow_env/lib/python3.12/site-packages/airflow/example_dags/example_branch_datetime_operator.py
[2024-11-18T20:44:51.653+0500] {processor.py:914} INFO - Processing file /home/AtlasRise/airflow/airflow_env/lib/python3.12/site-packages/airflow/example_dags/example_branch_datetime_operator.py for tasks to queue
[2024-11-18T20:44:51.656+0500] {logging_mixin.py:190} INFO - [2024-11-18T20:44:51.655+0500] {dagbag.py:588} INFO - Filling up the DagBag from /home/AtlasRise/airflow/airflow_env/lib/python3.12/site-packages/airflow/example_dags/example_branch_datetime_operator.py
[2024-11-18T20:44:51.674+0500] {processor.py:925} INFO - DAG(s) 'example_branch_datetime_operator_3', 'example_branch_datetime_operator_2', 'example_branch_datetime_operator' retrieved from /home/AtlasRise/airflow/airflow_env/lib/python3.12/site-packages/airflow/example_dags/example_branch_datetime_operator.py
[2024-11-18T20:44:51.706+0500] {logging_mixin.py:190} INFO - [2024-11-18T20:44:51.706+0500] {dag.py:3239} INFO - Sync 3 DAGs
[2024-11-18T20:44:51.741+0500] {logging_mixin.py:190} INFO - [2024-11-18T20:44:51.740+0500] {dag.py:4180} INFO - Setting next_dagrun for example_branch_datetime_operator to 2024-11-17 00:00:00+00:00, run_after=2024-11-18 00:00:00+00:00
[2024-11-18T20:44:51.748+0500] {logging_mixin.py:190} INFO - [2024-11-18T20:44:51.748+0500] {dag.py:4180} INFO - Setting next_dagrun for example_branch_datetime_operator_2 to 2024-11-17 00:00:00+00:00, run_after=2024-11-18 00:00:00+00:00
[2024-11-18T20:44:51.752+0500] {logging_mixin.py:190} INFO - [2024-11-18T20:44:51.752+0500] {dag.py:4180} INFO - Setting next_dagrun for example_branch_datetime_operator_3 to 2024-11-17 00:00:00+00:00, run_after=2024-11-18 00:00:00+00:00
[2024-11-18T20:44:51.779+0500] {processor.py:208} INFO - Processing /home/AtlasRise/airflow/airflow_env/lib/python3.12/site-packages/airflow/example_dags/example_branch_datetime_operator.py took 0.137 seconds
[2024-11-18T20:46:04.233+0500] {processor.py:186} INFO - Started process (PID=19510) to work on /home/AtlasRise/airflow/airflow_env/lib/python3.12/site-packages/airflow/example_dags/example_branch_datetime_operator.py
[2024-11-18T20:46:04.234+0500] {processor.py:914} INFO - Processing file /home/AtlasRise/airflow/airflow_env/lib/python3.12/site-packages/airflow/example_dags/example_branch_datetime_operator.py for tasks to queue
[2024-11-18T20:46:04.236+0500] {logging_mixin.py:190} INFO - [2024-11-18T20:46:04.236+0500] {dagbag.py:588} INFO - Filling up the DagBag from /home/AtlasRise/airflow/airflow_env/lib/python3.12/site-packages/airflow/example_dags/example_branch_datetime_operator.py
[2024-11-18T20:46:04.415+0500] {processor.py:925} INFO - DAG(s) 'example_branch_datetime_operator_2', 'example_branch_datetime_operator_3', 'example_branch_datetime_operator' retrieved from /home/AtlasRise/airflow/airflow_env/lib/python3.12/site-packages/airflow/example_dags/example_branch_datetime_operator.py
[2024-11-18T20:46:04.442+0500] {logging_mixin.py:190} INFO - [2024-11-18T20:46:04.441+0500] {dag.py:3239} INFO - Sync 3 DAGs
[2024-11-18T20:46:04.472+0500] {logging_mixin.py:190} INFO - [2024-11-18T20:46:04.471+0500] {dag.py:4180} INFO - Setting next_dagrun for example_branch_datetime_operator to 2024-11-17 00:00:00+00:00, run_after=2024-11-18 00:00:00+00:00
[2024-11-18T20:46:04.479+0500] {logging_mixin.py:190} INFO - [2024-11-18T20:46:04.479+0500] {dag.py:4180} INFO - Setting next_dagrun for example_branch_datetime_operator_2 to 2024-11-17 00:00:00+00:00, run_after=2024-11-18 00:00:00+00:00
[2024-11-18T20:46:04.483+0500] {logging_mixin.py:190} INFO - [2024-11-18T20:46:04.483+0500] {dag.py:4180} INFO - Setting next_dagrun for example_branch_datetime_operator_3 to 2024-11-17 00:00:00+00:00, run_after=2024-11-18 00:00:00+00:00
[2024-11-18T20:46:04.511+0500] {processor.py:208} INFO - Processing /home/AtlasRise/airflow/airflow_env/lib/python3.12/site-packages/airflow/example_dags/example_branch_datetime_operator.py took 0.286 seconds
[2024-11-18T20:47:19.681+0500] {processor.py:186} INFO - Started process (PID=19613) to work on /home/AtlasRise/airflow/airflow_env/lib/python3.12/site-packages/airflow/example_dags/example_branch_datetime_operator.py
[2024-11-18T20:47:19.684+0500] {processor.py:914} INFO - Processing file /home/AtlasRise/airflow/airflow_env/lib/python3.12/site-packages/airflow/example_dags/example_branch_datetime_operator.py for tasks to queue
[2024-11-18T20:47:19.687+0500] {logging_mixin.py:190} INFO - [2024-11-18T20:47:19.687+0500] {dagbag.py:588} INFO - Filling up the DagBag from /home/AtlasRise/airflow/airflow_env/lib/python3.12/site-packages/airflow/example_dags/example_branch_datetime_operator.py
[2024-11-18T20:47:19.707+0500] {processor.py:925} INFO - DAG(s) 'example_branch_datetime_operator_2', 'example_branch_datetime_operator', 'example_branch_datetime_operator_3' retrieved from /home/AtlasRise/airflow/airflow_env/lib/python3.12/site-packages/airflow/example_dags/example_branch_datetime_operator.py
[2024-11-18T20:47:19.745+0500] {logging_mixin.py:190} INFO - [2024-11-18T20:47:19.743+0500] {dag.py:3239} INFO - Sync 3 DAGs
[2024-11-18T20:47:19.791+0500] {logging_mixin.py:190} INFO - [2024-11-18T20:47:19.790+0500] {dag.py:4180} INFO - Setting next_dagrun for example_branch_datetime_operator to 2024-11-17 00:00:00+00:00, run_after=2024-11-18 00:00:00+00:00
[2024-11-18T20:47:19.799+0500] {logging_mixin.py:190} INFO - [2024-11-18T20:47:19.798+0500] {dag.py:4180} INFO - Setting next_dagrun for example_branch_datetime_operator_2 to 2024-11-17 00:00:00+00:00, run_after=2024-11-18 00:00:00+00:00
[2024-11-18T20:47:19.803+0500] {logging_mixin.py:190} INFO - [2024-11-18T20:47:19.803+0500] {dag.py:4180} INFO - Setting next_dagrun for example_branch_datetime_operator_3 to 2024-11-17 00:00:00+00:00, run_after=2024-11-18 00:00:00+00:00
[2024-11-18T20:47:19.841+0500] {processor.py:208} INFO - Processing /home/AtlasRise/airflow/airflow_env/lib/python3.12/site-packages/airflow/example_dags/example_branch_datetime_operator.py took 0.168 seconds
[2024-11-18T20:48:25.907+0500] {processor.py:186} INFO - Started process (PID=19766) to work on /home/AtlasRise/airflow/airflow_env/lib/python3.12/site-packages/airflow/example_dags/example_branch_datetime_operator.py
[2024-11-18T20:48:25.911+0500] {processor.py:914} INFO - Processing file /home/AtlasRise/airflow/airflow_env/lib/python3.12/site-packages/airflow/example_dags/example_branch_datetime_operator.py for tasks to queue
[2024-11-18T20:48:25.914+0500] {logging_mixin.py:190} INFO - [2024-11-18T20:48:25.913+0500] {dagbag.py:588} INFO - Filling up the DagBag from /home/AtlasRise/airflow/airflow_env/lib/python3.12/site-packages/airflow/example_dags/example_branch_datetime_operator.py
[2024-11-18T20:48:25.932+0500] {processor.py:925} INFO - DAG(s) 'example_branch_datetime_operator', 'example_branch_datetime_operator_2', 'example_branch_datetime_operator_3' retrieved from /home/AtlasRise/airflow/airflow_env/lib/python3.12/site-packages/airflow/example_dags/example_branch_datetime_operator.py
[2024-11-18T20:48:25.965+0500] {logging_mixin.py:190} INFO - [2024-11-18T20:48:25.965+0500] {dag.py:3239} INFO - Sync 3 DAGs
[2024-11-18T20:48:26.002+0500] {logging_mixin.py:190} INFO - [2024-11-18T20:48:26.002+0500] {dag.py:4180} INFO - Setting next_dagrun for example_branch_datetime_operator to 2024-11-17 00:00:00+00:00, run_after=2024-11-18 00:00:00+00:00
[2024-11-18T20:48:26.010+0500] {logging_mixin.py:190} INFO - [2024-11-18T20:48:26.010+0500] {dag.py:4180} INFO - Setting next_dagrun for example_branch_datetime_operator_2 to 2024-11-17 00:00:00+00:00, run_after=2024-11-18 00:00:00+00:00
[2024-11-18T20:48:26.014+0500] {logging_mixin.py:190} INFO - [2024-11-18T20:48:26.014+0500] {dag.py:4180} INFO - Setting next_dagrun for example_branch_datetime_operator_3 to 2024-11-17 00:00:00+00:00, run_after=2024-11-18 00:00:00+00:00
[2024-11-18T20:48:26.043+0500] {processor.py:208} INFO - Processing /home/AtlasRise/airflow/airflow_env/lib/python3.12/site-packages/airflow/example_dags/example_branch_datetime_operator.py took 0.145 seconds
[2024-11-18T20:49:35.330+0500] {processor.py:186} INFO - Started process (PID=19851) to work on /home/AtlasRise/airflow/airflow_env/lib/python3.12/site-packages/airflow/example_dags/example_branch_datetime_operator.py
[2024-11-18T20:49:35.332+0500] {processor.py:914} INFO - Processing file /home/AtlasRise/airflow/airflow_env/lib/python3.12/site-packages/airflow/example_dags/example_branch_datetime_operator.py for tasks to queue
[2024-11-18T20:49:35.335+0500] {logging_mixin.py:190} INFO - [2024-11-18T20:49:35.335+0500] {dagbag.py:588} INFO - Filling up the DagBag from /home/AtlasRise/airflow/airflow_env/lib/python3.12/site-packages/airflow/example_dags/example_branch_datetime_operator.py
[2024-11-18T20:49:35.355+0500] {processor.py:925} INFO - DAG(s) 'example_branch_datetime_operator_2', 'example_branch_datetime_operator', 'example_branch_datetime_operator_3' retrieved from /home/AtlasRise/airflow/airflow_env/lib/python3.12/site-packages/airflow/example_dags/example_branch_datetime_operator.py
[2024-11-18T20:49:35.389+0500] {logging_mixin.py:190} INFO - [2024-11-18T20:49:35.389+0500] {dag.py:3239} INFO - Sync 3 DAGs
[2024-11-18T20:49:35.426+0500] {logging_mixin.py:190} INFO - [2024-11-18T20:49:35.426+0500] {dag.py:4180} INFO - Setting next_dagrun for example_branch_datetime_operator to 2024-11-17 00:00:00+00:00, run_after=2024-11-18 00:00:00+00:00
[2024-11-18T20:49:35.434+0500] {logging_mixin.py:190} INFO - [2024-11-18T20:49:35.434+0500] {dag.py:4180} INFO - Setting next_dagrun for example_branch_datetime_operator_2 to 2024-11-17 00:00:00+00:00, run_after=2024-11-18 00:00:00+00:00
[2024-11-18T20:49:35.438+0500] {logging_mixin.py:190} INFO - [2024-11-18T20:49:35.438+0500] {dag.py:4180} INFO - Setting next_dagrun for example_branch_datetime_operator_3 to 2024-11-17 00:00:00+00:00, run_after=2024-11-18 00:00:00+00:00
[2024-11-18T20:49:35.467+0500] {processor.py:208} INFO - Processing /home/AtlasRise/airflow/airflow_env/lib/python3.12/site-packages/airflow/example_dags/example_branch_datetime_operator.py took 0.145 seconds
[2024-11-18T20:50:43.315+0500] {processor.py:186} INFO - Started process (PID=19925) to work on /home/AtlasRise/airflow/airflow_env/lib/python3.12/site-packages/airflow/example_dags/example_branch_datetime_operator.py
[2024-11-18T20:50:43.317+0500] {processor.py:914} INFO - Processing file /home/AtlasRise/airflow/airflow_env/lib/python3.12/site-packages/airflow/example_dags/example_branch_datetime_operator.py for tasks to queue
[2024-11-18T20:50:43.320+0500] {logging_mixin.py:190} INFO - [2024-11-18T20:50:43.319+0500] {dagbag.py:588} INFO - Filling up the DagBag from /home/AtlasRise/airflow/airflow_env/lib/python3.12/site-packages/airflow/example_dags/example_branch_datetime_operator.py
[2024-11-18T20:50:43.338+0500] {processor.py:925} INFO - DAG(s) 'example_branch_datetime_operator_2', 'example_branch_datetime_operator', 'example_branch_datetime_operator_3' retrieved from /home/AtlasRise/airflow/airflow_env/lib/python3.12/site-packages/airflow/example_dags/example_branch_datetime_operator.py
[2024-11-18T20:50:43.371+0500] {logging_mixin.py:190} INFO - [2024-11-18T20:50:43.371+0500] {dag.py:3239} INFO - Sync 3 DAGs
[2024-11-18T20:50:43.408+0500] {logging_mixin.py:190} INFO - [2024-11-18T20:50:43.408+0500] {dag.py:4180} INFO - Setting next_dagrun for example_branch_datetime_operator to 2024-11-17 00:00:00+00:00, run_after=2024-11-18 00:00:00+00:00
[2024-11-18T20:50:43.417+0500] {logging_mixin.py:190} INFO - [2024-11-18T20:50:43.416+0500] {dag.py:4180} INFO - Setting next_dagrun for example_branch_datetime_operator_2 to 2024-11-17 00:00:00+00:00, run_after=2024-11-18 00:00:00+00:00
[2024-11-18T20:50:43.420+0500] {logging_mixin.py:190} INFO - [2024-11-18T20:50:43.420+0500] {dag.py:4180} INFO - Setting next_dagrun for example_branch_datetime_operator_3 to 2024-11-17 00:00:00+00:00, run_after=2024-11-18 00:00:00+00:00
[2024-11-18T20:50:43.449+0500] {processor.py:208} INFO - Processing /home/AtlasRise/airflow/airflow_env/lib/python3.12/site-packages/airflow/example_dags/example_branch_datetime_operator.py took 0.143 seconds
[2024-11-18T20:51:55.342+0500] {processor.py:186} INFO - Started process (PID=20010) to work on /home/AtlasRise/airflow/airflow_env/lib/python3.12/site-packages/airflow/example_dags/example_branch_datetime_operator.py
[2024-11-18T20:51:55.344+0500] {processor.py:914} INFO - Processing file /home/AtlasRise/airflow/airflow_env/lib/python3.12/site-packages/airflow/example_dags/example_branch_datetime_operator.py for tasks to queue
[2024-11-18T20:51:55.346+0500] {logging_mixin.py:190} INFO - [2024-11-18T20:51:55.346+0500] {dagbag.py:588} INFO - Filling up the DagBag from /home/AtlasRise/airflow/airflow_env/lib/python3.12/site-packages/airflow/example_dags/example_branch_datetime_operator.py
[2024-11-18T20:51:55.365+0500] {processor.py:925} INFO - DAG(s) 'example_branch_datetime_operator', 'example_branch_datetime_operator_2', 'example_branch_datetime_operator_3' retrieved from /home/AtlasRise/airflow/airflow_env/lib/python3.12/site-packages/airflow/example_dags/example_branch_datetime_operator.py
[2024-11-18T20:51:55.399+0500] {logging_mixin.py:190} INFO - [2024-11-18T20:51:55.399+0500] {dag.py:3239} INFO - Sync 3 DAGs
[2024-11-18T20:51:55.437+0500] {logging_mixin.py:190} INFO - [2024-11-18T20:51:55.437+0500] {dag.py:4180} INFO - Setting next_dagrun for example_branch_datetime_operator to 2024-11-17 00:00:00+00:00, run_after=2024-11-18 00:00:00+00:00
[2024-11-18T20:51:55.446+0500] {logging_mixin.py:190} INFO - [2024-11-18T20:51:55.445+0500] {dag.py:4180} INFO - Setting next_dagrun for example_branch_datetime_operator_2 to 2024-11-17 00:00:00+00:00, run_after=2024-11-18 00:00:00+00:00
[2024-11-18T20:51:55.449+0500] {logging_mixin.py:190} INFO - [2024-11-18T20:51:55.449+0500] {dag.py:4180} INFO - Setting next_dagrun for example_branch_datetime_operator_3 to 2024-11-17 00:00:00+00:00, run_after=2024-11-18 00:00:00+00:00
[2024-11-18T20:51:55.480+0500] {processor.py:208} INFO - Processing /home/AtlasRise/airflow/airflow_env/lib/python3.12/site-packages/airflow/example_dags/example_branch_datetime_operator.py took 0.147 seconds
[2024-11-18T20:53:01.077+0500] {processor.py:186} INFO - Started process (PID=20083) to work on /home/AtlasRise/airflow/airflow_env/lib/python3.12/site-packages/airflow/example_dags/example_branch_datetime_operator.py
[2024-11-18T20:53:01.079+0500] {processor.py:914} INFO - Processing file /home/AtlasRise/airflow/airflow_env/lib/python3.12/site-packages/airflow/example_dags/example_branch_datetime_operator.py for tasks to queue
[2024-11-18T20:53:01.082+0500] {logging_mixin.py:190} INFO - [2024-11-18T20:53:01.081+0500] {dagbag.py:588} INFO - Filling up the DagBag from /home/AtlasRise/airflow/airflow_env/lib/python3.12/site-packages/airflow/example_dags/example_branch_datetime_operator.py
[2024-11-18T20:53:01.100+0500] {processor.py:925} INFO - DAG(s) 'example_branch_datetime_operator', 'example_branch_datetime_operator_3', 'example_branch_datetime_operator_2' retrieved from /home/AtlasRise/airflow/airflow_env/lib/python3.12/site-packages/airflow/example_dags/example_branch_datetime_operator.py
[2024-11-18T20:53:01.135+0500] {logging_mixin.py:190} INFO - [2024-11-18T20:53:01.134+0500] {dag.py:3239} INFO - Sync 3 DAGs
[2024-11-18T20:53:01.172+0500] {logging_mixin.py:190} INFO - [2024-11-18T20:53:01.172+0500] {dag.py:4180} INFO - Setting next_dagrun for example_branch_datetime_operator to 2024-11-17 00:00:00+00:00, run_after=2024-11-18 00:00:00+00:00
[2024-11-18T20:53:01.180+0500] {logging_mixin.py:190} INFO - [2024-11-18T20:53:01.180+0500] {dag.py:4180} INFO - Setting next_dagrun for example_branch_datetime_operator_2 to 2024-11-17 00:00:00+00:00, run_after=2024-11-18 00:00:00+00:00
[2024-11-18T20:53:01.184+0500] {logging_mixin.py:190} INFO - [2024-11-18T20:53:01.183+0500] {dag.py:4180} INFO - Setting next_dagrun for example_branch_datetime_operator_3 to 2024-11-17 00:00:00+00:00, run_after=2024-11-18 00:00:00+00:00
[2024-11-18T20:53:01.213+0500] {processor.py:208} INFO - Processing /home/AtlasRise/airflow/airflow_env/lib/python3.12/site-packages/airflow/example_dags/example_branch_datetime_operator.py took 0.144 seconds
[2024-11-18T20:54:13.938+0500] {processor.py:186} INFO - Started process (PID=20169) to work on /home/AtlasRise/airflow/airflow_env/lib/python3.12/site-packages/airflow/example_dags/example_branch_datetime_operator.py
[2024-11-18T20:54:13.941+0500] {processor.py:914} INFO - Processing file /home/AtlasRise/airflow/airflow_env/lib/python3.12/site-packages/airflow/example_dags/example_branch_datetime_operator.py for tasks to queue
[2024-11-18T20:54:13.944+0500] {logging_mixin.py:190} INFO - [2024-11-18T20:54:13.943+0500] {dagbag.py:588} INFO - Filling up the DagBag from /home/AtlasRise/airflow/airflow_env/lib/python3.12/site-packages/airflow/example_dags/example_branch_datetime_operator.py
[2024-11-18T20:54:13.964+0500] {processor.py:925} INFO - DAG(s) 'example_branch_datetime_operator', 'example_branch_datetime_operator_2', 'example_branch_datetime_operator_3' retrieved from /home/AtlasRise/airflow/airflow_env/lib/python3.12/site-packages/airflow/example_dags/example_branch_datetime_operator.py
[2024-11-18T20:54:14.001+0500] {logging_mixin.py:190} INFO - [2024-11-18T20:54:14.000+0500] {dag.py:3239} INFO - Sync 3 DAGs
[2024-11-18T20:54:14.042+0500] {logging_mixin.py:190} INFO - [2024-11-18T20:54:14.041+0500] {dag.py:4180} INFO - Setting next_dagrun for example_branch_datetime_operator to 2024-11-17 00:00:00+00:00, run_after=2024-11-18 00:00:00+00:00
[2024-11-18T20:54:14.051+0500] {logging_mixin.py:190} INFO - [2024-11-18T20:54:14.050+0500] {dag.py:4180} INFO - Setting next_dagrun for example_branch_datetime_operator_2 to 2024-11-17 00:00:00+00:00, run_after=2024-11-18 00:00:00+00:00
[2024-11-18T20:54:14.055+0500] {logging_mixin.py:190} INFO - [2024-11-18T20:54:14.055+0500] {dag.py:4180} INFO - Setting next_dagrun for example_branch_datetime_operator_3 to 2024-11-17 00:00:00+00:00, run_after=2024-11-18 00:00:00+00:00
[2024-11-18T20:54:14.086+0500] {processor.py:208} INFO - Processing /home/AtlasRise/airflow/airflow_env/lib/python3.12/site-packages/airflow/example_dags/example_branch_datetime_operator.py took 0.157 seconds
[2024-11-18T20:55:39.013+0500] {processor.py:186} INFO - Started process (PID=20259) to work on /home/AtlasRise/airflow/airflow_env/lib/python3.12/site-packages/airflow/example_dags/example_branch_datetime_operator.py
[2024-11-18T20:55:39.014+0500] {processor.py:914} INFO - Processing file /home/AtlasRise/airflow/airflow_env/lib/python3.12/site-packages/airflow/example_dags/example_branch_datetime_operator.py for tasks to queue
[2024-11-18T20:55:39.018+0500] {logging_mixin.py:190} INFO - [2024-11-18T20:55:39.018+0500] {dagbag.py:588} INFO - Filling up the DagBag from /home/AtlasRise/airflow/airflow_env/lib/python3.12/site-packages/airflow/example_dags/example_branch_datetime_operator.py
[2024-11-18T20:55:39.042+0500] {processor.py:925} INFO - DAG(s) 'example_branch_datetime_operator_3', 'example_branch_datetime_operator_2', 'example_branch_datetime_operator' retrieved from /home/AtlasRise/airflow/airflow_env/lib/python3.12/site-packages/airflow/example_dags/example_branch_datetime_operator.py
[2024-11-18T20:55:39.076+0500] {logging_mixin.py:190} INFO - [2024-11-18T20:55:39.075+0500] {dag.py:3239} INFO - Sync 3 DAGs
[2024-11-18T20:55:39.114+0500] {logging_mixin.py:190} INFO - [2024-11-18T20:55:39.114+0500] {dag.py:4180} INFO - Setting next_dagrun for example_branch_datetime_operator to 2024-11-17 00:00:00+00:00, run_after=2024-11-18 00:00:00+00:00
[2024-11-18T20:55:39.122+0500] {logging_mixin.py:190} INFO - [2024-11-18T20:55:39.121+0500] {dag.py:4180} INFO - Setting next_dagrun for example_branch_datetime_operator_2 to 2024-11-17 00:00:00+00:00, run_after=2024-11-18 00:00:00+00:00
[2024-11-18T20:55:39.125+0500] {logging_mixin.py:190} INFO - [2024-11-18T20:55:39.125+0500] {dag.py:4180} INFO - Setting next_dagrun for example_branch_datetime_operator_3 to 2024-11-17 00:00:00+00:00, run_after=2024-11-18 00:00:00+00:00
[2024-11-18T20:55:39.154+0500] {processor.py:208} INFO - Processing /home/AtlasRise/airflow/airflow_env/lib/python3.12/site-packages/airflow/example_dags/example_branch_datetime_operator.py took 0.155 seconds
[2024-11-18T20:56:55.593+0500] {processor.py:186} INFO - Started process (PID=20350) to work on /home/AtlasRise/airflow/airflow_env/lib/python3.12/site-packages/airflow/example_dags/example_branch_datetime_operator.py
[2024-11-18T20:56:55.594+0500] {processor.py:914} INFO - Processing file /home/AtlasRise/airflow/airflow_env/lib/python3.12/site-packages/airflow/example_dags/example_branch_datetime_operator.py for tasks to queue
[2024-11-18T20:56:55.597+0500] {logging_mixin.py:190} INFO - [2024-11-18T20:56:55.596+0500] {dagbag.py:588} INFO - Filling up the DagBag from /home/AtlasRise/airflow/airflow_env/lib/python3.12/site-packages/airflow/example_dags/example_branch_datetime_operator.py
[2024-11-18T20:56:55.617+0500] {processor.py:925} INFO - DAG(s) 'example_branch_datetime_operator_3', 'example_branch_datetime_operator_2', 'example_branch_datetime_operator' retrieved from /home/AtlasRise/airflow/airflow_env/lib/python3.12/site-packages/airflow/example_dags/example_branch_datetime_operator.py
[2024-11-18T20:56:55.651+0500] {logging_mixin.py:190} INFO - [2024-11-18T20:56:55.650+0500] {dag.py:3239} INFO - Sync 3 DAGs
[2024-11-18T20:56:55.688+0500] {logging_mixin.py:190} INFO - [2024-11-18T20:56:55.688+0500] {dag.py:4180} INFO - Setting next_dagrun for example_branch_datetime_operator to 2024-11-17 00:00:00+00:00, run_after=2024-11-18 00:00:00+00:00
[2024-11-18T20:56:55.696+0500] {logging_mixin.py:190} INFO - [2024-11-18T20:56:55.696+0500] {dag.py:4180} INFO - Setting next_dagrun for example_branch_datetime_operator_2 to 2024-11-17 00:00:00+00:00, run_after=2024-11-18 00:00:00+00:00
[2024-11-18T20:56:55.700+0500] {logging_mixin.py:190} INFO - [2024-11-18T20:56:55.699+0500] {dag.py:4180} INFO - Setting next_dagrun for example_branch_datetime_operator_3 to 2024-11-17 00:00:00+00:00, run_after=2024-11-18 00:00:00+00:00
[2024-11-18T20:56:55.729+0500] {processor.py:208} INFO - Processing /home/AtlasRise/airflow/airflow_env/lib/python3.12/site-packages/airflow/example_dags/example_branch_datetime_operator.py took 0.145 seconds
[2024-11-18T20:58:08.557+0500] {processor.py:186} INFO - Started process (PID=20429) to work on /home/AtlasRise/airflow/airflow_env/lib/python3.12/site-packages/airflow/example_dags/example_branch_datetime_operator.py
[2024-11-18T20:58:08.561+0500] {processor.py:914} INFO - Processing file /home/AtlasRise/airflow/airflow_env/lib/python3.12/site-packages/airflow/example_dags/example_branch_datetime_operator.py for tasks to queue
[2024-11-18T20:58:08.564+0500] {logging_mixin.py:190} INFO - [2024-11-18T20:58:08.563+0500] {dagbag.py:588} INFO - Filling up the DagBag from /home/AtlasRise/airflow/airflow_env/lib/python3.12/site-packages/airflow/example_dags/example_branch_datetime_operator.py
[2024-11-18T20:58:08.609+0500] {processor.py:925} INFO - DAG(s) 'example_branch_datetime_operator_3', 'example_branch_datetime_operator_2', 'example_branch_datetime_operator' retrieved from /home/AtlasRise/airflow/airflow_env/lib/python3.12/site-packages/airflow/example_dags/example_branch_datetime_operator.py
[2024-11-18T20:58:08.650+0500] {logging_mixin.py:190} INFO - [2024-11-18T20:58:08.649+0500] {dag.py:3239} INFO - Sync 3 DAGs
[2024-11-18T20:58:08.696+0500] {logging_mixin.py:190} INFO - [2024-11-18T20:58:08.696+0500] {dag.py:4180} INFO - Setting next_dagrun for example_branch_datetime_operator to 2024-11-17 00:00:00+00:00, run_after=2024-11-18 00:00:00+00:00
[2024-11-18T20:58:08.707+0500] {logging_mixin.py:190} INFO - [2024-11-18T20:58:08.706+0500] {dag.py:4180} INFO - Setting next_dagrun for example_branch_datetime_operator_2 to 2024-11-17 00:00:00+00:00, run_after=2024-11-18 00:00:00+00:00
[2024-11-18T20:58:08.712+0500] {logging_mixin.py:190} INFO - [2024-11-18T20:58:08.711+0500] {dag.py:4180} INFO - Setting next_dagrun for example_branch_datetime_operator_3 to 2024-11-17 00:00:00+00:00, run_after=2024-11-18 00:00:00+00:00
[2024-11-18T20:58:08.743+0500] {processor.py:208} INFO - Processing /home/AtlasRise/airflow/airflow_env/lib/python3.12/site-packages/airflow/example_dags/example_branch_datetime_operator.py took 0.195 seconds
[2024-11-18T20:59:16.400+0500] {processor.py:186} INFO - Started process (PID=20511) to work on /home/AtlasRise/airflow/airflow_env/lib/python3.12/site-packages/airflow/example_dags/example_branch_datetime_operator.py
[2024-11-18T20:59:16.402+0500] {processor.py:914} INFO - Processing file /home/AtlasRise/airflow/airflow_env/lib/python3.12/site-packages/airflow/example_dags/example_branch_datetime_operator.py for tasks to queue
[2024-11-18T20:59:16.405+0500] {logging_mixin.py:190} INFO - [2024-11-18T20:59:16.405+0500] {dagbag.py:588} INFO - Filling up the DagBag from /home/AtlasRise/airflow/airflow_env/lib/python3.12/site-packages/airflow/example_dags/example_branch_datetime_operator.py
[2024-11-18T20:59:16.423+0500] {processor.py:925} INFO - DAG(s) 'example_branch_datetime_operator_2', 'example_branch_datetime_operator', 'example_branch_datetime_operator_3' retrieved from /home/AtlasRise/airflow/airflow_env/lib/python3.12/site-packages/airflow/example_dags/example_branch_datetime_operator.py
[2024-11-18T20:59:16.455+0500] {logging_mixin.py:190} INFO - [2024-11-18T20:59:16.455+0500] {dag.py:3239} INFO - Sync 3 DAGs
[2024-11-18T20:59:16.492+0500] {logging_mixin.py:190} INFO - [2024-11-18T20:59:16.492+0500] {dag.py:4180} INFO - Setting next_dagrun for example_branch_datetime_operator to 2024-11-17 00:00:00+00:00, run_after=2024-11-18 00:00:00+00:00
[2024-11-18T20:59:16.500+0500] {logging_mixin.py:190} INFO - [2024-11-18T20:59:16.500+0500] {dag.py:4180} INFO - Setting next_dagrun for example_branch_datetime_operator_2 to 2024-11-17 00:00:00+00:00, run_after=2024-11-18 00:00:00+00:00
[2024-11-18T20:59:16.505+0500] {logging_mixin.py:190} INFO - [2024-11-18T20:59:16.504+0500] {dag.py:4180} INFO - Setting next_dagrun for example_branch_datetime_operator_3 to 2024-11-17 00:00:00+00:00, run_after=2024-11-18 00:00:00+00:00
[2024-11-18T20:59:16.534+0500] {processor.py:208} INFO - Processing /home/AtlasRise/airflow/airflow_env/lib/python3.12/site-packages/airflow/example_dags/example_branch_datetime_operator.py took 0.142 seconds
[2024-11-18T21:00:30.928+0500] {processor.py:186} INFO - Started process (PID=20592) to work on /home/AtlasRise/airflow/airflow_env/lib/python3.12/site-packages/airflow/example_dags/example_branch_datetime_operator.py
[2024-11-18T21:00:30.929+0500] {processor.py:914} INFO - Processing file /home/AtlasRise/airflow/airflow_env/lib/python3.12/site-packages/airflow/example_dags/example_branch_datetime_operator.py for tasks to queue
[2024-11-18T21:00:30.932+0500] {logging_mixin.py:190} INFO - [2024-11-18T21:00:30.932+0500] {dagbag.py:588} INFO - Filling up the DagBag from /home/AtlasRise/airflow/airflow_env/lib/python3.12/site-packages/airflow/example_dags/example_branch_datetime_operator.py
[2024-11-18T21:00:30.951+0500] {processor.py:925} INFO - DAG(s) 'example_branch_datetime_operator_2', 'example_branch_datetime_operator_3', 'example_branch_datetime_operator' retrieved from /home/AtlasRise/airflow/airflow_env/lib/python3.12/site-packages/airflow/example_dags/example_branch_datetime_operator.py
[2024-11-18T21:00:30.983+0500] {logging_mixin.py:190} INFO - [2024-11-18T21:00:30.982+0500] {dag.py:3239} INFO - Sync 3 DAGs
[2024-11-18T21:00:31.020+0500] {logging_mixin.py:190} INFO - [2024-11-18T21:00:31.019+0500] {dag.py:4180} INFO - Setting next_dagrun for example_branch_datetime_operator to 2024-11-17 00:00:00+00:00, run_after=2024-11-18 00:00:00+00:00
[2024-11-18T21:00:31.028+0500] {logging_mixin.py:190} INFO - [2024-11-18T21:00:31.027+0500] {dag.py:4180} INFO - Setting next_dagrun for example_branch_datetime_operator_2 to 2024-11-17 00:00:00+00:00, run_after=2024-11-18 00:00:00+00:00
[2024-11-18T21:00:31.031+0500] {logging_mixin.py:190} INFO - [2024-11-18T21:00:31.031+0500] {dag.py:4180} INFO - Setting next_dagrun for example_branch_datetime_operator_3 to 2024-11-17 00:00:00+00:00, run_after=2024-11-18 00:00:00+00:00
[2024-11-18T21:00:31.061+0500] {processor.py:208} INFO - Processing /home/AtlasRise/airflow/airflow_env/lib/python3.12/site-packages/airflow/example_dags/example_branch_datetime_operator.py took 0.142 seconds
[2024-11-18T21:01:36.391+0500] {processor.py:186} INFO - Started process (PID=20675) to work on /home/AtlasRise/airflow/airflow_env/lib/python3.12/site-packages/airflow/example_dags/example_branch_datetime_operator.py
[2024-11-18T21:01:36.392+0500] {processor.py:914} INFO - Processing file /home/AtlasRise/airflow/airflow_env/lib/python3.12/site-packages/airflow/example_dags/example_branch_datetime_operator.py for tasks to queue
[2024-11-18T21:01:36.395+0500] {logging_mixin.py:190} INFO - [2024-11-18T21:01:36.395+0500] {dagbag.py:588} INFO - Filling up the DagBag from /home/AtlasRise/airflow/airflow_env/lib/python3.12/site-packages/airflow/example_dags/example_branch_datetime_operator.py
[2024-11-18T21:01:36.414+0500] {processor.py:925} INFO - DAG(s) 'example_branch_datetime_operator', 'example_branch_datetime_operator_3', 'example_branch_datetime_operator_2' retrieved from /home/AtlasRise/airflow/airflow_env/lib/python3.12/site-packages/airflow/example_dags/example_branch_datetime_operator.py
[2024-11-18T21:01:36.446+0500] {logging_mixin.py:190} INFO - [2024-11-18T21:01:36.446+0500] {dag.py:3239} INFO - Sync 3 DAGs
[2024-11-18T21:01:36.482+0500] {logging_mixin.py:190} INFO - [2024-11-18T21:01:36.481+0500] {dag.py:4180} INFO - Setting next_dagrun for example_branch_datetime_operator to 2024-11-17 00:00:00+00:00, run_after=2024-11-18 00:00:00+00:00
[2024-11-18T21:01:36.491+0500] {logging_mixin.py:190} INFO - [2024-11-18T21:01:36.491+0500] {dag.py:4180} INFO - Setting next_dagrun for example_branch_datetime_operator_2 to 2024-11-17 00:00:00+00:00, run_after=2024-11-18 00:00:00+00:00
[2024-11-18T21:01:36.495+0500] {logging_mixin.py:190} INFO - [2024-11-18T21:01:36.495+0500] {dag.py:4180} INFO - Setting next_dagrun for example_branch_datetime_operator_3 to 2024-11-17 00:00:00+00:00, run_after=2024-11-18 00:00:00+00:00
[2024-11-18T21:01:36.524+0500] {processor.py:208} INFO - Processing /home/AtlasRise/airflow/airflow_env/lib/python3.12/site-packages/airflow/example_dags/example_branch_datetime_operator.py took 0.141 seconds
[2024-11-18T21:02:49.068+0500] {processor.py:186} INFO - Started process (PID=20745) to work on /home/AtlasRise/airflow/airflow_env/lib/python3.12/site-packages/airflow/example_dags/example_branch_datetime_operator.py
[2024-11-18T21:02:49.069+0500] {processor.py:914} INFO - Processing file /home/AtlasRise/airflow/airflow_env/lib/python3.12/site-packages/airflow/example_dags/example_branch_datetime_operator.py for tasks to queue
[2024-11-18T21:02:49.072+0500] {logging_mixin.py:190} INFO - [2024-11-18T21:02:49.072+0500] {dagbag.py:588} INFO - Filling up the DagBag from /home/AtlasRise/airflow/airflow_env/lib/python3.12/site-packages/airflow/example_dags/example_branch_datetime_operator.py
[2024-11-18T21:02:49.091+0500] {processor.py:925} INFO - DAG(s) 'example_branch_datetime_operator_2', 'example_branch_datetime_operator_3', 'example_branch_datetime_operator' retrieved from /home/AtlasRise/airflow/airflow_env/lib/python3.12/site-packages/airflow/example_dags/example_branch_datetime_operator.py
[2024-11-18T21:02:49.123+0500] {logging_mixin.py:190} INFO - [2024-11-18T21:02:49.122+0500] {dag.py:3239} INFO - Sync 3 DAGs
[2024-11-18T21:02:49.159+0500] {logging_mixin.py:190} INFO - [2024-11-18T21:02:49.158+0500] {dag.py:4180} INFO - Setting next_dagrun for example_branch_datetime_operator to 2024-11-17 00:00:00+00:00, run_after=2024-11-18 00:00:00+00:00
[2024-11-18T21:02:49.168+0500] {logging_mixin.py:190} INFO - [2024-11-18T21:02:49.168+0500] {dag.py:4180} INFO - Setting next_dagrun for example_branch_datetime_operator_2 to 2024-11-17 00:00:00+00:00, run_after=2024-11-18 00:00:00+00:00
[2024-11-18T21:02:49.171+0500] {logging_mixin.py:190} INFO - [2024-11-18T21:02:49.171+0500] {dag.py:4180} INFO - Setting next_dagrun for example_branch_datetime_operator_3 to 2024-11-17 00:00:00+00:00, run_after=2024-11-18 00:00:00+00:00
[2024-11-18T21:02:49.201+0500] {processor.py:208} INFO - Processing /home/AtlasRise/airflow/airflow_env/lib/python3.12/site-packages/airflow/example_dags/example_branch_datetime_operator.py took 0.141 seconds
[2024-11-18T21:03:57.785+0500] {processor.py:186} INFO - Started process (PID=20833) to work on /home/AtlasRise/airflow/airflow_env/lib/python3.12/site-packages/airflow/example_dags/example_branch_datetime_operator.py
[2024-11-18T21:03:57.788+0500] {processor.py:914} INFO - Processing file /home/AtlasRise/airflow/airflow_env/lib/python3.12/site-packages/airflow/example_dags/example_branch_datetime_operator.py for tasks to queue
[2024-11-18T21:03:57.791+0500] {logging_mixin.py:190} INFO - [2024-11-18T21:03:57.791+0500] {dagbag.py:588} INFO - Filling up the DagBag from /home/AtlasRise/airflow/airflow_env/lib/python3.12/site-packages/airflow/example_dags/example_branch_datetime_operator.py
[2024-11-18T21:03:57.810+0500] {processor.py:925} INFO - DAG(s) 'example_branch_datetime_operator', 'example_branch_datetime_operator_3', 'example_branch_datetime_operator_2' retrieved from /home/AtlasRise/airflow/airflow_env/lib/python3.12/site-packages/airflow/example_dags/example_branch_datetime_operator.py
[2024-11-18T21:03:57.843+0500] {logging_mixin.py:190} INFO - [2024-11-18T21:03:57.843+0500] {dag.py:3239} INFO - Sync 3 DAGs
[2024-11-18T21:03:57.879+0500] {logging_mixin.py:190} INFO - [2024-11-18T21:03:57.879+0500] {dag.py:4180} INFO - Setting next_dagrun for example_branch_datetime_operator to 2024-11-17 00:00:00+00:00, run_after=2024-11-18 00:00:00+00:00
[2024-11-18T21:03:57.887+0500] {logging_mixin.py:190} INFO - [2024-11-18T21:03:57.886+0500] {dag.py:4180} INFO - Setting next_dagrun for example_branch_datetime_operator_2 to 2024-11-17 00:00:00+00:00, run_after=2024-11-18 00:00:00+00:00
[2024-11-18T21:03:57.890+0500] {logging_mixin.py:190} INFO - [2024-11-18T21:03:57.890+0500] {dag.py:4180} INFO - Setting next_dagrun for example_branch_datetime_operator_3 to 2024-11-17 00:00:00+00:00, run_after=2024-11-18 00:00:00+00:00
[2024-11-18T21:03:57.920+0500] {processor.py:208} INFO - Processing /home/AtlasRise/airflow/airflow_env/lib/python3.12/site-packages/airflow/example_dags/example_branch_datetime_operator.py took 0.143 seconds
[2024-11-18T21:05:03.339+0500] {processor.py:186} INFO - Started process (PID=20918) to work on /home/AtlasRise/airflow/airflow_env/lib/python3.12/site-packages/airflow/example_dags/example_branch_datetime_operator.py
[2024-11-18T21:05:03.340+0500] {processor.py:914} INFO - Processing file /home/AtlasRise/airflow/airflow_env/lib/python3.12/site-packages/airflow/example_dags/example_branch_datetime_operator.py for tasks to queue
[2024-11-18T21:05:03.343+0500] {logging_mixin.py:190} INFO - [2024-11-18T21:05:03.343+0500] {dagbag.py:588} INFO - Filling up the DagBag from /home/AtlasRise/airflow/airflow_env/lib/python3.12/site-packages/airflow/example_dags/example_branch_datetime_operator.py
[2024-11-18T21:05:03.362+0500] {processor.py:925} INFO - DAG(s) 'example_branch_datetime_operator_3', 'example_branch_datetime_operator_2', 'example_branch_datetime_operator' retrieved from /home/AtlasRise/airflow/airflow_env/lib/python3.12/site-packages/airflow/example_dags/example_branch_datetime_operator.py
[2024-11-18T21:05:03.394+0500] {logging_mixin.py:190} INFO - [2024-11-18T21:05:03.393+0500] {dag.py:3239} INFO - Sync 3 DAGs
[2024-11-18T21:05:03.430+0500] {logging_mixin.py:190} INFO - [2024-11-18T21:05:03.430+0500] {dag.py:4180} INFO - Setting next_dagrun for example_branch_datetime_operator to 2024-11-17 00:00:00+00:00, run_after=2024-11-18 00:00:00+00:00
[2024-11-18T21:05:03.438+0500] {logging_mixin.py:190} INFO - [2024-11-18T21:05:03.437+0500] {dag.py:4180} INFO - Setting next_dagrun for example_branch_datetime_operator_2 to 2024-11-17 00:00:00+00:00, run_after=2024-11-18 00:00:00+00:00
[2024-11-18T21:05:03.441+0500] {logging_mixin.py:190} INFO - [2024-11-18T21:05:03.441+0500] {dag.py:4180} INFO - Setting next_dagrun for example_branch_datetime_operator_3 to 2024-11-17 00:00:00+00:00, run_after=2024-11-18 00:00:00+00:00
[2024-11-18T21:05:03.470+0500] {processor.py:208} INFO - Processing /home/AtlasRise/airflow/airflow_env/lib/python3.12/site-packages/airflow/example_dags/example_branch_datetime_operator.py took 0.140 seconds
[2024-11-18T21:06:10.621+0500] {processor.py:186} INFO - Started process (PID=21002) to work on /home/AtlasRise/airflow/airflow_env/lib/python3.12/site-packages/airflow/example_dags/example_branch_datetime_operator.py
[2024-11-18T21:06:10.622+0500] {processor.py:914} INFO - Processing file /home/AtlasRise/airflow/airflow_env/lib/python3.12/site-packages/airflow/example_dags/example_branch_datetime_operator.py for tasks to queue
[2024-11-18T21:06:10.625+0500] {logging_mixin.py:190} INFO - [2024-11-18T21:06:10.625+0500] {dagbag.py:588} INFO - Filling up the DagBag from /home/AtlasRise/airflow/airflow_env/lib/python3.12/site-packages/airflow/example_dags/example_branch_datetime_operator.py
[2024-11-18T21:06:10.643+0500] {processor.py:925} INFO - DAG(s) 'example_branch_datetime_operator', 'example_branch_datetime_operator_2', 'example_branch_datetime_operator_3' retrieved from /home/AtlasRise/airflow/airflow_env/lib/python3.12/site-packages/airflow/example_dags/example_branch_datetime_operator.py
[2024-11-18T21:06:10.676+0500] {logging_mixin.py:190} INFO - [2024-11-18T21:06:10.676+0500] {dag.py:3239} INFO - Sync 3 DAGs
[2024-11-18T21:06:10.712+0500] {logging_mixin.py:190} INFO - [2024-11-18T21:06:10.711+0500] {dag.py:4180} INFO - Setting next_dagrun for example_branch_datetime_operator to 2024-11-17 00:00:00+00:00, run_after=2024-11-18 00:00:00+00:00
[2024-11-18T21:06:10.720+0500] {logging_mixin.py:190} INFO - [2024-11-18T21:06:10.719+0500] {dag.py:4180} INFO - Setting next_dagrun for example_branch_datetime_operator_2 to 2024-11-17 00:00:00+00:00, run_after=2024-11-18 00:00:00+00:00
[2024-11-18T21:06:10.723+0500] {logging_mixin.py:190} INFO - [2024-11-18T21:06:10.723+0500] {dag.py:4180} INFO - Setting next_dagrun for example_branch_datetime_operator_3 to 2024-11-17 00:00:00+00:00, run_after=2024-11-18 00:00:00+00:00
[2024-11-18T21:06:10.752+0500] {processor.py:208} INFO - Processing /home/AtlasRise/airflow/airflow_env/lib/python3.12/site-packages/airflow/example_dags/example_branch_datetime_operator.py took 0.140 seconds
[2024-11-18T21:07:31.071+0500] {processor.py:186} INFO - Started process (PID=21106) to work on /home/AtlasRise/airflow/airflow_env/lib/python3.12/site-packages/airflow/example_dags/example_branch_datetime_operator.py
[2024-11-18T21:07:31.073+0500] {processor.py:914} INFO - Processing file /home/AtlasRise/airflow/airflow_env/lib/python3.12/site-packages/airflow/example_dags/example_branch_datetime_operator.py for tasks to queue
[2024-11-18T21:07:31.076+0500] {logging_mixin.py:190} INFO - [2024-11-18T21:07:31.076+0500] {dagbag.py:588} INFO - Filling up the DagBag from /home/AtlasRise/airflow/airflow_env/lib/python3.12/site-packages/airflow/example_dags/example_branch_datetime_operator.py
[2024-11-18T21:07:31.096+0500] {processor.py:925} INFO - DAG(s) 'example_branch_datetime_operator', 'example_branch_datetime_operator_3', 'example_branch_datetime_operator_2' retrieved from /home/AtlasRise/airflow/airflow_env/lib/python3.12/site-packages/airflow/example_dags/example_branch_datetime_operator.py
[2024-11-18T21:07:31.128+0500] {logging_mixin.py:190} INFO - [2024-11-18T21:07:31.128+0500] {dag.py:3239} INFO - Sync 3 DAGs
[2024-11-18T21:07:31.165+0500] {logging_mixin.py:190} INFO - [2024-11-18T21:07:31.164+0500] {dag.py:4180} INFO - Setting next_dagrun for example_branch_datetime_operator to 2024-11-17 00:00:00+00:00, run_after=2024-11-18 00:00:00+00:00
[2024-11-18T21:07:31.173+0500] {logging_mixin.py:190} INFO - [2024-11-18T21:07:31.172+0500] {dag.py:4180} INFO - Setting next_dagrun for example_branch_datetime_operator_2 to 2024-11-17 00:00:00+00:00, run_after=2024-11-18 00:00:00+00:00
[2024-11-18T21:07:31.176+0500] {logging_mixin.py:190} INFO - [2024-11-18T21:07:31.176+0500] {dag.py:4180} INFO - Setting next_dagrun for example_branch_datetime_operator_3 to 2024-11-17 00:00:00+00:00, run_after=2024-11-18 00:00:00+00:00
[2024-11-18T21:07:31.206+0500] {processor.py:208} INFO - Processing /home/AtlasRise/airflow/airflow_env/lib/python3.12/site-packages/airflow/example_dags/example_branch_datetime_operator.py took 0.143 seconds
[2024-11-18T21:08:39.017+0500] {processor.py:186} INFO - Started process (PID=21175) to work on /home/AtlasRise/airflow/airflow_env/lib/python3.12/site-packages/airflow/example_dags/example_branch_datetime_operator.py
[2024-11-18T21:08:39.018+0500] {processor.py:914} INFO - Processing file /home/AtlasRise/airflow/airflow_env/lib/python3.12/site-packages/airflow/example_dags/example_branch_datetime_operator.py for tasks to queue
[2024-11-18T21:08:39.021+0500] {logging_mixin.py:190} INFO - [2024-11-18T21:08:39.021+0500] {dagbag.py:588} INFO - Filling up the DagBag from /home/AtlasRise/airflow/airflow_env/lib/python3.12/site-packages/airflow/example_dags/example_branch_datetime_operator.py
[2024-11-18T21:08:39.040+0500] {processor.py:925} INFO - DAG(s) 'example_branch_datetime_operator', 'example_branch_datetime_operator_3', 'example_branch_datetime_operator_2' retrieved from /home/AtlasRise/airflow/airflow_env/lib/python3.12/site-packages/airflow/example_dags/example_branch_datetime_operator.py
[2024-11-18T21:08:39.073+0500] {logging_mixin.py:190} INFO - [2024-11-18T21:08:39.073+0500] {dag.py:3239} INFO - Sync 3 DAGs
[2024-11-18T21:08:39.110+0500] {logging_mixin.py:190} INFO - [2024-11-18T21:08:39.110+0500] {dag.py:4180} INFO - Setting next_dagrun for example_branch_datetime_operator to 2024-11-17 00:00:00+00:00, run_after=2024-11-18 00:00:00+00:00
[2024-11-18T21:08:39.118+0500] {logging_mixin.py:190} INFO - [2024-11-18T21:08:39.118+0500] {dag.py:4180} INFO - Setting next_dagrun for example_branch_datetime_operator_2 to 2024-11-17 00:00:00+00:00, run_after=2024-11-18 00:00:00+00:00
[2024-11-18T21:08:39.121+0500] {logging_mixin.py:190} INFO - [2024-11-18T21:08:39.121+0500] {dag.py:4180} INFO - Setting next_dagrun for example_branch_datetime_operator_3 to 2024-11-17 00:00:00+00:00, run_after=2024-11-18 00:00:00+00:00
[2024-11-18T21:08:39.150+0500] {processor.py:208} INFO - Processing /home/AtlasRise/airflow/airflow_env/lib/python3.12/site-packages/airflow/example_dags/example_branch_datetime_operator.py took 0.142 seconds
[2024-11-18T21:09:46.356+0500] {processor.py:186} INFO - Started process (PID=21275) to work on /home/AtlasRise/airflow/airflow_env/lib/python3.12/site-packages/airflow/example_dags/example_branch_datetime_operator.py
[2024-11-18T21:09:46.359+0500] {processor.py:914} INFO - Processing file /home/AtlasRise/airflow/airflow_env/lib/python3.12/site-packages/airflow/example_dags/example_branch_datetime_operator.py for tasks to queue
[2024-11-18T21:09:46.362+0500] {logging_mixin.py:190} INFO - [2024-11-18T21:09:46.361+0500] {dagbag.py:588} INFO - Filling up the DagBag from /home/AtlasRise/airflow/airflow_env/lib/python3.12/site-packages/airflow/example_dags/example_branch_datetime_operator.py
[2024-11-18T21:09:46.381+0500] {processor.py:925} INFO - DAG(s) 'example_branch_datetime_operator_2', 'example_branch_datetime_operator', 'example_branch_datetime_operator_3' retrieved from /home/AtlasRise/airflow/airflow_env/lib/python3.12/site-packages/airflow/example_dags/example_branch_datetime_operator.py
[2024-11-18T21:09:46.416+0500] {logging_mixin.py:190} INFO - [2024-11-18T21:09:46.416+0500] {dag.py:3239} INFO - Sync 3 DAGs
[2024-11-18T21:09:46.456+0500] {logging_mixin.py:190} INFO - [2024-11-18T21:09:46.455+0500] {dag.py:4180} INFO - Setting next_dagrun for example_branch_datetime_operator to 2024-11-17 00:00:00+00:00, run_after=2024-11-18 00:00:00+00:00
[2024-11-18T21:09:46.465+0500] {logging_mixin.py:190} INFO - [2024-11-18T21:09:46.464+0500] {dag.py:4180} INFO - Setting next_dagrun for example_branch_datetime_operator_2 to 2024-11-17 00:00:00+00:00, run_after=2024-11-18 00:00:00+00:00
[2024-11-18T21:09:46.469+0500] {logging_mixin.py:190} INFO - [2024-11-18T21:09:46.468+0500] {dag.py:4180} INFO - Setting next_dagrun for example_branch_datetime_operator_3 to 2024-11-17 00:00:00+00:00, run_after=2024-11-18 00:00:00+00:00
[2024-11-18T21:09:46.502+0500] {processor.py:208} INFO - Processing /home/AtlasRise/airflow/airflow_env/lib/python3.12/site-packages/airflow/example_dags/example_branch_datetime_operator.py took 0.154 seconds
[2024-11-18T21:10:59.839+0500] {processor.py:186} INFO - Started process (PID=21375) to work on /home/AtlasRise/airflow/airflow_env/lib/python3.12/site-packages/airflow/example_dags/example_branch_datetime_operator.py
[2024-11-18T21:10:59.841+0500] {processor.py:914} INFO - Processing file /home/AtlasRise/airflow/airflow_env/lib/python3.12/site-packages/airflow/example_dags/example_branch_datetime_operator.py for tasks to queue
[2024-11-18T21:10:59.844+0500] {logging_mixin.py:190} INFO - [2024-11-18T21:10:59.843+0500] {dagbag.py:588} INFO - Filling up the DagBag from /home/AtlasRise/airflow/airflow_env/lib/python3.12/site-packages/airflow/example_dags/example_branch_datetime_operator.py
[2024-11-18T21:10:59.862+0500] {processor.py:925} INFO - DAG(s) 'example_branch_datetime_operator_3', 'example_branch_datetime_operator', 'example_branch_datetime_operator_2' retrieved from /home/AtlasRise/airflow/airflow_env/lib/python3.12/site-packages/airflow/example_dags/example_branch_datetime_operator.py
[2024-11-18T21:10:59.895+0500] {logging_mixin.py:190} INFO - [2024-11-18T21:10:59.895+0500] {dag.py:3239} INFO - Sync 3 DAGs
[2024-11-18T21:10:59.932+0500] {logging_mixin.py:190} INFO - [2024-11-18T21:10:59.932+0500] {dag.py:4180} INFO - Setting next_dagrun for example_branch_datetime_operator to 2024-11-17 00:00:00+00:00, run_after=2024-11-18 00:00:00+00:00
[2024-11-18T21:10:59.940+0500] {logging_mixin.py:190} INFO - [2024-11-18T21:10:59.940+0500] {dag.py:4180} INFO - Setting next_dagrun for example_branch_datetime_operator_2 to 2024-11-17 00:00:00+00:00, run_after=2024-11-18 00:00:00+00:00
[2024-11-18T21:10:59.944+0500] {logging_mixin.py:190} INFO - [2024-11-18T21:10:59.943+0500] {dag.py:4180} INFO - Setting next_dagrun for example_branch_datetime_operator_3 to 2024-11-17 00:00:00+00:00, run_after=2024-11-18 00:00:00+00:00
[2024-11-18T21:10:59.972+0500] {processor.py:208} INFO - Processing /home/AtlasRise/airflow/airflow_env/lib/python3.12/site-packages/airflow/example_dags/example_branch_datetime_operator.py took 0.141 seconds
[2024-11-18T21:12:38.238+0500] {processor.py:186} INFO - Started process (PID=21535) to work on /home/AtlasRise/airflow/airflow_env/lib/python3.12/site-packages/airflow/example_dags/example_branch_datetime_operator.py
[2024-11-18T21:12:38.240+0500] {processor.py:914} INFO - Processing file /home/AtlasRise/airflow/airflow_env/lib/python3.12/site-packages/airflow/example_dags/example_branch_datetime_operator.py for tasks to queue
[2024-11-18T21:12:38.243+0500] {logging_mixin.py:190} INFO - [2024-11-18T21:12:38.243+0500] {dagbag.py:588} INFO - Filling up the DagBag from /home/AtlasRise/airflow/airflow_env/lib/python3.12/site-packages/airflow/example_dags/example_branch_datetime_operator.py
[2024-11-18T21:12:38.262+0500] {processor.py:925} INFO - DAG(s) 'example_branch_datetime_operator', 'example_branch_datetime_operator_2', 'example_branch_datetime_operator_3' retrieved from /home/AtlasRise/airflow/airflow_env/lib/python3.12/site-packages/airflow/example_dags/example_branch_datetime_operator.py
[2024-11-18T21:12:38.294+0500] {logging_mixin.py:190} INFO - [2024-11-18T21:12:38.294+0500] {dag.py:3239} INFO - Sync 3 DAGs
[2024-11-18T21:12:38.329+0500] {logging_mixin.py:190} INFO - [2024-11-18T21:12:38.329+0500] {dag.py:4180} INFO - Setting next_dagrun for example_branch_datetime_operator to 2024-11-17 00:00:00+00:00, run_after=2024-11-18 00:00:00+00:00
[2024-11-18T21:12:38.337+0500] {logging_mixin.py:190} INFO - [2024-11-18T21:12:38.336+0500] {dag.py:4180} INFO - Setting next_dagrun for example_branch_datetime_operator_2 to 2024-11-17 00:00:00+00:00, run_after=2024-11-18 00:00:00+00:00
[2024-11-18T21:12:38.340+0500] {logging_mixin.py:190} INFO - [2024-11-18T21:12:38.340+0500] {dag.py:4180} INFO - Setting next_dagrun for example_branch_datetime_operator_3 to 2024-11-17 00:00:00+00:00, run_after=2024-11-18 00:00:00+00:00
[2024-11-18T21:12:38.369+0500] {processor.py:208} INFO - Processing /home/AtlasRise/airflow/airflow_env/lib/python3.12/site-packages/airflow/example_dags/example_branch_datetime_operator.py took 0.140 seconds
[2024-11-18T21:14:16.687+0500] {processor.py:186} INFO - Started process (PID=21645) to work on /home/AtlasRise/airflow/airflow_env/lib/python3.12/site-packages/airflow/example_dags/example_branch_datetime_operator.py
[2024-11-18T21:14:16.691+0500] {processor.py:914} INFO - Processing file /home/AtlasRise/airflow/airflow_env/lib/python3.12/site-packages/airflow/example_dags/example_branch_datetime_operator.py for tasks to queue
[2024-11-18T21:14:16.694+0500] {logging_mixin.py:190} INFO - [2024-11-18T21:14:16.693+0500] {dagbag.py:588} INFO - Filling up the DagBag from /home/AtlasRise/airflow/airflow_env/lib/python3.12/site-packages/airflow/example_dags/example_branch_datetime_operator.py
[2024-11-18T21:14:16.716+0500] {processor.py:925} INFO - DAG(s) 'example_branch_datetime_operator_2', 'example_branch_datetime_operator_3', 'example_branch_datetime_operator' retrieved from /home/AtlasRise/airflow/airflow_env/lib/python3.12/site-packages/airflow/example_dags/example_branch_datetime_operator.py
[2024-11-18T21:14:16.754+0500] {logging_mixin.py:190} INFO - [2024-11-18T21:14:16.754+0500] {dag.py:3239} INFO - Sync 3 DAGs
[2024-11-18T21:14:16.797+0500] {logging_mixin.py:190} INFO - [2024-11-18T21:14:16.797+0500] {dag.py:4180} INFO - Setting next_dagrun for example_branch_datetime_operator to 2024-11-17 00:00:00+00:00, run_after=2024-11-18 00:00:00+00:00
[2024-11-18T21:14:16.805+0500] {logging_mixin.py:190} INFO - [2024-11-18T21:14:16.805+0500] {dag.py:4180} INFO - Setting next_dagrun for example_branch_datetime_operator_2 to 2024-11-17 00:00:00+00:00, run_after=2024-11-18 00:00:00+00:00
[2024-11-18T21:14:16.810+0500] {logging_mixin.py:190} INFO - [2024-11-18T21:14:16.810+0500] {dag.py:4180} INFO - Setting next_dagrun for example_branch_datetime_operator_3 to 2024-11-17 00:00:00+00:00, run_after=2024-11-18 00:00:00+00:00
[2024-11-18T21:14:16.848+0500] {processor.py:208} INFO - Processing /home/AtlasRise/airflow/airflow_env/lib/python3.12/site-packages/airflow/example_dags/example_branch_datetime_operator.py took 0.170 seconds
[2024-11-18T21:15:50.446+0500] {processor.py:186} INFO - Started process (PID=21774) to work on /home/AtlasRise/airflow/airflow_env/lib/python3.12/site-packages/airflow/example_dags/example_branch_datetime_operator.py
[2024-11-18T21:15:50.448+0500] {processor.py:914} INFO - Processing file /home/AtlasRise/airflow/airflow_env/lib/python3.12/site-packages/airflow/example_dags/example_branch_datetime_operator.py for tasks to queue
[2024-11-18T21:15:50.451+0500] {logging_mixin.py:190} INFO - [2024-11-18T21:15:50.451+0500] {dagbag.py:588} INFO - Filling up the DagBag from /home/AtlasRise/airflow/airflow_env/lib/python3.12/site-packages/airflow/example_dags/example_branch_datetime_operator.py
[2024-11-18T21:15:50.471+0500] {processor.py:925} INFO - DAG(s) 'example_branch_datetime_operator_3', 'example_branch_datetime_operator', 'example_branch_datetime_operator_2' retrieved from /home/AtlasRise/airflow/airflow_env/lib/python3.12/site-packages/airflow/example_dags/example_branch_datetime_operator.py
[2024-11-18T21:15:50.505+0500] {logging_mixin.py:190} INFO - [2024-11-18T21:15:50.504+0500] {dag.py:3239} INFO - Sync 3 DAGs
[2024-11-18T21:15:50.541+0500] {logging_mixin.py:190} INFO - [2024-11-18T21:15:50.541+0500] {dag.py:4180} INFO - Setting next_dagrun for example_branch_datetime_operator to 2024-11-17 00:00:00+00:00, run_after=2024-11-18 00:00:00+00:00
[2024-11-18T21:15:50.549+0500] {logging_mixin.py:190} INFO - [2024-11-18T21:15:50.549+0500] {dag.py:4180} INFO - Setting next_dagrun for example_branch_datetime_operator_2 to 2024-11-17 00:00:00+00:00, run_after=2024-11-18 00:00:00+00:00
[2024-11-18T21:15:50.553+0500] {logging_mixin.py:190} INFO - [2024-11-18T21:15:50.553+0500] {dag.py:4180} INFO - Setting next_dagrun for example_branch_datetime_operator_3 to 2024-11-17 00:00:00+00:00, run_after=2024-11-18 00:00:00+00:00
[2024-11-18T21:15:50.588+0500] {processor.py:208} INFO - Processing /home/AtlasRise/airflow/airflow_env/lib/python3.12/site-packages/airflow/example_dags/example_branch_datetime_operator.py took 0.150 seconds
[2024-11-18T21:17:41.193+0500] {processor.py:186} INFO - Started process (PID=21938) to work on /home/AtlasRise/airflow/airflow_env/lib/python3.12/site-packages/airflow/example_dags/example_branch_datetime_operator.py
[2024-11-18T21:17:41.195+0500] {processor.py:914} INFO - Processing file /home/AtlasRise/airflow/airflow_env/lib/python3.12/site-packages/airflow/example_dags/example_branch_datetime_operator.py for tasks to queue
[2024-11-18T21:17:41.198+0500] {logging_mixin.py:190} INFO - [2024-11-18T21:17:41.198+0500] {dagbag.py:588} INFO - Filling up the DagBag from /home/AtlasRise/airflow/airflow_env/lib/python3.12/site-packages/airflow/example_dags/example_branch_datetime_operator.py
[2024-11-18T21:17:41.217+0500] {processor.py:925} INFO - DAG(s) 'example_branch_datetime_operator_3', 'example_branch_datetime_operator_2', 'example_branch_datetime_operator' retrieved from /home/AtlasRise/airflow/airflow_env/lib/python3.12/site-packages/airflow/example_dags/example_branch_datetime_operator.py
[2024-11-18T21:17:41.250+0500] {logging_mixin.py:190} INFO - [2024-11-18T21:17:41.249+0500] {dag.py:3239} INFO - Sync 3 DAGs
[2024-11-18T21:17:41.286+0500] {logging_mixin.py:190} INFO - [2024-11-18T21:17:41.286+0500] {dag.py:4180} INFO - Setting next_dagrun for example_branch_datetime_operator to 2024-11-17 00:00:00+00:00, run_after=2024-11-18 00:00:00+00:00
[2024-11-18T21:17:41.295+0500] {logging_mixin.py:190} INFO - [2024-11-18T21:17:41.294+0500] {dag.py:4180} INFO - Setting next_dagrun for example_branch_datetime_operator_2 to 2024-11-17 00:00:00+00:00, run_after=2024-11-18 00:00:00+00:00
[2024-11-18T21:17:41.298+0500] {logging_mixin.py:190} INFO - [2024-11-18T21:17:41.298+0500] {dag.py:4180} INFO - Setting next_dagrun for example_branch_datetime_operator_3 to 2024-11-17 00:00:00+00:00, run_after=2024-11-18 00:00:00+00:00
[2024-11-18T21:17:41.326+0500] {processor.py:208} INFO - Processing /home/AtlasRise/airflow/airflow_env/lib/python3.12/site-packages/airflow/example_dags/example_branch_datetime_operator.py took 0.141 seconds
[2024-11-18T21:19:32.653+0500] {processor.py:186} INFO - Started process (PID=22099) to work on /home/AtlasRise/airflow/airflow_env/lib/python3.12/site-packages/airflow/example_dags/example_branch_datetime_operator.py
[2024-11-18T21:19:32.655+0500] {processor.py:914} INFO - Processing file /home/AtlasRise/airflow/airflow_env/lib/python3.12/site-packages/airflow/example_dags/example_branch_datetime_operator.py for tasks to queue
[2024-11-18T21:19:32.659+0500] {logging_mixin.py:190} INFO - [2024-11-18T21:19:32.658+0500] {dagbag.py:588} INFO - Filling up the DagBag from /home/AtlasRise/airflow/airflow_env/lib/python3.12/site-packages/airflow/example_dags/example_branch_datetime_operator.py
[2024-11-18T21:19:32.677+0500] {processor.py:925} INFO - DAG(s) 'example_branch_datetime_operator_2', 'example_branch_datetime_operator', 'example_branch_datetime_operator_3' retrieved from /home/AtlasRise/airflow/airflow_env/lib/python3.12/site-packages/airflow/example_dags/example_branch_datetime_operator.py
[2024-11-18T21:19:32.710+0500] {logging_mixin.py:190} INFO - [2024-11-18T21:19:32.710+0500] {dag.py:3239} INFO - Sync 3 DAGs
[2024-11-18T21:19:32.747+0500] {logging_mixin.py:190} INFO - [2024-11-18T21:19:32.747+0500] {dag.py:4180} INFO - Setting next_dagrun for example_branch_datetime_operator to 2024-11-17 00:00:00+00:00, run_after=2024-11-18 00:00:00+00:00
[2024-11-18T21:19:32.756+0500] {logging_mixin.py:190} INFO - [2024-11-18T21:19:32.755+0500] {dag.py:4180} INFO - Setting next_dagrun for example_branch_datetime_operator_2 to 2024-11-17 00:00:00+00:00, run_after=2024-11-18 00:00:00+00:00
[2024-11-18T21:19:32.760+0500] {logging_mixin.py:190} INFO - [2024-11-18T21:19:32.760+0500] {dag.py:4180} INFO - Setting next_dagrun for example_branch_datetime_operator_3 to 2024-11-17 00:00:00+00:00, run_after=2024-11-18 00:00:00+00:00
[2024-11-18T21:19:32.790+0500] {processor.py:208} INFO - Processing /home/AtlasRise/airflow/airflow_env/lib/python3.12/site-packages/airflow/example_dags/example_branch_datetime_operator.py took 0.145 seconds
[2024-11-18T21:20:50.614+0500] {processor.py:186} INFO - Started process (PID=22187) to work on /home/AtlasRise/airflow/airflow_env/lib/python3.12/site-packages/airflow/example_dags/example_branch_datetime_operator.py
[2024-11-18T21:20:50.615+0500] {processor.py:914} INFO - Processing file /home/AtlasRise/airflow/airflow_env/lib/python3.12/site-packages/airflow/example_dags/example_branch_datetime_operator.py for tasks to queue
[2024-11-18T21:20:50.618+0500] {logging_mixin.py:190} INFO - [2024-11-18T21:20:50.617+0500] {dagbag.py:588} INFO - Filling up the DagBag from /home/AtlasRise/airflow/airflow_env/lib/python3.12/site-packages/airflow/example_dags/example_branch_datetime_operator.py
[2024-11-18T21:20:50.636+0500] {processor.py:925} INFO - DAG(s) 'example_branch_datetime_operator', 'example_branch_datetime_operator_3', 'example_branch_datetime_operator_2' retrieved from /home/AtlasRise/airflow/airflow_env/lib/python3.12/site-packages/airflow/example_dags/example_branch_datetime_operator.py
[2024-11-18T21:20:50.669+0500] {logging_mixin.py:190} INFO - [2024-11-18T21:20:50.669+0500] {dag.py:3239} INFO - Sync 3 DAGs
[2024-11-18T21:20:50.706+0500] {logging_mixin.py:190} INFO - [2024-11-18T21:20:50.705+0500] {dag.py:4180} INFO - Setting next_dagrun for example_branch_datetime_operator to 2024-11-17 00:00:00+00:00, run_after=2024-11-18 00:00:00+00:00
[2024-11-18T21:20:50.714+0500] {logging_mixin.py:190} INFO - [2024-11-18T21:20:50.713+0500] {dag.py:4180} INFO - Setting next_dagrun for example_branch_datetime_operator_2 to 2024-11-17 00:00:00+00:00, run_after=2024-11-18 00:00:00+00:00
[2024-11-18T21:20:50.717+0500] {logging_mixin.py:190} INFO - [2024-11-18T21:20:50.717+0500] {dag.py:4180} INFO - Setting next_dagrun for example_branch_datetime_operator_3 to 2024-11-17 00:00:00+00:00, run_after=2024-11-18 00:00:00+00:00
[2024-11-18T21:20:50.747+0500] {processor.py:208} INFO - Processing /home/AtlasRise/airflow/airflow_env/lib/python3.12/site-packages/airflow/example_dags/example_branch_datetime_operator.py took 0.142 seconds
[2024-11-18T21:22:03.101+0500] {processor.py:186} INFO - Started process (PID=22282) to work on /home/AtlasRise/airflow/airflow_env/lib/python3.12/site-packages/airflow/example_dags/example_branch_datetime_operator.py
[2024-11-18T21:22:03.102+0500] {processor.py:914} INFO - Processing file /home/AtlasRise/airflow/airflow_env/lib/python3.12/site-packages/airflow/example_dags/example_branch_datetime_operator.py for tasks to queue
[2024-11-18T21:22:03.106+0500] {logging_mixin.py:190} INFO - [2024-11-18T21:22:03.105+0500] {dagbag.py:588} INFO - Filling up the DagBag from /home/AtlasRise/airflow/airflow_env/lib/python3.12/site-packages/airflow/example_dags/example_branch_datetime_operator.py
[2024-11-18T21:22:03.124+0500] {processor.py:925} INFO - DAG(s) 'example_branch_datetime_operator_3', 'example_branch_datetime_operator', 'example_branch_datetime_operator_2' retrieved from /home/AtlasRise/airflow/airflow_env/lib/python3.12/site-packages/airflow/example_dags/example_branch_datetime_operator.py
[2024-11-18T21:22:03.157+0500] {logging_mixin.py:190} INFO - [2024-11-18T21:22:03.157+0500] {dag.py:3239} INFO - Sync 3 DAGs
[2024-11-18T21:22:03.193+0500] {logging_mixin.py:190} INFO - [2024-11-18T21:22:03.193+0500] {dag.py:4180} INFO - Setting next_dagrun for example_branch_datetime_operator to 2024-11-17 00:00:00+00:00, run_after=2024-11-18 00:00:00+00:00
[2024-11-18T21:22:03.201+0500] {logging_mixin.py:190} INFO - [2024-11-18T21:22:03.201+0500] {dag.py:4180} INFO - Setting next_dagrun for example_branch_datetime_operator_2 to 2024-11-17 00:00:00+00:00, run_after=2024-11-18 00:00:00+00:00
[2024-11-18T21:22:03.205+0500] {logging_mixin.py:190} INFO - [2024-11-18T21:22:03.204+0500] {dag.py:4180} INFO - Setting next_dagrun for example_branch_datetime_operator_3 to 2024-11-17 00:00:00+00:00, run_after=2024-11-18 00:00:00+00:00
[2024-11-18T21:22:03.239+0500] {processor.py:208} INFO - Processing /home/AtlasRise/airflow/airflow_env/lib/python3.12/site-packages/airflow/example_dags/example_branch_datetime_operator.py took 0.146 seconds
