[2024-11-18T20:40:59.743+0500] {processor.py:186} INFO - Started process (PID=18947) to work on /home/AtlasRise/airflow/airflow_env/lib/python3.12/site-packages/airflow/example_dags/example_complex.py
[2024-11-18T20:40:59.744+0500] {processor.py:914} INFO - Processing file /home/AtlasRise/airflow/airflow_env/lib/python3.12/site-packages/airflow/example_dags/example_complex.py for tasks to queue
[2024-11-18T20:40:59.747+0500] {logging_mixin.py:190} INFO - [2024-11-18T20:40:59.746+0500] {dagbag.py:588} INFO - Filling up the DagBag from /home/AtlasRise/airflow/airflow_env/lib/python3.12/site-packages/airflow/example_dags/example_complex.py
[2024-11-18T20:40:59.767+0500] {processor.py:925} INFO - DAG(s) 'example_complex' retrieved from /home/AtlasRise/airflow/airflow_env/lib/python3.12/site-packages/airflow/example_dags/example_complex.py
[2024-11-18T20:40:59.946+0500] {logging_mixin.py:190} INFO - [2024-11-18T20:40:59.945+0500] {override.py:1911} INFO - Created Permission View: can read on DAG:example_complex
[2024-11-18T20:40:59.967+0500] {logging_mixin.py:190} INFO - [2024-11-18T20:40:59.966+0500] {override.py:1911} INFO - Created Permission View: can edit on DAG:example_complex
[2024-11-18T20:40:59.979+0500] {logging_mixin.py:190} INFO - [2024-11-18T20:40:59.978+0500] {override.py:1911} INFO - Created Permission View: can delete on DAG:example_complex
[2024-11-18T20:40:59.999+0500] {logging_mixin.py:190} INFO - [2024-11-18T20:40:59.998+0500] {override.py:1911} INFO - Created Permission View: can read on DAG Run:example_complex
[2024-11-18T20:41:00.012+0500] {logging_mixin.py:190} INFO - [2024-11-18T20:41:00.011+0500] {override.py:1911} INFO - Created Permission View: can create on DAG Run:example_complex
[2024-11-18T20:41:00.023+0500] {logging_mixin.py:190} INFO - [2024-11-18T20:41:00.023+0500] {override.py:1911} INFO - Created Permission View: can delete on DAG Run:example_complex
[2024-11-18T20:41:00.042+0500] {logging_mixin.py:190} INFO - [2024-11-18T20:41:00.041+0500] {override.py:1911} INFO - Created Permission View: menu access on DAG Run:example_complex
[2024-11-18T20:41:00.042+0500] {logging_mixin.py:190} INFO - [2024-11-18T20:41:00.042+0500] {dag.py:3239} INFO - Sync 1 DAGs
[2024-11-18T20:41:00.061+0500] {logging_mixin.py:190} INFO - [2024-11-18T20:41:00.061+0500] {dag.py:3262} INFO - Creating ORM DAG for example_complex
[2024-11-18T20:41:00.062+0500] {logging_mixin.py:190} INFO - [2024-11-18T20:41:00.062+0500] {dag.py:4180} INFO - Setting next_dagrun for example_complex to None, run_after=None
[2024-11-18T20:41:00.091+0500] {processor.py:208} INFO - Processing /home/AtlasRise/airflow/airflow_env/lib/python3.12/site-packages/airflow/example_dags/example_complex.py took 0.356 seconds
[2024-11-18T20:42:21.309+0500] {processor.py:186} INFO - Started process (PID=19149) to work on /home/AtlasRise/airflow/airflow_env/lib/python3.12/site-packages/airflow/example_dags/example_complex.py
[2024-11-18T20:42:21.312+0500] {processor.py:914} INFO - Processing file /home/AtlasRise/airflow/airflow_env/lib/python3.12/site-packages/airflow/example_dags/example_complex.py for tasks to queue
[2024-11-18T20:42:21.314+0500] {logging_mixin.py:190} INFO - [2024-11-18T20:42:21.314+0500] {dagbag.py:588} INFO - Filling up the DagBag from /home/AtlasRise/airflow/airflow_env/lib/python3.12/site-packages/airflow/example_dags/example_complex.py
[2024-11-18T20:42:21.334+0500] {processor.py:925} INFO - DAG(s) 'example_complex' retrieved from /home/AtlasRise/airflow/airflow_env/lib/python3.12/site-packages/airflow/example_dags/example_complex.py
[2024-11-18T20:42:21.377+0500] {logging_mixin.py:190} INFO - [2024-11-18T20:42:21.376+0500] {dag.py:3239} INFO - Sync 1 DAGs
[2024-11-18T20:42:21.397+0500] {logging_mixin.py:190} INFO - [2024-11-18T20:42:21.396+0500] {dag.py:4180} INFO - Setting next_dagrun for example_complex to None, run_after=None
[2024-11-18T20:42:21.433+0500] {processor.py:208} INFO - Processing /home/AtlasRise/airflow/airflow_env/lib/python3.12/site-packages/airflow/example_dags/example_complex.py took 0.131 seconds
[2024-11-18T20:43:28.811+0500] {processor.py:186} INFO - Started process (PID=19226) to work on /home/AtlasRise/airflow/airflow_env/lib/python3.12/site-packages/airflow/example_dags/example_complex.py
[2024-11-18T20:43:28.813+0500] {processor.py:914} INFO - Processing file /home/AtlasRise/airflow/airflow_env/lib/python3.12/site-packages/airflow/example_dags/example_complex.py for tasks to queue
[2024-11-18T20:43:28.816+0500] {logging_mixin.py:190} INFO - [2024-11-18T20:43:28.816+0500] {dagbag.py:588} INFO - Filling up the DagBag from /home/AtlasRise/airflow/airflow_env/lib/python3.12/site-packages/airflow/example_dags/example_complex.py
[2024-11-18T20:43:28.835+0500] {processor.py:925} INFO - DAG(s) 'example_complex' retrieved from /home/AtlasRise/airflow/airflow_env/lib/python3.12/site-packages/airflow/example_dags/example_complex.py
[2024-11-18T20:43:28.879+0500] {logging_mixin.py:190} INFO - [2024-11-18T20:43:28.879+0500] {dag.py:3239} INFO - Sync 1 DAGs
[2024-11-18T20:43:28.899+0500] {logging_mixin.py:190} INFO - [2024-11-18T20:43:28.899+0500] {dag.py:4180} INFO - Setting next_dagrun for example_complex to None, run_after=None
[2024-11-18T20:43:28.931+0500] {processor.py:208} INFO - Processing /home/AtlasRise/airflow/airflow_env/lib/python3.12/site-packages/airflow/example_dags/example_complex.py took 0.127 seconds
[2024-11-18T20:44:33.961+0500] {processor.py:186} INFO - Started process (PID=19301) to work on /home/AtlasRise/airflow/airflow_env/lib/python3.12/site-packages/airflow/example_dags/example_complex.py
[2024-11-18T20:44:33.964+0500] {processor.py:914} INFO - Processing file /home/AtlasRise/airflow/airflow_env/lib/python3.12/site-packages/airflow/example_dags/example_complex.py for tasks to queue
[2024-11-18T20:44:33.967+0500] {logging_mixin.py:190} INFO - [2024-11-18T20:44:33.967+0500] {dagbag.py:588} INFO - Filling up the DagBag from /home/AtlasRise/airflow/airflow_env/lib/python3.12/site-packages/airflow/example_dags/example_complex.py
[2024-11-18T20:44:33.988+0500] {processor.py:925} INFO - DAG(s) 'example_complex' retrieved from /home/AtlasRise/airflow/airflow_env/lib/python3.12/site-packages/airflow/example_dags/example_complex.py
[2024-11-18T20:44:34.032+0500] {logging_mixin.py:190} INFO - [2024-11-18T20:44:34.032+0500] {dag.py:3239} INFO - Sync 1 DAGs
[2024-11-18T20:44:34.053+0500] {logging_mixin.py:190} INFO - [2024-11-18T20:44:34.052+0500] {dag.py:4180} INFO - Setting next_dagrun for example_complex to None, run_after=None
[2024-11-18T20:44:34.085+0500] {processor.py:208} INFO - Processing /home/AtlasRise/airflow/airflow_env/lib/python3.12/site-packages/airflow/example_dags/example_complex.py took 0.134 seconds
[2024-11-18T20:45:44.883+0500] {processor.py:186} INFO - Started process (PID=19491) to work on /home/AtlasRise/airflow/airflow_env/lib/python3.12/site-packages/airflow/example_dags/example_complex.py
[2024-11-18T20:45:44.887+0500] {processor.py:914} INFO - Processing file /home/AtlasRise/airflow/airflow_env/lib/python3.12/site-packages/airflow/example_dags/example_complex.py for tasks to queue
[2024-11-18T20:45:44.894+0500] {logging_mixin.py:190} INFO - [2024-11-18T20:45:44.890+0500] {dagbag.py:588} INFO - Filling up the DagBag from /home/AtlasRise/airflow/airflow_env/lib/python3.12/site-packages/airflow/example_dags/example_complex.py
[2024-11-18T20:45:44.929+0500] {processor.py:925} INFO - DAG(s) 'example_complex' retrieved from /home/AtlasRise/airflow/airflow_env/lib/python3.12/site-packages/airflow/example_dags/example_complex.py
[2024-11-18T20:45:44.977+0500] {logging_mixin.py:190} INFO - [2024-11-18T20:45:44.976+0500] {dag.py:3239} INFO - Sync 1 DAGs
[2024-11-18T20:45:45.148+0500] {logging_mixin.py:190} INFO - [2024-11-18T20:45:45.147+0500] {dag.py:4180} INFO - Setting next_dagrun for example_complex to None, run_after=None
[2024-11-18T20:45:45.185+0500] {processor.py:208} INFO - Processing /home/AtlasRise/airflow/airflow_env/lib/python3.12/site-packages/airflow/example_dags/example_complex.py took 0.311 seconds
[2024-11-18T20:47:02.539+0500] {processor.py:186} INFO - Started process (PID=19597) to work on /home/AtlasRise/airflow/airflow_env/lib/python3.12/site-packages/airflow/example_dags/example_complex.py
[2024-11-18T20:47:02.542+0500] {processor.py:914} INFO - Processing file /home/AtlasRise/airflow/airflow_env/lib/python3.12/site-packages/airflow/example_dags/example_complex.py for tasks to queue
[2024-11-18T20:47:02.545+0500] {logging_mixin.py:190} INFO - [2024-11-18T20:47:02.545+0500] {dagbag.py:588} INFO - Filling up the DagBag from /home/AtlasRise/airflow/airflow_env/lib/python3.12/site-packages/airflow/example_dags/example_complex.py
[2024-11-18T20:47:02.566+0500] {processor.py:925} INFO - DAG(s) 'example_complex' retrieved from /home/AtlasRise/airflow/airflow_env/lib/python3.12/site-packages/airflow/example_dags/example_complex.py
[2024-11-18T20:47:02.611+0500] {logging_mixin.py:190} INFO - [2024-11-18T20:47:02.610+0500] {dag.py:3239} INFO - Sync 1 DAGs
[2024-11-18T20:47:02.632+0500] {logging_mixin.py:190} INFO - [2024-11-18T20:47:02.632+0500] {dag.py:4180} INFO - Setting next_dagrun for example_complex to None, run_after=None
[2024-11-18T20:47:02.665+0500] {processor.py:208} INFO - Processing /home/AtlasRise/airflow/airflow_env/lib/python3.12/site-packages/airflow/example_dags/example_complex.py took 0.135 seconds
[2024-11-18T20:48:07.824+0500] {processor.py:186} INFO - Started process (PID=19746) to work on /home/AtlasRise/airflow/airflow_env/lib/python3.12/site-packages/airflow/example_dags/example_complex.py
[2024-11-18T20:48:07.834+0500] {processor.py:914} INFO - Processing file /home/AtlasRise/airflow/airflow_env/lib/python3.12/site-packages/airflow/example_dags/example_complex.py for tasks to queue
[2024-11-18T20:48:07.837+0500] {logging_mixin.py:190} INFO - [2024-11-18T20:48:07.837+0500] {dagbag.py:588} INFO - Filling up the DagBag from /home/AtlasRise/airflow/airflow_env/lib/python3.12/site-packages/airflow/example_dags/example_complex.py
[2024-11-18T20:48:07.858+0500] {processor.py:925} INFO - DAG(s) 'example_complex' retrieved from /home/AtlasRise/airflow/airflow_env/lib/python3.12/site-packages/airflow/example_dags/example_complex.py
[2024-11-18T20:48:07.903+0500] {logging_mixin.py:190} INFO - [2024-11-18T20:48:07.902+0500] {dag.py:3239} INFO - Sync 1 DAGs
[2024-11-18T20:48:07.925+0500] {logging_mixin.py:190} INFO - [2024-11-18T20:48:07.924+0500] {dag.py:4180} INFO - Setting next_dagrun for example_complex to None, run_after=None
[2024-11-18T20:48:07.965+0500] {processor.py:208} INFO - Processing /home/AtlasRise/airflow/airflow_env/lib/python3.12/site-packages/airflow/example_dags/example_complex.py took 0.150 seconds
[2024-11-18T20:49:18.367+0500] {processor.py:186} INFO - Started process (PID=19833) to work on /home/AtlasRise/airflow/airflow_env/lib/python3.12/site-packages/airflow/example_dags/example_complex.py
[2024-11-18T20:49:18.369+0500] {processor.py:914} INFO - Processing file /home/AtlasRise/airflow/airflow_env/lib/python3.12/site-packages/airflow/example_dags/example_complex.py for tasks to queue
[2024-11-18T20:49:18.372+0500] {logging_mixin.py:190} INFO - [2024-11-18T20:49:18.372+0500] {dagbag.py:588} INFO - Filling up the DagBag from /home/AtlasRise/airflow/airflow_env/lib/python3.12/site-packages/airflow/example_dags/example_complex.py
[2024-11-18T20:49:18.392+0500] {processor.py:925} INFO - DAG(s) 'example_complex' retrieved from /home/AtlasRise/airflow/airflow_env/lib/python3.12/site-packages/airflow/example_dags/example_complex.py
[2024-11-18T20:49:18.436+0500] {logging_mixin.py:190} INFO - [2024-11-18T20:49:18.435+0500] {dag.py:3239} INFO - Sync 1 DAGs
[2024-11-18T20:49:18.458+0500] {logging_mixin.py:190} INFO - [2024-11-18T20:49:18.458+0500] {dag.py:4180} INFO - Setting next_dagrun for example_complex to None, run_after=None
[2024-11-18T20:49:18.500+0500] {processor.py:208} INFO - Processing /home/AtlasRise/airflow/airflow_env/lib/python3.12/site-packages/airflow/example_dags/example_complex.py took 0.142 seconds
[2024-11-18T20:50:26.545+0500] {processor.py:186} INFO - Started process (PID=19909) to work on /home/AtlasRise/airflow/airflow_env/lib/python3.12/site-packages/airflow/example_dags/example_complex.py
[2024-11-18T20:50:26.546+0500] {processor.py:914} INFO - Processing file /home/AtlasRise/airflow/airflow_env/lib/python3.12/site-packages/airflow/example_dags/example_complex.py for tasks to queue
[2024-11-18T20:50:26.549+0500] {logging_mixin.py:190} INFO - [2024-11-18T20:50:26.549+0500] {dagbag.py:588} INFO - Filling up the DagBag from /home/AtlasRise/airflow/airflow_env/lib/python3.12/site-packages/airflow/example_dags/example_complex.py
[2024-11-18T20:50:26.569+0500] {processor.py:925} INFO - DAG(s) 'example_complex' retrieved from /home/AtlasRise/airflow/airflow_env/lib/python3.12/site-packages/airflow/example_dags/example_complex.py
[2024-11-18T20:50:26.613+0500] {logging_mixin.py:190} INFO - [2024-11-18T20:50:26.613+0500] {dag.py:3239} INFO - Sync 1 DAGs
[2024-11-18T20:50:26.635+0500] {logging_mixin.py:190} INFO - [2024-11-18T20:50:26.634+0500] {dag.py:4180} INFO - Setting next_dagrun for example_complex to None, run_after=None
[2024-11-18T20:50:26.667+0500] {processor.py:208} INFO - Processing /home/AtlasRise/airflow/airflow_env/lib/python3.12/site-packages/airflow/example_dags/example_complex.py took 0.130 seconds
[2024-11-18T20:51:36.129+0500] {processor.py:186} INFO - Started process (PID=19992) to work on /home/AtlasRise/airflow/airflow_env/lib/python3.12/site-packages/airflow/example_dags/example_complex.py
[2024-11-18T20:51:36.131+0500] {processor.py:914} INFO - Processing file /home/AtlasRise/airflow/airflow_env/lib/python3.12/site-packages/airflow/example_dags/example_complex.py for tasks to queue
[2024-11-18T20:51:36.134+0500] {logging_mixin.py:190} INFO - [2024-11-18T20:51:36.133+0500] {dagbag.py:588} INFO - Filling up the DagBag from /home/AtlasRise/airflow/airflow_env/lib/python3.12/site-packages/airflow/example_dags/example_complex.py
[2024-11-18T20:51:36.154+0500] {processor.py:925} INFO - DAG(s) 'example_complex' retrieved from /home/AtlasRise/airflow/airflow_env/lib/python3.12/site-packages/airflow/example_dags/example_complex.py
[2024-11-18T20:51:36.198+0500] {logging_mixin.py:190} INFO - [2024-11-18T20:51:36.197+0500] {dag.py:3239} INFO - Sync 1 DAGs
[2024-11-18T20:51:36.220+0500] {logging_mixin.py:190} INFO - [2024-11-18T20:51:36.219+0500] {dag.py:4180} INFO - Setting next_dagrun for example_complex to None, run_after=None
[2024-11-18T20:51:36.253+0500] {processor.py:208} INFO - Processing /home/AtlasRise/airflow/airflow_env/lib/python3.12/site-packages/airflow/example_dags/example_complex.py took 0.133 seconds
[2024-11-18T20:52:43.969+0500] {processor.py:186} INFO - Started process (PID=20066) to work on /home/AtlasRise/airflow/airflow_env/lib/python3.12/site-packages/airflow/example_dags/example_complex.py
[2024-11-18T20:52:43.972+0500] {processor.py:914} INFO - Processing file /home/AtlasRise/airflow/airflow_env/lib/python3.12/site-packages/airflow/example_dags/example_complex.py for tasks to queue
[2024-11-18T20:52:43.975+0500] {logging_mixin.py:190} INFO - [2024-11-18T20:52:43.975+0500] {dagbag.py:588} INFO - Filling up the DagBag from /home/AtlasRise/airflow/airflow_env/lib/python3.12/site-packages/airflow/example_dags/example_complex.py
[2024-11-18T20:52:43.996+0500] {processor.py:925} INFO - DAG(s) 'example_complex' retrieved from /home/AtlasRise/airflow/airflow_env/lib/python3.12/site-packages/airflow/example_dags/example_complex.py
[2024-11-18T20:52:44.042+0500] {logging_mixin.py:190} INFO - [2024-11-18T20:52:44.041+0500] {dag.py:3239} INFO - Sync 1 DAGs
[2024-11-18T20:52:44.064+0500] {logging_mixin.py:190} INFO - [2024-11-18T20:52:44.064+0500] {dag.py:4180} INFO - Setting next_dagrun for example_complex to None, run_after=None
[2024-11-18T20:52:44.099+0500] {processor.py:208} INFO - Processing /home/AtlasRise/airflow/airflow_env/lib/python3.12/site-packages/airflow/example_dags/example_complex.py took 0.138 seconds
[2024-11-18T20:53:55.411+0500] {processor.py:186} INFO - Started process (PID=20135) to work on /home/AtlasRise/airflow/airflow_env/lib/python3.12/site-packages/airflow/example_dags/example_complex.py
[2024-11-18T20:53:55.412+0500] {processor.py:914} INFO - Processing file /home/AtlasRise/airflow/airflow_env/lib/python3.12/site-packages/airflow/example_dags/example_complex.py for tasks to queue
[2024-11-18T20:53:55.416+0500] {logging_mixin.py:190} INFO - [2024-11-18T20:53:55.415+0500] {dagbag.py:588} INFO - Filling up the DagBag from /home/AtlasRise/airflow/airflow_env/lib/python3.12/site-packages/airflow/example_dags/example_complex.py
[2024-11-18T20:53:55.435+0500] {processor.py:925} INFO - DAG(s) 'example_complex' retrieved from /home/AtlasRise/airflow/airflow_env/lib/python3.12/site-packages/airflow/example_dags/example_complex.py
[2024-11-18T20:53:55.480+0500] {logging_mixin.py:190} INFO - [2024-11-18T20:53:55.480+0500] {dag.py:3239} INFO - Sync 1 DAGs
[2024-11-18T20:53:55.501+0500] {logging_mixin.py:190} INFO - [2024-11-18T20:53:55.501+0500] {dag.py:4180} INFO - Setting next_dagrun for example_complex to None, run_after=None
[2024-11-18T20:53:55.536+0500] {processor.py:208} INFO - Processing /home/AtlasRise/airflow/airflow_env/lib/python3.12/site-packages/airflow/example_dags/example_complex.py took 0.135 seconds
[2024-11-18T20:55:17.968+0500] {processor.py:186} INFO - Started process (PID=20237) to work on /home/AtlasRise/airflow/airflow_env/lib/python3.12/site-packages/airflow/example_dags/example_complex.py
[2024-11-18T20:55:17.970+0500] {processor.py:914} INFO - Processing file /home/AtlasRise/airflow/airflow_env/lib/python3.12/site-packages/airflow/example_dags/example_complex.py for tasks to queue
[2024-11-18T20:55:17.973+0500] {logging_mixin.py:190} INFO - [2024-11-18T20:55:17.973+0500] {dagbag.py:588} INFO - Filling up the DagBag from /home/AtlasRise/airflow/airflow_env/lib/python3.12/site-packages/airflow/example_dags/example_complex.py
[2024-11-18T20:55:17.993+0500] {processor.py:925} INFO - DAG(s) 'example_complex' retrieved from /home/AtlasRise/airflow/airflow_env/lib/python3.12/site-packages/airflow/example_dags/example_complex.py
[2024-11-18T20:55:18.040+0500] {logging_mixin.py:190} INFO - [2024-11-18T20:55:18.039+0500] {dag.py:3239} INFO - Sync 1 DAGs
[2024-11-18T20:55:18.060+0500] {logging_mixin.py:190} INFO - [2024-11-18T20:55:18.059+0500] {dag.py:4180} INFO - Setting next_dagrun for example_complex to None, run_after=None
[2024-11-18T20:55:18.092+0500] {processor.py:208} INFO - Processing /home/AtlasRise/airflow/airflow_env/lib/python3.12/site-packages/airflow/example_dags/example_complex.py took 0.132 seconds
[2024-11-18T20:56:36.315+0500] {processor.py:186} INFO - Started process (PID=20334) to work on /home/AtlasRise/airflow/airflow_env/lib/python3.12/site-packages/airflow/example_dags/example_complex.py
[2024-11-18T20:56:36.316+0500] {processor.py:914} INFO - Processing file /home/AtlasRise/airflow/airflow_env/lib/python3.12/site-packages/airflow/example_dags/example_complex.py for tasks to queue
[2024-11-18T20:56:36.319+0500] {logging_mixin.py:190} INFO - [2024-11-18T20:56:36.319+0500] {dagbag.py:588} INFO - Filling up the DagBag from /home/AtlasRise/airflow/airflow_env/lib/python3.12/site-packages/airflow/example_dags/example_complex.py
[2024-11-18T20:56:36.343+0500] {processor.py:925} INFO - DAG(s) 'example_complex' retrieved from /home/AtlasRise/airflow/airflow_env/lib/python3.12/site-packages/airflow/example_dags/example_complex.py
[2024-11-18T20:56:36.391+0500] {logging_mixin.py:190} INFO - [2024-11-18T20:56:36.391+0500] {dag.py:3239} INFO - Sync 1 DAGs
[2024-11-18T20:56:36.415+0500] {logging_mixin.py:190} INFO - [2024-11-18T20:56:36.414+0500] {dag.py:4180} INFO - Setting next_dagrun for example_complex to None, run_after=None
[2024-11-18T20:56:36.452+0500] {processor.py:208} INFO - Processing /home/AtlasRise/airflow/airflow_env/lib/python3.12/site-packages/airflow/example_dags/example_complex.py took 0.147 seconds
[2024-11-18T20:57:49.354+0500] {processor.py:186} INFO - Started process (PID=20404) to work on /home/AtlasRise/airflow/airflow_env/lib/python3.12/site-packages/airflow/example_dags/example_complex.py
[2024-11-18T20:57:49.355+0500] {processor.py:914} INFO - Processing file /home/AtlasRise/airflow/airflow_env/lib/python3.12/site-packages/airflow/example_dags/example_complex.py for tasks to queue
[2024-11-18T20:57:49.358+0500] {logging_mixin.py:190} INFO - [2024-11-18T20:57:49.358+0500] {dagbag.py:588} INFO - Filling up the DagBag from /home/AtlasRise/airflow/airflow_env/lib/python3.12/site-packages/airflow/example_dags/example_complex.py
[2024-11-18T20:57:49.378+0500] {processor.py:925} INFO - DAG(s) 'example_complex' retrieved from /home/AtlasRise/airflow/airflow_env/lib/python3.12/site-packages/airflow/example_dags/example_complex.py
[2024-11-18T20:57:49.423+0500] {logging_mixin.py:190} INFO - [2024-11-18T20:57:49.422+0500] {dag.py:3239} INFO - Sync 1 DAGs
[2024-11-18T20:57:49.444+0500] {logging_mixin.py:190} INFO - [2024-11-18T20:57:49.443+0500] {dag.py:4180} INFO - Setting next_dagrun for example_complex to None, run_after=None
[2024-11-18T20:57:49.481+0500] {processor.py:208} INFO - Processing /home/AtlasRise/airflow/airflow_env/lib/python3.12/site-packages/airflow/example_dags/example_complex.py took 0.136 seconds
[2024-11-18T20:58:57.158+0500] {processor.py:186} INFO - Started process (PID=20493) to work on /home/AtlasRise/airflow/airflow_env/lib/python3.12/site-packages/airflow/example_dags/example_complex.py
[2024-11-18T20:58:57.159+0500] {processor.py:914} INFO - Processing file /home/AtlasRise/airflow/airflow_env/lib/python3.12/site-packages/airflow/example_dags/example_complex.py for tasks to queue
[2024-11-18T20:58:57.162+0500] {logging_mixin.py:190} INFO - [2024-11-18T20:58:57.162+0500] {dagbag.py:588} INFO - Filling up the DagBag from /home/AtlasRise/airflow/airflow_env/lib/python3.12/site-packages/airflow/example_dags/example_complex.py
[2024-11-18T20:58:57.182+0500] {processor.py:925} INFO - DAG(s) 'example_complex' retrieved from /home/AtlasRise/airflow/airflow_env/lib/python3.12/site-packages/airflow/example_dags/example_complex.py
[2024-11-18T20:58:57.225+0500] {logging_mixin.py:190} INFO - [2024-11-18T20:58:57.225+0500] {dag.py:3239} INFO - Sync 1 DAGs
[2024-11-18T20:58:57.246+0500] {logging_mixin.py:190} INFO - [2024-11-18T20:58:57.246+0500] {dag.py:4180} INFO - Setting next_dagrun for example_complex to None, run_after=None
[2024-11-18T20:58:57.279+0500] {processor.py:208} INFO - Processing /home/AtlasRise/airflow/airflow_env/lib/python3.12/site-packages/airflow/example_dags/example_complex.py took 0.129 seconds
[2024-11-18T21:00:13.827+0500] {processor.py:186} INFO - Started process (PID=20574) to work on /home/AtlasRise/airflow/airflow_env/lib/python3.12/site-packages/airflow/example_dags/example_complex.py
[2024-11-18T21:00:13.830+0500] {processor.py:914} INFO - Processing file /home/AtlasRise/airflow/airflow_env/lib/python3.12/site-packages/airflow/example_dags/example_complex.py for tasks to queue
[2024-11-18T21:00:13.833+0500] {logging_mixin.py:190} INFO - [2024-11-18T21:00:13.833+0500] {dagbag.py:588} INFO - Filling up the DagBag from /home/AtlasRise/airflow/airflow_env/lib/python3.12/site-packages/airflow/example_dags/example_complex.py
[2024-11-18T21:00:13.853+0500] {processor.py:925} INFO - DAG(s) 'example_complex' retrieved from /home/AtlasRise/airflow/airflow_env/lib/python3.12/site-packages/airflow/example_dags/example_complex.py
[2024-11-18T21:00:13.897+0500] {logging_mixin.py:190} INFO - [2024-11-18T21:00:13.896+0500] {dag.py:3239} INFO - Sync 1 DAGs
[2024-11-18T21:00:13.918+0500] {logging_mixin.py:190} INFO - [2024-11-18T21:00:13.917+0500] {dag.py:4180} INFO - Setting next_dagrun for example_complex to None, run_after=None
[2024-11-18T21:00:13.950+0500] {processor.py:208} INFO - Processing /home/AtlasRise/airflow/airflow_env/lib/python3.12/site-packages/airflow/example_dags/example_complex.py took 0.131 seconds
[2024-11-18T21:01:20.095+0500] {processor.py:186} INFO - Started process (PID=20653) to work on /home/AtlasRise/airflow/airflow_env/lib/python3.12/site-packages/airflow/example_dags/example_complex.py
[2024-11-18T21:01:20.098+0500] {processor.py:914} INFO - Processing file /home/AtlasRise/airflow/airflow_env/lib/python3.12/site-packages/airflow/example_dags/example_complex.py for tasks to queue
[2024-11-18T21:01:20.101+0500] {logging_mixin.py:190} INFO - [2024-11-18T21:01:20.100+0500] {dagbag.py:588} INFO - Filling up the DagBag from /home/AtlasRise/airflow/airflow_env/lib/python3.12/site-packages/airflow/example_dags/example_complex.py
[2024-11-18T21:01:20.121+0500] {processor.py:925} INFO - DAG(s) 'example_complex' retrieved from /home/AtlasRise/airflow/airflow_env/lib/python3.12/site-packages/airflow/example_dags/example_complex.py
[2024-11-18T21:01:20.164+0500] {logging_mixin.py:190} INFO - [2024-11-18T21:01:20.164+0500] {dag.py:3239} INFO - Sync 1 DAGs
[2024-11-18T21:01:20.185+0500] {logging_mixin.py:190} INFO - [2024-11-18T21:01:20.185+0500] {dag.py:4180} INFO - Setting next_dagrun for example_complex to None, run_after=None
[2024-11-18T21:01:20.217+0500] {processor.py:208} INFO - Processing /home/AtlasRise/airflow/airflow_env/lib/python3.12/site-packages/airflow/example_dags/example_complex.py took 0.130 seconds
[2024-11-18T21:02:31.075+0500] {processor.py:186} INFO - Started process (PID=20729) to work on /home/AtlasRise/airflow/airflow_env/lib/python3.12/site-packages/airflow/example_dags/example_complex.py
[2024-11-18T21:02:31.078+0500] {processor.py:914} INFO - Processing file /home/AtlasRise/airflow/airflow_env/lib/python3.12/site-packages/airflow/example_dags/example_complex.py for tasks to queue
[2024-11-18T21:02:31.080+0500] {logging_mixin.py:190} INFO - [2024-11-18T21:02:31.080+0500] {dagbag.py:588} INFO - Filling up the DagBag from /home/AtlasRise/airflow/airflow_env/lib/python3.12/site-packages/airflow/example_dags/example_complex.py
[2024-11-18T21:02:31.100+0500] {processor.py:925} INFO - DAG(s) 'example_complex' retrieved from /home/AtlasRise/airflow/airflow_env/lib/python3.12/site-packages/airflow/example_dags/example_complex.py
[2024-11-18T21:02:31.144+0500] {logging_mixin.py:190} INFO - [2024-11-18T21:02:31.144+0500] {dag.py:3239} INFO - Sync 1 DAGs
[2024-11-18T21:02:31.165+0500] {logging_mixin.py:190} INFO - [2024-11-18T21:02:31.164+0500] {dag.py:4180} INFO - Setting next_dagrun for example_complex to None, run_after=None
[2024-11-18T21:02:31.199+0500] {processor.py:208} INFO - Processing /home/AtlasRise/airflow/airflow_env/lib/python3.12/site-packages/airflow/example_dags/example_complex.py took 0.132 seconds
[2024-11-18T21:03:40.011+0500] {processor.py:186} INFO - Started process (PID=20801) to work on /home/AtlasRise/airflow/airflow_env/lib/python3.12/site-packages/airflow/example_dags/example_complex.py
[2024-11-18T21:03:40.012+0500] {processor.py:914} INFO - Processing file /home/AtlasRise/airflow/airflow_env/lib/python3.12/site-packages/airflow/example_dags/example_complex.py for tasks to queue
[2024-11-18T21:03:40.015+0500] {logging_mixin.py:190} INFO - [2024-11-18T21:03:40.014+0500] {dagbag.py:588} INFO - Filling up the DagBag from /home/AtlasRise/airflow/airflow_env/lib/python3.12/site-packages/airflow/example_dags/example_complex.py
[2024-11-18T21:03:40.034+0500] {processor.py:925} INFO - DAG(s) 'example_complex' retrieved from /home/AtlasRise/airflow/airflow_env/lib/python3.12/site-packages/airflow/example_dags/example_complex.py
[2024-11-18T21:03:40.079+0500] {logging_mixin.py:190} INFO - [2024-11-18T21:03:40.078+0500] {dag.py:3239} INFO - Sync 1 DAGs
[2024-11-18T21:03:40.100+0500] {logging_mixin.py:190} INFO - [2024-11-18T21:03:40.099+0500] {dag.py:4180} INFO - Setting next_dagrun for example_complex to None, run_after=None
[2024-11-18T21:03:40.133+0500] {processor.py:208} INFO - Processing /home/AtlasRise/airflow/airflow_env/lib/python3.12/site-packages/airflow/example_dags/example_complex.py took 0.131 seconds
[2024-11-18T21:04:46.196+0500] {processor.py:186} INFO - Started process (PID=20901) to work on /home/AtlasRise/airflow/airflow_env/lib/python3.12/site-packages/airflow/example_dags/example_complex.py
[2024-11-18T21:04:46.198+0500] {processor.py:914} INFO - Processing file /home/AtlasRise/airflow/airflow_env/lib/python3.12/site-packages/airflow/example_dags/example_complex.py for tasks to queue
[2024-11-18T21:04:46.201+0500] {logging_mixin.py:190} INFO - [2024-11-18T21:04:46.201+0500] {dagbag.py:588} INFO - Filling up the DagBag from /home/AtlasRise/airflow/airflow_env/lib/python3.12/site-packages/airflow/example_dags/example_complex.py
[2024-11-18T21:04:46.221+0500] {processor.py:925} INFO - DAG(s) 'example_complex' retrieved from /home/AtlasRise/airflow/airflow_env/lib/python3.12/site-packages/airflow/example_dags/example_complex.py
[2024-11-18T21:04:46.265+0500] {logging_mixin.py:190} INFO - [2024-11-18T21:04:46.265+0500] {dag.py:3239} INFO - Sync 1 DAGs
[2024-11-18T21:04:46.286+0500] {logging_mixin.py:190} INFO - [2024-11-18T21:04:46.286+0500] {dag.py:4180} INFO - Setting next_dagrun for example_complex to None, run_after=None
[2024-11-18T21:04:46.319+0500] {processor.py:208} INFO - Processing /home/AtlasRise/airflow/airflow_env/lib/python3.12/site-packages/airflow/example_dags/example_complex.py took 0.132 seconds
[2024-11-18T21:05:51.550+0500] {processor.py:186} INFO - Started process (PID=20985) to work on /home/AtlasRise/airflow/airflow_env/lib/python3.12/site-packages/airflow/example_dags/example_complex.py
[2024-11-18T21:05:51.552+0500] {processor.py:914} INFO - Processing file /home/AtlasRise/airflow/airflow_env/lib/python3.12/site-packages/airflow/example_dags/example_complex.py for tasks to queue
[2024-11-18T21:05:51.556+0500] {logging_mixin.py:190} INFO - [2024-11-18T21:05:51.555+0500] {dagbag.py:588} INFO - Filling up the DagBag from /home/AtlasRise/airflow/airflow_env/lib/python3.12/site-packages/airflow/example_dags/example_complex.py
[2024-11-18T21:05:51.575+0500] {processor.py:925} INFO - DAG(s) 'example_complex' retrieved from /home/AtlasRise/airflow/airflow_env/lib/python3.12/site-packages/airflow/example_dags/example_complex.py
[2024-11-18T21:05:51.620+0500] {logging_mixin.py:190} INFO - [2024-11-18T21:05:51.619+0500] {dag.py:3239} INFO - Sync 1 DAGs
[2024-11-18T21:05:51.641+0500] {logging_mixin.py:190} INFO - [2024-11-18T21:05:51.641+0500] {dag.py:4180} INFO - Setting next_dagrun for example_complex to None, run_after=None
[2024-11-18T21:05:51.674+0500] {processor.py:208} INFO - Processing /home/AtlasRise/airflow/airflow_env/lib/python3.12/site-packages/airflow/example_dags/example_complex.py took 0.133 seconds
[2024-11-18T21:07:12.973+0500] {processor.py:186} INFO - Started process (PID=21088) to work on /home/AtlasRise/airflow/airflow_env/lib/python3.12/site-packages/airflow/example_dags/example_complex.py
[2024-11-18T21:07:12.975+0500] {processor.py:914} INFO - Processing file /home/AtlasRise/airflow/airflow_env/lib/python3.12/site-packages/airflow/example_dags/example_complex.py for tasks to queue
[2024-11-18T21:07:12.978+0500] {logging_mixin.py:190} INFO - [2024-11-18T21:07:12.978+0500] {dagbag.py:588} INFO - Filling up the DagBag from /home/AtlasRise/airflow/airflow_env/lib/python3.12/site-packages/airflow/example_dags/example_complex.py
[2024-11-18T21:07:12.998+0500] {processor.py:925} INFO - DAG(s) 'example_complex' retrieved from /home/AtlasRise/airflow/airflow_env/lib/python3.12/site-packages/airflow/example_dags/example_complex.py
[2024-11-18T21:07:13.042+0500] {logging_mixin.py:190} INFO - [2024-11-18T21:07:13.042+0500] {dag.py:3239} INFO - Sync 1 DAGs
[2024-11-18T21:07:13.065+0500] {logging_mixin.py:190} INFO - [2024-11-18T21:07:13.065+0500] {dag.py:4180} INFO - Setting next_dagrun for example_complex to None, run_after=None
[2024-11-18T21:07:13.115+0500] {processor.py:208} INFO - Processing /home/AtlasRise/airflow/airflow_env/lib/python3.12/site-packages/airflow/example_dags/example_complex.py took 0.151 seconds
[2024-11-18T21:08:22.423+0500] {processor.py:186} INFO - Started process (PID=21157) to work on /home/AtlasRise/airflow/airflow_env/lib/python3.12/site-packages/airflow/example_dags/example_complex.py
[2024-11-18T21:08:22.425+0500] {processor.py:914} INFO - Processing file /home/AtlasRise/airflow/airflow_env/lib/python3.12/site-packages/airflow/example_dags/example_complex.py for tasks to queue
[2024-11-18T21:08:22.429+0500] {logging_mixin.py:190} INFO - [2024-11-18T21:08:22.428+0500] {dagbag.py:588} INFO - Filling up the DagBag from /home/AtlasRise/airflow/airflow_env/lib/python3.12/site-packages/airflow/example_dags/example_complex.py
[2024-11-18T21:08:22.449+0500] {processor.py:925} INFO - DAG(s) 'example_complex' retrieved from /home/AtlasRise/airflow/airflow_env/lib/python3.12/site-packages/airflow/example_dags/example_complex.py
[2024-11-18T21:08:22.494+0500] {logging_mixin.py:190} INFO - [2024-11-18T21:08:22.494+0500] {dag.py:3239} INFO - Sync 1 DAGs
[2024-11-18T21:08:22.516+0500] {logging_mixin.py:190} INFO - [2024-11-18T21:08:22.515+0500] {dag.py:4180} INFO - Setting next_dagrun for example_complex to None, run_after=None
[2024-11-18T21:08:22.550+0500] {processor.py:208} INFO - Processing /home/AtlasRise/airflow/airflow_env/lib/python3.12/site-packages/airflow/example_dags/example_complex.py took 0.136 seconds
[2024-11-18T21:09:28.532+0500] {processor.py:186} INFO - Started process (PID=21256) to work on /home/AtlasRise/airflow/airflow_env/lib/python3.12/site-packages/airflow/example_dags/example_complex.py
[2024-11-18T21:09:28.534+0500] {processor.py:914} INFO - Processing file /home/AtlasRise/airflow/airflow_env/lib/python3.12/site-packages/airflow/example_dags/example_complex.py for tasks to queue
[2024-11-18T21:09:28.538+0500] {logging_mixin.py:190} INFO - [2024-11-18T21:09:28.537+0500] {dagbag.py:588} INFO - Filling up the DagBag from /home/AtlasRise/airflow/airflow_env/lib/python3.12/site-packages/airflow/example_dags/example_complex.py
[2024-11-18T21:09:28.558+0500] {processor.py:925} INFO - DAG(s) 'example_complex' retrieved from /home/AtlasRise/airflow/airflow_env/lib/python3.12/site-packages/airflow/example_dags/example_complex.py
[2024-11-18T21:09:28.603+0500] {logging_mixin.py:190} INFO - [2024-11-18T21:09:28.602+0500] {dag.py:3239} INFO - Sync 1 DAGs
[2024-11-18T21:09:28.625+0500] {logging_mixin.py:190} INFO - [2024-11-18T21:09:28.625+0500] {dag.py:4180} INFO - Setting next_dagrun for example_complex to None, run_after=None
[2024-11-18T21:09:28.659+0500] {processor.py:208} INFO - Processing /home/AtlasRise/airflow/airflow_env/lib/python3.12/site-packages/airflow/example_dags/example_complex.py took 0.136 seconds
[2024-11-18T21:10:42.431+0500] {processor.py:186} INFO - Started process (PID=21349) to work on /home/AtlasRise/airflow/airflow_env/lib/python3.12/site-packages/airflow/example_dags/example_complex.py
[2024-11-18T21:10:42.433+0500] {processor.py:914} INFO - Processing file /home/AtlasRise/airflow/airflow_env/lib/python3.12/site-packages/airflow/example_dags/example_complex.py for tasks to queue
[2024-11-18T21:10:42.436+0500] {logging_mixin.py:190} INFO - [2024-11-18T21:10:42.436+0500] {dagbag.py:588} INFO - Filling up the DagBag from /home/AtlasRise/airflow/airflow_env/lib/python3.12/site-packages/airflow/example_dags/example_complex.py
[2024-11-18T21:10:42.456+0500] {processor.py:925} INFO - DAG(s) 'example_complex' retrieved from /home/AtlasRise/airflow/airflow_env/lib/python3.12/site-packages/airflow/example_dags/example_complex.py
[2024-11-18T21:10:42.501+0500] {logging_mixin.py:190} INFO - [2024-11-18T21:10:42.501+0500] {dag.py:3239} INFO - Sync 1 DAGs
[2024-11-18T21:10:42.522+0500] {logging_mixin.py:190} INFO - [2024-11-18T21:10:42.522+0500] {dag.py:4180} INFO - Setting next_dagrun for example_complex to None, run_after=None
[2024-11-18T21:10:42.556+0500] {processor.py:208} INFO - Processing /home/AtlasRise/airflow/airflow_env/lib/python3.12/site-packages/airflow/example_dags/example_complex.py took 0.134 seconds
[2024-11-18T21:12:08.463+0500] {processor.py:186} INFO - Started process (PID=21491) to work on /home/AtlasRise/airflow/airflow_env/lib/python3.12/site-packages/airflow/example_dags/example_complex.py
[2024-11-18T21:12:08.466+0500] {processor.py:914} INFO - Processing file /home/AtlasRise/airflow/airflow_env/lib/python3.12/site-packages/airflow/example_dags/example_complex.py for tasks to queue
[2024-11-18T21:12:08.470+0500] {logging_mixin.py:190} INFO - [2024-11-18T21:12:08.469+0500] {dagbag.py:588} INFO - Filling up the DagBag from /home/AtlasRise/airflow/airflow_env/lib/python3.12/site-packages/airflow/example_dags/example_complex.py
[2024-11-18T21:12:08.492+0500] {processor.py:925} INFO - DAG(s) 'example_complex' retrieved from /home/AtlasRise/airflow/airflow_env/lib/python3.12/site-packages/airflow/example_dags/example_complex.py
[2024-11-18T21:12:08.540+0500] {logging_mixin.py:190} INFO - [2024-11-18T21:12:08.540+0500] {dag.py:3239} INFO - Sync 1 DAGs
[2024-11-18T21:12:08.565+0500] {logging_mixin.py:190} INFO - [2024-11-18T21:12:08.564+0500] {dag.py:4180} INFO - Setting next_dagrun for example_complex to None, run_after=None
[2024-11-18T21:12:08.602+0500] {processor.py:208} INFO - Processing /home/AtlasRise/airflow/airflow_env/lib/python3.12/site-packages/airflow/example_dags/example_complex.py took 0.148 seconds
[2024-11-18T21:13:38.405+0500] {processor.py:186} INFO - Started process (PID=21603) to work on /home/AtlasRise/airflow/airflow_env/lib/python3.12/site-packages/airflow/example_dags/example_complex.py
[2024-11-18T21:13:38.408+0500] {processor.py:914} INFO - Processing file /home/AtlasRise/airflow/airflow_env/lib/python3.12/site-packages/airflow/example_dags/example_complex.py for tasks to queue
[2024-11-18T21:13:38.411+0500] {logging_mixin.py:190} INFO - [2024-11-18T21:13:38.411+0500] {dagbag.py:588} INFO - Filling up the DagBag from /home/AtlasRise/airflow/airflow_env/lib/python3.12/site-packages/airflow/example_dags/example_complex.py
[2024-11-18T21:13:38.432+0500] {processor.py:925} INFO - DAG(s) 'example_complex' retrieved from /home/AtlasRise/airflow/airflow_env/lib/python3.12/site-packages/airflow/example_dags/example_complex.py
[2024-11-18T21:13:38.479+0500] {logging_mixin.py:190} INFO - [2024-11-18T21:13:38.479+0500] {dag.py:3239} INFO - Sync 1 DAGs
[2024-11-18T21:13:38.502+0500] {logging_mixin.py:190} INFO - [2024-11-18T21:13:38.502+0500] {dag.py:4180} INFO - Setting next_dagrun for example_complex to None, run_after=None
[2024-11-18T21:13:38.539+0500] {processor.py:208} INFO - Processing /home/AtlasRise/airflow/airflow_env/lib/python3.12/site-packages/airflow/example_dags/example_complex.py took 0.143 seconds
[2024-11-18T21:15:06.149+0500] {processor.py:186} INFO - Started process (PID=21726) to work on /home/AtlasRise/airflow/airflow_env/lib/python3.12/site-packages/airflow/example_dags/example_complex.py
[2024-11-18T21:15:06.151+0500] {processor.py:914} INFO - Processing file /home/AtlasRise/airflow/airflow_env/lib/python3.12/site-packages/airflow/example_dags/example_complex.py for tasks to queue
[2024-11-18T21:15:06.153+0500] {logging_mixin.py:190} INFO - [2024-11-18T21:15:06.153+0500] {dagbag.py:588} INFO - Filling up the DagBag from /home/AtlasRise/airflow/airflow_env/lib/python3.12/site-packages/airflow/example_dags/example_complex.py
[2024-11-18T21:15:06.173+0500] {processor.py:925} INFO - DAG(s) 'example_complex' retrieved from /home/AtlasRise/airflow/airflow_env/lib/python3.12/site-packages/airflow/example_dags/example_complex.py
[2024-11-18T21:15:06.218+0500] {logging_mixin.py:190} INFO - [2024-11-18T21:15:06.217+0500] {dag.py:3239} INFO - Sync 1 DAGs
[2024-11-18T21:15:06.240+0500] {logging_mixin.py:190} INFO - [2024-11-18T21:15:06.239+0500] {dag.py:4180} INFO - Setting next_dagrun for example_complex to None, run_after=None
[2024-11-18T21:15:06.274+0500] {processor.py:208} INFO - Processing /home/AtlasRise/airflow/airflow_env/lib/python3.12/site-packages/airflow/example_dags/example_complex.py took 0.133 seconds
[2024-11-18T21:16:39.751+0500] {processor.py:186} INFO - Started process (PID=21843) to work on /home/AtlasRise/airflow/airflow_env/lib/python3.12/site-packages/airflow/example_dags/example_complex.py
[2024-11-18T21:16:39.752+0500] {processor.py:914} INFO - Processing file /home/AtlasRise/airflow/airflow_env/lib/python3.12/site-packages/airflow/example_dags/example_complex.py for tasks to queue
[2024-11-18T21:16:39.755+0500] {logging_mixin.py:190} INFO - [2024-11-18T21:16:39.755+0500] {dagbag.py:588} INFO - Filling up the DagBag from /home/AtlasRise/airflow/airflow_env/lib/python3.12/site-packages/airflow/example_dags/example_complex.py
[2024-11-18T21:16:39.775+0500] {processor.py:925} INFO - DAG(s) 'example_complex' retrieved from /home/AtlasRise/airflow/airflow_env/lib/python3.12/site-packages/airflow/example_dags/example_complex.py
[2024-11-18T21:16:39.820+0500] {logging_mixin.py:190} INFO - [2024-11-18T21:16:39.820+0500] {dag.py:3239} INFO - Sync 1 DAGs
[2024-11-18T21:16:39.842+0500] {logging_mixin.py:190} INFO - [2024-11-18T21:16:39.841+0500] {dag.py:4180} INFO - Setting next_dagrun for example_complex to None, run_after=None
[2024-11-18T21:16:39.877+0500] {processor.py:208} INFO - Processing /home/AtlasRise/airflow/airflow_env/lib/python3.12/site-packages/airflow/example_dags/example_complex.py took 0.134 seconds
[2024-11-18T21:18:36.487+0500] {processor.py:186} INFO - Started process (PID=22021) to work on /home/AtlasRise/airflow/airflow_env/lib/python3.12/site-packages/airflow/example_dags/example_complex.py
[2024-11-18T21:18:36.489+0500] {processor.py:914} INFO - Processing file /home/AtlasRise/airflow/airflow_env/lib/python3.12/site-packages/airflow/example_dags/example_complex.py for tasks to queue
[2024-11-18T21:18:36.493+0500] {logging_mixin.py:190} INFO - [2024-11-18T21:18:36.493+0500] {dagbag.py:588} INFO - Filling up the DagBag from /home/AtlasRise/airflow/airflow_env/lib/python3.12/site-packages/airflow/example_dags/example_complex.py
[2024-11-18T21:18:36.514+0500] {processor.py:925} INFO - DAG(s) 'example_complex' retrieved from /home/AtlasRise/airflow/airflow_env/lib/python3.12/site-packages/airflow/example_dags/example_complex.py
[2024-11-18T21:18:36.561+0500] {logging_mixin.py:190} INFO - [2024-11-18T21:18:36.561+0500] {dag.py:3239} INFO - Sync 1 DAGs
[2024-11-18T21:18:36.585+0500] {logging_mixin.py:190} INFO - [2024-11-18T21:18:36.585+0500] {dag.py:4180} INFO - Setting next_dagrun for example_complex to None, run_after=None
[2024-11-18T21:18:36.621+0500] {processor.py:208} INFO - Processing /home/AtlasRise/airflow/airflow_env/lib/python3.12/site-packages/airflow/example_dags/example_complex.py took 0.142 seconds
[2024-11-18T21:20:15.448+0500] {processor.py:186} INFO - Started process (PID=22145) to work on /home/AtlasRise/airflow/airflow_env/lib/python3.12/site-packages/airflow/example_dags/example_complex.py
[2024-11-18T21:20:15.449+0500] {processor.py:914} INFO - Processing file /home/AtlasRise/airflow/airflow_env/lib/python3.12/site-packages/airflow/example_dags/example_complex.py for tasks to queue
[2024-11-18T21:20:15.452+0500] {logging_mixin.py:190} INFO - [2024-11-18T21:20:15.451+0500] {dagbag.py:588} INFO - Filling up the DagBag from /home/AtlasRise/airflow/airflow_env/lib/python3.12/site-packages/airflow/example_dags/example_complex.py
[2024-11-18T21:20:15.472+0500] {processor.py:925} INFO - DAG(s) 'example_complex' retrieved from /home/AtlasRise/airflow/airflow_env/lib/python3.12/site-packages/airflow/example_dags/example_complex.py
[2024-11-18T21:20:15.515+0500] {logging_mixin.py:190} INFO - [2024-11-18T21:20:15.515+0500] {dag.py:3239} INFO - Sync 1 DAGs
[2024-11-18T21:20:15.537+0500] {logging_mixin.py:190} INFO - [2024-11-18T21:20:15.536+0500] {dag.py:4180} INFO - Setting next_dagrun for example_complex to None, run_after=None
[2024-11-18T21:20:15.569+0500] {processor.py:208} INFO - Processing /home/AtlasRise/airflow/airflow_env/lib/python3.12/site-packages/airflow/example_dags/example_complex.py took 0.130 seconds
[2024-11-18T21:21:27.282+0500] {processor.py:186} INFO - Started process (PID=22239) to work on /home/AtlasRise/airflow/airflow_env/lib/python3.12/site-packages/airflow/example_dags/example_complex.py
[2024-11-18T21:21:27.284+0500] {processor.py:914} INFO - Processing file /home/AtlasRise/airflow/airflow_env/lib/python3.12/site-packages/airflow/example_dags/example_complex.py for tasks to queue
[2024-11-18T21:21:27.286+0500] {logging_mixin.py:190} INFO - [2024-11-18T21:21:27.286+0500] {dagbag.py:588} INFO - Filling up the DagBag from /home/AtlasRise/airflow/airflow_env/lib/python3.12/site-packages/airflow/example_dags/example_complex.py
[2024-11-18T21:21:27.306+0500] {processor.py:925} INFO - DAG(s) 'example_complex' retrieved from /home/AtlasRise/airflow/airflow_env/lib/python3.12/site-packages/airflow/example_dags/example_complex.py
[2024-11-18T21:21:27.350+0500] {logging_mixin.py:190} INFO - [2024-11-18T21:21:27.350+0500] {dag.py:3239} INFO - Sync 1 DAGs
[2024-11-18T21:21:27.372+0500] {logging_mixin.py:190} INFO - [2024-11-18T21:21:27.371+0500] {dag.py:4180} INFO - Setting next_dagrun for example_complex to None, run_after=None
[2024-11-18T21:21:27.441+0500] {processor.py:208} INFO - Processing /home/AtlasRise/airflow/airflow_env/lib/python3.12/site-packages/airflow/example_dags/example_complex.py took 0.167 seconds
[2024-11-18T21:22:37.720+0500] {processor.py:186} INFO - Started process (PID=22316) to work on /home/AtlasRise/airflow/airflow_env/lib/python3.12/site-packages/airflow/example_dags/example_complex.py
[2024-11-18T21:22:37.722+0500] {processor.py:914} INFO - Processing file /home/AtlasRise/airflow/airflow_env/lib/python3.12/site-packages/airflow/example_dags/example_complex.py for tasks to queue
[2024-11-18T21:22:37.725+0500] {logging_mixin.py:190} INFO - [2024-11-18T21:22:37.725+0500] {dagbag.py:588} INFO - Filling up the DagBag from /home/AtlasRise/airflow/airflow_env/lib/python3.12/site-packages/airflow/example_dags/example_complex.py
[2024-11-18T21:22:37.746+0500] {processor.py:925} INFO - DAG(s) 'example_complex' retrieved from /home/AtlasRise/airflow/airflow_env/lib/python3.12/site-packages/airflow/example_dags/example_complex.py
[2024-11-18T21:22:37.790+0500] {logging_mixin.py:190} INFO - [2024-11-18T21:22:37.790+0500] {dag.py:3239} INFO - Sync 1 DAGs
[2024-11-18T21:22:37.811+0500] {logging_mixin.py:190} INFO - [2024-11-18T21:22:37.811+0500] {dag.py:4180} INFO - Setting next_dagrun for example_complex to None, run_after=None
[2024-11-18T21:22:37.844+0500] {processor.py:208} INFO - Processing /home/AtlasRise/airflow/airflow_env/lib/python3.12/site-packages/airflow/example_dags/example_complex.py took 0.133 seconds
