[2024-11-18T20:40:39.097+0500] {processor.py:186} INFO - Started process (PID=18930) to work on /home/AtlasRise/airflow/airflow_env/lib/python3.12/site-packages/airflow/example_dags/example_python_operator.py
[2024-11-18T20:40:39.099+0500] {processor.py:914} INFO - Processing file /home/AtlasRise/airflow/airflow_env/lib/python3.12/site-packages/airflow/example_dags/example_python_operator.py for tasks to queue
[2024-11-18T20:40:39.105+0500] {logging_mixin.py:190} INFO - [2024-11-18T20:40:39.102+0500] {dagbag.py:588} INFO - Filling up the DagBag from /home/AtlasRise/airflow/airflow_env/lib/python3.12/site-packages/airflow/example_dags/example_python_operator.py
[2024-11-18T20:40:39.117+0500] {logging_mixin.py:190} INFO - [2024-11-18T20:40:39.116+0500] {example_python_operator.py:93} WARNING - The virtalenv_python example task requires virtualenv, please install it.
[2024-11-18T20:40:39.121+0500] {processor.py:925} INFO - DAG(s) 'example_python_operator' retrieved from /home/AtlasRise/airflow/airflow_env/lib/python3.12/site-packages/airflow/example_dags/example_python_operator.py
[2024-11-18T20:40:39.365+0500] {logging_mixin.py:190} INFO - [2024-11-18T20:40:39.364+0500] {override.py:1911} INFO - Created Permission View: can read on DAG:example_python_operator
[2024-11-18T20:40:39.384+0500] {logging_mixin.py:190} INFO - [2024-11-18T20:40:39.383+0500] {override.py:1911} INFO - Created Permission View: can edit on DAG:example_python_operator
[2024-11-18T20:40:39.402+0500] {logging_mixin.py:190} INFO - [2024-11-18T20:40:39.402+0500] {override.py:1911} INFO - Created Permission View: can delete on DAG:example_python_operator
[2024-11-18T20:40:39.426+0500] {logging_mixin.py:190} INFO - [2024-11-18T20:40:39.425+0500] {override.py:1911} INFO - Created Permission View: can read on DAG Run:example_python_operator
[2024-11-18T20:40:39.440+0500] {logging_mixin.py:190} INFO - [2024-11-18T20:40:39.439+0500] {override.py:1911} INFO - Created Permission View: can create on DAG Run:example_python_operator
[2024-11-18T20:40:39.459+0500] {logging_mixin.py:190} INFO - [2024-11-18T20:40:39.457+0500] {override.py:1911} INFO - Created Permission View: can delete on DAG Run:example_python_operator
[2024-11-18T20:40:39.476+0500] {logging_mixin.py:190} INFO - [2024-11-18T20:40:39.475+0500] {override.py:1911} INFO - Created Permission View: menu access on DAG Run:example_python_operator
[2024-11-18T20:40:39.476+0500] {logging_mixin.py:190} INFO - [2024-11-18T20:40:39.476+0500] {dag.py:3239} INFO - Sync 1 DAGs
[2024-11-18T20:40:39.508+0500] {logging_mixin.py:190} INFO - [2024-11-18T20:40:39.506+0500] {dag.py:3262} INFO - Creating ORM DAG for example_python_operator
[2024-11-18T20:40:39.509+0500] {logging_mixin.py:190} INFO - [2024-11-18T20:40:39.509+0500] {dag.py:4180} INFO - Setting next_dagrun for example_python_operator to None, run_after=None
[2024-11-18T20:40:39.544+0500] {processor.py:208} INFO - Processing /home/AtlasRise/airflow/airflow_env/lib/python3.12/site-packages/airflow/example_dags/example_python_operator.py took 0.455 seconds
[2024-11-18T20:41:50.691+0500] {processor.py:186} INFO - Started process (PID=19105) to work on /home/AtlasRise/airflow/airflow_env/lib/python3.12/site-packages/airflow/example_dags/example_python_operator.py
[2024-11-18T20:41:50.692+0500] {processor.py:914} INFO - Processing file /home/AtlasRise/airflow/airflow_env/lib/python3.12/site-packages/airflow/example_dags/example_python_operator.py for tasks to queue
[2024-11-18T20:41:50.695+0500] {logging_mixin.py:190} INFO - [2024-11-18T20:41:50.695+0500] {dagbag.py:588} INFO - Filling up the DagBag from /home/AtlasRise/airflow/airflow_env/lib/python3.12/site-packages/airflow/example_dags/example_python_operator.py
[2024-11-18T20:41:50.705+0500] {logging_mixin.py:190} INFO - [2024-11-18T20:41:50.705+0500] {example_python_operator.py:93} WARNING - The virtalenv_python example task requires virtualenv, please install it.
[2024-11-18T20:41:50.709+0500] {processor.py:925} INFO - DAG(s) 'example_python_operator' retrieved from /home/AtlasRise/airflow/airflow_env/lib/python3.12/site-packages/airflow/example_dags/example_python_operator.py
[2024-11-18T20:41:50.735+0500] {logging_mixin.py:190} INFO - [2024-11-18T20:41:50.735+0500] {dag.py:3239} INFO - Sync 1 DAGs
[2024-11-18T20:41:50.755+0500] {logging_mixin.py:190} INFO - [2024-11-18T20:41:50.755+0500] {dag.py:4180} INFO - Setting next_dagrun for example_python_operator to None, run_after=None
[2024-11-18T20:41:50.791+0500] {processor.py:208} INFO - Processing /home/AtlasRise/airflow/airflow_env/lib/python3.12/site-packages/airflow/example_dags/example_python_operator.py took 0.108 seconds
[2024-11-18T20:43:01.073+0500] {processor.py:186} INFO - Started process (PID=19189) to work on /home/AtlasRise/airflow/airflow_env/lib/python3.12/site-packages/airflow/example_dags/example_python_operator.py
[2024-11-18T20:43:01.074+0500] {processor.py:914} INFO - Processing file /home/AtlasRise/airflow/airflow_env/lib/python3.12/site-packages/airflow/example_dags/example_python_operator.py for tasks to queue
[2024-11-18T20:43:01.079+0500] {logging_mixin.py:190} INFO - [2024-11-18T20:43:01.077+0500] {dagbag.py:588} INFO - Filling up the DagBag from /home/AtlasRise/airflow/airflow_env/lib/python3.12/site-packages/airflow/example_dags/example_python_operator.py
[2024-11-18T20:43:01.090+0500] {logging_mixin.py:190} INFO - [2024-11-18T20:43:01.089+0500] {example_python_operator.py:93} WARNING - The virtalenv_python example task requires virtualenv, please install it.
[2024-11-18T20:43:01.097+0500] {processor.py:925} INFO - DAG(s) 'example_python_operator' retrieved from /home/AtlasRise/airflow/airflow_env/lib/python3.12/site-packages/airflow/example_dags/example_python_operator.py
[2024-11-18T20:43:01.123+0500] {logging_mixin.py:190} INFO - [2024-11-18T20:43:01.123+0500] {dag.py:3239} INFO - Sync 1 DAGs
[2024-11-18T20:43:01.143+0500] {logging_mixin.py:190} INFO - [2024-11-18T20:43:01.142+0500] {dag.py:4180} INFO - Setting next_dagrun for example_python_operator to None, run_after=None
[2024-11-18T20:43:01.189+0500] {processor.py:208} INFO - Processing /home/AtlasRise/airflow/airflow_env/lib/python3.12/site-packages/airflow/example_dags/example_python_operator.py took 0.125 seconds
[2024-11-18T20:44:08.190+0500] {processor.py:186} INFO - Started process (PID=19272) to work on /home/AtlasRise/airflow/airflow_env/lib/python3.12/site-packages/airflow/example_dags/example_python_operator.py
[2024-11-18T20:44:08.193+0500] {processor.py:914} INFO - Processing file /home/AtlasRise/airflow/airflow_env/lib/python3.12/site-packages/airflow/example_dags/example_python_operator.py for tasks to queue
[2024-11-18T20:44:08.196+0500] {logging_mixin.py:190} INFO - [2024-11-18T20:44:08.195+0500] {dagbag.py:588} INFO - Filling up the DagBag from /home/AtlasRise/airflow/airflow_env/lib/python3.12/site-packages/airflow/example_dags/example_python_operator.py
[2024-11-18T20:44:08.206+0500] {logging_mixin.py:190} INFO - [2024-11-18T20:44:08.205+0500] {example_python_operator.py:93} WARNING - The virtalenv_python example task requires virtualenv, please install it.
[2024-11-18T20:44:08.209+0500] {processor.py:925} INFO - DAG(s) 'example_python_operator' retrieved from /home/AtlasRise/airflow/airflow_env/lib/python3.12/site-packages/airflow/example_dags/example_python_operator.py
[2024-11-18T20:44:08.235+0500] {logging_mixin.py:190} INFO - [2024-11-18T20:44:08.235+0500] {dag.py:3239} INFO - Sync 1 DAGs
[2024-11-18T20:44:08.255+0500] {logging_mixin.py:190} INFO - [2024-11-18T20:44:08.255+0500] {dag.py:4180} INFO - Setting next_dagrun for example_python_operator to None, run_after=None
[2024-11-18T20:44:08.288+0500] {processor.py:208} INFO - Processing /home/AtlasRise/airflow/airflow_env/lib/python3.12/site-packages/airflow/example_dags/example_python_operator.py took 0.106 seconds
[2024-11-18T20:45:12.670+0500] {processor.py:186} INFO - Started process (PID=19343) to work on /home/AtlasRise/airflow/airflow_env/lib/python3.12/site-packages/airflow/example_dags/example_python_operator.py
[2024-11-18T20:45:12.673+0500] {processor.py:914} INFO - Processing file /home/AtlasRise/airflow/airflow_env/lib/python3.12/site-packages/airflow/example_dags/example_python_operator.py for tasks to queue
[2024-11-18T20:45:12.676+0500] {logging_mixin.py:190} INFO - [2024-11-18T20:45:12.675+0500] {dagbag.py:588} INFO - Filling up the DagBag from /home/AtlasRise/airflow/airflow_env/lib/python3.12/site-packages/airflow/example_dags/example_python_operator.py
[2024-11-18T20:45:12.686+0500] {logging_mixin.py:190} INFO - [2024-11-18T20:45:12.685+0500] {example_python_operator.py:93} WARNING - The virtalenv_python example task requires virtualenv, please install it.
[2024-11-18T20:45:12.689+0500] {processor.py:925} INFO - DAG(s) 'example_python_operator' retrieved from /home/AtlasRise/airflow/airflow_env/lib/python3.12/site-packages/airflow/example_dags/example_python_operator.py
[2024-11-18T20:45:12.716+0500] {logging_mixin.py:190} INFO - [2024-11-18T20:45:12.715+0500] {dag.py:3239} INFO - Sync 1 DAGs
[2024-11-18T20:45:12.738+0500] {logging_mixin.py:190} INFO - [2024-11-18T20:45:12.737+0500] {dag.py:4180} INFO - Setting next_dagrun for example_python_operator to None, run_after=None
[2024-11-18T20:45:12.780+0500] {processor.py:208} INFO - Processing /home/AtlasRise/airflow/airflow_env/lib/python3.12/site-packages/airflow/example_dags/example_python_operator.py took 0.118 seconds
[2024-11-18T20:46:32.583+0500] {processor.py:186} INFO - Started process (PID=19557) to work on /home/AtlasRise/airflow/airflow_env/lib/python3.12/site-packages/airflow/example_dags/example_python_operator.py
[2024-11-18T20:46:32.586+0500] {processor.py:914} INFO - Processing file /home/AtlasRise/airflow/airflow_env/lib/python3.12/site-packages/airflow/example_dags/example_python_operator.py for tasks to queue
[2024-11-18T20:46:32.590+0500] {logging_mixin.py:190} INFO - [2024-11-18T20:46:32.589+0500] {dagbag.py:588} INFO - Filling up the DagBag from /home/AtlasRise/airflow/airflow_env/lib/python3.12/site-packages/airflow/example_dags/example_python_operator.py
[2024-11-18T20:46:32.600+0500] {logging_mixin.py:190} INFO - [2024-11-18T20:46:32.600+0500] {example_python_operator.py:93} WARNING - The virtalenv_python example task requires virtualenv, please install it.
[2024-11-18T20:46:32.604+0500] {processor.py:925} INFO - DAG(s) 'example_python_operator' retrieved from /home/AtlasRise/airflow/airflow_env/lib/python3.12/site-packages/airflow/example_dags/example_python_operator.py
[2024-11-18T20:46:32.631+0500] {logging_mixin.py:190} INFO - [2024-11-18T20:46:32.631+0500] {dag.py:3239} INFO - Sync 1 DAGs
[2024-11-18T20:46:32.655+0500] {logging_mixin.py:190} INFO - [2024-11-18T20:46:32.655+0500] {dag.py:4180} INFO - Setting next_dagrun for example_python_operator to None, run_after=None
[2024-11-18T20:46:32.691+0500] {processor.py:208} INFO - Processing /home/AtlasRise/airflow/airflow_env/lib/python3.12/site-packages/airflow/example_dags/example_python_operator.py took 0.117 seconds
[2024-11-18T20:47:43.210+0500] {processor.py:186} INFO - Started process (PID=19688) to work on /home/AtlasRise/airflow/airflow_env/lib/python3.12/site-packages/airflow/example_dags/example_python_operator.py
[2024-11-18T20:47:43.215+0500] {processor.py:914} INFO - Processing file /home/AtlasRise/airflow/airflow_env/lib/python3.12/site-packages/airflow/example_dags/example_python_operator.py for tasks to queue
[2024-11-18T20:47:43.222+0500] {logging_mixin.py:190} INFO - [2024-11-18T20:47:43.221+0500] {dagbag.py:588} INFO - Filling up the DagBag from /home/AtlasRise/airflow/airflow_env/lib/python3.12/site-packages/airflow/example_dags/example_python_operator.py
[2024-11-18T20:47:43.244+0500] {logging_mixin.py:190} INFO - [2024-11-18T20:47:43.243+0500] {example_python_operator.py:93} WARNING - The virtalenv_python example task requires virtualenv, please install it.
[2024-11-18T20:47:43.251+0500] {processor.py:925} INFO - DAG(s) 'example_python_operator' retrieved from /home/AtlasRise/airflow/airflow_env/lib/python3.12/site-packages/airflow/example_dags/example_python_operator.py
[2024-11-18T20:47:43.293+0500] {logging_mixin.py:190} INFO - [2024-11-18T20:47:43.292+0500] {dag.py:3239} INFO - Sync 1 DAGs
[2024-11-18T20:47:43.357+0500] {logging_mixin.py:190} INFO - [2024-11-18T20:47:43.350+0500] {dag.py:4180} INFO - Setting next_dagrun for example_python_operator to None, run_after=None
[2024-11-18T20:47:43.468+0500] {processor.py:208} INFO - Processing /home/AtlasRise/airflow/airflow_env/lib/python3.12/site-packages/airflow/example_dags/example_python_operator.py took 0.313 seconds
[2024-11-18T20:48:47.092+0500] {processor.py:186} INFO - Started process (PID=19800) to work on /home/AtlasRise/airflow/airflow_env/lib/python3.12/site-packages/airflow/example_dags/example_python_operator.py
[2024-11-18T20:48:47.094+0500] {processor.py:914} INFO - Processing file /home/AtlasRise/airflow/airflow_env/lib/python3.12/site-packages/airflow/example_dags/example_python_operator.py for tasks to queue
[2024-11-18T20:48:47.097+0500] {logging_mixin.py:190} INFO - [2024-11-18T20:48:47.097+0500] {dagbag.py:588} INFO - Filling up the DagBag from /home/AtlasRise/airflow/airflow_env/lib/python3.12/site-packages/airflow/example_dags/example_python_operator.py
[2024-11-18T20:48:47.110+0500] {logging_mixin.py:190} INFO - [2024-11-18T20:48:47.109+0500] {example_python_operator.py:93} WARNING - The virtalenv_python example task requires virtualenv, please install it.
[2024-11-18T20:48:47.114+0500] {processor.py:925} INFO - DAG(s) 'example_python_operator' retrieved from /home/AtlasRise/airflow/airflow_env/lib/python3.12/site-packages/airflow/example_dags/example_python_operator.py
[2024-11-18T20:48:47.142+0500] {logging_mixin.py:190} INFO - [2024-11-18T20:48:47.142+0500] {dag.py:3239} INFO - Sync 1 DAGs
[2024-11-18T20:48:47.164+0500] {logging_mixin.py:190} INFO - [2024-11-18T20:48:47.164+0500] {dag.py:4180} INFO - Setting next_dagrun for example_python_operator to None, run_after=None
[2024-11-18T20:48:47.198+0500] {processor.py:208} INFO - Processing /home/AtlasRise/airflow/airflow_env/lib/python3.12/site-packages/airflow/example_dags/example_python_operator.py took 0.114 seconds
[2024-11-18T20:49:55.955+0500] {processor.py:186} INFO - Started process (PID=19875) to work on /home/AtlasRise/airflow/airflow_env/lib/python3.12/site-packages/airflow/example_dags/example_python_operator.py
[2024-11-18T20:49:55.956+0500] {processor.py:914} INFO - Processing file /home/AtlasRise/airflow/airflow_env/lib/python3.12/site-packages/airflow/example_dags/example_python_operator.py for tasks to queue
[2024-11-18T20:49:55.959+0500] {logging_mixin.py:190} INFO - [2024-11-18T20:49:55.959+0500] {dagbag.py:588} INFO - Filling up the DagBag from /home/AtlasRise/airflow/airflow_env/lib/python3.12/site-packages/airflow/example_dags/example_python_operator.py
[2024-11-18T20:49:55.970+0500] {logging_mixin.py:190} INFO - [2024-11-18T20:49:55.969+0500] {example_python_operator.py:93} WARNING - The virtalenv_python example task requires virtualenv, please install it.
[2024-11-18T20:49:55.973+0500] {processor.py:925} INFO - DAG(s) 'example_python_operator' retrieved from /home/AtlasRise/airflow/airflow_env/lib/python3.12/site-packages/airflow/example_dags/example_python_operator.py
[2024-11-18T20:49:55.999+0500] {logging_mixin.py:190} INFO - [2024-11-18T20:49:55.999+0500] {dag.py:3239} INFO - Sync 1 DAGs
[2024-11-18T20:49:56.020+0500] {logging_mixin.py:190} INFO - [2024-11-18T20:49:56.020+0500] {dag.py:4180} INFO - Setting next_dagrun for example_python_operator to None, run_after=None
[2024-11-18T20:49:56.060+0500] {processor.py:208} INFO - Processing /home/AtlasRise/airflow/airflow_env/lib/python3.12/site-packages/airflow/example_dags/example_python_operator.py took 0.114 seconds
[2024-11-18T20:51:07.638+0500] {processor.py:186} INFO - Started process (PID=19948) to work on /home/AtlasRise/airflow/airflow_env/lib/python3.12/site-packages/airflow/example_dags/example_python_operator.py
[2024-11-18T20:51:07.639+0500] {processor.py:914} INFO - Processing file /home/AtlasRise/airflow/airflow_env/lib/python3.12/site-packages/airflow/example_dags/example_python_operator.py for tasks to queue
[2024-11-18T20:51:07.642+0500] {logging_mixin.py:190} INFO - [2024-11-18T20:51:07.642+0500] {dagbag.py:588} INFO - Filling up the DagBag from /home/AtlasRise/airflow/airflow_env/lib/python3.12/site-packages/airflow/example_dags/example_python_operator.py
[2024-11-18T20:51:07.652+0500] {logging_mixin.py:190} INFO - [2024-11-18T20:51:07.652+0500] {example_python_operator.py:93} WARNING - The virtalenv_python example task requires virtualenv, please install it.
[2024-11-18T20:51:07.656+0500] {processor.py:925} INFO - DAG(s) 'example_python_operator' retrieved from /home/AtlasRise/airflow/airflow_env/lib/python3.12/site-packages/airflow/example_dags/example_python_operator.py
[2024-11-18T20:51:07.682+0500] {logging_mixin.py:190} INFO - [2024-11-18T20:51:07.682+0500] {dag.py:3239} INFO - Sync 1 DAGs
[2024-11-18T20:51:07.704+0500] {logging_mixin.py:190} INFO - [2024-11-18T20:51:07.703+0500] {dag.py:4180} INFO - Setting next_dagrun for example_python_operator to None, run_after=None
[2024-11-18T20:51:07.737+0500] {processor.py:208} INFO - Processing /home/AtlasRise/airflow/airflow_env/lib/python3.12/site-packages/airflow/example_dags/example_python_operator.py took 0.108 seconds
[2024-11-18T20:52:18.652+0500] {processor.py:186} INFO - Started process (PID=20034) to work on /home/AtlasRise/airflow/airflow_env/lib/python3.12/site-packages/airflow/example_dags/example_python_operator.py
[2024-11-18T20:52:18.653+0500] {processor.py:914} INFO - Processing file /home/AtlasRise/airflow/airflow_env/lib/python3.12/site-packages/airflow/example_dags/example_python_operator.py for tasks to queue
[2024-11-18T20:52:18.656+0500] {logging_mixin.py:190} INFO - [2024-11-18T20:52:18.655+0500] {dagbag.py:588} INFO - Filling up the DagBag from /home/AtlasRise/airflow/airflow_env/lib/python3.12/site-packages/airflow/example_dags/example_python_operator.py
[2024-11-18T20:52:18.666+0500] {logging_mixin.py:190} INFO - [2024-11-18T20:52:18.665+0500] {example_python_operator.py:93} WARNING - The virtalenv_python example task requires virtualenv, please install it.
[2024-11-18T20:52:18.669+0500] {processor.py:925} INFO - DAG(s) 'example_python_operator' retrieved from /home/AtlasRise/airflow/airflow_env/lib/python3.12/site-packages/airflow/example_dags/example_python_operator.py
[2024-11-18T20:52:18.695+0500] {logging_mixin.py:190} INFO - [2024-11-18T20:52:18.694+0500] {dag.py:3239} INFO - Sync 1 DAGs
[2024-11-18T20:52:18.716+0500] {logging_mixin.py:190} INFO - [2024-11-18T20:52:18.716+0500] {dag.py:4180} INFO - Setting next_dagrun for example_python_operator to None, run_after=None
[2024-11-18T20:52:18.749+0500] {processor.py:208} INFO - Processing /home/AtlasRise/airflow/airflow_env/lib/python3.12/site-packages/airflow/example_dags/example_python_operator.py took 0.105 seconds
[2024-11-18T20:53:25.339+0500] {processor.py:186} INFO - Started process (PID=20107) to work on /home/AtlasRise/airflow/airflow_env/lib/python3.12/site-packages/airflow/example_dags/example_python_operator.py
[2024-11-18T20:53:25.342+0500] {processor.py:914} INFO - Processing file /home/AtlasRise/airflow/airflow_env/lib/python3.12/site-packages/airflow/example_dags/example_python_operator.py for tasks to queue
[2024-11-18T20:53:25.345+0500] {logging_mixin.py:190} INFO - [2024-11-18T20:53:25.345+0500] {dagbag.py:588} INFO - Filling up the DagBag from /home/AtlasRise/airflow/airflow_env/lib/python3.12/site-packages/airflow/example_dags/example_python_operator.py
[2024-11-18T20:53:25.355+0500] {logging_mixin.py:190} INFO - [2024-11-18T20:53:25.355+0500] {example_python_operator.py:93} WARNING - The virtalenv_python example task requires virtualenv, please install it.
[2024-11-18T20:53:25.359+0500] {processor.py:925} INFO - DAG(s) 'example_python_operator' retrieved from /home/AtlasRise/airflow/airflow_env/lib/python3.12/site-packages/airflow/example_dags/example_python_operator.py
[2024-11-18T20:53:25.387+0500] {logging_mixin.py:190} INFO - [2024-11-18T20:53:25.386+0500] {dag.py:3239} INFO - Sync 1 DAGs
[2024-11-18T20:53:25.408+0500] {logging_mixin.py:190} INFO - [2024-11-18T20:53:25.408+0500] {dag.py:4180} INFO - Setting next_dagrun for example_python_operator to None, run_after=None
[2024-11-18T20:53:25.442+0500] {processor.py:208} INFO - Processing /home/AtlasRise/airflow/airflow_env/lib/python3.12/site-packages/airflow/example_dags/example_python_operator.py took 0.113 seconds
[2024-11-18T20:54:37.200+0500] {processor.py:186} INFO - Started process (PID=20198) to work on /home/AtlasRise/airflow/airflow_env/lib/python3.12/site-packages/airflow/example_dags/example_python_operator.py
[2024-11-18T20:54:37.201+0500] {processor.py:914} INFO - Processing file /home/AtlasRise/airflow/airflow_env/lib/python3.12/site-packages/airflow/example_dags/example_python_operator.py for tasks to queue
[2024-11-18T20:54:37.205+0500] {logging_mixin.py:190} INFO - [2024-11-18T20:54:37.204+0500] {dagbag.py:588} INFO - Filling up the DagBag from /home/AtlasRise/airflow/airflow_env/lib/python3.12/site-packages/airflow/example_dags/example_python_operator.py
[2024-11-18T20:54:37.216+0500] {logging_mixin.py:190} INFO - [2024-11-18T20:54:37.216+0500] {example_python_operator.py:93} WARNING - The virtalenv_python example task requires virtualenv, please install it.
[2024-11-18T20:54:37.220+0500] {processor.py:925} INFO - DAG(s) 'example_python_operator' retrieved from /home/AtlasRise/airflow/airflow_env/lib/python3.12/site-packages/airflow/example_dags/example_python_operator.py
[2024-11-18T20:54:37.246+0500] {logging_mixin.py:190} INFO - [2024-11-18T20:54:37.246+0500] {dag.py:3239} INFO - Sync 1 DAGs
[2024-11-18T20:54:37.267+0500] {logging_mixin.py:190} INFO - [2024-11-18T20:54:37.266+0500] {dag.py:4180} INFO - Setting next_dagrun for example_python_operator to None, run_after=None
[2024-11-18T20:54:37.301+0500] {processor.py:208} INFO - Processing /home/AtlasRise/airflow/airflow_env/lib/python3.12/site-packages/airflow/example_dags/example_python_operator.py took 0.110 seconds
[2024-11-18T20:56:06.925+0500] {processor.py:186} INFO - Started process (PID=20290) to work on /home/AtlasRise/airflow/airflow_env/lib/python3.12/site-packages/airflow/example_dags/example_python_operator.py
[2024-11-18T20:56:06.928+0500] {processor.py:914} INFO - Processing file /home/AtlasRise/airflow/airflow_env/lib/python3.12/site-packages/airflow/example_dags/example_python_operator.py for tasks to queue
[2024-11-18T20:56:06.931+0500] {logging_mixin.py:190} INFO - [2024-11-18T20:56:06.930+0500] {dagbag.py:588} INFO - Filling up the DagBag from /home/AtlasRise/airflow/airflow_env/lib/python3.12/site-packages/airflow/example_dags/example_python_operator.py
[2024-11-18T20:56:06.942+0500] {logging_mixin.py:190} INFO - [2024-11-18T20:56:06.941+0500] {example_python_operator.py:93} WARNING - The virtalenv_python example task requires virtualenv, please install it.
[2024-11-18T20:56:06.946+0500] {processor.py:925} INFO - DAG(s) 'example_python_operator' retrieved from /home/AtlasRise/airflow/airflow_env/lib/python3.12/site-packages/airflow/example_dags/example_python_operator.py
[2024-11-18T20:56:06.975+0500] {logging_mixin.py:190} INFO - [2024-11-18T20:56:06.974+0500] {dag.py:3239} INFO - Sync 1 DAGs
[2024-11-18T20:56:06.997+0500] {logging_mixin.py:190} INFO - [2024-11-18T20:56:06.997+0500] {dag.py:4180} INFO - Setting next_dagrun for example_python_operator to None, run_after=None
[2024-11-18T20:56:07.061+0500] {processor.py:208} INFO - Processing /home/AtlasRise/airflow/airflow_env/lib/python3.12/site-packages/airflow/example_dags/example_python_operator.py took 0.145 seconds
[2024-11-18T20:57:21.324+0500] {processor.py:186} INFO - Started process (PID=20374) to work on /home/AtlasRise/airflow/airflow_env/lib/python3.12/site-packages/airflow/example_dags/example_python_operator.py
[2024-11-18T20:57:21.326+0500] {processor.py:914} INFO - Processing file /home/AtlasRise/airflow/airflow_env/lib/python3.12/site-packages/airflow/example_dags/example_python_operator.py for tasks to queue
[2024-11-18T20:57:21.329+0500] {logging_mixin.py:190} INFO - [2024-11-18T20:57:21.328+0500] {dagbag.py:588} INFO - Filling up the DagBag from /home/AtlasRise/airflow/airflow_env/lib/python3.12/site-packages/airflow/example_dags/example_python_operator.py
[2024-11-18T20:57:21.343+0500] {logging_mixin.py:190} INFO - [2024-11-18T20:57:21.342+0500] {example_python_operator.py:93} WARNING - The virtalenv_python example task requires virtualenv, please install it.
[2024-11-18T20:57:21.346+0500] {processor.py:925} INFO - DAG(s) 'example_python_operator' retrieved from /home/AtlasRise/airflow/airflow_env/lib/python3.12/site-packages/airflow/example_dags/example_python_operator.py
[2024-11-18T20:57:21.376+0500] {logging_mixin.py:190} INFO - [2024-11-18T20:57:21.375+0500] {dag.py:3239} INFO - Sync 1 DAGs
[2024-11-18T20:57:21.397+0500] {logging_mixin.py:190} INFO - [2024-11-18T20:57:21.396+0500] {dag.py:4180} INFO - Setting next_dagrun for example_python_operator to None, run_after=None
[2024-11-18T20:57:21.433+0500] {processor.py:208} INFO - Processing /home/AtlasRise/airflow/airflow_env/lib/python3.12/site-packages/airflow/example_dags/example_python_operator.py took 0.118 seconds
[2024-11-18T20:58:31.139+0500] {processor.py:186} INFO - Started process (PID=20467) to work on /home/AtlasRise/airflow/airflow_env/lib/python3.12/site-packages/airflow/example_dags/example_python_operator.py
[2024-11-18T20:58:31.141+0500] {processor.py:914} INFO - Processing file /home/AtlasRise/airflow/airflow_env/lib/python3.12/site-packages/airflow/example_dags/example_python_operator.py for tasks to queue
[2024-11-18T20:58:31.144+0500] {logging_mixin.py:190} INFO - [2024-11-18T20:58:31.143+0500] {dagbag.py:588} INFO - Filling up the DagBag from /home/AtlasRise/airflow/airflow_env/lib/python3.12/site-packages/airflow/example_dags/example_python_operator.py
[2024-11-18T20:58:31.156+0500] {logging_mixin.py:190} INFO - [2024-11-18T20:58:31.156+0500] {example_python_operator.py:93} WARNING - The virtalenv_python example task requires virtualenv, please install it.
[2024-11-18T20:58:31.160+0500] {processor.py:925} INFO - DAG(s) 'example_python_operator' retrieved from /home/AtlasRise/airflow/airflow_env/lib/python3.12/site-packages/airflow/example_dags/example_python_operator.py
[2024-11-18T20:58:31.188+0500] {logging_mixin.py:190} INFO - [2024-11-18T20:58:31.188+0500] {dag.py:3239} INFO - Sync 1 DAGs
[2024-11-18T20:58:31.210+0500] {logging_mixin.py:190} INFO - [2024-11-18T20:58:31.209+0500] {dag.py:4180} INFO - Setting next_dagrun for example_python_operator to None, run_after=None
[2024-11-18T20:58:31.243+0500] {processor.py:208} INFO - Processing /home/AtlasRise/airflow/airflow_env/lib/python3.12/site-packages/airflow/example_dags/example_python_operator.py took 0.116 seconds
[2024-11-18T20:59:40.835+0500] {processor.py:186} INFO - Started process (PID=20541) to work on /home/AtlasRise/airflow/airflow_env/lib/python3.12/site-packages/airflow/example_dags/example_python_operator.py
[2024-11-18T20:59:40.837+0500] {processor.py:914} INFO - Processing file /home/AtlasRise/airflow/airflow_env/lib/python3.12/site-packages/airflow/example_dags/example_python_operator.py for tasks to queue
[2024-11-18T20:59:40.840+0500] {logging_mixin.py:190} INFO - [2024-11-18T20:59:40.839+0500] {dagbag.py:588} INFO - Filling up the DagBag from /home/AtlasRise/airflow/airflow_env/lib/python3.12/site-packages/airflow/example_dags/example_python_operator.py
[2024-11-18T20:59:40.850+0500] {logging_mixin.py:190} INFO - [2024-11-18T20:59:40.849+0500] {example_python_operator.py:93} WARNING - The virtalenv_python example task requires virtualenv, please install it.
[2024-11-18T20:59:40.853+0500] {processor.py:925} INFO - DAG(s) 'example_python_operator' retrieved from /home/AtlasRise/airflow/airflow_env/lib/python3.12/site-packages/airflow/example_dags/example_python_operator.py
[2024-11-18T20:59:40.879+0500] {logging_mixin.py:190} INFO - [2024-11-18T20:59:40.878+0500] {dag.py:3239} INFO - Sync 1 DAGs
[2024-11-18T20:59:40.899+0500] {logging_mixin.py:190} INFO - [2024-11-18T20:59:40.899+0500] {dag.py:4180} INFO - Setting next_dagrun for example_python_operator to None, run_after=None
[2024-11-18T20:59:40.932+0500] {processor.py:208} INFO - Processing /home/AtlasRise/airflow/airflow_env/lib/python3.12/site-packages/airflow/example_dags/example_python_operator.py took 0.106 seconds
[2024-11-18T21:00:52.632+0500] {processor.py:186} INFO - Started process (PID=20614) to work on /home/AtlasRise/airflow/airflow_env/lib/python3.12/site-packages/airflow/example_dags/example_python_operator.py
[2024-11-18T21:00:52.634+0500] {processor.py:914} INFO - Processing file /home/AtlasRise/airflow/airflow_env/lib/python3.12/site-packages/airflow/example_dags/example_python_operator.py for tasks to queue
[2024-11-18T21:00:52.637+0500] {logging_mixin.py:190} INFO - [2024-11-18T21:00:52.636+0500] {dagbag.py:588} INFO - Filling up the DagBag from /home/AtlasRise/airflow/airflow_env/lib/python3.12/site-packages/airflow/example_dags/example_python_operator.py
[2024-11-18T21:00:52.647+0500] {logging_mixin.py:190} INFO - [2024-11-18T21:00:52.646+0500] {example_python_operator.py:93} WARNING - The virtalenv_python example task requires virtualenv, please install it.
[2024-11-18T21:00:52.650+0500] {processor.py:925} INFO - DAG(s) 'example_python_operator' retrieved from /home/AtlasRise/airflow/airflow_env/lib/python3.12/site-packages/airflow/example_dags/example_python_operator.py
[2024-11-18T21:00:52.676+0500] {logging_mixin.py:190} INFO - [2024-11-18T21:00:52.676+0500] {dag.py:3239} INFO - Sync 1 DAGs
[2024-11-18T21:00:52.697+0500] {logging_mixin.py:190} INFO - [2024-11-18T21:00:52.696+0500] {dag.py:4180} INFO - Setting next_dagrun for example_python_operator to None, run_after=None
[2024-11-18T21:00:52.730+0500] {processor.py:208} INFO - Processing /home/AtlasRise/airflow/airflow_env/lib/python3.12/site-packages/airflow/example_dags/example_python_operator.py took 0.107 seconds
[2024-11-18T21:01:57.960+0500] {processor.py:186} INFO - Started process (PID=20699) to work on /home/AtlasRise/airflow/airflow_env/lib/python3.12/site-packages/airflow/example_dags/example_python_operator.py
[2024-11-18T21:01:57.961+0500] {processor.py:914} INFO - Processing file /home/AtlasRise/airflow/airflow_env/lib/python3.12/site-packages/airflow/example_dags/example_python_operator.py for tasks to queue
[2024-11-18T21:01:57.965+0500] {logging_mixin.py:190} INFO - [2024-11-18T21:01:57.964+0500] {dagbag.py:588} INFO - Filling up the DagBag from /home/AtlasRise/airflow/airflow_env/lib/python3.12/site-packages/airflow/example_dags/example_python_operator.py
[2024-11-18T21:01:57.975+0500] {logging_mixin.py:190} INFO - [2024-11-18T21:01:57.974+0500] {example_python_operator.py:93} WARNING - The virtalenv_python example task requires virtualenv, please install it.
[2024-11-18T21:01:57.978+0500] {processor.py:925} INFO - DAG(s) 'example_python_operator' retrieved from /home/AtlasRise/airflow/airflow_env/lib/python3.12/site-packages/airflow/example_dags/example_python_operator.py
[2024-11-18T21:01:58.004+0500] {logging_mixin.py:190} INFO - [2024-11-18T21:01:58.004+0500] {dag.py:3239} INFO - Sync 1 DAGs
[2024-11-18T21:01:58.025+0500] {logging_mixin.py:190} INFO - [2024-11-18T21:01:58.025+0500] {dag.py:4180} INFO - Setting next_dagrun for example_python_operator to None, run_after=None
[2024-11-18T21:01:58.063+0500] {processor.py:208} INFO - Processing /home/AtlasRise/airflow/airflow_env/lib/python3.12/site-packages/airflow/example_dags/example_python_operator.py took 0.111 seconds
[2024-11-18T21:03:12.665+0500] {processor.py:186} INFO - Started process (PID=20774) to work on /home/AtlasRise/airflow/airflow_env/lib/python3.12/site-packages/airflow/example_dags/example_python_operator.py
[2024-11-18T21:03:12.668+0500] {processor.py:914} INFO - Processing file /home/AtlasRise/airflow/airflow_env/lib/python3.12/site-packages/airflow/example_dags/example_python_operator.py for tasks to queue
[2024-11-18T21:03:12.671+0500] {logging_mixin.py:190} INFO - [2024-11-18T21:03:12.671+0500] {dagbag.py:588} INFO - Filling up the DagBag from /home/AtlasRise/airflow/airflow_env/lib/python3.12/site-packages/airflow/example_dags/example_python_operator.py
[2024-11-18T21:03:12.681+0500] {logging_mixin.py:190} INFO - [2024-11-18T21:03:12.680+0500] {example_python_operator.py:93} WARNING - The virtalenv_python example task requires virtualenv, please install it.
[2024-11-18T21:03:12.684+0500] {processor.py:925} INFO - DAG(s) 'example_python_operator' retrieved from /home/AtlasRise/airflow/airflow_env/lib/python3.12/site-packages/airflow/example_dags/example_python_operator.py
[2024-11-18T21:03:12.711+0500] {logging_mixin.py:190} INFO - [2024-11-18T21:03:12.710+0500] {dag.py:3239} INFO - Sync 1 DAGs
[2024-11-18T21:03:12.732+0500] {logging_mixin.py:190} INFO - [2024-11-18T21:03:12.732+0500] {dag.py:4180} INFO - Setting next_dagrun for example_python_operator to None, run_after=None
[2024-11-18T21:03:12.767+0500] {processor.py:208} INFO - Processing /home/AtlasRise/airflow/airflow_env/lib/python3.12/site-packages/airflow/example_dags/example_python_operator.py took 0.110 seconds
[2024-11-18T21:04:18.877+0500] {processor.py:186} INFO - Started process (PID=20859) to work on /home/AtlasRise/airflow/airflow_env/lib/python3.12/site-packages/airflow/example_dags/example_python_operator.py
[2024-11-18T21:04:18.880+0500] {processor.py:914} INFO - Processing file /home/AtlasRise/airflow/airflow_env/lib/python3.12/site-packages/airflow/example_dags/example_python_operator.py for tasks to queue
[2024-11-18T21:04:18.883+0500] {logging_mixin.py:190} INFO - [2024-11-18T21:04:18.882+0500] {dagbag.py:588} INFO - Filling up the DagBag from /home/AtlasRise/airflow/airflow_env/lib/python3.12/site-packages/airflow/example_dags/example_python_operator.py
[2024-11-18T21:04:18.892+0500] {logging_mixin.py:190} INFO - [2024-11-18T21:04:18.892+0500] {example_python_operator.py:93} WARNING - The virtalenv_python example task requires virtualenv, please install it.
[2024-11-18T21:04:18.896+0500] {processor.py:925} INFO - DAG(s) 'example_python_operator' retrieved from /home/AtlasRise/airflow/airflow_env/lib/python3.12/site-packages/airflow/example_dags/example_python_operator.py
[2024-11-18T21:04:18.924+0500] {logging_mixin.py:190} INFO - [2024-11-18T21:04:18.923+0500] {dag.py:3239} INFO - Sync 1 DAGs
[2024-11-18T21:04:18.945+0500] {logging_mixin.py:190} INFO - [2024-11-18T21:04:18.945+0500] {dag.py:4180} INFO - Setting next_dagrun for example_python_operator to None, run_after=None
[2024-11-18T21:04:18.978+0500] {processor.py:208} INFO - Processing /home/AtlasRise/airflow/airflow_env/lib/python3.12/site-packages/airflow/example_dags/example_python_operator.py took 0.109 seconds
[2024-11-18T21:05:24.919+0500] {processor.py:186} INFO - Started process (PID=20945) to work on /home/AtlasRise/airflow/airflow_env/lib/python3.12/site-packages/airflow/example_dags/example_python_operator.py
[2024-11-18T21:05:24.920+0500] {processor.py:914} INFO - Processing file /home/AtlasRise/airflow/airflow_env/lib/python3.12/site-packages/airflow/example_dags/example_python_operator.py for tasks to queue
[2024-11-18T21:05:24.924+0500] {logging_mixin.py:190} INFO - [2024-11-18T21:05:24.923+0500] {dagbag.py:588} INFO - Filling up the DagBag from /home/AtlasRise/airflow/airflow_env/lib/python3.12/site-packages/airflow/example_dags/example_python_operator.py
[2024-11-18T21:05:24.935+0500] {logging_mixin.py:190} INFO - [2024-11-18T21:05:24.935+0500] {example_python_operator.py:93} WARNING - The virtalenv_python example task requires virtualenv, please install it.
[2024-11-18T21:05:24.940+0500] {processor.py:925} INFO - DAG(s) 'example_python_operator' retrieved from /home/AtlasRise/airflow/airflow_env/lib/python3.12/site-packages/airflow/example_dags/example_python_operator.py
[2024-11-18T21:05:24.968+0500] {logging_mixin.py:190} INFO - [2024-11-18T21:05:24.967+0500] {dag.py:3239} INFO - Sync 1 DAGs
[2024-11-18T21:05:24.990+0500] {logging_mixin.py:190} INFO - [2024-11-18T21:05:24.989+0500] {dag.py:4180} INFO - Setting next_dagrun for example_python_operator to None, run_after=None
[2024-11-18T21:05:25.027+0500] {processor.py:208} INFO - Processing /home/AtlasRise/airflow/airflow_env/lib/python3.12/site-packages/airflow/example_dags/example_python_operator.py took 0.117 seconds
[2024-11-18T21:06:33.374+0500] {processor.py:186} INFO - Started process (PID=21028) to work on /home/AtlasRise/airflow/airflow_env/lib/python3.12/site-packages/airflow/example_dags/example_python_operator.py
[2024-11-18T21:06:33.377+0500] {processor.py:914} INFO - Processing file /home/AtlasRise/airflow/airflow_env/lib/python3.12/site-packages/airflow/example_dags/example_python_operator.py for tasks to queue
[2024-11-18T21:06:33.380+0500] {logging_mixin.py:190} INFO - [2024-11-18T21:06:33.379+0500] {dagbag.py:588} INFO - Filling up the DagBag from /home/AtlasRise/airflow/airflow_env/lib/python3.12/site-packages/airflow/example_dags/example_python_operator.py
[2024-11-18T21:06:33.390+0500] {logging_mixin.py:190} INFO - [2024-11-18T21:06:33.389+0500] {example_python_operator.py:93} WARNING - The virtalenv_python example task requires virtualenv, please install it.
[2024-11-18T21:06:33.393+0500] {processor.py:925} INFO - DAG(s) 'example_python_operator' retrieved from /home/AtlasRise/airflow/airflow_env/lib/python3.12/site-packages/airflow/example_dags/example_python_operator.py
[2024-11-18T21:06:33.420+0500] {logging_mixin.py:190} INFO - [2024-11-18T21:06:33.420+0500] {dag.py:3239} INFO - Sync 1 DAGs
[2024-11-18T21:06:33.441+0500] {logging_mixin.py:190} INFO - [2024-11-18T21:06:33.441+0500] {dag.py:4180} INFO - Setting next_dagrun for example_python_operator to None, run_after=None
[2024-11-18T21:06:33.476+0500] {processor.py:208} INFO - Processing /home/AtlasRise/airflow/airflow_env/lib/python3.12/site-packages/airflow/example_dags/example_python_operator.py took 0.110 seconds
[2024-11-18T21:07:53.384+0500] {processor.py:186} INFO - Started process (PID=21129) to work on /home/AtlasRise/airflow/airflow_env/lib/python3.12/site-packages/airflow/example_dags/example_python_operator.py
[2024-11-18T21:07:53.386+0500] {processor.py:914} INFO - Processing file /home/AtlasRise/airflow/airflow_env/lib/python3.12/site-packages/airflow/example_dags/example_python_operator.py for tasks to queue
[2024-11-18T21:07:53.389+0500] {logging_mixin.py:190} INFO - [2024-11-18T21:07:53.389+0500] {dagbag.py:588} INFO - Filling up the DagBag from /home/AtlasRise/airflow/airflow_env/lib/python3.12/site-packages/airflow/example_dags/example_python_operator.py
[2024-11-18T21:07:53.399+0500] {logging_mixin.py:190} INFO - [2024-11-18T21:07:53.399+0500] {example_python_operator.py:93} WARNING - The virtalenv_python example task requires virtualenv, please install it.
[2024-11-18T21:07:53.403+0500] {processor.py:925} INFO - DAG(s) 'example_python_operator' retrieved from /home/AtlasRise/airflow/airflow_env/lib/python3.12/site-packages/airflow/example_dags/example_python_operator.py
[2024-11-18T21:07:53.430+0500] {logging_mixin.py:190} INFO - [2024-11-18T21:07:53.429+0500] {dag.py:3239} INFO - Sync 1 DAGs
[2024-11-18T21:07:53.452+0500] {logging_mixin.py:190} INFO - [2024-11-18T21:07:53.451+0500] {dag.py:4180} INFO - Setting next_dagrun for example_python_operator to None, run_after=None
[2024-11-18T21:07:53.510+0500] {processor.py:208} INFO - Processing /home/AtlasRise/airflow/airflow_env/lib/python3.12/site-packages/airflow/example_dags/example_python_operator.py took 0.134 seconds
[2024-11-18T21:08:59.425+0500] {processor.py:186} INFO - Started process (PID=21210) to work on /home/AtlasRise/airflow/airflow_env/lib/python3.12/site-packages/airflow/example_dags/example_python_operator.py
[2024-11-18T21:08:59.427+0500] {processor.py:914} INFO - Processing file /home/AtlasRise/airflow/airflow_env/lib/python3.12/site-packages/airflow/example_dags/example_python_operator.py for tasks to queue
[2024-11-18T21:08:59.430+0500] {logging_mixin.py:190} INFO - [2024-11-18T21:08:59.430+0500] {dagbag.py:588} INFO - Filling up the DagBag from /home/AtlasRise/airflow/airflow_env/lib/python3.12/site-packages/airflow/example_dags/example_python_operator.py
[2024-11-18T21:08:59.441+0500] {logging_mixin.py:190} INFO - [2024-11-18T21:08:59.440+0500] {example_python_operator.py:93} WARNING - The virtalenv_python example task requires virtualenv, please install it.
[2024-11-18T21:08:59.444+0500] {processor.py:925} INFO - DAG(s) 'example_python_operator' retrieved from /home/AtlasRise/airflow/airflow_env/lib/python3.12/site-packages/airflow/example_dags/example_python_operator.py
[2024-11-18T21:08:59.469+0500] {logging_mixin.py:190} INFO - [2024-11-18T21:08:59.469+0500] {dag.py:3239} INFO - Sync 1 DAGs
[2024-11-18T21:08:59.490+0500] {logging_mixin.py:190} INFO - [2024-11-18T21:08:59.490+0500] {dag.py:4180} INFO - Setting next_dagrun for example_python_operator to None, run_after=None
[2024-11-18T21:08:59.524+0500] {processor.py:208} INFO - Processing /home/AtlasRise/airflow/airflow_env/lib/python3.12/site-packages/airflow/example_dags/example_python_operator.py took 0.107 seconds
[2024-11-18T21:10:10.996+0500] {processor.py:186} INFO - Started process (PID=21309) to work on /home/AtlasRise/airflow/airflow_env/lib/python3.12/site-packages/airflow/example_dags/example_python_operator.py
[2024-11-18T21:10:10.998+0500] {processor.py:914} INFO - Processing file /home/AtlasRise/airflow/airflow_env/lib/python3.12/site-packages/airflow/example_dags/example_python_operator.py for tasks to queue
[2024-11-18T21:10:11.004+0500] {logging_mixin.py:190} INFO - [2024-11-18T21:10:11.002+0500] {dagbag.py:588} INFO - Filling up the DagBag from /home/AtlasRise/airflow/airflow_env/lib/python3.12/site-packages/airflow/example_dags/example_python_operator.py
[2024-11-18T21:10:11.017+0500] {logging_mixin.py:190} INFO - [2024-11-18T21:10:11.017+0500] {example_python_operator.py:93} WARNING - The virtalenv_python example task requires virtualenv, please install it.
[2024-11-18T21:10:11.022+0500] {processor.py:925} INFO - DAG(s) 'example_python_operator' retrieved from /home/AtlasRise/airflow/airflow_env/lib/python3.12/site-packages/airflow/example_dags/example_python_operator.py
[2024-11-18T21:10:11.050+0500] {logging_mixin.py:190} INFO - [2024-11-18T21:10:11.050+0500] {dag.py:3239} INFO - Sync 1 DAGs
[2024-11-18T21:10:11.072+0500] {logging_mixin.py:190} INFO - [2024-11-18T21:10:11.071+0500] {dag.py:4180} INFO - Setting next_dagrun for example_python_operator to None, run_after=None
[2024-11-18T21:10:11.111+0500] {processor.py:208} INFO - Processing /home/AtlasRise/airflow/airflow_env/lib/python3.12/site-packages/airflow/example_dags/example_python_operator.py took 0.125 seconds
[2024-11-18T21:11:25.368+0500] {processor.py:186} INFO - Started process (PID=21422) to work on /home/AtlasRise/airflow/airflow_env/lib/python3.12/site-packages/airflow/example_dags/example_python_operator.py
[2024-11-18T21:11:25.371+0500] {processor.py:914} INFO - Processing file /home/AtlasRise/airflow/airflow_env/lib/python3.12/site-packages/airflow/example_dags/example_python_operator.py for tasks to queue
[2024-11-18T21:11:25.374+0500] {logging_mixin.py:190} INFO - [2024-11-18T21:11:25.374+0500] {dagbag.py:588} INFO - Filling up the DagBag from /home/AtlasRise/airflow/airflow_env/lib/python3.12/site-packages/airflow/example_dags/example_python_operator.py
[2024-11-18T21:11:25.384+0500] {logging_mixin.py:190} INFO - [2024-11-18T21:11:25.384+0500] {example_python_operator.py:93} WARNING - The virtalenv_python example task requires virtualenv, please install it.
[2024-11-18T21:11:25.388+0500] {processor.py:925} INFO - DAG(s) 'example_python_operator' retrieved from /home/AtlasRise/airflow/airflow_env/lib/python3.12/site-packages/airflow/example_dags/example_python_operator.py
[2024-11-18T21:11:25.415+0500] {logging_mixin.py:190} INFO - [2024-11-18T21:11:25.415+0500] {dag.py:3239} INFO - Sync 1 DAGs
[2024-11-18T21:11:25.437+0500] {logging_mixin.py:190} INFO - [2024-11-18T21:11:25.437+0500] {dag.py:4180} INFO - Setting next_dagrun for example_python_operator to None, run_after=None
[2024-11-18T21:11:25.471+0500] {processor.py:208} INFO - Processing /home/AtlasRise/airflow/airflow_env/lib/python3.12/site-packages/airflow/example_dags/example_python_operator.py took 0.112 seconds
[2024-11-18T21:13:19.353+0500] {processor.py:186} INFO - Started process (PID=21579) to work on /home/AtlasRise/airflow/airflow_env/lib/python3.12/site-packages/airflow/example_dags/example_python_operator.py
[2024-11-18T21:13:19.354+0500] {processor.py:914} INFO - Processing file /home/AtlasRise/airflow/airflow_env/lib/python3.12/site-packages/airflow/example_dags/example_python_operator.py for tasks to queue
[2024-11-18T21:13:19.358+0500] {logging_mixin.py:190} INFO - [2024-11-18T21:13:19.357+0500] {dagbag.py:588} INFO - Filling up the DagBag from /home/AtlasRise/airflow/airflow_env/lib/python3.12/site-packages/airflow/example_dags/example_python_operator.py
[2024-11-18T21:13:19.368+0500] {logging_mixin.py:190} INFO - [2024-11-18T21:13:19.367+0500] {example_python_operator.py:93} WARNING - The virtalenv_python example task requires virtualenv, please install it.
[2024-11-18T21:13:19.371+0500] {processor.py:925} INFO - DAG(s) 'example_python_operator' retrieved from /home/AtlasRise/airflow/airflow_env/lib/python3.12/site-packages/airflow/example_dags/example_python_operator.py
[2024-11-18T21:13:19.397+0500] {logging_mixin.py:190} INFO - [2024-11-18T21:13:19.397+0500] {dag.py:3239} INFO - Sync 1 DAGs
[2024-11-18T21:13:19.418+0500] {logging_mixin.py:190} INFO - [2024-11-18T21:13:19.418+0500] {dag.py:4180} INFO - Setting next_dagrun for example_python_operator to None, run_after=None
[2024-11-18T21:13:19.453+0500] {processor.py:208} INFO - Processing /home/AtlasRise/airflow/airflow_env/lib/python3.12/site-packages/airflow/example_dags/example_python_operator.py took 0.108 seconds
[2024-11-18T21:14:46.473+0500] {processor.py:186} INFO - Started process (PID=21691) to work on /home/AtlasRise/airflow/airflow_env/lib/python3.12/site-packages/airflow/example_dags/example_python_operator.py
[2024-11-18T21:14:46.477+0500] {processor.py:914} INFO - Processing file /home/AtlasRise/airflow/airflow_env/lib/python3.12/site-packages/airflow/example_dags/example_python_operator.py for tasks to queue
[2024-11-18T21:14:46.483+0500] {logging_mixin.py:190} INFO - [2024-11-18T21:14:46.482+0500] {dagbag.py:588} INFO - Filling up the DagBag from /home/AtlasRise/airflow/airflow_env/lib/python3.12/site-packages/airflow/example_dags/example_python_operator.py
[2024-11-18T21:14:46.498+0500] {logging_mixin.py:190} INFO - [2024-11-18T21:14:46.497+0500] {example_python_operator.py:93} WARNING - The virtalenv_python example task requires virtualenv, please install it.
[2024-11-18T21:14:46.503+0500] {processor.py:925} INFO - DAG(s) 'example_python_operator' retrieved from /home/AtlasRise/airflow/airflow_env/lib/python3.12/site-packages/airflow/example_dags/example_python_operator.py
[2024-11-18T21:14:46.531+0500] {logging_mixin.py:190} INFO - [2024-11-18T21:14:46.531+0500] {dag.py:3239} INFO - Sync 1 DAGs
[2024-11-18T21:14:46.553+0500] {logging_mixin.py:190} INFO - [2024-11-18T21:14:46.552+0500] {dag.py:4180} INFO - Setting next_dagrun for example_python_operator to None, run_after=None
[2024-11-18T21:14:46.593+0500] {processor.py:208} INFO - Processing /home/AtlasRise/airflow/airflow_env/lib/python3.12/site-packages/airflow/example_dags/example_python_operator.py took 0.135 seconds
[2024-11-18T21:16:20.049+0500] {processor.py:186} INFO - Started process (PID=21815) to work on /home/AtlasRise/airflow/airflow_env/lib/python3.12/site-packages/airflow/example_dags/example_python_operator.py
[2024-11-18T21:16:20.050+0500] {processor.py:914} INFO - Processing file /home/AtlasRise/airflow/airflow_env/lib/python3.12/site-packages/airflow/example_dags/example_python_operator.py for tasks to queue
[2024-11-18T21:16:20.053+0500] {logging_mixin.py:190} INFO - [2024-11-18T21:16:20.052+0500] {dagbag.py:588} INFO - Filling up the DagBag from /home/AtlasRise/airflow/airflow_env/lib/python3.12/site-packages/airflow/example_dags/example_python_operator.py
[2024-11-18T21:16:20.063+0500] {logging_mixin.py:190} INFO - [2024-11-18T21:16:20.062+0500] {example_python_operator.py:93} WARNING - The virtalenv_python example task requires virtualenv, please install it.
[2024-11-18T21:16:20.066+0500] {processor.py:925} INFO - DAG(s) 'example_python_operator' retrieved from /home/AtlasRise/airflow/airflow_env/lib/python3.12/site-packages/airflow/example_dags/example_python_operator.py
[2024-11-18T21:16:20.093+0500] {logging_mixin.py:190} INFO - [2024-11-18T21:16:20.092+0500] {dag.py:3239} INFO - Sync 1 DAGs
[2024-11-18T21:16:20.114+0500] {logging_mixin.py:190} INFO - [2024-11-18T21:16:20.114+0500] {dag.py:4180} INFO - Setting next_dagrun for example_python_operator to None, run_after=None
[2024-11-18T21:16:20.147+0500] {processor.py:208} INFO - Processing /home/AtlasRise/airflow/airflow_env/lib/python3.12/site-packages/airflow/example_dags/example_python_operator.py took 0.107 seconds
[2024-11-18T21:18:03.213+0500] {processor.py:186} INFO - Started process (PID=21968) to work on /home/AtlasRise/airflow/airflow_env/lib/python3.12/site-packages/airflow/example_dags/example_python_operator.py
[2024-11-18T21:18:03.214+0500] {processor.py:914} INFO - Processing file /home/AtlasRise/airflow/airflow_env/lib/python3.12/site-packages/airflow/example_dags/example_python_operator.py for tasks to queue
[2024-11-18T21:18:03.218+0500] {logging_mixin.py:190} INFO - [2024-11-18T21:18:03.217+0500] {dagbag.py:588} INFO - Filling up the DagBag from /home/AtlasRise/airflow/airflow_env/lib/python3.12/site-packages/airflow/example_dags/example_python_operator.py
[2024-11-18T21:18:03.230+0500] {logging_mixin.py:190} INFO - [2024-11-18T21:18:03.229+0500] {example_python_operator.py:93} WARNING - The virtalenv_python example task requires virtualenv, please install it.
[2024-11-18T21:18:03.237+0500] {processor.py:925} INFO - DAG(s) 'example_python_operator' retrieved from /home/AtlasRise/airflow/airflow_env/lib/python3.12/site-packages/airflow/example_dags/example_python_operator.py
[2024-11-18T21:18:03.264+0500] {logging_mixin.py:190} INFO - [2024-11-18T21:18:03.264+0500] {dag.py:3239} INFO - Sync 1 DAGs
[2024-11-18T21:18:03.288+0500] {logging_mixin.py:190} INFO - [2024-11-18T21:18:03.288+0500] {dag.py:4180} INFO - Setting next_dagrun for example_python_operator to None, run_after=None
[2024-11-18T21:18:03.337+0500] {processor.py:208} INFO - Processing /home/AtlasRise/airflow/airflow_env/lib/python3.12/site-packages/airflow/example_dags/example_python_operator.py took 0.133 seconds
[2024-11-18T21:19:03.803+0500] {processor.py:186} INFO - Started process (PID=22055) to work on /home/AtlasRise/airflow/airflow_env/lib/python3.12/site-packages/airflow/example_dags/example_python_operator.py
[2024-11-18T21:19:03.804+0500] {processor.py:914} INFO - Processing file /home/AtlasRise/airflow/airflow_env/lib/python3.12/site-packages/airflow/example_dags/example_python_operator.py for tasks to queue
[2024-11-18T21:19:03.807+0500] {logging_mixin.py:190} INFO - [2024-11-18T21:19:03.807+0500] {dagbag.py:588} INFO - Filling up the DagBag from /home/AtlasRise/airflow/airflow_env/lib/python3.12/site-packages/airflow/example_dags/example_python_operator.py
[2024-11-18T21:19:03.818+0500] {logging_mixin.py:190} INFO - [2024-11-18T21:19:03.818+0500] {example_python_operator.py:93} WARNING - The virtalenv_python example task requires virtualenv, please install it.
[2024-11-18T21:19:03.822+0500] {processor.py:925} INFO - DAG(s) 'example_python_operator' retrieved from /home/AtlasRise/airflow/airflow_env/lib/python3.12/site-packages/airflow/example_dags/example_python_operator.py
[2024-11-18T21:19:03.850+0500] {logging_mixin.py:190} INFO - [2024-11-18T21:19:03.850+0500] {dag.py:3239} INFO - Sync 1 DAGs
[2024-11-18T21:19:03.874+0500] {logging_mixin.py:190} INFO - [2024-11-18T21:19:03.874+0500] {dag.py:4180} INFO - Setting next_dagrun for example_python_operator to None, run_after=None
[2024-11-18T21:19:03.907+0500] {processor.py:208} INFO - Processing /home/AtlasRise/airflow/airflow_env/lib/python3.12/site-packages/airflow/example_dags/example_python_operator.py took 0.112 seconds
[2024-11-18T21:20:00.239+0500] {processor.py:186} INFO - Started process (PID=22132) to work on /home/AtlasRise/airflow/airflow_env/lib/python3.12/site-packages/airflow/example_dags/example_python_operator.py
[2024-11-18T21:20:00.240+0500] {processor.py:914} INFO - Processing file /home/AtlasRise/airflow/airflow_env/lib/python3.12/site-packages/airflow/example_dags/example_python_operator.py for tasks to queue
[2024-11-18T21:20:00.243+0500] {logging_mixin.py:190} INFO - [2024-11-18T21:20:00.243+0500] {dagbag.py:588} INFO - Filling up the DagBag from /home/AtlasRise/airflow/airflow_env/lib/python3.12/site-packages/airflow/example_dags/example_python_operator.py
[2024-11-18T21:20:00.254+0500] {logging_mixin.py:190} INFO - [2024-11-18T21:20:00.253+0500] {example_python_operator.py:93} WARNING - The virtalenv_python example task requires virtualenv, please install it.
[2024-11-18T21:20:00.258+0500] {processor.py:925} INFO - DAG(s) 'example_python_operator' retrieved from /home/AtlasRise/airflow/airflow_env/lib/python3.12/site-packages/airflow/example_dags/example_python_operator.py
[2024-11-18T21:20:00.285+0500] {logging_mixin.py:190} INFO - [2024-11-18T21:20:00.285+0500] {dag.py:3239} INFO - Sync 1 DAGs
[2024-11-18T21:20:00.306+0500] {logging_mixin.py:190} INFO - [2024-11-18T21:20:00.306+0500] {dag.py:4180} INFO - Setting next_dagrun for example_python_operator to None, run_after=None
[2024-11-18T21:20:00.340+0500] {processor.py:208} INFO - Processing /home/AtlasRise/airflow/airflow_env/lib/python3.12/site-packages/airflow/example_dags/example_python_operator.py took 0.110 seconds
[2024-11-18T21:21:10.894+0500] {processor.py:186} INFO - Started process (PID=22222) to work on /home/AtlasRise/airflow/airflow_env/lib/python3.12/site-packages/airflow/example_dags/example_python_operator.py
[2024-11-18T21:21:10.896+0500] {processor.py:914} INFO - Processing file /home/AtlasRise/airflow/airflow_env/lib/python3.12/site-packages/airflow/example_dags/example_python_operator.py for tasks to queue
[2024-11-18T21:21:10.899+0500] {logging_mixin.py:190} INFO - [2024-11-18T21:21:10.898+0500] {dagbag.py:588} INFO - Filling up the DagBag from /home/AtlasRise/airflow/airflow_env/lib/python3.12/site-packages/airflow/example_dags/example_python_operator.py
[2024-11-18T21:21:10.908+0500] {logging_mixin.py:190} INFO - [2024-11-18T21:21:10.908+0500] {example_python_operator.py:93} WARNING - The virtalenv_python example task requires virtualenv, please install it.
[2024-11-18T21:21:10.912+0500] {processor.py:925} INFO - DAG(s) 'example_python_operator' retrieved from /home/AtlasRise/airflow/airflow_env/lib/python3.12/site-packages/airflow/example_dags/example_python_operator.py
[2024-11-18T21:21:10.938+0500] {logging_mixin.py:190} INFO - [2024-11-18T21:21:10.938+0500] {dag.py:3239} INFO - Sync 1 DAGs
[2024-11-18T21:21:10.959+0500] {logging_mixin.py:190} INFO - [2024-11-18T21:21:10.959+0500] {dag.py:4180} INFO - Setting next_dagrun for example_python_operator to None, run_after=None
[2024-11-18T21:21:10.993+0500] {processor.py:208} INFO - Processing /home/AtlasRise/airflow/airflow_env/lib/python3.12/site-packages/airflow/example_dags/example_python_operator.py took 0.107 seconds
[2024-11-18T21:22:23.574+0500] {processor.py:186} INFO - Started process (PID=22301) to work on /home/AtlasRise/airflow/airflow_env/lib/python3.12/site-packages/airflow/example_dags/example_python_operator.py
[2024-11-18T21:22:23.575+0500] {processor.py:914} INFO - Processing file /home/AtlasRise/airflow/airflow_env/lib/python3.12/site-packages/airflow/example_dags/example_python_operator.py for tasks to queue
[2024-11-18T21:22:23.578+0500] {logging_mixin.py:190} INFO - [2024-11-18T21:22:23.578+0500] {dagbag.py:588} INFO - Filling up the DagBag from /home/AtlasRise/airflow/airflow_env/lib/python3.12/site-packages/airflow/example_dags/example_python_operator.py
[2024-11-18T21:22:23.589+0500] {logging_mixin.py:190} INFO - [2024-11-18T21:22:23.588+0500] {example_python_operator.py:93} WARNING - The virtalenv_python example task requires virtualenv, please install it.
[2024-11-18T21:22:23.593+0500] {processor.py:925} INFO - DAG(s) 'example_python_operator' retrieved from /home/AtlasRise/airflow/airflow_env/lib/python3.12/site-packages/airflow/example_dags/example_python_operator.py
[2024-11-18T21:22:23.619+0500] {logging_mixin.py:190} INFO - [2024-11-18T21:22:23.619+0500] {dag.py:3239} INFO - Sync 1 DAGs
[2024-11-18T21:22:23.640+0500] {logging_mixin.py:190} INFO - [2024-11-18T21:22:23.640+0500] {dag.py:4180} INFO - Setting next_dagrun for example_python_operator to None, run_after=None
[2024-11-18T21:22:23.674+0500] {processor.py:208} INFO - Processing /home/AtlasRise/airflow/airflow_env/lib/python3.12/site-packages/airflow/example_dags/example_python_operator.py took 0.108 seconds
