[2024-11-18T20:40:50.284+0500] {processor.py:186} INFO - Started process (PID=18939) to work on /home/AtlasRise/airflow/airflow_env/lib/python3.12/site-packages/airflow/example_dags/example_outlet_event_extra.py
[2024-11-18T20:40:50.285+0500] {processor.py:914} INFO - Processing file /home/AtlasRise/airflow/airflow_env/lib/python3.12/site-packages/airflow/example_dags/example_outlet_event_extra.py for tasks to queue
[2024-11-18T20:40:50.288+0500] {logging_mixin.py:190} INFO - [2024-11-18T20:40:50.287+0500] {dagbag.py:588} INFO - Filling up the DagBag from /home/AtlasRise/airflow/airflow_env/lib/python3.12/site-packages/airflow/example_dags/example_outlet_event_extra.py
[2024-11-18T20:40:50.308+0500] {processor.py:925} INFO - DAG(s) 'dataset_with_extra_by_yield', 'dataset_with_extra_from_classic_operator', 'dataset_with_extra_by_context' retrieved from /home/AtlasRise/airflow/airflow_env/lib/python3.12/site-packages/airflow/example_dags/example_outlet_event_extra.py
[2024-11-18T20:40:50.505+0500] {logging_mixin.py:190} INFO - [2024-11-18T20:40:50.503+0500] {override.py:1911} INFO - Created Permission View: can read on DAG:dataset_with_extra_by_yield
[2024-11-18T20:40:50.552+0500] {logging_mixin.py:190} INFO - [2024-11-18T20:40:50.548+0500] {override.py:1911} INFO - Created Permission View: can edit on DAG:dataset_with_extra_by_yield
[2024-11-18T20:40:50.575+0500] {logging_mixin.py:190} INFO - [2024-11-18T20:40:50.574+0500] {override.py:1911} INFO - Created Permission View: can delete on DAG:dataset_with_extra_by_yield
[2024-11-18T20:40:50.602+0500] {logging_mixin.py:190} INFO - [2024-11-18T20:40:50.601+0500] {override.py:1911} INFO - Created Permission View: can read on DAG Run:dataset_with_extra_by_yield
[2024-11-18T20:40:50.623+0500] {logging_mixin.py:190} INFO - [2024-11-18T20:40:50.622+0500] {override.py:1911} INFO - Created Permission View: can create on DAG Run:dataset_with_extra_by_yield
[2024-11-18T20:40:50.643+0500] {logging_mixin.py:190} INFO - [2024-11-18T20:40:50.642+0500] {override.py:1911} INFO - Created Permission View: can delete on DAG Run:dataset_with_extra_by_yield
[2024-11-18T20:40:50.661+0500] {logging_mixin.py:190} INFO - [2024-11-18T20:40:50.660+0500] {override.py:1911} INFO - Created Permission View: menu access on DAG Run:dataset_with_extra_by_yield
[2024-11-18T20:40:50.694+0500] {logging_mixin.py:190} INFO - [2024-11-18T20:40:50.693+0500] {override.py:1911} INFO - Created Permission View: can read on DAG:dataset_with_extra_from_classic_operator
[2024-11-18T20:40:50.710+0500] {logging_mixin.py:190} INFO - [2024-11-18T20:40:50.709+0500] {override.py:1911} INFO - Created Permission View: can edit on DAG:dataset_with_extra_from_classic_operator
[2024-11-18T20:40:50.723+0500] {logging_mixin.py:190} INFO - [2024-11-18T20:40:50.722+0500] {override.py:1911} INFO - Created Permission View: can delete on DAG:dataset_with_extra_from_classic_operator
[2024-11-18T20:40:50.747+0500] {logging_mixin.py:190} INFO - [2024-11-18T20:40:50.746+0500] {override.py:1911} INFO - Created Permission View: can read on DAG Run:dataset_with_extra_from_classic_operator
[2024-11-18T20:40:50.766+0500] {logging_mixin.py:190} INFO - [2024-11-18T20:40:50.766+0500] {override.py:1911} INFO - Created Permission View: can create on DAG Run:dataset_with_extra_from_classic_operator
[2024-11-18T20:40:50.785+0500] {logging_mixin.py:190} INFO - [2024-11-18T20:40:50.784+0500] {override.py:1911} INFO - Created Permission View: can delete on DAG Run:dataset_with_extra_from_classic_operator
[2024-11-18T20:40:50.799+0500] {logging_mixin.py:190} INFO - [2024-11-18T20:40:50.798+0500] {override.py:1911} INFO - Created Permission View: menu access on DAG Run:dataset_with_extra_from_classic_operator
[2024-11-18T20:40:50.826+0500] {logging_mixin.py:190} INFO - [2024-11-18T20:40:50.826+0500] {override.py:1911} INFO - Created Permission View: can read on DAG:dataset_with_extra_by_context
[2024-11-18T20:40:50.839+0500] {logging_mixin.py:190} INFO - [2024-11-18T20:40:50.838+0500] {override.py:1911} INFO - Created Permission View: can edit on DAG:dataset_with_extra_by_context
[2024-11-18T20:40:50.852+0500] {logging_mixin.py:190} INFO - [2024-11-18T20:40:50.852+0500] {override.py:1911} INFO - Created Permission View: can delete on DAG:dataset_with_extra_by_context
[2024-11-18T20:40:50.876+0500] {logging_mixin.py:190} INFO - [2024-11-18T20:40:50.875+0500] {override.py:1911} INFO - Created Permission View: can read on DAG Run:dataset_with_extra_by_context
[2024-11-18T20:40:50.894+0500] {logging_mixin.py:190} INFO - [2024-11-18T20:40:50.894+0500] {override.py:1911} INFO - Created Permission View: can create on DAG Run:dataset_with_extra_by_context
[2024-11-18T20:40:50.908+0500] {logging_mixin.py:190} INFO - [2024-11-18T20:40:50.907+0500] {override.py:1911} INFO - Created Permission View: can delete on DAG Run:dataset_with_extra_by_context
[2024-11-18T20:40:50.926+0500] {logging_mixin.py:190} INFO - [2024-11-18T20:40:50.923+0500] {override.py:1911} INFO - Created Permission View: menu access on DAG Run:dataset_with_extra_by_context
[2024-11-18T20:40:50.927+0500] {logging_mixin.py:190} INFO - [2024-11-18T20:40:50.927+0500] {dag.py:3239} INFO - Sync 3 DAGs
[2024-11-18T20:40:50.950+0500] {logging_mixin.py:190} INFO - [2024-11-18T20:40:50.950+0500] {dag.py:3262} INFO - Creating ORM DAG for dataset_with_extra_by_yield
[2024-11-18T20:40:50.951+0500] {logging_mixin.py:190} INFO - [2024-11-18T20:40:50.951+0500] {dag.py:3262} INFO - Creating ORM DAG for dataset_with_extra_from_classic_operator
[2024-11-18T20:40:50.952+0500] {logging_mixin.py:190} INFO - [2024-11-18T20:40:50.952+0500] {dag.py:3262} INFO - Creating ORM DAG for dataset_with_extra_by_context
[2024-11-18T20:40:50.973+0500] {logging_mixin.py:190} INFO - [2024-11-18T20:40:50.971+0500] {dag.py:4180} INFO - Setting next_dagrun for dataset_with_extra_by_context to 2024-11-17 00:00:00+00:00, run_after=2024-11-18 00:00:00+00:00
[2024-11-18T20:40:50.981+0500] {logging_mixin.py:190} INFO - [2024-11-18T20:40:50.981+0500] {dag.py:4180} INFO - Setting next_dagrun for dataset_with_extra_by_yield to 2024-11-17 00:00:00+00:00, run_after=2024-11-18 00:00:00+00:00
[2024-11-18T20:40:50.986+0500] {logging_mixin.py:190} INFO - [2024-11-18T20:40:50.985+0500] {dag.py:4180} INFO - Setting next_dagrun for dataset_with_extra_from_classic_operator to 2024-11-17 00:00:00+00:00, run_after=2024-11-18 00:00:00+00:00
[2024-11-18T20:40:51.032+0500] {processor.py:208} INFO - Processing /home/AtlasRise/airflow/airflow_env/lib/python3.12/site-packages/airflow/example_dags/example_outlet_event_extra.py took 0.756 seconds
[2024-11-18T20:42:01.152+0500] {processor.py:186} INFO - Started process (PID=19128) to work on /home/AtlasRise/airflow/airflow_env/lib/python3.12/site-packages/airflow/example_dags/example_outlet_event_extra.py
[2024-11-18T20:42:01.157+0500] {processor.py:914} INFO - Processing file /home/AtlasRise/airflow/airflow_env/lib/python3.12/site-packages/airflow/example_dags/example_outlet_event_extra.py for tasks to queue
[2024-11-18T20:42:01.164+0500] {logging_mixin.py:190} INFO - [2024-11-18T20:42:01.160+0500] {dagbag.py:588} INFO - Filling up the DagBag from /home/AtlasRise/airflow/airflow_env/lib/python3.12/site-packages/airflow/example_dags/example_outlet_event_extra.py
[2024-11-18T20:42:01.211+0500] {processor.py:925} INFO - DAG(s) 'dataset_with_extra_by_yield', 'dataset_with_extra_by_context', 'dataset_with_extra_from_classic_operator' retrieved from /home/AtlasRise/airflow/airflow_env/lib/python3.12/site-packages/airflow/example_dags/example_outlet_event_extra.py
[2024-11-18T20:42:01.262+0500] {logging_mixin.py:190} INFO - [2024-11-18T20:42:01.262+0500] {dag.py:3239} INFO - Sync 3 DAGs
[2024-11-18T20:42:01.302+0500] {logging_mixin.py:190} INFO - [2024-11-18T20:42:01.302+0500] {dag.py:4180} INFO - Setting next_dagrun for dataset_with_extra_by_context to 2024-11-17 00:00:00+00:00, run_after=2024-11-18 00:00:00+00:00
[2024-11-18T20:42:01.311+0500] {logging_mixin.py:190} INFO - [2024-11-18T20:42:01.310+0500] {dag.py:4180} INFO - Setting next_dagrun for dataset_with_extra_by_yield to 2024-11-17 00:00:00+00:00, run_after=2024-11-18 00:00:00+00:00
[2024-11-18T20:42:01.315+0500] {logging_mixin.py:190} INFO - [2024-11-18T20:42:01.315+0500] {dag.py:4180} INFO - Setting next_dagrun for dataset_with_extra_from_classic_operator to 2024-11-17 00:00:00+00:00, run_after=2024-11-18 00:00:00+00:00
[2024-11-18T20:42:01.379+0500] {processor.py:208} INFO - Processing /home/AtlasRise/airflow/airflow_env/lib/python3.12/site-packages/airflow/example_dags/example_outlet_event_extra.py took 0.235 seconds
[2024-11-18T20:43:11.355+0500] {processor.py:186} INFO - Started process (PID=19198) to work on /home/AtlasRise/airflow/airflow_env/lib/python3.12/site-packages/airflow/example_dags/example_outlet_event_extra.py
[2024-11-18T20:43:11.357+0500] {processor.py:914} INFO - Processing file /home/AtlasRise/airflow/airflow_env/lib/python3.12/site-packages/airflow/example_dags/example_outlet_event_extra.py for tasks to queue
[2024-11-18T20:43:11.360+0500] {logging_mixin.py:190} INFO - [2024-11-18T20:43:11.359+0500] {dagbag.py:588} INFO - Filling up the DagBag from /home/AtlasRise/airflow/airflow_env/lib/python3.12/site-packages/airflow/example_dags/example_outlet_event_extra.py
[2024-11-18T20:43:11.381+0500] {processor.py:925} INFO - DAG(s) 'dataset_with_extra_by_yield', 'dataset_with_extra_by_context', 'dataset_with_extra_from_classic_operator' retrieved from /home/AtlasRise/airflow/airflow_env/lib/python3.12/site-packages/airflow/example_dags/example_outlet_event_extra.py
[2024-11-18T20:43:11.412+0500] {logging_mixin.py:190} INFO - [2024-11-18T20:43:11.411+0500] {dag.py:3239} INFO - Sync 3 DAGs
[2024-11-18T20:43:11.449+0500] {logging_mixin.py:190} INFO - [2024-11-18T20:43:11.449+0500] {dag.py:4180} INFO - Setting next_dagrun for dataset_with_extra_by_context to 2024-11-17 00:00:00+00:00, run_after=2024-11-18 00:00:00+00:00
[2024-11-18T20:43:11.457+0500] {logging_mixin.py:190} INFO - [2024-11-18T20:43:11.457+0500] {dag.py:4180} INFO - Setting next_dagrun for dataset_with_extra_by_yield to 2024-11-17 00:00:00+00:00, run_after=2024-11-18 00:00:00+00:00
[2024-11-18T20:43:11.461+0500] {logging_mixin.py:190} INFO - [2024-11-18T20:43:11.461+0500] {dag.py:4180} INFO - Setting next_dagrun for dataset_with_extra_from_classic_operator to 2024-11-17 00:00:00+00:00, run_after=2024-11-18 00:00:00+00:00
[2024-11-18T20:43:11.500+0500] {processor.py:208} INFO - Processing /home/AtlasRise/airflow/airflow_env/lib/python3.12/site-packages/airflow/example_dags/example_outlet_event_extra.py took 0.153 seconds
[2024-11-18T20:44:17.386+0500] {processor.py:186} INFO - Started process (PID=19281) to work on /home/AtlasRise/airflow/airflow_env/lib/python3.12/site-packages/airflow/example_dags/example_outlet_event_extra.py
[2024-11-18T20:44:17.388+0500] {processor.py:914} INFO - Processing file /home/AtlasRise/airflow/airflow_env/lib/python3.12/site-packages/airflow/example_dags/example_outlet_event_extra.py for tasks to queue
[2024-11-18T20:44:17.391+0500] {logging_mixin.py:190} INFO - [2024-11-18T20:44:17.390+0500] {dagbag.py:588} INFO - Filling up the DagBag from /home/AtlasRise/airflow/airflow_env/lib/python3.12/site-packages/airflow/example_dags/example_outlet_event_extra.py
[2024-11-18T20:44:17.412+0500] {processor.py:925} INFO - DAG(s) 'dataset_with_extra_by_yield', 'dataset_with_extra_from_classic_operator', 'dataset_with_extra_by_context' retrieved from /home/AtlasRise/airflow/airflow_env/lib/python3.12/site-packages/airflow/example_dags/example_outlet_event_extra.py
[2024-11-18T20:44:17.443+0500] {logging_mixin.py:190} INFO - [2024-11-18T20:44:17.443+0500] {dag.py:3239} INFO - Sync 3 DAGs
[2024-11-18T20:44:17.479+0500] {logging_mixin.py:190} INFO - [2024-11-18T20:44:17.479+0500] {dag.py:4180} INFO - Setting next_dagrun for dataset_with_extra_by_context to 2024-11-17 00:00:00+00:00, run_after=2024-11-18 00:00:00+00:00
[2024-11-18T20:44:17.487+0500] {logging_mixin.py:190} INFO - [2024-11-18T20:44:17.486+0500] {dag.py:4180} INFO - Setting next_dagrun for dataset_with_extra_by_yield to 2024-11-17 00:00:00+00:00, run_after=2024-11-18 00:00:00+00:00
[2024-11-18T20:44:17.491+0500] {logging_mixin.py:190} INFO - [2024-11-18T20:44:17.491+0500] {dag.py:4180} INFO - Setting next_dagrun for dataset_with_extra_from_classic_operator to 2024-11-17 00:00:00+00:00, run_after=2024-11-18 00:00:00+00:00
[2024-11-18T20:44:17.527+0500] {processor.py:208} INFO - Processing /home/AtlasRise/airflow/airflow_env/lib/python3.12/site-packages/airflow/example_dags/example_outlet_event_extra.py took 0.149 seconds
[2024-11-18T20:45:22.876+0500] {processor.py:186} INFO - Started process (PID=19463) to work on /home/AtlasRise/airflow/airflow_env/lib/python3.12/site-packages/airflow/example_dags/example_outlet_event_extra.py
[2024-11-18T20:45:22.878+0500] {processor.py:914} INFO - Processing file /home/AtlasRise/airflow/airflow_env/lib/python3.12/site-packages/airflow/example_dags/example_outlet_event_extra.py for tasks to queue
[2024-11-18T20:45:22.881+0500] {logging_mixin.py:190} INFO - [2024-11-18T20:45:22.881+0500] {dagbag.py:588} INFO - Filling up the DagBag from /home/AtlasRise/airflow/airflow_env/lib/python3.12/site-packages/airflow/example_dags/example_outlet_event_extra.py
[2024-11-18T20:45:22.903+0500] {processor.py:925} INFO - DAG(s) 'dataset_with_extra_by_context', 'dataset_with_extra_by_yield', 'dataset_with_extra_from_classic_operator' retrieved from /home/AtlasRise/airflow/airflow_env/lib/python3.12/site-packages/airflow/example_dags/example_outlet_event_extra.py
[2024-11-18T20:45:22.934+0500] {logging_mixin.py:190} INFO - [2024-11-18T20:45:22.934+0500] {dag.py:3239} INFO - Sync 3 DAGs
[2024-11-18T20:45:22.970+0500] {logging_mixin.py:190} INFO - [2024-11-18T20:45:22.969+0500] {dag.py:4180} INFO - Setting next_dagrun for dataset_with_extra_by_context to 2024-11-17 00:00:00+00:00, run_after=2024-11-18 00:00:00+00:00
[2024-11-18T20:45:22.977+0500] {logging_mixin.py:190} INFO - [2024-11-18T20:45:22.977+0500] {dag.py:4180} INFO - Setting next_dagrun for dataset_with_extra_by_yield to 2024-11-17 00:00:00+00:00, run_after=2024-11-18 00:00:00+00:00
[2024-11-18T20:45:23.139+0500] {logging_mixin.py:190} INFO - [2024-11-18T20:45:23.138+0500] {dag.py:4180} INFO - Setting next_dagrun for dataset_with_extra_from_classic_operator to 2024-11-17 00:00:00+00:00, run_after=2024-11-18 00:00:00+00:00
[2024-11-18T20:45:23.176+0500] {processor.py:208} INFO - Processing /home/AtlasRise/airflow/airflow_env/lib/python3.12/site-packages/airflow/example_dags/example_outlet_event_extra.py took 0.311 seconds
[2024-11-18T20:46:43.049+0500] {processor.py:186} INFO - Started process (PID=19566) to work on /home/AtlasRise/airflow/airflow_env/lib/python3.12/site-packages/airflow/example_dags/example_outlet_event_extra.py
[2024-11-18T20:46:43.051+0500] {processor.py:914} INFO - Processing file /home/AtlasRise/airflow/airflow_env/lib/python3.12/site-packages/airflow/example_dags/example_outlet_event_extra.py for tasks to queue
[2024-11-18T20:46:43.053+0500] {logging_mixin.py:190} INFO - [2024-11-18T20:46:43.053+0500] {dagbag.py:588} INFO - Filling up the DagBag from /home/AtlasRise/airflow/airflow_env/lib/python3.12/site-packages/airflow/example_dags/example_outlet_event_extra.py
[2024-11-18T20:46:43.075+0500] {processor.py:925} INFO - DAG(s) 'dataset_with_extra_by_context', 'dataset_with_extra_from_classic_operator', 'dataset_with_extra_by_yield' retrieved from /home/AtlasRise/airflow/airflow_env/lib/python3.12/site-packages/airflow/example_dags/example_outlet_event_extra.py
[2024-11-18T20:46:43.106+0500] {logging_mixin.py:190} INFO - [2024-11-18T20:46:43.106+0500] {dag.py:3239} INFO - Sync 3 DAGs
[2024-11-18T20:46:43.145+0500] {logging_mixin.py:190} INFO - [2024-11-18T20:46:43.144+0500] {dag.py:4180} INFO - Setting next_dagrun for dataset_with_extra_by_context to 2024-11-17 00:00:00+00:00, run_after=2024-11-18 00:00:00+00:00
[2024-11-18T20:46:43.152+0500] {logging_mixin.py:190} INFO - [2024-11-18T20:46:43.152+0500] {dag.py:4180} INFO - Setting next_dagrun for dataset_with_extra_by_yield to 2024-11-17 00:00:00+00:00, run_after=2024-11-18 00:00:00+00:00
[2024-11-18T20:46:43.156+0500] {logging_mixin.py:190} INFO - [2024-11-18T20:46:43.156+0500] {dag.py:4180} INFO - Setting next_dagrun for dataset_with_extra_from_classic_operator to 2024-11-17 00:00:00+00:00, run_after=2024-11-18 00:00:00+00:00
[2024-11-18T20:46:43.191+0500] {processor.py:208} INFO - Processing /home/AtlasRise/airflow/airflow_env/lib/python3.12/site-packages/airflow/example_dags/example_outlet_event_extra.py took 0.152 seconds
[2024-11-18T20:47:52.564+0500] {processor.py:186} INFO - Started process (PID=19728) to work on /home/AtlasRise/airflow/airflow_env/lib/python3.12/site-packages/airflow/example_dags/example_outlet_event_extra.py
[2024-11-18T20:47:52.566+0500] {processor.py:914} INFO - Processing file /home/AtlasRise/airflow/airflow_env/lib/python3.12/site-packages/airflow/example_dags/example_outlet_event_extra.py for tasks to queue
[2024-11-18T20:47:52.569+0500] {logging_mixin.py:190} INFO - [2024-11-18T20:47:52.569+0500] {dagbag.py:588} INFO - Filling up the DagBag from /home/AtlasRise/airflow/airflow_env/lib/python3.12/site-packages/airflow/example_dags/example_outlet_event_extra.py
[2024-11-18T20:47:52.591+0500] {processor.py:925} INFO - DAG(s) 'dataset_with_extra_from_classic_operator', 'dataset_with_extra_by_yield', 'dataset_with_extra_by_context' retrieved from /home/AtlasRise/airflow/airflow_env/lib/python3.12/site-packages/airflow/example_dags/example_outlet_event_extra.py
[2024-11-18T20:47:52.624+0500] {logging_mixin.py:190} INFO - [2024-11-18T20:47:52.624+0500] {dag.py:3239} INFO - Sync 3 DAGs
[2024-11-18T20:47:52.663+0500] {logging_mixin.py:190} INFO - [2024-11-18T20:47:52.662+0500] {dag.py:4180} INFO - Setting next_dagrun for dataset_with_extra_by_context to 2024-11-17 00:00:00+00:00, run_after=2024-11-18 00:00:00+00:00
[2024-11-18T20:47:52.671+0500] {logging_mixin.py:190} INFO - [2024-11-18T20:47:52.670+0500] {dag.py:4180} INFO - Setting next_dagrun for dataset_with_extra_by_yield to 2024-11-17 00:00:00+00:00, run_after=2024-11-18 00:00:00+00:00
[2024-11-18T20:47:52.675+0500] {logging_mixin.py:190} INFO - [2024-11-18T20:47:52.675+0500] {dag.py:4180} INFO - Setting next_dagrun for dataset_with_extra_from_classic_operator to 2024-11-17 00:00:00+00:00, run_after=2024-11-18 00:00:00+00:00
[2024-11-18T20:47:52.714+0500] {processor.py:208} INFO - Processing /home/AtlasRise/airflow/airflow_env/lib/python3.12/site-packages/airflow/example_dags/example_outlet_event_extra.py took 0.158 seconds
[2024-11-18T20:48:57.386+0500] {processor.py:186} INFO - Started process (PID=19813) to work on /home/AtlasRise/airflow/airflow_env/lib/python3.12/site-packages/airflow/example_dags/example_outlet_event_extra.py
[2024-11-18T20:48:57.389+0500] {processor.py:914} INFO - Processing file /home/AtlasRise/airflow/airflow_env/lib/python3.12/site-packages/airflow/example_dags/example_outlet_event_extra.py for tasks to queue
[2024-11-18T20:48:57.392+0500] {logging_mixin.py:190} INFO - [2024-11-18T20:48:57.391+0500] {dagbag.py:588} INFO - Filling up the DagBag from /home/AtlasRise/airflow/airflow_env/lib/python3.12/site-packages/airflow/example_dags/example_outlet_event_extra.py
[2024-11-18T20:48:57.413+0500] {processor.py:925} INFO - DAG(s) 'dataset_with_extra_by_yield', 'dataset_with_extra_from_classic_operator', 'dataset_with_extra_by_context' retrieved from /home/AtlasRise/airflow/airflow_env/lib/python3.12/site-packages/airflow/example_dags/example_outlet_event_extra.py
[2024-11-18T20:48:57.445+0500] {logging_mixin.py:190} INFO - [2024-11-18T20:48:57.445+0500] {dag.py:3239} INFO - Sync 3 DAGs
[2024-11-18T20:48:57.482+0500] {logging_mixin.py:190} INFO - [2024-11-18T20:48:57.481+0500] {dag.py:4180} INFO - Setting next_dagrun for dataset_with_extra_by_context to 2024-11-17 00:00:00+00:00, run_after=2024-11-18 00:00:00+00:00
[2024-11-18T20:48:57.491+0500] {logging_mixin.py:190} INFO - [2024-11-18T20:48:57.491+0500] {dag.py:4180} INFO - Setting next_dagrun for dataset_with_extra_by_yield to 2024-11-17 00:00:00+00:00, run_after=2024-11-18 00:00:00+00:00
[2024-11-18T20:48:57.495+0500] {logging_mixin.py:190} INFO - [2024-11-18T20:48:57.495+0500] {dag.py:4180} INFO - Setting next_dagrun for dataset_with_extra_from_classic_operator to 2024-11-17 00:00:00+00:00, run_after=2024-11-18 00:00:00+00:00
[2024-11-18T20:48:57.532+0500] {processor.py:208} INFO - Processing /home/AtlasRise/airflow/airflow_env/lib/python3.12/site-packages/airflow/example_dags/example_outlet_event_extra.py took 0.154 seconds
[2024-11-18T20:50:05.769+0500] {processor.py:186} INFO - Started process (PID=19887) to work on /home/AtlasRise/airflow/airflow_env/lib/python3.12/site-packages/airflow/example_dags/example_outlet_event_extra.py
[2024-11-18T20:50:05.770+0500] {processor.py:914} INFO - Processing file /home/AtlasRise/airflow/airflow_env/lib/python3.12/site-packages/airflow/example_dags/example_outlet_event_extra.py for tasks to queue
[2024-11-18T20:50:05.773+0500] {logging_mixin.py:190} INFO - [2024-11-18T20:50:05.773+0500] {dagbag.py:588} INFO - Filling up the DagBag from /home/AtlasRise/airflow/airflow_env/lib/python3.12/site-packages/airflow/example_dags/example_outlet_event_extra.py
[2024-11-18T20:50:05.794+0500] {processor.py:925} INFO - DAG(s) 'dataset_with_extra_from_classic_operator', 'dataset_with_extra_by_context', 'dataset_with_extra_by_yield' retrieved from /home/AtlasRise/airflow/airflow_env/lib/python3.12/site-packages/airflow/example_dags/example_outlet_event_extra.py
[2024-11-18T20:50:05.825+0500] {logging_mixin.py:190} INFO - [2024-11-18T20:50:05.825+0500] {dag.py:3239} INFO - Sync 3 DAGs
[2024-11-18T20:50:05.860+0500] {logging_mixin.py:190} INFO - [2024-11-18T20:50:05.860+0500] {dag.py:4180} INFO - Setting next_dagrun for dataset_with_extra_by_context to 2024-11-17 00:00:00+00:00, run_after=2024-11-18 00:00:00+00:00
[2024-11-18T20:50:05.868+0500] {logging_mixin.py:190} INFO - [2024-11-18T20:50:05.868+0500] {dag.py:4180} INFO - Setting next_dagrun for dataset_with_extra_by_yield to 2024-11-17 00:00:00+00:00, run_after=2024-11-18 00:00:00+00:00
[2024-11-18T20:50:05.872+0500] {logging_mixin.py:190} INFO - [2024-11-18T20:50:05.871+0500] {dag.py:4180} INFO - Setting next_dagrun for dataset_with_extra_from_classic_operator to 2024-11-17 00:00:00+00:00, run_after=2024-11-18 00:00:00+00:00
[2024-11-18T20:50:05.915+0500] {processor.py:208} INFO - Processing /home/AtlasRise/airflow/airflow_env/lib/python3.12/site-packages/airflow/example_dags/example_outlet_event_extra.py took 0.154 seconds
[2024-11-18T20:51:17.909+0500] {processor.py:186} INFO - Started process (PID=19957) to work on /home/AtlasRise/airflow/airflow_env/lib/python3.12/site-packages/airflow/example_dags/example_outlet_event_extra.py
[2024-11-18T20:51:17.910+0500] {processor.py:914} INFO - Processing file /home/AtlasRise/airflow/airflow_env/lib/python3.12/site-packages/airflow/example_dags/example_outlet_event_extra.py for tasks to queue
[2024-11-18T20:51:17.913+0500] {logging_mixin.py:190} INFO - [2024-11-18T20:51:17.913+0500] {dagbag.py:588} INFO - Filling up the DagBag from /home/AtlasRise/airflow/airflow_env/lib/python3.12/site-packages/airflow/example_dags/example_outlet_event_extra.py
[2024-11-18T20:51:17.934+0500] {processor.py:925} INFO - DAG(s) 'dataset_with_extra_by_yield', 'dataset_with_extra_by_context', 'dataset_with_extra_from_classic_operator' retrieved from /home/AtlasRise/airflow/airflow_env/lib/python3.12/site-packages/airflow/example_dags/example_outlet_event_extra.py
[2024-11-18T20:51:17.966+0500] {logging_mixin.py:190} INFO - [2024-11-18T20:51:17.966+0500] {dag.py:3239} INFO - Sync 3 DAGs
[2024-11-18T20:51:18.002+0500] {logging_mixin.py:190} INFO - [2024-11-18T20:51:18.001+0500] {dag.py:4180} INFO - Setting next_dagrun for dataset_with_extra_by_context to 2024-11-17 00:00:00+00:00, run_after=2024-11-18 00:00:00+00:00
[2024-11-18T20:51:18.009+0500] {logging_mixin.py:190} INFO - [2024-11-18T20:51:18.009+0500] {dag.py:4180} INFO - Setting next_dagrun for dataset_with_extra_by_yield to 2024-11-17 00:00:00+00:00, run_after=2024-11-18 00:00:00+00:00
[2024-11-18T20:51:18.013+0500] {logging_mixin.py:190} INFO - [2024-11-18T20:51:18.013+0500] {dag.py:4180} INFO - Setting next_dagrun for dataset_with_extra_from_classic_operator to 2024-11-17 00:00:00+00:00, run_after=2024-11-18 00:00:00+00:00
[2024-11-18T20:51:18.049+0500] {processor.py:208} INFO - Processing /home/AtlasRise/airflow/airflow_env/lib/python3.12/site-packages/airflow/example_dags/example_outlet_event_extra.py took 0.149 seconds
[2024-11-18T20:52:28.387+0500] {processor.py:186} INFO - Started process (PID=20045) to work on /home/AtlasRise/airflow/airflow_env/lib/python3.12/site-packages/airflow/example_dags/example_outlet_event_extra.py
[2024-11-18T20:52:28.388+0500] {processor.py:914} INFO - Processing file /home/AtlasRise/airflow/airflow_env/lib/python3.12/site-packages/airflow/example_dags/example_outlet_event_extra.py for tasks to queue
[2024-11-18T20:52:28.392+0500] {logging_mixin.py:190} INFO - [2024-11-18T20:52:28.391+0500] {dagbag.py:588} INFO - Filling up the DagBag from /home/AtlasRise/airflow/airflow_env/lib/python3.12/site-packages/airflow/example_dags/example_outlet_event_extra.py
[2024-11-18T20:52:28.414+0500] {processor.py:925} INFO - DAG(s) 'dataset_with_extra_by_context', 'dataset_with_extra_from_classic_operator', 'dataset_with_extra_by_yield' retrieved from /home/AtlasRise/airflow/airflow_env/lib/python3.12/site-packages/airflow/example_dags/example_outlet_event_extra.py
[2024-11-18T20:52:28.446+0500] {logging_mixin.py:190} INFO - [2024-11-18T20:52:28.445+0500] {dag.py:3239} INFO - Sync 3 DAGs
[2024-11-18T20:52:28.482+0500] {logging_mixin.py:190} INFO - [2024-11-18T20:52:28.482+0500] {dag.py:4180} INFO - Setting next_dagrun for dataset_with_extra_by_context to 2024-11-17 00:00:00+00:00, run_after=2024-11-18 00:00:00+00:00
[2024-11-18T20:52:28.490+0500] {logging_mixin.py:190} INFO - [2024-11-18T20:52:28.489+0500] {dag.py:4180} INFO - Setting next_dagrun for dataset_with_extra_by_yield to 2024-11-17 00:00:00+00:00, run_after=2024-11-18 00:00:00+00:00
[2024-11-18T20:52:28.493+0500] {logging_mixin.py:190} INFO - [2024-11-18T20:52:28.493+0500] {dag.py:4180} INFO - Setting next_dagrun for dataset_with_extra_from_classic_operator to 2024-11-17 00:00:00+00:00, run_after=2024-11-18 00:00:00+00:00
[2024-11-18T20:52:28.530+0500] {processor.py:208} INFO - Processing /home/AtlasRise/airflow/airflow_env/lib/python3.12/site-packages/airflow/example_dags/example_outlet_event_extra.py took 0.151 seconds
[2024-11-18T20:53:35.624+0500] {processor.py:186} INFO - Started process (PID=20117) to work on /home/AtlasRise/airflow/airflow_env/lib/python3.12/site-packages/airflow/example_dags/example_outlet_event_extra.py
[2024-11-18T20:53:35.627+0500] {processor.py:914} INFO - Processing file /home/AtlasRise/airflow/airflow_env/lib/python3.12/site-packages/airflow/example_dags/example_outlet_event_extra.py for tasks to queue
[2024-11-18T20:53:35.630+0500] {logging_mixin.py:190} INFO - [2024-11-18T20:53:35.629+0500] {dagbag.py:588} INFO - Filling up the DagBag from /home/AtlasRise/airflow/airflow_env/lib/python3.12/site-packages/airflow/example_dags/example_outlet_event_extra.py
[2024-11-18T20:53:35.651+0500] {processor.py:925} INFO - DAG(s) 'dataset_with_extra_by_context', 'dataset_with_extra_by_yield', 'dataset_with_extra_from_classic_operator' retrieved from /home/AtlasRise/airflow/airflow_env/lib/python3.12/site-packages/airflow/example_dags/example_outlet_event_extra.py
[2024-11-18T20:53:35.684+0500] {logging_mixin.py:190} INFO - [2024-11-18T20:53:35.683+0500] {dag.py:3239} INFO - Sync 3 DAGs
[2024-11-18T20:53:35.720+0500] {logging_mixin.py:190} INFO - [2024-11-18T20:53:35.719+0500] {dag.py:4180} INFO - Setting next_dagrun for dataset_with_extra_by_context to 2024-11-17 00:00:00+00:00, run_after=2024-11-18 00:00:00+00:00
[2024-11-18T20:53:35.727+0500] {logging_mixin.py:190} INFO - [2024-11-18T20:53:35.727+0500] {dag.py:4180} INFO - Setting next_dagrun for dataset_with_extra_by_yield to 2024-11-17 00:00:00+00:00, run_after=2024-11-18 00:00:00+00:00
[2024-11-18T20:53:35.731+0500] {logging_mixin.py:190} INFO - [2024-11-18T20:53:35.730+0500] {dag.py:4180} INFO - Setting next_dagrun for dataset_with_extra_from_classic_operator to 2024-11-17 00:00:00+00:00, run_after=2024-11-18 00:00:00+00:00
[2024-11-18T20:53:35.768+0500] {processor.py:208} INFO - Processing /home/AtlasRise/airflow/airflow_env/lib/python3.12/site-packages/airflow/example_dags/example_outlet_event_extra.py took 0.151 seconds
[2024-11-18T20:54:52.386+0500] {processor.py:186} INFO - Started process (PID=20212) to work on /home/AtlasRise/airflow/airflow_env/lib/python3.12/site-packages/airflow/example_dags/example_outlet_event_extra.py
[2024-11-18T20:54:52.389+0500] {processor.py:914} INFO - Processing file /home/AtlasRise/airflow/airflow_env/lib/python3.12/site-packages/airflow/example_dags/example_outlet_event_extra.py for tasks to queue
[2024-11-18T20:54:52.392+0500] {logging_mixin.py:190} INFO - [2024-11-18T20:54:52.391+0500] {dagbag.py:588} INFO - Filling up the DagBag from /home/AtlasRise/airflow/airflow_env/lib/python3.12/site-packages/airflow/example_dags/example_outlet_event_extra.py
[2024-11-18T20:54:52.414+0500] {processor.py:925} INFO - DAG(s) 'dataset_with_extra_from_classic_operator', 'dataset_with_extra_by_yield', 'dataset_with_extra_by_context' retrieved from /home/AtlasRise/airflow/airflow_env/lib/python3.12/site-packages/airflow/example_dags/example_outlet_event_extra.py
[2024-11-18T20:54:52.492+0500] {logging_mixin.py:190} INFO - [2024-11-18T20:54:52.492+0500] {dag.py:3239} INFO - Sync 3 DAGs
[2024-11-18T20:54:52.559+0500] {logging_mixin.py:190} INFO - [2024-11-18T20:54:52.559+0500] {dag.py:4180} INFO - Setting next_dagrun for dataset_with_extra_by_context to 2024-11-17 00:00:00+00:00, run_after=2024-11-18 00:00:00+00:00
[2024-11-18T20:54:52.568+0500] {logging_mixin.py:190} INFO - [2024-11-18T20:54:52.568+0500] {dag.py:4180} INFO - Setting next_dagrun for dataset_with_extra_by_yield to 2024-11-17 00:00:00+00:00, run_after=2024-11-18 00:00:00+00:00
[2024-11-18T20:54:52.579+0500] {logging_mixin.py:190} INFO - [2024-11-18T20:54:52.578+0500] {dag.py:4180} INFO - Setting next_dagrun for dataset_with_extra_from_classic_operator to 2024-11-17 00:00:00+00:00, run_after=2024-11-18 00:00:00+00:00
[2024-11-18T20:54:52.640+0500] {processor.py:208} INFO - Processing /home/AtlasRise/airflow/airflow_env/lib/python3.12/site-packages/airflow/example_dags/example_outlet_event_extra.py took 0.262 seconds
[2024-11-18T20:56:16.590+0500] {processor.py:186} INFO - Started process (PID=20299) to work on /home/AtlasRise/airflow/airflow_env/lib/python3.12/site-packages/airflow/example_dags/example_outlet_event_extra.py
[2024-11-18T20:56:16.591+0500] {processor.py:914} INFO - Processing file /home/AtlasRise/airflow/airflow_env/lib/python3.12/site-packages/airflow/example_dags/example_outlet_event_extra.py for tasks to queue
[2024-11-18T20:56:16.595+0500] {logging_mixin.py:190} INFO - [2024-11-18T20:56:16.594+0500] {dagbag.py:588} INFO - Filling up the DagBag from /home/AtlasRise/airflow/airflow_env/lib/python3.12/site-packages/airflow/example_dags/example_outlet_event_extra.py
[2024-11-18T20:56:16.616+0500] {processor.py:925} INFO - DAG(s) 'dataset_with_extra_by_yield', 'dataset_with_extra_by_context', 'dataset_with_extra_from_classic_operator' retrieved from /home/AtlasRise/airflow/airflow_env/lib/python3.12/site-packages/airflow/example_dags/example_outlet_event_extra.py
[2024-11-18T20:56:16.649+0500] {logging_mixin.py:190} INFO - [2024-11-18T20:56:16.649+0500] {dag.py:3239} INFO - Sync 3 DAGs
[2024-11-18T20:56:16.689+0500] {logging_mixin.py:190} INFO - [2024-11-18T20:56:16.688+0500] {dag.py:4180} INFO - Setting next_dagrun for dataset_with_extra_by_context to 2024-11-17 00:00:00+00:00, run_after=2024-11-18 00:00:00+00:00
[2024-11-18T20:56:16.696+0500] {logging_mixin.py:190} INFO - [2024-11-18T20:56:16.696+0500] {dag.py:4180} INFO - Setting next_dagrun for dataset_with_extra_by_yield to 2024-11-17 00:00:00+00:00, run_after=2024-11-18 00:00:00+00:00
[2024-11-18T20:56:16.701+0500] {logging_mixin.py:190} INFO - [2024-11-18T20:56:16.701+0500] {dag.py:4180} INFO - Setting next_dagrun for dataset_with_extra_from_classic_operator to 2024-11-17 00:00:00+00:00, run_after=2024-11-18 00:00:00+00:00
[2024-11-18T20:56:16.754+0500] {processor.py:208} INFO - Processing /home/AtlasRise/airflow/airflow_env/lib/python3.12/site-packages/airflow/example_dags/example_outlet_event_extra.py took 0.173 seconds
[2024-11-18T20:57:31.098+0500] {processor.py:186} INFO - Started process (PID=20385) to work on /home/AtlasRise/airflow/airflow_env/lib/python3.12/site-packages/airflow/example_dags/example_outlet_event_extra.py
[2024-11-18T20:57:31.100+0500] {processor.py:914} INFO - Processing file /home/AtlasRise/airflow/airflow_env/lib/python3.12/site-packages/airflow/example_dags/example_outlet_event_extra.py for tasks to queue
[2024-11-18T20:57:31.105+0500] {logging_mixin.py:190} INFO - [2024-11-18T20:57:31.104+0500] {dagbag.py:588} INFO - Filling up the DagBag from /home/AtlasRise/airflow/airflow_env/lib/python3.12/site-packages/airflow/example_dags/example_outlet_event_extra.py
[2024-11-18T20:57:31.126+0500] {processor.py:925} INFO - DAG(s) 'dataset_with_extra_from_classic_operator', 'dataset_with_extra_by_context', 'dataset_with_extra_by_yield' retrieved from /home/AtlasRise/airflow/airflow_env/lib/python3.12/site-packages/airflow/example_dags/example_outlet_event_extra.py
[2024-11-18T20:57:31.159+0500] {logging_mixin.py:190} INFO - [2024-11-18T20:57:31.158+0500] {dag.py:3239} INFO - Sync 3 DAGs
[2024-11-18T20:57:31.195+0500] {logging_mixin.py:190} INFO - [2024-11-18T20:57:31.194+0500] {dag.py:4180} INFO - Setting next_dagrun for dataset_with_extra_by_context to 2024-11-17 00:00:00+00:00, run_after=2024-11-18 00:00:00+00:00
[2024-11-18T20:57:31.202+0500] {logging_mixin.py:190} INFO - [2024-11-18T20:57:31.202+0500] {dag.py:4180} INFO - Setting next_dagrun for dataset_with_extra_by_yield to 2024-11-17 00:00:00+00:00, run_after=2024-11-18 00:00:00+00:00
[2024-11-18T20:57:31.207+0500] {logging_mixin.py:190} INFO - [2024-11-18T20:57:31.206+0500] {dag.py:4180} INFO - Setting next_dagrun for dataset_with_extra_from_classic_operator to 2024-11-17 00:00:00+00:00, run_after=2024-11-18 00:00:00+00:00
[2024-11-18T20:57:31.243+0500] {processor.py:208} INFO - Processing /home/AtlasRise/airflow/airflow_env/lib/python3.12/site-packages/airflow/example_dags/example_outlet_event_extra.py took 0.154 seconds
[2024-11-18T20:58:41.566+0500] {processor.py:186} INFO - Started process (PID=20476) to work on /home/AtlasRise/airflow/airflow_env/lib/python3.12/site-packages/airflow/example_dags/example_outlet_event_extra.py
[2024-11-18T20:58:41.568+0500] {processor.py:914} INFO - Processing file /home/AtlasRise/airflow/airflow_env/lib/python3.12/site-packages/airflow/example_dags/example_outlet_event_extra.py for tasks to queue
[2024-11-18T20:58:41.571+0500] {logging_mixin.py:190} INFO - [2024-11-18T20:58:41.570+0500] {dagbag.py:588} INFO - Filling up the DagBag from /home/AtlasRise/airflow/airflow_env/lib/python3.12/site-packages/airflow/example_dags/example_outlet_event_extra.py
[2024-11-18T20:58:41.592+0500] {processor.py:925} INFO - DAG(s) 'dataset_with_extra_by_context', 'dataset_with_extra_by_yield', 'dataset_with_extra_from_classic_operator' retrieved from /home/AtlasRise/airflow/airflow_env/lib/python3.12/site-packages/airflow/example_dags/example_outlet_event_extra.py
[2024-11-18T20:58:41.624+0500] {logging_mixin.py:190} INFO - [2024-11-18T20:58:41.623+0500] {dag.py:3239} INFO - Sync 3 DAGs
[2024-11-18T20:58:41.660+0500] {logging_mixin.py:190} INFO - [2024-11-18T20:58:41.659+0500] {dag.py:4180} INFO - Setting next_dagrun for dataset_with_extra_by_context to 2024-11-17 00:00:00+00:00, run_after=2024-11-18 00:00:00+00:00
[2024-11-18T20:58:41.667+0500] {logging_mixin.py:190} INFO - [2024-11-18T20:58:41.667+0500] {dag.py:4180} INFO - Setting next_dagrun for dataset_with_extra_by_yield to 2024-11-17 00:00:00+00:00, run_after=2024-11-18 00:00:00+00:00
[2024-11-18T20:58:41.671+0500] {logging_mixin.py:190} INFO - [2024-11-18T20:58:41.671+0500] {dag.py:4180} INFO - Setting next_dagrun for dataset_with_extra_from_classic_operator to 2024-11-17 00:00:00+00:00, run_after=2024-11-18 00:00:00+00:00
[2024-11-18T20:58:41.707+0500] {processor.py:208} INFO - Processing /home/AtlasRise/airflow/airflow_env/lib/python3.12/site-packages/airflow/example_dags/example_outlet_event_extra.py took 0.149 seconds
[2024-11-18T20:59:53.097+0500] {processor.py:186} INFO - Started process (PID=20554) to work on /home/AtlasRise/airflow/airflow_env/lib/python3.12/site-packages/airflow/example_dags/example_outlet_event_extra.py
[2024-11-18T20:59:53.098+0500] {processor.py:914} INFO - Processing file /home/AtlasRise/airflow/airflow_env/lib/python3.12/site-packages/airflow/example_dags/example_outlet_event_extra.py for tasks to queue
[2024-11-18T20:59:53.101+0500] {logging_mixin.py:190} INFO - [2024-11-18T20:59:53.101+0500] {dagbag.py:588} INFO - Filling up the DagBag from /home/AtlasRise/airflow/airflow_env/lib/python3.12/site-packages/airflow/example_dags/example_outlet_event_extra.py
[2024-11-18T20:59:53.123+0500] {processor.py:925} INFO - DAG(s) 'dataset_with_extra_by_yield', 'dataset_with_extra_by_context', 'dataset_with_extra_from_classic_operator' retrieved from /home/AtlasRise/airflow/airflow_env/lib/python3.12/site-packages/airflow/example_dags/example_outlet_event_extra.py
[2024-11-18T20:59:53.157+0500] {logging_mixin.py:190} INFO - [2024-11-18T20:59:53.157+0500] {dag.py:3239} INFO - Sync 3 DAGs
[2024-11-18T20:59:53.195+0500] {logging_mixin.py:190} INFO - [2024-11-18T20:59:53.195+0500] {dag.py:4180} INFO - Setting next_dagrun for dataset_with_extra_by_context to 2024-11-17 00:00:00+00:00, run_after=2024-11-18 00:00:00+00:00
[2024-11-18T20:59:53.203+0500] {logging_mixin.py:190} INFO - [2024-11-18T20:59:53.202+0500] {dag.py:4180} INFO - Setting next_dagrun for dataset_with_extra_by_yield to 2024-11-17 00:00:00+00:00, run_after=2024-11-18 00:00:00+00:00
[2024-11-18T20:59:53.207+0500] {logging_mixin.py:190} INFO - [2024-11-18T20:59:53.206+0500] {dag.py:4180} INFO - Setting next_dagrun for dataset_with_extra_from_classic_operator to 2024-11-17 00:00:00+00:00, run_after=2024-11-18 00:00:00+00:00
[2024-11-18T20:59:53.245+0500] {processor.py:208} INFO - Processing /home/AtlasRise/airflow/airflow_env/lib/python3.12/site-packages/airflow/example_dags/example_outlet_event_extra.py took 0.157 seconds
[2024-11-18T21:01:02.902+0500] {processor.py:186} INFO - Started process (PID=20635) to work on /home/AtlasRise/airflow/airflow_env/lib/python3.12/site-packages/airflow/example_dags/example_outlet_event_extra.py
[2024-11-18T21:01:02.905+0500] {processor.py:914} INFO - Processing file /home/AtlasRise/airflow/airflow_env/lib/python3.12/site-packages/airflow/example_dags/example_outlet_event_extra.py for tasks to queue
[2024-11-18T21:01:02.908+0500] {logging_mixin.py:190} INFO - [2024-11-18T21:01:02.908+0500] {dagbag.py:588} INFO - Filling up the DagBag from /home/AtlasRise/airflow/airflow_env/lib/python3.12/site-packages/airflow/example_dags/example_outlet_event_extra.py
[2024-11-18T21:01:02.929+0500] {processor.py:925} INFO - DAG(s) 'dataset_with_extra_from_classic_operator', 'dataset_with_extra_by_yield', 'dataset_with_extra_by_context' retrieved from /home/AtlasRise/airflow/airflow_env/lib/python3.12/site-packages/airflow/example_dags/example_outlet_event_extra.py
[2024-11-18T21:01:02.962+0500] {logging_mixin.py:190} INFO - [2024-11-18T21:01:02.962+0500] {dag.py:3239} INFO - Sync 3 DAGs
[2024-11-18T21:01:02.998+0500] {logging_mixin.py:190} INFO - [2024-11-18T21:01:02.998+0500] {dag.py:4180} INFO - Setting next_dagrun for dataset_with_extra_by_context to 2024-11-17 00:00:00+00:00, run_after=2024-11-18 00:00:00+00:00
[2024-11-18T21:01:03.006+0500] {logging_mixin.py:190} INFO - [2024-11-18T21:01:03.006+0500] {dag.py:4180} INFO - Setting next_dagrun for dataset_with_extra_by_yield to 2024-11-17 00:00:00+00:00, run_after=2024-11-18 00:00:00+00:00
[2024-11-18T21:01:03.009+0500] {logging_mixin.py:190} INFO - [2024-11-18T21:01:03.009+0500] {dag.py:4180} INFO - Setting next_dagrun for dataset_with_extra_from_classic_operator to 2024-11-17 00:00:00+00:00, run_after=2024-11-18 00:00:00+00:00
[2024-11-18T21:01:03.045+0500] {processor.py:208} INFO - Processing /home/AtlasRise/airflow/airflow_env/lib/python3.12/site-packages/airflow/example_dags/example_outlet_event_extra.py took 0.150 seconds
[2024-11-18T21:02:09.411+0500] {processor.py:186} INFO - Started process (PID=20708) to work on /home/AtlasRise/airflow/airflow_env/lib/python3.12/site-packages/airflow/example_dags/example_outlet_event_extra.py
[2024-11-18T21:02:09.413+0500] {processor.py:914} INFO - Processing file /home/AtlasRise/airflow/airflow_env/lib/python3.12/site-packages/airflow/example_dags/example_outlet_event_extra.py for tasks to queue
[2024-11-18T21:02:09.416+0500] {logging_mixin.py:190} INFO - [2024-11-18T21:02:09.416+0500] {dagbag.py:588} INFO - Filling up the DagBag from /home/AtlasRise/airflow/airflow_env/lib/python3.12/site-packages/airflow/example_dags/example_outlet_event_extra.py
[2024-11-18T21:02:09.437+0500] {processor.py:925} INFO - DAG(s) 'dataset_with_extra_by_yield', 'dataset_with_extra_by_context', 'dataset_with_extra_from_classic_operator' retrieved from /home/AtlasRise/airflow/airflow_env/lib/python3.12/site-packages/airflow/example_dags/example_outlet_event_extra.py
[2024-11-18T21:02:09.469+0500] {logging_mixin.py:190} INFO - [2024-11-18T21:02:09.468+0500] {dag.py:3239} INFO - Sync 3 DAGs
[2024-11-18T21:02:09.504+0500] {logging_mixin.py:190} INFO - [2024-11-18T21:02:09.504+0500] {dag.py:4180} INFO - Setting next_dagrun for dataset_with_extra_by_context to 2024-11-17 00:00:00+00:00, run_after=2024-11-18 00:00:00+00:00
[2024-11-18T21:02:09.511+0500] {logging_mixin.py:190} INFO - [2024-11-18T21:02:09.511+0500] {dag.py:4180} INFO - Setting next_dagrun for dataset_with_extra_by_yield to 2024-11-17 00:00:00+00:00, run_after=2024-11-18 00:00:00+00:00
[2024-11-18T21:02:09.515+0500] {logging_mixin.py:190} INFO - [2024-11-18T21:02:09.515+0500] {dag.py:4180} INFO - Setting next_dagrun for dataset_with_extra_from_classic_operator to 2024-11-17 00:00:00+00:00, run_after=2024-11-18 00:00:00+00:00
[2024-11-18T21:02:09.550+0500] {processor.py:208} INFO - Processing /home/AtlasRise/airflow/airflow_env/lib/python3.12/site-packages/airflow/example_dags/example_outlet_event_extra.py took 0.147 seconds
[2024-11-18T21:03:23.009+0500] {processor.py:186} INFO - Started process (PID=20783) to work on /home/AtlasRise/airflow/airflow_env/lib/python3.12/site-packages/airflow/example_dags/example_outlet_event_extra.py
[2024-11-18T21:03:23.012+0500] {processor.py:914} INFO - Processing file /home/AtlasRise/airflow/airflow_env/lib/python3.12/site-packages/airflow/example_dags/example_outlet_event_extra.py for tasks to queue
[2024-11-18T21:03:23.015+0500] {logging_mixin.py:190} INFO - [2024-11-18T21:03:23.014+0500] {dagbag.py:588} INFO - Filling up the DagBag from /home/AtlasRise/airflow/airflow_env/lib/python3.12/site-packages/airflow/example_dags/example_outlet_event_extra.py
[2024-11-18T21:03:23.036+0500] {processor.py:925} INFO - DAG(s) 'dataset_with_extra_from_classic_operator', 'dataset_with_extra_by_yield', 'dataset_with_extra_by_context' retrieved from /home/AtlasRise/airflow/airflow_env/lib/python3.12/site-packages/airflow/example_dags/example_outlet_event_extra.py
[2024-11-18T21:03:23.067+0500] {logging_mixin.py:190} INFO - [2024-11-18T21:03:23.067+0500] {dag.py:3239} INFO - Sync 3 DAGs
[2024-11-18T21:03:23.105+0500] {logging_mixin.py:190} INFO - [2024-11-18T21:03:23.104+0500] {dag.py:4180} INFO - Setting next_dagrun for dataset_with_extra_by_context to 2024-11-17 00:00:00+00:00, run_after=2024-11-18 00:00:00+00:00
[2024-11-18T21:03:23.113+0500] {logging_mixin.py:190} INFO - [2024-11-18T21:03:23.112+0500] {dag.py:4180} INFO - Setting next_dagrun for dataset_with_extra_by_yield to 2024-11-17 00:00:00+00:00, run_after=2024-11-18 00:00:00+00:00
[2024-11-18T21:03:23.116+0500] {logging_mixin.py:190} INFO - [2024-11-18T21:03:23.116+0500] {dag.py:4180} INFO - Setting next_dagrun for dataset_with_extra_from_classic_operator to 2024-11-17 00:00:00+00:00, run_after=2024-11-18 00:00:00+00:00
[2024-11-18T21:03:23.150+0500] {processor.py:208} INFO - Processing /home/AtlasRise/airflow/airflow_env/lib/python3.12/site-packages/airflow/example_dags/example_outlet_event_extra.py took 0.149 seconds
[2024-11-18T21:04:28.169+0500] {processor.py:186} INFO - Started process (PID=20884) to work on /home/AtlasRise/airflow/airflow_env/lib/python3.12/site-packages/airflow/example_dags/example_outlet_event_extra.py
[2024-11-18T21:04:28.171+0500] {processor.py:914} INFO - Processing file /home/AtlasRise/airflow/airflow_env/lib/python3.12/site-packages/airflow/example_dags/example_outlet_event_extra.py for tasks to queue
[2024-11-18T21:04:28.174+0500] {logging_mixin.py:190} INFO - [2024-11-18T21:04:28.174+0500] {dagbag.py:588} INFO - Filling up the DagBag from /home/AtlasRise/airflow/airflow_env/lib/python3.12/site-packages/airflow/example_dags/example_outlet_event_extra.py
[2024-11-18T21:04:28.215+0500] {processor.py:925} INFO - DAG(s) 'dataset_with_extra_from_classic_operator', 'dataset_with_extra_by_context', 'dataset_with_extra_by_yield' retrieved from /home/AtlasRise/airflow/airflow_env/lib/python3.12/site-packages/airflow/example_dags/example_outlet_event_extra.py
[2024-11-18T21:04:28.251+0500] {logging_mixin.py:190} INFO - [2024-11-18T21:04:28.251+0500] {dag.py:3239} INFO - Sync 3 DAGs
[2024-11-18T21:04:28.290+0500] {logging_mixin.py:190} INFO - [2024-11-18T21:04:28.290+0500] {dag.py:4180} INFO - Setting next_dagrun for dataset_with_extra_by_context to 2024-11-17 00:00:00+00:00, run_after=2024-11-18 00:00:00+00:00
[2024-11-18T21:04:28.298+0500] {logging_mixin.py:190} INFO - [2024-11-18T21:04:28.298+0500] {dag.py:4180} INFO - Setting next_dagrun for dataset_with_extra_by_yield to 2024-11-17 00:00:00+00:00, run_after=2024-11-18 00:00:00+00:00
[2024-11-18T21:04:28.302+0500] {logging_mixin.py:190} INFO - [2024-11-18T21:04:28.302+0500] {dag.py:4180} INFO - Setting next_dagrun for dataset_with_extra_from_classic_operator to 2024-11-17 00:00:00+00:00, run_after=2024-11-18 00:00:00+00:00
[2024-11-18T21:04:28.341+0500] {processor.py:208} INFO - Processing /home/AtlasRise/airflow/airflow_env/lib/python3.12/site-packages/airflow/example_dags/example_outlet_event_extra.py took 0.184 seconds
[2024-11-18T21:05:35.816+0500] {processor.py:186} INFO - Started process (PID=20967) to work on /home/AtlasRise/airflow/airflow_env/lib/python3.12/site-packages/airflow/example_dags/example_outlet_event_extra.py
[2024-11-18T21:05:35.819+0500] {processor.py:914} INFO - Processing file /home/AtlasRise/airflow/airflow_env/lib/python3.12/site-packages/airflow/example_dags/example_outlet_event_extra.py for tasks to queue
[2024-11-18T21:05:35.822+0500] {logging_mixin.py:190} INFO - [2024-11-18T21:05:35.821+0500] {dagbag.py:588} INFO - Filling up the DagBag from /home/AtlasRise/airflow/airflow_env/lib/python3.12/site-packages/airflow/example_dags/example_outlet_event_extra.py
[2024-11-18T21:05:35.843+0500] {processor.py:925} INFO - DAG(s) 'dataset_with_extra_by_yield', 'dataset_with_extra_by_context', 'dataset_with_extra_from_classic_operator' retrieved from /home/AtlasRise/airflow/airflow_env/lib/python3.12/site-packages/airflow/example_dags/example_outlet_event_extra.py
[2024-11-18T21:05:35.875+0500] {logging_mixin.py:190} INFO - [2024-11-18T21:05:35.875+0500] {dag.py:3239} INFO - Sync 3 DAGs
[2024-11-18T21:05:35.911+0500] {logging_mixin.py:190} INFO - [2024-11-18T21:05:35.911+0500] {dag.py:4180} INFO - Setting next_dagrun for dataset_with_extra_by_context to 2024-11-17 00:00:00+00:00, run_after=2024-11-18 00:00:00+00:00
[2024-11-18T21:05:35.919+0500] {logging_mixin.py:190} INFO - [2024-11-18T21:05:35.918+0500] {dag.py:4180} INFO - Setting next_dagrun for dataset_with_extra_by_yield to 2024-11-17 00:00:00+00:00, run_after=2024-11-18 00:00:00+00:00
[2024-11-18T21:05:35.922+0500] {logging_mixin.py:190} INFO - [2024-11-18T21:05:35.922+0500] {dag.py:4180} INFO - Setting next_dagrun for dataset_with_extra_from_classic_operator to 2024-11-17 00:00:00+00:00, run_after=2024-11-18 00:00:00+00:00
[2024-11-18T21:05:35.958+0500] {processor.py:208} INFO - Processing /home/AtlasRise/airflow/airflow_env/lib/python3.12/site-packages/airflow/example_dags/example_outlet_event_extra.py took 0.149 seconds
[2024-11-18T21:06:48.482+0500] {processor.py:186} INFO - Started process (PID=21056) to work on /home/AtlasRise/airflow/airflow_env/lib/python3.12/site-packages/airflow/example_dags/example_outlet_event_extra.py
[2024-11-18T21:06:48.484+0500] {processor.py:914} INFO - Processing file /home/AtlasRise/airflow/airflow_env/lib/python3.12/site-packages/airflow/example_dags/example_outlet_event_extra.py for tasks to queue
[2024-11-18T21:06:48.487+0500] {logging_mixin.py:190} INFO - [2024-11-18T21:06:48.487+0500] {dagbag.py:588} INFO - Filling up the DagBag from /home/AtlasRise/airflow/airflow_env/lib/python3.12/site-packages/airflow/example_dags/example_outlet_event_extra.py
[2024-11-18T21:06:48.510+0500] {processor.py:925} INFO - DAG(s) 'dataset_with_extra_from_classic_operator', 'dataset_with_extra_by_yield', 'dataset_with_extra_by_context' retrieved from /home/AtlasRise/airflow/airflow_env/lib/python3.12/site-packages/airflow/example_dags/example_outlet_event_extra.py
[2024-11-18T21:06:48.541+0500] {logging_mixin.py:190} INFO - [2024-11-18T21:06:48.541+0500] {dag.py:3239} INFO - Sync 3 DAGs
[2024-11-18T21:06:48.579+0500] {logging_mixin.py:190} INFO - [2024-11-18T21:06:48.578+0500] {dag.py:4180} INFO - Setting next_dagrun for dataset_with_extra_by_context to 2024-11-17 00:00:00+00:00, run_after=2024-11-18 00:00:00+00:00
[2024-11-18T21:06:48.586+0500] {logging_mixin.py:190} INFO - [2024-11-18T21:06:48.586+0500] {dag.py:4180} INFO - Setting next_dagrun for dataset_with_extra_by_yield to 2024-11-17 00:00:00+00:00, run_after=2024-11-18 00:00:00+00:00
[2024-11-18T21:06:48.590+0500] {logging_mixin.py:190} INFO - [2024-11-18T21:06:48.589+0500] {dag.py:4180} INFO - Setting next_dagrun for dataset_with_extra_from_classic_operator to 2024-11-17 00:00:00+00:00, run_after=2024-11-18 00:00:00+00:00
[2024-11-18T21:06:48.624+0500] {processor.py:208} INFO - Processing /home/AtlasRise/airflow/airflow_env/lib/python3.12/site-packages/airflow/example_dags/example_outlet_event_extra.py took 0.150 seconds
[2024-11-18T21:08:03.888+0500] {processor.py:186} INFO - Started process (PID=21139) to work on /home/AtlasRise/airflow/airflow_env/lib/python3.12/site-packages/airflow/example_dags/example_outlet_event_extra.py
[2024-11-18T21:08:03.890+0500] {processor.py:914} INFO - Processing file /home/AtlasRise/airflow/airflow_env/lib/python3.12/site-packages/airflow/example_dags/example_outlet_event_extra.py for tasks to queue
[2024-11-18T21:08:03.893+0500] {logging_mixin.py:190} INFO - [2024-11-18T21:08:03.892+0500] {dagbag.py:588} INFO - Filling up the DagBag from /home/AtlasRise/airflow/airflow_env/lib/python3.12/site-packages/airflow/example_dags/example_outlet_event_extra.py
[2024-11-18T21:08:03.917+0500] {processor.py:925} INFO - DAG(s) 'dataset_with_extra_from_classic_operator', 'dataset_with_extra_by_context', 'dataset_with_extra_by_yield' retrieved from /home/AtlasRise/airflow/airflow_env/lib/python3.12/site-packages/airflow/example_dags/example_outlet_event_extra.py
[2024-11-18T21:08:03.951+0500] {logging_mixin.py:190} INFO - [2024-11-18T21:08:03.951+0500] {dag.py:3239} INFO - Sync 3 DAGs
[2024-11-18T21:08:03.991+0500] {logging_mixin.py:190} INFO - [2024-11-18T21:08:03.990+0500] {dag.py:4180} INFO - Setting next_dagrun for dataset_with_extra_by_context to 2024-11-17 00:00:00+00:00, run_after=2024-11-18 00:00:00+00:00
[2024-11-18T21:08:03.999+0500] {logging_mixin.py:190} INFO - [2024-11-18T21:08:03.999+0500] {dag.py:4180} INFO - Setting next_dagrun for dataset_with_extra_by_yield to 2024-11-17 00:00:00+00:00, run_after=2024-11-18 00:00:00+00:00
[2024-11-18T21:08:04.003+0500] {logging_mixin.py:190} INFO - [2024-11-18T21:08:04.002+0500] {dag.py:4180} INFO - Setting next_dagrun for dataset_with_extra_from_classic_operator to 2024-11-17 00:00:00+00:00, run_after=2024-11-18 00:00:00+00:00
[2024-11-18T21:08:04.040+0500] {processor.py:208} INFO - Processing /home/AtlasRise/airflow/airflow_env/lib/python3.12/site-packages/airflow/example_dags/example_outlet_event_extra.py took 0.160 seconds
[2024-11-18T21:09:10.785+0500] {processor.py:186} INFO - Started process (PID=21222) to work on /home/AtlasRise/airflow/airflow_env/lib/python3.12/site-packages/airflow/example_dags/example_outlet_event_extra.py
[2024-11-18T21:09:10.786+0500] {processor.py:914} INFO - Processing file /home/AtlasRise/airflow/airflow_env/lib/python3.12/site-packages/airflow/example_dags/example_outlet_event_extra.py for tasks to queue
[2024-11-18T21:09:10.789+0500] {logging_mixin.py:190} INFO - [2024-11-18T21:09:10.789+0500] {dagbag.py:588} INFO - Filling up the DagBag from /home/AtlasRise/airflow/airflow_env/lib/python3.12/site-packages/airflow/example_dags/example_outlet_event_extra.py
[2024-11-18T21:09:10.810+0500] {processor.py:925} INFO - DAG(s) 'dataset_with_extra_by_yield', 'dataset_with_extra_from_classic_operator', 'dataset_with_extra_by_context' retrieved from /home/AtlasRise/airflow/airflow_env/lib/python3.12/site-packages/airflow/example_dags/example_outlet_event_extra.py
[2024-11-18T21:09:10.841+0500] {logging_mixin.py:190} INFO - [2024-11-18T21:09:10.841+0500] {dag.py:3239} INFO - Sync 3 DAGs
[2024-11-18T21:09:10.878+0500] {logging_mixin.py:190} INFO - [2024-11-18T21:09:10.878+0500] {dag.py:4180} INFO - Setting next_dagrun for dataset_with_extra_by_context to 2024-11-17 00:00:00+00:00, run_after=2024-11-18 00:00:00+00:00
[2024-11-18T21:09:10.885+0500] {logging_mixin.py:190} INFO - [2024-11-18T21:09:10.885+0500] {dag.py:4180} INFO - Setting next_dagrun for dataset_with_extra_by_yield to 2024-11-17 00:00:00+00:00, run_after=2024-11-18 00:00:00+00:00
[2024-11-18T21:09:10.889+0500] {logging_mixin.py:190} INFO - [2024-11-18T21:09:10.889+0500] {dag.py:4180} INFO - Setting next_dagrun for dataset_with_extra_from_classic_operator to 2024-11-17 00:00:00+00:00, run_after=2024-11-18 00:00:00+00:00
[2024-11-18T21:09:10.924+0500] {processor.py:208} INFO - Processing /home/AtlasRise/airflow/airflow_env/lib/python3.12/site-packages/airflow/example_dags/example_outlet_event_extra.py took 0.148 seconds
[2024-11-18T21:10:20.124+0500] {processor.py:186} INFO - Started process (PID=21318) to work on /home/AtlasRise/airflow/airflow_env/lib/python3.12/site-packages/airflow/example_dags/example_outlet_event_extra.py
[2024-11-18T21:10:20.125+0500] {processor.py:914} INFO - Processing file /home/AtlasRise/airflow/airflow_env/lib/python3.12/site-packages/airflow/example_dags/example_outlet_event_extra.py for tasks to queue
[2024-11-18T21:10:20.128+0500] {logging_mixin.py:190} INFO - [2024-11-18T21:10:20.127+0500] {dagbag.py:588} INFO - Filling up the DagBag from /home/AtlasRise/airflow/airflow_env/lib/python3.12/site-packages/airflow/example_dags/example_outlet_event_extra.py
[2024-11-18T21:10:20.149+0500] {processor.py:925} INFO - DAG(s) 'dataset_with_extra_by_context', 'dataset_with_extra_by_yield', 'dataset_with_extra_from_classic_operator' retrieved from /home/AtlasRise/airflow/airflow_env/lib/python3.12/site-packages/airflow/example_dags/example_outlet_event_extra.py
[2024-11-18T21:10:20.182+0500] {logging_mixin.py:190} INFO - [2024-11-18T21:10:20.181+0500] {dag.py:3239} INFO - Sync 3 DAGs
[2024-11-18T21:10:20.219+0500] {logging_mixin.py:190} INFO - [2024-11-18T21:10:20.218+0500] {dag.py:4180} INFO - Setting next_dagrun for dataset_with_extra_by_context to 2024-11-17 00:00:00+00:00, run_after=2024-11-18 00:00:00+00:00
[2024-11-18T21:10:20.226+0500] {logging_mixin.py:190} INFO - [2024-11-18T21:10:20.226+0500] {dag.py:4180} INFO - Setting next_dagrun for dataset_with_extra_by_yield to 2024-11-17 00:00:00+00:00, run_after=2024-11-18 00:00:00+00:00
[2024-11-18T21:10:20.231+0500] {logging_mixin.py:190} INFO - [2024-11-18T21:10:20.230+0500] {dag.py:4180} INFO - Setting next_dagrun for dataset_with_extra_from_classic_operator to 2024-11-17 00:00:00+00:00, run_after=2024-11-18 00:00:00+00:00
[2024-11-18T21:10:20.277+0500] {processor.py:208} INFO - Processing /home/AtlasRise/airflow/airflow_env/lib/python3.12/site-packages/airflow/example_dags/example_outlet_event_extra.py took 0.161 seconds
[2024-11-18T21:11:35.095+0500] {processor.py:186} INFO - Started process (PID=21445) to work on /home/AtlasRise/airflow/airflow_env/lib/python3.12/site-packages/airflow/example_dags/example_outlet_event_extra.py
[2024-11-18T21:11:35.098+0500] {processor.py:914} INFO - Processing file /home/AtlasRise/airflow/airflow_env/lib/python3.12/site-packages/airflow/example_dags/example_outlet_event_extra.py for tasks to queue
[2024-11-18T21:11:35.101+0500] {logging_mixin.py:190} INFO - [2024-11-18T21:11:35.100+0500] {dagbag.py:588} INFO - Filling up the DagBag from /home/AtlasRise/airflow/airflow_env/lib/python3.12/site-packages/airflow/example_dags/example_outlet_event_extra.py
[2024-11-18T21:11:35.122+0500] {processor.py:925} INFO - DAG(s) 'dataset_with_extra_by_context', 'dataset_with_extra_from_classic_operator', 'dataset_with_extra_by_yield' retrieved from /home/AtlasRise/airflow/airflow_env/lib/python3.12/site-packages/airflow/example_dags/example_outlet_event_extra.py
[2024-11-18T21:11:35.153+0500] {logging_mixin.py:190} INFO - [2024-11-18T21:11:35.153+0500] {dag.py:3239} INFO - Sync 3 DAGs
[2024-11-18T21:11:35.189+0500] {logging_mixin.py:190} INFO - [2024-11-18T21:11:35.189+0500] {dag.py:4180} INFO - Setting next_dagrun for dataset_with_extra_by_context to 2024-11-17 00:00:00+00:00, run_after=2024-11-18 00:00:00+00:00
[2024-11-18T21:11:35.197+0500] {logging_mixin.py:190} INFO - [2024-11-18T21:11:35.197+0500] {dag.py:4180} INFO - Setting next_dagrun for dataset_with_extra_by_yield to 2024-11-17 00:00:00+00:00, run_after=2024-11-18 00:00:00+00:00
[2024-11-18T21:11:35.200+0500] {logging_mixin.py:190} INFO - [2024-11-18T21:11:35.200+0500] {dag.py:4180} INFO - Setting next_dagrun for dataset_with_extra_from_classic_operator to 2024-11-17 00:00:00+00:00, run_after=2024-11-18 00:00:00+00:00
[2024-11-18T21:11:35.236+0500] {processor.py:208} INFO - Processing /home/AtlasRise/airflow/airflow_env/lib/python3.12/site-packages/airflow/example_dags/example_outlet_event_extra.py took 0.150 seconds
[2024-11-18T21:13:29.952+0500] {processor.py:186} INFO - Started process (PID=21594) to work on /home/AtlasRise/airflow/airflow_env/lib/python3.12/site-packages/airflow/example_dags/example_outlet_event_extra.py
[2024-11-18T21:13:29.955+0500] {processor.py:914} INFO - Processing file /home/AtlasRise/airflow/airflow_env/lib/python3.12/site-packages/airflow/example_dags/example_outlet_event_extra.py for tasks to queue
[2024-11-18T21:13:29.958+0500] {logging_mixin.py:190} INFO - [2024-11-18T21:13:29.958+0500] {dagbag.py:588} INFO - Filling up the DagBag from /home/AtlasRise/airflow/airflow_env/lib/python3.12/site-packages/airflow/example_dags/example_outlet_event_extra.py
[2024-11-18T21:13:29.980+0500] {processor.py:925} INFO - DAG(s) 'dataset_with_extra_from_classic_operator', 'dataset_with_extra_by_yield', 'dataset_with_extra_by_context' retrieved from /home/AtlasRise/airflow/airflow_env/lib/python3.12/site-packages/airflow/example_dags/example_outlet_event_extra.py
[2024-11-18T21:13:30.012+0500] {logging_mixin.py:190} INFO - [2024-11-18T21:13:30.012+0500] {dag.py:3239} INFO - Sync 3 DAGs
[2024-11-18T21:13:30.048+0500] {logging_mixin.py:190} INFO - [2024-11-18T21:13:30.048+0500] {dag.py:4180} INFO - Setting next_dagrun for dataset_with_extra_by_context to 2024-11-17 00:00:00+00:00, run_after=2024-11-18 00:00:00+00:00
[2024-11-18T21:13:30.056+0500] {logging_mixin.py:190} INFO - [2024-11-18T21:13:30.055+0500] {dag.py:4180} INFO - Setting next_dagrun for dataset_with_extra_by_yield to 2024-11-17 00:00:00+00:00, run_after=2024-11-18 00:00:00+00:00
[2024-11-18T21:13:30.059+0500] {logging_mixin.py:190} INFO - [2024-11-18T21:13:30.059+0500] {dag.py:4180} INFO - Setting next_dagrun for dataset_with_extra_from_classic_operator to 2024-11-17 00:00:00+00:00, run_after=2024-11-18 00:00:00+00:00
[2024-11-18T21:13:30.096+0500] {processor.py:208} INFO - Processing /home/AtlasRise/airflow/airflow_env/lib/python3.12/site-packages/airflow/example_dags/example_outlet_event_extra.py took 0.153 seconds
[2024-11-18T21:14:58.231+0500] {processor.py:186} INFO - Started process (PID=21719) to work on /home/AtlasRise/airflow/airflow_env/lib/python3.12/site-packages/airflow/example_dags/example_outlet_event_extra.py
[2024-11-18T21:14:58.240+0500] {processor.py:914} INFO - Processing file /home/AtlasRise/airflow/airflow_env/lib/python3.12/site-packages/airflow/example_dags/example_outlet_event_extra.py for tasks to queue
[2024-11-18T21:14:58.243+0500] {logging_mixin.py:190} INFO - [2024-11-18T21:14:58.242+0500] {dagbag.py:588} INFO - Filling up the DagBag from /home/AtlasRise/airflow/airflow_env/lib/python3.12/site-packages/airflow/example_dags/example_outlet_event_extra.py
[2024-11-18T21:14:58.265+0500] {processor.py:925} INFO - DAG(s) 'dataset_with_extra_by_context', 'dataset_with_extra_from_classic_operator', 'dataset_with_extra_by_yield' retrieved from /home/AtlasRise/airflow/airflow_env/lib/python3.12/site-packages/airflow/example_dags/example_outlet_event_extra.py
[2024-11-18T21:14:58.299+0500] {logging_mixin.py:190} INFO - [2024-11-18T21:14:58.299+0500] {dag.py:3239} INFO - Sync 3 DAGs
[2024-11-18T21:14:58.340+0500] {logging_mixin.py:190} INFO - [2024-11-18T21:14:58.339+0500] {dag.py:4180} INFO - Setting next_dagrun for dataset_with_extra_by_context to 2024-11-17 00:00:00+00:00, run_after=2024-11-18 00:00:00+00:00
[2024-11-18T21:14:58.348+0500] {logging_mixin.py:190} INFO - [2024-11-18T21:14:58.347+0500] {dag.py:4180} INFO - Setting next_dagrun for dataset_with_extra_by_yield to 2024-11-17 00:00:00+00:00, run_after=2024-11-18 00:00:00+00:00
[2024-11-18T21:14:58.352+0500] {logging_mixin.py:190} INFO - [2024-11-18T21:14:58.352+0500] {dag.py:4180} INFO - Setting next_dagrun for dataset_with_extra_from_classic_operator to 2024-11-17 00:00:00+00:00, run_after=2024-11-18 00:00:00+00:00
[2024-11-18T21:14:58.391+0500] {processor.py:208} INFO - Processing /home/AtlasRise/airflow/airflow_env/lib/python3.12/site-packages/airflow/example_dags/example_outlet_event_extra.py took 0.169 seconds
[2024-11-18T21:16:31.761+0500] {processor.py:186} INFO - Started process (PID=21830) to work on /home/AtlasRise/airflow/airflow_env/lib/python3.12/site-packages/airflow/example_dags/example_outlet_event_extra.py
[2024-11-18T21:16:31.763+0500] {processor.py:914} INFO - Processing file /home/AtlasRise/airflow/airflow_env/lib/python3.12/site-packages/airflow/example_dags/example_outlet_event_extra.py for tasks to queue
[2024-11-18T21:16:31.767+0500] {logging_mixin.py:190} INFO - [2024-11-18T21:16:31.766+0500] {dagbag.py:588} INFO - Filling up the DagBag from /home/AtlasRise/airflow/airflow_env/lib/python3.12/site-packages/airflow/example_dags/example_outlet_event_extra.py
[2024-11-18T21:16:31.789+0500] {processor.py:925} INFO - DAG(s) 'dataset_with_extra_by_context', 'dataset_with_extra_from_classic_operator', 'dataset_with_extra_by_yield' retrieved from /home/AtlasRise/airflow/airflow_env/lib/python3.12/site-packages/airflow/example_dags/example_outlet_event_extra.py
[2024-11-18T21:16:31.822+0500] {logging_mixin.py:190} INFO - [2024-11-18T21:16:31.822+0500] {dag.py:3239} INFO - Sync 3 DAGs
[2024-11-18T21:16:31.861+0500] {logging_mixin.py:190} INFO - [2024-11-18T21:16:31.860+0500] {dag.py:4180} INFO - Setting next_dagrun for dataset_with_extra_by_context to 2024-11-17 00:00:00+00:00, run_after=2024-11-18 00:00:00+00:00
[2024-11-18T21:16:31.869+0500] {logging_mixin.py:190} INFO - [2024-11-18T21:16:31.868+0500] {dag.py:4180} INFO - Setting next_dagrun for dataset_with_extra_by_yield to 2024-11-17 00:00:00+00:00, run_after=2024-11-18 00:00:00+00:00
[2024-11-18T21:16:31.872+0500] {logging_mixin.py:190} INFO - [2024-11-18T21:16:31.872+0500] {dag.py:4180} INFO - Setting next_dagrun for dataset_with_extra_from_classic_operator to 2024-11-17 00:00:00+00:00, run_after=2024-11-18 00:00:00+00:00
[2024-11-18T21:16:31.911+0500] {processor.py:208} INFO - Processing /home/AtlasRise/airflow/airflow_env/lib/python3.12/site-packages/airflow/example_dags/example_outlet_event_extra.py took 0.159 seconds
[2024-11-18T21:18:17.471+0500] {processor.py:186} INFO - Started process (PID=21987) to work on /home/AtlasRise/airflow/airflow_env/lib/python3.12/site-packages/airflow/example_dags/example_outlet_event_extra.py
[2024-11-18T21:18:17.473+0500] {processor.py:914} INFO - Processing file /home/AtlasRise/airflow/airflow_env/lib/python3.12/site-packages/airflow/example_dags/example_outlet_event_extra.py for tasks to queue
[2024-11-18T21:18:17.476+0500] {logging_mixin.py:190} INFO - [2024-11-18T21:18:17.476+0500] {dagbag.py:588} INFO - Filling up the DagBag from /home/AtlasRise/airflow/airflow_env/lib/python3.12/site-packages/airflow/example_dags/example_outlet_event_extra.py
[2024-11-18T21:18:17.497+0500] {processor.py:925} INFO - DAG(s) 'dataset_with_extra_by_yield', 'dataset_with_extra_by_context', 'dataset_with_extra_from_classic_operator' retrieved from /home/AtlasRise/airflow/airflow_env/lib/python3.12/site-packages/airflow/example_dags/example_outlet_event_extra.py
[2024-11-18T21:18:17.530+0500] {logging_mixin.py:190} INFO - [2024-11-18T21:18:17.529+0500] {dag.py:3239} INFO - Sync 3 DAGs
[2024-11-18T21:18:17.566+0500] {logging_mixin.py:190} INFO - [2024-11-18T21:18:17.565+0500] {dag.py:4180} INFO - Setting next_dagrun for dataset_with_extra_by_context to 2024-11-17 00:00:00+00:00, run_after=2024-11-18 00:00:00+00:00
[2024-11-18T21:18:17.573+0500] {logging_mixin.py:190} INFO - [2024-11-18T21:18:17.573+0500] {dag.py:4180} INFO - Setting next_dagrun for dataset_with_extra_by_yield to 2024-11-17 00:00:00+00:00, run_after=2024-11-18 00:00:00+00:00
[2024-11-18T21:18:17.579+0500] {logging_mixin.py:190} INFO - [2024-11-18T21:18:17.579+0500] {dag.py:4180} INFO - Setting next_dagrun for dataset_with_extra_from_classic_operator to 2024-11-17 00:00:00+00:00, run_after=2024-11-18 00:00:00+00:00
[2024-11-18T21:18:17.615+0500] {processor.py:208} INFO - Processing /home/AtlasRise/airflow/airflow_env/lib/python3.12/site-packages/airflow/example_dags/example_outlet_event_extra.py took 0.152 seconds
[2024-11-18T21:20:07.606+0500] {processor.py:186} INFO - Started process (PID=22138) to work on /home/AtlasRise/airflow/airflow_env/lib/python3.12/site-packages/airflow/example_dags/example_outlet_event_extra.py
[2024-11-18T21:20:07.607+0500] {processor.py:914} INFO - Processing file /home/AtlasRise/airflow/airflow_env/lib/python3.12/site-packages/airflow/example_dags/example_outlet_event_extra.py for tasks to queue
[2024-11-18T21:20:07.610+0500] {logging_mixin.py:190} INFO - [2024-11-18T21:20:07.610+0500] {dagbag.py:588} INFO - Filling up the DagBag from /home/AtlasRise/airflow/airflow_env/lib/python3.12/site-packages/airflow/example_dags/example_outlet_event_extra.py
[2024-11-18T21:20:07.632+0500] {processor.py:925} INFO - DAG(s) 'dataset_with_extra_by_context', 'dataset_with_extra_from_classic_operator', 'dataset_with_extra_by_yield' retrieved from /home/AtlasRise/airflow/airflow_env/lib/python3.12/site-packages/airflow/example_dags/example_outlet_event_extra.py
[2024-11-18T21:20:07.664+0500] {logging_mixin.py:190} INFO - [2024-11-18T21:20:07.664+0500] {dag.py:3239} INFO - Sync 3 DAGs
[2024-11-18T21:20:07.702+0500] {logging_mixin.py:190} INFO - [2024-11-18T21:20:07.702+0500] {dag.py:4180} INFO - Setting next_dagrun for dataset_with_extra_by_context to 2024-11-17 00:00:00+00:00, run_after=2024-11-18 00:00:00+00:00
[2024-11-18T21:20:07.709+0500] {logging_mixin.py:190} INFO - [2024-11-18T21:20:07.709+0500] {dag.py:4180} INFO - Setting next_dagrun for dataset_with_extra_by_yield to 2024-11-17 00:00:00+00:00, run_after=2024-11-18 00:00:00+00:00
[2024-11-18T21:20:07.713+0500] {logging_mixin.py:190} INFO - [2024-11-18T21:20:07.713+0500] {dag.py:4180} INFO - Setting next_dagrun for dataset_with_extra_from_classic_operator to 2024-11-17 00:00:00+00:00, run_after=2024-11-18 00:00:00+00:00
[2024-11-18T21:20:07.752+0500] {processor.py:208} INFO - Processing /home/AtlasRise/airflow/airflow_env/lib/python3.12/site-packages/airflow/example_dags/example_outlet_event_extra.py took 0.155 seconds
[2024-11-18T21:21:18.291+0500] {processor.py:186} INFO - Started process (PID=22228) to work on /home/AtlasRise/airflow/airflow_env/lib/python3.12/site-packages/airflow/example_dags/example_outlet_event_extra.py
[2024-11-18T21:21:18.292+0500] {processor.py:914} INFO - Processing file /home/AtlasRise/airflow/airflow_env/lib/python3.12/site-packages/airflow/example_dags/example_outlet_event_extra.py for tasks to queue
[2024-11-18T21:21:18.296+0500] {logging_mixin.py:190} INFO - [2024-11-18T21:21:18.295+0500] {dagbag.py:588} INFO - Filling up the DagBag from /home/AtlasRise/airflow/airflow_env/lib/python3.12/site-packages/airflow/example_dags/example_outlet_event_extra.py
[2024-11-18T21:21:18.317+0500] {processor.py:925} INFO - DAG(s) 'dataset_with_extra_from_classic_operator', 'dataset_with_extra_by_yield', 'dataset_with_extra_by_context' retrieved from /home/AtlasRise/airflow/airflow_env/lib/python3.12/site-packages/airflow/example_dags/example_outlet_event_extra.py
[2024-11-18T21:21:18.349+0500] {logging_mixin.py:190} INFO - [2024-11-18T21:21:18.349+0500] {dag.py:3239} INFO - Sync 3 DAGs
[2024-11-18T21:21:18.385+0500] {logging_mixin.py:190} INFO - [2024-11-18T21:21:18.384+0500] {dag.py:4180} INFO - Setting next_dagrun for dataset_with_extra_by_context to 2024-11-17 00:00:00+00:00, run_after=2024-11-18 00:00:00+00:00
[2024-11-18T21:21:18.392+0500] {logging_mixin.py:190} INFO - [2024-11-18T21:21:18.392+0500] {dag.py:4180} INFO - Setting next_dagrun for dataset_with_extra_by_yield to 2024-11-17 00:00:00+00:00, run_after=2024-11-18 00:00:00+00:00
[2024-11-18T21:21:18.396+0500] {logging_mixin.py:190} INFO - [2024-11-18T21:21:18.395+0500] {dag.py:4180} INFO - Setting next_dagrun for dataset_with_extra_from_classic_operator to 2024-11-17 00:00:00+00:00, run_after=2024-11-18 00:00:00+00:00
[2024-11-18T21:21:18.433+0500] {processor.py:208} INFO - Processing /home/AtlasRise/airflow/airflow_env/lib/python3.12/site-packages/airflow/example_dags/example_outlet_event_extra.py took 0.151 seconds
[2024-11-18T21:22:30.872+0500] {processor.py:186} INFO - Started process (PID=22309) to work on /home/AtlasRise/airflow/airflow_env/lib/python3.12/site-packages/airflow/example_dags/example_outlet_event_extra.py
[2024-11-18T21:22:30.875+0500] {processor.py:914} INFO - Processing file /home/AtlasRise/airflow/airflow_env/lib/python3.12/site-packages/airflow/example_dags/example_outlet_event_extra.py for tasks to queue
[2024-11-18T21:22:30.878+0500] {logging_mixin.py:190} INFO - [2024-11-18T21:22:30.877+0500] {dagbag.py:588} INFO - Filling up the DagBag from /home/AtlasRise/airflow/airflow_env/lib/python3.12/site-packages/airflow/example_dags/example_outlet_event_extra.py
[2024-11-18T21:22:30.900+0500] {processor.py:925} INFO - DAG(s) 'dataset_with_extra_from_classic_operator', 'dataset_with_extra_by_yield', 'dataset_with_extra_by_context' retrieved from /home/AtlasRise/airflow/airflow_env/lib/python3.12/site-packages/airflow/example_dags/example_outlet_event_extra.py
[2024-11-18T21:22:30.933+0500] {logging_mixin.py:190} INFO - [2024-11-18T21:22:30.932+0500] {dag.py:3239} INFO - Sync 3 DAGs
[2024-11-18T21:22:30.969+0500] {logging_mixin.py:190} INFO - [2024-11-18T21:22:30.969+0500] {dag.py:4180} INFO - Setting next_dagrun for dataset_with_extra_by_context to 2024-11-17 00:00:00+00:00, run_after=2024-11-18 00:00:00+00:00
[2024-11-18T21:22:30.976+0500] {logging_mixin.py:190} INFO - [2024-11-18T21:22:30.976+0500] {dag.py:4180} INFO - Setting next_dagrun for dataset_with_extra_by_yield to 2024-11-17 00:00:00+00:00, run_after=2024-11-18 00:00:00+00:00
[2024-11-18T21:22:30.980+0500] {logging_mixin.py:190} INFO - [2024-11-18T21:22:30.980+0500] {dag.py:4180} INFO - Setting next_dagrun for dataset_with_extra_from_classic_operator to 2024-11-17 00:00:00+00:00, run_after=2024-11-18 00:00:00+00:00
[2024-11-18T21:22:31.015+0500] {processor.py:208} INFO - Processing /home/AtlasRise/airflow/airflow_env/lib/python3.12/site-packages/airflow/example_dags/example_outlet_event_extra.py took 0.152 seconds
