[2024-11-18T20:40:41.637+0500] {processor.py:186} INFO - Started process (PID=18932) to work on /home/AtlasRise/airflow/airflow_env/lib/python3.12/site-packages/airflow/example_dags/example_sla_dag.py
[2024-11-18T20:40:41.638+0500] {processor.py:914} INFO - Processing file /home/AtlasRise/airflow/airflow_env/lib/python3.12/site-packages/airflow/example_dags/example_sla_dag.py for tasks to queue
[2024-11-18T20:40:41.641+0500] {logging_mixin.py:190} INFO - [2024-11-18T20:40:41.641+0500] {dagbag.py:588} INFO - Filling up the DagBag from /home/AtlasRise/airflow/airflow_env/lib/python3.12/site-packages/airflow/example_dags/example_sla_dag.py
[2024-11-18T20:40:41.658+0500] {processor.py:925} INFO - DAG(s) 'example_sla_dag' retrieved from /home/AtlasRise/airflow/airflow_env/lib/python3.12/site-packages/airflow/example_dags/example_sla_dag.py
[2024-11-18T20:40:41.830+0500] {logging_mixin.py:190} INFO - [2024-11-18T20:40:41.829+0500] {override.py:1911} INFO - Created Permission View: can read on DAG:example_sla_dag
[2024-11-18T20:40:41.848+0500] {logging_mixin.py:190} INFO - [2024-11-18T20:40:41.847+0500] {override.py:1911} INFO - Created Permission View: can edit on DAG:example_sla_dag
[2024-11-18T20:40:41.861+0500] {logging_mixin.py:190} INFO - [2024-11-18T20:40:41.860+0500] {override.py:1911} INFO - Created Permission View: can delete on DAG:example_sla_dag
[2024-11-18T20:40:41.882+0500] {logging_mixin.py:190} INFO - [2024-11-18T20:40:41.881+0500] {override.py:1911} INFO - Created Permission View: can read on DAG Run:example_sla_dag
[2024-11-18T20:40:41.898+0500] {logging_mixin.py:190} INFO - [2024-11-18T20:40:41.898+0500] {override.py:1911} INFO - Created Permission View: can create on DAG Run:example_sla_dag
[2024-11-18T20:40:41.912+0500] {logging_mixin.py:190} INFO - [2024-11-18T20:40:41.912+0500] {override.py:1911} INFO - Created Permission View: can delete on DAG Run:example_sla_dag
[2024-11-18T20:40:41.928+0500] {logging_mixin.py:190} INFO - [2024-11-18T20:40:41.927+0500] {override.py:1911} INFO - Created Permission View: menu access on DAG Run:example_sla_dag
[2024-11-18T20:40:41.928+0500] {logging_mixin.py:190} INFO - [2024-11-18T20:40:41.928+0500] {dag.py:3239} INFO - Sync 1 DAGs
[2024-11-18T20:40:41.950+0500] {logging_mixin.py:190} INFO - [2024-11-18T20:40:41.950+0500] {dag.py:3262} INFO - Creating ORM DAG for example_sla_dag
[2024-11-18T20:40:41.968+0500] {logging_mixin.py:190} INFO - [2024-11-18T20:40:41.968+0500] {dag.py:4180} INFO - Setting next_dagrun for example_sla_dag to 2024-11-18 15:38:00+00:00, run_after=2024-11-18 15:40:00+00:00
[2024-11-18T20:40:41.998+0500] {processor.py:208} INFO - Processing /home/AtlasRise/airflow/airflow_env/lib/python3.12/site-packages/airflow/example_dags/example_sla_dag.py took 0.369 seconds
[2024-11-18T20:41:52.524+0500] {processor.py:186} INFO - Started process (PID=19107) to work on /home/AtlasRise/airflow/airflow_env/lib/python3.12/site-packages/airflow/example_dags/example_sla_dag.py
[2024-11-18T20:41:52.527+0500] {processor.py:914} INFO - Processing file /home/AtlasRise/airflow/airflow_env/lib/python3.12/site-packages/airflow/example_dags/example_sla_dag.py for tasks to queue
[2024-11-18T20:41:52.529+0500] {logging_mixin.py:190} INFO - [2024-11-18T20:41:52.529+0500] {dagbag.py:588} INFO - Filling up the DagBag from /home/AtlasRise/airflow/airflow_env/lib/python3.12/site-packages/airflow/example_dags/example_sla_dag.py
[2024-11-18T20:41:52.545+0500] {processor.py:925} INFO - DAG(s) 'example_sla_dag' retrieved from /home/AtlasRise/airflow/airflow_env/lib/python3.12/site-packages/airflow/example_dags/example_sla_dag.py
[2024-11-18T20:41:52.567+0500] {logging_mixin.py:190} INFO - [2024-11-18T20:41:52.567+0500] {dag.py:3239} INFO - Sync 1 DAGs
[2024-11-18T20:41:52.604+0500] {logging_mixin.py:190} INFO - [2024-11-18T20:41:52.603+0500] {dag.py:4180} INFO - Setting next_dagrun for example_sla_dag to 2024-11-18 15:38:00+00:00, run_after=2024-11-18 15:40:00+00:00
[2024-11-18T20:41:52.634+0500] {processor.py:208} INFO - Processing /home/AtlasRise/airflow/airflow_env/lib/python3.12/site-packages/airflow/example_dags/example_sla_dag.py took 0.118 seconds
[2024-11-18T20:43:03.612+0500] {processor.py:186} INFO - Started process (PID=19191) to work on /home/AtlasRise/airflow/airflow_env/lib/python3.12/site-packages/airflow/example_dags/example_sla_dag.py
[2024-11-18T20:43:03.615+0500] {processor.py:914} INFO - Processing file /home/AtlasRise/airflow/airflow_env/lib/python3.12/site-packages/airflow/example_dags/example_sla_dag.py for tasks to queue
[2024-11-18T20:43:03.618+0500] {logging_mixin.py:190} INFO - [2024-11-18T20:43:03.617+0500] {dagbag.py:588} INFO - Filling up the DagBag from /home/AtlasRise/airflow/airflow_env/lib/python3.12/site-packages/airflow/example_dags/example_sla_dag.py
[2024-11-18T20:43:03.633+0500] {processor.py:925} INFO - DAG(s) 'example_sla_dag' retrieved from /home/AtlasRise/airflow/airflow_env/lib/python3.12/site-packages/airflow/example_dags/example_sla_dag.py
[2024-11-18T20:43:03.656+0500] {logging_mixin.py:190} INFO - [2024-11-18T20:43:03.655+0500] {dag.py:3239} INFO - Sync 1 DAGs
[2024-11-18T20:43:03.693+0500] {logging_mixin.py:190} INFO - [2024-11-18T20:43:03.692+0500] {dag.py:4180} INFO - Setting next_dagrun for example_sla_dag to 2024-11-18 15:40:00+00:00, run_after=2024-11-18 15:42:00+00:00
[2024-11-18T20:43:03.725+0500] {processor.py:208} INFO - Processing /home/AtlasRise/airflow/airflow_env/lib/python3.12/site-packages/airflow/example_dags/example_sla_dag.py took 0.121 seconds
[2024-11-18T20:44:10.720+0500] {processor.py:186} INFO - Started process (PID=19274) to work on /home/AtlasRise/airflow/airflow_env/lib/python3.12/site-packages/airflow/example_dags/example_sla_dag.py
[2024-11-18T20:44:10.722+0500] {processor.py:914} INFO - Processing file /home/AtlasRise/airflow/airflow_env/lib/python3.12/site-packages/airflow/example_dags/example_sla_dag.py for tasks to queue
[2024-11-18T20:44:10.725+0500] {logging_mixin.py:190} INFO - [2024-11-18T20:44:10.724+0500] {dagbag.py:588} INFO - Filling up the DagBag from /home/AtlasRise/airflow/airflow_env/lib/python3.12/site-packages/airflow/example_dags/example_sla_dag.py
[2024-11-18T20:44:10.741+0500] {processor.py:925} INFO - DAG(s) 'example_sla_dag' retrieved from /home/AtlasRise/airflow/airflow_env/lib/python3.12/site-packages/airflow/example_dags/example_sla_dag.py
[2024-11-18T20:44:10.763+0500] {logging_mixin.py:190} INFO - [2024-11-18T20:44:10.763+0500] {dag.py:3239} INFO - Sync 1 DAGs
[2024-11-18T20:44:10.798+0500] {logging_mixin.py:190} INFO - [2024-11-18T20:44:10.798+0500] {dag.py:4180} INFO - Setting next_dagrun for example_sla_dag to 2024-11-18 15:42:00+00:00, run_after=2024-11-18 15:44:00+00:00
[2024-11-18T20:44:10.831+0500] {processor.py:208} INFO - Processing /home/AtlasRise/airflow/airflow_env/lib/python3.12/site-packages/airflow/example_dags/example_sla_dag.py took 0.119 seconds
[2024-11-18T20:45:14.853+0500] {processor.py:186} INFO - Started process (PID=19345) to work on /home/AtlasRise/airflow/airflow_env/lib/python3.12/site-packages/airflow/example_dags/example_sla_dag.py
[2024-11-18T20:45:14.854+0500] {processor.py:914} INFO - Processing file /home/AtlasRise/airflow/airflow_env/lib/python3.12/site-packages/airflow/example_dags/example_sla_dag.py for tasks to queue
[2024-11-18T20:45:14.857+0500] {logging_mixin.py:190} INFO - [2024-11-18T20:45:14.857+0500] {dagbag.py:588} INFO - Filling up the DagBag from /home/AtlasRise/airflow/airflow_env/lib/python3.12/site-packages/airflow/example_dags/example_sla_dag.py
[2024-11-18T20:45:14.872+0500] {processor.py:925} INFO - DAG(s) 'example_sla_dag' retrieved from /home/AtlasRise/airflow/airflow_env/lib/python3.12/site-packages/airflow/example_dags/example_sla_dag.py
[2024-11-18T20:45:14.894+0500] {logging_mixin.py:190} INFO - [2024-11-18T20:45:14.894+0500] {dag.py:3239} INFO - Sync 1 DAGs
[2024-11-18T20:45:14.930+0500] {logging_mixin.py:190} INFO - [2024-11-18T20:45:14.930+0500] {dag.py:4180} INFO - Setting next_dagrun for example_sla_dag to 2024-11-18 15:42:00+00:00, run_after=2024-11-18 15:44:00+00:00
[2024-11-18T20:45:14.962+0500] {processor.py:208} INFO - Processing /home/AtlasRise/airflow/airflow_env/lib/python3.12/site-packages/airflow/example_dags/example_sla_dag.py took 0.118 seconds
[2024-11-18T20:46:35.013+0500] {processor.py:186} INFO - Started process (PID=19559) to work on /home/AtlasRise/airflow/airflow_env/lib/python3.12/site-packages/airflow/example_dags/example_sla_dag.py
[2024-11-18T20:46:35.016+0500] {processor.py:914} INFO - Processing file /home/AtlasRise/airflow/airflow_env/lib/python3.12/site-packages/airflow/example_dags/example_sla_dag.py for tasks to queue
[2024-11-18T20:46:35.019+0500] {logging_mixin.py:190} INFO - [2024-11-18T20:46:35.019+0500] {dagbag.py:588} INFO - Filling up the DagBag from /home/AtlasRise/airflow/airflow_env/lib/python3.12/site-packages/airflow/example_dags/example_sla_dag.py
[2024-11-18T20:46:35.036+0500] {processor.py:925} INFO - DAG(s) 'example_sla_dag' retrieved from /home/AtlasRise/airflow/airflow_env/lib/python3.12/site-packages/airflow/example_dags/example_sla_dag.py
[2024-11-18T20:46:35.060+0500] {logging_mixin.py:190} INFO - [2024-11-18T20:46:35.060+0500] {dag.py:3239} INFO - Sync 1 DAGs
[2024-11-18T20:46:35.101+0500] {logging_mixin.py:190} INFO - [2024-11-18T20:46:35.100+0500] {dag.py:4180} INFO - Setting next_dagrun for example_sla_dag to 2024-11-18 15:44:00+00:00, run_after=2024-11-18 15:46:00+00:00
[2024-11-18T20:46:35.136+0500] {processor.py:208} INFO - Processing /home/AtlasRise/airflow/airflow_env/lib/python3.12/site-packages/airflow/example_dags/example_sla_dag.py took 0.132 seconds
[2024-11-18T20:47:45.999+0500] {processor.py:186} INFO - Started process (PID=19710) to work on /home/AtlasRise/airflow/airflow_env/lib/python3.12/site-packages/airflow/example_dags/example_sla_dag.py
[2024-11-18T20:47:46.002+0500] {processor.py:914} INFO - Processing file /home/AtlasRise/airflow/airflow_env/lib/python3.12/site-packages/airflow/example_dags/example_sla_dag.py for tasks to queue
[2024-11-18T20:47:46.007+0500] {logging_mixin.py:190} INFO - [2024-11-18T20:47:46.006+0500] {dagbag.py:588} INFO - Filling up the DagBag from /home/AtlasRise/airflow/airflow_env/lib/python3.12/site-packages/airflow/example_dags/example_sla_dag.py
[2024-11-18T20:47:46.024+0500] {processor.py:925} INFO - DAG(s) 'example_sla_dag' retrieved from /home/AtlasRise/airflow/airflow_env/lib/python3.12/site-packages/airflow/example_dags/example_sla_dag.py
[2024-11-18T20:47:46.048+0500] {logging_mixin.py:190} INFO - [2024-11-18T20:47:46.047+0500] {dag.py:3239} INFO - Sync 1 DAGs
[2024-11-18T20:47:46.085+0500] {logging_mixin.py:190} INFO - [2024-11-18T20:47:46.085+0500] {dag.py:4180} INFO - Setting next_dagrun for example_sla_dag to 2024-11-18 15:44:00+00:00, run_after=2024-11-18 15:46:00+00:00
[2024-11-18T20:47:46.124+0500] {processor.py:208} INFO - Processing /home/AtlasRise/airflow/airflow_env/lib/python3.12/site-packages/airflow/example_dags/example_sla_dag.py took 0.133 seconds
[2024-11-18T20:48:49.466+0500] {processor.py:186} INFO - Started process (PID=19802) to work on /home/AtlasRise/airflow/airflow_env/lib/python3.12/site-packages/airflow/example_dags/example_sla_dag.py
[2024-11-18T20:48:49.467+0500] {processor.py:914} INFO - Processing file /home/AtlasRise/airflow/airflow_env/lib/python3.12/site-packages/airflow/example_dags/example_sla_dag.py for tasks to queue
[2024-11-18T20:48:49.471+0500] {logging_mixin.py:190} INFO - [2024-11-18T20:48:49.470+0500] {dagbag.py:588} INFO - Filling up the DagBag from /home/AtlasRise/airflow/airflow_env/lib/python3.12/site-packages/airflow/example_dags/example_sla_dag.py
[2024-11-18T20:48:49.493+0500] {processor.py:925} INFO - DAG(s) 'example_sla_dag' retrieved from /home/AtlasRise/airflow/airflow_env/lib/python3.12/site-packages/airflow/example_dags/example_sla_dag.py
[2024-11-18T20:48:49.521+0500] {logging_mixin.py:190} INFO - [2024-11-18T20:48:49.521+0500] {dag.py:3239} INFO - Sync 1 DAGs
[2024-11-18T20:48:49.562+0500] {logging_mixin.py:190} INFO - [2024-11-18T20:48:49.561+0500] {dag.py:4180} INFO - Setting next_dagrun for example_sla_dag to 2024-11-18 15:46:00+00:00, run_after=2024-11-18 15:48:00+00:00
[2024-11-18T20:48:49.597+0500] {processor.py:208} INFO - Processing /home/AtlasRise/airflow/airflow_env/lib/python3.12/site-packages/airflow/example_dags/example_sla_dag.py took 0.142 seconds
[2024-11-18T20:49:57.954+0500] {processor.py:186} INFO - Started process (PID=19878) to work on /home/AtlasRise/airflow/airflow_env/lib/python3.12/site-packages/airflow/example_dags/example_sla_dag.py
[2024-11-18T20:49:57.956+0500] {processor.py:914} INFO - Processing file /home/AtlasRise/airflow/airflow_env/lib/python3.12/site-packages/airflow/example_dags/example_sla_dag.py for tasks to queue
[2024-11-18T20:49:57.960+0500] {logging_mixin.py:190} INFO - [2024-11-18T20:49:57.959+0500] {dagbag.py:588} INFO - Filling up the DagBag from /home/AtlasRise/airflow/airflow_env/lib/python3.12/site-packages/airflow/example_dags/example_sla_dag.py
[2024-11-18T20:49:57.976+0500] {processor.py:925} INFO - DAG(s) 'example_sla_dag' retrieved from /home/AtlasRise/airflow/airflow_env/lib/python3.12/site-packages/airflow/example_dags/example_sla_dag.py
[2024-11-18T20:49:57.999+0500] {logging_mixin.py:190} INFO - [2024-11-18T20:49:57.998+0500] {dag.py:3239} INFO - Sync 1 DAGs
[2024-11-18T20:49:58.036+0500] {logging_mixin.py:190} INFO - [2024-11-18T20:49:58.036+0500] {dag.py:4180} INFO - Setting next_dagrun for example_sla_dag to 2024-11-18 15:46:00+00:00, run_after=2024-11-18 15:48:00+00:00
[2024-11-18T20:49:58.069+0500] {processor.py:208} INFO - Processing /home/AtlasRise/airflow/airflow_env/lib/python3.12/site-packages/airflow/example_dags/example_sla_dag.py took 0.124 seconds
[2024-11-18T20:51:10.187+0500] {processor.py:186} INFO - Started process (PID=19950) to work on /home/AtlasRise/airflow/airflow_env/lib/python3.12/site-packages/airflow/example_dags/example_sla_dag.py
[2024-11-18T20:51:10.190+0500] {processor.py:914} INFO - Processing file /home/AtlasRise/airflow/airflow_env/lib/python3.12/site-packages/airflow/example_dags/example_sla_dag.py for tasks to queue
[2024-11-18T20:51:10.193+0500] {logging_mixin.py:190} INFO - [2024-11-18T20:51:10.192+0500] {dagbag.py:588} INFO - Filling up the DagBag from /home/AtlasRise/airflow/airflow_env/lib/python3.12/site-packages/airflow/example_dags/example_sla_dag.py
[2024-11-18T20:51:10.209+0500] {processor.py:925} INFO - DAG(s) 'example_sla_dag' retrieved from /home/AtlasRise/airflow/airflow_env/lib/python3.12/site-packages/airflow/example_dags/example_sla_dag.py
[2024-11-18T20:51:10.232+0500] {logging_mixin.py:190} INFO - [2024-11-18T20:51:10.231+0500] {dag.py:3239} INFO - Sync 1 DAGs
[2024-11-18T20:51:10.268+0500] {logging_mixin.py:190} INFO - [2024-11-18T20:51:10.268+0500] {dag.py:4180} INFO - Setting next_dagrun for example_sla_dag to 2024-11-18 15:48:00+00:00, run_after=2024-11-18 15:50:00+00:00
[2024-11-18T20:51:10.303+0500] {processor.py:208} INFO - Processing /home/AtlasRise/airflow/airflow_env/lib/python3.12/site-packages/airflow/example_dags/example_sla_dag.py took 0.124 seconds
[2024-11-18T20:52:21.222+0500] {processor.py:186} INFO - Started process (PID=20036) to work on /home/AtlasRise/airflow/airflow_env/lib/python3.12/site-packages/airflow/example_dags/example_sla_dag.py
[2024-11-18T20:52:21.225+0500] {processor.py:914} INFO - Processing file /home/AtlasRise/airflow/airflow_env/lib/python3.12/site-packages/airflow/example_dags/example_sla_dag.py for tasks to queue
[2024-11-18T20:52:21.228+0500] {logging_mixin.py:190} INFO - [2024-11-18T20:52:21.227+0500] {dagbag.py:588} INFO - Filling up the DagBag from /home/AtlasRise/airflow/airflow_env/lib/python3.12/site-packages/airflow/example_dags/example_sla_dag.py
[2024-11-18T20:52:21.245+0500] {processor.py:925} INFO - DAG(s) 'example_sla_dag' retrieved from /home/AtlasRise/airflow/airflow_env/lib/python3.12/site-packages/airflow/example_dags/example_sla_dag.py
[2024-11-18T20:52:21.268+0500] {logging_mixin.py:190} INFO - [2024-11-18T20:52:21.268+0500] {dag.py:3239} INFO - Sync 1 DAGs
[2024-11-18T20:52:21.305+0500] {logging_mixin.py:190} INFO - [2024-11-18T20:52:21.305+0500] {dag.py:4180} INFO - Setting next_dagrun for example_sla_dag to 2024-11-18 15:50:00+00:00, run_after=2024-11-18 15:52:00+00:00
[2024-11-18T20:52:21.339+0500] {processor.py:208} INFO - Processing /home/AtlasRise/airflow/airflow_env/lib/python3.12/site-packages/airflow/example_dags/example_sla_dag.py took 0.125 seconds
[2024-11-18T20:53:27.901+0500] {processor.py:186} INFO - Started process (PID=20109) to work on /home/AtlasRise/airflow/airflow_env/lib/python3.12/site-packages/airflow/example_dags/example_sla_dag.py
[2024-11-18T20:53:27.902+0500] {processor.py:914} INFO - Processing file /home/AtlasRise/airflow/airflow_env/lib/python3.12/site-packages/airflow/example_dags/example_sla_dag.py for tasks to queue
[2024-11-18T20:53:27.906+0500] {logging_mixin.py:190} INFO - [2024-11-18T20:53:27.905+0500] {dagbag.py:588} INFO - Filling up the DagBag from /home/AtlasRise/airflow/airflow_env/lib/python3.12/site-packages/airflow/example_dags/example_sla_dag.py
[2024-11-18T20:53:27.921+0500] {processor.py:925} INFO - DAG(s) 'example_sla_dag' retrieved from /home/AtlasRise/airflow/airflow_env/lib/python3.12/site-packages/airflow/example_dags/example_sla_dag.py
[2024-11-18T20:53:27.945+0500] {logging_mixin.py:190} INFO - [2024-11-18T20:53:27.944+0500] {dag.py:3239} INFO - Sync 1 DAGs
[2024-11-18T20:53:27.981+0500] {logging_mixin.py:190} INFO - [2024-11-18T20:53:27.981+0500] {dag.py:4180} INFO - Setting next_dagrun for example_sla_dag to 2024-11-18 15:50:00+00:00, run_after=2024-11-18 15:52:00+00:00
[2024-11-18T20:53:28.013+0500] {processor.py:208} INFO - Processing /home/AtlasRise/airflow/airflow_env/lib/python3.12/site-packages/airflow/example_dags/example_sla_dag.py took 0.121 seconds
[2024-11-18T20:54:43.677+0500] {processor.py:186} INFO - Started process (PID=20204) to work on /home/AtlasRise/airflow/airflow_env/lib/python3.12/site-packages/airflow/example_dags/example_sla_dag.py
[2024-11-18T20:54:43.679+0500] {processor.py:914} INFO - Processing file /home/AtlasRise/airflow/airflow_env/lib/python3.12/site-packages/airflow/example_dags/example_sla_dag.py for tasks to queue
[2024-11-18T20:54:43.681+0500] {logging_mixin.py:190} INFO - [2024-11-18T20:54:43.681+0500] {dagbag.py:588} INFO - Filling up the DagBag from /home/AtlasRise/airflow/airflow_env/lib/python3.12/site-packages/airflow/example_dags/example_sla_dag.py
[2024-11-18T20:54:43.697+0500] {processor.py:925} INFO - DAG(s) 'example_sla_dag' retrieved from /home/AtlasRise/airflow/airflow_env/lib/python3.12/site-packages/airflow/example_dags/example_sla_dag.py
[2024-11-18T20:54:43.720+0500] {logging_mixin.py:190} INFO - [2024-11-18T20:54:43.720+0500] {dag.py:3239} INFO - Sync 1 DAGs
[2024-11-18T20:54:43.758+0500] {logging_mixin.py:190} INFO - [2024-11-18T20:54:43.757+0500] {dag.py:4180} INFO - Setting next_dagrun for example_sla_dag to 2024-11-18 15:52:00+00:00, run_after=2024-11-18 15:54:00+00:00
[2024-11-18T20:54:43.791+0500] {processor.py:208} INFO - Processing /home/AtlasRise/airflow/airflow_env/lib/python3.12/site-packages/airflow/example_dags/example_sla_dag.py took 0.126 seconds
[2024-11-18T20:56:09.158+0500] {processor.py:186} INFO - Started process (PID=20292) to work on /home/AtlasRise/airflow/airflow_env/lib/python3.12/site-packages/airflow/example_dags/example_sla_dag.py
[2024-11-18T20:56:09.160+0500] {processor.py:914} INFO - Processing file /home/AtlasRise/airflow/airflow_env/lib/python3.12/site-packages/airflow/example_dags/example_sla_dag.py for tasks to queue
[2024-11-18T20:56:09.163+0500] {logging_mixin.py:190} INFO - [2024-11-18T20:56:09.162+0500] {dagbag.py:588} INFO - Filling up the DagBag from /home/AtlasRise/airflow/airflow_env/lib/python3.12/site-packages/airflow/example_dags/example_sla_dag.py
[2024-11-18T20:56:09.179+0500] {processor.py:925} INFO - DAG(s) 'example_sla_dag' retrieved from /home/AtlasRise/airflow/airflow_env/lib/python3.12/site-packages/airflow/example_dags/example_sla_dag.py
[2024-11-18T20:56:09.202+0500] {logging_mixin.py:190} INFO - [2024-11-18T20:56:09.202+0500] {dag.py:3239} INFO - Sync 1 DAGs
[2024-11-18T20:56:09.239+0500] {logging_mixin.py:190} INFO - [2024-11-18T20:56:09.238+0500] {dag.py:4180} INFO - Setting next_dagrun for example_sla_dag to 2024-11-18 15:54:00+00:00, run_after=2024-11-18 15:56:00+00:00
[2024-11-18T20:56:09.271+0500] {processor.py:208} INFO - Processing /home/AtlasRise/airflow/airflow_env/lib/python3.12/site-packages/airflow/example_dags/example_sla_dag.py took 0.122 seconds
[2024-11-18T20:57:22.399+0500] {processor.py:186} INFO - Started process (PID=20376) to work on /home/AtlasRise/airflow/airflow_env/lib/python3.12/site-packages/airflow/example_dags/example_sla_dag.py
[2024-11-18T20:57:22.401+0500] {processor.py:914} INFO - Processing file /home/AtlasRise/airflow/airflow_env/lib/python3.12/site-packages/airflow/example_dags/example_sla_dag.py for tasks to queue
[2024-11-18T20:57:22.405+0500] {logging_mixin.py:190} INFO - [2024-11-18T20:57:22.404+0500] {dagbag.py:588} INFO - Filling up the DagBag from /home/AtlasRise/airflow/airflow_env/lib/python3.12/site-packages/airflow/example_dags/example_sla_dag.py
[2024-11-18T20:57:22.421+0500] {processor.py:925} INFO - DAG(s) 'example_sla_dag' retrieved from /home/AtlasRise/airflow/airflow_env/lib/python3.12/site-packages/airflow/example_dags/example_sla_dag.py
[2024-11-18T20:57:22.445+0500] {logging_mixin.py:190} INFO - [2024-11-18T20:57:22.444+0500] {dag.py:3239} INFO - Sync 1 DAGs
[2024-11-18T20:57:22.484+0500] {logging_mixin.py:190} INFO - [2024-11-18T20:57:22.483+0500] {dag.py:4180} INFO - Setting next_dagrun for example_sla_dag to 2024-11-18 15:54:00+00:00, run_after=2024-11-18 15:56:00+00:00
[2024-11-18T20:57:22.518+0500] {processor.py:208} INFO - Processing /home/AtlasRise/airflow/airflow_env/lib/python3.12/site-packages/airflow/example_dags/example_sla_dag.py took 0.126 seconds
[2024-11-18T20:58:33.688+0500] {processor.py:186} INFO - Started process (PID=20469) to work on /home/AtlasRise/airflow/airflow_env/lib/python3.12/site-packages/airflow/example_dags/example_sla_dag.py
[2024-11-18T20:58:33.689+0500] {processor.py:914} INFO - Processing file /home/AtlasRise/airflow/airflow_env/lib/python3.12/site-packages/airflow/example_dags/example_sla_dag.py for tasks to queue
[2024-11-18T20:58:33.692+0500] {logging_mixin.py:190} INFO - [2024-11-18T20:58:33.692+0500] {dagbag.py:588} INFO - Filling up the DagBag from /home/AtlasRise/airflow/airflow_env/lib/python3.12/site-packages/airflow/example_dags/example_sla_dag.py
[2024-11-18T20:58:33.711+0500] {processor.py:925} INFO - DAG(s) 'example_sla_dag' retrieved from /home/AtlasRise/airflow/airflow_env/lib/python3.12/site-packages/airflow/example_dags/example_sla_dag.py
[2024-11-18T20:58:33.733+0500] {logging_mixin.py:190} INFO - [2024-11-18T20:58:33.733+0500] {dag.py:3239} INFO - Sync 1 DAGs
[2024-11-18T20:58:33.770+0500] {logging_mixin.py:190} INFO - [2024-11-18T20:58:33.770+0500] {dag.py:4180} INFO - Setting next_dagrun for example_sla_dag to 2024-11-18 15:56:00+00:00, run_after=2024-11-18 15:58:00+00:00
[2024-11-18T20:58:33.806+0500] {processor.py:208} INFO - Processing /home/AtlasRise/airflow/airflow_env/lib/python3.12/site-packages/airflow/example_dags/example_sla_dag.py took 0.127 seconds
[2024-11-18T20:59:46.823+0500] {processor.py:186} INFO - Started process (PID=20547) to work on /home/AtlasRise/airflow/airflow_env/lib/python3.12/site-packages/airflow/example_dags/example_sla_dag.py
[2024-11-18T20:59:46.824+0500] {processor.py:914} INFO - Processing file /home/AtlasRise/airflow/airflow_env/lib/python3.12/site-packages/airflow/example_dags/example_sla_dag.py for tasks to queue
[2024-11-18T20:59:46.827+0500] {logging_mixin.py:190} INFO - [2024-11-18T20:59:46.827+0500] {dagbag.py:588} INFO - Filling up the DagBag from /home/AtlasRise/airflow/airflow_env/lib/python3.12/site-packages/airflow/example_dags/example_sla_dag.py
[2024-11-18T20:59:46.843+0500] {processor.py:925} INFO - DAG(s) 'example_sla_dag' retrieved from /home/AtlasRise/airflow/airflow_env/lib/python3.12/site-packages/airflow/example_dags/example_sla_dag.py
[2024-11-18T20:59:46.866+0500] {logging_mixin.py:190} INFO - [2024-11-18T20:59:46.866+0500] {dag.py:3239} INFO - Sync 1 DAGs
[2024-11-18T20:59:46.903+0500] {logging_mixin.py:190} INFO - [2024-11-18T20:59:46.902+0500] {dag.py:4180} INFO - Setting next_dagrun for example_sla_dag to 2024-11-18 15:56:00+00:00, run_after=2024-11-18 15:58:00+00:00
[2024-11-18T20:59:46.935+0500] {processor.py:208} INFO - Processing /home/AtlasRise/airflow/airflow_env/lib/python3.12/site-packages/airflow/example_dags/example_sla_dag.py took 0.123 seconds
[2024-11-18T21:00:54.199+0500] {processor.py:186} INFO - Started process (PID=20616) to work on /home/AtlasRise/airflow/airflow_env/lib/python3.12/site-packages/airflow/example_dags/example_sla_dag.py
[2024-11-18T21:00:54.200+0500] {processor.py:914} INFO - Processing file /home/AtlasRise/airflow/airflow_env/lib/python3.12/site-packages/airflow/example_dags/example_sla_dag.py for tasks to queue
[2024-11-18T21:00:54.203+0500] {logging_mixin.py:190} INFO - [2024-11-18T21:00:54.202+0500] {dagbag.py:588} INFO - Filling up the DagBag from /home/AtlasRise/airflow/airflow_env/lib/python3.12/site-packages/airflow/example_dags/example_sla_dag.py
[2024-11-18T21:00:54.218+0500] {processor.py:925} INFO - DAG(s) 'example_sla_dag' retrieved from /home/AtlasRise/airflow/airflow_env/lib/python3.12/site-packages/airflow/example_dags/example_sla_dag.py
[2024-11-18T21:00:54.241+0500] {logging_mixin.py:190} INFO - [2024-11-18T21:00:54.240+0500] {dag.py:3239} INFO - Sync 1 DAGs
[2024-11-18T21:00:54.278+0500] {logging_mixin.py:190} INFO - [2024-11-18T21:00:54.278+0500] {dag.py:4180} INFO - Setting next_dagrun for example_sla_dag to 2024-11-18 15:58:00+00:00, run_after=2024-11-18 16:00:00+00:00
[2024-11-18T21:00:54.310+0500] {processor.py:208} INFO - Processing /home/AtlasRise/airflow/airflow_env/lib/python3.12/site-packages/airflow/example_dags/example_sla_dag.py took 0.120 seconds
[2024-11-18T21:02:00.482+0500] {processor.py:186} INFO - Started process (PID=20701) to work on /home/AtlasRise/airflow/airflow_env/lib/python3.12/site-packages/airflow/example_dags/example_sla_dag.py
[2024-11-18T21:02:00.485+0500] {processor.py:914} INFO - Processing file /home/AtlasRise/airflow/airflow_env/lib/python3.12/site-packages/airflow/example_dags/example_sla_dag.py for tasks to queue
[2024-11-18T21:02:00.488+0500] {logging_mixin.py:190} INFO - [2024-11-18T21:02:00.488+0500] {dagbag.py:588} INFO - Filling up the DagBag from /home/AtlasRise/airflow/airflow_env/lib/python3.12/site-packages/airflow/example_dags/example_sla_dag.py
[2024-11-18T21:02:00.504+0500] {processor.py:925} INFO - DAG(s) 'example_sla_dag' retrieved from /home/AtlasRise/airflow/airflow_env/lib/python3.12/site-packages/airflow/example_dags/example_sla_dag.py
[2024-11-18T21:02:00.526+0500] {logging_mixin.py:190} INFO - [2024-11-18T21:02:00.526+0500] {dag.py:3239} INFO - Sync 1 DAGs
[2024-11-18T21:02:00.563+0500] {logging_mixin.py:190} INFO - [2024-11-18T21:02:00.563+0500] {dag.py:4180} INFO - Setting next_dagrun for example_sla_dag to 2024-11-18 16:00:00+00:00, run_after=2024-11-18 16:02:00+00:00
[2024-11-18T21:02:00.596+0500] {processor.py:208} INFO - Processing /home/AtlasRise/airflow/airflow_env/lib/python3.12/site-packages/airflow/example_dags/example_sla_dag.py took 0.124 seconds
[2024-11-18T21:03:14.490+0500] {processor.py:186} INFO - Started process (PID=20776) to work on /home/AtlasRise/airflow/airflow_env/lib/python3.12/site-packages/airflow/example_dags/example_sla_dag.py
[2024-11-18T21:03:14.492+0500] {processor.py:914} INFO - Processing file /home/AtlasRise/airflow/airflow_env/lib/python3.12/site-packages/airflow/example_dags/example_sla_dag.py for tasks to queue
[2024-11-18T21:03:14.495+0500] {logging_mixin.py:190} INFO - [2024-11-18T21:03:14.494+0500] {dagbag.py:588} INFO - Filling up the DagBag from /home/AtlasRise/airflow/airflow_env/lib/python3.12/site-packages/airflow/example_dags/example_sla_dag.py
[2024-11-18T21:03:14.510+0500] {processor.py:925} INFO - DAG(s) 'example_sla_dag' retrieved from /home/AtlasRise/airflow/airflow_env/lib/python3.12/site-packages/airflow/example_dags/example_sla_dag.py
[2024-11-18T21:03:14.532+0500] {logging_mixin.py:190} INFO - [2024-11-18T21:03:14.532+0500] {dag.py:3239} INFO - Sync 1 DAGs
[2024-11-18T21:03:14.569+0500] {logging_mixin.py:190} INFO - [2024-11-18T21:03:14.569+0500] {dag.py:4180} INFO - Setting next_dagrun for example_sla_dag to 2024-11-18 16:00:00+00:00, run_after=2024-11-18 16:02:00+00:00
[2024-11-18T21:03:14.601+0500] {processor.py:208} INFO - Processing /home/AtlasRise/airflow/airflow_env/lib/python3.12/site-packages/airflow/example_dags/example_sla_dag.py took 0.119 seconds
[2024-11-18T21:04:20.767+0500] {processor.py:186} INFO - Started process (PID=20861) to work on /home/AtlasRise/airflow/airflow_env/lib/python3.12/site-packages/airflow/example_dags/example_sla_dag.py
[2024-11-18T21:04:20.769+0500] {processor.py:914} INFO - Processing file /home/AtlasRise/airflow/airflow_env/lib/python3.12/site-packages/airflow/example_dags/example_sla_dag.py for tasks to queue
[2024-11-18T21:04:20.773+0500] {logging_mixin.py:190} INFO - [2024-11-18T21:04:20.772+0500] {dagbag.py:588} INFO - Filling up the DagBag from /home/AtlasRise/airflow/airflow_env/lib/python3.12/site-packages/airflow/example_dags/example_sla_dag.py
[2024-11-18T21:04:20.788+0500] {processor.py:925} INFO - DAG(s) 'example_sla_dag' retrieved from /home/AtlasRise/airflow/airflow_env/lib/python3.12/site-packages/airflow/example_dags/example_sla_dag.py
[2024-11-18T21:04:20.811+0500] {logging_mixin.py:190} INFO - [2024-11-18T21:04:20.811+0500] {dag.py:3239} INFO - Sync 1 DAGs
[2024-11-18T21:04:20.849+0500] {logging_mixin.py:190} INFO - [2024-11-18T21:04:20.849+0500] {dag.py:4180} INFO - Setting next_dagrun for example_sla_dag to 2024-11-18 16:02:00+00:00, run_after=2024-11-18 16:04:00+00:00
[2024-11-18T21:04:20.880+0500] {processor.py:208} INFO - Processing /home/AtlasRise/airflow/airflow_env/lib/python3.12/site-packages/airflow/example_dags/example_sla_dag.py took 0.122 seconds
[2024-11-18T21:05:27.441+0500] {processor.py:186} INFO - Started process (PID=20947) to work on /home/AtlasRise/airflow/airflow_env/lib/python3.12/site-packages/airflow/example_dags/example_sla_dag.py
[2024-11-18T21:05:27.443+0500] {processor.py:914} INFO - Processing file /home/AtlasRise/airflow/airflow_env/lib/python3.12/site-packages/airflow/example_dags/example_sla_dag.py for tasks to queue
[2024-11-18T21:05:27.446+0500] {logging_mixin.py:190} INFO - [2024-11-18T21:05:27.446+0500] {dagbag.py:588} INFO - Filling up the DagBag from /home/AtlasRise/airflow/airflow_env/lib/python3.12/site-packages/airflow/example_dags/example_sla_dag.py
[2024-11-18T21:05:27.464+0500] {processor.py:925} INFO - DAG(s) 'example_sla_dag' retrieved from /home/AtlasRise/airflow/airflow_env/lib/python3.12/site-packages/airflow/example_dags/example_sla_dag.py
[2024-11-18T21:05:27.488+0500] {logging_mixin.py:190} INFO - [2024-11-18T21:05:27.488+0500] {dag.py:3239} INFO - Sync 1 DAGs
[2024-11-18T21:05:27.530+0500] {logging_mixin.py:190} INFO - [2024-11-18T21:05:27.529+0500] {dag.py:4180} INFO - Setting next_dagrun for example_sla_dag to 2024-11-18 16:02:00+00:00, run_after=2024-11-18 16:04:00+00:00
[2024-11-18T21:05:27.564+0500] {processor.py:208} INFO - Processing /home/AtlasRise/airflow/airflow_env/lib/python3.12/site-packages/airflow/example_dags/example_sla_dag.py took 0.133 seconds
[2024-11-18T21:06:35.962+0500] {processor.py:186} INFO - Started process (PID=21042) to work on /home/AtlasRise/airflow/airflow_env/lib/python3.12/site-packages/airflow/example_dags/example_sla_dag.py
[2024-11-18T21:06:35.967+0500] {processor.py:914} INFO - Processing file /home/AtlasRise/airflow/airflow_env/lib/python3.12/site-packages/airflow/example_dags/example_sla_dag.py for tasks to queue
[2024-11-18T21:06:35.970+0500] {logging_mixin.py:190} INFO - [2024-11-18T21:06:35.970+0500] {dagbag.py:588} INFO - Filling up the DagBag from /home/AtlasRise/airflow/airflow_env/lib/python3.12/site-packages/airflow/example_dags/example_sla_dag.py
[2024-11-18T21:06:36.014+0500] {processor.py:925} INFO - DAG(s) 'example_sla_dag' retrieved from /home/AtlasRise/airflow/airflow_env/lib/python3.12/site-packages/airflow/example_dags/example_sla_dag.py
[2024-11-18T21:06:36.073+0500] {logging_mixin.py:190} INFO - [2024-11-18T21:06:36.073+0500] {dag.py:3239} INFO - Sync 1 DAGs
[2024-11-18T21:06:36.161+0500] {logging_mixin.py:190} INFO - [2024-11-18T21:06:36.161+0500] {dag.py:4180} INFO - Setting next_dagrun for example_sla_dag to 2024-11-18 16:04:00+00:00, run_after=2024-11-18 16:06:00+00:00
[2024-11-18T21:06:36.222+0500] {processor.py:208} INFO - Processing /home/AtlasRise/airflow/airflow_env/lib/python3.12/site-packages/airflow/example_dags/example_sla_dag.py took 0.280 seconds
[2024-11-18T21:07:56.123+0500] {processor.py:186} INFO - Started process (PID=21131) to work on /home/AtlasRise/airflow/airflow_env/lib/python3.12/site-packages/airflow/example_dags/example_sla_dag.py
[2024-11-18T21:07:56.124+0500] {processor.py:914} INFO - Processing file /home/AtlasRise/airflow/airflow_env/lib/python3.12/site-packages/airflow/example_dags/example_sla_dag.py for tasks to queue
[2024-11-18T21:07:56.127+0500] {logging_mixin.py:190} INFO - [2024-11-18T21:07:56.127+0500] {dagbag.py:588} INFO - Filling up the DagBag from /home/AtlasRise/airflow/airflow_env/lib/python3.12/site-packages/airflow/example_dags/example_sla_dag.py
[2024-11-18T21:07:56.143+0500] {processor.py:925} INFO - DAG(s) 'example_sla_dag' retrieved from /home/AtlasRise/airflow/airflow_env/lib/python3.12/site-packages/airflow/example_dags/example_sla_dag.py
[2024-11-18T21:07:56.166+0500] {logging_mixin.py:190} INFO - [2024-11-18T21:07:56.166+0500] {dag.py:3239} INFO - Sync 1 DAGs
[2024-11-18T21:07:56.202+0500] {logging_mixin.py:190} INFO - [2024-11-18T21:07:56.202+0500] {dag.py:4180} INFO - Setting next_dagrun for example_sla_dag to 2024-11-18 16:04:00+00:00, run_after=2024-11-18 16:06:00+00:00
[2024-11-18T21:07:56.246+0500] {processor.py:208} INFO - Processing /home/AtlasRise/airflow/airflow_env/lib/python3.12/site-packages/airflow/example_dags/example_sla_dag.py took 0.132 seconds
[2024-11-18T21:09:01.463+0500] {processor.py:186} INFO - Started process (PID=21212) to work on /home/AtlasRise/airflow/airflow_env/lib/python3.12/site-packages/airflow/example_dags/example_sla_dag.py
[2024-11-18T21:09:01.465+0500] {processor.py:914} INFO - Processing file /home/AtlasRise/airflow/airflow_env/lib/python3.12/site-packages/airflow/example_dags/example_sla_dag.py for tasks to queue
[2024-11-18T21:09:01.469+0500] {logging_mixin.py:190} INFO - [2024-11-18T21:09:01.468+0500] {dagbag.py:588} INFO - Filling up the DagBag from /home/AtlasRise/airflow/airflow_env/lib/python3.12/site-packages/airflow/example_dags/example_sla_dag.py
[2024-11-18T21:09:01.485+0500] {processor.py:925} INFO - DAG(s) 'example_sla_dag' retrieved from /home/AtlasRise/airflow/airflow_env/lib/python3.12/site-packages/airflow/example_dags/example_sla_dag.py
[2024-11-18T21:09:01.508+0500] {logging_mixin.py:190} INFO - [2024-11-18T21:09:01.508+0500] {dag.py:3239} INFO - Sync 1 DAGs
[2024-11-18T21:09:01.545+0500] {logging_mixin.py:190} INFO - [2024-11-18T21:09:01.545+0500] {dag.py:4180} INFO - Setting next_dagrun for example_sla_dag to 2024-11-18 16:06:00+00:00, run_after=2024-11-18 16:08:00+00:00
[2024-11-18T21:09:01.583+0500] {processor.py:208} INFO - Processing /home/AtlasRise/airflow/airflow_env/lib/python3.12/site-packages/airflow/example_dags/example_sla_dag.py took 0.128 seconds
[2024-11-18T21:10:13.568+0500] {processor.py:186} INFO - Started process (PID=21311) to work on /home/AtlasRise/airflow/airflow_env/lib/python3.12/site-packages/airflow/example_dags/example_sla_dag.py
[2024-11-18T21:10:13.570+0500] {processor.py:914} INFO - Processing file /home/AtlasRise/airflow/airflow_env/lib/python3.12/site-packages/airflow/example_dags/example_sla_dag.py for tasks to queue
[2024-11-18T21:10:13.573+0500] {logging_mixin.py:190} INFO - [2024-11-18T21:10:13.573+0500] {dagbag.py:588} INFO - Filling up the DagBag from /home/AtlasRise/airflow/airflow_env/lib/python3.12/site-packages/airflow/example_dags/example_sla_dag.py
[2024-11-18T21:10:13.590+0500] {processor.py:925} INFO - DAG(s) 'example_sla_dag' retrieved from /home/AtlasRise/airflow/airflow_env/lib/python3.12/site-packages/airflow/example_dags/example_sla_dag.py
[2024-11-18T21:10:13.614+0500] {logging_mixin.py:190} INFO - [2024-11-18T21:10:13.614+0500] {dag.py:3239} INFO - Sync 1 DAGs
[2024-11-18T21:10:13.654+0500] {logging_mixin.py:190} INFO - [2024-11-18T21:10:13.654+0500] {dag.py:4180} INFO - Setting next_dagrun for example_sla_dag to 2024-11-18 16:08:00+00:00, run_after=2024-11-18 16:10:00+00:00
[2024-11-18T21:10:13.689+0500] {processor.py:208} INFO - Processing /home/AtlasRise/airflow/airflow_env/lib/python3.12/site-packages/airflow/example_dags/example_sla_dag.py took 0.132 seconds
[2024-11-18T21:11:27.204+0500] {processor.py:186} INFO - Started process (PID=21436) to work on /home/AtlasRise/airflow/airflow_env/lib/python3.12/site-packages/airflow/example_dags/example_sla_dag.py
[2024-11-18T21:11:27.205+0500] {processor.py:914} INFO - Processing file /home/AtlasRise/airflow/airflow_env/lib/python3.12/site-packages/airflow/example_dags/example_sla_dag.py for tasks to queue
[2024-11-18T21:11:27.209+0500] {logging_mixin.py:190} INFO - [2024-11-18T21:11:27.208+0500] {dagbag.py:588} INFO - Filling up the DagBag from /home/AtlasRise/airflow/airflow_env/lib/python3.12/site-packages/airflow/example_dags/example_sla_dag.py
[2024-11-18T21:11:27.225+0500] {processor.py:925} INFO - DAG(s) 'example_sla_dag' retrieved from /home/AtlasRise/airflow/airflow_env/lib/python3.12/site-packages/airflow/example_dags/example_sla_dag.py
[2024-11-18T21:11:27.249+0500] {logging_mixin.py:190} INFO - [2024-11-18T21:11:27.249+0500] {dag.py:3239} INFO - Sync 1 DAGs
[2024-11-18T21:11:27.289+0500] {logging_mixin.py:190} INFO - [2024-11-18T21:11:27.289+0500] {dag.py:4180} INFO - Setting next_dagrun for example_sla_dag to 2024-11-18 16:08:00+00:00, run_after=2024-11-18 16:10:00+00:00
[2024-11-18T21:11:27.325+0500] {processor.py:208} INFO - Processing /home/AtlasRise/airflow/airflow_env/lib/python3.12/site-packages/airflow/example_dags/example_sla_dag.py took 0.131 seconds
[2024-11-18T21:13:22.020+0500] {processor.py:186} INFO - Started process (PID=21581) to work on /home/AtlasRise/airflow/airflow_env/lib/python3.12/site-packages/airflow/example_dags/example_sla_dag.py
[2024-11-18T21:13:22.023+0500] {processor.py:914} INFO - Processing file /home/AtlasRise/airflow/airflow_env/lib/python3.12/site-packages/airflow/example_dags/example_sla_dag.py for tasks to queue
[2024-11-18T21:13:22.026+0500] {logging_mixin.py:190} INFO - [2024-11-18T21:13:22.026+0500] {dagbag.py:588} INFO - Filling up the DagBag from /home/AtlasRise/airflow/airflow_env/lib/python3.12/site-packages/airflow/example_dags/example_sla_dag.py
[2024-11-18T21:13:22.043+0500] {processor.py:925} INFO - DAG(s) 'example_sla_dag' retrieved from /home/AtlasRise/airflow/airflow_env/lib/python3.12/site-packages/airflow/example_dags/example_sla_dag.py
[2024-11-18T21:13:22.066+0500] {logging_mixin.py:190} INFO - [2024-11-18T21:13:22.066+0500] {dag.py:3239} INFO - Sync 1 DAGs
[2024-11-18T21:13:22.104+0500] {logging_mixin.py:190} INFO - [2024-11-18T21:13:22.103+0500] {dag.py:4180} INFO - Setting next_dagrun for example_sla_dag to 2024-11-18 16:10:00+00:00, run_after=2024-11-18 16:12:00+00:00
[2024-11-18T21:13:22.146+0500] {processor.py:208} INFO - Processing /home/AtlasRise/airflow/airflow_env/lib/python3.12/site-packages/airflow/example_dags/example_sla_dag.py took 0.136 seconds
[2024-11-18T21:14:49.086+0500] {processor.py:186} INFO - Started process (PID=21698) to work on /home/AtlasRise/airflow/airflow_env/lib/python3.12/site-packages/airflow/example_dags/example_sla_dag.py
[2024-11-18T21:14:49.088+0500] {processor.py:914} INFO - Processing file /home/AtlasRise/airflow/airflow_env/lib/python3.12/site-packages/airflow/example_dags/example_sla_dag.py for tasks to queue
[2024-11-18T21:14:49.091+0500] {logging_mixin.py:190} INFO - [2024-11-18T21:14:49.090+0500] {dagbag.py:588} INFO - Filling up the DagBag from /home/AtlasRise/airflow/airflow_env/lib/python3.12/site-packages/airflow/example_dags/example_sla_dag.py
[2024-11-18T21:14:49.113+0500] {processor.py:925} INFO - DAG(s) 'example_sla_dag' retrieved from /home/AtlasRise/airflow/airflow_env/lib/python3.12/site-packages/airflow/example_dags/example_sla_dag.py
[2024-11-18T21:14:49.142+0500] {logging_mixin.py:190} INFO - [2024-11-18T21:14:49.142+0500] {dag.py:3239} INFO - Sync 1 DAGs
[2024-11-18T21:14:49.181+0500] {logging_mixin.py:190} INFO - [2024-11-18T21:14:49.181+0500] {dag.py:4180} INFO - Setting next_dagrun for example_sla_dag to 2024-11-18 16:12:00+00:00, run_after=2024-11-18 16:14:00+00:00
[2024-11-18T21:14:49.214+0500] {processor.py:208} INFO - Processing /home/AtlasRise/airflow/airflow_env/lib/python3.12/site-packages/airflow/example_dags/example_sla_dag.py took 0.137 seconds
[2024-11-18T21:16:22.630+0500] {processor.py:186} INFO - Started process (PID=21818) to work on /home/AtlasRise/airflow/airflow_env/lib/python3.12/site-packages/airflow/example_dags/example_sla_dag.py
[2024-11-18T21:16:22.631+0500] {processor.py:914} INFO - Processing file /home/AtlasRise/airflow/airflow_env/lib/python3.12/site-packages/airflow/example_dags/example_sla_dag.py for tasks to queue
[2024-11-18T21:16:22.634+0500] {logging_mixin.py:190} INFO - [2024-11-18T21:16:22.634+0500] {dagbag.py:588} INFO - Filling up the DagBag from /home/AtlasRise/airflow/airflow_env/lib/python3.12/site-packages/airflow/example_dags/example_sla_dag.py
[2024-11-18T21:16:22.650+0500] {processor.py:925} INFO - DAG(s) 'example_sla_dag' retrieved from /home/AtlasRise/airflow/airflow_env/lib/python3.12/site-packages/airflow/example_dags/example_sla_dag.py
[2024-11-18T21:16:22.674+0500] {logging_mixin.py:190} INFO - [2024-11-18T21:16:22.673+0500] {dag.py:3239} INFO - Sync 1 DAGs
[2024-11-18T21:16:22.710+0500] {logging_mixin.py:190} INFO - [2024-11-18T21:16:22.710+0500] {dag.py:4180} INFO - Setting next_dagrun for example_sla_dag to 2024-11-18 16:14:00+00:00, run_after=2024-11-18 16:16:00+00:00
[2024-11-18T21:16:22.743+0500] {processor.py:208} INFO - Processing /home/AtlasRise/airflow/airflow_env/lib/python3.12/site-packages/airflow/example_dags/example_sla_dag.py took 0.121 seconds
[2024-11-18T21:18:08.765+0500] {processor.py:186} INFO - Started process (PID=21977) to work on /home/AtlasRise/airflow/airflow_env/lib/python3.12/site-packages/airflow/example_dags/example_sla_dag.py
[2024-11-18T21:18:08.767+0500] {processor.py:914} INFO - Processing file /home/AtlasRise/airflow/airflow_env/lib/python3.12/site-packages/airflow/example_dags/example_sla_dag.py for tasks to queue
[2024-11-18T21:18:08.770+0500] {logging_mixin.py:190} INFO - [2024-11-18T21:18:08.770+0500] {dagbag.py:588} INFO - Filling up the DagBag from /home/AtlasRise/airflow/airflow_env/lib/python3.12/site-packages/airflow/example_dags/example_sla_dag.py
[2024-11-18T21:18:08.787+0500] {processor.py:925} INFO - DAG(s) 'example_sla_dag' retrieved from /home/AtlasRise/airflow/airflow_env/lib/python3.12/site-packages/airflow/example_dags/example_sla_dag.py
[2024-11-18T21:18:08.810+0500] {logging_mixin.py:190} INFO - [2024-11-18T21:18:08.810+0500] {dag.py:3239} INFO - Sync 1 DAGs
[2024-11-18T21:18:08.847+0500] {logging_mixin.py:190} INFO - [2024-11-18T21:18:08.847+0500] {dag.py:4180} INFO - Setting next_dagrun for example_sla_dag to 2024-11-18 16:16:00+00:00, run_after=2024-11-18 16:18:00+00:00
[2024-11-18T21:18:08.879+0500] {processor.py:208} INFO - Processing /home/AtlasRise/airflow/airflow_env/lib/python3.12/site-packages/airflow/example_dags/example_sla_dag.py took 0.122 seconds
[2024-11-18T21:19:09.489+0500] {processor.py:186} INFO - Started process (PID=22074) to work on /home/AtlasRise/airflow/airflow_env/lib/python3.12/site-packages/airflow/example_dags/example_sla_dag.py
[2024-11-18T21:19:09.490+0500] {processor.py:914} INFO - Processing file /home/AtlasRise/airflow/airflow_env/lib/python3.12/site-packages/airflow/example_dags/example_sla_dag.py for tasks to queue
[2024-11-18T21:19:09.493+0500] {logging_mixin.py:190} INFO - [2024-11-18T21:19:09.493+0500] {dagbag.py:588} INFO - Filling up the DagBag from /home/AtlasRise/airflow/airflow_env/lib/python3.12/site-packages/airflow/example_dags/example_sla_dag.py
[2024-11-18T21:19:09.509+0500] {processor.py:925} INFO - DAG(s) 'example_sla_dag' retrieved from /home/AtlasRise/airflow/airflow_env/lib/python3.12/site-packages/airflow/example_dags/example_sla_dag.py
[2024-11-18T21:19:09.532+0500] {logging_mixin.py:190} INFO - [2024-11-18T21:19:09.532+0500] {dag.py:3239} INFO - Sync 1 DAGs
[2024-11-18T21:19:09.569+0500] {logging_mixin.py:190} INFO - [2024-11-18T21:19:09.568+0500] {dag.py:4180} INFO - Setting next_dagrun for example_sla_dag to 2024-11-18 16:16:00+00:00, run_after=2024-11-18 16:18:00+00:00
[2024-11-18T21:19:09.600+0500] {processor.py:208} INFO - Processing /home/AtlasRise/airflow/airflow_env/lib/python3.12/site-packages/airflow/example_dags/example_sla_dag.py took 0.119 seconds
[2024-11-18T21:20:34.221+0500] {processor.py:186} INFO - Started process (PID=22164) to work on /home/AtlasRise/airflow/airflow_env/lib/python3.12/site-packages/airflow/example_dags/example_sla_dag.py
[2024-11-18T21:20:34.224+0500] {processor.py:914} INFO - Processing file /home/AtlasRise/airflow/airflow_env/lib/python3.12/site-packages/airflow/example_dags/example_sla_dag.py for tasks to queue
[2024-11-18T21:20:34.227+0500] {logging_mixin.py:190} INFO - [2024-11-18T21:20:34.226+0500] {dagbag.py:588} INFO - Filling up the DagBag from /home/AtlasRise/airflow/airflow_env/lib/python3.12/site-packages/airflow/example_dags/example_sla_dag.py
[2024-11-18T21:20:34.243+0500] {processor.py:925} INFO - DAG(s) 'example_sla_dag' retrieved from /home/AtlasRise/airflow/airflow_env/lib/python3.12/site-packages/airflow/example_dags/example_sla_dag.py
[2024-11-18T21:20:34.266+0500] {logging_mixin.py:190} INFO - [2024-11-18T21:20:34.265+0500] {dag.py:3239} INFO - Sync 1 DAGs
[2024-11-18T21:20:34.301+0500] {logging_mixin.py:190} INFO - [2024-11-18T21:20:34.301+0500] {dag.py:4180} INFO - Setting next_dagrun for example_sla_dag to 2024-11-18 16:18:00+00:00, run_after=2024-11-18 16:20:00+00:00
[2024-11-18T21:20:34.333+0500] {processor.py:208} INFO - Processing /home/AtlasRise/airflow/airflow_env/lib/python3.12/site-packages/airflow/example_dags/example_sla_dag.py took 0.123 seconds
[2024-11-18T21:21:48.095+0500] {processor.py:186} INFO - Started process (PID=22263) to work on /home/AtlasRise/airflow/airflow_env/lib/python3.12/site-packages/airflow/example_dags/example_sla_dag.py
[2024-11-18T21:21:48.097+0500] {processor.py:914} INFO - Processing file /home/AtlasRise/airflow/airflow_env/lib/python3.12/site-packages/airflow/example_dags/example_sla_dag.py for tasks to queue
[2024-11-18T21:21:48.100+0500] {logging_mixin.py:190} INFO - [2024-11-18T21:21:48.100+0500] {dagbag.py:588} INFO - Filling up the DagBag from /home/AtlasRise/airflow/airflow_env/lib/python3.12/site-packages/airflow/example_dags/example_sla_dag.py
[2024-11-18T21:21:48.116+0500] {processor.py:925} INFO - DAG(s) 'example_sla_dag' retrieved from /home/AtlasRise/airflow/airflow_env/lib/python3.12/site-packages/airflow/example_dags/example_sla_dag.py
[2024-11-18T21:21:48.139+0500] {logging_mixin.py:190} INFO - [2024-11-18T21:21:48.138+0500] {dag.py:3239} INFO - Sync 1 DAGs
[2024-11-18T21:21:48.176+0500] {logging_mixin.py:190} INFO - [2024-11-18T21:21:48.176+0500] {dag.py:4180} INFO - Setting next_dagrun for example_sla_dag to 2024-11-18 16:18:00+00:00, run_after=2024-11-18 16:20:00+00:00
[2024-11-18T21:21:48.209+0500] {processor.py:208} INFO - Processing /home/AtlasRise/airflow/airflow_env/lib/python3.12/site-packages/airflow/example_dags/example_sla_dag.py took 0.122 seconds
[2024-11-18T21:22:56.945+0500] {processor.py:186} INFO - Started process (PID=22346) to work on /home/AtlasRise/airflow/airflow_env/lib/python3.12/site-packages/airflow/example_dags/example_sla_dag.py
[2024-11-18T21:22:56.949+0500] {processor.py:914} INFO - Processing file /home/AtlasRise/airflow/airflow_env/lib/python3.12/site-packages/airflow/example_dags/example_sla_dag.py for tasks to queue
[2024-11-18T21:22:56.954+0500] {logging_mixin.py:190} INFO - [2024-11-18T21:22:56.954+0500] {dagbag.py:588} INFO - Filling up the DagBag from /home/AtlasRise/airflow/airflow_env/lib/python3.12/site-packages/airflow/example_dags/example_sla_dag.py
[2024-11-18T21:22:56.994+0500] {processor.py:925} INFO - DAG(s) 'example_sla_dag' retrieved from /home/AtlasRise/airflow/airflow_env/lib/python3.12/site-packages/airflow/example_dags/example_sla_dag.py
[2024-11-18T21:22:57.036+0500] {logging_mixin.py:190} INFO - [2024-11-18T21:22:57.036+0500] {dag.py:3239} INFO - Sync 1 DAGs
[2024-11-18T21:22:57.074+0500] {logging_mixin.py:190} INFO - [2024-11-18T21:22:57.074+0500] {dag.py:4180} INFO - Setting next_dagrun for example_sla_dag to 2024-11-18 16:20:00+00:00, run_after=2024-11-18 16:22:00+00:00
[2024-11-18T21:22:57.116+0500] {processor.py:208} INFO - Processing /home/AtlasRise/airflow/airflow_env/lib/python3.12/site-packages/airflow/example_dags/example_sla_dag.py took 0.189 seconds
