[2024-11-18T20:40:30.328+0500] {processor.py:186} INFO - Started process (PID=18924) to work on /home/AtlasRise/airflow/airflow_env/lib/python3.12/site-packages/airflow/example_dags/example_xcom.py
[2024-11-18T20:40:30.329+0500] {processor.py:914} INFO - Processing file /home/AtlasRise/airflow/airflow_env/lib/python3.12/site-packages/airflow/example_dags/example_xcom.py for tasks to queue
[2024-11-18T20:40:30.335+0500] {logging_mixin.py:190} INFO - [2024-11-18T20:40:30.331+0500] {dagbag.py:588} INFO - Filling up the DagBag from /home/AtlasRise/airflow/airflow_env/lib/python3.12/site-packages/airflow/example_dags/example_xcom.py
[2024-11-18T20:40:30.353+0500] {processor.py:925} INFO - DAG(s) 'example_xcom' retrieved from /home/AtlasRise/airflow/airflow_env/lib/python3.12/site-packages/airflow/example_dags/example_xcom.py
[2024-11-18T20:40:30.576+0500] {logging_mixin.py:190} INFO - [2024-11-18T20:40:30.574+0500] {override.py:1911} INFO - Created Permission View: can read on DAG:example_xcom
[2024-11-18T20:40:30.601+0500] {logging_mixin.py:190} INFO - [2024-11-18T20:40:30.600+0500] {override.py:1911} INFO - Created Permission View: can edit on DAG:example_xcom
[2024-11-18T20:40:30.614+0500] {logging_mixin.py:190} INFO - [2024-11-18T20:40:30.613+0500] {override.py:1911} INFO - Created Permission View: can delete on DAG:example_xcom
[2024-11-18T20:40:30.636+0500] {logging_mixin.py:190} INFO - [2024-11-18T20:40:30.635+0500] {override.py:1911} INFO - Created Permission View: can read on DAG Run:example_xcom
[2024-11-18T20:40:30.661+0500] {logging_mixin.py:190} INFO - [2024-11-18T20:40:30.661+0500] {override.py:1911} INFO - Created Permission View: can create on DAG Run:example_xcom
[2024-11-18T20:40:30.711+0500] {logging_mixin.py:190} INFO - [2024-11-18T20:40:30.710+0500] {override.py:1911} INFO - Created Permission View: can delete on DAG Run:example_xcom
[2024-11-18T20:40:30.755+0500] {logging_mixin.py:190} INFO - [2024-11-18T20:40:30.755+0500] {override.py:1911} INFO - Created Permission View: menu access on DAG Run:example_xcom
[2024-11-18T20:40:30.756+0500] {logging_mixin.py:190} INFO - [2024-11-18T20:40:30.756+0500] {dag.py:3239} INFO - Sync 1 DAGs
[2024-11-18T20:40:30.793+0500] {logging_mixin.py:190} INFO - [2024-11-18T20:40:30.793+0500] {dag.py:3262} INFO - Creating ORM DAG for example_xcom
[2024-11-18T20:40:30.808+0500] {logging_mixin.py:190} INFO - [2024-11-18T20:40:30.808+0500] {dag.py:4180} INFO - Setting next_dagrun for example_xcom to 2021-01-01 00:00:00+00:00, run_after=2021-01-01 00:00:00+00:00
[2024-11-18T20:40:30.856+0500] {processor.py:208} INFO - Processing /home/AtlasRise/airflow/airflow_env/lib/python3.12/site-packages/airflow/example_dags/example_xcom.py took 0.546 seconds
[2024-11-18T20:41:43.450+0500] {processor.py:186} INFO - Started process (PID=19007) to work on /home/AtlasRise/airflow/airflow_env/lib/python3.12/site-packages/airflow/example_dags/example_xcom.py
[2024-11-18T20:41:43.453+0500] {processor.py:914} INFO - Processing file /home/AtlasRise/airflow/airflow_env/lib/python3.12/site-packages/airflow/example_dags/example_xcom.py for tasks to queue
[2024-11-18T20:41:43.457+0500] {logging_mixin.py:190} INFO - [2024-11-18T20:41:43.456+0500] {dagbag.py:588} INFO - Filling up the DagBag from /home/AtlasRise/airflow/airflow_env/lib/python3.12/site-packages/airflow/example_dags/example_xcom.py
[2024-11-18T20:41:43.473+0500] {processor.py:925} INFO - DAG(s) 'example_xcom' retrieved from /home/AtlasRise/airflow/airflow_env/lib/python3.12/site-packages/airflow/example_dags/example_xcom.py
[2024-11-18T20:41:43.498+0500] {logging_mixin.py:190} INFO - [2024-11-18T20:41:43.498+0500] {dag.py:3239} INFO - Sync 1 DAGs
[2024-11-18T20:41:43.536+0500] {logging_mixin.py:190} INFO - [2024-11-18T20:41:43.535+0500] {dag.py:4180} INFO - Setting next_dagrun for example_xcom to 2021-01-01 00:00:00+00:00, run_after=2021-01-01 00:00:00+00:00
[2024-11-18T20:41:43.567+0500] {processor.py:208} INFO - Processing /home/AtlasRise/airflow/airflow_env/lib/python3.12/site-packages/airflow/example_dags/example_xcom.py took 0.125 seconds
[2024-11-18T20:42:54.101+0500] {processor.py:186} INFO - Started process (PID=19182) to work on /home/AtlasRise/airflow/airflow_env/lib/python3.12/site-packages/airflow/example_dags/example_xcom.py
[2024-11-18T20:42:54.104+0500] {processor.py:914} INFO - Processing file /home/AtlasRise/airflow/airflow_env/lib/python3.12/site-packages/airflow/example_dags/example_xcom.py for tasks to queue
[2024-11-18T20:42:54.107+0500] {logging_mixin.py:190} INFO - [2024-11-18T20:42:54.107+0500] {dagbag.py:588} INFO - Filling up the DagBag from /home/AtlasRise/airflow/airflow_env/lib/python3.12/site-packages/airflow/example_dags/example_xcom.py
[2024-11-18T20:42:54.123+0500] {processor.py:925} INFO - DAG(s) 'example_xcom' retrieved from /home/AtlasRise/airflow/airflow_env/lib/python3.12/site-packages/airflow/example_dags/example_xcom.py
[2024-11-18T20:42:54.153+0500] {logging_mixin.py:190} INFO - [2024-11-18T20:42:54.153+0500] {dag.py:3239} INFO - Sync 1 DAGs
[2024-11-18T20:42:54.189+0500] {logging_mixin.py:190} INFO - [2024-11-18T20:42:54.189+0500] {dag.py:4180} INFO - Setting next_dagrun for example_xcom to 2021-01-01 00:00:00+00:00, run_after=2021-01-01 00:00:00+00:00
[2024-11-18T20:42:54.225+0500] {processor.py:208} INFO - Processing /home/AtlasRise/airflow/airflow_env/lib/python3.12/site-packages/airflow/example_dags/example_xcom.py took 0.132 seconds
[2024-11-18T20:44:01.641+0500] {processor.py:186} INFO - Started process (PID=19264) to work on /home/AtlasRise/airflow/airflow_env/lib/python3.12/site-packages/airflow/example_dags/example_xcom.py
[2024-11-18T20:44:01.642+0500] {processor.py:914} INFO - Processing file /home/AtlasRise/airflow/airflow_env/lib/python3.12/site-packages/airflow/example_dags/example_xcom.py for tasks to queue
[2024-11-18T20:44:01.645+0500] {logging_mixin.py:190} INFO - [2024-11-18T20:44:01.644+0500] {dagbag.py:588} INFO - Filling up the DagBag from /home/AtlasRise/airflow/airflow_env/lib/python3.12/site-packages/airflow/example_dags/example_xcom.py
[2024-11-18T20:44:01.659+0500] {processor.py:925} INFO - DAG(s) 'example_xcom' retrieved from /home/AtlasRise/airflow/airflow_env/lib/python3.12/site-packages/airflow/example_dags/example_xcom.py
[2024-11-18T20:44:01.684+0500] {logging_mixin.py:190} INFO - [2024-11-18T20:44:01.683+0500] {dag.py:3239} INFO - Sync 1 DAGs
[2024-11-18T20:44:01.714+0500] {logging_mixin.py:190} INFO - [2024-11-18T20:44:01.714+0500] {dag.py:4180} INFO - Setting next_dagrun for example_xcom to 2021-01-01 00:00:00+00:00, run_after=2021-01-01 00:00:00+00:00
[2024-11-18T20:44:01.748+0500] {processor.py:208} INFO - Processing /home/AtlasRise/airflow/airflow_env/lib/python3.12/site-packages/airflow/example_dags/example_xcom.py took 0.115 seconds
[2024-11-18T20:45:05.742+0500] {processor.py:186} INFO - Started process (PID=19332) to work on /home/AtlasRise/airflow/airflow_env/lib/python3.12/site-packages/airflow/example_dags/example_xcom.py
[2024-11-18T20:45:05.745+0500] {processor.py:914} INFO - Processing file /home/AtlasRise/airflow/airflow_env/lib/python3.12/site-packages/airflow/example_dags/example_xcom.py for tasks to queue
[2024-11-18T20:45:05.748+0500] {logging_mixin.py:190} INFO - [2024-11-18T20:45:05.747+0500] {dagbag.py:588} INFO - Filling up the DagBag from /home/AtlasRise/airflow/airflow_env/lib/python3.12/site-packages/airflow/example_dags/example_xcom.py
[2024-11-18T20:45:05.762+0500] {processor.py:925} INFO - DAG(s) 'example_xcom' retrieved from /home/AtlasRise/airflow/airflow_env/lib/python3.12/site-packages/airflow/example_dags/example_xcom.py
[2024-11-18T20:45:05.787+0500] {logging_mixin.py:190} INFO - [2024-11-18T20:45:05.786+0500] {dag.py:3239} INFO - Sync 1 DAGs
[2024-11-18T20:45:05.818+0500] {logging_mixin.py:190} INFO - [2024-11-18T20:45:05.817+0500] {dag.py:4180} INFO - Setting next_dagrun for example_xcom to 2021-01-01 00:00:00+00:00, run_after=2021-01-01 00:00:00+00:00
[2024-11-18T20:45:05.849+0500] {processor.py:208} INFO - Processing /home/AtlasRise/airflow/airflow_env/lib/python3.12/site-packages/airflow/example_dags/example_xcom.py took 0.115 seconds
[2024-11-18T20:46:24.754+0500] {processor.py:186} INFO - Started process (PID=19547) to work on /home/AtlasRise/airflow/airflow_env/lib/python3.12/site-packages/airflow/example_dags/example_xcom.py
[2024-11-18T20:46:24.757+0500] {processor.py:914} INFO - Processing file /home/AtlasRise/airflow/airflow_env/lib/python3.12/site-packages/airflow/example_dags/example_xcom.py for tasks to queue
[2024-11-18T20:46:24.760+0500] {logging_mixin.py:190} INFO - [2024-11-18T20:46:24.760+0500] {dagbag.py:588} INFO - Filling up the DagBag from /home/AtlasRise/airflow/airflow_env/lib/python3.12/site-packages/airflow/example_dags/example_xcom.py
[2024-11-18T20:46:24.775+0500] {processor.py:925} INFO - DAG(s) 'example_xcom' retrieved from /home/AtlasRise/airflow/airflow_env/lib/python3.12/site-packages/airflow/example_dags/example_xcom.py
[2024-11-18T20:46:24.801+0500] {logging_mixin.py:190} INFO - [2024-11-18T20:46:24.801+0500] {dag.py:3239} INFO - Sync 1 DAGs
[2024-11-18T20:46:24.834+0500] {logging_mixin.py:190} INFO - [2024-11-18T20:46:24.834+0500] {dag.py:4180} INFO - Setting next_dagrun for example_xcom to 2021-01-01 00:00:00+00:00, run_after=2021-01-01 00:00:00+00:00
[2024-11-18T20:46:24.870+0500] {processor.py:208} INFO - Processing /home/AtlasRise/airflow/airflow_env/lib/python3.12/site-packages/airflow/example_dags/example_xcom.py took 0.124 seconds
[2024-11-18T20:47:36.428+0500] {processor.py:186} INFO - Started process (PID=19657) to work on /home/AtlasRise/airflow/airflow_env/lib/python3.12/site-packages/airflow/example_dags/example_xcom.py
[2024-11-18T20:47:36.430+0500] {processor.py:914} INFO - Processing file /home/AtlasRise/airflow/airflow_env/lib/python3.12/site-packages/airflow/example_dags/example_xcom.py for tasks to queue
[2024-11-18T20:47:36.433+0500] {logging_mixin.py:190} INFO - [2024-11-18T20:47:36.433+0500] {dagbag.py:588} INFO - Filling up the DagBag from /home/AtlasRise/airflow/airflow_env/lib/python3.12/site-packages/airflow/example_dags/example_xcom.py
[2024-11-18T20:47:36.448+0500] {processor.py:925} INFO - DAG(s) 'example_xcom' retrieved from /home/AtlasRise/airflow/airflow_env/lib/python3.12/site-packages/airflow/example_dags/example_xcom.py
[2024-11-18T20:47:36.473+0500] {logging_mixin.py:190} INFO - [2024-11-18T20:47:36.473+0500] {dag.py:3239} INFO - Sync 1 DAGs
[2024-11-18T20:47:36.507+0500] {logging_mixin.py:190} INFO - [2024-11-18T20:47:36.506+0500] {dag.py:4180} INFO - Setting next_dagrun for example_xcom to 2021-01-01 00:00:00+00:00, run_after=2021-01-01 00:00:00+00:00
[2024-11-18T20:47:36.546+0500] {processor.py:208} INFO - Processing /home/AtlasRise/airflow/airflow_env/lib/python3.12/site-packages/airflow/example_dags/example_xcom.py took 0.126 seconds
[2024-11-18T20:48:39.205+0500] {processor.py:186} INFO - Started process (PID=19793) to work on /home/AtlasRise/airflow/airflow_env/lib/python3.12/site-packages/airflow/example_dags/example_xcom.py
[2024-11-18T20:48:39.207+0500] {processor.py:914} INFO - Processing file /home/AtlasRise/airflow/airflow_env/lib/python3.12/site-packages/airflow/example_dags/example_xcom.py for tasks to queue
[2024-11-18T20:48:39.211+0500] {logging_mixin.py:190} INFO - [2024-11-18T20:48:39.210+0500] {dagbag.py:588} INFO - Filling up the DagBag from /home/AtlasRise/airflow/airflow_env/lib/python3.12/site-packages/airflow/example_dags/example_xcom.py
[2024-11-18T20:48:39.227+0500] {processor.py:925} INFO - DAG(s) 'example_xcom' retrieved from /home/AtlasRise/airflow/airflow_env/lib/python3.12/site-packages/airflow/example_dags/example_xcom.py
[2024-11-18T20:48:39.259+0500] {logging_mixin.py:190} INFO - [2024-11-18T20:48:39.258+0500] {dag.py:3239} INFO - Sync 1 DAGs
[2024-11-18T20:48:39.365+0500] {logging_mixin.py:190} INFO - [2024-11-18T20:48:39.360+0500] {dag.py:4180} INFO - Setting next_dagrun for example_xcom to 2021-01-01 00:00:00+00:00, run_after=2021-01-01 00:00:00+00:00
[2024-11-18T20:48:39.478+0500] {processor.py:208} INFO - Processing /home/AtlasRise/airflow/airflow_env/lib/python3.12/site-packages/airflow/example_dags/example_xcom.py took 0.291 seconds
[2024-11-18T20:49:49.572+0500] {processor.py:186} INFO - Started process (PID=19868) to work on /home/AtlasRise/airflow/airflow_env/lib/python3.12/site-packages/airflow/example_dags/example_xcom.py
[2024-11-18T20:49:49.574+0500] {processor.py:914} INFO - Processing file /home/AtlasRise/airflow/airflow_env/lib/python3.12/site-packages/airflow/example_dags/example_xcom.py for tasks to queue
[2024-11-18T20:49:49.578+0500] {logging_mixin.py:190} INFO - [2024-11-18T20:49:49.577+0500] {dagbag.py:588} INFO - Filling up the DagBag from /home/AtlasRise/airflow/airflow_env/lib/python3.12/site-packages/airflow/example_dags/example_xcom.py
[2024-11-18T20:49:49.592+0500] {processor.py:925} INFO - DAG(s) 'example_xcom' retrieved from /home/AtlasRise/airflow/airflow_env/lib/python3.12/site-packages/airflow/example_dags/example_xcom.py
[2024-11-18T20:49:49.622+0500] {logging_mixin.py:190} INFO - [2024-11-18T20:49:49.621+0500] {dag.py:3239} INFO - Sync 1 DAGs
[2024-11-18T20:49:49.664+0500] {logging_mixin.py:190} INFO - [2024-11-18T20:49:49.664+0500] {dag.py:4180} INFO - Setting next_dagrun for example_xcom to 2021-01-01 00:00:00+00:00, run_after=2021-01-01 00:00:00+00:00
[2024-11-18T20:49:49.699+0500] {processor.py:208} INFO - Processing /home/AtlasRise/airflow/airflow_env/lib/python3.12/site-packages/airflow/example_dags/example_xcom.py took 0.136 seconds
[2024-11-18T20:50:59.906+0500] {processor.py:186} INFO - Started process (PID=19941) to work on /home/AtlasRise/airflow/airflow_env/lib/python3.12/site-packages/airflow/example_dags/example_xcom.py
[2024-11-18T20:50:59.908+0500] {processor.py:914} INFO - Processing file /home/AtlasRise/airflow/airflow_env/lib/python3.12/site-packages/airflow/example_dags/example_xcom.py for tasks to queue
[2024-11-18T20:50:59.911+0500] {logging_mixin.py:190} INFO - [2024-11-18T20:50:59.910+0500] {dagbag.py:588} INFO - Filling up the DagBag from /home/AtlasRise/airflow/airflow_env/lib/python3.12/site-packages/airflow/example_dags/example_xcom.py
[2024-11-18T20:50:59.925+0500] {processor.py:925} INFO - DAG(s) 'example_xcom' retrieved from /home/AtlasRise/airflow/airflow_env/lib/python3.12/site-packages/airflow/example_dags/example_xcom.py
[2024-11-18T20:50:59.951+0500] {logging_mixin.py:190} INFO - [2024-11-18T20:50:59.950+0500] {dag.py:3239} INFO - Sync 1 DAGs
[2024-11-18T20:50:59.982+0500] {logging_mixin.py:190} INFO - [2024-11-18T20:50:59.982+0500] {dag.py:4180} INFO - Setting next_dagrun for example_xcom to 2021-01-01 00:00:00+00:00, run_after=2021-01-01 00:00:00+00:00
[2024-11-18T20:51:00.013+0500] {processor.py:208} INFO - Processing /home/AtlasRise/airflow/airflow_env/lib/python3.12/site-packages/airflow/example_dags/example_xcom.py took 0.115 seconds
[2024-11-18T20:52:13.388+0500] {processor.py:186} INFO - Started process (PID=20028) to work on /home/AtlasRise/airflow/airflow_env/lib/python3.12/site-packages/airflow/example_dags/example_xcom.py
[2024-11-18T20:52:13.390+0500] {processor.py:914} INFO - Processing file /home/AtlasRise/airflow/airflow_env/lib/python3.12/site-packages/airflow/example_dags/example_xcom.py for tasks to queue
[2024-11-18T20:52:13.393+0500] {logging_mixin.py:190} INFO - [2024-11-18T20:52:13.393+0500] {dagbag.py:588} INFO - Filling up the DagBag from /home/AtlasRise/airflow/airflow_env/lib/python3.12/site-packages/airflow/example_dags/example_xcom.py
[2024-11-18T20:52:13.433+0500] {processor.py:925} INFO - DAG(s) 'example_xcom' retrieved from /home/AtlasRise/airflow/airflow_env/lib/python3.12/site-packages/airflow/example_dags/example_xcom.py
[2024-11-18T20:52:13.493+0500] {logging_mixin.py:190} INFO - [2024-11-18T20:52:13.493+0500] {dag.py:3239} INFO - Sync 1 DAGs
[2024-11-18T20:52:13.534+0500] {logging_mixin.py:190} INFO - [2024-11-18T20:52:13.534+0500] {dag.py:4180} INFO - Setting next_dagrun for example_xcom to 2021-01-01 00:00:00+00:00, run_after=2021-01-01 00:00:00+00:00
[2024-11-18T20:52:13.569+0500] {processor.py:208} INFO - Processing /home/AtlasRise/airflow/airflow_env/lib/python3.12/site-packages/airflow/example_dags/example_xcom.py took 0.201 seconds
[2024-11-18T20:53:17.763+0500] {processor.py:186} INFO - Started process (PID=20099) to work on /home/AtlasRise/airflow/airflow_env/lib/python3.12/site-packages/airflow/example_dags/example_xcom.py
[2024-11-18T20:53:17.766+0500] {processor.py:914} INFO - Processing file /home/AtlasRise/airflow/airflow_env/lib/python3.12/site-packages/airflow/example_dags/example_xcom.py for tasks to queue
[2024-11-18T20:53:17.769+0500] {logging_mixin.py:190} INFO - [2024-11-18T20:53:17.768+0500] {dagbag.py:588} INFO - Filling up the DagBag from /home/AtlasRise/airflow/airflow_env/lib/python3.12/site-packages/airflow/example_dags/example_xcom.py
[2024-11-18T20:53:17.783+0500] {processor.py:925} INFO - DAG(s) 'example_xcom' retrieved from /home/AtlasRise/airflow/airflow_env/lib/python3.12/site-packages/airflow/example_dags/example_xcom.py
[2024-11-18T20:53:17.808+0500] {logging_mixin.py:190} INFO - [2024-11-18T20:53:17.808+0500] {dag.py:3239} INFO - Sync 1 DAGs
[2024-11-18T20:53:17.840+0500] {logging_mixin.py:190} INFO - [2024-11-18T20:53:17.839+0500] {dag.py:4180} INFO - Setting next_dagrun for example_xcom to 2021-01-01 00:00:00+00:00, run_after=2021-01-01 00:00:00+00:00
[2024-11-18T20:53:17.872+0500] {processor.py:208} INFO - Processing /home/AtlasRise/airflow/airflow_env/lib/python3.12/site-packages/airflow/example_dags/example_xcom.py took 0.117 seconds
[2024-11-18T20:54:29.480+0500] {processor.py:186} INFO - Started process (PID=20191) to work on /home/AtlasRise/airflow/airflow_env/lib/python3.12/site-packages/airflow/example_dags/example_xcom.py
[2024-11-18T20:54:29.481+0500] {processor.py:914} INFO - Processing file /home/AtlasRise/airflow/airflow_env/lib/python3.12/site-packages/airflow/example_dags/example_xcom.py for tasks to queue
[2024-11-18T20:54:29.484+0500] {logging_mixin.py:190} INFO - [2024-11-18T20:54:29.484+0500] {dagbag.py:588} INFO - Filling up the DagBag from /home/AtlasRise/airflow/airflow_env/lib/python3.12/site-packages/airflow/example_dags/example_xcom.py
[2024-11-18T20:54:29.499+0500] {processor.py:925} INFO - DAG(s) 'example_xcom' retrieved from /home/AtlasRise/airflow/airflow_env/lib/python3.12/site-packages/airflow/example_dags/example_xcom.py
[2024-11-18T20:54:29.525+0500] {logging_mixin.py:190} INFO - [2024-11-18T20:54:29.524+0500] {dag.py:3239} INFO - Sync 1 DAGs
[2024-11-18T20:54:29.558+0500] {logging_mixin.py:190} INFO - [2024-11-18T20:54:29.557+0500] {dag.py:4180} INFO - Setting next_dagrun for example_xcom to 2021-01-01 00:00:00+00:00, run_after=2021-01-01 00:00:00+00:00
[2024-11-18T20:54:29.589+0500] {processor.py:208} INFO - Processing /home/AtlasRise/airflow/airflow_env/lib/python3.12/site-packages/airflow/example_dags/example_xcom.py took 0.117 seconds
[2024-11-18T20:55:15.360+0500] {processor.py:186} INFO - Started process (PID=20235) to work on /home/AtlasRise/airflow/airflow_env/lib/python3.12/site-packages/airflow/example_dags/example_xcom.py
[2024-11-18T20:55:15.361+0500] {processor.py:914} INFO - Processing file /home/AtlasRise/airflow/airflow_env/lib/python3.12/site-packages/airflow/example_dags/example_xcom.py for tasks to queue
[2024-11-18T20:55:15.365+0500] {logging_mixin.py:190} INFO - [2024-11-18T20:55:15.364+0500] {dagbag.py:588} INFO - Filling up the DagBag from /home/AtlasRise/airflow/airflow_env/lib/python3.12/site-packages/airflow/example_dags/example_xcom.py
[2024-11-18T20:55:15.379+0500] {processor.py:925} INFO - DAG(s) 'example_xcom' retrieved from /home/AtlasRise/airflow/airflow_env/lib/python3.12/site-packages/airflow/example_dags/example_xcom.py
[2024-11-18T20:55:15.406+0500] {logging_mixin.py:190} INFO - [2024-11-18T20:55:15.405+0500] {dag.py:3239} INFO - Sync 1 DAGs
[2024-11-18T20:55:15.438+0500] {logging_mixin.py:190} INFO - [2024-11-18T20:55:15.438+0500] {dag.py:4180} INFO - Setting next_dagrun for example_xcom to 2021-01-01 00:00:00+00:00, run_after=2021-01-01 00:00:00+00:00
[2024-11-18T20:55:15.472+0500] {processor.py:208} INFO - Processing /home/AtlasRise/airflow/airflow_env/lib/python3.12/site-packages/airflow/example_dags/example_xcom.py took 0.120 seconds
[2024-11-18T20:56:01.198+0500] {processor.py:186} INFO - Started process (PID=20284) to work on /home/AtlasRise/airflow/airflow_env/lib/python3.12/site-packages/airflow/example_dags/example_xcom.py
[2024-11-18T20:56:01.201+0500] {processor.py:914} INFO - Processing file /home/AtlasRise/airflow/airflow_env/lib/python3.12/site-packages/airflow/example_dags/example_xcom.py for tasks to queue
[2024-11-18T20:56:01.203+0500] {logging_mixin.py:190} INFO - [2024-11-18T20:56:01.203+0500] {dagbag.py:588} INFO - Filling up the DagBag from /home/AtlasRise/airflow/airflow_env/lib/python3.12/site-packages/airflow/example_dags/example_xcom.py
[2024-11-18T20:56:01.218+0500] {processor.py:925} INFO - DAG(s) 'example_xcom' retrieved from /home/AtlasRise/airflow/airflow_env/lib/python3.12/site-packages/airflow/example_dags/example_xcom.py
[2024-11-18T20:56:01.268+0500] {logging_mixin.py:190} INFO - [2024-11-18T20:56:01.267+0500] {dag.py:3239} INFO - Sync 1 DAGs
[2024-11-18T20:56:01.346+0500] {logging_mixin.py:190} INFO - [2024-11-18T20:56:01.346+0500] {dag.py:4180} INFO - Setting next_dagrun for example_xcom to 2021-01-01 00:00:00+00:00, run_after=2021-01-01 00:00:00+00:00
[2024-11-18T20:56:01.432+0500] {processor.py:208} INFO - Processing /home/AtlasRise/airflow/airflow_env/lib/python3.12/site-packages/airflow/example_dags/example_xcom.py took 0.242 seconds
[2024-11-18T20:57:16.039+0500] {processor.py:186} INFO - Started process (PID=20369) to work on /home/AtlasRise/airflow/airflow_env/lib/python3.12/site-packages/airflow/example_dags/example_xcom.py
[2024-11-18T20:57:16.041+0500] {processor.py:914} INFO - Processing file /home/AtlasRise/airflow/airflow_env/lib/python3.12/site-packages/airflow/example_dags/example_xcom.py for tasks to queue
[2024-11-18T20:57:16.044+0500] {logging_mixin.py:190} INFO - [2024-11-18T20:57:16.044+0500] {dagbag.py:588} INFO - Filling up the DagBag from /home/AtlasRise/airflow/airflow_env/lib/python3.12/site-packages/airflow/example_dags/example_xcom.py
[2024-11-18T20:57:16.060+0500] {processor.py:925} INFO - DAG(s) 'example_xcom' retrieved from /home/AtlasRise/airflow/airflow_env/lib/python3.12/site-packages/airflow/example_dags/example_xcom.py
[2024-11-18T20:57:16.086+0500] {logging_mixin.py:190} INFO - [2024-11-18T20:57:16.086+0500] {dag.py:3239} INFO - Sync 1 DAGs
[2024-11-18T20:57:16.119+0500] {logging_mixin.py:190} INFO - [2024-11-18T20:57:16.118+0500] {dag.py:4180} INFO - Setting next_dagrun for example_xcom to 2021-01-01 00:00:00+00:00, run_after=2021-01-01 00:00:00+00:00
[2024-11-18T20:57:16.152+0500] {processor.py:208} INFO - Processing /home/AtlasRise/airflow/airflow_env/lib/python3.12/site-packages/airflow/example_dags/example_xcom.py took 0.123 seconds
[2024-11-18T20:58:25.830+0500] {processor.py:186} INFO - Started process (PID=20462) to work on /home/AtlasRise/airflow/airflow_env/lib/python3.12/site-packages/airflow/example_dags/example_xcom.py
[2024-11-18T20:58:25.831+0500] {processor.py:914} INFO - Processing file /home/AtlasRise/airflow/airflow_env/lib/python3.12/site-packages/airflow/example_dags/example_xcom.py for tasks to queue
[2024-11-18T20:58:25.835+0500] {logging_mixin.py:190} INFO - [2024-11-18T20:58:25.834+0500] {dagbag.py:588} INFO - Filling up the DagBag from /home/AtlasRise/airflow/airflow_env/lib/python3.12/site-packages/airflow/example_dags/example_xcom.py
[2024-11-18T20:58:25.852+0500] {processor.py:925} INFO - DAG(s) 'example_xcom' retrieved from /home/AtlasRise/airflow/airflow_env/lib/python3.12/site-packages/airflow/example_dags/example_xcom.py
[2024-11-18T20:58:25.881+0500] {logging_mixin.py:190} INFO - [2024-11-18T20:58:25.880+0500] {dag.py:3239} INFO - Sync 1 DAGs
[2024-11-18T20:58:25.914+0500] {logging_mixin.py:190} INFO - [2024-11-18T20:58:25.914+0500] {dag.py:4180} INFO - Setting next_dagrun for example_xcom to 2021-01-01 00:00:00+00:00, run_after=2021-01-01 00:00:00+00:00
[2024-11-18T20:58:25.948+0500] {processor.py:208} INFO - Processing /home/AtlasRise/airflow/airflow_env/lib/python3.12/site-packages/airflow/example_dags/example_xcom.py took 0.127 seconds
[2024-11-18T20:59:34.833+0500] {processor.py:186} INFO - Started process (PID=20536) to work on /home/AtlasRise/airflow/airflow_env/lib/python3.12/site-packages/airflow/example_dags/example_xcom.py
[2024-11-18T20:59:34.834+0500] {processor.py:914} INFO - Processing file /home/AtlasRise/airflow/airflow_env/lib/python3.12/site-packages/airflow/example_dags/example_xcom.py for tasks to queue
[2024-11-18T20:59:34.837+0500] {logging_mixin.py:190} INFO - [2024-11-18T20:59:34.837+0500] {dagbag.py:588} INFO - Filling up the DagBag from /home/AtlasRise/airflow/airflow_env/lib/python3.12/site-packages/airflow/example_dags/example_xcom.py
[2024-11-18T20:59:34.852+0500] {processor.py:925} INFO - DAG(s) 'example_xcom' retrieved from /home/AtlasRise/airflow/airflow_env/lib/python3.12/site-packages/airflow/example_dags/example_xcom.py
[2024-11-18T20:59:34.877+0500] {logging_mixin.py:190} INFO - [2024-11-18T20:59:34.877+0500] {dag.py:3239} INFO - Sync 1 DAGs
[2024-11-18T20:59:34.910+0500] {logging_mixin.py:190} INFO - [2024-11-18T20:59:34.910+0500] {dag.py:4180} INFO - Setting next_dagrun for example_xcom to 2021-01-01 00:00:00+00:00, run_after=2021-01-01 00:00:00+00:00
[2024-11-18T20:59:34.943+0500] {processor.py:208} INFO - Processing /home/AtlasRise/airflow/airflow_env/lib/python3.12/site-packages/airflow/example_dags/example_xcom.py took 0.119 seconds
[2024-11-18T21:00:47.631+0500] {processor.py:186} INFO - Started process (PID=20609) to work on /home/AtlasRise/airflow/airflow_env/lib/python3.12/site-packages/airflow/example_dags/example_xcom.py
[2024-11-18T21:00:47.633+0500] {processor.py:914} INFO - Processing file /home/AtlasRise/airflow/airflow_env/lib/python3.12/site-packages/airflow/example_dags/example_xcom.py for tasks to queue
[2024-11-18T21:00:47.636+0500] {logging_mixin.py:190} INFO - [2024-11-18T21:00:47.636+0500] {dagbag.py:588} INFO - Filling up the DagBag from /home/AtlasRise/airflow/airflow_env/lib/python3.12/site-packages/airflow/example_dags/example_xcom.py
[2024-11-18T21:00:47.651+0500] {processor.py:925} INFO - DAG(s) 'example_xcom' retrieved from /home/AtlasRise/airflow/airflow_env/lib/python3.12/site-packages/airflow/example_dags/example_xcom.py
[2024-11-18T21:00:47.677+0500] {logging_mixin.py:190} INFO - [2024-11-18T21:00:47.676+0500] {dag.py:3239} INFO - Sync 1 DAGs
[2024-11-18T21:00:47.708+0500] {logging_mixin.py:190} INFO - [2024-11-18T21:00:47.707+0500] {dag.py:4180} INFO - Setting next_dagrun for example_xcom to 2021-01-01 00:00:00+00:00, run_after=2021-01-01 00:00:00+00:00
[2024-11-18T21:00:47.740+0500] {processor.py:208} INFO - Processing /home/AtlasRise/airflow/airflow_env/lib/python3.12/site-packages/airflow/example_dags/example_xcom.py took 0.118 seconds
[2024-11-18T21:01:51.597+0500] {processor.py:186} INFO - Started process (PID=20691) to work on /home/AtlasRise/airflow/airflow_env/lib/python3.12/site-packages/airflow/example_dags/example_xcom.py
[2024-11-18T21:01:51.598+0500] {processor.py:914} INFO - Processing file /home/AtlasRise/airflow/airflow_env/lib/python3.12/site-packages/airflow/example_dags/example_xcom.py for tasks to queue
[2024-11-18T21:01:51.601+0500] {logging_mixin.py:190} INFO - [2024-11-18T21:01:51.601+0500] {dagbag.py:588} INFO - Filling up the DagBag from /home/AtlasRise/airflow/airflow_env/lib/python3.12/site-packages/airflow/example_dags/example_xcom.py
[2024-11-18T21:01:51.616+0500] {processor.py:925} INFO - DAG(s) 'example_xcom' retrieved from /home/AtlasRise/airflow/airflow_env/lib/python3.12/site-packages/airflow/example_dags/example_xcom.py
[2024-11-18T21:01:51.641+0500] {logging_mixin.py:190} INFO - [2024-11-18T21:01:51.640+0500] {dag.py:3239} INFO - Sync 1 DAGs
[2024-11-18T21:01:51.673+0500] {logging_mixin.py:190} INFO - [2024-11-18T21:01:51.672+0500] {dag.py:4180} INFO - Setting next_dagrun for example_xcom to 2021-01-01 00:00:00+00:00, run_after=2021-01-01 00:00:00+00:00
[2024-11-18T21:01:51.704+0500] {processor.py:208} INFO - Processing /home/AtlasRise/airflow/airflow_env/lib/python3.12/site-packages/airflow/example_dags/example_xcom.py took 0.115 seconds
[2024-11-18T21:03:06.772+0500] {processor.py:186} INFO - Started process (PID=20765) to work on /home/AtlasRise/airflow/airflow_env/lib/python3.12/site-packages/airflow/example_dags/example_xcom.py
[2024-11-18T21:03:06.774+0500] {processor.py:914} INFO - Processing file /home/AtlasRise/airflow/airflow_env/lib/python3.12/site-packages/airflow/example_dags/example_xcom.py for tasks to queue
[2024-11-18T21:03:06.777+0500] {logging_mixin.py:190} INFO - [2024-11-18T21:03:06.777+0500] {dagbag.py:588} INFO - Filling up the DagBag from /home/AtlasRise/airflow/airflow_env/lib/python3.12/site-packages/airflow/example_dags/example_xcom.py
[2024-11-18T21:03:06.791+0500] {processor.py:925} INFO - DAG(s) 'example_xcom' retrieved from /home/AtlasRise/airflow/airflow_env/lib/python3.12/site-packages/airflow/example_dags/example_xcom.py
[2024-11-18T21:03:06.817+0500] {logging_mixin.py:190} INFO - [2024-11-18T21:03:06.816+0500] {dag.py:3239} INFO - Sync 1 DAGs
[2024-11-18T21:03:06.849+0500] {logging_mixin.py:190} INFO - [2024-11-18T21:03:06.848+0500] {dag.py:4180} INFO - Setting next_dagrun for example_xcom to 2021-01-01 00:00:00+00:00, run_after=2021-01-01 00:00:00+00:00
[2024-11-18T21:03:06.881+0500] {processor.py:208} INFO - Processing /home/AtlasRise/airflow/airflow_env/lib/python3.12/site-packages/airflow/example_dags/example_xcom.py took 0.119 seconds
[2024-11-18T21:04:13.603+0500] {processor.py:186} INFO - Started process (PID=20848) to work on /home/AtlasRise/airflow/airflow_env/lib/python3.12/site-packages/airflow/example_dags/example_xcom.py
[2024-11-18T21:04:13.605+0500] {processor.py:914} INFO - Processing file /home/AtlasRise/airflow/airflow_env/lib/python3.12/site-packages/airflow/example_dags/example_xcom.py for tasks to queue
[2024-11-18T21:04:13.609+0500] {logging_mixin.py:190} INFO - [2024-11-18T21:04:13.608+0500] {dagbag.py:588} INFO - Filling up the DagBag from /home/AtlasRise/airflow/airflow_env/lib/python3.12/site-packages/airflow/example_dags/example_xcom.py
[2024-11-18T21:04:13.624+0500] {processor.py:925} INFO - DAG(s) 'example_xcom' retrieved from /home/AtlasRise/airflow/airflow_env/lib/python3.12/site-packages/airflow/example_dags/example_xcom.py
[2024-11-18T21:04:13.652+0500] {logging_mixin.py:190} INFO - [2024-11-18T21:04:13.651+0500] {dag.py:3239} INFO - Sync 1 DAGs
[2024-11-18T21:04:13.688+0500] {logging_mixin.py:190} INFO - [2024-11-18T21:04:13.688+0500] {dag.py:4180} INFO - Setting next_dagrun for example_xcom to 2021-01-01 00:00:00+00:00, run_after=2021-01-01 00:00:00+00:00
[2024-11-18T21:04:13.725+0500] {processor.py:208} INFO - Processing /home/AtlasRise/airflow/airflow_env/lib/python3.12/site-packages/airflow/example_dags/example_xcom.py took 0.132 seconds
[2024-11-18T21:05:20.226+0500] {processor.py:186} INFO - Started process (PID=20938) to work on /home/AtlasRise/airflow/airflow_env/lib/python3.12/site-packages/airflow/example_dags/example_xcom.py
[2024-11-18T21:05:20.229+0500] {processor.py:914} INFO - Processing file /home/AtlasRise/airflow/airflow_env/lib/python3.12/site-packages/airflow/example_dags/example_xcom.py for tasks to queue
[2024-11-18T21:05:20.232+0500] {logging_mixin.py:190} INFO - [2024-11-18T21:05:20.231+0500] {dagbag.py:588} INFO - Filling up the DagBag from /home/AtlasRise/airflow/airflow_env/lib/python3.12/site-packages/airflow/example_dags/example_xcom.py
[2024-11-18T21:05:20.246+0500] {processor.py:925} INFO - DAG(s) 'example_xcom' retrieved from /home/AtlasRise/airflow/airflow_env/lib/python3.12/site-packages/airflow/example_dags/example_xcom.py
[2024-11-18T21:05:20.272+0500] {logging_mixin.py:190} INFO - [2024-11-18T21:05:20.272+0500] {dag.py:3239} INFO - Sync 1 DAGs
[2024-11-18T21:05:20.304+0500] {logging_mixin.py:190} INFO - [2024-11-18T21:05:20.303+0500] {dag.py:4180} INFO - Setting next_dagrun for example_xcom to 2021-01-01 00:00:00+00:00, run_after=2021-01-01 00:00:00+00:00
[2024-11-18T21:05:20.338+0500] {processor.py:208} INFO - Processing /home/AtlasRise/airflow/airflow_env/lib/python3.12/site-packages/airflow/example_dags/example_xcom.py took 0.119 seconds
[2024-11-18T21:06:28.103+0500] {processor.py:186} INFO - Started process (PID=21021) to work on /home/AtlasRise/airflow/airflow_env/lib/python3.12/site-packages/airflow/example_dags/example_xcom.py
[2024-11-18T21:06:28.106+0500] {processor.py:914} INFO - Processing file /home/AtlasRise/airflow/airflow_env/lib/python3.12/site-packages/airflow/example_dags/example_xcom.py for tasks to queue
[2024-11-18T21:06:28.109+0500] {logging_mixin.py:190} INFO - [2024-11-18T21:06:28.108+0500] {dagbag.py:588} INFO - Filling up the DagBag from /home/AtlasRise/airflow/airflow_env/lib/python3.12/site-packages/airflow/example_dags/example_xcom.py
[2024-11-18T21:06:28.123+0500] {processor.py:925} INFO - DAG(s) 'example_xcom' retrieved from /home/AtlasRise/airflow/airflow_env/lib/python3.12/site-packages/airflow/example_dags/example_xcom.py
[2024-11-18T21:06:28.149+0500] {logging_mixin.py:190} INFO - [2024-11-18T21:06:28.149+0500] {dag.py:3239} INFO - Sync 1 DAGs
[2024-11-18T21:06:28.180+0500] {logging_mixin.py:190} INFO - [2024-11-18T21:06:28.180+0500] {dag.py:4180} INFO - Setting next_dagrun for example_xcom to 2021-01-01 00:00:00+00:00, run_after=2021-01-01 00:00:00+00:00
[2024-11-18T21:06:28.212+0500] {processor.py:208} INFO - Processing /home/AtlasRise/airflow/airflow_env/lib/python3.12/site-packages/airflow/example_dags/example_xcom.py took 0.116 seconds
[2024-11-18T21:07:47.972+0500] {processor.py:186} INFO - Started process (PID=21122) to work on /home/AtlasRise/airflow/airflow_env/lib/python3.12/site-packages/airflow/example_dags/example_xcom.py
[2024-11-18T21:07:47.973+0500] {processor.py:914} INFO - Processing file /home/AtlasRise/airflow/airflow_env/lib/python3.12/site-packages/airflow/example_dags/example_xcom.py for tasks to queue
[2024-11-18T21:07:47.976+0500] {logging_mixin.py:190} INFO - [2024-11-18T21:07:47.975+0500] {dagbag.py:588} INFO - Filling up the DagBag from /home/AtlasRise/airflow/airflow_env/lib/python3.12/site-packages/airflow/example_dags/example_xcom.py
[2024-11-18T21:07:47.991+0500] {processor.py:925} INFO - DAG(s) 'example_xcom' retrieved from /home/AtlasRise/airflow/airflow_env/lib/python3.12/site-packages/airflow/example_dags/example_xcom.py
[2024-11-18T21:07:48.017+0500] {logging_mixin.py:190} INFO - [2024-11-18T21:07:48.016+0500] {dag.py:3239} INFO - Sync 1 DAGs
[2024-11-18T21:07:48.048+0500] {logging_mixin.py:190} INFO - [2024-11-18T21:07:48.048+0500] {dag.py:4180} INFO - Setting next_dagrun for example_xcom to 2021-01-01 00:00:00+00:00, run_after=2021-01-01 00:00:00+00:00
[2024-11-18T21:07:48.081+0500] {processor.py:208} INFO - Processing /home/AtlasRise/airflow/airflow_env/lib/python3.12/site-packages/airflow/example_dags/example_xcom.py took 0.117 seconds
[2024-11-18T21:08:53.926+0500] {processor.py:186} INFO - Started process (PID=21194) to work on /home/AtlasRise/airflow/airflow_env/lib/python3.12/site-packages/airflow/example_dags/example_xcom.py
[2024-11-18T21:08:53.928+0500] {processor.py:914} INFO - Processing file /home/AtlasRise/airflow/airflow_env/lib/python3.12/site-packages/airflow/example_dags/example_xcom.py for tasks to queue
[2024-11-18T21:08:53.931+0500] {logging_mixin.py:190} INFO - [2024-11-18T21:08:53.930+0500] {dagbag.py:588} INFO - Filling up the DagBag from /home/AtlasRise/airflow/airflow_env/lib/python3.12/site-packages/airflow/example_dags/example_xcom.py
[2024-11-18T21:08:53.945+0500] {processor.py:925} INFO - DAG(s) 'example_xcom' retrieved from /home/AtlasRise/airflow/airflow_env/lib/python3.12/site-packages/airflow/example_dags/example_xcom.py
[2024-11-18T21:08:53.970+0500] {logging_mixin.py:190} INFO - [2024-11-18T21:08:53.969+0500] {dag.py:3239} INFO - Sync 1 DAGs
[2024-11-18T21:08:54.002+0500] {logging_mixin.py:190} INFO - [2024-11-18T21:08:54.002+0500] {dag.py:4180} INFO - Setting next_dagrun for example_xcom to 2021-01-01 00:00:00+00:00, run_after=2021-01-01 00:00:00+00:00
[2024-11-18T21:08:54.036+0500] {processor.py:208} INFO - Processing /home/AtlasRise/airflow/airflow_env/lib/python3.12/site-packages/airflow/example_dags/example_xcom.py took 0.118 seconds
[2024-11-18T21:10:05.532+0500] {processor.py:186} INFO - Started process (PID=21304) to work on /home/AtlasRise/airflow/airflow_env/lib/python3.12/site-packages/airflow/example_dags/example_xcom.py
[2024-11-18T21:10:05.535+0500] {processor.py:914} INFO - Processing file /home/AtlasRise/airflow/airflow_env/lib/python3.12/site-packages/airflow/example_dags/example_xcom.py for tasks to queue
[2024-11-18T21:10:05.538+0500] {logging_mixin.py:190} INFO - [2024-11-18T21:10:05.537+0500] {dagbag.py:588} INFO - Filling up the DagBag from /home/AtlasRise/airflow/airflow_env/lib/python3.12/site-packages/airflow/example_dags/example_xcom.py
[2024-11-18T21:10:05.552+0500] {processor.py:925} INFO - DAG(s) 'example_xcom' retrieved from /home/AtlasRise/airflow/airflow_env/lib/python3.12/site-packages/airflow/example_dags/example_xcom.py
[2024-11-18T21:10:05.578+0500] {logging_mixin.py:190} INFO - [2024-11-18T21:10:05.577+0500] {dag.py:3239} INFO - Sync 1 DAGs
[2024-11-18T21:10:05.610+0500] {logging_mixin.py:190} INFO - [2024-11-18T21:10:05.610+0500] {dag.py:4180} INFO - Setting next_dagrun for example_xcom to 2021-01-01 00:00:00+00:00, run_after=2021-01-01 00:00:00+00:00
[2024-11-18T21:10:05.646+0500] {processor.py:208} INFO - Processing /home/AtlasRise/airflow/airflow_env/lib/python3.12/site-packages/airflow/example_dags/example_xcom.py took 0.122 seconds
[2024-11-18T21:11:19.773+0500] {processor.py:186} INFO - Started process (PID=21415) to work on /home/AtlasRise/airflow/airflow_env/lib/python3.12/site-packages/airflow/example_dags/example_xcom.py
[2024-11-18T21:11:19.775+0500] {processor.py:914} INFO - Processing file /home/AtlasRise/airflow/airflow_env/lib/python3.12/site-packages/airflow/example_dags/example_xcom.py for tasks to queue
[2024-11-18T21:11:19.778+0500] {logging_mixin.py:190} INFO - [2024-11-18T21:11:19.777+0500] {dagbag.py:588} INFO - Filling up the DagBag from /home/AtlasRise/airflow/airflow_env/lib/python3.12/site-packages/airflow/example_dags/example_xcom.py
[2024-11-18T21:11:19.795+0500] {processor.py:925} INFO - DAG(s) 'example_xcom' retrieved from /home/AtlasRise/airflow/airflow_env/lib/python3.12/site-packages/airflow/example_dags/example_xcom.py
[2024-11-18T21:11:19.821+0500] {logging_mixin.py:190} INFO - [2024-11-18T21:11:19.821+0500] {dag.py:3239} INFO - Sync 1 DAGs
[2024-11-18T21:11:19.856+0500] {logging_mixin.py:190} INFO - [2024-11-18T21:11:19.855+0500] {dag.py:4180} INFO - Setting next_dagrun for example_xcom to 2021-01-01 00:00:00+00:00, run_after=2021-01-01 00:00:00+00:00
[2024-11-18T21:11:19.917+0500] {processor.py:208} INFO - Processing /home/AtlasRise/airflow/airflow_env/lib/python3.12/site-packages/airflow/example_dags/example_xcom.py took 0.153 seconds
[2024-11-18T21:12:05.898+0500] {processor.py:186} INFO - Started process (PID=21489) to work on /home/AtlasRise/airflow/airflow_env/lib/python3.12/site-packages/airflow/example_dags/example_xcom.py
[2024-11-18T21:12:05.900+0500] {processor.py:914} INFO - Processing file /home/AtlasRise/airflow/airflow_env/lib/python3.12/site-packages/airflow/example_dags/example_xcom.py for tasks to queue
[2024-11-18T21:12:05.903+0500] {logging_mixin.py:190} INFO - [2024-11-18T21:12:05.903+0500] {dagbag.py:588} INFO - Filling up the DagBag from /home/AtlasRise/airflow/airflow_env/lib/python3.12/site-packages/airflow/example_dags/example_xcom.py
[2024-11-18T21:12:05.918+0500] {processor.py:925} INFO - DAG(s) 'example_xcom' retrieved from /home/AtlasRise/airflow/airflow_env/lib/python3.12/site-packages/airflow/example_dags/example_xcom.py
[2024-11-18T21:12:05.944+0500] {logging_mixin.py:190} INFO - [2024-11-18T21:12:05.944+0500] {dag.py:3239} INFO - Sync 1 DAGs
[2024-11-18T21:12:05.978+0500] {logging_mixin.py:190} INFO - [2024-11-18T21:12:05.978+0500] {dag.py:4180} INFO - Setting next_dagrun for example_xcom to 2021-01-01 00:00:00+00:00, run_after=2021-01-01 00:00:00+00:00
[2024-11-18T21:12:06.011+0500] {processor.py:208} INFO - Processing /home/AtlasRise/airflow/airflow_env/lib/python3.12/site-packages/airflow/example_dags/example_xcom.py took 0.122 seconds
[2024-11-18T21:13:11.442+0500] {processor.py:186} INFO - Started process (PID=21571) to work on /home/AtlasRise/airflow/airflow_env/lib/python3.12/site-packages/airflow/example_dags/example_xcom.py
[2024-11-18T21:13:11.445+0500] {processor.py:914} INFO - Processing file /home/AtlasRise/airflow/airflow_env/lib/python3.12/site-packages/airflow/example_dags/example_xcom.py for tasks to queue
[2024-11-18T21:13:11.448+0500] {logging_mixin.py:190} INFO - [2024-11-18T21:13:11.448+0500] {dagbag.py:588} INFO - Filling up the DagBag from /home/AtlasRise/airflow/airflow_env/lib/python3.12/site-packages/airflow/example_dags/example_xcom.py
[2024-11-18T21:13:11.463+0500] {processor.py:925} INFO - DAG(s) 'example_xcom' retrieved from /home/AtlasRise/airflow/airflow_env/lib/python3.12/site-packages/airflow/example_dags/example_xcom.py
[2024-11-18T21:13:11.489+0500] {logging_mixin.py:190} INFO - [2024-11-18T21:13:11.489+0500] {dag.py:3239} INFO - Sync 1 DAGs
[2024-11-18T21:13:11.522+0500] {logging_mixin.py:190} INFO - [2024-11-18T21:13:11.521+0500] {dag.py:4180} INFO - Setting next_dagrun for example_xcom to 2021-01-01 00:00:00+00:00, run_after=2021-01-01 00:00:00+00:00
[2024-11-18T21:13:11.559+0500] {processor.py:208} INFO - Processing /home/AtlasRise/airflow/airflow_env/lib/python3.12/site-packages/airflow/example_dags/example_xcom.py took 0.125 seconds
[2024-11-18T21:14:01.319+0500] {processor.py:186} INFO - Started process (PID=21627) to work on /home/AtlasRise/airflow/airflow_env/lib/python3.12/site-packages/airflow/example_dags/example_xcom.py
[2024-11-18T21:14:01.322+0500] {processor.py:914} INFO - Processing file /home/AtlasRise/airflow/airflow_env/lib/python3.12/site-packages/airflow/example_dags/example_xcom.py for tasks to queue
[2024-11-18T21:14:01.330+0500] {logging_mixin.py:190} INFO - [2024-11-18T21:14:01.329+0500] {dagbag.py:588} INFO - Filling up the DagBag from /home/AtlasRise/airflow/airflow_env/lib/python3.12/site-packages/airflow/example_dags/example_xcom.py
[2024-11-18T21:14:01.382+0500] {processor.py:925} INFO - DAG(s) 'example_xcom' retrieved from /home/AtlasRise/airflow/airflow_env/lib/python3.12/site-packages/airflow/example_dags/example_xcom.py
[2024-11-18T21:14:01.436+0500] {logging_mixin.py:190} INFO - [2024-11-18T21:14:01.436+0500] {dag.py:3239} INFO - Sync 1 DAGs
[2024-11-18T21:14:01.477+0500] {logging_mixin.py:190} INFO - [2024-11-18T21:14:01.476+0500] {dag.py:4180} INFO - Setting next_dagrun for example_xcom to 2021-01-01 00:00:00+00:00, run_after=2021-01-01 00:00:00+00:00
[2024-11-18T21:14:01.551+0500] {processor.py:208} INFO - Processing /home/AtlasRise/airflow/airflow_env/lib/python3.12/site-packages/airflow/example_dags/example_xcom.py took 0.241 seconds
[2024-11-18T21:15:27.537+0500] {processor.py:186} INFO - Started process (PID=21749) to work on /home/AtlasRise/airflow/airflow_env/lib/python3.12/site-packages/airflow/example_dags/example_xcom.py
[2024-11-18T21:15:27.539+0500] {processor.py:914} INFO - Processing file /home/AtlasRise/airflow/airflow_env/lib/python3.12/site-packages/airflow/example_dags/example_xcom.py for tasks to queue
[2024-11-18T21:15:27.542+0500] {logging_mixin.py:190} INFO - [2024-11-18T21:15:27.541+0500] {dagbag.py:588} INFO - Filling up the DagBag from /home/AtlasRise/airflow/airflow_env/lib/python3.12/site-packages/airflow/example_dags/example_xcom.py
[2024-11-18T21:15:27.556+0500] {processor.py:925} INFO - DAG(s) 'example_xcom' retrieved from /home/AtlasRise/airflow/airflow_env/lib/python3.12/site-packages/airflow/example_dags/example_xcom.py
[2024-11-18T21:15:27.582+0500] {logging_mixin.py:190} INFO - [2024-11-18T21:15:27.582+0500] {dag.py:3239} INFO - Sync 1 DAGs
[2024-11-18T21:15:27.615+0500] {logging_mixin.py:190} INFO - [2024-11-18T21:15:27.614+0500] {dag.py:4180} INFO - Setting next_dagrun for example_xcom to 2021-01-01 00:00:00+00:00, run_after=2021-01-01 00:00:00+00:00
[2024-11-18T21:15:27.654+0500] {processor.py:208} INFO - Processing /home/AtlasRise/airflow/airflow_env/lib/python3.12/site-packages/airflow/example_dags/example_xcom.py took 0.125 seconds
[2024-11-18T21:16:14.814+0500] {processor.py:186} INFO - Started process (PID=21806) to work on /home/AtlasRise/airflow/airflow_env/lib/python3.12/site-packages/airflow/example_dags/example_xcom.py
[2024-11-18T21:16:14.815+0500] {processor.py:914} INFO - Processing file /home/AtlasRise/airflow/airflow_env/lib/python3.12/site-packages/airflow/example_dags/example_xcom.py for tasks to queue
[2024-11-18T21:16:14.818+0500] {logging_mixin.py:190} INFO - [2024-11-18T21:16:14.817+0500] {dagbag.py:588} INFO - Filling up the DagBag from /home/AtlasRise/airflow/airflow_env/lib/python3.12/site-packages/airflow/example_dags/example_xcom.py
[2024-11-18T21:16:14.832+0500] {processor.py:925} INFO - DAG(s) 'example_xcom' retrieved from /home/AtlasRise/airflow/airflow_env/lib/python3.12/site-packages/airflow/example_dags/example_xcom.py
[2024-11-18T21:16:14.856+0500] {logging_mixin.py:190} INFO - [2024-11-18T21:16:14.856+0500] {dag.py:3239} INFO - Sync 1 DAGs
[2024-11-18T21:16:14.888+0500] {logging_mixin.py:190} INFO - [2024-11-18T21:16:14.888+0500] {dag.py:4180} INFO - Setting next_dagrun for example_xcom to 2021-01-01 00:00:00+00:00, run_after=2021-01-01 00:00:00+00:00
[2024-11-18T21:16:14.922+0500] {processor.py:208} INFO - Processing /home/AtlasRise/airflow/airflow_env/lib/python3.12/site-packages/airflow/example_dags/example_xcom.py took 0.117 seconds
[2024-11-18T21:17:19.834+0500] {processor.py:186} INFO - Started process (PID=21905) to work on /home/AtlasRise/airflow/airflow_env/lib/python3.12/site-packages/airflow/example_dags/example_xcom.py
[2024-11-18T21:17:19.835+0500] {processor.py:914} INFO - Processing file /home/AtlasRise/airflow/airflow_env/lib/python3.12/site-packages/airflow/example_dags/example_xcom.py for tasks to queue
[2024-11-18T21:17:19.838+0500] {logging_mixin.py:190} INFO - [2024-11-18T21:17:19.838+0500] {dagbag.py:588} INFO - Filling up the DagBag from /home/AtlasRise/airflow/airflow_env/lib/python3.12/site-packages/airflow/example_dags/example_xcom.py
[2024-11-18T21:17:19.853+0500] {processor.py:925} INFO - DAG(s) 'example_xcom' retrieved from /home/AtlasRise/airflow/airflow_env/lib/python3.12/site-packages/airflow/example_dags/example_xcom.py
[2024-11-18T21:17:19.880+0500] {logging_mixin.py:190} INFO - [2024-11-18T21:17:19.880+0500] {dag.py:3239} INFO - Sync 1 DAGs
[2024-11-18T21:17:19.913+0500] {logging_mixin.py:190} INFO - [2024-11-18T21:17:19.913+0500] {dag.py:4180} INFO - Setting next_dagrun for example_xcom to 2021-01-01 00:00:00+00:00, run_after=2021-01-01 00:00:00+00:00
[2024-11-18T21:17:19.947+0500] {processor.py:208} INFO - Processing /home/AtlasRise/airflow/airflow_env/lib/python3.12/site-packages/airflow/example_dags/example_xcom.py took 0.121 seconds
[2024-11-18T21:18:57.216+0500] {processor.py:186} INFO - Started process (PID=22047) to work on /home/AtlasRise/airflow/airflow_env/lib/python3.12/site-packages/airflow/example_dags/example_xcom.py
[2024-11-18T21:18:57.219+0500] {processor.py:914} INFO - Processing file /home/AtlasRise/airflow/airflow_env/lib/python3.12/site-packages/airflow/example_dags/example_xcom.py for tasks to queue
[2024-11-18T21:18:57.223+0500] {logging_mixin.py:190} INFO - [2024-11-18T21:18:57.223+0500] {dagbag.py:588} INFO - Filling up the DagBag from /home/AtlasRise/airflow/airflow_env/lib/python3.12/site-packages/airflow/example_dags/example_xcom.py
[2024-11-18T21:18:57.238+0500] {processor.py:925} INFO - DAG(s) 'example_xcom' retrieved from /home/AtlasRise/airflow/airflow_env/lib/python3.12/site-packages/airflow/example_dags/example_xcom.py
[2024-11-18T21:18:57.264+0500] {logging_mixin.py:190} INFO - [2024-11-18T21:18:57.264+0500] {dag.py:3239} INFO - Sync 1 DAGs
[2024-11-18T21:18:57.300+0500] {logging_mixin.py:190} INFO - [2024-11-18T21:18:57.299+0500] {dag.py:4180} INFO - Setting next_dagrun for example_xcom to 2021-01-01 00:00:00+00:00, run_after=2021-01-01 00:00:00+00:00
[2024-11-18T21:18:57.336+0500] {processor.py:208} INFO - Processing /home/AtlasRise/airflow/airflow_env/lib/python3.12/site-packages/airflow/example_dags/example_xcom.py took 0.130 seconds
[2024-11-18T21:19:54.458+0500] {processor.py:186} INFO - Started process (PID=22125) to work on /home/AtlasRise/airflow/airflow_env/lib/python3.12/site-packages/airflow/example_dags/example_xcom.py
[2024-11-18T21:19:54.459+0500] {processor.py:914} INFO - Processing file /home/AtlasRise/airflow/airflow_env/lib/python3.12/site-packages/airflow/example_dags/example_xcom.py for tasks to queue
[2024-11-18T21:19:54.462+0500] {logging_mixin.py:190} INFO - [2024-11-18T21:19:54.462+0500] {dagbag.py:588} INFO - Filling up the DagBag from /home/AtlasRise/airflow/airflow_env/lib/python3.12/site-packages/airflow/example_dags/example_xcom.py
[2024-11-18T21:19:54.477+0500] {processor.py:925} INFO - DAG(s) 'example_xcom' retrieved from /home/AtlasRise/airflow/airflow_env/lib/python3.12/site-packages/airflow/example_dags/example_xcom.py
[2024-11-18T21:19:54.503+0500] {logging_mixin.py:190} INFO - [2024-11-18T21:19:54.503+0500] {dag.py:3239} INFO - Sync 1 DAGs
[2024-11-18T21:19:54.535+0500] {logging_mixin.py:190} INFO - [2024-11-18T21:19:54.535+0500] {dag.py:4180} INFO - Setting next_dagrun for example_xcom to 2021-01-01 00:00:00+00:00, run_after=2021-01-01 00:00:00+00:00
[2024-11-18T21:19:54.568+0500] {processor.py:208} INFO - Processing /home/AtlasRise/airflow/airflow_env/lib/python3.12/site-packages/airflow/example_dags/example_xcom.py took 0.119 seconds
[2024-11-18T21:21:03.994+0500] {processor.py:186} INFO - Started process (PID=22213) to work on /home/AtlasRise/airflow/airflow_env/lib/python3.12/site-packages/airflow/example_dags/example_xcom.py
[2024-11-18T21:21:03.997+0500] {processor.py:914} INFO - Processing file /home/AtlasRise/airflow/airflow_env/lib/python3.12/site-packages/airflow/example_dags/example_xcom.py for tasks to queue
[2024-11-18T21:21:04.004+0500] {logging_mixin.py:190} INFO - [2024-11-18T21:21:04.000+0500] {dagbag.py:588} INFO - Filling up the DagBag from /home/AtlasRise/airflow/airflow_env/lib/python3.12/site-packages/airflow/example_dags/example_xcom.py
[2024-11-18T21:21:04.019+0500] {processor.py:925} INFO - DAG(s) 'example_xcom' retrieved from /home/AtlasRise/airflow/airflow_env/lib/python3.12/site-packages/airflow/example_dags/example_xcom.py
[2024-11-18T21:21:04.047+0500] {logging_mixin.py:190} INFO - [2024-11-18T21:21:04.046+0500] {dag.py:3239} INFO - Sync 1 DAGs
[2024-11-18T21:21:04.079+0500] {logging_mixin.py:190} INFO - [2024-11-18T21:21:04.078+0500] {dag.py:4180} INFO - Setting next_dagrun for example_xcom to 2021-01-01 00:00:00+00:00, run_after=2021-01-01 00:00:00+00:00
[2024-11-18T21:21:04.112+0500] {processor.py:208} INFO - Processing /home/AtlasRise/airflow/airflow_env/lib/python3.12/site-packages/airflow/example_dags/example_xcom.py took 0.127 seconds
[2024-11-18T21:22:16.684+0500] {processor.py:186} INFO - Started process (PID=22295) to work on /home/AtlasRise/airflow/airflow_env/lib/python3.12/site-packages/airflow/example_dags/example_xcom.py
[2024-11-18T21:22:16.687+0500] {processor.py:914} INFO - Processing file /home/AtlasRise/airflow/airflow_env/lib/python3.12/site-packages/airflow/example_dags/example_xcom.py for tasks to queue
[2024-11-18T21:22:16.690+0500] {logging_mixin.py:190} INFO - [2024-11-18T21:22:16.689+0500] {dagbag.py:588} INFO - Filling up the DagBag from /home/AtlasRise/airflow/airflow_env/lib/python3.12/site-packages/airflow/example_dags/example_xcom.py
[2024-11-18T21:22:16.705+0500] {processor.py:925} INFO - DAG(s) 'example_xcom' retrieved from /home/AtlasRise/airflow/airflow_env/lib/python3.12/site-packages/airflow/example_dags/example_xcom.py
[2024-11-18T21:22:16.731+0500] {logging_mixin.py:190} INFO - [2024-11-18T21:22:16.730+0500] {dag.py:3239} INFO - Sync 1 DAGs
[2024-11-18T21:22:16.763+0500] {logging_mixin.py:190} INFO - [2024-11-18T21:22:16.763+0500] {dag.py:4180} INFO - Setting next_dagrun for example_xcom to 2021-01-01 00:00:00+00:00, run_after=2021-01-01 00:00:00+00:00
[2024-11-18T21:22:16.797+0500] {processor.py:208} INFO - Processing /home/AtlasRise/airflow/airflow_env/lib/python3.12/site-packages/airflow/example_dags/example_xcom.py took 0.121 seconds
