[2024-11-18T20:41:09.145+0500] {processor.py:186} INFO - Started process (PID=18955) to work on /home/AtlasRise/airflow/airflow_env/lib/python3.12/site-packages/airflow/example_dags/example_dynamic_task_mapping.py
[2024-11-18T20:41:09.146+0500] {processor.py:914} INFO - Processing file /home/AtlasRise/airflow/airflow_env/lib/python3.12/site-packages/airflow/example_dags/example_dynamic_task_mapping.py for tasks to queue
[2024-11-18T20:41:09.148+0500] {logging_mixin.py:190} INFO - [2024-11-18T20:41:09.148+0500] {dagbag.py:588} INFO - Filling up the DagBag from /home/AtlasRise/airflow/airflow_env/lib/python3.12/site-packages/airflow/example_dags/example_dynamic_task_mapping.py
[2024-11-18T20:41:09.162+0500] {processor.py:925} INFO - DAG(s) 'example_dynamic_task_mapping' retrieved from /home/AtlasRise/airflow/airflow_env/lib/python3.12/site-packages/airflow/example_dags/example_dynamic_task_mapping.py
[2024-11-18T20:41:09.325+0500] {logging_mixin.py:190} INFO - [2024-11-18T20:41:09.324+0500] {override.py:1911} INFO - Created Permission View: can read on DAG:example_dynamic_task_mapping
[2024-11-18T20:41:09.341+0500] {logging_mixin.py:190} INFO - [2024-11-18T20:41:09.341+0500] {override.py:1911} INFO - Created Permission View: can edit on DAG:example_dynamic_task_mapping
[2024-11-18T20:41:09.353+0500] {logging_mixin.py:190} INFO - [2024-11-18T20:41:09.353+0500] {override.py:1911} INFO - Created Permission View: can delete on DAG:example_dynamic_task_mapping
[2024-11-18T20:41:09.372+0500] {logging_mixin.py:190} INFO - [2024-11-18T20:41:09.371+0500] {override.py:1911} INFO - Created Permission View: can read on DAG Run:example_dynamic_task_mapping
[2024-11-18T20:41:09.384+0500] {logging_mixin.py:190} INFO - [2024-11-18T20:41:09.383+0500] {override.py:1911} INFO - Created Permission View: can create on DAG Run:example_dynamic_task_mapping
[2024-11-18T20:41:09.395+0500] {logging_mixin.py:190} INFO - [2024-11-18T20:41:09.395+0500] {override.py:1911} INFO - Created Permission View: can delete on DAG Run:example_dynamic_task_mapping
[2024-11-18T20:41:09.407+0500] {logging_mixin.py:190} INFO - [2024-11-18T20:41:09.406+0500] {override.py:1911} INFO - Created Permission View: menu access on DAG Run:example_dynamic_task_mapping
[2024-11-18T20:41:09.408+0500] {logging_mixin.py:190} INFO - [2024-11-18T20:41:09.407+0500] {dag.py:3239} INFO - Sync 1 DAGs
[2024-11-18T20:41:09.435+0500] {logging_mixin.py:190} INFO - [2024-11-18T20:41:09.434+0500] {dag.py:3262} INFO - Creating ORM DAG for example_dynamic_task_mapping
[2024-11-18T20:41:09.436+0500] {logging_mixin.py:190} INFO - [2024-11-18T20:41:09.435+0500] {dag.py:4180} INFO - Setting next_dagrun for example_dynamic_task_mapping to None, run_after=None
[2024-11-18T20:41:09.469+0500] {processor.py:208} INFO - Processing /home/AtlasRise/airflow/airflow_env/lib/python3.12/site-packages/airflow/example_dags/example_dynamic_task_mapping.py took 0.332 seconds
[2024-11-18T20:42:29.057+0500] {processor.py:186} INFO - Started process (PID=19158) to work on /home/AtlasRise/airflow/airflow_env/lib/python3.12/site-packages/airflow/example_dags/example_dynamic_task_mapping.py
[2024-11-18T20:42:29.058+0500] {processor.py:914} INFO - Processing file /home/AtlasRise/airflow/airflow_env/lib/python3.12/site-packages/airflow/example_dags/example_dynamic_task_mapping.py for tasks to queue
[2024-11-18T20:42:29.061+0500] {logging_mixin.py:190} INFO - [2024-11-18T20:42:29.061+0500] {dagbag.py:588} INFO - Filling up the DagBag from /home/AtlasRise/airflow/airflow_env/lib/python3.12/site-packages/airflow/example_dags/example_dynamic_task_mapping.py
[2024-11-18T20:42:29.075+0500] {processor.py:925} INFO - DAG(s) 'example_dynamic_task_mapping' retrieved from /home/AtlasRise/airflow/airflow_env/lib/python3.12/site-packages/airflow/example_dags/example_dynamic_task_mapping.py
[2024-11-18T20:42:29.097+0500] {logging_mixin.py:190} INFO - [2024-11-18T20:42:29.097+0500] {dag.py:3239} INFO - Sync 1 DAGs
[2024-11-18T20:42:29.122+0500] {logging_mixin.py:190} INFO - [2024-11-18T20:42:29.122+0500] {dag.py:4180} INFO - Setting next_dagrun for example_dynamic_task_mapping to None, run_after=None
[2024-11-18T20:42:29.158+0500] {processor.py:208} INFO - Processing /home/AtlasRise/airflow/airflow_env/lib/python3.12/site-packages/airflow/example_dags/example_dynamic_task_mapping.py took 0.109 seconds
[2024-11-18T20:43:36.725+0500] {processor.py:186} INFO - Started process (PID=19233) to work on /home/AtlasRise/airflow/airflow_env/lib/python3.12/site-packages/airflow/example_dags/example_dynamic_task_mapping.py
[2024-11-18T20:43:36.728+0500] {processor.py:914} INFO - Processing file /home/AtlasRise/airflow/airflow_env/lib/python3.12/site-packages/airflow/example_dags/example_dynamic_task_mapping.py for tasks to queue
[2024-11-18T20:43:36.731+0500] {logging_mixin.py:190} INFO - [2024-11-18T20:43:36.730+0500] {dagbag.py:588} INFO - Filling up the DagBag from /home/AtlasRise/airflow/airflow_env/lib/python3.12/site-packages/airflow/example_dags/example_dynamic_task_mapping.py
[2024-11-18T20:43:36.743+0500] {processor.py:925} INFO - DAG(s) 'example_dynamic_task_mapping' retrieved from /home/AtlasRise/airflow/airflow_env/lib/python3.12/site-packages/airflow/example_dags/example_dynamic_task_mapping.py
[2024-11-18T20:43:36.769+0500] {logging_mixin.py:190} INFO - [2024-11-18T20:43:36.769+0500] {dag.py:3239} INFO - Sync 1 DAGs
[2024-11-18T20:43:36.791+0500] {logging_mixin.py:190} INFO - [2024-11-18T20:43:36.790+0500] {dag.py:4180} INFO - Setting next_dagrun for example_dynamic_task_mapping to None, run_after=None
[2024-11-18T20:43:36.826+0500] {processor.py:208} INFO - Processing /home/AtlasRise/airflow/airflow_env/lib/python3.12/site-packages/airflow/example_dags/example_dynamic_task_mapping.py took 0.109 seconds
[2024-11-18T20:44:41.884+0500] {processor.py:186} INFO - Started process (PID=19308) to work on /home/AtlasRise/airflow/airflow_env/lib/python3.12/site-packages/airflow/example_dags/example_dynamic_task_mapping.py
[2024-11-18T20:44:41.886+0500] {processor.py:914} INFO - Processing file /home/AtlasRise/airflow/airflow_env/lib/python3.12/site-packages/airflow/example_dags/example_dynamic_task_mapping.py for tasks to queue
[2024-11-18T20:44:41.889+0500] {logging_mixin.py:190} INFO - [2024-11-18T20:44:41.889+0500] {dagbag.py:588} INFO - Filling up the DagBag from /home/AtlasRise/airflow/airflow_env/lib/python3.12/site-packages/airflow/example_dags/example_dynamic_task_mapping.py
[2024-11-18T20:44:41.901+0500] {processor.py:925} INFO - DAG(s) 'example_dynamic_task_mapping' retrieved from /home/AtlasRise/airflow/airflow_env/lib/python3.12/site-packages/airflow/example_dags/example_dynamic_task_mapping.py
[2024-11-18T20:44:41.924+0500] {logging_mixin.py:190} INFO - [2024-11-18T20:44:41.924+0500] {dag.py:3239} INFO - Sync 1 DAGs
[2024-11-18T20:44:41.945+0500] {logging_mixin.py:190} INFO - [2024-11-18T20:44:41.945+0500] {dag.py:4180} INFO - Setting next_dagrun for example_dynamic_task_mapping to None, run_after=None
[2024-11-18T20:44:41.980+0500] {processor.py:208} INFO - Processing /home/AtlasRise/airflow/airflow_env/lib/python3.12/site-packages/airflow/example_dags/example_dynamic_task_mapping.py took 0.104 seconds
[2024-11-18T20:45:53.871+0500] {processor.py:186} INFO - Started process (PID=19498) to work on /home/AtlasRise/airflow/airflow_env/lib/python3.12/site-packages/airflow/example_dags/example_dynamic_task_mapping.py
[2024-11-18T20:45:53.872+0500] {processor.py:914} INFO - Processing file /home/AtlasRise/airflow/airflow_env/lib/python3.12/site-packages/airflow/example_dags/example_dynamic_task_mapping.py for tasks to queue
[2024-11-18T20:45:53.879+0500] {logging_mixin.py:190} INFO - [2024-11-18T20:45:53.879+0500] {dagbag.py:588} INFO - Filling up the DagBag from /home/AtlasRise/airflow/airflow_env/lib/python3.12/site-packages/airflow/example_dags/example_dynamic_task_mapping.py
[2024-11-18T20:45:53.896+0500] {processor.py:925} INFO - DAG(s) 'example_dynamic_task_mapping' retrieved from /home/AtlasRise/airflow/airflow_env/lib/python3.12/site-packages/airflow/example_dags/example_dynamic_task_mapping.py
[2024-11-18T20:45:53.923+0500] {logging_mixin.py:190} INFO - [2024-11-18T20:45:53.923+0500] {dag.py:3239} INFO - Sync 1 DAGs
[2024-11-18T20:45:54.102+0500] {logging_mixin.py:190} INFO - [2024-11-18T20:45:54.102+0500] {dag.py:4180} INFO - Setting next_dagrun for example_dynamic_task_mapping to None, run_after=None
[2024-11-18T20:45:54.135+0500] {processor.py:208} INFO - Processing /home/AtlasRise/airflow/airflow_env/lib/python3.12/site-packages/airflow/example_dags/example_dynamic_task_mapping.py took 0.272 seconds
[2024-11-18T20:47:10.327+0500] {processor.py:186} INFO - Started process (PID=19604) to work on /home/AtlasRise/airflow/airflow_env/lib/python3.12/site-packages/airflow/example_dags/example_dynamic_task_mapping.py
[2024-11-18T20:47:10.329+0500] {processor.py:914} INFO - Processing file /home/AtlasRise/airflow/airflow_env/lib/python3.12/site-packages/airflow/example_dags/example_dynamic_task_mapping.py for tasks to queue
[2024-11-18T20:47:10.333+0500] {logging_mixin.py:190} INFO - [2024-11-18T20:47:10.332+0500] {dagbag.py:588} INFO - Filling up the DagBag from /home/AtlasRise/airflow/airflow_env/lib/python3.12/site-packages/airflow/example_dags/example_dynamic_task_mapping.py
[2024-11-18T20:47:10.344+0500] {processor.py:925} INFO - DAG(s) 'example_dynamic_task_mapping' retrieved from /home/AtlasRise/airflow/airflow_env/lib/python3.12/site-packages/airflow/example_dags/example_dynamic_task_mapping.py
[2024-11-18T20:47:10.367+0500] {logging_mixin.py:190} INFO - [2024-11-18T20:47:10.367+0500] {dag.py:3239} INFO - Sync 1 DAGs
[2024-11-18T20:47:10.388+0500] {logging_mixin.py:190} INFO - [2024-11-18T20:47:10.387+0500] {dag.py:4180} INFO - Setting next_dagrun for example_dynamic_task_mapping to None, run_after=None
[2024-11-18T20:47:10.419+0500] {processor.py:208} INFO - Processing /home/AtlasRise/airflow/airflow_env/lib/python3.12/site-packages/airflow/example_dags/example_dynamic_task_mapping.py took 0.100 seconds
[2024-11-18T20:48:16.825+0500] {processor.py:186} INFO - Started process (PID=19754) to work on /home/AtlasRise/airflow/airflow_env/lib/python3.12/site-packages/airflow/example_dags/example_dynamic_task_mapping.py
[2024-11-18T20:48:16.828+0500] {processor.py:914} INFO - Processing file /home/AtlasRise/airflow/airflow_env/lib/python3.12/site-packages/airflow/example_dags/example_dynamic_task_mapping.py for tasks to queue
[2024-11-18T20:48:16.832+0500] {logging_mixin.py:190} INFO - [2024-11-18T20:48:16.831+0500] {dagbag.py:588} INFO - Filling up the DagBag from /home/AtlasRise/airflow/airflow_env/lib/python3.12/site-packages/airflow/example_dags/example_dynamic_task_mapping.py
[2024-11-18T20:48:16.856+0500] {processor.py:925} INFO - DAG(s) 'example_dynamic_task_mapping' retrieved from /home/AtlasRise/airflow/airflow_env/lib/python3.12/site-packages/airflow/example_dags/example_dynamic_task_mapping.py
[2024-11-18T20:48:16.884+0500] {logging_mixin.py:190} INFO - [2024-11-18T20:48:16.884+0500] {dag.py:3239} INFO - Sync 1 DAGs
[2024-11-18T20:48:16.917+0500] {logging_mixin.py:190} INFO - [2024-11-18T20:48:16.916+0500] {dag.py:4180} INFO - Setting next_dagrun for example_dynamic_task_mapping to None, run_after=None
[2024-11-18T20:48:16.968+0500] {processor.py:208} INFO - Processing /home/AtlasRise/airflow/airflow_env/lib/python3.12/site-packages/airflow/example_dags/example_dynamic_task_mapping.py took 0.151 seconds
[2024-11-18T20:49:25.275+0500] {processor.py:186} INFO - Started process (PID=19842) to work on /home/AtlasRise/airflow/airflow_env/lib/python3.12/site-packages/airflow/example_dags/example_dynamic_task_mapping.py
[2024-11-18T20:49:25.276+0500] {processor.py:914} INFO - Processing file /home/AtlasRise/airflow/airflow_env/lib/python3.12/site-packages/airflow/example_dags/example_dynamic_task_mapping.py for tasks to queue
[2024-11-18T20:49:25.280+0500] {logging_mixin.py:190} INFO - [2024-11-18T20:49:25.279+0500] {dagbag.py:588} INFO - Filling up the DagBag from /home/AtlasRise/airflow/airflow_env/lib/python3.12/site-packages/airflow/example_dags/example_dynamic_task_mapping.py
[2024-11-18T20:49:25.292+0500] {processor.py:925} INFO - DAG(s) 'example_dynamic_task_mapping' retrieved from /home/AtlasRise/airflow/airflow_env/lib/python3.12/site-packages/airflow/example_dags/example_dynamic_task_mapping.py
[2024-11-18T20:49:25.316+0500] {logging_mixin.py:190} INFO - [2024-11-18T20:49:25.315+0500] {dag.py:3239} INFO - Sync 1 DAGs
[2024-11-18T20:49:25.338+0500] {logging_mixin.py:190} INFO - [2024-11-18T20:49:25.337+0500] {dag.py:4180} INFO - Setting next_dagrun for example_dynamic_task_mapping to None, run_after=None
[2024-11-18T20:49:25.372+0500] {processor.py:208} INFO - Processing /home/AtlasRise/airflow/airflow_env/lib/python3.12/site-packages/airflow/example_dags/example_dynamic_task_mapping.py took 0.106 seconds
[2024-11-18T20:50:33.932+0500] {processor.py:186} INFO - Started process (PID=19916) to work on /home/AtlasRise/airflow/airflow_env/lib/python3.12/site-packages/airflow/example_dags/example_dynamic_task_mapping.py
[2024-11-18T20:50:33.935+0500] {processor.py:914} INFO - Processing file /home/AtlasRise/airflow/airflow_env/lib/python3.12/site-packages/airflow/example_dags/example_dynamic_task_mapping.py for tasks to queue
[2024-11-18T20:50:33.938+0500] {logging_mixin.py:190} INFO - [2024-11-18T20:50:33.937+0500] {dagbag.py:588} INFO - Filling up the DagBag from /home/AtlasRise/airflow/airflow_env/lib/python3.12/site-packages/airflow/example_dags/example_dynamic_task_mapping.py
[2024-11-18T20:50:33.950+0500] {processor.py:925} INFO - DAG(s) 'example_dynamic_task_mapping' retrieved from /home/AtlasRise/airflow/airflow_env/lib/python3.12/site-packages/airflow/example_dags/example_dynamic_task_mapping.py
[2024-11-18T20:50:33.973+0500] {logging_mixin.py:190} INFO - [2024-11-18T20:50:33.973+0500] {dag.py:3239} INFO - Sync 1 DAGs
[2024-11-18T20:50:33.995+0500] {logging_mixin.py:190} INFO - [2024-11-18T20:50:33.994+0500] {dag.py:4180} INFO - Setting next_dagrun for example_dynamic_task_mapping to None, run_after=None
[2024-11-18T20:50:34.027+0500] {processor.py:208} INFO - Processing /home/AtlasRise/airflow/airflow_env/lib/python3.12/site-packages/airflow/example_dags/example_dynamic_task_mapping.py took 0.103 seconds
[2024-11-18T20:51:45.151+0500] {processor.py:186} INFO - Started process (PID=20001) to work on /home/AtlasRise/airflow/airflow_env/lib/python3.12/site-packages/airflow/example_dags/example_dynamic_task_mapping.py
[2024-11-18T20:51:45.154+0500] {processor.py:914} INFO - Processing file /home/AtlasRise/airflow/airflow_env/lib/python3.12/site-packages/airflow/example_dags/example_dynamic_task_mapping.py for tasks to queue
[2024-11-18T20:51:45.157+0500] {logging_mixin.py:190} INFO - [2024-11-18T20:51:45.156+0500] {dagbag.py:588} INFO - Filling up the DagBag from /home/AtlasRise/airflow/airflow_env/lib/python3.12/site-packages/airflow/example_dags/example_dynamic_task_mapping.py
[2024-11-18T20:51:45.169+0500] {processor.py:925} INFO - DAG(s) 'example_dynamic_task_mapping' retrieved from /home/AtlasRise/airflow/airflow_env/lib/python3.12/site-packages/airflow/example_dags/example_dynamic_task_mapping.py
[2024-11-18T20:51:45.192+0500] {logging_mixin.py:190} INFO - [2024-11-18T20:51:45.192+0500] {dag.py:3239} INFO - Sync 1 DAGs
[2024-11-18T20:51:45.213+0500] {logging_mixin.py:190} INFO - [2024-11-18T20:51:45.213+0500] {dag.py:4180} INFO - Setting next_dagrun for example_dynamic_task_mapping to None, run_after=None
[2024-11-18T20:51:45.247+0500] {processor.py:208} INFO - Processing /home/AtlasRise/airflow/airflow_env/lib/python3.12/site-packages/airflow/example_dags/example_dynamic_task_mapping.py took 0.103 seconds
[2024-11-18T20:52:51.867+0500] {processor.py:186} INFO - Started process (PID=20073) to work on /home/AtlasRise/airflow/airflow_env/lib/python3.12/site-packages/airflow/example_dags/example_dynamic_task_mapping.py
[2024-11-18T20:52:51.869+0500] {processor.py:914} INFO - Processing file /home/AtlasRise/airflow/airflow_env/lib/python3.12/site-packages/airflow/example_dags/example_dynamic_task_mapping.py for tasks to queue
[2024-11-18T20:52:51.873+0500] {logging_mixin.py:190} INFO - [2024-11-18T20:52:51.872+0500] {dagbag.py:588} INFO - Filling up the DagBag from /home/AtlasRise/airflow/airflow_env/lib/python3.12/site-packages/airflow/example_dags/example_dynamic_task_mapping.py
[2024-11-18T20:52:51.885+0500] {processor.py:925} INFO - DAG(s) 'example_dynamic_task_mapping' retrieved from /home/AtlasRise/airflow/airflow_env/lib/python3.12/site-packages/airflow/example_dags/example_dynamic_task_mapping.py
[2024-11-18T20:52:51.909+0500] {logging_mixin.py:190} INFO - [2024-11-18T20:52:51.909+0500] {dag.py:3239} INFO - Sync 1 DAGs
[2024-11-18T20:52:51.929+0500] {logging_mixin.py:190} INFO - [2024-11-18T20:52:51.929+0500] {dag.py:4180} INFO - Setting next_dagrun for example_dynamic_task_mapping to None, run_after=None
[2024-11-18T20:52:51.965+0500] {processor.py:208} INFO - Processing /home/AtlasRise/airflow/airflow_env/lib/python3.12/site-packages/airflow/example_dags/example_dynamic_task_mapping.py took 0.106 seconds
[2024-11-18T20:54:02.152+0500] {processor.py:186} INFO - Started process (PID=20157) to work on /home/AtlasRise/airflow/airflow_env/lib/python3.12/site-packages/airflow/example_dags/example_dynamic_task_mapping.py
[2024-11-18T20:54:02.153+0500] {processor.py:914} INFO - Processing file /home/AtlasRise/airflow/airflow_env/lib/python3.12/site-packages/airflow/example_dags/example_dynamic_task_mapping.py for tasks to queue
[2024-11-18T20:54:02.156+0500] {logging_mixin.py:190} INFO - [2024-11-18T20:54:02.156+0500] {dagbag.py:588} INFO - Filling up the DagBag from /home/AtlasRise/airflow/airflow_env/lib/python3.12/site-packages/airflow/example_dags/example_dynamic_task_mapping.py
[2024-11-18T20:54:02.169+0500] {processor.py:925} INFO - DAG(s) 'example_dynamic_task_mapping' retrieved from /home/AtlasRise/airflow/airflow_env/lib/python3.12/site-packages/airflow/example_dags/example_dynamic_task_mapping.py
[2024-11-18T20:54:02.192+0500] {logging_mixin.py:190} INFO - [2024-11-18T20:54:02.191+0500] {dag.py:3239} INFO - Sync 1 DAGs
[2024-11-18T20:54:02.212+0500] {logging_mixin.py:190} INFO - [2024-11-18T20:54:02.212+0500] {dag.py:4180} INFO - Setting next_dagrun for example_dynamic_task_mapping to None, run_after=None
[2024-11-18T20:54:02.245+0500] {processor.py:208} INFO - Processing /home/AtlasRise/airflow/airflow_env/lib/python3.12/site-packages/airflow/example_dags/example_dynamic_task_mapping.py took 0.101 seconds
[2024-11-18T20:55:29.686+0500] {processor.py:186} INFO - Started process (PID=20250) to work on /home/AtlasRise/airflow/airflow_env/lib/python3.12/site-packages/airflow/example_dags/example_dynamic_task_mapping.py
[2024-11-18T20:55:29.689+0500] {processor.py:914} INFO - Processing file /home/AtlasRise/airflow/airflow_env/lib/python3.12/site-packages/airflow/example_dags/example_dynamic_task_mapping.py for tasks to queue
[2024-11-18T20:55:29.692+0500] {logging_mixin.py:190} INFO - [2024-11-18T20:55:29.691+0500] {dagbag.py:588} INFO - Filling up the DagBag from /home/AtlasRise/airflow/airflow_env/lib/python3.12/site-packages/airflow/example_dags/example_dynamic_task_mapping.py
[2024-11-18T20:55:29.705+0500] {processor.py:925} INFO - DAG(s) 'example_dynamic_task_mapping' retrieved from /home/AtlasRise/airflow/airflow_env/lib/python3.12/site-packages/airflow/example_dags/example_dynamic_task_mapping.py
[2024-11-18T20:55:29.729+0500] {logging_mixin.py:190} INFO - [2024-11-18T20:55:29.728+0500] {dag.py:3239} INFO - Sync 1 DAGs
[2024-11-18T20:55:29.750+0500] {logging_mixin.py:190} INFO - [2024-11-18T20:55:29.750+0500] {dag.py:4180} INFO - Setting next_dagrun for example_dynamic_task_mapping to None, run_after=None
[2024-11-18T20:55:29.785+0500] {processor.py:208} INFO - Processing /home/AtlasRise/airflow/airflow_env/lib/python3.12/site-packages/airflow/example_dags/example_dynamic_task_mapping.py took 0.107 seconds
[2024-11-18T20:56:45.307+0500] {processor.py:186} INFO - Started process (PID=20341) to work on /home/AtlasRise/airflow/airflow_env/lib/python3.12/site-packages/airflow/example_dags/example_dynamic_task_mapping.py
[2024-11-18T20:56:45.309+0500] {processor.py:914} INFO - Processing file /home/AtlasRise/airflow/airflow_env/lib/python3.12/site-packages/airflow/example_dags/example_dynamic_task_mapping.py for tasks to queue
[2024-11-18T20:56:45.312+0500] {logging_mixin.py:190} INFO - [2024-11-18T20:56:45.312+0500] {dagbag.py:588} INFO - Filling up the DagBag from /home/AtlasRise/airflow/airflow_env/lib/python3.12/site-packages/airflow/example_dags/example_dynamic_task_mapping.py
[2024-11-18T20:56:45.326+0500] {processor.py:925} INFO - DAG(s) 'example_dynamic_task_mapping' retrieved from /home/AtlasRise/airflow/airflow_env/lib/python3.12/site-packages/airflow/example_dags/example_dynamic_task_mapping.py
[2024-11-18T20:56:45.351+0500] {logging_mixin.py:190} INFO - [2024-11-18T20:56:45.351+0500] {dag.py:3239} INFO - Sync 1 DAGs
[2024-11-18T20:56:45.373+0500] {logging_mixin.py:190} INFO - [2024-11-18T20:56:45.373+0500] {dag.py:4180} INFO - Setting next_dagrun for example_dynamic_task_mapping to None, run_after=None
[2024-11-18T20:56:45.407+0500] {processor.py:208} INFO - Processing /home/AtlasRise/airflow/airflow_env/lib/python3.12/site-packages/airflow/example_dags/example_dynamic_task_mapping.py took 0.109 seconds
[2024-11-18T20:57:58.347+0500] {processor.py:186} INFO - Started process (PID=20417) to work on /home/AtlasRise/airflow/airflow_env/lib/python3.12/site-packages/airflow/example_dags/example_dynamic_task_mapping.py
[2024-11-18T20:57:58.348+0500] {processor.py:914} INFO - Processing file /home/AtlasRise/airflow/airflow_env/lib/python3.12/site-packages/airflow/example_dags/example_dynamic_task_mapping.py for tasks to queue
[2024-11-18T20:57:58.351+0500] {logging_mixin.py:190} INFO - [2024-11-18T20:57:58.351+0500] {dagbag.py:588} INFO - Filling up the DagBag from /home/AtlasRise/airflow/airflow_env/lib/python3.12/site-packages/airflow/example_dags/example_dynamic_task_mapping.py
[2024-11-18T20:57:58.364+0500] {processor.py:925} INFO - DAG(s) 'example_dynamic_task_mapping' retrieved from /home/AtlasRise/airflow/airflow_env/lib/python3.12/site-packages/airflow/example_dags/example_dynamic_task_mapping.py
[2024-11-18T20:57:58.387+0500] {logging_mixin.py:190} INFO - [2024-11-18T20:57:58.387+0500] {dag.py:3239} INFO - Sync 1 DAGs
[2024-11-18T20:57:58.408+0500] {logging_mixin.py:190} INFO - [2024-11-18T20:57:58.407+0500] {dag.py:4180} INFO - Setting next_dagrun for example_dynamic_task_mapping to None, run_after=None
[2024-11-18T20:57:58.443+0500] {processor.py:208} INFO - Processing /home/AtlasRise/airflow/airflow_env/lib/python3.12/site-packages/airflow/example_dags/example_dynamic_task_mapping.py took 0.104 seconds
[2024-11-18T20:59:05.563+0500] {processor.py:186} INFO - Started process (PID=20500) to work on /home/AtlasRise/airflow/airflow_env/lib/python3.12/site-packages/airflow/example_dags/example_dynamic_task_mapping.py
[2024-11-18T20:59:05.565+0500] {processor.py:914} INFO - Processing file /home/AtlasRise/airflow/airflow_env/lib/python3.12/site-packages/airflow/example_dags/example_dynamic_task_mapping.py for tasks to queue
[2024-11-18T20:59:05.569+0500] {logging_mixin.py:190} INFO - [2024-11-18T20:59:05.568+0500] {dagbag.py:588} INFO - Filling up the DagBag from /home/AtlasRise/airflow/airflow_env/lib/python3.12/site-packages/airflow/example_dags/example_dynamic_task_mapping.py
[2024-11-18T20:59:05.583+0500] {processor.py:925} INFO - DAG(s) 'example_dynamic_task_mapping' retrieved from /home/AtlasRise/airflow/airflow_env/lib/python3.12/site-packages/airflow/example_dags/example_dynamic_task_mapping.py
[2024-11-18T20:59:05.608+0500] {logging_mixin.py:190} INFO - [2024-11-18T20:59:05.607+0500] {dag.py:3239} INFO - Sync 1 DAGs
[2024-11-18T20:59:05.628+0500] {logging_mixin.py:190} INFO - [2024-11-18T20:59:05.628+0500] {dag.py:4180} INFO - Setting next_dagrun for example_dynamic_task_mapping to None, run_after=None
[2024-11-18T20:59:05.660+0500] {processor.py:208} INFO - Processing /home/AtlasRise/airflow/airflow_env/lib/python3.12/site-packages/airflow/example_dags/example_dynamic_task_mapping.py took 0.108 seconds
[2024-11-18T21:00:21.935+0500] {processor.py:186} INFO - Started process (PID=20581) to work on /home/AtlasRise/airflow/airflow_env/lib/python3.12/site-packages/airflow/example_dags/example_dynamic_task_mapping.py
[2024-11-18T21:00:21.938+0500] {processor.py:914} INFO - Processing file /home/AtlasRise/airflow/airflow_env/lib/python3.12/site-packages/airflow/example_dags/example_dynamic_task_mapping.py for tasks to queue
[2024-11-18T21:00:21.941+0500] {logging_mixin.py:190} INFO - [2024-11-18T21:00:21.940+0500] {dagbag.py:588} INFO - Filling up the DagBag from /home/AtlasRise/airflow/airflow_env/lib/python3.12/site-packages/airflow/example_dags/example_dynamic_task_mapping.py
[2024-11-18T21:00:21.953+0500] {processor.py:925} INFO - DAG(s) 'example_dynamic_task_mapping' retrieved from /home/AtlasRise/airflow/airflow_env/lib/python3.12/site-packages/airflow/example_dags/example_dynamic_task_mapping.py
[2024-11-18T21:00:21.976+0500] {logging_mixin.py:190} INFO - [2024-11-18T21:00:21.976+0500] {dag.py:3239} INFO - Sync 1 DAGs
[2024-11-18T21:00:21.997+0500] {logging_mixin.py:190} INFO - [2024-11-18T21:00:21.996+0500] {dag.py:4180} INFO - Setting next_dagrun for example_dynamic_task_mapping to None, run_after=None
[2024-11-18T21:00:22.029+0500] {processor.py:208} INFO - Processing /home/AtlasRise/airflow/airflow_env/lib/python3.12/site-packages/airflow/example_dags/example_dynamic_task_mapping.py took 0.102 seconds
[2024-11-18T21:01:27.938+0500] {processor.py:186} INFO - Started process (PID=20662) to work on /home/AtlasRise/airflow/airflow_env/lib/python3.12/site-packages/airflow/example_dags/example_dynamic_task_mapping.py
[2024-11-18T21:01:27.941+0500] {processor.py:914} INFO - Processing file /home/AtlasRise/airflow/airflow_env/lib/python3.12/site-packages/airflow/example_dags/example_dynamic_task_mapping.py for tasks to queue
[2024-11-18T21:01:27.944+0500] {logging_mixin.py:190} INFO - [2024-11-18T21:01:27.943+0500] {dagbag.py:588} INFO - Filling up the DagBag from /home/AtlasRise/airflow/airflow_env/lib/python3.12/site-packages/airflow/example_dags/example_dynamic_task_mapping.py
[2024-11-18T21:01:27.956+0500] {processor.py:925} INFO - DAG(s) 'example_dynamic_task_mapping' retrieved from /home/AtlasRise/airflow/airflow_env/lib/python3.12/site-packages/airflow/example_dags/example_dynamic_task_mapping.py
[2024-11-18T21:01:27.979+0500] {logging_mixin.py:190} INFO - [2024-11-18T21:01:27.979+0500] {dag.py:3239} INFO - Sync 1 DAGs
[2024-11-18T21:01:28.000+0500] {logging_mixin.py:190} INFO - [2024-11-18T21:01:27.999+0500] {dag.py:4180} INFO - Setting next_dagrun for example_dynamic_task_mapping to None, run_after=None
[2024-11-18T21:01:28.033+0500] {processor.py:208} INFO - Processing /home/AtlasRise/airflow/airflow_env/lib/python3.12/site-packages/airflow/example_dags/example_dynamic_task_mapping.py took 0.105 seconds
[2024-11-18T21:02:39.872+0500] {processor.py:186} INFO - Started process (PID=20736) to work on /home/AtlasRise/airflow/airflow_env/lib/python3.12/site-packages/airflow/example_dags/example_dynamic_task_mapping.py
[2024-11-18T21:02:39.875+0500] {processor.py:914} INFO - Processing file /home/AtlasRise/airflow/airflow_env/lib/python3.12/site-packages/airflow/example_dags/example_dynamic_task_mapping.py for tasks to queue
[2024-11-18T21:02:39.878+0500] {logging_mixin.py:190} INFO - [2024-11-18T21:02:39.877+0500] {dagbag.py:588} INFO - Filling up the DagBag from /home/AtlasRise/airflow/airflow_env/lib/python3.12/site-packages/airflow/example_dags/example_dynamic_task_mapping.py
[2024-11-18T21:02:39.890+0500] {processor.py:925} INFO - DAG(s) 'example_dynamic_task_mapping' retrieved from /home/AtlasRise/airflow/airflow_env/lib/python3.12/site-packages/airflow/example_dags/example_dynamic_task_mapping.py
[2024-11-18T21:02:39.913+0500] {logging_mixin.py:190} INFO - [2024-11-18T21:02:39.913+0500] {dag.py:3239} INFO - Sync 1 DAGs
[2024-11-18T21:02:39.933+0500] {logging_mixin.py:190} INFO - [2024-11-18T21:02:39.933+0500] {dag.py:4180} INFO - Setting next_dagrun for example_dynamic_task_mapping to None, run_after=None
[2024-11-18T21:02:39.965+0500] {processor.py:208} INFO - Processing /home/AtlasRise/airflow/airflow_env/lib/python3.12/site-packages/airflow/example_dags/example_dynamic_task_mapping.py took 0.101 seconds
[2024-11-18T21:03:48.868+0500] {processor.py:186} INFO - Started process (PID=20822) to work on /home/AtlasRise/airflow/airflow_env/lib/python3.12/site-packages/airflow/example_dags/example_dynamic_task_mapping.py
[2024-11-18T21:03:48.870+0500] {processor.py:914} INFO - Processing file /home/AtlasRise/airflow/airflow_env/lib/python3.12/site-packages/airflow/example_dags/example_dynamic_task_mapping.py for tasks to queue
[2024-11-18T21:03:48.873+0500] {logging_mixin.py:190} INFO - [2024-11-18T21:03:48.873+0500] {dagbag.py:588} INFO - Filling up the DagBag from /home/AtlasRise/airflow/airflow_env/lib/python3.12/site-packages/airflow/example_dags/example_dynamic_task_mapping.py
[2024-11-18T21:03:48.886+0500] {processor.py:925} INFO - DAG(s) 'example_dynamic_task_mapping' retrieved from /home/AtlasRise/airflow/airflow_env/lib/python3.12/site-packages/airflow/example_dags/example_dynamic_task_mapping.py
[2024-11-18T21:03:48.910+0500] {logging_mixin.py:190} INFO - [2024-11-18T21:03:48.909+0500] {dag.py:3239} INFO - Sync 1 DAGs
[2024-11-18T21:03:48.931+0500] {logging_mixin.py:190} INFO - [2024-11-18T21:03:48.930+0500] {dag.py:4180} INFO - Setting next_dagrun for example_dynamic_task_mapping to None, run_after=None
[2024-11-18T21:03:48.968+0500] {processor.py:208} INFO - Processing /home/AtlasRise/airflow/airflow_env/lib/python3.12/site-packages/airflow/example_dags/example_dynamic_task_mapping.py took 0.109 seconds
[2024-11-18T21:04:54.100+0500] {processor.py:186} INFO - Started process (PID=20908) to work on /home/AtlasRise/airflow/airflow_env/lib/python3.12/site-packages/airflow/example_dags/example_dynamic_task_mapping.py
[2024-11-18T21:04:54.102+0500] {processor.py:914} INFO - Processing file /home/AtlasRise/airflow/airflow_env/lib/python3.12/site-packages/airflow/example_dags/example_dynamic_task_mapping.py for tasks to queue
[2024-11-18T21:04:54.105+0500] {logging_mixin.py:190} INFO - [2024-11-18T21:04:54.104+0500] {dagbag.py:588} INFO - Filling up the DagBag from /home/AtlasRise/airflow/airflow_env/lib/python3.12/site-packages/airflow/example_dags/example_dynamic_task_mapping.py
[2024-11-18T21:04:54.117+0500] {processor.py:925} INFO - DAG(s) 'example_dynamic_task_mapping' retrieved from /home/AtlasRise/airflow/airflow_env/lib/python3.12/site-packages/airflow/example_dags/example_dynamic_task_mapping.py
[2024-11-18T21:04:54.140+0500] {logging_mixin.py:190} INFO - [2024-11-18T21:04:54.139+0500] {dag.py:3239} INFO - Sync 1 DAGs
[2024-11-18T21:04:54.161+0500] {logging_mixin.py:190} INFO - [2024-11-18T21:04:54.161+0500] {dag.py:4180} INFO - Setting next_dagrun for example_dynamic_task_mapping to None, run_after=None
[2024-11-18T21:04:54.193+0500] {processor.py:208} INFO - Processing /home/AtlasRise/airflow/airflow_env/lib/python3.12/site-packages/airflow/example_dags/example_dynamic_task_mapping.py took 0.102 seconds
[2024-11-18T21:06:00.547+0500] {processor.py:186} INFO - Started process (PID=20993) to work on /home/AtlasRise/airflow/airflow_env/lib/python3.12/site-packages/airflow/example_dags/example_dynamic_task_mapping.py
[2024-11-18T21:06:00.548+0500] {processor.py:914} INFO - Processing file /home/AtlasRise/airflow/airflow_env/lib/python3.12/site-packages/airflow/example_dags/example_dynamic_task_mapping.py for tasks to queue
[2024-11-18T21:06:00.551+0500] {logging_mixin.py:190} INFO - [2024-11-18T21:06:00.550+0500] {dagbag.py:588} INFO - Filling up the DagBag from /home/AtlasRise/airflow/airflow_env/lib/python3.12/site-packages/airflow/example_dags/example_dynamic_task_mapping.py
[2024-11-18T21:06:00.563+0500] {processor.py:925} INFO - DAG(s) 'example_dynamic_task_mapping' retrieved from /home/AtlasRise/airflow/airflow_env/lib/python3.12/site-packages/airflow/example_dags/example_dynamic_task_mapping.py
[2024-11-18T21:06:00.587+0500] {logging_mixin.py:190} INFO - [2024-11-18T21:06:00.586+0500] {dag.py:3239} INFO - Sync 1 DAGs
[2024-11-18T21:06:00.607+0500] {logging_mixin.py:190} INFO - [2024-11-18T21:06:00.607+0500] {dag.py:4180} INFO - Setting next_dagrun for example_dynamic_task_mapping to None, run_after=None
[2024-11-18T21:06:00.639+0500] {processor.py:208} INFO - Processing /home/AtlasRise/airflow/airflow_env/lib/python3.12/site-packages/airflow/example_dags/example_dynamic_task_mapping.py took 0.100 seconds
[2024-11-18T21:07:21.649+0500] {processor.py:186} INFO - Started process (PID=21095) to work on /home/AtlasRise/airflow/airflow_env/lib/python3.12/site-packages/airflow/example_dags/example_dynamic_task_mapping.py
[2024-11-18T21:07:21.651+0500] {processor.py:914} INFO - Processing file /home/AtlasRise/airflow/airflow_env/lib/python3.12/site-packages/airflow/example_dags/example_dynamic_task_mapping.py for tasks to queue
[2024-11-18T21:07:21.655+0500] {logging_mixin.py:190} INFO - [2024-11-18T21:07:21.654+0500] {dagbag.py:588} INFO - Filling up the DagBag from /home/AtlasRise/airflow/airflow_env/lib/python3.12/site-packages/airflow/example_dags/example_dynamic_task_mapping.py
[2024-11-18T21:07:21.668+0500] {processor.py:925} INFO - DAG(s) 'example_dynamic_task_mapping' retrieved from /home/AtlasRise/airflow/airflow_env/lib/python3.12/site-packages/airflow/example_dags/example_dynamic_task_mapping.py
[2024-11-18T21:07:21.692+0500] {logging_mixin.py:190} INFO - [2024-11-18T21:07:21.691+0500] {dag.py:3239} INFO - Sync 1 DAGs
[2024-11-18T21:07:21.713+0500] {logging_mixin.py:190} INFO - [2024-11-18T21:07:21.712+0500] {dag.py:4180} INFO - Setting next_dagrun for example_dynamic_task_mapping to None, run_after=None
[2024-11-18T21:07:21.747+0500] {processor.py:208} INFO - Processing /home/AtlasRise/airflow/airflow_env/lib/python3.12/site-packages/airflow/example_dags/example_dynamic_task_mapping.py took 0.107 seconds
[2024-11-18T21:08:28.985+0500] {processor.py:186} INFO - Started process (PID=21166) to work on /home/AtlasRise/airflow/airflow_env/lib/python3.12/site-packages/airflow/example_dags/example_dynamic_task_mapping.py
[2024-11-18T21:08:28.986+0500] {processor.py:914} INFO - Processing file /home/AtlasRise/airflow/airflow_env/lib/python3.12/site-packages/airflow/example_dags/example_dynamic_task_mapping.py for tasks to queue
[2024-11-18T21:08:28.989+0500] {logging_mixin.py:190} INFO - [2024-11-18T21:08:28.989+0500] {dagbag.py:588} INFO - Filling up the DagBag from /home/AtlasRise/airflow/airflow_env/lib/python3.12/site-packages/airflow/example_dags/example_dynamic_task_mapping.py
[2024-11-18T21:08:29.001+0500] {processor.py:925} INFO - DAG(s) 'example_dynamic_task_mapping' retrieved from /home/AtlasRise/airflow/airflow_env/lib/python3.12/site-packages/airflow/example_dags/example_dynamic_task_mapping.py
[2024-11-18T21:08:29.024+0500] {logging_mixin.py:190} INFO - [2024-11-18T21:08:29.024+0500] {dag.py:3239} INFO - Sync 1 DAGs
[2024-11-18T21:08:29.045+0500] {logging_mixin.py:190} INFO - [2024-11-18T21:08:29.045+0500] {dag.py:4180} INFO - Setting next_dagrun for example_dynamic_task_mapping to None, run_after=None
[2024-11-18T21:08:29.077+0500] {processor.py:208} INFO - Processing /home/AtlasRise/airflow/airflow_env/lib/python3.12/site-packages/airflow/example_dags/example_dynamic_task_mapping.py took 0.101 seconds
[2024-11-18T21:09:36.182+0500] {processor.py:186} INFO - Started process (PID=21266) to work on /home/AtlasRise/airflow/airflow_env/lib/python3.12/site-packages/airflow/example_dags/example_dynamic_task_mapping.py
[2024-11-18T21:09:36.184+0500] {processor.py:914} INFO - Processing file /home/AtlasRise/airflow/airflow_env/lib/python3.12/site-packages/airflow/example_dags/example_dynamic_task_mapping.py for tasks to queue
[2024-11-18T21:09:36.188+0500] {logging_mixin.py:190} INFO - [2024-11-18T21:09:36.187+0500] {dagbag.py:588} INFO - Filling up the DagBag from /home/AtlasRise/airflow/airflow_env/lib/python3.12/site-packages/airflow/example_dags/example_dynamic_task_mapping.py
[2024-11-18T21:09:36.204+0500] {processor.py:925} INFO - DAG(s) 'example_dynamic_task_mapping' retrieved from /home/AtlasRise/airflow/airflow_env/lib/python3.12/site-packages/airflow/example_dags/example_dynamic_task_mapping.py
[2024-11-18T21:09:36.228+0500] {logging_mixin.py:190} INFO - [2024-11-18T21:09:36.228+0500] {dag.py:3239} INFO - Sync 1 DAGs
[2024-11-18T21:09:36.252+0500] {logging_mixin.py:190} INFO - [2024-11-18T21:09:36.251+0500] {dag.py:4180} INFO - Setting next_dagrun for example_dynamic_task_mapping to None, run_after=None
[2024-11-18T21:09:36.291+0500] {processor.py:208} INFO - Processing /home/AtlasRise/airflow/airflow_env/lib/python3.12/site-packages/airflow/example_dags/example_dynamic_task_mapping.py took 0.117 seconds
[2024-11-18T21:10:50.401+0500] {processor.py:186} INFO - Started process (PID=21356) to work on /home/AtlasRise/airflow/airflow_env/lib/python3.12/site-packages/airflow/example_dags/example_dynamic_task_mapping.py
[2024-11-18T21:10:50.405+0500] {processor.py:914} INFO - Processing file /home/AtlasRise/airflow/airflow_env/lib/python3.12/site-packages/airflow/example_dags/example_dynamic_task_mapping.py for tasks to queue
[2024-11-18T21:10:50.408+0500] {logging_mixin.py:190} INFO - [2024-11-18T21:10:50.408+0500] {dagbag.py:588} INFO - Filling up the DagBag from /home/AtlasRise/airflow/airflow_env/lib/python3.12/site-packages/airflow/example_dags/example_dynamic_task_mapping.py
[2024-11-18T21:10:50.421+0500] {processor.py:925} INFO - DAG(s) 'example_dynamic_task_mapping' retrieved from /home/AtlasRise/airflow/airflow_env/lib/python3.12/site-packages/airflow/example_dags/example_dynamic_task_mapping.py
[2024-11-18T21:10:50.445+0500] {logging_mixin.py:190} INFO - [2024-11-18T21:10:50.445+0500] {dag.py:3239} INFO - Sync 1 DAGs
[2024-11-18T21:10:50.468+0500] {logging_mixin.py:190} INFO - [2024-11-18T21:10:50.467+0500] {dag.py:4180} INFO - Setting next_dagrun for example_dynamic_task_mapping to None, run_after=None
[2024-11-18T21:10:50.506+0500] {processor.py:208} INFO - Processing /home/AtlasRise/airflow/airflow_env/lib/python3.12/site-packages/airflow/example_dags/example_dynamic_task_mapping.py took 0.115 seconds
[2024-11-18T21:12:27.875+0500] {processor.py:186} INFO - Started process (PID=21524) to work on /home/AtlasRise/airflow/airflow_env/lib/python3.12/site-packages/airflow/example_dags/example_dynamic_task_mapping.py
[2024-11-18T21:12:27.876+0500] {processor.py:914} INFO - Processing file /home/AtlasRise/airflow/airflow_env/lib/python3.12/site-packages/airflow/example_dags/example_dynamic_task_mapping.py for tasks to queue
[2024-11-18T21:12:27.879+0500] {logging_mixin.py:190} INFO - [2024-11-18T21:12:27.879+0500] {dagbag.py:588} INFO - Filling up the DagBag from /home/AtlasRise/airflow/airflow_env/lib/python3.12/site-packages/airflow/example_dags/example_dynamic_task_mapping.py
[2024-11-18T21:12:27.893+0500] {processor.py:925} INFO - DAG(s) 'example_dynamic_task_mapping' retrieved from /home/AtlasRise/airflow/airflow_env/lib/python3.12/site-packages/airflow/example_dags/example_dynamic_task_mapping.py
[2024-11-18T21:12:27.917+0500] {logging_mixin.py:190} INFO - [2024-11-18T21:12:27.916+0500] {dag.py:3239} INFO - Sync 1 DAGs
[2024-11-18T21:12:27.939+0500] {logging_mixin.py:190} INFO - [2024-11-18T21:12:27.938+0500] {dag.py:4180} INFO - Setting next_dagrun for example_dynamic_task_mapping to None, run_after=None
[2024-11-18T21:12:27.972+0500] {processor.py:208} INFO - Processing /home/AtlasRise/airflow/airflow_env/lib/python3.12/site-packages/airflow/example_dags/example_dynamic_task_mapping.py took 0.106 seconds
[2024-11-18T21:14:06.838+0500] {processor.py:186} INFO - Started process (PID=21632) to work on /home/AtlasRise/airflow/airflow_env/lib/python3.12/site-packages/airflow/example_dags/example_dynamic_task_mapping.py
[2024-11-18T21:14:06.839+0500] {processor.py:914} INFO - Processing file /home/AtlasRise/airflow/airflow_env/lib/python3.12/site-packages/airflow/example_dags/example_dynamic_task_mapping.py for tasks to queue
[2024-11-18T21:14:06.843+0500] {logging_mixin.py:190} INFO - [2024-11-18T21:14:06.843+0500] {dagbag.py:588} INFO - Filling up the DagBag from /home/AtlasRise/airflow/airflow_env/lib/python3.12/site-packages/airflow/example_dags/example_dynamic_task_mapping.py
[2024-11-18T21:14:06.854+0500] {processor.py:925} INFO - DAG(s) 'example_dynamic_task_mapping' retrieved from /home/AtlasRise/airflow/airflow_env/lib/python3.12/site-packages/airflow/example_dags/example_dynamic_task_mapping.py
[2024-11-18T21:14:06.878+0500] {logging_mixin.py:190} INFO - [2024-11-18T21:14:06.878+0500] {dag.py:3239} INFO - Sync 1 DAGs
[2024-11-18T21:14:06.900+0500] {logging_mixin.py:190} INFO - [2024-11-18T21:14:06.899+0500] {dag.py:4180} INFO - Setting next_dagrun for example_dynamic_task_mapping to None, run_after=None
[2024-11-18T21:14:06.931+0500] {processor.py:208} INFO - Processing /home/AtlasRise/airflow/airflow_env/lib/python3.12/site-packages/airflow/example_dags/example_dynamic_task_mapping.py took 0.102 seconds
[2024-11-18T21:15:32.844+0500] {processor.py:186} INFO - Started process (PID=21754) to work on /home/AtlasRise/airflow/airflow_env/lib/python3.12/site-packages/airflow/example_dags/example_dynamic_task_mapping.py
[2024-11-18T21:15:32.846+0500] {processor.py:914} INFO - Processing file /home/AtlasRise/airflow/airflow_env/lib/python3.12/site-packages/airflow/example_dags/example_dynamic_task_mapping.py for tasks to queue
[2024-11-18T21:15:32.849+0500] {logging_mixin.py:190} INFO - [2024-11-18T21:15:32.848+0500] {dagbag.py:588} INFO - Filling up the DagBag from /home/AtlasRise/airflow/airflow_env/lib/python3.12/site-packages/airflow/example_dags/example_dynamic_task_mapping.py
[2024-11-18T21:15:32.862+0500] {processor.py:925} INFO - DAG(s) 'example_dynamic_task_mapping' retrieved from /home/AtlasRise/airflow/airflow_env/lib/python3.12/site-packages/airflow/example_dags/example_dynamic_task_mapping.py
[2024-11-18T21:15:32.885+0500] {logging_mixin.py:190} INFO - [2024-11-18T21:15:32.885+0500] {dag.py:3239} INFO - Sync 1 DAGs
[2024-11-18T21:15:32.908+0500] {logging_mixin.py:190} INFO - [2024-11-18T21:15:32.908+0500] {dag.py:4180} INFO - Setting next_dagrun for example_dynamic_task_mapping to None, run_after=None
[2024-11-18T21:15:32.940+0500] {processor.py:208} INFO - Processing /home/AtlasRise/airflow/airflow_env/lib/python3.12/site-packages/airflow/example_dags/example_dynamic_task_mapping.py took 0.104 seconds
[2024-11-18T21:17:27.918+0500] {processor.py:186} INFO - Started process (PID=21920) to work on /home/AtlasRise/airflow/airflow_env/lib/python3.12/site-packages/airflow/example_dags/example_dynamic_task_mapping.py
[2024-11-18T21:17:27.920+0500] {processor.py:914} INFO - Processing file /home/AtlasRise/airflow/airflow_env/lib/python3.12/site-packages/airflow/example_dags/example_dynamic_task_mapping.py for tasks to queue
[2024-11-18T21:17:27.923+0500] {logging_mixin.py:190} INFO - [2024-11-18T21:17:27.923+0500] {dagbag.py:588} INFO - Filling up the DagBag from /home/AtlasRise/airflow/airflow_env/lib/python3.12/site-packages/airflow/example_dags/example_dynamic_task_mapping.py
[2024-11-18T21:17:27.935+0500] {processor.py:925} INFO - DAG(s) 'example_dynamic_task_mapping' retrieved from /home/AtlasRise/airflow/airflow_env/lib/python3.12/site-packages/airflow/example_dags/example_dynamic_task_mapping.py
[2024-11-18T21:17:27.958+0500] {logging_mixin.py:190} INFO - [2024-11-18T21:17:27.958+0500] {dag.py:3239} INFO - Sync 1 DAGs
[2024-11-18T21:17:27.978+0500] {logging_mixin.py:190} INFO - [2024-11-18T21:17:27.978+0500] {dag.py:4180} INFO - Setting next_dagrun for example_dynamic_task_mapping to None, run_after=None
[2024-11-18T21:17:28.013+0500] {processor.py:208} INFO - Processing /home/AtlasRise/airflow/airflow_env/lib/python3.12/site-packages/airflow/example_dags/example_dynamic_task_mapping.py took 0.103 seconds
[2024-11-18T21:19:22.122+0500] {processor.py:186} INFO - Started process (PID=22088) to work on /home/AtlasRise/airflow/airflow_env/lib/python3.12/site-packages/airflow/example_dags/example_dynamic_task_mapping.py
[2024-11-18T21:19:22.123+0500] {processor.py:914} INFO - Processing file /home/AtlasRise/airflow/airflow_env/lib/python3.12/site-packages/airflow/example_dags/example_dynamic_task_mapping.py for tasks to queue
[2024-11-18T21:19:22.127+0500] {logging_mixin.py:190} INFO - [2024-11-18T21:19:22.126+0500] {dagbag.py:588} INFO - Filling up the DagBag from /home/AtlasRise/airflow/airflow_env/lib/python3.12/site-packages/airflow/example_dags/example_dynamic_task_mapping.py
[2024-11-18T21:19:22.148+0500] {processor.py:925} INFO - DAG(s) 'example_dynamic_task_mapping' retrieved from /home/AtlasRise/airflow/airflow_env/lib/python3.12/site-packages/airflow/example_dags/example_dynamic_task_mapping.py
[2024-11-18T21:19:22.173+0500] {logging_mixin.py:190} INFO - [2024-11-18T21:19:22.172+0500] {dag.py:3239} INFO - Sync 1 DAGs
[2024-11-18T21:19:22.196+0500] {logging_mixin.py:190} INFO - [2024-11-18T21:19:22.195+0500] {dag.py:4180} INFO - Setting next_dagrun for example_dynamic_task_mapping to None, run_after=None
[2024-11-18T21:19:22.229+0500] {processor.py:208} INFO - Processing /home/AtlasRise/airflow/airflow_env/lib/python3.12/site-packages/airflow/example_dags/example_dynamic_task_mapping.py took 0.144 seconds
[2024-11-18T21:20:40.402+0500] {processor.py:186} INFO - Started process (PID=22169) to work on /home/AtlasRise/airflow/airflow_env/lib/python3.12/site-packages/airflow/example_dags/example_dynamic_task_mapping.py
[2024-11-18T21:20:40.405+0500] {processor.py:914} INFO - Processing file /home/AtlasRise/airflow/airflow_env/lib/python3.12/site-packages/airflow/example_dags/example_dynamic_task_mapping.py for tasks to queue
[2024-11-18T21:20:40.409+0500] {logging_mixin.py:190} INFO - [2024-11-18T21:20:40.408+0500] {dagbag.py:588} INFO - Filling up the DagBag from /home/AtlasRise/airflow/airflow_env/lib/python3.12/site-packages/airflow/example_dags/example_dynamic_task_mapping.py
[2024-11-18T21:20:40.421+0500] {processor.py:925} INFO - DAG(s) 'example_dynamic_task_mapping' retrieved from /home/AtlasRise/airflow/airflow_env/lib/python3.12/site-packages/airflow/example_dags/example_dynamic_task_mapping.py
[2024-11-18T21:20:40.445+0500] {logging_mixin.py:190} INFO - [2024-11-18T21:20:40.445+0500] {dag.py:3239} INFO - Sync 1 DAGs
[2024-11-18T21:20:40.466+0500] {logging_mixin.py:190} INFO - [2024-11-18T21:20:40.466+0500] {dag.py:4180} INFO - Setting next_dagrun for example_dynamic_task_mapping to None, run_after=None
[2024-11-18T21:20:40.498+0500] {processor.py:208} INFO - Processing /home/AtlasRise/airflow/airflow_env/lib/python3.12/site-packages/airflow/example_dags/example_dynamic_task_mapping.py took 0.105 seconds
[2024-11-18T21:21:54.104+0500] {processor.py:186} INFO - Started process (PID=22272) to work on /home/AtlasRise/airflow/airflow_env/lib/python3.12/site-packages/airflow/example_dags/example_dynamic_task_mapping.py
[2024-11-18T21:21:54.106+0500] {processor.py:914} INFO - Processing file /home/AtlasRise/airflow/airflow_env/lib/python3.12/site-packages/airflow/example_dags/example_dynamic_task_mapping.py for tasks to queue
[2024-11-18T21:21:54.110+0500] {logging_mixin.py:190} INFO - [2024-11-18T21:21:54.110+0500] {dagbag.py:588} INFO - Filling up the DagBag from /home/AtlasRise/airflow/airflow_env/lib/python3.12/site-packages/airflow/example_dags/example_dynamic_task_mapping.py
[2024-11-18T21:21:54.122+0500] {processor.py:925} INFO - DAG(s) 'example_dynamic_task_mapping' retrieved from /home/AtlasRise/airflow/airflow_env/lib/python3.12/site-packages/airflow/example_dags/example_dynamic_task_mapping.py
[2024-11-18T21:21:54.146+0500] {logging_mixin.py:190} INFO - [2024-11-18T21:21:54.145+0500] {dag.py:3239} INFO - Sync 1 DAGs
[2024-11-18T21:21:54.167+0500] {logging_mixin.py:190} INFO - [2024-11-18T21:21:54.167+0500] {dag.py:4180} INFO - Setting next_dagrun for example_dynamic_task_mapping to None, run_after=None
[2024-11-18T21:21:54.199+0500] {processor.py:208} INFO - Processing /home/AtlasRise/airflow/airflow_env/lib/python3.12/site-packages/airflow/example_dags/example_dynamic_task_mapping.py took 0.104 seconds
[2024-11-18T21:23:01.546+0500] {processor.py:186} INFO - Started process (PID=22352) to work on /home/AtlasRise/airflow/airflow_env/lib/python3.12/site-packages/airflow/example_dags/example_dynamic_task_mapping.py
[2024-11-18T21:23:01.548+0500] {processor.py:914} INFO - Processing file /home/AtlasRise/airflow/airflow_env/lib/python3.12/site-packages/airflow/example_dags/example_dynamic_task_mapping.py for tasks to queue
[2024-11-18T21:23:01.552+0500] {logging_mixin.py:190} INFO - [2024-11-18T21:23:01.551+0500] {dagbag.py:588} INFO - Filling up the DagBag from /home/AtlasRise/airflow/airflow_env/lib/python3.12/site-packages/airflow/example_dags/example_dynamic_task_mapping.py
[2024-11-18T21:23:01.563+0500] {processor.py:925} INFO - DAG(s) 'example_dynamic_task_mapping' retrieved from /home/AtlasRise/airflow/airflow_env/lib/python3.12/site-packages/airflow/example_dags/example_dynamic_task_mapping.py
[2024-11-18T21:23:01.587+0500] {logging_mixin.py:190} INFO - [2024-11-18T21:23:01.586+0500] {dag.py:3239} INFO - Sync 1 DAGs
[2024-11-18T21:23:01.608+0500] {logging_mixin.py:190} INFO - [2024-11-18T21:23:01.607+0500] {dag.py:4180} INFO - Setting next_dagrun for example_dynamic_task_mapping to None, run_after=None
[2024-11-18T21:23:01.650+0500] {processor.py:208} INFO - Processing /home/AtlasRise/airflow/airflow_env/lib/python3.12/site-packages/airflow/example_dags/example_dynamic_task_mapping.py took 0.112 seconds
