[2024-11-18T20:41:23.912+0500] {processor.py:186} INFO - Started process (PID=18975) to work on /home/AtlasRise/airflow/airflow_env/lib/python3.12/site-packages/airflow/example_dags/example_branch_day_of_week_operator.py
[2024-11-18T20:41:23.913+0500] {processor.py:914} INFO - Processing file /home/AtlasRise/airflow/airflow_env/lib/python3.12/site-packages/airflow/example_dags/example_branch_day_of_week_operator.py for tasks to queue
[2024-11-18T20:41:23.916+0500] {logging_mixin.py:190} INFO - [2024-11-18T20:41:23.916+0500] {dagbag.py:588} INFO - Filling up the DagBag from /home/AtlasRise/airflow/airflow_env/lib/python3.12/site-packages/airflow/example_dags/example_branch_day_of_week_operator.py
[2024-11-18T20:41:23.931+0500] {processor.py:925} INFO - DAG(s) 'example_weekday_branch_operator' retrieved from /home/AtlasRise/airflow/airflow_env/lib/python3.12/site-packages/airflow/example_dags/example_branch_day_of_week_operator.py
[2024-11-18T20:41:24.092+0500] {logging_mixin.py:190} INFO - [2024-11-18T20:41:24.091+0500] {override.py:1911} INFO - Created Permission View: can read on DAG:example_weekday_branch_operator
[2024-11-18T20:41:24.109+0500] {logging_mixin.py:190} INFO - [2024-11-18T20:41:24.108+0500] {override.py:1911} INFO - Created Permission View: can edit on DAG:example_weekday_branch_operator
[2024-11-18T20:41:24.121+0500] {logging_mixin.py:190} INFO - [2024-11-18T20:41:24.121+0500] {override.py:1911} INFO - Created Permission View: can delete on DAG:example_weekday_branch_operator
[2024-11-18T20:41:24.141+0500] {logging_mixin.py:190} INFO - [2024-11-18T20:41:24.140+0500] {override.py:1911} INFO - Created Permission View: can read on DAG Run:example_weekday_branch_operator
[2024-11-18T20:41:24.153+0500] {logging_mixin.py:190} INFO - [2024-11-18T20:41:24.152+0500] {override.py:1911} INFO - Created Permission View: can create on DAG Run:example_weekday_branch_operator
[2024-11-18T20:41:24.165+0500] {logging_mixin.py:190} INFO - [2024-11-18T20:41:24.165+0500] {override.py:1911} INFO - Created Permission View: can delete on DAG Run:example_weekday_branch_operator
[2024-11-18T20:41:24.176+0500] {logging_mixin.py:190} INFO - [2024-11-18T20:41:24.176+0500] {override.py:1911} INFO - Created Permission View: menu access on DAG Run:example_weekday_branch_operator
[2024-11-18T20:41:24.177+0500] {logging_mixin.py:190} INFO - [2024-11-18T20:41:24.177+0500] {dag.py:3239} INFO - Sync 1 DAGs
[2024-11-18T20:41:24.196+0500] {logging_mixin.py:190} INFO - [2024-11-18T20:41:24.196+0500] {dag.py:3262} INFO - Creating ORM DAG for example_weekday_branch_operator
[2024-11-18T20:41:24.210+0500] {logging_mixin.py:190} INFO - [2024-11-18T20:41:24.210+0500] {dag.py:4180} INFO - Setting next_dagrun for example_weekday_branch_operator to 2024-11-17 00:00:00+00:00, run_after=2024-11-18 00:00:00+00:00
[2024-11-18T20:41:24.243+0500] {processor.py:208} INFO - Processing /home/AtlasRise/airflow/airflow_env/lib/python3.12/site-packages/airflow/example_dags/example_branch_day_of_week_operator.py took 0.338 seconds
[2024-11-18T20:42:39.343+0500] {processor.py:186} INFO - Started process (PID=19168) to work on /home/AtlasRise/airflow/airflow_env/lib/python3.12/site-packages/airflow/example_dags/example_branch_day_of_week_operator.py
[2024-11-18T20:42:39.346+0500] {processor.py:914} INFO - Processing file /home/AtlasRise/airflow/airflow_env/lib/python3.12/site-packages/airflow/example_dags/example_branch_day_of_week_operator.py for tasks to queue
[2024-11-18T20:42:39.350+0500] {logging_mixin.py:190} INFO - [2024-11-18T20:42:39.349+0500] {dagbag.py:588} INFO - Filling up the DagBag from /home/AtlasRise/airflow/airflow_env/lib/python3.12/site-packages/airflow/example_dags/example_branch_day_of_week_operator.py
[2024-11-18T20:42:39.367+0500] {processor.py:925} INFO - DAG(s) 'example_weekday_branch_operator' retrieved from /home/AtlasRise/airflow/airflow_env/lib/python3.12/site-packages/airflow/example_dags/example_branch_day_of_week_operator.py
[2024-11-18T20:42:39.391+0500] {logging_mixin.py:190} INFO - [2024-11-18T20:42:39.391+0500] {dag.py:3239} INFO - Sync 1 DAGs
[2024-11-18T20:42:39.424+0500] {logging_mixin.py:190} INFO - [2024-11-18T20:42:39.424+0500] {dag.py:4180} INFO - Setting next_dagrun for example_weekday_branch_operator to 2024-11-17 00:00:00+00:00, run_after=2024-11-18 00:00:00+00:00
[2024-11-18T20:42:39.460+0500] {processor.py:208} INFO - Processing /home/AtlasRise/airflow/airflow_env/lib/python3.12/site-packages/airflow/example_dags/example_branch_day_of_week_operator.py took 0.125 seconds
[2024-11-18T20:43:47.288+0500] {processor.py:186} INFO - Started process (PID=19249) to work on /home/AtlasRise/airflow/airflow_env/lib/python3.12/site-packages/airflow/example_dags/example_branch_day_of_week_operator.py
[2024-11-18T20:43:47.290+0500] {processor.py:914} INFO - Processing file /home/AtlasRise/airflow/airflow_env/lib/python3.12/site-packages/airflow/example_dags/example_branch_day_of_week_operator.py for tasks to queue
[2024-11-18T20:43:47.293+0500] {logging_mixin.py:190} INFO - [2024-11-18T20:43:47.292+0500] {dagbag.py:588} INFO - Filling up the DagBag from /home/AtlasRise/airflow/airflow_env/lib/python3.12/site-packages/airflow/example_dags/example_branch_day_of_week_operator.py
[2024-11-18T20:43:47.307+0500] {processor.py:925} INFO - DAG(s) 'example_weekday_branch_operator' retrieved from /home/AtlasRise/airflow/airflow_env/lib/python3.12/site-packages/airflow/example_dags/example_branch_day_of_week_operator.py
[2024-11-18T20:43:47.332+0500] {logging_mixin.py:190} INFO - [2024-11-18T20:43:47.331+0500] {dag.py:3239} INFO - Sync 1 DAGs
[2024-11-18T20:43:47.365+0500] {logging_mixin.py:190} INFO - [2024-11-18T20:43:47.364+0500] {dag.py:4180} INFO - Setting next_dagrun for example_weekday_branch_operator to 2024-11-17 00:00:00+00:00, run_after=2024-11-18 00:00:00+00:00
[2024-11-18T20:43:47.397+0500] {processor.py:208} INFO - Processing /home/AtlasRise/airflow/airflow_env/lib/python3.12/site-packages/airflow/example_dags/example_branch_day_of_week_operator.py took 0.117 seconds
[2024-11-18T20:44:52.140+0500] {processor.py:186} INFO - Started process (PID=19318) to work on /home/AtlasRise/airflow/airflow_env/lib/python3.12/site-packages/airflow/example_dags/example_branch_day_of_week_operator.py
[2024-11-18T20:44:52.142+0500] {processor.py:914} INFO - Processing file /home/AtlasRise/airflow/airflow_env/lib/python3.12/site-packages/airflow/example_dags/example_branch_day_of_week_operator.py for tasks to queue
[2024-11-18T20:44:52.145+0500] {logging_mixin.py:190} INFO - [2024-11-18T20:44:52.144+0500] {dagbag.py:588} INFO - Filling up the DagBag from /home/AtlasRise/airflow/airflow_env/lib/python3.12/site-packages/airflow/example_dags/example_branch_day_of_week_operator.py
[2024-11-18T20:44:52.159+0500] {processor.py:925} INFO - DAG(s) 'example_weekday_branch_operator' retrieved from /home/AtlasRise/airflow/airflow_env/lib/python3.12/site-packages/airflow/example_dags/example_branch_day_of_week_operator.py
[2024-11-18T20:44:52.184+0500] {logging_mixin.py:190} INFO - [2024-11-18T20:44:52.184+0500] {dag.py:3239} INFO - Sync 1 DAGs
[2024-11-18T20:44:52.218+0500] {logging_mixin.py:190} INFO - [2024-11-18T20:44:52.217+0500] {dag.py:4180} INFO - Setting next_dagrun for example_weekday_branch_operator to 2024-11-17 00:00:00+00:00, run_after=2024-11-18 00:00:00+00:00
[2024-11-18T20:44:52.250+0500] {processor.py:208} INFO - Processing /home/AtlasRise/airflow/airflow_env/lib/python3.12/site-packages/airflow/example_dags/example_branch_day_of_week_operator.py took 0.117 seconds
[2024-11-18T20:46:05.593+0500] {processor.py:186} INFO - Started process (PID=19511) to work on /home/AtlasRise/airflow/airflow_env/lib/python3.12/site-packages/airflow/example_dags/example_branch_day_of_week_operator.py
[2024-11-18T20:46:05.594+0500] {processor.py:914} INFO - Processing file /home/AtlasRise/airflow/airflow_env/lib/python3.12/site-packages/airflow/example_dags/example_branch_day_of_week_operator.py for tasks to queue
[2024-11-18T20:46:05.597+0500] {logging_mixin.py:190} INFO - [2024-11-18T20:46:05.596+0500] {dagbag.py:588} INFO - Filling up the DagBag from /home/AtlasRise/airflow/airflow_env/lib/python3.12/site-packages/airflow/example_dags/example_branch_day_of_week_operator.py
[2024-11-18T20:46:05.765+0500] {processor.py:925} INFO - DAG(s) 'example_weekday_branch_operator' retrieved from /home/AtlasRise/airflow/airflow_env/lib/python3.12/site-packages/airflow/example_dags/example_branch_day_of_week_operator.py
[2024-11-18T20:46:05.785+0500] {logging_mixin.py:190} INFO - [2024-11-18T20:46:05.785+0500] {dag.py:3239} INFO - Sync 1 DAGs
[2024-11-18T20:46:05.816+0500] {logging_mixin.py:190} INFO - [2024-11-18T20:46:05.815+0500] {dag.py:4180} INFO - Setting next_dagrun for example_weekday_branch_operator to 2024-11-17 00:00:00+00:00, run_after=2024-11-18 00:00:00+00:00
[2024-11-18T20:46:05.850+0500] {processor.py:208} INFO - Processing /home/AtlasRise/airflow/airflow_env/lib/python3.12/site-packages/airflow/example_dags/example_branch_day_of_week_operator.py took 0.265 seconds
[2024-11-18T20:47:20.871+0500] {processor.py:186} INFO - Started process (PID=19614) to work on /home/AtlasRise/airflow/airflow_env/lib/python3.12/site-packages/airflow/example_dags/example_branch_day_of_week_operator.py
[2024-11-18T20:47:20.874+0500] {processor.py:914} INFO - Processing file /home/AtlasRise/airflow/airflow_env/lib/python3.12/site-packages/airflow/example_dags/example_branch_day_of_week_operator.py for tasks to queue
[2024-11-18T20:47:20.877+0500] {logging_mixin.py:190} INFO - [2024-11-18T20:47:20.876+0500] {dagbag.py:588} INFO - Filling up the DagBag from /home/AtlasRise/airflow/airflow_env/lib/python3.12/site-packages/airflow/example_dags/example_branch_day_of_week_operator.py
[2024-11-18T20:47:20.893+0500] {processor.py:925} INFO - DAG(s) 'example_weekday_branch_operator' retrieved from /home/AtlasRise/airflow/airflow_env/lib/python3.12/site-packages/airflow/example_dags/example_branch_day_of_week_operator.py
[2024-11-18T20:47:20.917+0500] {logging_mixin.py:190} INFO - [2024-11-18T20:47:20.917+0500] {dag.py:3239} INFO - Sync 1 DAGs
[2024-11-18T20:47:20.952+0500] {logging_mixin.py:190} INFO - [2024-11-18T20:47:20.952+0500] {dag.py:4180} INFO - Setting next_dagrun for example_weekday_branch_operator to 2024-11-17 00:00:00+00:00, run_after=2024-11-18 00:00:00+00:00
[2024-11-18T20:47:20.985+0500] {processor.py:208} INFO - Processing /home/AtlasRise/airflow/airflow_env/lib/python3.12/site-packages/airflow/example_dags/example_branch_day_of_week_operator.py took 0.122 seconds
[2024-11-18T20:48:27.163+0500] {processor.py:186} INFO - Started process (PID=19767) to work on /home/AtlasRise/airflow/airflow_env/lib/python3.12/site-packages/airflow/example_dags/example_branch_day_of_week_operator.py
[2024-11-18T20:48:27.166+0500] {processor.py:914} INFO - Processing file /home/AtlasRise/airflow/airflow_env/lib/python3.12/site-packages/airflow/example_dags/example_branch_day_of_week_operator.py for tasks to queue
[2024-11-18T20:48:27.169+0500] {logging_mixin.py:190} INFO - [2024-11-18T20:48:27.168+0500] {dagbag.py:588} INFO - Filling up the DagBag from /home/AtlasRise/airflow/airflow_env/lib/python3.12/site-packages/airflow/example_dags/example_branch_day_of_week_operator.py
[2024-11-18T20:48:27.184+0500] {processor.py:925} INFO - DAG(s) 'example_weekday_branch_operator' retrieved from /home/AtlasRise/airflow/airflow_env/lib/python3.12/site-packages/airflow/example_dags/example_branch_day_of_week_operator.py
[2024-11-18T20:48:27.209+0500] {logging_mixin.py:190} INFO - [2024-11-18T20:48:27.208+0500] {dag.py:3239} INFO - Sync 1 DAGs
[2024-11-18T20:48:27.243+0500] {logging_mixin.py:190} INFO - [2024-11-18T20:48:27.243+0500] {dag.py:4180} INFO - Setting next_dagrun for example_weekday_branch_operator to 2024-11-17 00:00:00+00:00, run_after=2024-11-18 00:00:00+00:00
[2024-11-18T20:48:27.276+0500] {processor.py:208} INFO - Processing /home/AtlasRise/airflow/airflow_env/lib/python3.12/site-packages/airflow/example_dags/example_branch_day_of_week_operator.py took 0.121 seconds
[2024-11-18T20:49:36.590+0500] {processor.py:186} INFO - Started process (PID=19852) to work on /home/AtlasRise/airflow/airflow_env/lib/python3.12/site-packages/airflow/example_dags/example_branch_day_of_week_operator.py
[2024-11-18T20:49:36.592+0500] {processor.py:914} INFO - Processing file /home/AtlasRise/airflow/airflow_env/lib/python3.12/site-packages/airflow/example_dags/example_branch_day_of_week_operator.py for tasks to queue
[2024-11-18T20:49:36.595+0500] {logging_mixin.py:190} INFO - [2024-11-18T20:49:36.595+0500] {dagbag.py:588} INFO - Filling up the DagBag from /home/AtlasRise/airflow/airflow_env/lib/python3.12/site-packages/airflow/example_dags/example_branch_day_of_week_operator.py
[2024-11-18T20:49:36.610+0500] {processor.py:925} INFO - DAG(s) 'example_weekday_branch_operator' retrieved from /home/AtlasRise/airflow/airflow_env/lib/python3.12/site-packages/airflow/example_dags/example_branch_day_of_week_operator.py
[2024-11-18T20:49:36.634+0500] {logging_mixin.py:190} INFO - [2024-11-18T20:49:36.634+0500] {dag.py:3239} INFO - Sync 1 DAGs
[2024-11-18T20:49:36.672+0500] {logging_mixin.py:190} INFO - [2024-11-18T20:49:36.672+0500] {dag.py:4180} INFO - Setting next_dagrun for example_weekday_branch_operator to 2024-11-17 00:00:00+00:00, run_after=2024-11-18 00:00:00+00:00
[2024-11-18T20:49:36.709+0500] {processor.py:208} INFO - Processing /home/AtlasRise/airflow/airflow_env/lib/python3.12/site-packages/airflow/example_dags/example_branch_day_of_week_operator.py took 0.129 seconds
[2024-11-18T20:50:44.512+0500] {processor.py:186} INFO - Started process (PID=19926) to work on /home/AtlasRise/airflow/airflow_env/lib/python3.12/site-packages/airflow/example_dags/example_branch_day_of_week_operator.py
[2024-11-18T20:50:44.514+0500] {processor.py:914} INFO - Processing file /home/AtlasRise/airflow/airflow_env/lib/python3.12/site-packages/airflow/example_dags/example_branch_day_of_week_operator.py for tasks to queue
[2024-11-18T20:50:44.517+0500] {logging_mixin.py:190} INFO - [2024-11-18T20:50:44.516+0500] {dagbag.py:588} INFO - Filling up the DagBag from /home/AtlasRise/airflow/airflow_env/lib/python3.12/site-packages/airflow/example_dags/example_branch_day_of_week_operator.py
[2024-11-18T20:50:44.532+0500] {processor.py:925} INFO - DAG(s) 'example_weekday_branch_operator' retrieved from /home/AtlasRise/airflow/airflow_env/lib/python3.12/site-packages/airflow/example_dags/example_branch_day_of_week_operator.py
[2024-11-18T20:50:44.557+0500] {logging_mixin.py:190} INFO - [2024-11-18T20:50:44.557+0500] {dag.py:3239} INFO - Sync 1 DAGs
[2024-11-18T20:50:44.591+0500] {logging_mixin.py:190} INFO - [2024-11-18T20:50:44.591+0500] {dag.py:4180} INFO - Setting next_dagrun for example_weekday_branch_operator to 2024-11-17 00:00:00+00:00, run_after=2024-11-18 00:00:00+00:00
[2024-11-18T20:50:44.624+0500] {processor.py:208} INFO - Processing /home/AtlasRise/airflow/airflow_env/lib/python3.12/site-packages/airflow/example_dags/example_branch_day_of_week_operator.py took 0.121 seconds
[2024-11-18T20:51:56.613+0500] {processor.py:186} INFO - Started process (PID=20012) to work on /home/AtlasRise/airflow/airflow_env/lib/python3.12/site-packages/airflow/example_dags/example_branch_day_of_week_operator.py
[2024-11-18T20:51:56.615+0500] {processor.py:914} INFO - Processing file /home/AtlasRise/airflow/airflow_env/lib/python3.12/site-packages/airflow/example_dags/example_branch_day_of_week_operator.py for tasks to queue
[2024-11-18T20:51:56.618+0500] {logging_mixin.py:190} INFO - [2024-11-18T20:51:56.618+0500] {dagbag.py:588} INFO - Filling up the DagBag from /home/AtlasRise/airflow/airflow_env/lib/python3.12/site-packages/airflow/example_dags/example_branch_day_of_week_operator.py
[2024-11-18T20:51:56.633+0500] {processor.py:925} INFO - DAG(s) 'example_weekday_branch_operator' retrieved from /home/AtlasRise/airflow/airflow_env/lib/python3.12/site-packages/airflow/example_dags/example_branch_day_of_week_operator.py
[2024-11-18T20:51:56.659+0500] {logging_mixin.py:190} INFO - [2024-11-18T20:51:56.659+0500] {dag.py:3239} INFO - Sync 1 DAGs
[2024-11-18T20:51:56.695+0500] {logging_mixin.py:190} INFO - [2024-11-18T20:51:56.694+0500] {dag.py:4180} INFO - Setting next_dagrun for example_weekday_branch_operator to 2024-11-17 00:00:00+00:00, run_after=2024-11-18 00:00:00+00:00
[2024-11-18T20:51:56.727+0500] {processor.py:208} INFO - Processing /home/AtlasRise/airflow/airflow_env/lib/python3.12/site-packages/airflow/example_dags/example_branch_day_of_week_operator.py took 0.123 seconds
[2024-11-18T20:53:02.351+0500] {processor.py:186} INFO - Started process (PID=20084) to work on /home/AtlasRise/airflow/airflow_env/lib/python3.12/site-packages/airflow/example_dags/example_branch_day_of_week_operator.py
[2024-11-18T20:53:02.353+0500] {processor.py:914} INFO - Processing file /home/AtlasRise/airflow/airflow_env/lib/python3.12/site-packages/airflow/example_dags/example_branch_day_of_week_operator.py for tasks to queue
[2024-11-18T20:53:02.356+0500] {logging_mixin.py:190} INFO - [2024-11-18T20:53:02.356+0500] {dagbag.py:588} INFO - Filling up the DagBag from /home/AtlasRise/airflow/airflow_env/lib/python3.12/site-packages/airflow/example_dags/example_branch_day_of_week_operator.py
[2024-11-18T20:53:02.372+0500] {processor.py:925} INFO - DAG(s) 'example_weekday_branch_operator' retrieved from /home/AtlasRise/airflow/airflow_env/lib/python3.12/site-packages/airflow/example_dags/example_branch_day_of_week_operator.py
[2024-11-18T20:53:02.397+0500] {logging_mixin.py:190} INFO - [2024-11-18T20:53:02.396+0500] {dag.py:3239} INFO - Sync 1 DAGs
[2024-11-18T20:53:02.433+0500] {logging_mixin.py:190} INFO - [2024-11-18T20:53:02.432+0500] {dag.py:4180} INFO - Setting next_dagrun for example_weekday_branch_operator to 2024-11-17 00:00:00+00:00, run_after=2024-11-18 00:00:00+00:00
[2024-11-18T20:53:02.465+0500] {processor.py:208} INFO - Processing /home/AtlasRise/airflow/airflow_env/lib/python3.12/site-packages/airflow/example_dags/example_branch_day_of_week_operator.py took 0.122 seconds
[2024-11-18T20:54:14.388+0500] {processor.py:186} INFO - Started process (PID=20170) to work on /home/AtlasRise/airflow/airflow_env/lib/python3.12/site-packages/airflow/example_dags/example_branch_day_of_week_operator.py
[2024-11-18T20:54:14.389+0500] {processor.py:914} INFO - Processing file /home/AtlasRise/airflow/airflow_env/lib/python3.12/site-packages/airflow/example_dags/example_branch_day_of_week_operator.py for tasks to queue
[2024-11-18T20:54:14.393+0500] {logging_mixin.py:190} INFO - [2024-11-18T20:54:14.392+0500] {dagbag.py:588} INFO - Filling up the DagBag from /home/AtlasRise/airflow/airflow_env/lib/python3.12/site-packages/airflow/example_dags/example_branch_day_of_week_operator.py
[2024-11-18T20:54:14.409+0500] {processor.py:925} INFO - DAG(s) 'example_weekday_branch_operator' retrieved from /home/AtlasRise/airflow/airflow_env/lib/python3.12/site-packages/airflow/example_dags/example_branch_day_of_week_operator.py
[2024-11-18T20:54:14.436+0500] {logging_mixin.py:190} INFO - [2024-11-18T20:54:14.435+0500] {dag.py:3239} INFO - Sync 1 DAGs
[2024-11-18T20:54:14.474+0500] {logging_mixin.py:190} INFO - [2024-11-18T20:54:14.473+0500] {dag.py:4180} INFO - Setting next_dagrun for example_weekday_branch_operator to 2024-11-17 00:00:00+00:00, run_after=2024-11-18 00:00:00+00:00
[2024-11-18T20:54:14.507+0500] {processor.py:208} INFO - Processing /home/AtlasRise/airflow/airflow_env/lib/python3.12/site-packages/airflow/example_dags/example_branch_day_of_week_operator.py took 0.128 seconds
[2024-11-18T20:55:40.287+0500] {processor.py:186} INFO - Started process (PID=20260) to work on /home/AtlasRise/airflow/airflow_env/lib/python3.12/site-packages/airflow/example_dags/example_branch_day_of_week_operator.py
[2024-11-18T20:55:40.289+0500] {processor.py:914} INFO - Processing file /home/AtlasRise/airflow/airflow_env/lib/python3.12/site-packages/airflow/example_dags/example_branch_day_of_week_operator.py for tasks to queue
[2024-11-18T20:55:40.292+0500] {logging_mixin.py:190} INFO - [2024-11-18T20:55:40.292+0500] {dagbag.py:588} INFO - Filling up the DagBag from /home/AtlasRise/airflow/airflow_env/lib/python3.12/site-packages/airflow/example_dags/example_branch_day_of_week_operator.py
[2024-11-18T20:55:40.309+0500] {processor.py:925} INFO - DAG(s) 'example_weekday_branch_operator' retrieved from /home/AtlasRise/airflow/airflow_env/lib/python3.12/site-packages/airflow/example_dags/example_branch_day_of_week_operator.py
[2024-11-18T20:55:40.335+0500] {logging_mixin.py:190} INFO - [2024-11-18T20:55:40.334+0500] {dag.py:3239} INFO - Sync 1 DAGs
[2024-11-18T20:55:40.373+0500] {logging_mixin.py:190} INFO - [2024-11-18T20:55:40.372+0500] {dag.py:4180} INFO - Setting next_dagrun for example_weekday_branch_operator to 2024-11-17 00:00:00+00:00, run_after=2024-11-18 00:00:00+00:00
[2024-11-18T20:55:40.437+0500] {processor.py:208} INFO - Processing /home/AtlasRise/airflow/airflow_env/lib/python3.12/site-packages/airflow/example_dags/example_branch_day_of_week_operator.py took 0.157 seconds
[2024-11-18T20:56:55.881+0500] {processor.py:186} INFO - Started process (PID=20352) to work on /home/AtlasRise/airflow/airflow_env/lib/python3.12/site-packages/airflow/example_dags/example_branch_day_of_week_operator.py
[2024-11-18T20:56:55.882+0500] {processor.py:914} INFO - Processing file /home/AtlasRise/airflow/airflow_env/lib/python3.12/site-packages/airflow/example_dags/example_branch_day_of_week_operator.py for tasks to queue
[2024-11-18T20:56:55.885+0500] {logging_mixin.py:190} INFO - [2024-11-18T20:56:55.885+0500] {dagbag.py:588} INFO - Filling up the DagBag from /home/AtlasRise/airflow/airflow_env/lib/python3.12/site-packages/airflow/example_dags/example_branch_day_of_week_operator.py
[2024-11-18T20:56:55.900+0500] {processor.py:925} INFO - DAG(s) 'example_weekday_branch_operator' retrieved from /home/AtlasRise/airflow/airflow_env/lib/python3.12/site-packages/airflow/example_dags/example_branch_day_of_week_operator.py
[2024-11-18T20:56:55.926+0500] {logging_mixin.py:190} INFO - [2024-11-18T20:56:55.925+0500] {dag.py:3239} INFO - Sync 1 DAGs
[2024-11-18T20:56:55.963+0500] {logging_mixin.py:190} INFO - [2024-11-18T20:56:55.962+0500] {dag.py:4180} INFO - Setting next_dagrun for example_weekday_branch_operator to 2024-11-17 00:00:00+00:00, run_after=2024-11-18 00:00:00+00:00
[2024-11-18T20:56:55.998+0500] {processor.py:208} INFO - Processing /home/AtlasRise/airflow/airflow_env/lib/python3.12/site-packages/airflow/example_dags/example_branch_day_of_week_operator.py took 0.125 seconds
[2024-11-18T20:58:09.013+0500] {processor.py:186} INFO - Started process (PID=20430) to work on /home/AtlasRise/airflow/airflow_env/lib/python3.12/site-packages/airflow/example_dags/example_branch_day_of_week_operator.py
[2024-11-18T20:58:09.015+0500] {processor.py:914} INFO - Processing file /home/AtlasRise/airflow/airflow_env/lib/python3.12/site-packages/airflow/example_dags/example_branch_day_of_week_operator.py for tasks to queue
[2024-11-18T20:58:09.018+0500] {logging_mixin.py:190} INFO - [2024-11-18T20:58:09.017+0500] {dagbag.py:588} INFO - Filling up the DagBag from /home/AtlasRise/airflow/airflow_env/lib/python3.12/site-packages/airflow/example_dags/example_branch_day_of_week_operator.py
[2024-11-18T20:58:09.033+0500] {processor.py:925} INFO - DAG(s) 'example_weekday_branch_operator' retrieved from /home/AtlasRise/airflow/airflow_env/lib/python3.12/site-packages/airflow/example_dags/example_branch_day_of_week_operator.py
[2024-11-18T20:58:09.057+0500] {logging_mixin.py:190} INFO - [2024-11-18T20:58:09.057+0500] {dag.py:3239} INFO - Sync 1 DAGs
[2024-11-18T20:58:09.092+0500] {logging_mixin.py:190} INFO - [2024-11-18T20:58:09.092+0500] {dag.py:4180} INFO - Setting next_dagrun for example_weekday_branch_operator to 2024-11-17 00:00:00+00:00, run_after=2024-11-18 00:00:00+00:00
[2024-11-18T20:58:09.125+0500] {processor.py:208} INFO - Processing /home/AtlasRise/airflow/airflow_env/lib/python3.12/site-packages/airflow/example_dags/example_branch_day_of_week_operator.py took 0.120 seconds
[2024-11-18T20:59:17.683+0500] {processor.py:186} INFO - Started process (PID=20512) to work on /home/AtlasRise/airflow/airflow_env/lib/python3.12/site-packages/airflow/example_dags/example_branch_day_of_week_operator.py
[2024-11-18T20:59:17.686+0500] {processor.py:914} INFO - Processing file /home/AtlasRise/airflow/airflow_env/lib/python3.12/site-packages/airflow/example_dags/example_branch_day_of_week_operator.py for tasks to queue
[2024-11-18T20:59:17.690+0500] {logging_mixin.py:190} INFO - [2024-11-18T20:59:17.689+0500] {dagbag.py:588} INFO - Filling up the DagBag from /home/AtlasRise/airflow/airflow_env/lib/python3.12/site-packages/airflow/example_dags/example_branch_day_of_week_operator.py
[2024-11-18T20:59:17.712+0500] {processor.py:925} INFO - DAG(s) 'example_weekday_branch_operator' retrieved from /home/AtlasRise/airflow/airflow_env/lib/python3.12/site-packages/airflow/example_dags/example_branch_day_of_week_operator.py
[2024-11-18T20:59:17.737+0500] {logging_mixin.py:190} INFO - [2024-11-18T20:59:17.737+0500] {dag.py:3239} INFO - Sync 1 DAGs
[2024-11-18T20:59:17.773+0500] {logging_mixin.py:190} INFO - [2024-11-18T20:59:17.773+0500] {dag.py:4180} INFO - Setting next_dagrun for example_weekday_branch_operator to 2024-11-17 00:00:00+00:00, run_after=2024-11-18 00:00:00+00:00
[2024-11-18T20:59:17.809+0500] {processor.py:208} INFO - Processing /home/AtlasRise/airflow/airflow_env/lib/python3.12/site-packages/airflow/example_dags/example_branch_day_of_week_operator.py took 0.134 seconds
[2024-11-18T21:00:32.208+0500] {processor.py:186} INFO - Started process (PID=20593) to work on /home/AtlasRise/airflow/airflow_env/lib/python3.12/site-packages/airflow/example_dags/example_branch_day_of_week_operator.py
[2024-11-18T21:00:32.211+0500] {processor.py:914} INFO - Processing file /home/AtlasRise/airflow/airflow_env/lib/python3.12/site-packages/airflow/example_dags/example_branch_day_of_week_operator.py for tasks to queue
[2024-11-18T21:00:32.214+0500] {logging_mixin.py:190} INFO - [2024-11-18T21:00:32.213+0500] {dagbag.py:588} INFO - Filling up the DagBag from /home/AtlasRise/airflow/airflow_env/lib/python3.12/site-packages/airflow/example_dags/example_branch_day_of_week_operator.py
[2024-11-18T21:00:32.228+0500] {processor.py:925} INFO - DAG(s) 'example_weekday_branch_operator' retrieved from /home/AtlasRise/airflow/airflow_env/lib/python3.12/site-packages/airflow/example_dags/example_branch_day_of_week_operator.py
[2024-11-18T21:00:32.253+0500] {logging_mixin.py:190} INFO - [2024-11-18T21:00:32.253+0500] {dag.py:3239} INFO - Sync 1 DAGs
[2024-11-18T21:00:32.289+0500] {logging_mixin.py:190} INFO - [2024-11-18T21:00:32.288+0500] {dag.py:4180} INFO - Setting next_dagrun for example_weekday_branch_operator to 2024-11-17 00:00:00+00:00, run_after=2024-11-18 00:00:00+00:00
[2024-11-18T21:00:32.320+0500] {processor.py:208} INFO - Processing /home/AtlasRise/airflow/airflow_env/lib/python3.12/site-packages/airflow/example_dags/example_branch_day_of_week_operator.py took 0.121 seconds
[2024-11-18T21:01:37.667+0500] {processor.py:186} INFO - Started process (PID=20676) to work on /home/AtlasRise/airflow/airflow_env/lib/python3.12/site-packages/airflow/example_dags/example_branch_day_of_week_operator.py
[2024-11-18T21:01:37.670+0500] {processor.py:914} INFO - Processing file /home/AtlasRise/airflow/airflow_env/lib/python3.12/site-packages/airflow/example_dags/example_branch_day_of_week_operator.py for tasks to queue
[2024-11-18T21:01:37.674+0500] {logging_mixin.py:190} INFO - [2024-11-18T21:01:37.673+0500] {dagbag.py:588} INFO - Filling up the DagBag from /home/AtlasRise/airflow/airflow_env/lib/python3.12/site-packages/airflow/example_dags/example_branch_day_of_week_operator.py
[2024-11-18T21:01:37.691+0500] {processor.py:925} INFO - DAG(s) 'example_weekday_branch_operator' retrieved from /home/AtlasRise/airflow/airflow_env/lib/python3.12/site-packages/airflow/example_dags/example_branch_day_of_week_operator.py
[2024-11-18T21:01:37.716+0500] {logging_mixin.py:190} INFO - [2024-11-18T21:01:37.716+0500] {dag.py:3239} INFO - Sync 1 DAGs
[2024-11-18T21:01:37.751+0500] {logging_mixin.py:190} INFO - [2024-11-18T21:01:37.751+0500] {dag.py:4180} INFO - Setting next_dagrun for example_weekday_branch_operator to 2024-11-17 00:00:00+00:00, run_after=2024-11-18 00:00:00+00:00
[2024-11-18T21:01:37.786+0500] {processor.py:208} INFO - Processing /home/AtlasRise/airflow/airflow_env/lib/python3.12/site-packages/airflow/example_dags/example_branch_day_of_week_operator.py took 0.128 seconds
[2024-11-18T21:02:50.322+0500] {processor.py:186} INFO - Started process (PID=20746) to work on /home/AtlasRise/airflow/airflow_env/lib/python3.12/site-packages/airflow/example_dags/example_branch_day_of_week_operator.py
[2024-11-18T21:02:50.323+0500] {processor.py:914} INFO - Processing file /home/AtlasRise/airflow/airflow_env/lib/python3.12/site-packages/airflow/example_dags/example_branch_day_of_week_operator.py for tasks to queue
[2024-11-18T21:02:50.326+0500] {logging_mixin.py:190} INFO - [2024-11-18T21:02:50.326+0500] {dagbag.py:588} INFO - Filling up the DagBag from /home/AtlasRise/airflow/airflow_env/lib/python3.12/site-packages/airflow/example_dags/example_branch_day_of_week_operator.py
[2024-11-18T21:02:50.341+0500] {processor.py:925} INFO - DAG(s) 'example_weekday_branch_operator' retrieved from /home/AtlasRise/airflow/airflow_env/lib/python3.12/site-packages/airflow/example_dags/example_branch_day_of_week_operator.py
[2024-11-18T21:02:50.366+0500] {logging_mixin.py:190} INFO - [2024-11-18T21:02:50.365+0500] {dag.py:3239} INFO - Sync 1 DAGs
[2024-11-18T21:02:50.400+0500] {logging_mixin.py:190} INFO - [2024-11-18T21:02:50.399+0500] {dag.py:4180} INFO - Setting next_dagrun for example_weekday_branch_operator to 2024-11-17 00:00:00+00:00, run_after=2024-11-18 00:00:00+00:00
[2024-11-18T21:02:50.433+0500] {processor.py:208} INFO - Processing /home/AtlasRise/airflow/airflow_env/lib/python3.12/site-packages/airflow/example_dags/example_branch_day_of_week_operator.py took 0.119 seconds
[2024-11-18T21:03:59.038+0500] {processor.py:186} INFO - Started process (PID=20834) to work on /home/AtlasRise/airflow/airflow_env/lib/python3.12/site-packages/airflow/example_dags/example_branch_day_of_week_operator.py
[2024-11-18T21:03:59.040+0500] {processor.py:914} INFO - Processing file /home/AtlasRise/airflow/airflow_env/lib/python3.12/site-packages/airflow/example_dags/example_branch_day_of_week_operator.py for tasks to queue
[2024-11-18T21:03:59.043+0500] {logging_mixin.py:190} INFO - [2024-11-18T21:03:59.043+0500] {dagbag.py:588} INFO - Filling up the DagBag from /home/AtlasRise/airflow/airflow_env/lib/python3.12/site-packages/airflow/example_dags/example_branch_day_of_week_operator.py
[2024-11-18T21:03:59.058+0500] {processor.py:925} INFO - DAG(s) 'example_weekday_branch_operator' retrieved from /home/AtlasRise/airflow/airflow_env/lib/python3.12/site-packages/airflow/example_dags/example_branch_day_of_week_operator.py
[2024-11-18T21:03:59.083+0500] {logging_mixin.py:190} INFO - [2024-11-18T21:03:59.083+0500] {dag.py:3239} INFO - Sync 1 DAGs
[2024-11-18T21:03:59.118+0500] {logging_mixin.py:190} INFO - [2024-11-18T21:03:59.117+0500] {dag.py:4180} INFO - Setting next_dagrun for example_weekday_branch_operator to 2024-11-17 00:00:00+00:00, run_after=2024-11-18 00:00:00+00:00
[2024-11-18T21:03:59.155+0500] {processor.py:208} INFO - Processing /home/AtlasRise/airflow/airflow_env/lib/python3.12/site-packages/airflow/example_dags/example_branch_day_of_week_operator.py took 0.125 seconds
[2024-11-18T21:05:04.607+0500] {processor.py:186} INFO - Started process (PID=20919) to work on /home/AtlasRise/airflow/airflow_env/lib/python3.12/site-packages/airflow/example_dags/example_branch_day_of_week_operator.py
[2024-11-18T21:05:04.609+0500] {processor.py:914} INFO - Processing file /home/AtlasRise/airflow/airflow_env/lib/python3.12/site-packages/airflow/example_dags/example_branch_day_of_week_operator.py for tasks to queue
[2024-11-18T21:05:04.613+0500] {logging_mixin.py:190} INFO - [2024-11-18T21:05:04.612+0500] {dagbag.py:588} INFO - Filling up the DagBag from /home/AtlasRise/airflow/airflow_env/lib/python3.12/site-packages/airflow/example_dags/example_branch_day_of_week_operator.py
[2024-11-18T21:05:04.628+0500] {processor.py:925} INFO - DAG(s) 'example_weekday_branch_operator' retrieved from /home/AtlasRise/airflow/airflow_env/lib/python3.12/site-packages/airflow/example_dags/example_branch_day_of_week_operator.py
[2024-11-18T21:05:04.653+0500] {logging_mixin.py:190} INFO - [2024-11-18T21:05:04.652+0500] {dag.py:3239} INFO - Sync 1 DAGs
[2024-11-18T21:05:04.687+0500] {logging_mixin.py:190} INFO - [2024-11-18T21:05:04.687+0500] {dag.py:4180} INFO - Setting next_dagrun for example_weekday_branch_operator to 2024-11-17 00:00:00+00:00, run_after=2024-11-18 00:00:00+00:00
[2024-11-18T21:05:04.719+0500] {processor.py:208} INFO - Processing /home/AtlasRise/airflow/airflow_env/lib/python3.12/site-packages/airflow/example_dags/example_branch_day_of_week_operator.py took 0.121 seconds
[2024-11-18T21:06:11.112+0500] {processor.py:186} INFO - Started process (PID=21003) to work on /home/AtlasRise/airflow/airflow_env/lib/python3.12/site-packages/airflow/example_dags/example_branch_day_of_week_operator.py
[2024-11-18T21:06:11.113+0500] {processor.py:914} INFO - Processing file /home/AtlasRise/airflow/airflow_env/lib/python3.12/site-packages/airflow/example_dags/example_branch_day_of_week_operator.py for tasks to queue
[2024-11-18T21:06:11.116+0500] {logging_mixin.py:190} INFO - [2024-11-18T21:06:11.116+0500] {dagbag.py:588} INFO - Filling up the DagBag from /home/AtlasRise/airflow/airflow_env/lib/python3.12/site-packages/airflow/example_dags/example_branch_day_of_week_operator.py
[2024-11-18T21:06:11.131+0500] {processor.py:925} INFO - DAG(s) 'example_weekday_branch_operator' retrieved from /home/AtlasRise/airflow/airflow_env/lib/python3.12/site-packages/airflow/example_dags/example_branch_day_of_week_operator.py
[2024-11-18T21:06:11.157+0500] {logging_mixin.py:190} INFO - [2024-11-18T21:06:11.156+0500] {dag.py:3239} INFO - Sync 1 DAGs
[2024-11-18T21:06:11.192+0500] {logging_mixin.py:190} INFO - [2024-11-18T21:06:11.191+0500] {dag.py:4180} INFO - Setting next_dagrun for example_weekday_branch_operator to 2024-11-17 00:00:00+00:00, run_after=2024-11-18 00:00:00+00:00
[2024-11-18T21:06:11.224+0500] {processor.py:208} INFO - Processing /home/AtlasRise/airflow/airflow_env/lib/python3.12/site-packages/airflow/example_dags/example_branch_day_of_week_operator.py took 0.121 seconds
[2024-11-18T21:07:31.934+0500] {processor.py:186} INFO - Started process (PID=21107) to work on /home/AtlasRise/airflow/airflow_env/lib/python3.12/site-packages/airflow/example_dags/example_branch_day_of_week_operator.py
[2024-11-18T21:07:31.935+0500] {processor.py:914} INFO - Processing file /home/AtlasRise/airflow/airflow_env/lib/python3.12/site-packages/airflow/example_dags/example_branch_day_of_week_operator.py for tasks to queue
[2024-11-18T21:07:31.938+0500] {logging_mixin.py:190} INFO - [2024-11-18T21:07:31.937+0500] {dagbag.py:588} INFO - Filling up the DagBag from /home/AtlasRise/airflow/airflow_env/lib/python3.12/site-packages/airflow/example_dags/example_branch_day_of_week_operator.py
[2024-11-18T21:07:31.952+0500] {processor.py:925} INFO - DAG(s) 'example_weekday_branch_operator' retrieved from /home/AtlasRise/airflow/airflow_env/lib/python3.12/site-packages/airflow/example_dags/example_branch_day_of_week_operator.py
[2024-11-18T21:07:31.977+0500] {logging_mixin.py:190} INFO - [2024-11-18T21:07:31.977+0500] {dag.py:3239} INFO - Sync 1 DAGs
[2024-11-18T21:07:32.011+0500] {logging_mixin.py:190} INFO - [2024-11-18T21:07:32.011+0500] {dag.py:4180} INFO - Setting next_dagrun for example_weekday_branch_operator to 2024-11-17 00:00:00+00:00, run_after=2024-11-18 00:00:00+00:00
[2024-11-18T21:07:32.048+0500] {processor.py:208} INFO - Processing /home/AtlasRise/airflow/airflow_env/lib/python3.12/site-packages/airflow/example_dags/example_branch_day_of_week_operator.py took 0.123 seconds
[2024-11-18T21:08:40.291+0500] {processor.py:186} INFO - Started process (PID=21176) to work on /home/AtlasRise/airflow/airflow_env/lib/python3.12/site-packages/airflow/example_dags/example_branch_day_of_week_operator.py
[2024-11-18T21:08:40.294+0500] {processor.py:914} INFO - Processing file /home/AtlasRise/airflow/airflow_env/lib/python3.12/site-packages/airflow/example_dags/example_branch_day_of_week_operator.py for tasks to queue
[2024-11-18T21:08:40.297+0500] {logging_mixin.py:190} INFO - [2024-11-18T21:08:40.297+0500] {dagbag.py:588} INFO - Filling up the DagBag from /home/AtlasRise/airflow/airflow_env/lib/python3.12/site-packages/airflow/example_dags/example_branch_day_of_week_operator.py
[2024-11-18T21:08:40.312+0500] {processor.py:925} INFO - DAG(s) 'example_weekday_branch_operator' retrieved from /home/AtlasRise/airflow/airflow_env/lib/python3.12/site-packages/airflow/example_dags/example_branch_day_of_week_operator.py
[2024-11-18T21:08:40.337+0500] {logging_mixin.py:190} INFO - [2024-11-18T21:08:40.336+0500] {dag.py:3239} INFO - Sync 1 DAGs
[2024-11-18T21:08:40.371+0500] {logging_mixin.py:190} INFO - [2024-11-18T21:08:40.371+0500] {dag.py:4180} INFO - Setting next_dagrun for example_weekday_branch_operator to 2024-11-17 00:00:00+00:00, run_after=2024-11-18 00:00:00+00:00
[2024-11-18T21:08:40.405+0500] {processor.py:208} INFO - Processing /home/AtlasRise/airflow/airflow_env/lib/python3.12/site-packages/airflow/example_dags/example_branch_day_of_week_operator.py took 0.121 seconds
[2024-11-18T21:09:47.631+0500] {processor.py:186} INFO - Started process (PID=21276) to work on /home/AtlasRise/airflow/airflow_env/lib/python3.12/site-packages/airflow/example_dags/example_branch_day_of_week_operator.py
[2024-11-18T21:09:47.634+0500] {processor.py:914} INFO - Processing file /home/AtlasRise/airflow/airflow_env/lib/python3.12/site-packages/airflow/example_dags/example_branch_day_of_week_operator.py for tasks to queue
[2024-11-18T21:09:47.637+0500] {logging_mixin.py:190} INFO - [2024-11-18T21:09:47.636+0500] {dagbag.py:588} INFO - Filling up the DagBag from /home/AtlasRise/airflow/airflow_env/lib/python3.12/site-packages/airflow/example_dags/example_branch_day_of_week_operator.py
[2024-11-18T21:09:47.652+0500] {processor.py:925} INFO - DAG(s) 'example_weekday_branch_operator' retrieved from /home/AtlasRise/airflow/airflow_env/lib/python3.12/site-packages/airflow/example_dags/example_branch_day_of_week_operator.py
[2024-11-18T21:09:47.677+0500] {logging_mixin.py:190} INFO - [2024-11-18T21:09:47.677+0500] {dag.py:3239} INFO - Sync 1 DAGs
[2024-11-18T21:09:47.713+0500] {logging_mixin.py:190} INFO - [2024-11-18T21:09:47.712+0500] {dag.py:4180} INFO - Setting next_dagrun for example_weekday_branch_operator to 2024-11-17 00:00:00+00:00, run_after=2024-11-18 00:00:00+00:00
[2024-11-18T21:09:47.747+0500] {processor.py:208} INFO - Processing /home/AtlasRise/airflow/airflow_env/lib/python3.12/site-packages/airflow/example_dags/example_branch_day_of_week_operator.py took 0.125 seconds
[2024-11-18T21:11:01.007+0500] {processor.py:186} INFO - Started process (PID=21379) to work on /home/AtlasRise/airflow/airflow_env/lib/python3.12/site-packages/airflow/example_dags/example_branch_day_of_week_operator.py
[2024-11-18T21:11:01.009+0500] {processor.py:914} INFO - Processing file /home/AtlasRise/airflow/airflow_env/lib/python3.12/site-packages/airflow/example_dags/example_branch_day_of_week_operator.py for tasks to queue
[2024-11-18T21:11:01.012+0500] {logging_mixin.py:190} INFO - [2024-11-18T21:11:01.011+0500] {dagbag.py:588} INFO - Filling up the DagBag from /home/AtlasRise/airflow/airflow_env/lib/python3.12/site-packages/airflow/example_dags/example_branch_day_of_week_operator.py
[2024-11-18T21:11:01.026+0500] {processor.py:925} INFO - DAG(s) 'example_weekday_branch_operator' retrieved from /home/AtlasRise/airflow/airflow_env/lib/python3.12/site-packages/airflow/example_dags/example_branch_day_of_week_operator.py
[2024-11-18T21:11:01.050+0500] {logging_mixin.py:190} INFO - [2024-11-18T21:11:01.050+0500] {dag.py:3239} INFO - Sync 1 DAGs
[2024-11-18T21:11:01.084+0500] {logging_mixin.py:190} INFO - [2024-11-18T21:11:01.084+0500] {dag.py:4180} INFO - Setting next_dagrun for example_weekday_branch_operator to 2024-11-17 00:00:00+00:00, run_after=2024-11-18 00:00:00+00:00
[2024-11-18T21:11:01.116+0500] {processor.py:208} INFO - Processing /home/AtlasRise/airflow/airflow_env/lib/python3.12/site-packages/airflow/example_dags/example_branch_day_of_week_operator.py took 0.118 seconds
[2024-11-18T21:12:38.597+0500] {processor.py:186} INFO - Started process (PID=21536) to work on /home/AtlasRise/airflow/airflow_env/lib/python3.12/site-packages/airflow/example_dags/example_branch_day_of_week_operator.py
[2024-11-18T21:12:38.598+0500] {processor.py:914} INFO - Processing file /home/AtlasRise/airflow/airflow_env/lib/python3.12/site-packages/airflow/example_dags/example_branch_day_of_week_operator.py for tasks to queue
[2024-11-18T21:12:38.601+0500] {logging_mixin.py:190} INFO - [2024-11-18T21:12:38.600+0500] {dagbag.py:588} INFO - Filling up the DagBag from /home/AtlasRise/airflow/airflow_env/lib/python3.12/site-packages/airflow/example_dags/example_branch_day_of_week_operator.py
[2024-11-18T21:12:38.616+0500] {processor.py:925} INFO - DAG(s) 'example_weekday_branch_operator' retrieved from /home/AtlasRise/airflow/airflow_env/lib/python3.12/site-packages/airflow/example_dags/example_branch_day_of_week_operator.py
[2024-11-18T21:12:38.642+0500] {logging_mixin.py:190} INFO - [2024-11-18T21:12:38.641+0500] {dag.py:3239} INFO - Sync 1 DAGs
[2024-11-18T21:12:38.687+0500] {logging_mixin.py:190} INFO - [2024-11-18T21:12:38.686+0500] {dag.py:4180} INFO - Setting next_dagrun for example_weekday_branch_operator to 2024-11-17 00:00:00+00:00, run_after=2024-11-18 00:00:00+00:00
[2024-11-18T21:12:38.723+0500] {processor.py:208} INFO - Processing /home/AtlasRise/airflow/airflow_env/lib/python3.12/site-packages/airflow/example_dags/example_branch_day_of_week_operator.py took 0.135 seconds
[2024-11-18T21:14:17.468+0500] {processor.py:186} INFO - Started process (PID=21646) to work on /home/AtlasRise/airflow/airflow_env/lib/python3.12/site-packages/airflow/example_dags/example_branch_day_of_week_operator.py
[2024-11-18T21:14:17.471+0500] {processor.py:914} INFO - Processing file /home/AtlasRise/airflow/airflow_env/lib/python3.12/site-packages/airflow/example_dags/example_branch_day_of_week_operator.py for tasks to queue
[2024-11-18T21:14:17.474+0500] {logging_mixin.py:190} INFO - [2024-11-18T21:14:17.473+0500] {dagbag.py:588} INFO - Filling up the DagBag from /home/AtlasRise/airflow/airflow_env/lib/python3.12/site-packages/airflow/example_dags/example_branch_day_of_week_operator.py
[2024-11-18T21:14:17.489+0500] {processor.py:925} INFO - DAG(s) 'example_weekday_branch_operator' retrieved from /home/AtlasRise/airflow/airflow_env/lib/python3.12/site-packages/airflow/example_dags/example_branch_day_of_week_operator.py
[2024-11-18T21:14:17.515+0500] {logging_mixin.py:190} INFO - [2024-11-18T21:14:17.514+0500] {dag.py:3239} INFO - Sync 1 DAGs
[2024-11-18T21:14:17.551+0500] {logging_mixin.py:190} INFO - [2024-11-18T21:14:17.551+0500] {dag.py:4180} INFO - Setting next_dagrun for example_weekday_branch_operator to 2024-11-17 00:00:00+00:00, run_after=2024-11-18 00:00:00+00:00
[2024-11-18T21:14:17.594+0500] {processor.py:208} INFO - Processing /home/AtlasRise/airflow/airflow_env/lib/python3.12/site-packages/airflow/example_dags/example_branch_day_of_week_operator.py took 0.135 seconds
[2024-11-18T21:15:51.738+0500] {processor.py:186} INFO - Started process (PID=21775) to work on /home/AtlasRise/airflow/airflow_env/lib/python3.12/site-packages/airflow/example_dags/example_branch_day_of_week_operator.py
[2024-11-18T21:15:51.741+0500] {processor.py:914} INFO - Processing file /home/AtlasRise/airflow/airflow_env/lib/python3.12/site-packages/airflow/example_dags/example_branch_day_of_week_operator.py for tasks to queue
[2024-11-18T21:15:51.744+0500] {logging_mixin.py:190} INFO - [2024-11-18T21:15:51.743+0500] {dagbag.py:588} INFO - Filling up the DagBag from /home/AtlasRise/airflow/airflow_env/lib/python3.12/site-packages/airflow/example_dags/example_branch_day_of_week_operator.py
[2024-11-18T21:15:51.766+0500] {processor.py:925} INFO - DAG(s) 'example_weekday_branch_operator' retrieved from /home/AtlasRise/airflow/airflow_env/lib/python3.12/site-packages/airflow/example_dags/example_branch_day_of_week_operator.py
[2024-11-18T21:15:51.797+0500] {logging_mixin.py:190} INFO - [2024-11-18T21:15:51.796+0500] {dag.py:3239} INFO - Sync 1 DAGs
[2024-11-18T21:15:51.835+0500] {logging_mixin.py:190} INFO - [2024-11-18T21:15:51.834+0500] {dag.py:4180} INFO - Setting next_dagrun for example_weekday_branch_operator to 2024-11-17 00:00:00+00:00, run_after=2024-11-18 00:00:00+00:00
[2024-11-18T21:15:51.870+0500] {processor.py:208} INFO - Processing /home/AtlasRise/airflow/airflow_env/lib/python3.12/site-packages/airflow/example_dags/example_branch_day_of_week_operator.py took 0.141 seconds
[2024-11-18T21:17:42.461+0500] {processor.py:186} INFO - Started process (PID=21939) to work on /home/AtlasRise/airflow/airflow_env/lib/python3.12/site-packages/airflow/example_dags/example_branch_day_of_week_operator.py
[2024-11-18T21:17:42.464+0500] {processor.py:914} INFO - Processing file /home/AtlasRise/airflow/airflow_env/lib/python3.12/site-packages/airflow/example_dags/example_branch_day_of_week_operator.py for tasks to queue
[2024-11-18T21:17:42.467+0500] {logging_mixin.py:190} INFO - [2024-11-18T21:17:42.466+0500] {dagbag.py:588} INFO - Filling up the DagBag from /home/AtlasRise/airflow/airflow_env/lib/python3.12/site-packages/airflow/example_dags/example_branch_day_of_week_operator.py
[2024-11-18T21:17:42.482+0500] {processor.py:925} INFO - DAG(s) 'example_weekday_branch_operator' retrieved from /home/AtlasRise/airflow/airflow_env/lib/python3.12/site-packages/airflow/example_dags/example_branch_day_of_week_operator.py
[2024-11-18T21:17:42.507+0500] {logging_mixin.py:190} INFO - [2024-11-18T21:17:42.506+0500] {dag.py:3239} INFO - Sync 1 DAGs
[2024-11-18T21:17:42.542+0500] {logging_mixin.py:190} INFO - [2024-11-18T21:17:42.542+0500] {dag.py:4180} INFO - Setting next_dagrun for example_weekday_branch_operator to 2024-11-17 00:00:00+00:00, run_after=2024-11-18 00:00:00+00:00
[2024-11-18T21:17:42.575+0500] {processor.py:208} INFO - Processing /home/AtlasRise/airflow/airflow_env/lib/python3.12/site-packages/airflow/example_dags/example_branch_day_of_week_operator.py took 0.122 seconds
[2024-11-18T21:19:33.622+0500] {processor.py:186} INFO - Started process (PID=22100) to work on /home/AtlasRise/airflow/airflow_env/lib/python3.12/site-packages/airflow/example_dags/example_branch_day_of_week_operator.py
[2024-11-18T21:19:33.625+0500] {processor.py:914} INFO - Processing file /home/AtlasRise/airflow/airflow_env/lib/python3.12/site-packages/airflow/example_dags/example_branch_day_of_week_operator.py for tasks to queue
[2024-11-18T21:19:33.628+0500] {logging_mixin.py:190} INFO - [2024-11-18T21:19:33.627+0500] {dagbag.py:588} INFO - Filling up the DagBag from /home/AtlasRise/airflow/airflow_env/lib/python3.12/site-packages/airflow/example_dags/example_branch_day_of_week_operator.py
[2024-11-18T21:19:33.642+0500] {processor.py:925} INFO - DAG(s) 'example_weekday_branch_operator' retrieved from /home/AtlasRise/airflow/airflow_env/lib/python3.12/site-packages/airflow/example_dags/example_branch_day_of_week_operator.py
[2024-11-18T21:19:33.668+0500] {logging_mixin.py:190} INFO - [2024-11-18T21:19:33.668+0500] {dag.py:3239} INFO - Sync 1 DAGs
[2024-11-18T21:19:33.703+0500] {logging_mixin.py:190} INFO - [2024-11-18T21:19:33.703+0500] {dag.py:4180} INFO - Setting next_dagrun for example_weekday_branch_operator to 2024-11-17 00:00:00+00:00, run_after=2024-11-18 00:00:00+00:00
[2024-11-18T21:19:33.736+0500] {processor.py:208} INFO - Processing /home/AtlasRise/airflow/airflow_env/lib/python3.12/site-packages/airflow/example_dags/example_branch_day_of_week_operator.py took 0.123 seconds
[2024-11-18T21:20:51.336+0500] {processor.py:186} INFO - Started process (PID=22188) to work on /home/AtlasRise/airflow/airflow_env/lib/python3.12/site-packages/airflow/example_dags/example_branch_day_of_week_operator.py
[2024-11-18T21:20:51.338+0500] {processor.py:914} INFO - Processing file /home/AtlasRise/airflow/airflow_env/lib/python3.12/site-packages/airflow/example_dags/example_branch_day_of_week_operator.py for tasks to queue
[2024-11-18T21:20:51.341+0500] {logging_mixin.py:190} INFO - [2024-11-18T21:20:51.340+0500] {dagbag.py:588} INFO - Filling up the DagBag from /home/AtlasRise/airflow/airflow_env/lib/python3.12/site-packages/airflow/example_dags/example_branch_day_of_week_operator.py
[2024-11-18T21:20:51.356+0500] {processor.py:925} INFO - DAG(s) 'example_weekday_branch_operator' retrieved from /home/AtlasRise/airflow/airflow_env/lib/python3.12/site-packages/airflow/example_dags/example_branch_day_of_week_operator.py
[2024-11-18T21:20:51.381+0500] {logging_mixin.py:190} INFO - [2024-11-18T21:20:51.380+0500] {dag.py:3239} INFO - Sync 1 DAGs
[2024-11-18T21:20:51.415+0500] {logging_mixin.py:190} INFO - [2024-11-18T21:20:51.415+0500] {dag.py:4180} INFO - Setting next_dagrun for example_weekday_branch_operator to 2024-11-17 00:00:00+00:00, run_after=2024-11-18 00:00:00+00:00
[2024-11-18T21:20:51.452+0500] {processor.py:208} INFO - Processing /home/AtlasRise/airflow/airflow_env/lib/python3.12/site-packages/airflow/example_dags/example_branch_day_of_week_operator.py took 0.124 seconds
[2024-11-18T21:22:04.380+0500] {processor.py:186} INFO - Started process (PID=22283) to work on /home/AtlasRise/airflow/airflow_env/lib/python3.12/site-packages/airflow/example_dags/example_branch_day_of_week_operator.py
[2024-11-18T21:22:04.382+0500] {processor.py:914} INFO - Processing file /home/AtlasRise/airflow/airflow_env/lib/python3.12/site-packages/airflow/example_dags/example_branch_day_of_week_operator.py for tasks to queue
[2024-11-18T21:22:04.385+0500] {logging_mixin.py:190} INFO - [2024-11-18T21:22:04.384+0500] {dagbag.py:588} INFO - Filling up the DagBag from /home/AtlasRise/airflow/airflow_env/lib/python3.12/site-packages/airflow/example_dags/example_branch_day_of_week_operator.py
[2024-11-18T21:22:04.400+0500] {processor.py:925} INFO - DAG(s) 'example_weekday_branch_operator' retrieved from /home/AtlasRise/airflow/airflow_env/lib/python3.12/site-packages/airflow/example_dags/example_branch_day_of_week_operator.py
[2024-11-18T21:22:04.426+0500] {logging_mixin.py:190} INFO - [2024-11-18T21:22:04.426+0500] {dag.py:3239} INFO - Sync 1 DAGs
[2024-11-18T21:22:04.467+0500] {logging_mixin.py:190} INFO - [2024-11-18T21:22:04.463+0500] {dag.py:4180} INFO - Setting next_dagrun for example_weekday_branch_operator to 2024-11-17 00:00:00+00:00, run_after=2024-11-18 00:00:00+00:00
[2024-11-18T21:22:04.532+0500] {processor.py:208} INFO - Processing /home/AtlasRise/airflow/airflow_env/lib/python3.12/site-packages/airflow/example_dags/example_branch_day_of_week_operator.py took 0.160 seconds
