[2024-11-18T20:40:48.816+0500] {processor.py:186} INFO - Started process (PID=18938) to work on /home/AtlasRise/airflow/airflow_env/lib/python3.12/site-packages/airflow/example_dags/example_params_trigger_ui.py
[2024-11-18T20:40:48.817+0500] {processor.py:914} INFO - Processing file /home/AtlasRise/airflow/airflow_env/lib/python3.12/site-packages/airflow/example_dags/example_params_trigger_ui.py for tasks to queue
[2024-11-18T20:40:48.820+0500] {logging_mixin.py:190} INFO - [2024-11-18T20:40:48.819+0500] {dagbag.py:588} INFO - Filling up the DagBag from /home/AtlasRise/airflow/airflow_env/lib/python3.12/site-packages/airflow/example_dags/example_params_trigger_ui.py
[2024-11-18T20:40:48.836+0500] {processor.py:925} INFO - DAG(s) 'example_params_trigger_ui' retrieved from /home/AtlasRise/airflow/airflow_env/lib/python3.12/site-packages/airflow/example_dags/example_params_trigger_ui.py
[2024-11-18T20:40:49.053+0500] {logging_mixin.py:190} INFO - [2024-11-18T20:40:49.052+0500] {override.py:1911} INFO - Created Permission View: can read on DAG:example_params_trigger_ui
[2024-11-18T20:40:49.071+0500] {logging_mixin.py:190} INFO - [2024-11-18T20:40:49.070+0500] {override.py:1911} INFO - Created Permission View: can edit on DAG:example_params_trigger_ui
[2024-11-18T20:40:49.085+0500] {logging_mixin.py:190} INFO - [2024-11-18T20:40:49.084+0500] {override.py:1911} INFO - Created Permission View: can delete on DAG:example_params_trigger_ui
[2024-11-18T20:40:49.103+0500] {logging_mixin.py:190} INFO - [2024-11-18T20:40:49.103+0500] {override.py:1911} INFO - Created Permission View: can read on DAG Run:example_params_trigger_ui
[2024-11-18T20:40:49.115+0500] {logging_mixin.py:190} INFO - [2024-11-18T20:40:49.114+0500] {override.py:1911} INFO - Created Permission View: can create on DAG Run:example_params_trigger_ui
[2024-11-18T20:40:49.128+0500] {logging_mixin.py:190} INFO - [2024-11-18T20:40:49.127+0500] {override.py:1911} INFO - Created Permission View: can delete on DAG Run:example_params_trigger_ui
[2024-11-18T20:40:49.140+0500] {logging_mixin.py:190} INFO - [2024-11-18T20:40:49.140+0500] {override.py:1911} INFO - Created Permission View: menu access on DAG Run:example_params_trigger_ui
[2024-11-18T20:40:49.141+0500] {logging_mixin.py:190} INFO - [2024-11-18T20:40:49.141+0500] {dag.py:3239} INFO - Sync 1 DAGs
[2024-11-18T20:40:49.163+0500] {logging_mixin.py:190} INFO - [2024-11-18T20:40:49.162+0500] {dag.py:3262} INFO - Creating ORM DAG for example_params_trigger_ui
[2024-11-18T20:40:49.164+0500] {logging_mixin.py:190} INFO - [2024-11-18T20:40:49.164+0500] {dag.py:4180} INFO - Setting next_dagrun for example_params_trigger_ui to None, run_after=None
[2024-11-18T20:40:49.194+0500] {processor.py:208} INFO - Processing /home/AtlasRise/airflow/airflow_env/lib/python3.12/site-packages/airflow/example_dags/example_params_trigger_ui.py took 0.385 seconds
[2024-11-18T20:41:59.797+0500] {processor.py:186} INFO - Started process (PID=19127) to work on /home/AtlasRise/airflow/airflow_env/lib/python3.12/site-packages/airflow/example_dags/example_params_trigger_ui.py
[2024-11-18T20:41:59.803+0500] {processor.py:914} INFO - Processing file /home/AtlasRise/airflow/airflow_env/lib/python3.12/site-packages/airflow/example_dags/example_params_trigger_ui.py for tasks to queue
[2024-11-18T20:41:59.810+0500] {logging_mixin.py:190} INFO - [2024-11-18T20:41:59.809+0500] {dagbag.py:588} INFO - Filling up the DagBag from /home/AtlasRise/airflow/airflow_env/lib/python3.12/site-packages/airflow/example_dags/example_params_trigger_ui.py
[2024-11-18T20:41:59.832+0500] {processor.py:925} INFO - DAG(s) 'example_params_trigger_ui' retrieved from /home/AtlasRise/airflow/airflow_env/lib/python3.12/site-packages/airflow/example_dags/example_params_trigger_ui.py
[2024-11-18T20:41:59.917+0500] {logging_mixin.py:190} INFO - [2024-11-18T20:41:59.916+0500] {dag.py:3239} INFO - Sync 1 DAGs
[2024-11-18T20:41:59.941+0500] {logging_mixin.py:190} INFO - [2024-11-18T20:41:59.941+0500] {dag.py:4180} INFO - Setting next_dagrun for example_params_trigger_ui to None, run_after=None
[2024-11-18T20:41:59.998+0500] {processor.py:208} INFO - Processing /home/AtlasRise/airflow/airflow_env/lib/python3.12/site-packages/airflow/example_dags/example_params_trigger_ui.py took 0.216 seconds
[2024-11-18T20:43:10.074+0500] {processor.py:186} INFO - Started process (PID=19197) to work on /home/AtlasRise/airflow/airflow_env/lib/python3.12/site-packages/airflow/example_dags/example_params_trigger_ui.py
[2024-11-18T20:43:10.075+0500] {processor.py:914} INFO - Processing file /home/AtlasRise/airflow/airflow_env/lib/python3.12/site-packages/airflow/example_dags/example_params_trigger_ui.py for tasks to queue
[2024-11-18T20:43:10.079+0500] {logging_mixin.py:190} INFO - [2024-11-18T20:43:10.078+0500] {dagbag.py:588} INFO - Filling up the DagBag from /home/AtlasRise/airflow/airflow_env/lib/python3.12/site-packages/airflow/example_dags/example_params_trigger_ui.py
[2024-11-18T20:43:10.096+0500] {processor.py:925} INFO - DAG(s) 'example_params_trigger_ui' retrieved from /home/AtlasRise/airflow/airflow_env/lib/python3.12/site-packages/airflow/example_dags/example_params_trigger_ui.py
[2024-11-18T20:43:10.163+0500] {logging_mixin.py:190} INFO - [2024-11-18T20:43:10.163+0500] {dag.py:3239} INFO - Sync 1 DAGs
[2024-11-18T20:43:10.183+0500] {logging_mixin.py:190} INFO - [2024-11-18T20:43:10.182+0500] {dag.py:4180} INFO - Setting next_dagrun for example_params_trigger_ui to None, run_after=None
[2024-11-18T20:43:10.240+0500] {processor.py:208} INFO - Processing /home/AtlasRise/airflow/airflow_env/lib/python3.12/site-packages/airflow/example_dags/example_params_trigger_ui.py took 0.174 seconds
[2024-11-18T20:44:16.114+0500] {processor.py:186} INFO - Started process (PID=19280) to work on /home/AtlasRise/airflow/airflow_env/lib/python3.12/site-packages/airflow/example_dags/example_params_trigger_ui.py
[2024-11-18T20:44:16.116+0500] {processor.py:914} INFO - Processing file /home/AtlasRise/airflow/airflow_env/lib/python3.12/site-packages/airflow/example_dags/example_params_trigger_ui.py for tasks to queue
[2024-11-18T20:44:16.119+0500] {logging_mixin.py:190} INFO - [2024-11-18T20:44:16.118+0500] {dagbag.py:588} INFO - Filling up the DagBag from /home/AtlasRise/airflow/airflow_env/lib/python3.12/site-packages/airflow/example_dags/example_params_trigger_ui.py
[2024-11-18T20:44:16.135+0500] {processor.py:925} INFO - DAG(s) 'example_params_trigger_ui' retrieved from /home/AtlasRise/airflow/airflow_env/lib/python3.12/site-packages/airflow/example_dags/example_params_trigger_ui.py
[2024-11-18T20:44:16.201+0500] {logging_mixin.py:190} INFO - [2024-11-18T20:44:16.201+0500] {dag.py:3239} INFO - Sync 1 DAGs
[2024-11-18T20:44:16.222+0500] {logging_mixin.py:190} INFO - [2024-11-18T20:44:16.222+0500] {dag.py:4180} INFO - Setting next_dagrun for example_params_trigger_ui to None, run_after=None
[2024-11-18T20:44:16.254+0500] {processor.py:208} INFO - Processing /home/AtlasRise/airflow/airflow_env/lib/python3.12/site-packages/airflow/example_dags/example_params_trigger_ui.py took 0.148 seconds
[2024-11-18T20:45:21.394+0500] {processor.py:186} INFO - Started process (PID=19461) to work on /home/AtlasRise/airflow/airflow_env/lib/python3.12/site-packages/airflow/example_dags/example_params_trigger_ui.py
[2024-11-18T20:45:21.396+0500] {processor.py:914} INFO - Processing file /home/AtlasRise/airflow/airflow_env/lib/python3.12/site-packages/airflow/example_dags/example_params_trigger_ui.py for tasks to queue
[2024-11-18T20:45:21.398+0500] {logging_mixin.py:190} INFO - [2024-11-18T20:45:21.398+0500] {dagbag.py:588} INFO - Filling up the DagBag from /home/AtlasRise/airflow/airflow_env/lib/python3.12/site-packages/airflow/example_dags/example_params_trigger_ui.py
[2024-11-18T20:45:21.414+0500] {processor.py:925} INFO - DAG(s) 'example_params_trigger_ui' retrieved from /home/AtlasRise/airflow/airflow_env/lib/python3.12/site-packages/airflow/example_dags/example_params_trigger_ui.py
[2024-11-18T20:45:21.479+0500] {logging_mixin.py:190} INFO - [2024-11-18T20:45:21.478+0500] {dag.py:3239} INFO - Sync 1 DAGs
[2024-11-18T20:45:21.498+0500] {logging_mixin.py:190} INFO - [2024-11-18T20:45:21.498+0500] {dag.py:4180} INFO - Setting next_dagrun for example_params_trigger_ui to None, run_after=None
[2024-11-18T20:45:21.710+0500] {processor.py:208} INFO - Processing /home/AtlasRise/airflow/airflow_env/lib/python3.12/site-packages/airflow/example_dags/example_params_trigger_ui.py took 0.325 seconds
[2024-11-18T20:46:41.794+0500] {processor.py:186} INFO - Started process (PID=19565) to work on /home/AtlasRise/airflow/airflow_env/lib/python3.12/site-packages/airflow/example_dags/example_params_trigger_ui.py
[2024-11-18T20:46:41.796+0500] {processor.py:914} INFO - Processing file /home/AtlasRise/airflow/airflow_env/lib/python3.12/site-packages/airflow/example_dags/example_params_trigger_ui.py for tasks to queue
[2024-11-18T20:46:41.799+0500] {logging_mixin.py:190} INFO - [2024-11-18T20:46:41.798+0500] {dagbag.py:588} INFO - Filling up the DagBag from /home/AtlasRise/airflow/airflow_env/lib/python3.12/site-packages/airflow/example_dags/example_params_trigger_ui.py
[2024-11-18T20:46:41.816+0500] {processor.py:925} INFO - DAG(s) 'example_params_trigger_ui' retrieved from /home/AtlasRise/airflow/airflow_env/lib/python3.12/site-packages/airflow/example_dags/example_params_trigger_ui.py
[2024-11-18T20:46:41.883+0500] {logging_mixin.py:190} INFO - [2024-11-18T20:46:41.883+0500] {dag.py:3239} INFO - Sync 1 DAGs
[2024-11-18T20:46:41.905+0500] {logging_mixin.py:190} INFO - [2024-11-18T20:46:41.905+0500] {dag.py:4180} INFO - Setting next_dagrun for example_params_trigger_ui to None, run_after=None
[2024-11-18T20:46:41.939+0500] {processor.py:208} INFO - Processing /home/AtlasRise/airflow/airflow_env/lib/python3.12/site-packages/airflow/example_dags/example_params_trigger_ui.py took 0.153 seconds
[2024-11-18T20:47:52.157+0500] {processor.py:186} INFO - Started process (PID=19727) to work on /home/AtlasRise/airflow/airflow_env/lib/python3.12/site-packages/airflow/example_dags/example_params_trigger_ui.py
[2024-11-18T20:47:52.159+0500] {processor.py:914} INFO - Processing file /home/AtlasRise/airflow/airflow_env/lib/python3.12/site-packages/airflow/example_dags/example_params_trigger_ui.py for tasks to queue
[2024-11-18T20:47:52.163+0500] {logging_mixin.py:190} INFO - [2024-11-18T20:47:52.162+0500] {dagbag.py:588} INFO - Filling up the DagBag from /home/AtlasRise/airflow/airflow_env/lib/python3.12/site-packages/airflow/example_dags/example_params_trigger_ui.py
[2024-11-18T20:47:52.182+0500] {processor.py:925} INFO - DAG(s) 'example_params_trigger_ui' retrieved from /home/AtlasRise/airflow/airflow_env/lib/python3.12/site-packages/airflow/example_dags/example_params_trigger_ui.py
[2024-11-18T20:47:52.252+0500] {logging_mixin.py:190} INFO - [2024-11-18T20:47:52.252+0500] {dag.py:3239} INFO - Sync 1 DAGs
[2024-11-18T20:47:52.276+0500] {logging_mixin.py:190} INFO - [2024-11-18T20:47:52.275+0500] {dag.py:4180} INFO - Setting next_dagrun for example_params_trigger_ui to None, run_after=None
[2024-11-18T20:47:52.311+0500] {processor.py:208} INFO - Processing /home/AtlasRise/airflow/airflow_env/lib/python3.12/site-packages/airflow/example_dags/example_params_trigger_ui.py took 0.163 seconds
[2024-11-18T20:48:56.132+0500] {processor.py:186} INFO - Started process (PID=19812) to work on /home/AtlasRise/airflow/airflow_env/lib/python3.12/site-packages/airflow/example_dags/example_params_trigger_ui.py
[2024-11-18T20:48:56.134+0500] {processor.py:914} INFO - Processing file /home/AtlasRise/airflow/airflow_env/lib/python3.12/site-packages/airflow/example_dags/example_params_trigger_ui.py for tasks to queue
[2024-11-18T20:48:56.137+0500] {logging_mixin.py:190} INFO - [2024-11-18T20:48:56.137+0500] {dagbag.py:588} INFO - Filling up the DagBag from /home/AtlasRise/airflow/airflow_env/lib/python3.12/site-packages/airflow/example_dags/example_params_trigger_ui.py
[2024-11-18T20:48:56.156+0500] {processor.py:925} INFO - DAG(s) 'example_params_trigger_ui' retrieved from /home/AtlasRise/airflow/airflow_env/lib/python3.12/site-packages/airflow/example_dags/example_params_trigger_ui.py
[2024-11-18T20:48:56.225+0500] {logging_mixin.py:190} INFO - [2024-11-18T20:48:56.225+0500] {dag.py:3239} INFO - Sync 1 DAGs
[2024-11-18T20:48:56.247+0500] {logging_mixin.py:190} INFO - [2024-11-18T20:48:56.247+0500] {dag.py:4180} INFO - Setting next_dagrun for example_params_trigger_ui to None, run_after=None
[2024-11-18T20:48:56.285+0500] {processor.py:208} INFO - Processing /home/AtlasRise/airflow/airflow_env/lib/python3.12/site-packages/airflow/example_dags/example_params_trigger_ui.py took 0.161 seconds
[2024-11-18T20:50:04.511+0500] {processor.py:186} INFO - Started process (PID=19886) to work on /home/AtlasRise/airflow/airflow_env/lib/python3.12/site-packages/airflow/example_dags/example_params_trigger_ui.py
[2024-11-18T20:50:04.512+0500] {processor.py:914} INFO - Processing file /home/AtlasRise/airflow/airflow_env/lib/python3.12/site-packages/airflow/example_dags/example_params_trigger_ui.py for tasks to queue
[2024-11-18T20:50:04.515+0500] {logging_mixin.py:190} INFO - [2024-11-18T20:50:04.515+0500] {dagbag.py:588} INFO - Filling up the DagBag from /home/AtlasRise/airflow/airflow_env/lib/python3.12/site-packages/airflow/example_dags/example_params_trigger_ui.py
[2024-11-18T20:50:04.532+0500] {processor.py:925} INFO - DAG(s) 'example_params_trigger_ui' retrieved from /home/AtlasRise/airflow/airflow_env/lib/python3.12/site-packages/airflow/example_dags/example_params_trigger_ui.py
[2024-11-18T20:50:04.598+0500] {logging_mixin.py:190} INFO - [2024-11-18T20:50:04.598+0500] {dag.py:3239} INFO - Sync 1 DAGs
[2024-11-18T20:50:04.619+0500] {logging_mixin.py:190} INFO - [2024-11-18T20:50:04.619+0500] {dag.py:4180} INFO - Setting next_dagrun for example_params_trigger_ui to None, run_after=None
[2024-11-18T20:50:04.653+0500] {processor.py:208} INFO - Processing /home/AtlasRise/airflow/airflow_env/lib/python3.12/site-packages/airflow/example_dags/example_params_trigger_ui.py took 0.151 seconds
[2024-11-18T20:51:16.631+0500] {processor.py:186} INFO - Started process (PID=19956) to work on /home/AtlasRise/airflow/airflow_env/lib/python3.12/site-packages/airflow/example_dags/example_params_trigger_ui.py
[2024-11-18T20:51:16.634+0500] {processor.py:914} INFO - Processing file /home/AtlasRise/airflow/airflow_env/lib/python3.12/site-packages/airflow/example_dags/example_params_trigger_ui.py for tasks to queue
[2024-11-18T20:51:16.637+0500] {logging_mixin.py:190} INFO - [2024-11-18T20:51:16.636+0500] {dagbag.py:588} INFO - Filling up the DagBag from /home/AtlasRise/airflow/airflow_env/lib/python3.12/site-packages/airflow/example_dags/example_params_trigger_ui.py
[2024-11-18T20:51:16.653+0500] {processor.py:925} INFO - DAG(s) 'example_params_trigger_ui' retrieved from /home/AtlasRise/airflow/airflow_env/lib/python3.12/site-packages/airflow/example_dags/example_params_trigger_ui.py
[2024-11-18T20:51:16.719+0500] {logging_mixin.py:190} INFO - [2024-11-18T20:51:16.718+0500] {dag.py:3239} INFO - Sync 1 DAGs
[2024-11-18T20:51:16.740+0500] {logging_mixin.py:190} INFO - [2024-11-18T20:51:16.739+0500] {dag.py:4180} INFO - Setting next_dagrun for example_params_trigger_ui to None, run_after=None
[2024-11-18T20:51:16.772+0500] {processor.py:208} INFO - Processing /home/AtlasRise/airflow/airflow_env/lib/python3.12/site-packages/airflow/example_dags/example_params_trigger_ui.py took 0.148 seconds
[2024-11-18T20:52:27.210+0500] {processor.py:186} INFO - Started process (PID=20044) to work on /home/AtlasRise/airflow/airflow_env/lib/python3.12/site-packages/airflow/example_dags/example_params_trigger_ui.py
[2024-11-18T20:52:27.211+0500] {processor.py:914} INFO - Processing file /home/AtlasRise/airflow/airflow_env/lib/python3.12/site-packages/airflow/example_dags/example_params_trigger_ui.py for tasks to queue
[2024-11-18T20:52:27.215+0500] {logging_mixin.py:190} INFO - [2024-11-18T20:52:27.214+0500] {dagbag.py:588} INFO - Filling up the DagBag from /home/AtlasRise/airflow/airflow_env/lib/python3.12/site-packages/airflow/example_dags/example_params_trigger_ui.py
[2024-11-18T20:52:27.233+0500] {processor.py:925} INFO - DAG(s) 'example_params_trigger_ui' retrieved from /home/AtlasRise/airflow/airflow_env/lib/python3.12/site-packages/airflow/example_dags/example_params_trigger_ui.py
[2024-11-18T20:52:27.482+0500] {logging_mixin.py:190} INFO - [2024-11-18T20:52:27.481+0500] {dag.py:3239} INFO - Sync 1 DAGs
[2024-11-18T20:52:27.526+0500] {logging_mixin.py:190} INFO - [2024-11-18T20:52:27.526+0500] {dag.py:4180} INFO - Setting next_dagrun for example_params_trigger_ui to None, run_after=None
[2024-11-18T20:52:27.577+0500] {processor.py:208} INFO - Processing /home/AtlasRise/airflow/airflow_env/lib/python3.12/site-packages/airflow/example_dags/example_params_trigger_ui.py took 0.380 seconds
[2024-11-18T20:53:34.499+0500] {processor.py:186} INFO - Started process (PID=20115) to work on /home/AtlasRise/airflow/airflow_env/lib/python3.12/site-packages/airflow/example_dags/example_params_trigger_ui.py
[2024-11-18T20:53:34.501+0500] {processor.py:914} INFO - Processing file /home/AtlasRise/airflow/airflow_env/lib/python3.12/site-packages/airflow/example_dags/example_params_trigger_ui.py for tasks to queue
[2024-11-18T20:53:34.506+0500] {logging_mixin.py:190} INFO - [2024-11-18T20:53:34.504+0500] {dagbag.py:588} INFO - Filling up the DagBag from /home/AtlasRise/airflow/airflow_env/lib/python3.12/site-packages/airflow/example_dags/example_params_trigger_ui.py
[2024-11-18T20:53:34.522+0500] {processor.py:925} INFO - DAG(s) 'example_params_trigger_ui' retrieved from /home/AtlasRise/airflow/airflow_env/lib/python3.12/site-packages/airflow/example_dags/example_params_trigger_ui.py
[2024-11-18T20:53:34.590+0500] {logging_mixin.py:190} INFO - [2024-11-18T20:53:34.589+0500] {dag.py:3239} INFO - Sync 1 DAGs
[2024-11-18T20:53:34.611+0500] {logging_mixin.py:190} INFO - [2024-11-18T20:53:34.611+0500] {dag.py:4180} INFO - Setting next_dagrun for example_params_trigger_ui to None, run_after=None
[2024-11-18T20:53:34.645+0500] {processor.py:208} INFO - Processing /home/AtlasRise/airflow/airflow_env/lib/python3.12/site-packages/airflow/example_dags/example_params_trigger_ui.py took 0.156 seconds
[2024-11-18T20:54:51.255+0500] {processor.py:186} INFO - Started process (PID=20211) to work on /home/AtlasRise/airflow/airflow_env/lib/python3.12/site-packages/airflow/example_dags/example_params_trigger_ui.py
[2024-11-18T20:54:51.257+0500] {processor.py:914} INFO - Processing file /home/AtlasRise/airflow/airflow_env/lib/python3.12/site-packages/airflow/example_dags/example_params_trigger_ui.py for tasks to queue
[2024-11-18T20:54:51.260+0500] {logging_mixin.py:190} INFO - [2024-11-18T20:54:51.260+0500] {dagbag.py:588} INFO - Filling up the DagBag from /home/AtlasRise/airflow/airflow_env/lib/python3.12/site-packages/airflow/example_dags/example_params_trigger_ui.py
[2024-11-18T20:54:51.278+0500] {processor.py:925} INFO - DAG(s) 'example_params_trigger_ui' retrieved from /home/AtlasRise/airflow/airflow_env/lib/python3.12/site-packages/airflow/example_dags/example_params_trigger_ui.py
[2024-11-18T20:54:51.343+0500] {logging_mixin.py:190} INFO - [2024-11-18T20:54:51.343+0500] {dag.py:3239} INFO - Sync 1 DAGs
[2024-11-18T20:54:51.363+0500] {logging_mixin.py:190} INFO - [2024-11-18T20:54:51.363+0500] {dag.py:4180} INFO - Setting next_dagrun for example_params_trigger_ui to None, run_after=None
[2024-11-18T20:54:51.397+0500] {processor.py:208} INFO - Processing /home/AtlasRise/airflow/airflow_env/lib/python3.12/site-packages/airflow/example_dags/example_params_trigger_ui.py took 0.150 seconds
[2024-11-18T20:56:15.933+0500] {processor.py:186} INFO - Started process (PID=20298) to work on /home/AtlasRise/airflow/airflow_env/lib/python3.12/site-packages/airflow/example_dags/example_params_trigger_ui.py
[2024-11-18T20:56:15.935+0500] {processor.py:914} INFO - Processing file /home/AtlasRise/airflow/airflow_env/lib/python3.12/site-packages/airflow/example_dags/example_params_trigger_ui.py for tasks to queue
[2024-11-18T20:56:15.938+0500] {logging_mixin.py:190} INFO - [2024-11-18T20:56:15.938+0500] {dagbag.py:588} INFO - Filling up the DagBag from /home/AtlasRise/airflow/airflow_env/lib/python3.12/site-packages/airflow/example_dags/example_params_trigger_ui.py
[2024-11-18T20:56:15.955+0500] {processor.py:925} INFO - DAG(s) 'example_params_trigger_ui' retrieved from /home/AtlasRise/airflow/airflow_env/lib/python3.12/site-packages/airflow/example_dags/example_params_trigger_ui.py
[2024-11-18T20:56:16.022+0500] {logging_mixin.py:190} INFO - [2024-11-18T20:56:16.021+0500] {dag.py:3239} INFO - Sync 1 DAGs
[2024-11-18T20:56:16.043+0500] {logging_mixin.py:190} INFO - [2024-11-18T20:56:16.042+0500] {dag.py:4180} INFO - Setting next_dagrun for example_params_trigger_ui to None, run_after=None
[2024-11-18T20:56:16.077+0500] {processor.py:208} INFO - Processing /home/AtlasRise/airflow/airflow_env/lib/python3.12/site-packages/airflow/example_dags/example_params_trigger_ui.py took 0.153 seconds
[2024-11-18T20:57:29.826+0500] {processor.py:186} INFO - Started process (PID=20384) to work on /home/AtlasRise/airflow/airflow_env/lib/python3.12/site-packages/airflow/example_dags/example_params_trigger_ui.py
[2024-11-18T20:57:29.827+0500] {processor.py:914} INFO - Processing file /home/AtlasRise/airflow/airflow_env/lib/python3.12/site-packages/airflow/example_dags/example_params_trigger_ui.py for tasks to queue
[2024-11-18T20:57:29.831+0500] {logging_mixin.py:190} INFO - [2024-11-18T20:57:29.830+0500] {dagbag.py:588} INFO - Filling up the DagBag from /home/AtlasRise/airflow/airflow_env/lib/python3.12/site-packages/airflow/example_dags/example_params_trigger_ui.py
[2024-11-18T20:57:29.856+0500] {processor.py:925} INFO - DAG(s) 'example_params_trigger_ui' retrieved from /home/AtlasRise/airflow/airflow_env/lib/python3.12/site-packages/airflow/example_dags/example_params_trigger_ui.py
[2024-11-18T20:57:29.927+0500] {logging_mixin.py:190} INFO - [2024-11-18T20:57:29.927+0500] {dag.py:3239} INFO - Sync 1 DAGs
[2024-11-18T20:57:29.949+0500] {logging_mixin.py:190} INFO - [2024-11-18T20:57:29.949+0500] {dag.py:4180} INFO - Setting next_dagrun for example_params_trigger_ui to None, run_after=None
[2024-11-18T20:57:29.981+0500] {processor.py:208} INFO - Processing /home/AtlasRise/airflow/airflow_env/lib/python3.12/site-packages/airflow/example_dags/example_params_trigger_ui.py took 0.167 seconds
[2024-11-18T20:58:40.279+0500] {processor.py:186} INFO - Started process (PID=20475) to work on /home/AtlasRise/airflow/airflow_env/lib/python3.12/site-packages/airflow/example_dags/example_params_trigger_ui.py
[2024-11-18T20:58:40.281+0500] {processor.py:914} INFO - Processing file /home/AtlasRise/airflow/airflow_env/lib/python3.12/site-packages/airflow/example_dags/example_params_trigger_ui.py for tasks to queue
[2024-11-18T20:58:40.284+0500] {logging_mixin.py:190} INFO - [2024-11-18T20:58:40.284+0500] {dagbag.py:588} INFO - Filling up the DagBag from /home/AtlasRise/airflow/airflow_env/lib/python3.12/site-packages/airflow/example_dags/example_params_trigger_ui.py
[2024-11-18T20:58:40.301+0500] {processor.py:925} INFO - DAG(s) 'example_params_trigger_ui' retrieved from /home/AtlasRise/airflow/airflow_env/lib/python3.12/site-packages/airflow/example_dags/example_params_trigger_ui.py
[2024-11-18T20:58:40.366+0500] {logging_mixin.py:190} INFO - [2024-11-18T20:58:40.365+0500] {dag.py:3239} INFO - Sync 1 DAGs
[2024-11-18T20:58:40.386+0500] {logging_mixin.py:190} INFO - [2024-11-18T20:58:40.386+0500] {dag.py:4180} INFO - Setting next_dagrun for example_params_trigger_ui to None, run_after=None
[2024-11-18T20:58:40.419+0500] {processor.py:208} INFO - Processing /home/AtlasRise/airflow/airflow_env/lib/python3.12/site-packages/airflow/example_dags/example_params_trigger_ui.py took 0.148 seconds
[2024-11-18T20:59:51.824+0500] {processor.py:186} INFO - Started process (PID=20553) to work on /home/AtlasRise/airflow/airflow_env/lib/python3.12/site-packages/airflow/example_dags/example_params_trigger_ui.py
[2024-11-18T20:59:51.825+0500] {processor.py:914} INFO - Processing file /home/AtlasRise/airflow/airflow_env/lib/python3.12/site-packages/airflow/example_dags/example_params_trigger_ui.py for tasks to queue
[2024-11-18T20:59:51.828+0500] {logging_mixin.py:190} INFO - [2024-11-18T20:59:51.828+0500] {dagbag.py:588} INFO - Filling up the DagBag from /home/AtlasRise/airflow/airflow_env/lib/python3.12/site-packages/airflow/example_dags/example_params_trigger_ui.py
[2024-11-18T20:59:51.846+0500] {processor.py:925} INFO - DAG(s) 'example_params_trigger_ui' retrieved from /home/AtlasRise/airflow/airflow_env/lib/python3.12/site-packages/airflow/example_dags/example_params_trigger_ui.py
[2024-11-18T20:59:51.915+0500] {logging_mixin.py:190} INFO - [2024-11-18T20:59:51.915+0500] {dag.py:3239} INFO - Sync 1 DAGs
[2024-11-18T20:59:51.951+0500] {logging_mixin.py:190} INFO - [2024-11-18T20:59:51.951+0500] {dag.py:4180} INFO - Setting next_dagrun for example_params_trigger_ui to None, run_after=None
[2024-11-18T20:59:51.985+0500] {processor.py:208} INFO - Processing /home/AtlasRise/airflow/airflow_env/lib/python3.12/site-packages/airflow/example_dags/example_params_trigger_ui.py took 0.170 seconds
[2024-11-18T21:01:01.635+0500] {processor.py:186} INFO - Started process (PID=20634) to work on /home/AtlasRise/airflow/airflow_env/lib/python3.12/site-packages/airflow/example_dags/example_params_trigger_ui.py
[2024-11-18T21:01:01.636+0500] {processor.py:914} INFO - Processing file /home/AtlasRise/airflow/airflow_env/lib/python3.12/site-packages/airflow/example_dags/example_params_trigger_ui.py for tasks to queue
[2024-11-18T21:01:01.639+0500] {logging_mixin.py:190} INFO - [2024-11-18T21:01:01.639+0500] {dagbag.py:588} INFO - Filling up the DagBag from /home/AtlasRise/airflow/airflow_env/lib/python3.12/site-packages/airflow/example_dags/example_params_trigger_ui.py
[2024-11-18T21:01:01.656+0500] {processor.py:925} INFO - DAG(s) 'example_params_trigger_ui' retrieved from /home/AtlasRise/airflow/airflow_env/lib/python3.12/site-packages/airflow/example_dags/example_params_trigger_ui.py
[2024-11-18T21:01:01.721+0500] {logging_mixin.py:190} INFO - [2024-11-18T21:01:01.721+0500] {dag.py:3239} INFO - Sync 1 DAGs
[2024-11-18T21:01:01.742+0500] {logging_mixin.py:190} INFO - [2024-11-18T21:01:01.742+0500] {dag.py:4180} INFO - Setting next_dagrun for example_params_trigger_ui to None, run_after=None
[2024-11-18T21:01:01.776+0500] {processor.py:208} INFO - Processing /home/AtlasRise/airflow/airflow_env/lib/python3.12/site-packages/airflow/example_dags/example_params_trigger_ui.py took 0.150 seconds
[2024-11-18T21:02:08.144+0500] {processor.py:186} INFO - Started process (PID=20707) to work on /home/AtlasRise/airflow/airflow_env/lib/python3.12/site-packages/airflow/example_dags/example_params_trigger_ui.py
[2024-11-18T21:02:08.145+0500] {processor.py:914} INFO - Processing file /home/AtlasRise/airflow/airflow_env/lib/python3.12/site-packages/airflow/example_dags/example_params_trigger_ui.py for tasks to queue
[2024-11-18T21:02:08.148+0500] {logging_mixin.py:190} INFO - [2024-11-18T21:02:08.147+0500] {dagbag.py:588} INFO - Filling up the DagBag from /home/AtlasRise/airflow/airflow_env/lib/python3.12/site-packages/airflow/example_dags/example_params_trigger_ui.py
[2024-11-18T21:02:08.165+0500] {processor.py:925} INFO - DAG(s) 'example_params_trigger_ui' retrieved from /home/AtlasRise/airflow/airflow_env/lib/python3.12/site-packages/airflow/example_dags/example_params_trigger_ui.py
[2024-11-18T21:02:08.229+0500] {logging_mixin.py:190} INFO - [2024-11-18T21:02:08.229+0500] {dag.py:3239} INFO - Sync 1 DAGs
[2024-11-18T21:02:08.250+0500] {logging_mixin.py:190} INFO - [2024-11-18T21:02:08.250+0500] {dag.py:4180} INFO - Setting next_dagrun for example_params_trigger_ui to None, run_after=None
[2024-11-18T21:02:08.283+0500] {processor.py:208} INFO - Processing /home/AtlasRise/airflow/airflow_env/lib/python3.12/site-packages/airflow/example_dags/example_params_trigger_ui.py took 0.148 seconds
[2024-11-18T21:03:21.753+0500] {processor.py:186} INFO - Started process (PID=20782) to work on /home/AtlasRise/airflow/airflow_env/lib/python3.12/site-packages/airflow/example_dags/example_params_trigger_ui.py
[2024-11-18T21:03:21.755+0500] {processor.py:914} INFO - Processing file /home/AtlasRise/airflow/airflow_env/lib/python3.12/site-packages/airflow/example_dags/example_params_trigger_ui.py for tasks to queue
[2024-11-18T21:03:21.758+0500] {logging_mixin.py:190} INFO - [2024-11-18T21:03:21.758+0500] {dagbag.py:588} INFO - Filling up the DagBag from /home/AtlasRise/airflow/airflow_env/lib/python3.12/site-packages/airflow/example_dags/example_params_trigger_ui.py
[2024-11-18T21:03:21.775+0500] {processor.py:925} INFO - DAG(s) 'example_params_trigger_ui' retrieved from /home/AtlasRise/airflow/airflow_env/lib/python3.12/site-packages/airflow/example_dags/example_params_trigger_ui.py
[2024-11-18T21:03:21.839+0500] {logging_mixin.py:190} INFO - [2024-11-18T21:03:21.839+0500] {dag.py:3239} INFO - Sync 1 DAGs
[2024-11-18T21:03:21.861+0500] {logging_mixin.py:190} INFO - [2024-11-18T21:03:21.860+0500] {dag.py:4180} INFO - Setting next_dagrun for example_params_trigger_ui to None, run_after=None
[2024-11-18T21:03:21.894+0500] {processor.py:208} INFO - Processing /home/AtlasRise/airflow/airflow_env/lib/python3.12/site-packages/airflow/example_dags/example_params_trigger_ui.py took 0.149 seconds
[2024-11-18T21:04:26.886+0500] {processor.py:186} INFO - Started process (PID=20883) to work on /home/AtlasRise/airflow/airflow_env/lib/python3.12/site-packages/airflow/example_dags/example_params_trigger_ui.py
[2024-11-18T21:04:26.888+0500] {processor.py:914} INFO - Processing file /home/AtlasRise/airflow/airflow_env/lib/python3.12/site-packages/airflow/example_dags/example_params_trigger_ui.py for tasks to queue
[2024-11-18T21:04:26.891+0500] {logging_mixin.py:190} INFO - [2024-11-18T21:04:26.891+0500] {dagbag.py:588} INFO - Filling up the DagBag from /home/AtlasRise/airflow/airflow_env/lib/python3.12/site-packages/airflow/example_dags/example_params_trigger_ui.py
[2024-11-18T21:04:26.909+0500] {processor.py:925} INFO - DAG(s) 'example_params_trigger_ui' retrieved from /home/AtlasRise/airflow/airflow_env/lib/python3.12/site-packages/airflow/example_dags/example_params_trigger_ui.py
[2024-11-18T21:04:26.980+0500] {logging_mixin.py:190} INFO - [2024-11-18T21:04:26.979+0500] {dag.py:3239} INFO - Sync 1 DAGs
[2024-11-18T21:04:27.002+0500] {logging_mixin.py:190} INFO - [2024-11-18T21:04:27.001+0500] {dag.py:4180} INFO - Setting next_dagrun for example_params_trigger_ui to None, run_after=None
[2024-11-18T21:04:27.036+0500] {processor.py:208} INFO - Processing /home/AtlasRise/airflow/airflow_env/lib/python3.12/site-packages/airflow/example_dags/example_params_trigger_ui.py took 0.159 seconds
[2024-11-18T21:05:34.547+0500] {processor.py:186} INFO - Started process (PID=20966) to work on /home/AtlasRise/airflow/airflow_env/lib/python3.12/site-packages/airflow/example_dags/example_params_trigger_ui.py
[2024-11-18T21:05:34.549+0500] {processor.py:914} INFO - Processing file /home/AtlasRise/airflow/airflow_env/lib/python3.12/site-packages/airflow/example_dags/example_params_trigger_ui.py for tasks to queue
[2024-11-18T21:05:34.552+0500] {logging_mixin.py:190} INFO - [2024-11-18T21:05:34.552+0500] {dagbag.py:588} INFO - Filling up the DagBag from /home/AtlasRise/airflow/airflow_env/lib/python3.12/site-packages/airflow/example_dags/example_params_trigger_ui.py
[2024-11-18T21:05:34.569+0500] {processor.py:925} INFO - DAG(s) 'example_params_trigger_ui' retrieved from /home/AtlasRise/airflow/airflow_env/lib/python3.12/site-packages/airflow/example_dags/example_params_trigger_ui.py
[2024-11-18T21:05:34.635+0500] {logging_mixin.py:190} INFO - [2024-11-18T21:05:34.634+0500] {dag.py:3239} INFO - Sync 1 DAGs
[2024-11-18T21:05:34.655+0500] {logging_mixin.py:190} INFO - [2024-11-18T21:05:34.655+0500] {dag.py:4180} INFO - Setting next_dagrun for example_params_trigger_ui to None, run_after=None
[2024-11-18T21:05:34.687+0500] {processor.py:208} INFO - Processing /home/AtlasRise/airflow/airflow_env/lib/python3.12/site-packages/airflow/example_dags/example_params_trigger_ui.py took 0.148 seconds
[2024-11-18T21:06:47.185+0500] {processor.py:186} INFO - Started process (PID=21055) to work on /home/AtlasRise/airflow/airflow_env/lib/python3.12/site-packages/airflow/example_dags/example_params_trigger_ui.py
[2024-11-18T21:06:47.187+0500] {processor.py:914} INFO - Processing file /home/AtlasRise/airflow/airflow_env/lib/python3.12/site-packages/airflow/example_dags/example_params_trigger_ui.py for tasks to queue
[2024-11-18T21:06:47.190+0500] {logging_mixin.py:190} INFO - [2024-11-18T21:06:47.189+0500] {dagbag.py:588} INFO - Filling up the DagBag from /home/AtlasRise/airflow/airflow_env/lib/python3.12/site-packages/airflow/example_dags/example_params_trigger_ui.py
[2024-11-18T21:06:47.207+0500] {processor.py:925} INFO - DAG(s) 'example_params_trigger_ui' retrieved from /home/AtlasRise/airflow/airflow_env/lib/python3.12/site-packages/airflow/example_dags/example_params_trigger_ui.py
[2024-11-18T21:06:47.273+0500] {logging_mixin.py:190} INFO - [2024-11-18T21:06:47.273+0500] {dag.py:3239} INFO - Sync 1 DAGs
[2024-11-18T21:06:47.295+0500] {logging_mixin.py:190} INFO - [2024-11-18T21:06:47.294+0500] {dag.py:4180} INFO - Setting next_dagrun for example_params_trigger_ui to None, run_after=None
[2024-11-18T21:06:47.328+0500] {processor.py:208} INFO - Processing /home/AtlasRise/airflow/airflow_env/lib/python3.12/site-packages/airflow/example_dags/example_params_trigger_ui.py took 0.152 seconds
[2024-11-18T21:08:02.612+0500] {processor.py:186} INFO - Started process (PID=21138) to work on /home/AtlasRise/airflow/airflow_env/lib/python3.12/site-packages/airflow/example_dags/example_params_trigger_ui.py
[2024-11-18T21:08:02.614+0500] {processor.py:914} INFO - Processing file /home/AtlasRise/airflow/airflow_env/lib/python3.12/site-packages/airflow/example_dags/example_params_trigger_ui.py for tasks to queue
[2024-11-18T21:08:02.618+0500] {logging_mixin.py:190} INFO - [2024-11-18T21:08:02.617+0500] {dagbag.py:588} INFO - Filling up the DagBag from /home/AtlasRise/airflow/airflow_env/lib/python3.12/site-packages/airflow/example_dags/example_params_trigger_ui.py
[2024-11-18T21:08:02.637+0500] {processor.py:925} INFO - DAG(s) 'example_params_trigger_ui' retrieved from /home/AtlasRise/airflow/airflow_env/lib/python3.12/site-packages/airflow/example_dags/example_params_trigger_ui.py
[2024-11-18T21:08:02.707+0500] {logging_mixin.py:190} INFO - [2024-11-18T21:08:02.707+0500] {dag.py:3239} INFO - Sync 1 DAGs
[2024-11-18T21:08:02.730+0500] {logging_mixin.py:190} INFO - [2024-11-18T21:08:02.729+0500] {dag.py:4180} INFO - Setting next_dagrun for example_params_trigger_ui to None, run_after=None
[2024-11-18T21:08:02.764+0500] {processor.py:208} INFO - Processing /home/AtlasRise/airflow/airflow_env/lib/python3.12/site-packages/airflow/example_dags/example_params_trigger_ui.py took 0.161 seconds
[2024-11-18T21:09:09.316+0500] {processor.py:186} INFO - Started process (PID=21221) to work on /home/AtlasRise/airflow/airflow_env/lib/python3.12/site-packages/airflow/example_dags/example_params_trigger_ui.py
[2024-11-18T21:09:09.327+0500] {processor.py:914} INFO - Processing file /home/AtlasRise/airflow/airflow_env/lib/python3.12/site-packages/airflow/example_dags/example_params_trigger_ui.py for tasks to queue
[2024-11-18T21:09:09.337+0500] {logging_mixin.py:190} INFO - [2024-11-18T21:09:09.330+0500] {dagbag.py:588} INFO - Filling up the DagBag from /home/AtlasRise/airflow/airflow_env/lib/python3.12/site-packages/airflow/example_dags/example_params_trigger_ui.py
[2024-11-18T21:09:09.396+0500] {processor.py:925} INFO - DAG(s) 'example_params_trigger_ui' retrieved from /home/AtlasRise/airflow/airflow_env/lib/python3.12/site-packages/airflow/example_dags/example_params_trigger_ui.py
[2024-11-18T21:09:09.526+0500] {logging_mixin.py:190} INFO - [2024-11-18T21:09:09.526+0500] {dag.py:3239} INFO - Sync 1 DAGs
[2024-11-18T21:09:09.547+0500] {logging_mixin.py:190} INFO - [2024-11-18T21:09:09.547+0500] {dag.py:4180} INFO - Setting next_dagrun for example_params_trigger_ui to None, run_after=None
[2024-11-18T21:09:09.584+0500] {processor.py:208} INFO - Processing /home/AtlasRise/airflow/airflow_env/lib/python3.12/site-packages/airflow/example_dags/example_params_trigger_ui.py took 0.297 seconds
[2024-11-18T21:10:19.814+0500] {processor.py:186} INFO - Started process (PID=21317) to work on /home/AtlasRise/airflow/airflow_env/lib/python3.12/site-packages/airflow/example_dags/example_params_trigger_ui.py
[2024-11-18T21:10:19.817+0500] {processor.py:914} INFO - Processing file /home/AtlasRise/airflow/airflow_env/lib/python3.12/site-packages/airflow/example_dags/example_params_trigger_ui.py for tasks to queue
[2024-11-18T21:10:19.820+0500] {logging_mixin.py:190} INFO - [2024-11-18T21:10:19.819+0500] {dagbag.py:588} INFO - Filling up the DagBag from /home/AtlasRise/airflow/airflow_env/lib/python3.12/site-packages/airflow/example_dags/example_params_trigger_ui.py
[2024-11-18T21:10:19.841+0500] {processor.py:925} INFO - DAG(s) 'example_params_trigger_ui' retrieved from /home/AtlasRise/airflow/airflow_env/lib/python3.12/site-packages/airflow/example_dags/example_params_trigger_ui.py
[2024-11-18T21:10:19.914+0500] {logging_mixin.py:190} INFO - [2024-11-18T21:10:19.913+0500] {dag.py:3239} INFO - Sync 1 DAGs
[2024-11-18T21:10:19.936+0500] {logging_mixin.py:190} INFO - [2024-11-18T21:10:19.936+0500] {dag.py:4180} INFO - Setting next_dagrun for example_params_trigger_ui to None, run_after=None
[2024-11-18T21:10:19.973+0500] {processor.py:208} INFO - Processing /home/AtlasRise/airflow/airflow_env/lib/python3.12/site-packages/airflow/example_dags/example_params_trigger_ui.py took 0.167 seconds
[2024-11-18T21:11:33.809+0500] {processor.py:186} INFO - Started process (PID=21442) to work on /home/AtlasRise/airflow/airflow_env/lib/python3.12/site-packages/airflow/example_dags/example_params_trigger_ui.py
[2024-11-18T21:11:33.812+0500] {processor.py:914} INFO - Processing file /home/AtlasRise/airflow/airflow_env/lib/python3.12/site-packages/airflow/example_dags/example_params_trigger_ui.py for tasks to queue
[2024-11-18T21:11:33.815+0500] {logging_mixin.py:190} INFO - [2024-11-18T21:11:33.815+0500] {dagbag.py:588} INFO - Filling up the DagBag from /home/AtlasRise/airflow/airflow_env/lib/python3.12/site-packages/airflow/example_dags/example_params_trigger_ui.py
[2024-11-18T21:11:33.832+0500] {processor.py:925} INFO - DAG(s) 'example_params_trigger_ui' retrieved from /home/AtlasRise/airflow/airflow_env/lib/python3.12/site-packages/airflow/example_dags/example_params_trigger_ui.py
[2024-11-18T21:11:33.897+0500] {logging_mixin.py:190} INFO - [2024-11-18T21:11:33.897+0500] {dag.py:3239} INFO - Sync 1 DAGs
[2024-11-18T21:11:33.918+0500] {logging_mixin.py:190} INFO - [2024-11-18T21:11:33.917+0500] {dag.py:4180} INFO - Setting next_dagrun for example_params_trigger_ui to None, run_after=None
[2024-11-18T21:11:33.954+0500] {processor.py:208} INFO - Processing /home/AtlasRise/airflow/airflow_env/lib/python3.12/site-packages/airflow/example_dags/example_params_trigger_ui.py took 0.153 seconds
[2024-11-18T21:13:29.175+0500] {processor.py:186} INFO - Started process (PID=21593) to work on /home/AtlasRise/airflow/airflow_env/lib/python3.12/site-packages/airflow/example_dags/example_params_trigger_ui.py
[2024-11-18T21:13:29.178+0500] {processor.py:914} INFO - Processing file /home/AtlasRise/airflow/airflow_env/lib/python3.12/site-packages/airflow/example_dags/example_params_trigger_ui.py for tasks to queue
[2024-11-18T21:13:29.182+0500] {logging_mixin.py:190} INFO - [2024-11-18T21:13:29.181+0500] {dagbag.py:588} INFO - Filling up the DagBag from /home/AtlasRise/airflow/airflow_env/lib/python3.12/site-packages/airflow/example_dags/example_params_trigger_ui.py
[2024-11-18T21:13:29.199+0500] {processor.py:925} INFO - DAG(s) 'example_params_trigger_ui' retrieved from /home/AtlasRise/airflow/airflow_env/lib/python3.12/site-packages/airflow/example_dags/example_params_trigger_ui.py
[2024-11-18T21:13:29.266+0500] {logging_mixin.py:190} INFO - [2024-11-18T21:13:29.266+0500] {dag.py:3239} INFO - Sync 1 DAGs
[2024-11-18T21:13:29.287+0500] {logging_mixin.py:190} INFO - [2024-11-18T21:13:29.286+0500] {dag.py:4180} INFO - Setting next_dagrun for example_params_trigger_ui to None, run_after=None
[2024-11-18T21:13:29.320+0500] {processor.py:208} INFO - Processing /home/AtlasRise/airflow/airflow_env/lib/python3.12/site-packages/airflow/example_dags/example_params_trigger_ui.py took 0.154 seconds
[2024-11-18T21:14:56.931+0500] {processor.py:186} INFO - Started process (PID=21706) to work on /home/AtlasRise/airflow/airflow_env/lib/python3.12/site-packages/airflow/example_dags/example_params_trigger_ui.py
[2024-11-18T21:14:56.934+0500] {processor.py:914} INFO - Processing file /home/AtlasRise/airflow/airflow_env/lib/python3.12/site-packages/airflow/example_dags/example_params_trigger_ui.py for tasks to queue
[2024-11-18T21:14:56.938+0500] {logging_mixin.py:190} INFO - [2024-11-18T21:14:56.937+0500] {dagbag.py:588} INFO - Filling up the DagBag from /home/AtlasRise/airflow/airflow_env/lib/python3.12/site-packages/airflow/example_dags/example_params_trigger_ui.py
[2024-11-18T21:14:56.956+0500] {processor.py:925} INFO - DAG(s) 'example_params_trigger_ui' retrieved from /home/AtlasRise/airflow/airflow_env/lib/python3.12/site-packages/airflow/example_dags/example_params_trigger_ui.py
[2024-11-18T21:14:57.028+0500] {logging_mixin.py:190} INFO - [2024-11-18T21:14:57.027+0500] {dag.py:3239} INFO - Sync 1 DAGs
[2024-11-18T21:14:57.051+0500] {logging_mixin.py:190} INFO - [2024-11-18T21:14:57.050+0500] {dag.py:4180} INFO - Setting next_dagrun for example_params_trigger_ui to None, run_after=None
[2024-11-18T21:14:57.088+0500] {processor.py:208} INFO - Processing /home/AtlasRise/airflow/airflow_env/lib/python3.12/site-packages/airflow/example_dags/example_params_trigger_ui.py took 0.166 seconds
[2024-11-18T21:16:30.563+0500] {processor.py:186} INFO - Started process (PID=21829) to work on /home/AtlasRise/airflow/airflow_env/lib/python3.12/site-packages/airflow/example_dags/example_params_trigger_ui.py
[2024-11-18T21:16:30.565+0500] {processor.py:914} INFO - Processing file /home/AtlasRise/airflow/airflow_env/lib/python3.12/site-packages/airflow/example_dags/example_params_trigger_ui.py for tasks to queue
[2024-11-18T21:16:30.569+0500] {logging_mixin.py:190} INFO - [2024-11-18T21:16:30.568+0500] {dagbag.py:588} INFO - Filling up the DagBag from /home/AtlasRise/airflow/airflow_env/lib/python3.12/site-packages/airflow/example_dags/example_params_trigger_ui.py
[2024-11-18T21:16:30.586+0500] {processor.py:925} INFO - DAG(s) 'example_params_trigger_ui' retrieved from /home/AtlasRise/airflow/airflow_env/lib/python3.12/site-packages/airflow/example_dags/example_params_trigger_ui.py
[2024-11-18T21:16:30.654+0500] {logging_mixin.py:190} INFO - [2024-11-18T21:16:30.654+0500] {dag.py:3239} INFO - Sync 1 DAGs
[2024-11-18T21:16:30.676+0500] {logging_mixin.py:190} INFO - [2024-11-18T21:16:30.676+0500] {dag.py:4180} INFO - Setting next_dagrun for example_params_trigger_ui to None, run_after=None
[2024-11-18T21:16:30.718+0500] {processor.py:208} INFO - Processing /home/AtlasRise/airflow/airflow_env/lib/python3.12/site-packages/airflow/example_dags/example_params_trigger_ui.py took 0.164 seconds
[2024-11-18T21:18:16.267+0500] {processor.py:186} INFO - Started process (PID=21986) to work on /home/AtlasRise/airflow/airflow_env/lib/python3.12/site-packages/airflow/example_dags/example_params_trigger_ui.py
[2024-11-18T21:18:16.270+0500] {processor.py:914} INFO - Processing file /home/AtlasRise/airflow/airflow_env/lib/python3.12/site-packages/airflow/example_dags/example_params_trigger_ui.py for tasks to queue
[2024-11-18T21:18:16.273+0500] {logging_mixin.py:190} INFO - [2024-11-18T21:18:16.272+0500] {dagbag.py:588} INFO - Filling up the DagBag from /home/AtlasRise/airflow/airflow_env/lib/python3.12/site-packages/airflow/example_dags/example_params_trigger_ui.py
[2024-11-18T21:18:16.289+0500] {processor.py:925} INFO - DAG(s) 'example_params_trigger_ui' retrieved from /home/AtlasRise/airflow/airflow_env/lib/python3.12/site-packages/airflow/example_dags/example_params_trigger_ui.py
[2024-11-18T21:18:16.355+0500] {logging_mixin.py:190} INFO - [2024-11-18T21:18:16.354+0500] {dag.py:3239} INFO - Sync 1 DAGs
[2024-11-18T21:18:16.375+0500] {logging_mixin.py:190} INFO - [2024-11-18T21:18:16.375+0500] {dag.py:4180} INFO - Setting next_dagrun for example_params_trigger_ui to None, run_after=None
[2024-11-18T21:18:16.410+0500] {processor.py:208} INFO - Processing /home/AtlasRise/airflow/airflow_env/lib/python3.12/site-packages/airflow/example_dags/example_params_trigger_ui.py took 0.151 seconds
[2024-11-18T21:20:06.322+0500] {processor.py:186} INFO - Started process (PID=22137) to work on /home/AtlasRise/airflow/airflow_env/lib/python3.12/site-packages/airflow/example_dags/example_params_trigger_ui.py
[2024-11-18T21:20:06.324+0500] {processor.py:914} INFO - Processing file /home/AtlasRise/airflow/airflow_env/lib/python3.12/site-packages/airflow/example_dags/example_params_trigger_ui.py for tasks to queue
[2024-11-18T21:20:06.327+0500] {logging_mixin.py:190} INFO - [2024-11-18T21:20:06.326+0500] {dagbag.py:588} INFO - Filling up the DagBag from /home/AtlasRise/airflow/airflow_env/lib/python3.12/site-packages/airflow/example_dags/example_params_trigger_ui.py
[2024-11-18T21:20:06.344+0500] {processor.py:925} INFO - DAG(s) 'example_params_trigger_ui' retrieved from /home/AtlasRise/airflow/airflow_env/lib/python3.12/site-packages/airflow/example_dags/example_params_trigger_ui.py
[2024-11-18T21:20:06.410+0500] {logging_mixin.py:190} INFO - [2024-11-18T21:20:06.409+0500] {dag.py:3239} INFO - Sync 1 DAGs
[2024-11-18T21:20:06.431+0500] {logging_mixin.py:190} INFO - [2024-11-18T21:20:06.430+0500] {dag.py:4180} INFO - Setting next_dagrun for example_params_trigger_ui to None, run_after=None
[2024-11-18T21:20:06.465+0500] {processor.py:208} INFO - Processing /home/AtlasRise/airflow/airflow_env/lib/python3.12/site-packages/airflow/example_dags/example_params_trigger_ui.py took 0.151 seconds
[2024-11-18T21:21:16.999+0500] {processor.py:186} INFO - Started process (PID=22227) to work on /home/AtlasRise/airflow/airflow_env/lib/python3.12/site-packages/airflow/example_dags/example_params_trigger_ui.py
[2024-11-18T21:21:17.000+0500] {processor.py:914} INFO - Processing file /home/AtlasRise/airflow/airflow_env/lib/python3.12/site-packages/airflow/example_dags/example_params_trigger_ui.py for tasks to queue
[2024-11-18T21:21:17.003+0500] {logging_mixin.py:190} INFO - [2024-11-18T21:21:17.003+0500] {dagbag.py:588} INFO - Filling up the DagBag from /home/AtlasRise/airflow/airflow_env/lib/python3.12/site-packages/airflow/example_dags/example_params_trigger_ui.py
[2024-11-18T21:21:17.020+0500] {processor.py:925} INFO - DAG(s) 'example_params_trigger_ui' retrieved from /home/AtlasRise/airflow/airflow_env/lib/python3.12/site-packages/airflow/example_dags/example_params_trigger_ui.py
[2024-11-18T21:21:17.086+0500] {logging_mixin.py:190} INFO - [2024-11-18T21:21:17.086+0500] {dag.py:3239} INFO - Sync 1 DAGs
[2024-11-18T21:21:17.107+0500] {logging_mixin.py:190} INFO - [2024-11-18T21:21:17.106+0500] {dag.py:4180} INFO - Setting next_dagrun for example_params_trigger_ui to None, run_after=None
[2024-11-18T21:21:17.139+0500] {processor.py:208} INFO - Processing /home/AtlasRise/airflow/airflow_env/lib/python3.12/site-packages/airflow/example_dags/example_params_trigger_ui.py took 0.149 seconds
[2024-11-18T21:22:29.585+0500] {processor.py:186} INFO - Started process (PID=22308) to work on /home/AtlasRise/airflow/airflow_env/lib/python3.12/site-packages/airflow/example_dags/example_params_trigger_ui.py
[2024-11-18T21:22:29.586+0500] {processor.py:914} INFO - Processing file /home/AtlasRise/airflow/airflow_env/lib/python3.12/site-packages/airflow/example_dags/example_params_trigger_ui.py for tasks to queue
[2024-11-18T21:22:29.589+0500] {logging_mixin.py:190} INFO - [2024-11-18T21:22:29.589+0500] {dagbag.py:588} INFO - Filling up the DagBag from /home/AtlasRise/airflow/airflow_env/lib/python3.12/site-packages/airflow/example_dags/example_params_trigger_ui.py
[2024-11-18T21:22:29.606+0500] {processor.py:925} INFO - DAG(s) 'example_params_trigger_ui' retrieved from /home/AtlasRise/airflow/airflow_env/lib/python3.12/site-packages/airflow/example_dags/example_params_trigger_ui.py
[2024-11-18T21:22:29.671+0500] {logging_mixin.py:190} INFO - [2024-11-18T21:22:29.671+0500] {dag.py:3239} INFO - Sync 1 DAGs
[2024-11-18T21:22:29.692+0500] {logging_mixin.py:190} INFO - [2024-11-18T21:22:29.692+0500] {dag.py:4180} INFO - Setting next_dagrun for example_params_trigger_ui to None, run_after=None
[2024-11-18T21:22:29.726+0500] {processor.py:208} INFO - Processing /home/AtlasRise/airflow/airflow_env/lib/python3.12/site-packages/airflow/example_dags/example_params_trigger_ui.py took 0.149 seconds
