[2024-11-18T20:41:03.788+0500] {processor.py:186} INFO - Started process (PID=18950) to work on /home/AtlasRise/airflow/airflow_env/lib/python3.12/site-packages/airflow/example_dags/example_nested_branch_dag.py
[2024-11-18T20:41:03.789+0500] {processor.py:914} INFO - Processing file /home/AtlasRise/airflow/airflow_env/lib/python3.12/site-packages/airflow/example_dags/example_nested_branch_dag.py for tasks to queue
[2024-11-18T20:41:03.792+0500] {logging_mixin.py:190} INFO - [2024-11-18T20:41:03.792+0500] {dagbag.py:588} INFO - Filling up the DagBag from /home/AtlasRise/airflow/airflow_env/lib/python3.12/site-packages/airflow/example_dags/example_nested_branch_dag.py
[2024-11-18T20:41:03.811+0500] {processor.py:925} INFO - DAG(s) 'example_nested_branch_dag' retrieved from /home/AtlasRise/airflow/airflow_env/lib/python3.12/site-packages/airflow/example_dags/example_nested_branch_dag.py
[2024-11-18T20:41:03.974+0500] {logging_mixin.py:190} INFO - [2024-11-18T20:41:03.973+0500] {override.py:1911} INFO - Created Permission View: can read on DAG:example_nested_branch_dag
[2024-11-18T20:41:03.991+0500] {logging_mixin.py:190} INFO - [2024-11-18T20:41:03.991+0500] {override.py:1911} INFO - Created Permission View: can edit on DAG:example_nested_branch_dag
[2024-11-18T20:41:04.005+0500] {logging_mixin.py:190} INFO - [2024-11-18T20:41:04.004+0500] {override.py:1911} INFO - Created Permission View: can delete on DAG:example_nested_branch_dag
[2024-11-18T20:41:04.025+0500] {logging_mixin.py:190} INFO - [2024-11-18T20:41:04.025+0500] {override.py:1911} INFO - Created Permission View: can read on DAG Run:example_nested_branch_dag
[2024-11-18T20:41:04.040+0500] {logging_mixin.py:190} INFO - [2024-11-18T20:41:04.039+0500] {override.py:1911} INFO - Created Permission View: can create on DAG Run:example_nested_branch_dag
[2024-11-18T20:41:04.053+0500] {logging_mixin.py:190} INFO - [2024-11-18T20:41:04.052+0500] {override.py:1911} INFO - Created Permission View: can delete on DAG Run:example_nested_branch_dag
[2024-11-18T20:41:04.073+0500] {logging_mixin.py:190} INFO - [2024-11-18T20:41:04.072+0500] {override.py:1911} INFO - Created Permission View: menu access on DAG Run:example_nested_branch_dag
[2024-11-18T20:41:04.073+0500] {logging_mixin.py:190} INFO - [2024-11-18T20:41:04.073+0500] {dag.py:3239} INFO - Sync 1 DAGs
[2024-11-18T20:41:04.094+0500] {logging_mixin.py:190} INFO - [2024-11-18T20:41:04.093+0500] {dag.py:3262} INFO - Creating ORM DAG for example_nested_branch_dag
[2024-11-18T20:41:04.110+0500] {logging_mixin.py:190} INFO - [2024-11-18T20:41:04.109+0500] {dag.py:4180} INFO - Setting next_dagrun for example_nested_branch_dag to 2024-11-17 00:00:00+00:00, run_after=2024-11-18 00:00:00+00:00
[2024-11-18T20:41:04.142+0500] {processor.py:208} INFO - Processing /home/AtlasRise/airflow/airflow_env/lib/python3.12/site-packages/airflow/example_dags/example_nested_branch_dag.py took 0.361 seconds
[2024-11-18T20:42:24.127+0500] {processor.py:186} INFO - Started process (PID=19154) to work on /home/AtlasRise/airflow/airflow_env/lib/python3.12/site-packages/airflow/example_dags/example_nested_branch_dag.py
[2024-11-18T20:42:24.129+0500] {processor.py:914} INFO - Processing file /home/AtlasRise/airflow/airflow_env/lib/python3.12/site-packages/airflow/example_dags/example_nested_branch_dag.py for tasks to queue
[2024-11-18T20:42:24.132+0500] {logging_mixin.py:190} INFO - [2024-11-18T20:42:24.131+0500] {dagbag.py:588} INFO - Filling up the DagBag from /home/AtlasRise/airflow/airflow_env/lib/python3.12/site-packages/airflow/example_dags/example_nested_branch_dag.py
[2024-11-18T20:42:24.149+0500] {processor.py:925} INFO - DAG(s) 'example_nested_branch_dag' retrieved from /home/AtlasRise/airflow/airflow_env/lib/python3.12/site-packages/airflow/example_dags/example_nested_branch_dag.py
[2024-11-18T20:42:24.175+0500] {logging_mixin.py:190} INFO - [2024-11-18T20:42:24.175+0500] {dag.py:3239} INFO - Sync 1 DAGs
[2024-11-18T20:42:24.209+0500] {logging_mixin.py:190} INFO - [2024-11-18T20:42:24.208+0500] {dag.py:4180} INFO - Setting next_dagrun for example_nested_branch_dag to 2024-11-17 00:00:00+00:00, run_after=2024-11-18 00:00:00+00:00
[2024-11-18T20:42:24.246+0500] {processor.py:208} INFO - Processing /home/AtlasRise/airflow/airflow_env/lib/python3.12/site-packages/airflow/example_dags/example_nested_branch_dag.py took 0.129 seconds
[2024-11-18T20:43:31.661+0500] {processor.py:186} INFO - Started process (PID=19229) to work on /home/AtlasRise/airflow/airflow_env/lib/python3.12/site-packages/airflow/example_dags/example_nested_branch_dag.py
[2024-11-18T20:43:31.662+0500] {processor.py:914} INFO - Processing file /home/AtlasRise/airflow/airflow_env/lib/python3.12/site-packages/airflow/example_dags/example_nested_branch_dag.py for tasks to queue
[2024-11-18T20:43:31.665+0500] {logging_mixin.py:190} INFO - [2024-11-18T20:43:31.664+0500] {dagbag.py:588} INFO - Filling up the DagBag from /home/AtlasRise/airflow/airflow_env/lib/python3.12/site-packages/airflow/example_dags/example_nested_branch_dag.py
[2024-11-18T20:43:31.683+0500] {processor.py:925} INFO - DAG(s) 'example_nested_branch_dag' retrieved from /home/AtlasRise/airflow/airflow_env/lib/python3.12/site-packages/airflow/example_dags/example_nested_branch_dag.py
[2024-11-18T20:43:31.708+0500] {logging_mixin.py:190} INFO - [2024-11-18T20:43:31.707+0500] {dag.py:3239} INFO - Sync 1 DAGs
[2024-11-18T20:43:31.741+0500] {logging_mixin.py:190} INFO - [2024-11-18T20:43:31.740+0500] {dag.py:4180} INFO - Setting next_dagrun for example_nested_branch_dag to 2024-11-17 00:00:00+00:00, run_after=2024-11-18 00:00:00+00:00
[2024-11-18T20:43:31.774+0500] {processor.py:208} INFO - Processing /home/AtlasRise/airflow/airflow_env/lib/python3.12/site-packages/airflow/example_dags/example_nested_branch_dag.py took 0.121 seconds
[2024-11-18T20:44:37.747+0500] {processor.py:186} INFO - Started process (PID=19304) to work on /home/AtlasRise/airflow/airflow_env/lib/python3.12/site-packages/airflow/example_dags/example_nested_branch_dag.py
[2024-11-18T20:44:37.750+0500] {processor.py:914} INFO - Processing file /home/AtlasRise/airflow/airflow_env/lib/python3.12/site-packages/airflow/example_dags/example_nested_branch_dag.py for tasks to queue
[2024-11-18T20:44:37.753+0500] {logging_mixin.py:190} INFO - [2024-11-18T20:44:37.752+0500] {dagbag.py:588} INFO - Filling up the DagBag from /home/AtlasRise/airflow/airflow_env/lib/python3.12/site-packages/airflow/example_dags/example_nested_branch_dag.py
[2024-11-18T20:44:37.771+0500] {processor.py:925} INFO - DAG(s) 'example_nested_branch_dag' retrieved from /home/AtlasRise/airflow/airflow_env/lib/python3.12/site-packages/airflow/example_dags/example_nested_branch_dag.py
[2024-11-18T20:44:37.796+0500] {logging_mixin.py:190} INFO - [2024-11-18T20:44:37.796+0500] {dag.py:3239} INFO - Sync 1 DAGs
[2024-11-18T20:44:37.831+0500] {logging_mixin.py:190} INFO - [2024-11-18T20:44:37.831+0500] {dag.py:4180} INFO - Setting next_dagrun for example_nested_branch_dag to 2024-11-17 00:00:00+00:00, run_after=2024-11-18 00:00:00+00:00
[2024-11-18T20:44:37.868+0500] {processor.py:208} INFO - Processing /home/AtlasRise/airflow/airflow_env/lib/python3.12/site-packages/airflow/example_dags/example_nested_branch_dag.py took 0.129 seconds
[2024-11-18T20:45:49.514+0500] {processor.py:186} INFO - Started process (PID=19494) to work on /home/AtlasRise/airflow/airflow_env/lib/python3.12/site-packages/airflow/example_dags/example_nested_branch_dag.py
[2024-11-18T20:45:49.516+0500] {processor.py:914} INFO - Processing file /home/AtlasRise/airflow/airflow_env/lib/python3.12/site-packages/airflow/example_dags/example_nested_branch_dag.py for tasks to queue
[2024-11-18T20:45:49.521+0500] {logging_mixin.py:190} INFO - [2024-11-18T20:45:49.521+0500] {dagbag.py:588} INFO - Filling up the DagBag from /home/AtlasRise/airflow/airflow_env/lib/python3.12/site-packages/airflow/example_dags/example_nested_branch_dag.py
[2024-11-18T20:45:49.556+0500] {processor.py:925} INFO - DAG(s) 'example_nested_branch_dag' retrieved from /home/AtlasRise/airflow/airflow_env/lib/python3.12/site-packages/airflow/example_dags/example_nested_branch_dag.py
[2024-11-18T20:45:49.602+0500] {logging_mixin.py:190} INFO - [2024-11-18T20:45:49.600+0500] {dag.py:3239} INFO - Sync 1 DAGs
[2024-11-18T20:45:49.819+0500] {logging_mixin.py:190} INFO - [2024-11-18T20:45:49.819+0500] {dag.py:4180} INFO - Setting next_dagrun for example_nested_branch_dag to 2024-11-17 00:00:00+00:00, run_after=2024-11-18 00:00:00+00:00
[2024-11-18T20:45:49.854+0500] {processor.py:208} INFO - Processing /home/AtlasRise/airflow/airflow_env/lib/python3.12/site-packages/airflow/example_dags/example_nested_branch_dag.py took 0.368 seconds
[2024-11-18T20:47:05.708+0500] {processor.py:186} INFO - Started process (PID=19600) to work on /home/AtlasRise/airflow/airflow_env/lib/python3.12/site-packages/airflow/example_dags/example_nested_branch_dag.py
[2024-11-18T20:47:05.709+0500] {processor.py:914} INFO - Processing file /home/AtlasRise/airflow/airflow_env/lib/python3.12/site-packages/airflow/example_dags/example_nested_branch_dag.py for tasks to queue
[2024-11-18T20:47:05.712+0500] {logging_mixin.py:190} INFO - [2024-11-18T20:47:05.712+0500] {dagbag.py:588} INFO - Filling up the DagBag from /home/AtlasRise/airflow/airflow_env/lib/python3.12/site-packages/airflow/example_dags/example_nested_branch_dag.py
[2024-11-18T20:47:05.730+0500] {processor.py:925} INFO - DAG(s) 'example_nested_branch_dag' retrieved from /home/AtlasRise/airflow/airflow_env/lib/python3.12/site-packages/airflow/example_dags/example_nested_branch_dag.py
[2024-11-18T20:47:05.757+0500] {logging_mixin.py:190} INFO - [2024-11-18T20:47:05.756+0500] {dag.py:3239} INFO - Sync 1 DAGs
[2024-11-18T20:47:05.793+0500] {logging_mixin.py:190} INFO - [2024-11-18T20:47:05.792+0500] {dag.py:4180} INFO - Setting next_dagrun for example_nested_branch_dag to 2024-11-17 00:00:00+00:00, run_after=2024-11-18 00:00:00+00:00
[2024-11-18T20:47:05.825+0500] {processor.py:208} INFO - Processing /home/AtlasRise/airflow/airflow_env/lib/python3.12/site-packages/airflow/example_dags/example_nested_branch_dag.py took 0.126 seconds
[2024-11-18T20:48:11.660+0500] {processor.py:186} INFO - Started process (PID=19749) to work on /home/AtlasRise/airflow/airflow_env/lib/python3.12/site-packages/airflow/example_dags/example_nested_branch_dag.py
[2024-11-18T20:48:11.661+0500] {processor.py:914} INFO - Processing file /home/AtlasRise/airflow/airflow_env/lib/python3.12/site-packages/airflow/example_dags/example_nested_branch_dag.py for tasks to queue
[2024-11-18T20:48:11.665+0500] {logging_mixin.py:190} INFO - [2024-11-18T20:48:11.664+0500] {dagbag.py:588} INFO - Filling up the DagBag from /home/AtlasRise/airflow/airflow_env/lib/python3.12/site-packages/airflow/example_dags/example_nested_branch_dag.py
[2024-11-18T20:48:11.684+0500] {processor.py:925} INFO - DAG(s) 'example_nested_branch_dag' retrieved from /home/AtlasRise/airflow/airflow_env/lib/python3.12/site-packages/airflow/example_dags/example_nested_branch_dag.py
[2024-11-18T20:48:11.710+0500] {logging_mixin.py:190} INFO - [2024-11-18T20:48:11.710+0500] {dag.py:3239} INFO - Sync 1 DAGs
[2024-11-18T20:48:11.745+0500] {logging_mixin.py:190} INFO - [2024-11-18T20:48:11.745+0500] {dag.py:4180} INFO - Setting next_dagrun for example_nested_branch_dag to 2024-11-17 00:00:00+00:00, run_after=2024-11-18 00:00:00+00:00
[2024-11-18T20:48:11.779+0500] {processor.py:208} INFO - Processing /home/AtlasRise/airflow/airflow_env/lib/python3.12/site-packages/airflow/example_dags/example_nested_branch_dag.py took 0.129 seconds
[2024-11-18T20:49:21.113+0500] {processor.py:186} INFO - Started process (PID=19836) to work on /home/AtlasRise/airflow/airflow_env/lib/python3.12/site-packages/airflow/example_dags/example_nested_branch_dag.py
[2024-11-18T20:49:21.115+0500] {processor.py:914} INFO - Processing file /home/AtlasRise/airflow/airflow_env/lib/python3.12/site-packages/airflow/example_dags/example_nested_branch_dag.py for tasks to queue
[2024-11-18T20:49:21.118+0500] {logging_mixin.py:190} INFO - [2024-11-18T20:49:21.117+0500] {dagbag.py:588} INFO - Filling up the DagBag from /home/AtlasRise/airflow/airflow_env/lib/python3.12/site-packages/airflow/example_dags/example_nested_branch_dag.py
[2024-11-18T20:49:21.136+0500] {processor.py:925} INFO - DAG(s) 'example_nested_branch_dag' retrieved from /home/AtlasRise/airflow/airflow_env/lib/python3.12/site-packages/airflow/example_dags/example_nested_branch_dag.py
[2024-11-18T20:49:21.162+0500] {logging_mixin.py:190} INFO - [2024-11-18T20:49:21.162+0500] {dag.py:3239} INFO - Sync 1 DAGs
[2024-11-18T20:49:21.197+0500] {logging_mixin.py:190} INFO - [2024-11-18T20:49:21.197+0500] {dag.py:4180} INFO - Setting next_dagrun for example_nested_branch_dag to 2024-11-17 00:00:00+00:00, run_after=2024-11-18 00:00:00+00:00
[2024-11-18T20:49:21.229+0500] {processor.py:208} INFO - Processing /home/AtlasRise/airflow/airflow_env/lib/python3.12/site-packages/airflow/example_dags/example_nested_branch_dag.py took 0.124 seconds
[2024-11-18T20:50:29.933+0500] {processor.py:186} INFO - Started process (PID=19912) to work on /home/AtlasRise/airflow/airflow_env/lib/python3.12/site-packages/airflow/example_dags/example_nested_branch_dag.py
[2024-11-18T20:50:29.934+0500] {processor.py:914} INFO - Processing file /home/AtlasRise/airflow/airflow_env/lib/python3.12/site-packages/airflow/example_dags/example_nested_branch_dag.py for tasks to queue
[2024-11-18T20:50:29.937+0500] {logging_mixin.py:190} INFO - [2024-11-18T20:50:29.937+0500] {dagbag.py:588} INFO - Filling up the DagBag from /home/AtlasRise/airflow/airflow_env/lib/python3.12/site-packages/airflow/example_dags/example_nested_branch_dag.py
[2024-11-18T20:50:29.955+0500] {processor.py:925} INFO - DAG(s) 'example_nested_branch_dag' retrieved from /home/AtlasRise/airflow/airflow_env/lib/python3.12/site-packages/airflow/example_dags/example_nested_branch_dag.py
[2024-11-18T20:50:29.982+0500] {logging_mixin.py:190} INFO - [2024-11-18T20:50:29.982+0500] {dag.py:3239} INFO - Sync 1 DAGs
[2024-11-18T20:50:30.017+0500] {logging_mixin.py:190} INFO - [2024-11-18T20:50:30.017+0500] {dag.py:4180} INFO - Setting next_dagrun for example_nested_branch_dag to 2024-11-17 00:00:00+00:00, run_after=2024-11-18 00:00:00+00:00
[2024-11-18T20:50:30.049+0500] {processor.py:208} INFO - Processing /home/AtlasRise/airflow/airflow_env/lib/python3.12/site-packages/airflow/example_dags/example_nested_branch_dag.py took 0.124 seconds
[2024-11-18T20:51:39.999+0500] {processor.py:186} INFO - Started process (PID=19997) to work on /home/AtlasRise/airflow/airflow_env/lib/python3.12/site-packages/airflow/example_dags/example_nested_branch_dag.py
[2024-11-18T20:51:40.000+0500] {processor.py:914} INFO - Processing file /home/AtlasRise/airflow/airflow_env/lib/python3.12/site-packages/airflow/example_dags/example_nested_branch_dag.py for tasks to queue
[2024-11-18T20:51:40.003+0500] {logging_mixin.py:190} INFO - [2024-11-18T20:51:40.003+0500] {dagbag.py:588} INFO - Filling up the DagBag from /home/AtlasRise/airflow/airflow_env/lib/python3.12/site-packages/airflow/example_dags/example_nested_branch_dag.py
[2024-11-18T20:51:40.022+0500] {processor.py:925} INFO - DAG(s) 'example_nested_branch_dag' retrieved from /home/AtlasRise/airflow/airflow_env/lib/python3.12/site-packages/airflow/example_dags/example_nested_branch_dag.py
[2024-11-18T20:51:40.051+0500] {logging_mixin.py:190} INFO - [2024-11-18T20:51:40.050+0500] {dag.py:3239} INFO - Sync 1 DAGs
[2024-11-18T20:51:40.088+0500] {logging_mixin.py:190} INFO - [2024-11-18T20:51:40.088+0500] {dag.py:4180} INFO - Setting next_dagrun for example_nested_branch_dag to 2024-11-17 00:00:00+00:00, run_after=2024-11-18 00:00:00+00:00
[2024-11-18T20:51:40.124+0500] {processor.py:208} INFO - Processing /home/AtlasRise/airflow/airflow_env/lib/python3.12/site-packages/airflow/example_dags/example_nested_branch_dag.py took 0.135 seconds
[2024-11-18T20:52:46.852+0500] {processor.py:186} INFO - Started process (PID=20069) to work on /home/AtlasRise/airflow/airflow_env/lib/python3.12/site-packages/airflow/example_dags/example_nested_branch_dag.py
[2024-11-18T20:52:46.855+0500] {processor.py:914} INFO - Processing file /home/AtlasRise/airflow/airflow_env/lib/python3.12/site-packages/airflow/example_dags/example_nested_branch_dag.py for tasks to queue
[2024-11-18T20:52:46.858+0500] {logging_mixin.py:190} INFO - [2024-11-18T20:52:46.857+0500] {dagbag.py:588} INFO - Filling up the DagBag from /home/AtlasRise/airflow/airflow_env/lib/python3.12/site-packages/airflow/example_dags/example_nested_branch_dag.py
[2024-11-18T20:52:46.877+0500] {processor.py:925} INFO - DAG(s) 'example_nested_branch_dag' retrieved from /home/AtlasRise/airflow/airflow_env/lib/python3.12/site-packages/airflow/example_dags/example_nested_branch_dag.py
[2024-11-18T20:52:46.903+0500] {logging_mixin.py:190} INFO - [2024-11-18T20:52:46.902+0500] {dag.py:3239} INFO - Sync 1 DAGs
[2024-11-18T20:52:46.938+0500] {logging_mixin.py:190} INFO - [2024-11-18T20:52:46.937+0500] {dag.py:4180} INFO - Setting next_dagrun for example_nested_branch_dag to 2024-11-17 00:00:00+00:00, run_after=2024-11-18 00:00:00+00:00
[2024-11-18T20:52:46.973+0500] {processor.py:208} INFO - Processing /home/AtlasRise/airflow/airflow_env/lib/python3.12/site-packages/airflow/example_dags/example_nested_branch_dag.py took 0.129 seconds
[2024-11-18T20:53:58.155+0500] {processor.py:186} INFO - Started process (PID=20139) to work on /home/AtlasRise/airflow/airflow_env/lib/python3.12/site-packages/airflow/example_dags/example_nested_branch_dag.py
[2024-11-18T20:53:58.157+0500] {processor.py:914} INFO - Processing file /home/AtlasRise/airflow/airflow_env/lib/python3.12/site-packages/airflow/example_dags/example_nested_branch_dag.py for tasks to queue
[2024-11-18T20:53:58.160+0500] {logging_mixin.py:190} INFO - [2024-11-18T20:53:58.160+0500] {dagbag.py:588} INFO - Filling up the DagBag from /home/AtlasRise/airflow/airflow_env/lib/python3.12/site-packages/airflow/example_dags/example_nested_branch_dag.py
[2024-11-18T20:53:58.180+0500] {processor.py:925} INFO - DAG(s) 'example_nested_branch_dag' retrieved from /home/AtlasRise/airflow/airflow_env/lib/python3.12/site-packages/airflow/example_dags/example_nested_branch_dag.py
[2024-11-18T20:53:58.207+0500] {logging_mixin.py:190} INFO - [2024-11-18T20:53:58.206+0500] {dag.py:3239} INFO - Sync 1 DAGs
[2024-11-18T20:53:58.244+0500] {logging_mixin.py:190} INFO - [2024-11-18T20:53:58.244+0500] {dag.py:4180} INFO - Setting next_dagrun for example_nested_branch_dag to 2024-11-17 00:00:00+00:00, run_after=2024-11-18 00:00:00+00:00
[2024-11-18T20:53:58.283+0500] {processor.py:208} INFO - Processing /home/AtlasRise/airflow/airflow_env/lib/python3.12/site-packages/airflow/example_dags/example_nested_branch_dag.py took 0.136 seconds
[2024-11-18T20:55:24.466+0500] {processor.py:186} INFO - Started process (PID=20246) to work on /home/AtlasRise/airflow/airflow_env/lib/python3.12/site-packages/airflow/example_dags/example_nested_branch_dag.py
[2024-11-18T20:55:24.468+0500] {processor.py:914} INFO - Processing file /home/AtlasRise/airflow/airflow_env/lib/python3.12/site-packages/airflow/example_dags/example_nested_branch_dag.py for tasks to queue
[2024-11-18T20:55:24.472+0500] {logging_mixin.py:190} INFO - [2024-11-18T20:55:24.471+0500] {dagbag.py:588} INFO - Filling up the DagBag from /home/AtlasRise/airflow/airflow_env/lib/python3.12/site-packages/airflow/example_dags/example_nested_branch_dag.py
[2024-11-18T20:55:24.489+0500] {processor.py:925} INFO - DAG(s) 'example_nested_branch_dag' retrieved from /home/AtlasRise/airflow/airflow_env/lib/python3.12/site-packages/airflow/example_dags/example_nested_branch_dag.py
[2024-11-18T20:55:24.516+0500] {logging_mixin.py:190} INFO - [2024-11-18T20:55:24.515+0500] {dag.py:3239} INFO - Sync 1 DAGs
[2024-11-18T20:55:24.550+0500] {logging_mixin.py:190} INFO - [2024-11-18T20:55:24.550+0500] {dag.py:4180} INFO - Setting next_dagrun for example_nested_branch_dag to 2024-11-17 00:00:00+00:00, run_after=2024-11-18 00:00:00+00:00
[2024-11-18T20:55:24.589+0500] {processor.py:208} INFO - Processing /home/AtlasRise/airflow/airflow_env/lib/python3.12/site-packages/airflow/example_dags/example_nested_branch_dag.py took 0.132 seconds
[2024-11-18T20:56:40.148+0500] {processor.py:186} INFO - Started process (PID=20337) to work on /home/AtlasRise/airflow/airflow_env/lib/python3.12/site-packages/airflow/example_dags/example_nested_branch_dag.py
[2024-11-18T20:56:40.149+0500] {processor.py:914} INFO - Processing file /home/AtlasRise/airflow/airflow_env/lib/python3.12/site-packages/airflow/example_dags/example_nested_branch_dag.py for tasks to queue
[2024-11-18T20:56:40.153+0500] {logging_mixin.py:190} INFO - [2024-11-18T20:56:40.152+0500] {dagbag.py:588} INFO - Filling up the DagBag from /home/AtlasRise/airflow/airflow_env/lib/python3.12/site-packages/airflow/example_dags/example_nested_branch_dag.py
[2024-11-18T20:56:40.172+0500] {processor.py:925} INFO - DAG(s) 'example_nested_branch_dag' retrieved from /home/AtlasRise/airflow/airflow_env/lib/python3.12/site-packages/airflow/example_dags/example_nested_branch_dag.py
[2024-11-18T20:56:40.200+0500] {logging_mixin.py:190} INFO - [2024-11-18T20:56:40.200+0500] {dag.py:3239} INFO - Sync 1 DAGs
[2024-11-18T20:56:40.237+0500] {logging_mixin.py:190} INFO - [2024-11-18T20:56:40.237+0500] {dag.py:4180} INFO - Setting next_dagrun for example_nested_branch_dag to 2024-11-17 00:00:00+00:00, run_after=2024-11-18 00:00:00+00:00
[2024-11-18T20:56:40.273+0500] {processor.py:208} INFO - Processing /home/AtlasRise/airflow/airflow_env/lib/python3.12/site-packages/airflow/example_dags/example_nested_branch_dag.py took 0.133 seconds
[2024-11-18T20:57:53.255+0500] {processor.py:186} INFO - Started process (PID=20407) to work on /home/AtlasRise/airflow/airflow_env/lib/python3.12/site-packages/airflow/example_dags/example_nested_branch_dag.py
[2024-11-18T20:57:53.257+0500] {processor.py:914} INFO - Processing file /home/AtlasRise/airflow/airflow_env/lib/python3.12/site-packages/airflow/example_dags/example_nested_branch_dag.py for tasks to queue
[2024-11-18T20:57:53.260+0500] {logging_mixin.py:190} INFO - [2024-11-18T20:57:53.260+0500] {dagbag.py:588} INFO - Filling up the DagBag from /home/AtlasRise/airflow/airflow_env/lib/python3.12/site-packages/airflow/example_dags/example_nested_branch_dag.py
[2024-11-18T20:57:53.279+0500] {processor.py:925} INFO - DAG(s) 'example_nested_branch_dag' retrieved from /home/AtlasRise/airflow/airflow_env/lib/python3.12/site-packages/airflow/example_dags/example_nested_branch_dag.py
[2024-11-18T20:57:53.306+0500] {logging_mixin.py:190} INFO - [2024-11-18T20:57:53.306+0500] {dag.py:3239} INFO - Sync 1 DAGs
[2024-11-18T20:57:53.340+0500] {logging_mixin.py:190} INFO - [2024-11-18T20:57:53.340+0500] {dag.py:4180} INFO - Setting next_dagrun for example_nested_branch_dag to 2024-11-17 00:00:00+00:00, run_after=2024-11-18 00:00:00+00:00
[2024-11-18T20:57:53.377+0500] {processor.py:208} INFO - Processing /home/AtlasRise/airflow/airflow_env/lib/python3.12/site-packages/airflow/example_dags/example_nested_branch_dag.py took 0.135 seconds
[2024-11-18T20:59:01.024+0500] {processor.py:186} INFO - Started process (PID=20496) to work on /home/AtlasRise/airflow/airflow_env/lib/python3.12/site-packages/airflow/example_dags/example_nested_branch_dag.py
[2024-11-18T20:59:01.027+0500] {processor.py:914} INFO - Processing file /home/AtlasRise/airflow/airflow_env/lib/python3.12/site-packages/airflow/example_dags/example_nested_branch_dag.py for tasks to queue
[2024-11-18T20:59:01.030+0500] {logging_mixin.py:190} INFO - [2024-11-18T20:59:01.029+0500] {dagbag.py:588} INFO - Filling up the DagBag from /home/AtlasRise/airflow/airflow_env/lib/python3.12/site-packages/airflow/example_dags/example_nested_branch_dag.py
[2024-11-18T20:59:01.047+0500] {processor.py:925} INFO - DAG(s) 'example_nested_branch_dag' retrieved from /home/AtlasRise/airflow/airflow_env/lib/python3.12/site-packages/airflow/example_dags/example_nested_branch_dag.py
[2024-11-18T20:59:01.073+0500] {logging_mixin.py:190} INFO - [2024-11-18T20:59:01.073+0500] {dag.py:3239} INFO - Sync 1 DAGs
[2024-11-18T20:59:01.109+0500] {logging_mixin.py:190} INFO - [2024-11-18T20:59:01.109+0500] {dag.py:4180} INFO - Setting next_dagrun for example_nested_branch_dag to 2024-11-17 00:00:00+00:00, run_after=2024-11-18 00:00:00+00:00
[2024-11-18T20:59:01.142+0500] {processor.py:208} INFO - Processing /home/AtlasRise/airflow/airflow_env/lib/python3.12/site-packages/airflow/example_dags/example_nested_branch_dag.py took 0.126 seconds
[2024-11-18T21:00:17.659+0500] {processor.py:186} INFO - Started process (PID=20577) to work on /home/AtlasRise/airflow/airflow_env/lib/python3.12/site-packages/airflow/example_dags/example_nested_branch_dag.py
[2024-11-18T21:00:17.661+0500] {processor.py:914} INFO - Processing file /home/AtlasRise/airflow/airflow_env/lib/python3.12/site-packages/airflow/example_dags/example_nested_branch_dag.py for tasks to queue
[2024-11-18T21:00:17.664+0500] {logging_mixin.py:190} INFO - [2024-11-18T21:00:17.664+0500] {dagbag.py:588} INFO - Filling up the DagBag from /home/AtlasRise/airflow/airflow_env/lib/python3.12/site-packages/airflow/example_dags/example_nested_branch_dag.py
[2024-11-18T21:00:17.682+0500] {processor.py:925} INFO - DAG(s) 'example_nested_branch_dag' retrieved from /home/AtlasRise/airflow/airflow_env/lib/python3.12/site-packages/airflow/example_dags/example_nested_branch_dag.py
[2024-11-18T21:00:17.708+0500] {logging_mixin.py:190} INFO - [2024-11-18T21:00:17.708+0500] {dag.py:3239} INFO - Sync 1 DAGs
[2024-11-18T21:00:17.742+0500] {logging_mixin.py:190} INFO - [2024-11-18T21:00:17.742+0500] {dag.py:4180} INFO - Setting next_dagrun for example_nested_branch_dag to 2024-11-17 00:00:00+00:00, run_after=2024-11-18 00:00:00+00:00
[2024-11-18T21:00:17.775+0500] {processor.py:208} INFO - Processing /home/AtlasRise/airflow/airflow_env/lib/python3.12/site-packages/airflow/example_dags/example_nested_branch_dag.py took 0.125 seconds
[2024-11-18T21:01:23.339+0500] {processor.py:186} INFO - Started process (PID=20656) to work on /home/AtlasRise/airflow/airflow_env/lib/python3.12/site-packages/airflow/example_dags/example_nested_branch_dag.py
[2024-11-18T21:01:23.342+0500] {processor.py:914} INFO - Processing file /home/AtlasRise/airflow/airflow_env/lib/python3.12/site-packages/airflow/example_dags/example_nested_branch_dag.py for tasks to queue
[2024-11-18T21:01:23.345+0500] {logging_mixin.py:190} INFO - [2024-11-18T21:01:23.344+0500] {dagbag.py:588} INFO - Filling up the DagBag from /home/AtlasRise/airflow/airflow_env/lib/python3.12/site-packages/airflow/example_dags/example_nested_branch_dag.py
[2024-11-18T21:01:23.362+0500] {processor.py:925} INFO - DAG(s) 'example_nested_branch_dag' retrieved from /home/AtlasRise/airflow/airflow_env/lib/python3.12/site-packages/airflow/example_dags/example_nested_branch_dag.py
[2024-11-18T21:01:23.389+0500] {logging_mixin.py:190} INFO - [2024-11-18T21:01:23.388+0500] {dag.py:3239} INFO - Sync 1 DAGs
[2024-11-18T21:01:23.422+0500] {logging_mixin.py:190} INFO - [2024-11-18T21:01:23.422+0500] {dag.py:4180} INFO - Setting next_dagrun for example_nested_branch_dag to 2024-11-17 00:00:00+00:00, run_after=2024-11-18 00:00:00+00:00
[2024-11-18T21:01:23.454+0500] {processor.py:208} INFO - Processing /home/AtlasRise/airflow/airflow_env/lib/python3.12/site-packages/airflow/example_dags/example_nested_branch_dag.py took 0.124 seconds
[2024-11-18T21:02:34.775+0500] {processor.py:186} INFO - Started process (PID=20732) to work on /home/AtlasRise/airflow/airflow_env/lib/python3.12/site-packages/airflow/example_dags/example_nested_branch_dag.py
[2024-11-18T21:02:34.778+0500] {processor.py:914} INFO - Processing file /home/AtlasRise/airflow/airflow_env/lib/python3.12/site-packages/airflow/example_dags/example_nested_branch_dag.py for tasks to queue
[2024-11-18T21:02:34.781+0500] {logging_mixin.py:190} INFO - [2024-11-18T21:02:34.781+0500] {dagbag.py:588} INFO - Filling up the DagBag from /home/AtlasRise/airflow/airflow_env/lib/python3.12/site-packages/airflow/example_dags/example_nested_branch_dag.py
[2024-11-18T21:02:34.799+0500] {processor.py:925} INFO - DAG(s) 'example_nested_branch_dag' retrieved from /home/AtlasRise/airflow/airflow_env/lib/python3.12/site-packages/airflow/example_dags/example_nested_branch_dag.py
[2024-11-18T21:02:34.826+0500] {logging_mixin.py:190} INFO - [2024-11-18T21:02:34.826+0500] {dag.py:3239} INFO - Sync 1 DAGs
[2024-11-18T21:02:34.859+0500] {logging_mixin.py:190} INFO - [2024-11-18T21:02:34.859+0500] {dag.py:4180} INFO - Setting next_dagrun for example_nested_branch_dag to 2024-11-17 00:00:00+00:00, run_after=2024-11-18 00:00:00+00:00
[2024-11-18T21:02:34.891+0500] {processor.py:208} INFO - Processing /home/AtlasRise/airflow/airflow_env/lib/python3.12/site-packages/airflow/example_dags/example_nested_branch_dag.py took 0.125 seconds
[2024-11-18T21:03:44.073+0500] {processor.py:186} INFO - Started process (PID=20818) to work on /home/AtlasRise/airflow/airflow_env/lib/python3.12/site-packages/airflow/example_dags/example_nested_branch_dag.py
[2024-11-18T21:03:44.074+0500] {processor.py:914} INFO - Processing file /home/AtlasRise/airflow/airflow_env/lib/python3.12/site-packages/airflow/example_dags/example_nested_branch_dag.py for tasks to queue
[2024-11-18T21:03:44.078+0500] {logging_mixin.py:190} INFO - [2024-11-18T21:03:44.077+0500] {dagbag.py:588} INFO - Filling up the DagBag from /home/AtlasRise/airflow/airflow_env/lib/python3.12/site-packages/airflow/example_dags/example_nested_branch_dag.py
[2024-11-18T21:03:44.095+0500] {processor.py:925} INFO - DAG(s) 'example_nested_branch_dag' retrieved from /home/AtlasRise/airflow/airflow_env/lib/python3.12/site-packages/airflow/example_dags/example_nested_branch_dag.py
[2024-11-18T21:03:44.122+0500] {logging_mixin.py:190} INFO - [2024-11-18T21:03:44.121+0500] {dag.py:3239} INFO - Sync 1 DAGs
[2024-11-18T21:03:44.157+0500] {logging_mixin.py:190} INFO - [2024-11-18T21:03:44.156+0500] {dag.py:4180} INFO - Setting next_dagrun for example_nested_branch_dag to 2024-11-17 00:00:00+00:00, run_after=2024-11-18 00:00:00+00:00
[2024-11-18T21:03:44.189+0500] {processor.py:208} INFO - Processing /home/AtlasRise/airflow/airflow_env/lib/python3.12/site-packages/airflow/example_dags/example_nested_branch_dag.py took 0.124 seconds
[2024-11-18T21:04:48.967+0500] {processor.py:186} INFO - Started process (PID=20904) to work on /home/AtlasRise/airflow/airflow_env/lib/python3.12/site-packages/airflow/example_dags/example_nested_branch_dag.py
[2024-11-18T21:04:48.969+0500] {processor.py:914} INFO - Processing file /home/AtlasRise/airflow/airflow_env/lib/python3.12/site-packages/airflow/example_dags/example_nested_branch_dag.py for tasks to queue
[2024-11-18T21:04:48.972+0500] {logging_mixin.py:190} INFO - [2024-11-18T21:04:48.972+0500] {dagbag.py:588} INFO - Filling up the DagBag from /home/AtlasRise/airflow/airflow_env/lib/python3.12/site-packages/airflow/example_dags/example_nested_branch_dag.py
[2024-11-18T21:04:48.990+0500] {processor.py:925} INFO - DAG(s) 'example_nested_branch_dag' retrieved from /home/AtlasRise/airflow/airflow_env/lib/python3.12/site-packages/airflow/example_dags/example_nested_branch_dag.py
[2024-11-18T21:04:49.017+0500] {logging_mixin.py:190} INFO - [2024-11-18T21:04:49.016+0500] {dag.py:3239} INFO - Sync 1 DAGs
[2024-11-18T21:04:49.050+0500] {logging_mixin.py:190} INFO - [2024-11-18T21:04:49.050+0500] {dag.py:4180} INFO - Setting next_dagrun for example_nested_branch_dag to 2024-11-17 00:00:00+00:00, run_after=2024-11-18 00:00:00+00:00
[2024-11-18T21:04:49.083+0500] {processor.py:208} INFO - Processing /home/AtlasRise/airflow/airflow_env/lib/python3.12/site-packages/airflow/example_dags/example_nested_branch_dag.py took 0.124 seconds
[2024-11-18T21:05:55.339+0500] {processor.py:186} INFO - Started process (PID=20988) to work on /home/AtlasRise/airflow/airflow_env/lib/python3.12/site-packages/airflow/example_dags/example_nested_branch_dag.py
[2024-11-18T21:05:55.340+0500] {processor.py:914} INFO - Processing file /home/AtlasRise/airflow/airflow_env/lib/python3.12/site-packages/airflow/example_dags/example_nested_branch_dag.py for tasks to queue
[2024-11-18T21:05:55.343+0500] {logging_mixin.py:190} INFO - [2024-11-18T21:05:55.342+0500] {dagbag.py:588} INFO - Filling up the DagBag from /home/AtlasRise/airflow/airflow_env/lib/python3.12/site-packages/airflow/example_dags/example_nested_branch_dag.py
[2024-11-18T21:05:55.361+0500] {processor.py:925} INFO - DAG(s) 'example_nested_branch_dag' retrieved from /home/AtlasRise/airflow/airflow_env/lib/python3.12/site-packages/airflow/example_dags/example_nested_branch_dag.py
[2024-11-18T21:05:55.387+0500] {logging_mixin.py:190} INFO - [2024-11-18T21:05:55.387+0500] {dag.py:3239} INFO - Sync 1 DAGs
[2024-11-18T21:05:55.421+0500] {logging_mixin.py:190} INFO - [2024-11-18T21:05:55.421+0500] {dag.py:4180} INFO - Setting next_dagrun for example_nested_branch_dag to 2024-11-17 00:00:00+00:00, run_after=2024-11-18 00:00:00+00:00
[2024-11-18T21:05:55.454+0500] {processor.py:208} INFO - Processing /home/AtlasRise/airflow/airflow_env/lib/python3.12/site-packages/airflow/example_dags/example_nested_branch_dag.py took 0.123 seconds
[2024-11-18T21:07:16.793+0500] {processor.py:186} INFO - Started process (PID=21091) to work on /home/AtlasRise/airflow/airflow_env/lib/python3.12/site-packages/airflow/example_dags/example_nested_branch_dag.py
[2024-11-18T21:07:16.798+0500] {processor.py:914} INFO - Processing file /home/AtlasRise/airflow/airflow_env/lib/python3.12/site-packages/airflow/example_dags/example_nested_branch_dag.py for tasks to queue
[2024-11-18T21:07:16.801+0500] {logging_mixin.py:190} INFO - [2024-11-18T21:07:16.801+0500] {dagbag.py:588} INFO - Filling up the DagBag from /home/AtlasRise/airflow/airflow_env/lib/python3.12/site-packages/airflow/example_dags/example_nested_branch_dag.py
[2024-11-18T21:07:16.819+0500] {processor.py:925} INFO - DAG(s) 'example_nested_branch_dag' retrieved from /home/AtlasRise/airflow/airflow_env/lib/python3.12/site-packages/airflow/example_dags/example_nested_branch_dag.py
[2024-11-18T21:07:16.846+0500] {logging_mixin.py:190} INFO - [2024-11-18T21:07:16.846+0500] {dag.py:3239} INFO - Sync 1 DAGs
[2024-11-18T21:07:16.880+0500] {logging_mixin.py:190} INFO - [2024-11-18T21:07:16.880+0500] {dag.py:4180} INFO - Setting next_dagrun for example_nested_branch_dag to 2024-11-17 00:00:00+00:00, run_after=2024-11-18 00:00:00+00:00
[2024-11-18T21:07:16.914+0500] {processor.py:208} INFO - Processing /home/AtlasRise/airflow/airflow_env/lib/python3.12/site-packages/airflow/example_dags/example_nested_branch_dag.py took 0.128 seconds
[2024-11-18T21:08:24.753+0500] {processor.py:186} INFO - Started process (PID=21160) to work on /home/AtlasRise/airflow/airflow_env/lib/python3.12/site-packages/airflow/example_dags/example_nested_branch_dag.py
[2024-11-18T21:08:24.755+0500] {processor.py:914} INFO - Processing file /home/AtlasRise/airflow/airflow_env/lib/python3.12/site-packages/airflow/example_dags/example_nested_branch_dag.py for tasks to queue
[2024-11-18T21:08:24.758+0500] {logging_mixin.py:190} INFO - [2024-11-18T21:08:24.757+0500] {dagbag.py:588} INFO - Filling up the DagBag from /home/AtlasRise/airflow/airflow_env/lib/python3.12/site-packages/airflow/example_dags/example_nested_branch_dag.py
[2024-11-18T21:08:24.777+0500] {processor.py:925} INFO - DAG(s) 'example_nested_branch_dag' retrieved from /home/AtlasRise/airflow/airflow_env/lib/python3.12/site-packages/airflow/example_dags/example_nested_branch_dag.py
[2024-11-18T21:08:24.805+0500] {logging_mixin.py:190} INFO - [2024-11-18T21:08:24.805+0500] {dag.py:3239} INFO - Sync 1 DAGs
[2024-11-18T21:08:24.840+0500] {logging_mixin.py:190} INFO - [2024-11-18T21:08:24.840+0500] {dag.py:4180} INFO - Setting next_dagrun for example_nested_branch_dag to 2024-11-17 00:00:00+00:00, run_after=2024-11-18 00:00:00+00:00
[2024-11-18T21:08:24.874+0500] {processor.py:208} INFO - Processing /home/AtlasRise/airflow/airflow_env/lib/python3.12/site-packages/airflow/example_dags/example_nested_branch_dag.py took 0.130 seconds
[2024-11-18T21:09:32.365+0500] {processor.py:186} INFO - Started process (PID=21261) to work on /home/AtlasRise/airflow/airflow_env/lib/python3.12/site-packages/airflow/example_dags/example_nested_branch_dag.py
[2024-11-18T21:09:32.367+0500] {processor.py:914} INFO - Processing file /home/AtlasRise/airflow/airflow_env/lib/python3.12/site-packages/airflow/example_dags/example_nested_branch_dag.py for tasks to queue
[2024-11-18T21:09:32.370+0500] {logging_mixin.py:190} INFO - [2024-11-18T21:09:32.370+0500] {dagbag.py:588} INFO - Filling up the DagBag from /home/AtlasRise/airflow/airflow_env/lib/python3.12/site-packages/airflow/example_dags/example_nested_branch_dag.py
[2024-11-18T21:09:32.388+0500] {processor.py:925} INFO - DAG(s) 'example_nested_branch_dag' retrieved from /home/AtlasRise/airflow/airflow_env/lib/python3.12/site-packages/airflow/example_dags/example_nested_branch_dag.py
[2024-11-18T21:09:32.415+0500] {logging_mixin.py:190} INFO - [2024-11-18T21:09:32.414+0500] {dag.py:3239} INFO - Sync 1 DAGs
[2024-11-18T21:09:32.450+0500] {logging_mixin.py:190} INFO - [2024-11-18T21:09:32.450+0500] {dag.py:4180} INFO - Setting next_dagrun for example_nested_branch_dag to 2024-11-17 00:00:00+00:00, run_after=2024-11-18 00:00:00+00:00
[2024-11-18T21:09:32.483+0500] {processor.py:208} INFO - Processing /home/AtlasRise/airflow/airflow_env/lib/python3.12/site-packages/airflow/example_dags/example_nested_branch_dag.py took 0.126 seconds
[2024-11-18T21:10:45.150+0500] {processor.py:186} INFO - Started process (PID=21352) to work on /home/AtlasRise/airflow/airflow_env/lib/python3.12/site-packages/airflow/example_dags/example_nested_branch_dag.py
[2024-11-18T21:10:45.151+0500] {processor.py:914} INFO - Processing file /home/AtlasRise/airflow/airflow_env/lib/python3.12/site-packages/airflow/example_dags/example_nested_branch_dag.py for tasks to queue
[2024-11-18T21:10:45.154+0500] {logging_mixin.py:190} INFO - [2024-11-18T21:10:45.154+0500] {dagbag.py:588} INFO - Filling up the DagBag from /home/AtlasRise/airflow/airflow_env/lib/python3.12/site-packages/airflow/example_dags/example_nested_branch_dag.py
[2024-11-18T21:10:45.173+0500] {processor.py:925} INFO - DAG(s) 'example_nested_branch_dag' retrieved from /home/AtlasRise/airflow/airflow_env/lib/python3.12/site-packages/airflow/example_dags/example_nested_branch_dag.py
[2024-11-18T21:10:45.200+0500] {logging_mixin.py:190} INFO - [2024-11-18T21:10:45.199+0500] {dag.py:3239} INFO - Sync 1 DAGs
[2024-11-18T21:10:45.237+0500] {logging_mixin.py:190} INFO - [2024-11-18T21:10:45.236+0500] {dag.py:4180} INFO - Setting next_dagrun for example_nested_branch_dag to 2024-11-17 00:00:00+00:00, run_after=2024-11-18 00:00:00+00:00
[2024-11-18T21:10:45.271+0500] {processor.py:208} INFO - Processing /home/AtlasRise/airflow/airflow_env/lib/python3.12/site-packages/airflow/example_dags/example_nested_branch_dag.py took 0.129 seconds
[2024-11-18T21:12:12.410+0500] {processor.py:186} INFO - Started process (PID=21494) to work on /home/AtlasRise/airflow/airflow_env/lib/python3.12/site-packages/airflow/example_dags/example_nested_branch_dag.py
[2024-11-18T21:12:12.413+0500] {processor.py:914} INFO - Processing file /home/AtlasRise/airflow/airflow_env/lib/python3.12/site-packages/airflow/example_dags/example_nested_branch_dag.py for tasks to queue
[2024-11-18T21:12:12.416+0500] {logging_mixin.py:190} INFO - [2024-11-18T21:12:12.416+0500] {dagbag.py:588} INFO - Filling up the DagBag from /home/AtlasRise/airflow/airflow_env/lib/python3.12/site-packages/airflow/example_dags/example_nested_branch_dag.py
[2024-11-18T21:12:12.435+0500] {processor.py:925} INFO - DAG(s) 'example_nested_branch_dag' retrieved from /home/AtlasRise/airflow/airflow_env/lib/python3.12/site-packages/airflow/example_dags/example_nested_branch_dag.py
[2024-11-18T21:12:12.463+0500] {logging_mixin.py:190} INFO - [2024-11-18T21:12:12.463+0500] {dag.py:3239} INFO - Sync 1 DAGs
[2024-11-18T21:12:12.503+0500] {logging_mixin.py:190} INFO - [2024-11-18T21:12:12.503+0500] {dag.py:4180} INFO - Setting next_dagrun for example_nested_branch_dag to 2024-11-17 00:00:00+00:00, run_after=2024-11-18 00:00:00+00:00
[2024-11-18T21:12:12.539+0500] {processor.py:208} INFO - Processing /home/AtlasRise/airflow/airflow_env/lib/python3.12/site-packages/airflow/example_dags/example_nested_branch_dag.py took 0.138 seconds
[2024-11-18T21:13:41.978+0500] {processor.py:186} INFO - Started process (PID=21606) to work on /home/AtlasRise/airflow/airflow_env/lib/python3.12/site-packages/airflow/example_dags/example_nested_branch_dag.py
[2024-11-18T21:13:41.980+0500] {processor.py:914} INFO - Processing file /home/AtlasRise/airflow/airflow_env/lib/python3.12/site-packages/airflow/example_dags/example_nested_branch_dag.py for tasks to queue
[2024-11-18T21:13:41.984+0500] {logging_mixin.py:190} INFO - [2024-11-18T21:13:41.983+0500] {dagbag.py:588} INFO - Filling up the DagBag from /home/AtlasRise/airflow/airflow_env/lib/python3.12/site-packages/airflow/example_dags/example_nested_branch_dag.py
[2024-11-18T21:13:42.001+0500] {processor.py:925} INFO - DAG(s) 'example_nested_branch_dag' retrieved from /home/AtlasRise/airflow/airflow_env/lib/python3.12/site-packages/airflow/example_dags/example_nested_branch_dag.py
[2024-11-18T21:13:42.028+0500] {logging_mixin.py:190} INFO - [2024-11-18T21:13:42.027+0500] {dag.py:3239} INFO - Sync 1 DAGs
[2024-11-18T21:13:42.062+0500] {logging_mixin.py:190} INFO - [2024-11-18T21:13:42.062+0500] {dag.py:4180} INFO - Setting next_dagrun for example_nested_branch_dag to 2024-11-17 00:00:00+00:00, run_after=2024-11-18 00:00:00+00:00
[2024-11-18T21:13:42.097+0500] {processor.py:208} INFO - Processing /home/AtlasRise/airflow/airflow_env/lib/python3.12/site-packages/airflow/example_dags/example_nested_branch_dag.py took 0.127 seconds
[2024-11-18T21:15:10.056+0500] {processor.py:186} INFO - Started process (PID=21729) to work on /home/AtlasRise/airflow/airflow_env/lib/python3.12/site-packages/airflow/example_dags/example_nested_branch_dag.py
[2024-11-18T21:15:10.059+0500] {processor.py:914} INFO - Processing file /home/AtlasRise/airflow/airflow_env/lib/python3.12/site-packages/airflow/example_dags/example_nested_branch_dag.py for tasks to queue
[2024-11-18T21:15:10.062+0500] {logging_mixin.py:190} INFO - [2024-11-18T21:15:10.062+0500] {dagbag.py:588} INFO - Filling up the DagBag from /home/AtlasRise/airflow/airflow_env/lib/python3.12/site-packages/airflow/example_dags/example_nested_branch_dag.py
[2024-11-18T21:15:10.080+0500] {processor.py:925} INFO - DAG(s) 'example_nested_branch_dag' retrieved from /home/AtlasRise/airflow/airflow_env/lib/python3.12/site-packages/airflow/example_dags/example_nested_branch_dag.py
[2024-11-18T21:15:10.107+0500] {logging_mixin.py:190} INFO - [2024-11-18T21:15:10.107+0500] {dag.py:3239} INFO - Sync 1 DAGs
[2024-11-18T21:15:10.141+0500] {logging_mixin.py:190} INFO - [2024-11-18T21:15:10.141+0500] {dag.py:4180} INFO - Setting next_dagrun for example_nested_branch_dag to 2024-11-17 00:00:00+00:00, run_after=2024-11-18 00:00:00+00:00
[2024-11-18T21:15:10.174+0500] {processor.py:208} INFO - Processing /home/AtlasRise/airflow/airflow_env/lib/python3.12/site-packages/airflow/example_dags/example_nested_branch_dag.py took 0.126 seconds
[2024-11-18T21:16:43.655+0500] {processor.py:186} INFO - Started process (PID=21846) to work on /home/AtlasRise/airflow/airflow_env/lib/python3.12/site-packages/airflow/example_dags/example_nested_branch_dag.py
[2024-11-18T21:16:43.658+0500] {processor.py:914} INFO - Processing file /home/AtlasRise/airflow/airflow_env/lib/python3.12/site-packages/airflow/example_dags/example_nested_branch_dag.py for tasks to queue
[2024-11-18T21:16:43.662+0500] {logging_mixin.py:190} INFO - [2024-11-18T21:16:43.661+0500] {dagbag.py:588} INFO - Filling up the DagBag from /home/AtlasRise/airflow/airflow_env/lib/python3.12/site-packages/airflow/example_dags/example_nested_branch_dag.py
[2024-11-18T21:16:43.680+0500] {processor.py:925} INFO - DAG(s) 'example_nested_branch_dag' retrieved from /home/AtlasRise/airflow/airflow_env/lib/python3.12/site-packages/airflow/example_dags/example_nested_branch_dag.py
[2024-11-18T21:16:43.709+0500] {logging_mixin.py:190} INFO - [2024-11-18T21:16:43.708+0500] {dag.py:3239} INFO - Sync 1 DAGs
[2024-11-18T21:16:43.748+0500] {logging_mixin.py:190} INFO - [2024-11-18T21:16:43.748+0500] {dag.py:4180} INFO - Setting next_dagrun for example_nested_branch_dag to 2024-11-17 00:00:00+00:00, run_after=2024-11-18 00:00:00+00:00
[2024-11-18T21:16:43.783+0500] {processor.py:208} INFO - Processing /home/AtlasRise/airflow/airflow_env/lib/python3.12/site-packages/airflow/example_dags/example_nested_branch_dag.py took 0.136 seconds
[2024-11-18T21:18:39.644+0500] {processor.py:186} INFO - Started process (PID=22024) to work on /home/AtlasRise/airflow/airflow_env/lib/python3.12/site-packages/airflow/example_dags/example_nested_branch_dag.py
[2024-11-18T21:18:39.647+0500] {processor.py:914} INFO - Processing file /home/AtlasRise/airflow/airflow_env/lib/python3.12/site-packages/airflow/example_dags/example_nested_branch_dag.py for tasks to queue
[2024-11-18T21:18:39.650+0500] {logging_mixin.py:190} INFO - [2024-11-18T21:18:39.649+0500] {dagbag.py:588} INFO - Filling up the DagBag from /home/AtlasRise/airflow/airflow_env/lib/python3.12/site-packages/airflow/example_dags/example_nested_branch_dag.py
[2024-11-18T21:18:39.668+0500] {processor.py:925} INFO - DAG(s) 'example_nested_branch_dag' retrieved from /home/AtlasRise/airflow/airflow_env/lib/python3.12/site-packages/airflow/example_dags/example_nested_branch_dag.py
[2024-11-18T21:18:39.694+0500] {logging_mixin.py:190} INFO - [2024-11-18T21:18:39.694+0500] {dag.py:3239} INFO - Sync 1 DAGs
[2024-11-18T21:18:39.731+0500] {logging_mixin.py:190} INFO - [2024-11-18T21:18:39.730+0500] {dag.py:4180} INFO - Setting next_dagrun for example_nested_branch_dag to 2024-11-17 00:00:00+00:00, run_after=2024-11-18 00:00:00+00:00
[2024-11-18T21:18:39.763+0500] {processor.py:208} INFO - Processing /home/AtlasRise/airflow/airflow_env/lib/python3.12/site-packages/airflow/example_dags/example_nested_branch_dag.py took 0.127 seconds
[2024-11-18T21:20:19.300+0500] {processor.py:186} INFO - Started process (PID=22148) to work on /home/AtlasRise/airflow/airflow_env/lib/python3.12/site-packages/airflow/example_dags/example_nested_branch_dag.py
[2024-11-18T21:20:19.301+0500] {processor.py:914} INFO - Processing file /home/AtlasRise/airflow/airflow_env/lib/python3.12/site-packages/airflow/example_dags/example_nested_branch_dag.py for tasks to queue
[2024-11-18T21:20:19.304+0500] {logging_mixin.py:190} INFO - [2024-11-18T21:20:19.304+0500] {dagbag.py:588} INFO - Filling up the DagBag from /home/AtlasRise/airflow/airflow_env/lib/python3.12/site-packages/airflow/example_dags/example_nested_branch_dag.py
[2024-11-18T21:20:19.322+0500] {processor.py:925} INFO - DAG(s) 'example_nested_branch_dag' retrieved from /home/AtlasRise/airflow/airflow_env/lib/python3.12/site-packages/airflow/example_dags/example_nested_branch_dag.py
[2024-11-18T21:20:19.348+0500] {logging_mixin.py:190} INFO - [2024-11-18T21:20:19.348+0500] {dag.py:3239} INFO - Sync 1 DAGs
[2024-11-18T21:20:19.383+0500] {logging_mixin.py:190} INFO - [2024-11-18T21:20:19.383+0500] {dag.py:4180} INFO - Setting next_dagrun for example_nested_branch_dag to 2024-11-17 00:00:00+00:00, run_after=2024-11-18 00:00:00+00:00
[2024-11-18T21:20:19.416+0500] {processor.py:208} INFO - Processing /home/AtlasRise/airflow/airflow_env/lib/python3.12/site-packages/airflow/example_dags/example_nested_branch_dag.py took 0.124 seconds
[2024-11-18T21:21:31.132+0500] {processor.py:186} INFO - Started process (PID=22242) to work on /home/AtlasRise/airflow/airflow_env/lib/python3.12/site-packages/airflow/example_dags/example_nested_branch_dag.py
[2024-11-18T21:21:31.135+0500] {processor.py:914} INFO - Processing file /home/AtlasRise/airflow/airflow_env/lib/python3.12/site-packages/airflow/example_dags/example_nested_branch_dag.py for tasks to queue
[2024-11-18T21:21:31.138+0500] {logging_mixin.py:190} INFO - [2024-11-18T21:21:31.137+0500] {dagbag.py:588} INFO - Filling up the DagBag from /home/AtlasRise/airflow/airflow_env/lib/python3.12/site-packages/airflow/example_dags/example_nested_branch_dag.py
[2024-11-18T21:21:31.156+0500] {processor.py:925} INFO - DAG(s) 'example_nested_branch_dag' retrieved from /home/AtlasRise/airflow/airflow_env/lib/python3.12/site-packages/airflow/example_dags/example_nested_branch_dag.py
[2024-11-18T21:21:31.183+0500] {logging_mixin.py:190} INFO - [2024-11-18T21:21:31.183+0500] {dag.py:3239} INFO - Sync 1 DAGs
[2024-11-18T21:21:31.217+0500] {logging_mixin.py:190} INFO - [2024-11-18T21:21:31.217+0500] {dag.py:4180} INFO - Setting next_dagrun for example_nested_branch_dag to 2024-11-17 00:00:00+00:00, run_after=2024-11-18 00:00:00+00:00
[2024-11-18T21:21:31.250+0500] {processor.py:208} INFO - Processing /home/AtlasRise/airflow/airflow_env/lib/python3.12/site-packages/airflow/example_dags/example_nested_branch_dag.py took 0.126 seconds
[2024-11-18T21:22:41.575+0500] {processor.py:186} INFO - Started process (PID=22319) to work on /home/AtlasRise/airflow/airflow_env/lib/python3.12/site-packages/airflow/example_dags/example_nested_branch_dag.py
[2024-11-18T21:22:41.581+0500] {processor.py:914} INFO - Processing file /home/AtlasRise/airflow/airflow_env/lib/python3.12/site-packages/airflow/example_dags/example_nested_branch_dag.py for tasks to queue
[2024-11-18T21:22:41.584+0500] {logging_mixin.py:190} INFO - [2024-11-18T21:22:41.583+0500] {dagbag.py:588} INFO - Filling up the DagBag from /home/AtlasRise/airflow/airflow_env/lib/python3.12/site-packages/airflow/example_dags/example_nested_branch_dag.py
[2024-11-18T21:22:41.606+0500] {processor.py:925} INFO - DAG(s) 'example_nested_branch_dag' retrieved from /home/AtlasRise/airflow/airflow_env/lib/python3.12/site-packages/airflow/example_dags/example_nested_branch_dag.py
[2024-11-18T21:22:41.633+0500] {logging_mixin.py:190} INFO - [2024-11-18T21:22:41.633+0500] {dag.py:3239} INFO - Sync 1 DAGs
[2024-11-18T21:22:41.668+0500] {logging_mixin.py:190} INFO - [2024-11-18T21:22:41.668+0500] {dag.py:4180} INFO - Setting next_dagrun for example_nested_branch_dag to 2024-11-17 00:00:00+00:00, run_after=2024-11-18 00:00:00+00:00
[2024-11-18T21:22:41.702+0500] {processor.py:208} INFO - Processing /home/AtlasRise/airflow/airflow_env/lib/python3.12/site-packages/airflow/example_dags/example_nested_branch_dag.py took 0.135 seconds
