[2024-11-18T20:40:40.065+0500] {processor.py:186} INFO - Started process (PID=18931) to work on /home/AtlasRise/airflow/airflow_env/lib/python3.12/site-packages/airflow/example_dags/example_setup_teardown_taskflow.py
[2024-11-18T20:40:40.066+0500] {processor.py:914} INFO - Processing file /home/AtlasRise/airflow/airflow_env/lib/python3.12/site-packages/airflow/example_dags/example_setup_teardown_taskflow.py for tasks to queue
[2024-11-18T20:40:40.072+0500] {logging_mixin.py:190} INFO - [2024-11-18T20:40:40.070+0500] {dagbag.py:588} INFO - Filling up the DagBag from /home/AtlasRise/airflow/airflow_env/lib/python3.12/site-packages/airflow/example_dags/example_setup_teardown_taskflow.py
[2024-11-18T20:40:40.095+0500] {processor.py:925} INFO - DAG(s) 'example_setup_teardown_taskflow' retrieved from /home/AtlasRise/airflow/airflow_env/lib/python3.12/site-packages/airflow/example_dags/example_setup_teardown_taskflow.py
[2024-11-18T20:40:40.314+0500] {logging_mixin.py:190} INFO - [2024-11-18T20:40:40.313+0500] {override.py:1911} INFO - Created Permission View: can read on DAG:example_setup_teardown_taskflow
[2024-11-18T20:40:40.337+0500] {logging_mixin.py:190} INFO - [2024-11-18T20:40:40.336+0500] {override.py:1911} INFO - Created Permission View: can edit on DAG:example_setup_teardown_taskflow
[2024-11-18T20:40:40.351+0500] {logging_mixin.py:190} INFO - [2024-11-18T20:40:40.351+0500] {override.py:1911} INFO - Created Permission View: can delete on DAG:example_setup_teardown_taskflow
[2024-11-18T20:40:40.372+0500] {logging_mixin.py:190} INFO - [2024-11-18T20:40:40.371+0500] {override.py:1911} INFO - Created Permission View: can read on DAG Run:example_setup_teardown_taskflow
[2024-11-18T20:40:40.385+0500] {logging_mixin.py:190} INFO - [2024-11-18T20:40:40.384+0500] {override.py:1911} INFO - Created Permission View: can create on DAG Run:example_setup_teardown_taskflow
[2024-11-18T20:40:40.398+0500] {logging_mixin.py:190} INFO - [2024-11-18T20:40:40.398+0500] {override.py:1911} INFO - Created Permission View: can delete on DAG Run:example_setup_teardown_taskflow
[2024-11-18T20:40:40.421+0500] {logging_mixin.py:190} INFO - [2024-11-18T20:40:40.420+0500] {override.py:1911} INFO - Created Permission View: menu access on DAG Run:example_setup_teardown_taskflow
[2024-11-18T20:40:40.422+0500] {logging_mixin.py:190} INFO - [2024-11-18T20:40:40.422+0500] {dag.py:3239} INFO - Sync 1 DAGs
[2024-11-18T20:40:40.445+0500] {logging_mixin.py:190} INFO - [2024-11-18T20:40:40.444+0500] {dag.py:3262} INFO - Creating ORM DAG for example_setup_teardown_taskflow
[2024-11-18T20:40:40.445+0500] {logging_mixin.py:190} INFO - [2024-11-18T20:40:40.445+0500] {dag.py:4180} INFO - Setting next_dagrun for example_setup_teardown_taskflow to None, run_after=None
[2024-11-18T20:40:40.477+0500] {processor.py:208} INFO - Processing /home/AtlasRise/airflow/airflow_env/lib/python3.12/site-packages/airflow/example_dags/example_setup_teardown_taskflow.py took 0.422 seconds
[2024-11-18T20:41:51.236+0500] {processor.py:186} INFO - Started process (PID=19106) to work on /home/AtlasRise/airflow/airflow_env/lib/python3.12/site-packages/airflow/example_dags/example_setup_teardown_taskflow.py
[2024-11-18T20:41:51.238+0500] {processor.py:914} INFO - Processing file /home/AtlasRise/airflow/airflow_env/lib/python3.12/site-packages/airflow/example_dags/example_setup_teardown_taskflow.py for tasks to queue
[2024-11-18T20:41:51.241+0500] {logging_mixin.py:190} INFO - [2024-11-18T20:41:51.240+0500] {dagbag.py:588} INFO - Filling up the DagBag from /home/AtlasRise/airflow/airflow_env/lib/python3.12/site-packages/airflow/example_dags/example_setup_teardown_taskflow.py
[2024-11-18T20:41:51.257+0500] {processor.py:925} INFO - DAG(s) 'example_setup_teardown_taskflow' retrieved from /home/AtlasRise/airflow/airflow_env/lib/python3.12/site-packages/airflow/example_dags/example_setup_teardown_taskflow.py
[2024-11-18T20:41:51.284+0500] {logging_mixin.py:190} INFO - [2024-11-18T20:41:51.284+0500] {dag.py:3239} INFO - Sync 1 DAGs
[2024-11-18T20:41:51.304+0500] {logging_mixin.py:190} INFO - [2024-11-18T20:41:51.304+0500] {dag.py:4180} INFO - Setting next_dagrun for example_setup_teardown_taskflow to None, run_after=None
[2024-11-18T20:41:51.338+0500] {processor.py:208} INFO - Processing /home/AtlasRise/airflow/airflow_env/lib/python3.12/site-packages/airflow/example_dags/example_setup_teardown_taskflow.py took 0.109 seconds
[2024-11-18T20:43:02.331+0500] {processor.py:186} INFO - Started process (PID=19190) to work on /home/AtlasRise/airflow/airflow_env/lib/python3.12/site-packages/airflow/example_dags/example_setup_teardown_taskflow.py
[2024-11-18T20:43:02.334+0500] {processor.py:914} INFO - Processing file /home/AtlasRise/airflow/airflow_env/lib/python3.12/site-packages/airflow/example_dags/example_setup_teardown_taskflow.py for tasks to queue
[2024-11-18T20:43:02.337+0500] {logging_mixin.py:190} INFO - [2024-11-18T20:43:02.337+0500] {dagbag.py:588} INFO - Filling up the DagBag from /home/AtlasRise/airflow/airflow_env/lib/python3.12/site-packages/airflow/example_dags/example_setup_teardown_taskflow.py
[2024-11-18T20:43:02.357+0500] {processor.py:925} INFO - DAG(s) 'example_setup_teardown_taskflow' retrieved from /home/AtlasRise/airflow/airflow_env/lib/python3.12/site-packages/airflow/example_dags/example_setup_teardown_taskflow.py
[2024-11-18T20:43:02.390+0500] {logging_mixin.py:190} INFO - [2024-11-18T20:43:02.389+0500] {dag.py:3239} INFO - Sync 1 DAGs
[2024-11-18T20:43:02.415+0500] {logging_mixin.py:190} INFO - [2024-11-18T20:43:02.414+0500] {dag.py:4180} INFO - Setting next_dagrun for example_setup_teardown_taskflow to None, run_after=None
[2024-11-18T20:43:02.455+0500] {processor.py:208} INFO - Processing /home/AtlasRise/airflow/airflow_env/lib/python3.12/site-packages/airflow/example_dags/example_setup_teardown_taskflow.py took 0.132 seconds
[2024-11-18T20:44:09.468+0500] {processor.py:186} INFO - Started process (PID=19273) to work on /home/AtlasRise/airflow/airflow_env/lib/python3.12/site-packages/airflow/example_dags/example_setup_teardown_taskflow.py
[2024-11-18T20:44:09.471+0500] {processor.py:914} INFO - Processing file /home/AtlasRise/airflow/airflow_env/lib/python3.12/site-packages/airflow/example_dags/example_setup_teardown_taskflow.py for tasks to queue
[2024-11-18T20:44:09.473+0500] {logging_mixin.py:190} INFO - [2024-11-18T20:44:09.473+0500] {dagbag.py:588} INFO - Filling up the DagBag from /home/AtlasRise/airflow/airflow_env/lib/python3.12/site-packages/airflow/example_dags/example_setup_teardown_taskflow.py
[2024-11-18T20:44:09.490+0500] {processor.py:925} INFO - DAG(s) 'example_setup_teardown_taskflow' retrieved from /home/AtlasRise/airflow/airflow_env/lib/python3.12/site-packages/airflow/example_dags/example_setup_teardown_taskflow.py
[2024-11-18T20:44:09.516+0500] {logging_mixin.py:190} INFO - [2024-11-18T20:44:09.516+0500] {dag.py:3239} INFO - Sync 1 DAGs
[2024-11-18T20:44:09.536+0500] {logging_mixin.py:190} INFO - [2024-11-18T20:44:09.536+0500] {dag.py:4180} INFO - Setting next_dagrun for example_setup_teardown_taskflow to None, run_after=None
[2024-11-18T20:44:09.571+0500] {processor.py:208} INFO - Processing /home/AtlasRise/airflow/airflow_env/lib/python3.12/site-packages/airflow/example_dags/example_setup_teardown_taskflow.py took 0.110 seconds
[2024-11-18T20:45:13.793+0500] {processor.py:186} INFO - Started process (PID=19344) to work on /home/AtlasRise/airflow/airflow_env/lib/python3.12/site-packages/airflow/example_dags/example_setup_teardown_taskflow.py
[2024-11-18T20:45:13.796+0500] {processor.py:914} INFO - Processing file /home/AtlasRise/airflow/airflow_env/lib/python3.12/site-packages/airflow/example_dags/example_setup_teardown_taskflow.py for tasks to queue
[2024-11-18T20:45:13.798+0500] {logging_mixin.py:190} INFO - [2024-11-18T20:45:13.798+0500] {dagbag.py:588} INFO - Filling up the DagBag from /home/AtlasRise/airflow/airflow_env/lib/python3.12/site-packages/airflow/example_dags/example_setup_teardown_taskflow.py
[2024-11-18T20:45:13.814+0500] {processor.py:925} INFO - DAG(s) 'example_setup_teardown_taskflow' retrieved from /home/AtlasRise/airflow/airflow_env/lib/python3.12/site-packages/airflow/example_dags/example_setup_teardown_taskflow.py
[2024-11-18T20:45:13.840+0500] {logging_mixin.py:190} INFO - [2024-11-18T20:45:13.840+0500] {dag.py:3239} INFO - Sync 1 DAGs
[2024-11-18T20:45:13.860+0500] {logging_mixin.py:190} INFO - [2024-11-18T20:45:13.860+0500] {dag.py:4180} INFO - Setting next_dagrun for example_setup_teardown_taskflow to None, run_after=None
[2024-11-18T20:45:13.892+0500] {processor.py:208} INFO - Processing /home/AtlasRise/airflow/airflow_env/lib/python3.12/site-packages/airflow/example_dags/example_setup_teardown_taskflow.py took 0.107 seconds
[2024-11-18T20:46:33.841+0500] {processor.py:186} INFO - Started process (PID=19558) to work on /home/AtlasRise/airflow/airflow_env/lib/python3.12/site-packages/airflow/example_dags/example_setup_teardown_taskflow.py
[2024-11-18T20:46:33.843+0500] {processor.py:914} INFO - Processing file /home/AtlasRise/airflow/airflow_env/lib/python3.12/site-packages/airflow/example_dags/example_setup_teardown_taskflow.py for tasks to queue
[2024-11-18T20:46:33.846+0500] {logging_mixin.py:190} INFO - [2024-11-18T20:46:33.846+0500] {dagbag.py:588} INFO - Filling up the DagBag from /home/AtlasRise/airflow/airflow_env/lib/python3.12/site-packages/airflow/example_dags/example_setup_teardown_taskflow.py
[2024-11-18T20:46:33.863+0500] {processor.py:925} INFO - DAG(s) 'example_setup_teardown_taskflow' retrieved from /home/AtlasRise/airflow/airflow_env/lib/python3.12/site-packages/airflow/example_dags/example_setup_teardown_taskflow.py
[2024-11-18T20:46:33.891+0500] {logging_mixin.py:190} INFO - [2024-11-18T20:46:33.890+0500] {dag.py:3239} INFO - Sync 1 DAGs
[2024-11-18T20:46:33.912+0500] {logging_mixin.py:190} INFO - [2024-11-18T20:46:33.912+0500] {dag.py:4180} INFO - Setting next_dagrun for example_setup_teardown_taskflow to None, run_after=None
[2024-11-18T20:46:33.947+0500] {processor.py:208} INFO - Processing /home/AtlasRise/airflow/airflow_env/lib/python3.12/site-packages/airflow/example_dags/example_setup_teardown_taskflow.py took 0.114 seconds
[2024-11-18T20:47:44.741+0500] {processor.py:186} INFO - Started process (PID=19709) to work on /home/AtlasRise/airflow/airflow_env/lib/python3.12/site-packages/airflow/example_dags/example_setup_teardown_taskflow.py
[2024-11-18T20:47:44.744+0500] {processor.py:914} INFO - Processing file /home/AtlasRise/airflow/airflow_env/lib/python3.12/site-packages/airflow/example_dags/example_setup_teardown_taskflow.py for tasks to queue
[2024-11-18T20:47:44.747+0500] {logging_mixin.py:190} INFO - [2024-11-18T20:47:44.747+0500] {dagbag.py:588} INFO - Filling up the DagBag from /home/AtlasRise/airflow/airflow_env/lib/python3.12/site-packages/airflow/example_dags/example_setup_teardown_taskflow.py
[2024-11-18T20:47:44.764+0500] {processor.py:925} INFO - DAG(s) 'example_setup_teardown_taskflow' retrieved from /home/AtlasRise/airflow/airflow_env/lib/python3.12/site-packages/airflow/example_dags/example_setup_teardown_taskflow.py
[2024-11-18T20:47:44.794+0500] {logging_mixin.py:190} INFO - [2024-11-18T20:47:44.793+0500] {dag.py:3239} INFO - Sync 1 DAGs
[2024-11-18T20:47:44.816+0500] {logging_mixin.py:190} INFO - [2024-11-18T20:47:44.816+0500] {dag.py:4180} INFO - Setting next_dagrun for example_setup_teardown_taskflow to None, run_after=None
[2024-11-18T20:47:44.853+0500] {processor.py:208} INFO - Processing /home/AtlasRise/airflow/airflow_env/lib/python3.12/site-packages/airflow/example_dags/example_setup_teardown_taskflow.py took 0.121 seconds
[2024-11-18T20:48:48.189+0500] {processor.py:186} INFO - Started process (PID=19801) to work on /home/AtlasRise/airflow/airflow_env/lib/python3.12/site-packages/airflow/example_dags/example_setup_teardown_taskflow.py
[2024-11-18T20:48:48.191+0500] {processor.py:914} INFO - Processing file /home/AtlasRise/airflow/airflow_env/lib/python3.12/site-packages/airflow/example_dags/example_setup_teardown_taskflow.py for tasks to queue
[2024-11-18T20:48:48.194+0500] {logging_mixin.py:190} INFO - [2024-11-18T20:48:48.194+0500] {dagbag.py:588} INFO - Filling up the DagBag from /home/AtlasRise/airflow/airflow_env/lib/python3.12/site-packages/airflow/example_dags/example_setup_teardown_taskflow.py
[2024-11-18T20:48:48.211+0500] {processor.py:925} INFO - DAG(s) 'example_setup_teardown_taskflow' retrieved from /home/AtlasRise/airflow/airflow_env/lib/python3.12/site-packages/airflow/example_dags/example_setup_teardown_taskflow.py
[2024-11-18T20:48:48.238+0500] {logging_mixin.py:190} INFO - [2024-11-18T20:48:48.238+0500] {dag.py:3239} INFO - Sync 1 DAGs
[2024-11-18T20:48:48.259+0500] {logging_mixin.py:190} INFO - [2024-11-18T20:48:48.259+0500] {dag.py:4180} INFO - Setting next_dagrun for example_setup_teardown_taskflow to None, run_after=None
[2024-11-18T20:48:48.294+0500] {processor.py:208} INFO - Processing /home/AtlasRise/airflow/airflow_env/lib/python3.12/site-packages/airflow/example_dags/example_setup_teardown_taskflow.py took 0.113 seconds
[2024-11-18T20:49:57.229+0500] {processor.py:186} INFO - Started process (PID=19876) to work on /home/AtlasRise/airflow/airflow_env/lib/python3.12/site-packages/airflow/example_dags/example_setup_teardown_taskflow.py
[2024-11-18T20:49:57.230+0500] {processor.py:914} INFO - Processing file /home/AtlasRise/airflow/airflow_env/lib/python3.12/site-packages/airflow/example_dags/example_setup_teardown_taskflow.py for tasks to queue
[2024-11-18T20:49:57.233+0500] {logging_mixin.py:190} INFO - [2024-11-18T20:49:57.233+0500] {dagbag.py:588} INFO - Filling up the DagBag from /home/AtlasRise/airflow/airflow_env/lib/python3.12/site-packages/airflow/example_dags/example_setup_teardown_taskflow.py
[2024-11-18T20:49:57.250+0500] {processor.py:925} INFO - DAG(s) 'example_setup_teardown_taskflow' retrieved from /home/AtlasRise/airflow/airflow_env/lib/python3.12/site-packages/airflow/example_dags/example_setup_teardown_taskflow.py
[2024-11-18T20:49:57.278+0500] {logging_mixin.py:190} INFO - [2024-11-18T20:49:57.277+0500] {dag.py:3239} INFO - Sync 1 DAGs
[2024-11-18T20:49:57.298+0500] {logging_mixin.py:190} INFO - [2024-11-18T20:49:57.298+0500] {dag.py:4180} INFO - Setting next_dagrun for example_setup_teardown_taskflow to None, run_after=None
[2024-11-18T20:49:57.339+0500] {processor.py:208} INFO - Processing /home/AtlasRise/airflow/airflow_env/lib/python3.12/site-packages/airflow/example_dags/example_setup_teardown_taskflow.py took 0.118 seconds
[2024-11-18T20:51:08.917+0500] {processor.py:186} INFO - Started process (PID=19949) to work on /home/AtlasRise/airflow/airflow_env/lib/python3.12/site-packages/airflow/example_dags/example_setup_teardown_taskflow.py
[2024-11-18T20:51:08.920+0500] {processor.py:914} INFO - Processing file /home/AtlasRise/airflow/airflow_env/lib/python3.12/site-packages/airflow/example_dags/example_setup_teardown_taskflow.py for tasks to queue
[2024-11-18T20:51:08.923+0500] {logging_mixin.py:190} INFO - [2024-11-18T20:51:08.922+0500] {dagbag.py:588} INFO - Filling up the DagBag from /home/AtlasRise/airflow/airflow_env/lib/python3.12/site-packages/airflow/example_dags/example_setup_teardown_taskflow.py
[2024-11-18T20:51:08.940+0500] {processor.py:925} INFO - DAG(s) 'example_setup_teardown_taskflow' retrieved from /home/AtlasRise/airflow/airflow_env/lib/python3.12/site-packages/airflow/example_dags/example_setup_teardown_taskflow.py
[2024-11-18T20:51:08.967+0500] {logging_mixin.py:190} INFO - [2024-11-18T20:51:08.967+0500] {dag.py:3239} INFO - Sync 1 DAGs
[2024-11-18T20:51:08.988+0500] {logging_mixin.py:190} INFO - [2024-11-18T20:51:08.987+0500] {dag.py:4180} INFO - Setting next_dagrun for example_setup_teardown_taskflow to None, run_after=None
[2024-11-18T20:51:09.021+0500] {processor.py:208} INFO - Processing /home/AtlasRise/airflow/airflow_env/lib/python3.12/site-packages/airflow/example_dags/example_setup_teardown_taskflow.py took 0.112 seconds
[2024-11-18T20:52:19.946+0500] {processor.py:186} INFO - Started process (PID=20035) to work on /home/AtlasRise/airflow/airflow_env/lib/python3.12/site-packages/airflow/example_dags/example_setup_teardown_taskflow.py
[2024-11-18T20:52:19.947+0500] {processor.py:914} INFO - Processing file /home/AtlasRise/airflow/airflow_env/lib/python3.12/site-packages/airflow/example_dags/example_setup_teardown_taskflow.py for tasks to queue
[2024-11-18T20:52:19.952+0500] {logging_mixin.py:190} INFO - [2024-11-18T20:52:19.952+0500] {dagbag.py:588} INFO - Filling up the DagBag from /home/AtlasRise/airflow/airflow_env/lib/python3.12/site-packages/airflow/example_dags/example_setup_teardown_taskflow.py
[2024-11-18T20:52:19.976+0500] {processor.py:925} INFO - DAG(s) 'example_setup_teardown_taskflow' retrieved from /home/AtlasRise/airflow/airflow_env/lib/python3.12/site-packages/airflow/example_dags/example_setup_teardown_taskflow.py
[2024-11-18T20:52:20.007+0500] {logging_mixin.py:190} INFO - [2024-11-18T20:52:20.007+0500] {dag.py:3239} INFO - Sync 1 DAGs
[2024-11-18T20:52:20.028+0500] {logging_mixin.py:190} INFO - [2024-11-18T20:52:20.027+0500] {dag.py:4180} INFO - Setting next_dagrun for example_setup_teardown_taskflow to None, run_after=None
[2024-11-18T20:52:20.062+0500] {processor.py:208} INFO - Processing /home/AtlasRise/airflow/airflow_env/lib/python3.12/site-packages/airflow/example_dags/example_setup_teardown_taskflow.py took 0.129 seconds
[2024-11-18T20:53:26.629+0500] {processor.py:186} INFO - Started process (PID=20108) to work on /home/AtlasRise/airflow/airflow_env/lib/python3.12/site-packages/airflow/example_dags/example_setup_teardown_taskflow.py
[2024-11-18T20:53:26.632+0500] {processor.py:914} INFO - Processing file /home/AtlasRise/airflow/airflow_env/lib/python3.12/site-packages/airflow/example_dags/example_setup_teardown_taskflow.py for tasks to queue
[2024-11-18T20:53:26.635+0500] {logging_mixin.py:190} INFO - [2024-11-18T20:53:26.635+0500] {dagbag.py:588} INFO - Filling up the DagBag from /home/AtlasRise/airflow/airflow_env/lib/python3.12/site-packages/airflow/example_dags/example_setup_teardown_taskflow.py
[2024-11-18T20:53:26.651+0500] {processor.py:925} INFO - DAG(s) 'example_setup_teardown_taskflow' retrieved from /home/AtlasRise/airflow/airflow_env/lib/python3.12/site-packages/airflow/example_dags/example_setup_teardown_taskflow.py
[2024-11-18T20:53:26.679+0500] {logging_mixin.py:190} INFO - [2024-11-18T20:53:26.678+0500] {dag.py:3239} INFO - Sync 1 DAGs
[2024-11-18T20:53:26.699+0500] {logging_mixin.py:190} INFO - [2024-11-18T20:53:26.699+0500] {dag.py:4180} INFO - Setting next_dagrun for example_setup_teardown_taskflow to None, run_after=None
[2024-11-18T20:53:26.732+0500] {processor.py:208} INFO - Processing /home/AtlasRise/airflow/airflow_env/lib/python3.12/site-packages/airflow/example_dags/example_setup_teardown_taskflow.py took 0.111 seconds
[2024-11-18T20:54:42.389+0500] {processor.py:186} INFO - Started process (PID=20203) to work on /home/AtlasRise/airflow/airflow_env/lib/python3.12/site-packages/airflow/example_dags/example_setup_teardown_taskflow.py
[2024-11-18T20:54:42.391+0500] {processor.py:914} INFO - Processing file /home/AtlasRise/airflow/airflow_env/lib/python3.12/site-packages/airflow/example_dags/example_setup_teardown_taskflow.py for tasks to queue
[2024-11-18T20:54:42.394+0500] {logging_mixin.py:190} INFO - [2024-11-18T20:54:42.393+0500] {dagbag.py:588} INFO - Filling up the DagBag from /home/AtlasRise/airflow/airflow_env/lib/python3.12/site-packages/airflow/example_dags/example_setup_teardown_taskflow.py
[2024-11-18T20:54:42.413+0500] {processor.py:925} INFO - DAG(s) 'example_setup_teardown_taskflow' retrieved from /home/AtlasRise/airflow/airflow_env/lib/python3.12/site-packages/airflow/example_dags/example_setup_teardown_taskflow.py
[2024-11-18T20:54:42.443+0500] {logging_mixin.py:190} INFO - [2024-11-18T20:54:42.442+0500] {dag.py:3239} INFO - Sync 1 DAGs
[2024-11-18T20:54:42.465+0500] {logging_mixin.py:190} INFO - [2024-11-18T20:54:42.464+0500] {dag.py:4180} INFO - Setting next_dagrun for example_setup_teardown_taskflow to None, run_after=None
[2024-11-18T20:54:42.501+0500] {processor.py:208} INFO - Processing /home/AtlasRise/airflow/airflow_env/lib/python3.12/site-packages/airflow/example_dags/example_setup_teardown_taskflow.py took 0.120 seconds
[2024-11-18T20:56:08.217+0500] {processor.py:186} INFO - Started process (PID=20291) to work on /home/AtlasRise/airflow/airflow_env/lib/python3.12/site-packages/airflow/example_dags/example_setup_teardown_taskflow.py
[2024-11-18T20:56:08.219+0500] {processor.py:914} INFO - Processing file /home/AtlasRise/airflow/airflow_env/lib/python3.12/site-packages/airflow/example_dags/example_setup_teardown_taskflow.py for tasks to queue
[2024-11-18T20:56:08.222+0500] {logging_mixin.py:190} INFO - [2024-11-18T20:56:08.221+0500] {dagbag.py:588} INFO - Filling up the DagBag from /home/AtlasRise/airflow/airflow_env/lib/python3.12/site-packages/airflow/example_dags/example_setup_teardown_taskflow.py
[2024-11-18T20:56:08.238+0500] {processor.py:925} INFO - DAG(s) 'example_setup_teardown_taskflow' retrieved from /home/AtlasRise/airflow/airflow_env/lib/python3.12/site-packages/airflow/example_dags/example_setup_teardown_taskflow.py
[2024-11-18T20:56:08.266+0500] {logging_mixin.py:190} INFO - [2024-11-18T20:56:08.265+0500] {dag.py:3239} INFO - Sync 1 DAGs
[2024-11-18T20:56:08.286+0500] {logging_mixin.py:190} INFO - [2024-11-18T20:56:08.286+0500] {dag.py:4180} INFO - Setting next_dagrun for example_setup_teardown_taskflow to None, run_after=None
[2024-11-18T20:56:08.320+0500] {processor.py:208} INFO - Processing /home/AtlasRise/airflow/airflow_env/lib/python3.12/site-packages/airflow/example_dags/example_setup_teardown_taskflow.py took 0.110 seconds
[2024-11-18T20:57:21.966+0500] {processor.py:186} INFO - Started process (PID=20375) to work on /home/AtlasRise/airflow/airflow_env/lib/python3.12/site-packages/airflow/example_dags/example_setup_teardown_taskflow.py
[2024-11-18T20:57:21.967+0500] {processor.py:914} INFO - Processing file /home/AtlasRise/airflow/airflow_env/lib/python3.12/site-packages/airflow/example_dags/example_setup_teardown_taskflow.py for tasks to queue
[2024-11-18T20:57:21.971+0500] {logging_mixin.py:190} INFO - [2024-11-18T20:57:21.970+0500] {dagbag.py:588} INFO - Filling up the DagBag from /home/AtlasRise/airflow/airflow_env/lib/python3.12/site-packages/airflow/example_dags/example_setup_teardown_taskflow.py
[2024-11-18T20:57:21.987+0500] {processor.py:925} INFO - DAG(s) 'example_setup_teardown_taskflow' retrieved from /home/AtlasRise/airflow/airflow_env/lib/python3.12/site-packages/airflow/example_dags/example_setup_teardown_taskflow.py
[2024-11-18T20:57:22.016+0500] {logging_mixin.py:190} INFO - [2024-11-18T20:57:22.015+0500] {dag.py:3239} INFO - Sync 1 DAGs
[2024-11-18T20:57:22.037+0500] {logging_mixin.py:190} INFO - [2024-11-18T20:57:22.036+0500] {dag.py:4180} INFO - Setting next_dagrun for example_setup_teardown_taskflow to None, run_after=None
[2024-11-18T20:57:22.068+0500] {processor.py:208} INFO - Processing /home/AtlasRise/airflow/airflow_env/lib/python3.12/site-packages/airflow/example_dags/example_setup_teardown_taskflow.py took 0.110 seconds
[2024-11-18T20:58:32.405+0500] {processor.py:186} INFO - Started process (PID=20468) to work on /home/AtlasRise/airflow/airflow_env/lib/python3.12/site-packages/airflow/example_dags/example_setup_teardown_taskflow.py
[2024-11-18T20:58:32.406+0500] {processor.py:914} INFO - Processing file /home/AtlasRise/airflow/airflow_env/lib/python3.12/site-packages/airflow/example_dags/example_setup_teardown_taskflow.py for tasks to queue
[2024-11-18T20:58:32.409+0500] {logging_mixin.py:190} INFO - [2024-11-18T20:58:32.409+0500] {dagbag.py:588} INFO - Filling up the DagBag from /home/AtlasRise/airflow/airflow_env/lib/python3.12/site-packages/airflow/example_dags/example_setup_teardown_taskflow.py
[2024-11-18T20:58:32.426+0500] {processor.py:925} INFO - DAG(s) 'example_setup_teardown_taskflow' retrieved from /home/AtlasRise/airflow/airflow_env/lib/python3.12/site-packages/airflow/example_dags/example_setup_teardown_taskflow.py
[2024-11-18T20:58:32.457+0500] {logging_mixin.py:190} INFO - [2024-11-18T20:58:32.457+0500] {dag.py:3239} INFO - Sync 1 DAGs
[2024-11-18T20:58:32.479+0500] {logging_mixin.py:190} INFO - [2024-11-18T20:58:32.478+0500] {dag.py:4180} INFO - Setting next_dagrun for example_setup_teardown_taskflow to None, run_after=None
[2024-11-18T20:58:32.512+0500] {processor.py:208} INFO - Processing /home/AtlasRise/airflow/airflow_env/lib/python3.12/site-packages/airflow/example_dags/example_setup_teardown_taskflow.py took 0.116 seconds
[2024-11-18T20:59:42.107+0500] {processor.py:186} INFO - Started process (PID=20542) to work on /home/AtlasRise/airflow/airflow_env/lib/python3.12/site-packages/airflow/example_dags/example_setup_teardown_taskflow.py
[2024-11-18T20:59:42.110+0500] {processor.py:914} INFO - Processing file /home/AtlasRise/airflow/airflow_env/lib/python3.12/site-packages/airflow/example_dags/example_setup_teardown_taskflow.py for tasks to queue
[2024-11-18T20:59:42.113+0500] {logging_mixin.py:190} INFO - [2024-11-18T20:59:42.112+0500] {dagbag.py:588} INFO - Filling up the DagBag from /home/AtlasRise/airflow/airflow_env/lib/python3.12/site-packages/airflow/example_dags/example_setup_teardown_taskflow.py
[2024-11-18T20:59:42.130+0500] {processor.py:925} INFO - DAG(s) 'example_setup_teardown_taskflow' retrieved from /home/AtlasRise/airflow/airflow_env/lib/python3.12/site-packages/airflow/example_dags/example_setup_teardown_taskflow.py
[2024-11-18T20:59:42.165+0500] {logging_mixin.py:190} INFO - [2024-11-18T20:59:42.164+0500] {dag.py:3239} INFO - Sync 1 DAGs
[2024-11-18T20:59:42.185+0500] {logging_mixin.py:190} INFO - [2024-11-18T20:59:42.184+0500] {dag.py:4180} INFO - Setting next_dagrun for example_setup_teardown_taskflow to None, run_after=None
[2024-11-18T20:59:42.216+0500] {processor.py:208} INFO - Processing /home/AtlasRise/airflow/airflow_env/lib/python3.12/site-packages/airflow/example_dags/example_setup_teardown_taskflow.py took 0.117 seconds
[2024-11-18T21:00:53.886+0500] {processor.py:186} INFO - Started process (PID=20615) to work on /home/AtlasRise/airflow/airflow_env/lib/python3.12/site-packages/airflow/example_dags/example_setup_teardown_taskflow.py
[2024-11-18T21:00:53.888+0500] {processor.py:914} INFO - Processing file /home/AtlasRise/airflow/airflow_env/lib/python3.12/site-packages/airflow/example_dags/example_setup_teardown_taskflow.py for tasks to queue
[2024-11-18T21:00:53.891+0500] {logging_mixin.py:190} INFO - [2024-11-18T21:00:53.890+0500] {dagbag.py:588} INFO - Filling up the DagBag from /home/AtlasRise/airflow/airflow_env/lib/python3.12/site-packages/airflow/example_dags/example_setup_teardown_taskflow.py
[2024-11-18T21:00:53.907+0500] {processor.py:925} INFO - DAG(s) 'example_setup_teardown_taskflow' retrieved from /home/AtlasRise/airflow/airflow_env/lib/python3.12/site-packages/airflow/example_dags/example_setup_teardown_taskflow.py
[2024-11-18T21:00:53.936+0500] {logging_mixin.py:190} INFO - [2024-11-18T21:00:53.936+0500] {dag.py:3239} INFO - Sync 1 DAGs
[2024-11-18T21:00:53.957+0500] {logging_mixin.py:190} INFO - [2024-11-18T21:00:53.956+0500] {dag.py:4180} INFO - Setting next_dagrun for example_setup_teardown_taskflow to None, run_after=None
[2024-11-18T21:00:53.988+0500] {processor.py:208} INFO - Processing /home/AtlasRise/airflow/airflow_env/lib/python3.12/site-packages/airflow/example_dags/example_setup_teardown_taskflow.py took 0.111 seconds
[2024-11-18T21:01:59.216+0500] {processor.py:186} INFO - Started process (PID=20700) to work on /home/AtlasRise/airflow/airflow_env/lib/python3.12/site-packages/airflow/example_dags/example_setup_teardown_taskflow.py
[2024-11-18T21:01:59.218+0500] {processor.py:914} INFO - Processing file /home/AtlasRise/airflow/airflow_env/lib/python3.12/site-packages/airflow/example_dags/example_setup_teardown_taskflow.py for tasks to queue
[2024-11-18T21:01:59.221+0500] {logging_mixin.py:190} INFO - [2024-11-18T21:01:59.221+0500] {dagbag.py:588} INFO - Filling up the DagBag from /home/AtlasRise/airflow/airflow_env/lib/python3.12/site-packages/airflow/example_dags/example_setup_teardown_taskflow.py
[2024-11-18T21:01:59.237+0500] {processor.py:925} INFO - DAG(s) 'example_setup_teardown_taskflow' retrieved from /home/AtlasRise/airflow/airflow_env/lib/python3.12/site-packages/airflow/example_dags/example_setup_teardown_taskflow.py
[2024-11-18T21:01:59.264+0500] {logging_mixin.py:190} INFO - [2024-11-18T21:01:59.264+0500] {dag.py:3239} INFO - Sync 1 DAGs
[2024-11-18T21:01:59.286+0500] {logging_mixin.py:190} INFO - [2024-11-18T21:01:59.285+0500] {dag.py:4180} INFO - Setting next_dagrun for example_setup_teardown_taskflow to None, run_after=None
[2024-11-18T21:01:59.318+0500] {processor.py:208} INFO - Processing /home/AtlasRise/airflow/airflow_env/lib/python3.12/site-packages/airflow/example_dags/example_setup_teardown_taskflow.py took 0.110 seconds
[2024-11-18T21:03:13.952+0500] {processor.py:186} INFO - Started process (PID=20775) to work on /home/AtlasRise/airflow/airflow_env/lib/python3.12/site-packages/airflow/example_dags/example_setup_teardown_taskflow.py
[2024-11-18T21:03:13.954+0500] {processor.py:914} INFO - Processing file /home/AtlasRise/airflow/airflow_env/lib/python3.12/site-packages/airflow/example_dags/example_setup_teardown_taskflow.py for tasks to queue
[2024-11-18T21:03:13.957+0500] {logging_mixin.py:190} INFO - [2024-11-18T21:03:13.957+0500] {dagbag.py:588} INFO - Filling up the DagBag from /home/AtlasRise/airflow/airflow_env/lib/python3.12/site-packages/airflow/example_dags/example_setup_teardown_taskflow.py
[2024-11-18T21:03:13.973+0500] {processor.py:925} INFO - DAG(s) 'example_setup_teardown_taskflow' retrieved from /home/AtlasRise/airflow/airflow_env/lib/python3.12/site-packages/airflow/example_dags/example_setup_teardown_taskflow.py
[2024-11-18T21:03:14.000+0500] {logging_mixin.py:190} INFO - [2024-11-18T21:03:14.000+0500] {dag.py:3239} INFO - Sync 1 DAGs
[2024-11-18T21:03:14.021+0500] {logging_mixin.py:190} INFO - [2024-11-18T21:03:14.021+0500] {dag.py:4180} INFO - Setting next_dagrun for example_setup_teardown_taskflow to None, run_after=None
[2024-11-18T21:03:14.055+0500] {processor.py:208} INFO - Processing /home/AtlasRise/airflow/airflow_env/lib/python3.12/site-packages/airflow/example_dags/example_setup_teardown_taskflow.py took 0.111 seconds
[2024-11-18T21:04:19.509+0500] {processor.py:186} INFO - Started process (PID=20860) to work on /home/AtlasRise/airflow/airflow_env/lib/python3.12/site-packages/airflow/example_dags/example_setup_teardown_taskflow.py
[2024-11-18T21:04:19.512+0500] {processor.py:914} INFO - Processing file /home/AtlasRise/airflow/airflow_env/lib/python3.12/site-packages/airflow/example_dags/example_setup_teardown_taskflow.py for tasks to queue
[2024-11-18T21:04:19.515+0500] {logging_mixin.py:190} INFO - [2024-11-18T21:04:19.514+0500] {dagbag.py:588} INFO - Filling up the DagBag from /home/AtlasRise/airflow/airflow_env/lib/python3.12/site-packages/airflow/example_dags/example_setup_teardown_taskflow.py
[2024-11-18T21:04:19.531+0500] {processor.py:925} INFO - DAG(s) 'example_setup_teardown_taskflow' retrieved from /home/AtlasRise/airflow/airflow_env/lib/python3.12/site-packages/airflow/example_dags/example_setup_teardown_taskflow.py
[2024-11-18T21:04:19.558+0500] {logging_mixin.py:190} INFO - [2024-11-18T21:04:19.558+0500] {dag.py:3239} INFO - Sync 1 DAGs
[2024-11-18T21:04:19.580+0500] {logging_mixin.py:190} INFO - [2024-11-18T21:04:19.580+0500] {dag.py:4180} INFO - Setting next_dagrun for example_setup_teardown_taskflow to None, run_after=None
[2024-11-18T21:04:19.616+0500] {processor.py:208} INFO - Processing /home/AtlasRise/airflow/airflow_env/lib/python3.12/site-packages/airflow/example_dags/example_setup_teardown_taskflow.py took 0.115 seconds
[2024-11-18T21:05:26.181+0500] {processor.py:186} INFO - Started process (PID=20946) to work on /home/AtlasRise/airflow/airflow_env/lib/python3.12/site-packages/airflow/example_dags/example_setup_teardown_taskflow.py
[2024-11-18T21:05:26.184+0500] {processor.py:914} INFO - Processing file /home/AtlasRise/airflow/airflow_env/lib/python3.12/site-packages/airflow/example_dags/example_setup_teardown_taskflow.py for tasks to queue
[2024-11-18T21:05:26.187+0500] {logging_mixin.py:190} INFO - [2024-11-18T21:05:26.186+0500] {dagbag.py:588} INFO - Filling up the DagBag from /home/AtlasRise/airflow/airflow_env/lib/python3.12/site-packages/airflow/example_dags/example_setup_teardown_taskflow.py
[2024-11-18T21:05:26.204+0500] {processor.py:925} INFO - DAG(s) 'example_setup_teardown_taskflow' retrieved from /home/AtlasRise/airflow/airflow_env/lib/python3.12/site-packages/airflow/example_dags/example_setup_teardown_taskflow.py
[2024-11-18T21:05:26.243+0500] {logging_mixin.py:190} INFO - [2024-11-18T21:05:26.242+0500] {dag.py:3239} INFO - Sync 1 DAGs
[2024-11-18T21:05:26.274+0500] {logging_mixin.py:190} INFO - [2024-11-18T21:05:26.274+0500] {dag.py:4180} INFO - Setting next_dagrun for example_setup_teardown_taskflow to None, run_after=None
[2024-11-18T21:05:26.313+0500] {processor.py:208} INFO - Processing /home/AtlasRise/airflow/airflow_env/lib/python3.12/site-packages/airflow/example_dags/example_setup_teardown_taskflow.py took 0.140 seconds
[2024-11-18T21:06:34.637+0500] {processor.py:186} INFO - Started process (PID=21031) to work on /home/AtlasRise/airflow/airflow_env/lib/python3.12/site-packages/airflow/example_dags/example_setup_teardown_taskflow.py
[2024-11-18T21:06:34.639+0500] {processor.py:914} INFO - Processing file /home/AtlasRise/airflow/airflow_env/lib/python3.12/site-packages/airflow/example_dags/example_setup_teardown_taskflow.py for tasks to queue
[2024-11-18T21:06:34.643+0500] {logging_mixin.py:190} INFO - [2024-11-18T21:06:34.642+0500] {dagbag.py:588} INFO - Filling up the DagBag from /home/AtlasRise/airflow/airflow_env/lib/python3.12/site-packages/airflow/example_dags/example_setup_teardown_taskflow.py
[2024-11-18T21:06:34.660+0500] {processor.py:925} INFO - DAG(s) 'example_setup_teardown_taskflow' retrieved from /home/AtlasRise/airflow/airflow_env/lib/python3.12/site-packages/airflow/example_dags/example_setup_teardown_taskflow.py
[2024-11-18T21:06:34.689+0500] {logging_mixin.py:190} INFO - [2024-11-18T21:06:34.689+0500] {dag.py:3239} INFO - Sync 1 DAGs
[2024-11-18T21:06:34.712+0500] {logging_mixin.py:190} INFO - [2024-11-18T21:06:34.711+0500] {dag.py:4180} INFO - Setting next_dagrun for example_setup_teardown_taskflow to None, run_after=None
[2024-11-18T21:06:34.758+0500] {processor.py:208} INFO - Processing /home/AtlasRise/airflow/airflow_env/lib/python3.12/site-packages/airflow/example_dags/example_setup_teardown_taskflow.py took 0.129 seconds
[2024-11-18T21:07:54.861+0500] {processor.py:186} INFO - Started process (PID=21130) to work on /home/AtlasRise/airflow/airflow_env/lib/python3.12/site-packages/airflow/example_dags/example_setup_teardown_taskflow.py
[2024-11-18T21:07:54.863+0500] {processor.py:914} INFO - Processing file /home/AtlasRise/airflow/airflow_env/lib/python3.12/site-packages/airflow/example_dags/example_setup_teardown_taskflow.py for tasks to queue
[2024-11-18T21:07:54.872+0500] {logging_mixin.py:190} INFO - [2024-11-18T21:07:54.867+0500] {dagbag.py:588} INFO - Filling up the DagBag from /home/AtlasRise/airflow/airflow_env/lib/python3.12/site-packages/airflow/example_dags/example_setup_teardown_taskflow.py
[2024-11-18T21:07:54.897+0500] {processor.py:925} INFO - DAG(s) 'example_setup_teardown_taskflow' retrieved from /home/AtlasRise/airflow/airflow_env/lib/python3.12/site-packages/airflow/example_dags/example_setup_teardown_taskflow.py
[2024-11-18T21:07:54.925+0500] {logging_mixin.py:190} INFO - [2024-11-18T21:07:54.925+0500] {dag.py:3239} INFO - Sync 1 DAGs
[2024-11-18T21:07:54.951+0500] {logging_mixin.py:190} INFO - [2024-11-18T21:07:54.950+0500] {dag.py:4180} INFO - Setting next_dagrun for example_setup_teardown_taskflow to None, run_after=None
[2024-11-18T21:07:54.994+0500] {processor.py:208} INFO - Processing /home/AtlasRise/airflow/airflow_env/lib/python3.12/site-packages/airflow/example_dags/example_setup_teardown_taskflow.py took 0.169 seconds
[2024-11-18T21:09:00.724+0500] {processor.py:186} INFO - Started process (PID=21211) to work on /home/AtlasRise/airflow/airflow_env/lib/python3.12/site-packages/airflow/example_dags/example_setup_teardown_taskflow.py
[2024-11-18T21:09:00.726+0500] {processor.py:914} INFO - Processing file /home/AtlasRise/airflow/airflow_env/lib/python3.12/site-packages/airflow/example_dags/example_setup_teardown_taskflow.py for tasks to queue
[2024-11-18T21:09:00.729+0500] {logging_mixin.py:190} INFO - [2024-11-18T21:09:00.728+0500] {dagbag.py:588} INFO - Filling up the DagBag from /home/AtlasRise/airflow/airflow_env/lib/python3.12/site-packages/airflow/example_dags/example_setup_teardown_taskflow.py
[2024-11-18T21:09:00.746+0500] {processor.py:925} INFO - DAG(s) 'example_setup_teardown_taskflow' retrieved from /home/AtlasRise/airflow/airflow_env/lib/python3.12/site-packages/airflow/example_dags/example_setup_teardown_taskflow.py
[2024-11-18T21:09:00.773+0500] {logging_mixin.py:190} INFO - [2024-11-18T21:09:00.773+0500] {dag.py:3239} INFO - Sync 1 DAGs
[2024-11-18T21:09:00.794+0500] {logging_mixin.py:190} INFO - [2024-11-18T21:09:00.794+0500] {dag.py:4180} INFO - Setting next_dagrun for example_setup_teardown_taskflow to None, run_after=None
[2024-11-18T21:09:00.831+0500] {processor.py:208} INFO - Processing /home/AtlasRise/airflow/airflow_env/lib/python3.12/site-packages/airflow/example_dags/example_setup_teardown_taskflow.py took 0.115 seconds
[2024-11-18T21:10:12.291+0500] {processor.py:186} INFO - Started process (PID=21310) to work on /home/AtlasRise/airflow/airflow_env/lib/python3.12/site-packages/airflow/example_dags/example_setup_teardown_taskflow.py
[2024-11-18T21:10:12.300+0500] {processor.py:914} INFO - Processing file /home/AtlasRise/airflow/airflow_env/lib/python3.12/site-packages/airflow/example_dags/example_setup_teardown_taskflow.py for tasks to queue
[2024-11-18T21:10:12.310+0500] {logging_mixin.py:190} INFO - [2024-11-18T21:10:12.309+0500] {dagbag.py:588} INFO - Filling up the DagBag from /home/AtlasRise/airflow/airflow_env/lib/python3.12/site-packages/airflow/example_dags/example_setup_teardown_taskflow.py
[2024-11-18T21:10:12.363+0500] {processor.py:925} INFO - DAG(s) 'example_setup_teardown_taskflow' retrieved from /home/AtlasRise/airflow/airflow_env/lib/python3.12/site-packages/airflow/example_dags/example_setup_teardown_taskflow.py
[2024-11-18T21:10:12.405+0500] {logging_mixin.py:190} INFO - [2024-11-18T21:10:12.404+0500] {dag.py:3239} INFO - Sync 1 DAGs
[2024-11-18T21:10:12.427+0500] {logging_mixin.py:190} INFO - [2024-11-18T21:10:12.427+0500] {dag.py:4180} INFO - Setting next_dagrun for example_setup_teardown_taskflow to None, run_after=None
[2024-11-18T21:10:12.463+0500] {processor.py:208} INFO - Processing /home/AtlasRise/airflow/airflow_env/lib/python3.12/site-packages/airflow/example_dags/example_setup_teardown_taskflow.py took 0.182 seconds
[2024-11-18T21:11:26.696+0500] {processor.py:186} INFO - Started process (PID=21435) to work on /home/AtlasRise/airflow/airflow_env/lib/python3.12/site-packages/airflow/example_dags/example_setup_teardown_taskflow.py
[2024-11-18T21:11:26.701+0500] {processor.py:914} INFO - Processing file /home/AtlasRise/airflow/airflow_env/lib/python3.12/site-packages/airflow/example_dags/example_setup_teardown_taskflow.py for tasks to queue
[2024-11-18T21:11:26.707+0500] {logging_mixin.py:190} INFO - [2024-11-18T21:11:26.706+0500] {dagbag.py:588} INFO - Filling up the DagBag from /home/AtlasRise/airflow/airflow_env/lib/python3.12/site-packages/airflow/example_dags/example_setup_teardown_taskflow.py
[2024-11-18T21:11:26.729+0500] {processor.py:925} INFO - DAG(s) 'example_setup_teardown_taskflow' retrieved from /home/AtlasRise/airflow/airflow_env/lib/python3.12/site-packages/airflow/example_dags/example_setup_teardown_taskflow.py
[2024-11-18T21:11:26.765+0500] {logging_mixin.py:190} INFO - [2024-11-18T21:11:26.764+0500] {dag.py:3239} INFO - Sync 1 DAGs
[2024-11-18T21:11:26.798+0500] {logging_mixin.py:190} INFO - [2024-11-18T21:11:26.797+0500] {dag.py:4180} INFO - Setting next_dagrun for example_setup_teardown_taskflow to None, run_after=None
[2024-11-18T21:11:26.836+0500] {processor.py:208} INFO - Processing /home/AtlasRise/airflow/airflow_env/lib/python3.12/site-packages/airflow/example_dags/example_setup_teardown_taskflow.py took 0.155 seconds
[2024-11-18T21:13:20.696+0500] {processor.py:186} INFO - Started process (PID=21580) to work on /home/AtlasRise/airflow/airflow_env/lib/python3.12/site-packages/airflow/example_dags/example_setup_teardown_taskflow.py
[2024-11-18T21:13:20.698+0500] {processor.py:914} INFO - Processing file /home/AtlasRise/airflow/airflow_env/lib/python3.12/site-packages/airflow/example_dags/example_setup_teardown_taskflow.py for tasks to queue
[2024-11-18T21:13:20.702+0500] {logging_mixin.py:190} INFO - [2024-11-18T21:13:20.701+0500] {dagbag.py:588} INFO - Filling up the DagBag from /home/AtlasRise/airflow/airflow_env/lib/python3.12/site-packages/airflow/example_dags/example_setup_teardown_taskflow.py
[2024-11-18T21:13:20.721+0500] {processor.py:925} INFO - DAG(s) 'example_setup_teardown_taskflow' retrieved from /home/AtlasRise/airflow/airflow_env/lib/python3.12/site-packages/airflow/example_dags/example_setup_teardown_taskflow.py
[2024-11-18T21:13:20.749+0500] {logging_mixin.py:190} INFO - [2024-11-18T21:13:20.748+0500] {dag.py:3239} INFO - Sync 1 DAGs
[2024-11-18T21:13:20.770+0500] {logging_mixin.py:190} INFO - [2024-11-18T21:13:20.770+0500] {dag.py:4180} INFO - Setting next_dagrun for example_setup_teardown_taskflow to None, run_after=None
[2024-11-18T21:13:20.804+0500] {processor.py:208} INFO - Processing /home/AtlasRise/airflow/airflow_env/lib/python3.12/site-packages/airflow/example_dags/example_setup_teardown_taskflow.py took 0.119 seconds
[2024-11-18T21:14:47.785+0500] {processor.py:186} INFO - Started process (PID=21696) to work on /home/AtlasRise/airflow/airflow_env/lib/python3.12/site-packages/airflow/example_dags/example_setup_teardown_taskflow.py
[2024-11-18T21:14:47.786+0500] {processor.py:914} INFO - Processing file /home/AtlasRise/airflow/airflow_env/lib/python3.12/site-packages/airflow/example_dags/example_setup_teardown_taskflow.py for tasks to queue
[2024-11-18T21:14:47.789+0500] {logging_mixin.py:190} INFO - [2024-11-18T21:14:47.789+0500] {dagbag.py:588} INFO - Filling up the DagBag from /home/AtlasRise/airflow/airflow_env/lib/python3.12/site-packages/airflow/example_dags/example_setup_teardown_taskflow.py
[2024-11-18T21:14:47.806+0500] {processor.py:925} INFO - DAG(s) 'example_setup_teardown_taskflow' retrieved from /home/AtlasRise/airflow/airflow_env/lib/python3.12/site-packages/airflow/example_dags/example_setup_teardown_taskflow.py
[2024-11-18T21:14:47.833+0500] {logging_mixin.py:190} INFO - [2024-11-18T21:14:47.833+0500] {dag.py:3239} INFO - Sync 1 DAGs
[2024-11-18T21:14:47.855+0500] {logging_mixin.py:190} INFO - [2024-11-18T21:14:47.855+0500] {dag.py:4180} INFO - Setting next_dagrun for example_setup_teardown_taskflow to None, run_after=None
[2024-11-18T21:14:47.887+0500] {processor.py:208} INFO - Processing /home/AtlasRise/airflow/airflow_env/lib/python3.12/site-packages/airflow/example_dags/example_setup_teardown_taskflow.py took 0.111 seconds
[2024-11-18T21:16:21.348+0500] {processor.py:186} INFO - Started process (PID=21816) to work on /home/AtlasRise/airflow/airflow_env/lib/python3.12/site-packages/airflow/example_dags/example_setup_teardown_taskflow.py
[2024-11-18T21:16:21.350+0500] {processor.py:914} INFO - Processing file /home/AtlasRise/airflow/airflow_env/lib/python3.12/site-packages/airflow/example_dags/example_setup_teardown_taskflow.py for tasks to queue
[2024-11-18T21:16:21.353+0500] {logging_mixin.py:190} INFO - [2024-11-18T21:16:21.353+0500] {dagbag.py:588} INFO - Filling up the DagBag from /home/AtlasRise/airflow/airflow_env/lib/python3.12/site-packages/airflow/example_dags/example_setup_teardown_taskflow.py
[2024-11-18T21:16:21.370+0500] {processor.py:925} INFO - DAG(s) 'example_setup_teardown_taskflow' retrieved from /home/AtlasRise/airflow/airflow_env/lib/python3.12/site-packages/airflow/example_dags/example_setup_teardown_taskflow.py
[2024-11-18T21:16:21.399+0500] {logging_mixin.py:190} INFO - [2024-11-18T21:16:21.398+0500] {dag.py:3239} INFO - Sync 1 DAGs
[2024-11-18T21:16:21.419+0500] {logging_mixin.py:190} INFO - [2024-11-18T21:16:21.419+0500] {dag.py:4180} INFO - Setting next_dagrun for example_setup_teardown_taskflow to None, run_after=None
[2024-11-18T21:16:21.453+0500] {processor.py:208} INFO - Processing /home/AtlasRise/airflow/airflow_env/lib/python3.12/site-packages/airflow/example_dags/example_setup_teardown_taskflow.py took 0.114 seconds
[2024-11-18T21:18:07.471+0500] {processor.py:186} INFO - Started process (PID=21975) to work on /home/AtlasRise/airflow/airflow_env/lib/python3.12/site-packages/airflow/example_dags/example_setup_teardown_taskflow.py
[2024-11-18T21:18:07.473+0500] {processor.py:914} INFO - Processing file /home/AtlasRise/airflow/airflow_env/lib/python3.12/site-packages/airflow/example_dags/example_setup_teardown_taskflow.py for tasks to queue
[2024-11-18T21:18:07.476+0500] {logging_mixin.py:190} INFO - [2024-11-18T21:18:07.475+0500] {dagbag.py:588} INFO - Filling up the DagBag from /home/AtlasRise/airflow/airflow_env/lib/python3.12/site-packages/airflow/example_dags/example_setup_teardown_taskflow.py
[2024-11-18T21:18:07.493+0500] {processor.py:925} INFO - DAG(s) 'example_setup_teardown_taskflow' retrieved from /home/AtlasRise/airflow/airflow_env/lib/python3.12/site-packages/airflow/example_dags/example_setup_teardown_taskflow.py
[2024-11-18T21:18:07.520+0500] {logging_mixin.py:190} INFO - [2024-11-18T21:18:07.519+0500] {dag.py:3239} INFO - Sync 1 DAGs
[2024-11-18T21:18:07.541+0500] {logging_mixin.py:190} INFO - [2024-11-18T21:18:07.541+0500] {dag.py:4180} INFO - Setting next_dagrun for example_setup_teardown_taskflow to None, run_after=None
[2024-11-18T21:18:07.574+0500] {processor.py:208} INFO - Processing /home/AtlasRise/airflow/airflow_env/lib/python3.12/site-packages/airflow/example_dags/example_setup_teardown_taskflow.py took 0.111 seconds
[2024-11-18T21:19:05.151+0500] {processor.py:186} INFO - Started process (PID=22068) to work on /home/AtlasRise/airflow/airflow_env/lib/python3.12/site-packages/airflow/example_dags/example_setup_teardown_taskflow.py
[2024-11-18T21:19:05.161+0500] {processor.py:914} INFO - Processing file /home/AtlasRise/airflow/airflow_env/lib/python3.12/site-packages/airflow/example_dags/example_setup_teardown_taskflow.py for tasks to queue
[2024-11-18T21:19:05.170+0500] {logging_mixin.py:190} INFO - [2024-11-18T21:19:05.163+0500] {dagbag.py:588} INFO - Filling up the DagBag from /home/AtlasRise/airflow/airflow_env/lib/python3.12/site-packages/airflow/example_dags/example_setup_teardown_taskflow.py
[2024-11-18T21:19:05.197+0500] {processor.py:925} INFO - DAG(s) 'example_setup_teardown_taskflow' retrieved from /home/AtlasRise/airflow/airflow_env/lib/python3.12/site-packages/airflow/example_dags/example_setup_teardown_taskflow.py
[2024-11-18T21:19:05.232+0500] {logging_mixin.py:190} INFO - [2024-11-18T21:19:05.232+0500] {dag.py:3239} INFO - Sync 1 DAGs
[2024-11-18T21:19:05.254+0500] {logging_mixin.py:190} INFO - [2024-11-18T21:19:05.253+0500] {dag.py:4180} INFO - Setting next_dagrun for example_setup_teardown_taskflow to None, run_after=None
[2024-11-18T21:19:05.286+0500] {processor.py:208} INFO - Processing /home/AtlasRise/airflow/airflow_env/lib/python3.12/site-packages/airflow/example_dags/example_setup_teardown_taskflow.py took 0.163 seconds
[2024-11-18T21:20:01.528+0500] {processor.py:186} INFO - Started process (PID=22133) to work on /home/AtlasRise/airflow/airflow_env/lib/python3.12/site-packages/airflow/example_dags/example_setup_teardown_taskflow.py
[2024-11-18T21:20:01.531+0500] {processor.py:914} INFO - Processing file /home/AtlasRise/airflow/airflow_env/lib/python3.12/site-packages/airflow/example_dags/example_setup_teardown_taskflow.py for tasks to queue
[2024-11-18T21:20:01.534+0500] {logging_mixin.py:190} INFO - [2024-11-18T21:20:01.533+0500] {dagbag.py:588} INFO - Filling up the DagBag from /home/AtlasRise/airflow/airflow_env/lib/python3.12/site-packages/airflow/example_dags/example_setup_teardown_taskflow.py
[2024-11-18T21:20:01.551+0500] {processor.py:925} INFO - DAG(s) 'example_setup_teardown_taskflow' retrieved from /home/AtlasRise/airflow/airflow_env/lib/python3.12/site-packages/airflow/example_dags/example_setup_teardown_taskflow.py
[2024-11-18T21:20:01.579+0500] {logging_mixin.py:190} INFO - [2024-11-18T21:20:01.578+0500] {dag.py:3239} INFO - Sync 1 DAGs
[2024-11-18T21:20:01.600+0500] {logging_mixin.py:190} INFO - [2024-11-18T21:20:01.600+0500] {dag.py:4180} INFO - Setting next_dagrun for example_setup_teardown_taskflow to None, run_after=None
[2024-11-18T21:20:01.631+0500] {processor.py:208} INFO - Processing /home/AtlasRise/airflow/airflow_env/lib/python3.12/site-packages/airflow/example_dags/example_setup_teardown_taskflow.py took 0.111 seconds
[2024-11-18T21:21:11.915+0500] {processor.py:186} INFO - Started process (PID=22223) to work on /home/AtlasRise/airflow/airflow_env/lib/python3.12/site-packages/airflow/example_dags/example_setup_teardown_taskflow.py
[2024-11-18T21:21:11.917+0500] {processor.py:914} INFO - Processing file /home/AtlasRise/airflow/airflow_env/lib/python3.12/site-packages/airflow/example_dags/example_setup_teardown_taskflow.py for tasks to queue
[2024-11-18T21:21:11.920+0500] {logging_mixin.py:190} INFO - [2024-11-18T21:21:11.919+0500] {dagbag.py:588} INFO - Filling up the DagBag from /home/AtlasRise/airflow/airflow_env/lib/python3.12/site-packages/airflow/example_dags/example_setup_teardown_taskflow.py
[2024-11-18T21:21:11.936+0500] {processor.py:925} INFO - DAG(s) 'example_setup_teardown_taskflow' retrieved from /home/AtlasRise/airflow/airflow_env/lib/python3.12/site-packages/airflow/example_dags/example_setup_teardown_taskflow.py
[2024-11-18T21:21:11.965+0500] {logging_mixin.py:190} INFO - [2024-11-18T21:21:11.965+0500] {dag.py:3239} INFO - Sync 1 DAGs
[2024-11-18T21:21:11.986+0500] {logging_mixin.py:190} INFO - [2024-11-18T21:21:11.986+0500] {dag.py:4180} INFO - Setting next_dagrun for example_setup_teardown_taskflow to None, run_after=None
[2024-11-18T21:21:12.028+0500] {processor.py:208} INFO - Processing /home/AtlasRise/airflow/airflow_env/lib/python3.12/site-packages/airflow/example_dags/example_setup_teardown_taskflow.py took 0.121 seconds
[2024-11-18T21:22:24.854+0500] {processor.py:186} INFO - Started process (PID=22302) to work on /home/AtlasRise/airflow/airflow_env/lib/python3.12/site-packages/airflow/example_dags/example_setup_teardown_taskflow.py
[2024-11-18T21:22:24.856+0500] {processor.py:914} INFO - Processing file /home/AtlasRise/airflow/airflow_env/lib/python3.12/site-packages/airflow/example_dags/example_setup_teardown_taskflow.py for tasks to queue
[2024-11-18T21:22:24.859+0500] {logging_mixin.py:190} INFO - [2024-11-18T21:22:24.859+0500] {dagbag.py:588} INFO - Filling up the DagBag from /home/AtlasRise/airflow/airflow_env/lib/python3.12/site-packages/airflow/example_dags/example_setup_teardown_taskflow.py
[2024-11-18T21:22:24.877+0500] {processor.py:925} INFO - DAG(s) 'example_setup_teardown_taskflow' retrieved from /home/AtlasRise/airflow/airflow_env/lib/python3.12/site-packages/airflow/example_dags/example_setup_teardown_taskflow.py
[2024-11-18T21:22:24.906+0500] {logging_mixin.py:190} INFO - [2024-11-18T21:22:24.906+0500] {dag.py:3239} INFO - Sync 1 DAGs
[2024-11-18T21:22:24.927+0500] {logging_mixin.py:190} INFO - [2024-11-18T21:22:24.927+0500] {dag.py:4180} INFO - Setting next_dagrun for example_setup_teardown_taskflow to None, run_after=None
[2024-11-18T21:22:24.960+0500] {processor.py:208} INFO - Processing /home/AtlasRise/airflow/airflow_env/lib/python3.12/site-packages/airflow/example_dags/example_setup_teardown_taskflow.py took 0.115 seconds
