[2024-11-18T20:40:45.053+0500] {processor.py:186} INFO - Started process (PID=18935) to work on /home/AtlasRise/airflow/airflow_env/lib/python3.12/site-packages/airflow/example_dags/example_short_circuit_operator.py
[2024-11-18T20:40:45.054+0500] {processor.py:914} INFO - Processing file /home/AtlasRise/airflow/airflow_env/lib/python3.12/site-packages/airflow/example_dags/example_short_circuit_operator.py for tasks to queue
[2024-11-18T20:40:45.057+0500] {logging_mixin.py:190} INFO - [2024-11-18T20:40:45.056+0500] {dagbag.py:588} INFO - Filling up the DagBag from /home/AtlasRise/airflow/airflow_env/lib/python3.12/site-packages/airflow/example_dags/example_short_circuit_operator.py
[2024-11-18T20:40:45.069+0500] {processor.py:925} INFO - DAG(s) 'example_short_circuit_operator' retrieved from /home/AtlasRise/airflow/airflow_env/lib/python3.12/site-packages/airflow/example_dags/example_short_circuit_operator.py
[2024-11-18T20:40:45.247+0500] {logging_mixin.py:190} INFO - [2024-11-18T20:40:45.245+0500] {override.py:1911} INFO - Created Permission View: can read on DAG:example_short_circuit_operator
[2024-11-18T20:40:45.283+0500] {logging_mixin.py:190} INFO - [2024-11-18T20:40:45.283+0500] {override.py:1911} INFO - Created Permission View: can edit on DAG:example_short_circuit_operator
[2024-11-18T20:40:45.310+0500] {logging_mixin.py:190} INFO - [2024-11-18T20:40:45.309+0500] {override.py:1911} INFO - Created Permission View: can delete on DAG:example_short_circuit_operator
[2024-11-18T20:40:45.349+0500] {logging_mixin.py:190} INFO - [2024-11-18T20:40:45.348+0500] {override.py:1911} INFO - Created Permission View: can read on DAG Run:example_short_circuit_operator
[2024-11-18T20:40:45.396+0500] {logging_mixin.py:190} INFO - [2024-11-18T20:40:45.396+0500] {override.py:1911} INFO - Created Permission View: can create on DAG Run:example_short_circuit_operator
[2024-11-18T20:40:45.433+0500] {logging_mixin.py:190} INFO - [2024-11-18T20:40:45.432+0500] {override.py:1911} INFO - Created Permission View: can delete on DAG Run:example_short_circuit_operator
[2024-11-18T20:40:45.450+0500] {logging_mixin.py:190} INFO - [2024-11-18T20:40:45.450+0500] {override.py:1911} INFO - Created Permission View: menu access on DAG Run:example_short_circuit_operator
[2024-11-18T20:40:45.455+0500] {logging_mixin.py:190} INFO - [2024-11-18T20:40:45.454+0500] {dag.py:3239} INFO - Sync 1 DAGs
[2024-11-18T20:40:45.489+0500] {logging_mixin.py:190} INFO - [2024-11-18T20:40:45.489+0500] {dag.py:3262} INFO - Creating ORM DAG for example_short_circuit_operator
[2024-11-18T20:40:45.490+0500] {logging_mixin.py:190} INFO - [2024-11-18T20:40:45.490+0500] {dag.py:4180} INFO - Setting next_dagrun for example_short_circuit_operator to None, run_after=None
[2024-11-18T20:40:45.540+0500] {processor.py:208} INFO - Processing /home/AtlasRise/airflow/airflow_env/lib/python3.12/site-packages/airflow/example_dags/example_short_circuit_operator.py took 0.495 seconds
[2024-11-18T20:41:56.298+0500] {processor.py:186} INFO - Started process (PID=19112) to work on /home/AtlasRise/airflow/airflow_env/lib/python3.12/site-packages/airflow/example_dags/example_short_circuit_operator.py
[2024-11-18T20:41:56.299+0500] {processor.py:914} INFO - Processing file /home/AtlasRise/airflow/airflow_env/lib/python3.12/site-packages/airflow/example_dags/example_short_circuit_operator.py for tasks to queue
[2024-11-18T20:41:56.302+0500] {logging_mixin.py:190} INFO - [2024-11-18T20:41:56.301+0500] {dagbag.py:588} INFO - Filling up the DagBag from /home/AtlasRise/airflow/airflow_env/lib/python3.12/site-packages/airflow/example_dags/example_short_circuit_operator.py
[2024-11-18T20:41:56.316+0500] {processor.py:925} INFO - DAG(s) 'example_short_circuit_operator' retrieved from /home/AtlasRise/airflow/airflow_env/lib/python3.12/site-packages/airflow/example_dags/example_short_circuit_operator.py
[2024-11-18T20:41:56.345+0500] {logging_mixin.py:190} INFO - [2024-11-18T20:41:56.344+0500] {dag.py:3239} INFO - Sync 1 DAGs
[2024-11-18T20:41:56.364+0500] {logging_mixin.py:190} INFO - [2024-11-18T20:41:56.364+0500] {dag.py:4180} INFO - Setting next_dagrun for example_short_circuit_operator to None, run_after=None
[2024-11-18T20:41:56.397+0500] {processor.py:208} INFO - Processing /home/AtlasRise/airflow/airflow_env/lib/python3.12/site-packages/airflow/example_dags/example_short_circuit_operator.py took 0.107 seconds
[2024-11-18T20:43:06.997+0500] {processor.py:186} INFO - Started process (PID=19194) to work on /home/AtlasRise/airflow/airflow_env/lib/python3.12/site-packages/airflow/example_dags/example_short_circuit_operator.py
[2024-11-18T20:43:06.999+0500] {processor.py:914} INFO - Processing file /home/AtlasRise/airflow/airflow_env/lib/python3.12/site-packages/airflow/example_dags/example_short_circuit_operator.py for tasks to queue
[2024-11-18T20:43:07.002+0500] {logging_mixin.py:190} INFO - [2024-11-18T20:43:07.002+0500] {dagbag.py:588} INFO - Filling up the DagBag from /home/AtlasRise/airflow/airflow_env/lib/python3.12/site-packages/airflow/example_dags/example_short_circuit_operator.py
[2024-11-18T20:43:07.018+0500] {processor.py:925} INFO - DAG(s) 'example_short_circuit_operator' retrieved from /home/AtlasRise/airflow/airflow_env/lib/python3.12/site-packages/airflow/example_dags/example_short_circuit_operator.py
[2024-11-18T20:43:07.047+0500] {logging_mixin.py:190} INFO - [2024-11-18T20:43:07.047+0500] {dag.py:3239} INFO - Sync 1 DAGs
[2024-11-18T20:43:07.067+0500] {logging_mixin.py:190} INFO - [2024-11-18T20:43:07.066+0500] {dag.py:4180} INFO - Setting next_dagrun for example_short_circuit_operator to None, run_after=None
[2024-11-18T20:43:07.099+0500] {processor.py:208} INFO - Processing /home/AtlasRise/airflow/airflow_env/lib/python3.12/site-packages/airflow/example_dags/example_short_circuit_operator.py took 0.110 seconds
[2024-11-18T20:44:13.478+0500] {processor.py:186} INFO - Started process (PID=19277) to work on /home/AtlasRise/airflow/airflow_env/lib/python3.12/site-packages/airflow/example_dags/example_short_circuit_operator.py
[2024-11-18T20:44:13.481+0500] {processor.py:914} INFO - Processing file /home/AtlasRise/airflow/airflow_env/lib/python3.12/site-packages/airflow/example_dags/example_short_circuit_operator.py for tasks to queue
[2024-11-18T20:44:13.484+0500] {logging_mixin.py:190} INFO - [2024-11-18T20:44:13.484+0500] {dagbag.py:588} INFO - Filling up the DagBag from /home/AtlasRise/airflow/airflow_env/lib/python3.12/site-packages/airflow/example_dags/example_short_circuit_operator.py
[2024-11-18T20:44:13.499+0500] {processor.py:925} INFO - DAG(s) 'example_short_circuit_operator' retrieved from /home/AtlasRise/airflow/airflow_env/lib/python3.12/site-packages/airflow/example_dags/example_short_circuit_operator.py
[2024-11-18T20:44:13.528+0500] {logging_mixin.py:190} INFO - [2024-11-18T20:44:13.528+0500] {dag.py:3239} INFO - Sync 1 DAGs
[2024-11-18T20:44:13.548+0500] {logging_mixin.py:190} INFO - [2024-11-18T20:44:13.547+0500] {dag.py:4180} INFO - Setting next_dagrun for example_short_circuit_operator to None, run_after=None
[2024-11-18T20:44:13.584+0500] {processor.py:208} INFO - Processing /home/AtlasRise/airflow/airflow_env/lib/python3.12/site-packages/airflow/example_dags/example_short_circuit_operator.py took 0.115 seconds
[2024-11-18T20:45:18.662+0500] {processor.py:186} INFO - Started process (PID=19448) to work on /home/AtlasRise/airflow/airflow_env/lib/python3.12/site-packages/airflow/example_dags/example_short_circuit_operator.py
[2024-11-18T20:45:18.663+0500] {processor.py:914} INFO - Processing file /home/AtlasRise/airflow/airflow_env/lib/python3.12/site-packages/airflow/example_dags/example_short_circuit_operator.py for tasks to queue
[2024-11-18T20:45:18.666+0500] {logging_mixin.py:190} INFO - [2024-11-18T20:45:18.665+0500] {dagbag.py:588} INFO - Filling up the DagBag from /home/AtlasRise/airflow/airflow_env/lib/python3.12/site-packages/airflow/example_dags/example_short_circuit_operator.py
[2024-11-18T20:45:18.680+0500] {processor.py:925} INFO - DAG(s) 'example_short_circuit_operator' retrieved from /home/AtlasRise/airflow/airflow_env/lib/python3.12/site-packages/airflow/example_dags/example_short_circuit_operator.py
[2024-11-18T20:45:18.710+0500] {logging_mixin.py:190} INFO - [2024-11-18T20:45:18.710+0500] {dag.py:3239} INFO - Sync 1 DAGs
[2024-11-18T20:45:18.732+0500] {logging_mixin.py:190} INFO - [2024-11-18T20:45:18.731+0500] {dag.py:4180} INFO - Setting next_dagrun for example_short_circuit_operator to None, run_after=None
[2024-11-18T20:45:18.768+0500] {processor.py:208} INFO - Processing /home/AtlasRise/airflow/airflow_env/lib/python3.12/site-packages/airflow/example_dags/example_short_circuit_operator.py took 0.119 seconds
[2024-11-18T20:46:38.793+0500] {processor.py:186} INFO - Started process (PID=19562) to work on /home/AtlasRise/airflow/airflow_env/lib/python3.12/site-packages/airflow/example_dags/example_short_circuit_operator.py
[2024-11-18T20:46:38.796+0500] {processor.py:914} INFO - Processing file /home/AtlasRise/airflow/airflow_env/lib/python3.12/site-packages/airflow/example_dags/example_short_circuit_operator.py for tasks to queue
[2024-11-18T20:46:38.799+0500] {logging_mixin.py:190} INFO - [2024-11-18T20:46:38.798+0500] {dagbag.py:588} INFO - Filling up the DagBag from /home/AtlasRise/airflow/airflow_env/lib/python3.12/site-packages/airflow/example_dags/example_short_circuit_operator.py
[2024-11-18T20:46:38.816+0500] {processor.py:925} INFO - DAG(s) 'example_short_circuit_operator' retrieved from /home/AtlasRise/airflow/airflow_env/lib/python3.12/site-packages/airflow/example_dags/example_short_circuit_operator.py
[2024-11-18T20:46:38.847+0500] {logging_mixin.py:190} INFO - [2024-11-18T20:46:38.847+0500] {dag.py:3239} INFO - Sync 1 DAGs
[2024-11-18T20:46:38.868+0500] {logging_mixin.py:190} INFO - [2024-11-18T20:46:38.868+0500] {dag.py:4180} INFO - Setting next_dagrun for example_short_circuit_operator to None, run_after=None
[2024-11-18T20:46:38.907+0500] {processor.py:208} INFO - Processing /home/AtlasRise/airflow/airflow_env/lib/python3.12/site-packages/airflow/example_dags/example_short_circuit_operator.py took 0.122 seconds
[2024-11-18T20:47:48.270+0500] {processor.py:186} INFO - Started process (PID=19714) to work on /home/AtlasRise/airflow/airflow_env/lib/python3.12/site-packages/airflow/example_dags/example_short_circuit_operator.py
[2024-11-18T20:47:48.271+0500] {processor.py:914} INFO - Processing file /home/AtlasRise/airflow/airflow_env/lib/python3.12/site-packages/airflow/example_dags/example_short_circuit_operator.py for tasks to queue
[2024-11-18T20:47:48.275+0500] {logging_mixin.py:190} INFO - [2024-11-18T20:47:48.274+0500] {dagbag.py:588} INFO - Filling up the DagBag from /home/AtlasRise/airflow/airflow_env/lib/python3.12/site-packages/airflow/example_dags/example_short_circuit_operator.py
[2024-11-18T20:47:48.298+0500] {processor.py:925} INFO - DAG(s) 'example_short_circuit_operator' retrieved from /home/AtlasRise/airflow/airflow_env/lib/python3.12/site-packages/airflow/example_dags/example_short_circuit_operator.py
[2024-11-18T20:47:48.349+0500] {logging_mixin.py:190} INFO - [2024-11-18T20:47:48.349+0500] {dag.py:3239} INFO - Sync 1 DAGs
[2024-11-18T20:47:48.385+0500] {logging_mixin.py:190} INFO - [2024-11-18T20:47:48.383+0500] {dag.py:4180} INFO - Setting next_dagrun for example_short_circuit_operator to None, run_after=None
[2024-11-18T20:47:48.476+0500] {processor.py:208} INFO - Processing /home/AtlasRise/airflow/airflow_env/lib/python3.12/site-packages/airflow/example_dags/example_short_circuit_operator.py took 0.214 seconds
[2024-11-18T20:48:52.333+0500] {processor.py:186} INFO - Started process (PID=19806) to work on /home/AtlasRise/airflow/airflow_env/lib/python3.12/site-packages/airflow/example_dags/example_short_circuit_operator.py
[2024-11-18T20:48:52.336+0500] {processor.py:914} INFO - Processing file /home/AtlasRise/airflow/airflow_env/lib/python3.12/site-packages/airflow/example_dags/example_short_circuit_operator.py for tasks to queue
[2024-11-18T20:48:52.338+0500] {logging_mixin.py:190} INFO - [2024-11-18T20:48:52.338+0500] {dagbag.py:588} INFO - Filling up the DagBag from /home/AtlasRise/airflow/airflow_env/lib/python3.12/site-packages/airflow/example_dags/example_short_circuit_operator.py
[2024-11-18T20:48:52.353+0500] {processor.py:925} INFO - DAG(s) 'example_short_circuit_operator' retrieved from /home/AtlasRise/airflow/airflow_env/lib/python3.12/site-packages/airflow/example_dags/example_short_circuit_operator.py
[2024-11-18T20:48:52.383+0500] {logging_mixin.py:190} INFO - [2024-11-18T20:48:52.382+0500] {dag.py:3239} INFO - Sync 1 DAGs
[2024-11-18T20:48:52.406+0500] {logging_mixin.py:190} INFO - [2024-11-18T20:48:52.405+0500] {dag.py:4180} INFO - Setting next_dagrun for example_short_circuit_operator to None, run_after=None
[2024-11-18T20:48:52.440+0500] {processor.py:208} INFO - Processing /home/AtlasRise/airflow/airflow_env/lib/python3.12/site-packages/airflow/example_dags/example_short_circuit_operator.py took 0.116 seconds
[2024-11-18T20:50:01.089+0500] {processor.py:186} INFO - Started process (PID=19883) to work on /home/AtlasRise/airflow/airflow_env/lib/python3.12/site-packages/airflow/example_dags/example_short_circuit_operator.py
[2024-11-18T20:50:01.090+0500] {processor.py:914} INFO - Processing file /home/AtlasRise/airflow/airflow_env/lib/python3.12/site-packages/airflow/example_dags/example_short_circuit_operator.py for tasks to queue
[2024-11-18T20:50:01.093+0500] {logging_mixin.py:190} INFO - [2024-11-18T20:50:01.092+0500] {dagbag.py:588} INFO - Filling up the DagBag from /home/AtlasRise/airflow/airflow_env/lib/python3.12/site-packages/airflow/example_dags/example_short_circuit_operator.py
[2024-11-18T20:50:01.107+0500] {processor.py:925} INFO - DAG(s) 'example_short_circuit_operator' retrieved from /home/AtlasRise/airflow/airflow_env/lib/python3.12/site-packages/airflow/example_dags/example_short_circuit_operator.py
[2024-11-18T20:50:01.136+0500] {logging_mixin.py:190} INFO - [2024-11-18T20:50:01.136+0500] {dag.py:3239} INFO - Sync 1 DAGs
[2024-11-18T20:50:01.157+0500] {logging_mixin.py:190} INFO - [2024-11-18T20:50:01.157+0500] {dag.py:4180} INFO - Setting next_dagrun for example_short_circuit_operator to None, run_after=None
[2024-11-18T20:50:01.191+0500] {processor.py:208} INFO - Processing /home/AtlasRise/airflow/airflow_env/lib/python3.12/site-packages/airflow/example_dags/example_short_circuit_operator.py took 0.111 seconds
[2024-11-18T20:51:12.798+0500] {processor.py:186} INFO - Started process (PID=19953) to work on /home/AtlasRise/airflow/airflow_env/lib/python3.12/site-packages/airflow/example_dags/example_short_circuit_operator.py
[2024-11-18T20:51:12.799+0500] {processor.py:914} INFO - Processing file /home/AtlasRise/airflow/airflow_env/lib/python3.12/site-packages/airflow/example_dags/example_short_circuit_operator.py for tasks to queue
[2024-11-18T20:51:12.802+0500] {logging_mixin.py:190} INFO - [2024-11-18T20:51:12.801+0500] {dagbag.py:588} INFO - Filling up the DagBag from /home/AtlasRise/airflow/airflow_env/lib/python3.12/site-packages/airflow/example_dags/example_short_circuit_operator.py
[2024-11-18T20:51:12.815+0500] {processor.py:925} INFO - DAG(s) 'example_short_circuit_operator' retrieved from /home/AtlasRise/airflow/airflow_env/lib/python3.12/site-packages/airflow/example_dags/example_short_circuit_operator.py
[2024-11-18T20:51:12.845+0500] {logging_mixin.py:190} INFO - [2024-11-18T20:51:12.844+0500] {dag.py:3239} INFO - Sync 1 DAGs
[2024-11-18T20:51:12.866+0500] {logging_mixin.py:190} INFO - [2024-11-18T20:51:12.865+0500] {dag.py:4180} INFO - Setting next_dagrun for example_short_circuit_operator to None, run_after=None
[2024-11-18T20:51:12.900+0500] {processor.py:208} INFO - Processing /home/AtlasRise/airflow/airflow_env/lib/python3.12/site-packages/airflow/example_dags/example_short_circuit_operator.py took 0.111 seconds
[2024-11-18T20:52:23.749+0500] {processor.py:186} INFO - Started process (PID=20039) to work on /home/AtlasRise/airflow/airflow_env/lib/python3.12/site-packages/airflow/example_dags/example_short_circuit_operator.py
[2024-11-18T20:52:23.751+0500] {processor.py:914} INFO - Processing file /home/AtlasRise/airflow/airflow_env/lib/python3.12/site-packages/airflow/example_dags/example_short_circuit_operator.py for tasks to queue
[2024-11-18T20:52:23.754+0500] {logging_mixin.py:190} INFO - [2024-11-18T20:52:23.753+0500] {dagbag.py:588} INFO - Filling up the DagBag from /home/AtlasRise/airflow/airflow_env/lib/python3.12/site-packages/airflow/example_dags/example_short_circuit_operator.py
[2024-11-18T20:52:23.768+0500] {processor.py:925} INFO - DAG(s) 'example_short_circuit_operator' retrieved from /home/AtlasRise/airflow/airflow_env/lib/python3.12/site-packages/airflow/example_dags/example_short_circuit_operator.py
[2024-11-18T20:52:23.797+0500] {logging_mixin.py:190} INFO - [2024-11-18T20:52:23.797+0500] {dag.py:3239} INFO - Sync 1 DAGs
[2024-11-18T20:52:23.819+0500] {logging_mixin.py:190} INFO - [2024-11-18T20:52:23.818+0500] {dag.py:4180} INFO - Setting next_dagrun for example_short_circuit_operator to None, run_after=None
[2024-11-18T20:52:23.851+0500] {processor.py:208} INFO - Processing /home/AtlasRise/airflow/airflow_env/lib/python3.12/site-packages/airflow/example_dags/example_short_circuit_operator.py took 0.110 seconds
[2024-11-18T20:53:30.629+0500] {processor.py:186} INFO - Started process (PID=20112) to work on /home/AtlasRise/airflow/airflow_env/lib/python3.12/site-packages/airflow/example_dags/example_short_circuit_operator.py
[2024-11-18T20:53:30.632+0500] {processor.py:914} INFO - Processing file /home/AtlasRise/airflow/airflow_env/lib/python3.12/site-packages/airflow/example_dags/example_short_circuit_operator.py for tasks to queue
[2024-11-18T20:53:30.635+0500] {logging_mixin.py:190} INFO - [2024-11-18T20:53:30.634+0500] {dagbag.py:588} INFO - Filling up the DagBag from /home/AtlasRise/airflow/airflow_env/lib/python3.12/site-packages/airflow/example_dags/example_short_circuit_operator.py
[2024-11-18T20:53:30.649+0500] {processor.py:925} INFO - DAG(s) 'example_short_circuit_operator' retrieved from /home/AtlasRise/airflow/airflow_env/lib/python3.12/site-packages/airflow/example_dags/example_short_circuit_operator.py
[2024-11-18T20:53:30.679+0500] {logging_mixin.py:190} INFO - [2024-11-18T20:53:30.679+0500] {dag.py:3239} INFO - Sync 1 DAGs
[2024-11-18T20:53:30.700+0500] {logging_mixin.py:190} INFO - [2024-11-18T20:53:30.699+0500] {dag.py:4180} INFO - Setting next_dagrun for example_short_circuit_operator to None, run_after=None
[2024-11-18T20:53:30.734+0500] {processor.py:208} INFO - Processing /home/AtlasRise/airflow/airflow_env/lib/python3.12/site-packages/airflow/example_dags/example_short_circuit_operator.py took 0.114 seconds
[2024-11-18T20:54:47.390+0500] {processor.py:186} INFO - Started process (PID=20208) to work on /home/AtlasRise/airflow/airflow_env/lib/python3.12/site-packages/airflow/example_dags/example_short_circuit_operator.py
[2024-11-18T20:54:47.393+0500] {processor.py:914} INFO - Processing file /home/AtlasRise/airflow/airflow_env/lib/python3.12/site-packages/airflow/example_dags/example_short_circuit_operator.py for tasks to queue
[2024-11-18T20:54:47.396+0500] {logging_mixin.py:190} INFO - [2024-11-18T20:54:47.396+0500] {dagbag.py:588} INFO - Filling up the DagBag from /home/AtlasRise/airflow/airflow_env/lib/python3.12/site-packages/airflow/example_dags/example_short_circuit_operator.py
[2024-11-18T20:54:47.411+0500] {processor.py:925} INFO - DAG(s) 'example_short_circuit_operator' retrieved from /home/AtlasRise/airflow/airflow_env/lib/python3.12/site-packages/airflow/example_dags/example_short_circuit_operator.py
[2024-11-18T20:54:47.443+0500] {logging_mixin.py:190} INFO - [2024-11-18T20:54:47.442+0500] {dag.py:3239} INFO - Sync 1 DAGs
[2024-11-18T20:54:47.465+0500] {logging_mixin.py:190} INFO - [2024-11-18T20:54:47.465+0500] {dag.py:4180} INFO - Setting next_dagrun for example_short_circuit_operator to None, run_after=None
[2024-11-18T20:54:47.503+0500] {processor.py:208} INFO - Processing /home/AtlasRise/airflow/airflow_env/lib/python3.12/site-packages/airflow/example_dags/example_short_circuit_operator.py took 0.121 seconds
[2024-11-18T20:56:13.048+0500] {processor.py:186} INFO - Started process (PID=20295) to work on /home/AtlasRise/airflow/airflow_env/lib/python3.12/site-packages/airflow/example_dags/example_short_circuit_operator.py
[2024-11-18T20:56:13.051+0500] {processor.py:914} INFO - Processing file /home/AtlasRise/airflow/airflow_env/lib/python3.12/site-packages/airflow/example_dags/example_short_circuit_operator.py for tasks to queue
[2024-11-18T20:56:13.054+0500] {logging_mixin.py:190} INFO - [2024-11-18T20:56:13.053+0500] {dagbag.py:588} INFO - Filling up the DagBag from /home/AtlasRise/airflow/airflow_env/lib/python3.12/site-packages/airflow/example_dags/example_short_circuit_operator.py
[2024-11-18T20:56:13.068+0500] {processor.py:925} INFO - DAG(s) 'example_short_circuit_operator' retrieved from /home/AtlasRise/airflow/airflow_env/lib/python3.12/site-packages/airflow/example_dags/example_short_circuit_operator.py
[2024-11-18T20:56:13.097+0500] {logging_mixin.py:190} INFO - [2024-11-18T20:56:13.096+0500] {dag.py:3239} INFO - Sync 1 DAGs
[2024-11-18T20:56:13.117+0500] {logging_mixin.py:190} INFO - [2024-11-18T20:56:13.117+0500] {dag.py:4180} INFO - Setting next_dagrun for example_short_circuit_operator to None, run_after=None
[2024-11-18T20:56:13.151+0500] {processor.py:208} INFO - Processing /home/AtlasRise/airflow/airflow_env/lib/python3.12/site-packages/airflow/example_dags/example_short_circuit_operator.py took 0.111 seconds
[2024-11-18T20:57:26.236+0500] {processor.py:186} INFO - Started process (PID=20381) to work on /home/AtlasRise/airflow/airflow_env/lib/python3.12/site-packages/airflow/example_dags/example_short_circuit_operator.py
[2024-11-18T20:57:26.237+0500] {processor.py:914} INFO - Processing file /home/AtlasRise/airflow/airflow_env/lib/python3.12/site-packages/airflow/example_dags/example_short_circuit_operator.py for tasks to queue
[2024-11-18T20:57:26.240+0500] {logging_mixin.py:190} INFO - [2024-11-18T20:57:26.240+0500] {dagbag.py:588} INFO - Filling up the DagBag from /home/AtlasRise/airflow/airflow_env/lib/python3.12/site-packages/airflow/example_dags/example_short_circuit_operator.py
[2024-11-18T20:57:26.254+0500] {processor.py:925} INFO - DAG(s) 'example_short_circuit_operator' retrieved from /home/AtlasRise/airflow/airflow_env/lib/python3.12/site-packages/airflow/example_dags/example_short_circuit_operator.py
[2024-11-18T20:57:26.285+0500] {logging_mixin.py:190} INFO - [2024-11-18T20:57:26.285+0500] {dag.py:3239} INFO - Sync 1 DAGs
[2024-11-18T20:57:26.306+0500] {logging_mixin.py:190} INFO - [2024-11-18T20:57:26.306+0500] {dag.py:4180} INFO - Setting next_dagrun for example_short_circuit_operator to None, run_after=None
[2024-11-18T20:57:26.339+0500] {processor.py:208} INFO - Processing /home/AtlasRise/airflow/airflow_env/lib/python3.12/site-packages/airflow/example_dags/example_short_circuit_operator.py took 0.112 seconds
[2024-11-18T20:58:37.610+0500] {processor.py:186} INFO - Started process (PID=20472) to work on /home/AtlasRise/airflow/airflow_env/lib/python3.12/site-packages/airflow/example_dags/example_short_circuit_operator.py
[2024-11-18T20:58:37.613+0500] {processor.py:914} INFO - Processing file /home/AtlasRise/airflow/airflow_env/lib/python3.12/site-packages/airflow/example_dags/example_short_circuit_operator.py for tasks to queue
[2024-11-18T20:58:37.616+0500] {logging_mixin.py:190} INFO - [2024-11-18T20:58:37.615+0500] {dagbag.py:588} INFO - Filling up the DagBag from /home/AtlasRise/airflow/airflow_env/lib/python3.12/site-packages/airflow/example_dags/example_short_circuit_operator.py
[2024-11-18T20:58:37.629+0500] {processor.py:925} INFO - DAG(s) 'example_short_circuit_operator' retrieved from /home/AtlasRise/airflow/airflow_env/lib/python3.12/site-packages/airflow/example_dags/example_short_circuit_operator.py
[2024-11-18T20:58:37.660+0500] {logging_mixin.py:190} INFO - [2024-11-18T20:58:37.659+0500] {dag.py:3239} INFO - Sync 1 DAGs
[2024-11-18T20:58:37.681+0500] {logging_mixin.py:190} INFO - [2024-11-18T20:58:37.681+0500] {dag.py:4180} INFO - Setting next_dagrun for example_short_circuit_operator to None, run_after=None
[2024-11-18T20:58:37.714+0500] {processor.py:208} INFO - Processing /home/AtlasRise/airflow/airflow_env/lib/python3.12/site-packages/airflow/example_dags/example_short_circuit_operator.py took 0.112 seconds
[2024-11-18T20:59:49.835+0500] {processor.py:186} INFO - Started process (PID=20550) to work on /home/AtlasRise/airflow/airflow_env/lib/python3.12/site-packages/airflow/example_dags/example_short_circuit_operator.py
[2024-11-18T20:59:49.837+0500] {processor.py:914} INFO - Processing file /home/AtlasRise/airflow/airflow_env/lib/python3.12/site-packages/airflow/example_dags/example_short_circuit_operator.py for tasks to queue
[2024-11-18T20:59:49.843+0500] {logging_mixin.py:190} INFO - [2024-11-18T20:59:49.843+0500] {dagbag.py:588} INFO - Filling up the DagBag from /home/AtlasRise/airflow/airflow_env/lib/python3.12/site-packages/airflow/example_dags/example_short_circuit_operator.py
[2024-11-18T20:59:49.861+0500] {processor.py:925} INFO - DAG(s) 'example_short_circuit_operator' retrieved from /home/AtlasRise/airflow/airflow_env/lib/python3.12/site-packages/airflow/example_dags/example_short_circuit_operator.py
[2024-11-18T20:59:49.894+0500] {logging_mixin.py:190} INFO - [2024-11-18T20:59:49.894+0500] {dag.py:3239} INFO - Sync 1 DAGs
[2024-11-18T20:59:49.919+0500] {logging_mixin.py:190} INFO - [2024-11-18T20:59:49.919+0500] {dag.py:4180} INFO - Setting next_dagrun for example_short_circuit_operator to None, run_after=None
[2024-11-18T20:59:49.957+0500] {processor.py:208} INFO - Processing /home/AtlasRise/airflow/airflow_env/lib/python3.12/site-packages/airflow/example_dags/example_short_circuit_operator.py took 0.131 seconds
[2024-11-18T21:00:58.041+0500] {processor.py:186} INFO - Started process (PID=20631) to work on /home/AtlasRise/airflow/airflow_env/lib/python3.12/site-packages/airflow/example_dags/example_short_circuit_operator.py
[2024-11-18T21:00:58.043+0500] {processor.py:914} INFO - Processing file /home/AtlasRise/airflow/airflow_env/lib/python3.12/site-packages/airflow/example_dags/example_short_circuit_operator.py for tasks to queue
[2024-11-18T21:00:58.046+0500] {logging_mixin.py:190} INFO - [2024-11-18T21:00:58.046+0500] {dagbag.py:588} INFO - Filling up the DagBag from /home/AtlasRise/airflow/airflow_env/lib/python3.12/site-packages/airflow/example_dags/example_short_circuit_operator.py
[2024-11-18T21:00:58.060+0500] {processor.py:925} INFO - DAG(s) 'example_short_circuit_operator' retrieved from /home/AtlasRise/airflow/airflow_env/lib/python3.12/site-packages/airflow/example_dags/example_short_circuit_operator.py
[2024-11-18T21:00:58.090+0500] {logging_mixin.py:190} INFO - [2024-11-18T21:00:58.089+0500] {dag.py:3239} INFO - Sync 1 DAGs
[2024-11-18T21:00:58.110+0500] {logging_mixin.py:190} INFO - [2024-11-18T21:00:58.110+0500] {dag.py:4180} INFO - Setting next_dagrun for example_short_circuit_operator to None, run_after=None
[2024-11-18T21:00:58.143+0500] {processor.py:208} INFO - Processing /home/AtlasRise/airflow/airflow_env/lib/python3.12/site-packages/airflow/example_dags/example_short_circuit_operator.py took 0.110 seconds
[2024-11-18T21:02:04.313+0500] {processor.py:186} INFO - Started process (PID=20704) to work on /home/AtlasRise/airflow/airflow_env/lib/python3.12/site-packages/airflow/example_dags/example_short_circuit_operator.py
[2024-11-18T21:02:04.315+0500] {processor.py:914} INFO - Processing file /home/AtlasRise/airflow/airflow_env/lib/python3.12/site-packages/airflow/example_dags/example_short_circuit_operator.py for tasks to queue
[2024-11-18T21:02:04.319+0500] {logging_mixin.py:190} INFO - [2024-11-18T21:02:04.318+0500] {dagbag.py:588} INFO - Filling up the DagBag from /home/AtlasRise/airflow/airflow_env/lib/python3.12/site-packages/airflow/example_dags/example_short_circuit_operator.py
[2024-11-18T21:02:04.332+0500] {processor.py:925} INFO - DAG(s) 'example_short_circuit_operator' retrieved from /home/AtlasRise/airflow/airflow_env/lib/python3.12/site-packages/airflow/example_dags/example_short_circuit_operator.py
[2024-11-18T21:02:04.361+0500] {logging_mixin.py:190} INFO - [2024-11-18T21:02:04.361+0500] {dag.py:3239} INFO - Sync 1 DAGs
[2024-11-18T21:02:04.382+0500] {logging_mixin.py:190} INFO - [2024-11-18T21:02:04.382+0500] {dag.py:4180} INFO - Setting next_dagrun for example_short_circuit_operator to None, run_after=None
[2024-11-18T21:02:04.415+0500] {processor.py:208} INFO - Processing /home/AtlasRise/airflow/airflow_env/lib/python3.12/site-packages/airflow/example_dags/example_short_circuit_operator.py took 0.111 seconds
[2024-11-18T21:03:18.266+0500] {processor.py:186} INFO - Started process (PID=20779) to work on /home/AtlasRise/airflow/airflow_env/lib/python3.12/site-packages/airflow/example_dags/example_short_circuit_operator.py
[2024-11-18T21:03:18.268+0500] {processor.py:914} INFO - Processing file /home/AtlasRise/airflow/airflow_env/lib/python3.12/site-packages/airflow/example_dags/example_short_circuit_operator.py for tasks to queue
[2024-11-18T21:03:18.272+0500] {logging_mixin.py:190} INFO - [2024-11-18T21:03:18.271+0500] {dagbag.py:588} INFO - Filling up the DagBag from /home/AtlasRise/airflow/airflow_env/lib/python3.12/site-packages/airflow/example_dags/example_short_circuit_operator.py
[2024-11-18T21:03:18.285+0500] {processor.py:925} INFO - DAG(s) 'example_short_circuit_operator' retrieved from /home/AtlasRise/airflow/airflow_env/lib/python3.12/site-packages/airflow/example_dags/example_short_circuit_operator.py
[2024-11-18T21:03:18.315+0500] {logging_mixin.py:190} INFO - [2024-11-18T21:03:18.314+0500] {dag.py:3239} INFO - Sync 1 DAGs
[2024-11-18T21:03:18.336+0500] {logging_mixin.py:190} INFO - [2024-11-18T21:03:18.336+0500] {dag.py:4180} INFO - Setting next_dagrun for example_short_circuit_operator to None, run_after=None
[2024-11-18T21:03:18.368+0500] {processor.py:208} INFO - Processing /home/AtlasRise/airflow/airflow_env/lib/python3.12/site-packages/airflow/example_dags/example_short_circuit_operator.py took 0.110 seconds
[2024-11-18T21:04:24.029+0500] {processor.py:186} INFO - Started process (PID=20878) to work on /home/AtlasRise/airflow/airflow_env/lib/python3.12/site-packages/airflow/example_dags/example_short_circuit_operator.py
[2024-11-18T21:04:24.032+0500] {processor.py:914} INFO - Processing file /home/AtlasRise/airflow/airflow_env/lib/python3.12/site-packages/airflow/example_dags/example_short_circuit_operator.py for tasks to queue
[2024-11-18T21:04:24.036+0500] {logging_mixin.py:190} INFO - [2024-11-18T21:04:24.035+0500] {dagbag.py:588} INFO - Filling up the DagBag from /home/AtlasRise/airflow/airflow_env/lib/python3.12/site-packages/airflow/example_dags/example_short_circuit_operator.py
[2024-11-18T21:04:24.049+0500] {processor.py:925} INFO - DAG(s) 'example_short_circuit_operator' retrieved from /home/AtlasRise/airflow/airflow_env/lib/python3.12/site-packages/airflow/example_dags/example_short_circuit_operator.py
[2024-11-18T21:04:24.079+0500] {logging_mixin.py:190} INFO - [2024-11-18T21:04:24.078+0500] {dag.py:3239} INFO - Sync 1 DAGs
[2024-11-18T21:04:24.100+0500] {logging_mixin.py:190} INFO - [2024-11-18T21:04:24.100+0500] {dag.py:4180} INFO - Setting next_dagrun for example_short_circuit_operator to None, run_after=None
[2024-11-18T21:04:24.136+0500] {processor.py:208} INFO - Processing /home/AtlasRise/airflow/airflow_env/lib/python3.12/site-packages/airflow/example_dags/example_short_circuit_operator.py took 0.115 seconds
[2024-11-18T21:05:30.778+0500] {processor.py:186} INFO - Started process (PID=20950) to work on /home/AtlasRise/airflow/airflow_env/lib/python3.12/site-packages/airflow/example_dags/example_short_circuit_operator.py
[2024-11-18T21:05:30.781+0500] {processor.py:914} INFO - Processing file /home/AtlasRise/airflow/airflow_env/lib/python3.12/site-packages/airflow/example_dags/example_short_circuit_operator.py for tasks to queue
[2024-11-18T21:05:30.785+0500] {logging_mixin.py:190} INFO - [2024-11-18T21:05:30.784+0500] {dagbag.py:588} INFO - Filling up the DagBag from /home/AtlasRise/airflow/airflow_env/lib/python3.12/site-packages/airflow/example_dags/example_short_circuit_operator.py
[2024-11-18T21:05:30.801+0500] {processor.py:925} INFO - DAG(s) 'example_short_circuit_operator' retrieved from /home/AtlasRise/airflow/airflow_env/lib/python3.12/site-packages/airflow/example_dags/example_short_circuit_operator.py
[2024-11-18T21:05:30.831+0500] {logging_mixin.py:190} INFO - [2024-11-18T21:05:30.831+0500] {dag.py:3239} INFO - Sync 1 DAGs
[2024-11-18T21:05:30.852+0500] {logging_mixin.py:190} INFO - [2024-11-18T21:05:30.851+0500] {dag.py:4180} INFO - Setting next_dagrun for example_short_circuit_operator to None, run_after=None
[2024-11-18T21:05:30.887+0500] {processor.py:208} INFO - Processing /home/AtlasRise/airflow/airflow_env/lib/python3.12/site-packages/airflow/example_dags/example_short_circuit_operator.py took 0.119 seconds
[2024-11-18T21:06:43.456+0500] {processor.py:186} INFO - Started process (PID=21052) to work on /home/AtlasRise/airflow/airflow_env/lib/python3.12/site-packages/airflow/example_dags/example_short_circuit_operator.py
[2024-11-18T21:06:43.458+0500] {processor.py:914} INFO - Processing file /home/AtlasRise/airflow/airflow_env/lib/python3.12/site-packages/airflow/example_dags/example_short_circuit_operator.py for tasks to queue
[2024-11-18T21:06:43.461+0500] {logging_mixin.py:190} INFO - [2024-11-18T21:06:43.460+0500] {dagbag.py:588} INFO - Filling up the DagBag from /home/AtlasRise/airflow/airflow_env/lib/python3.12/site-packages/airflow/example_dags/example_short_circuit_operator.py
[2024-11-18T21:06:43.475+0500] {processor.py:925} INFO - DAG(s) 'example_short_circuit_operator' retrieved from /home/AtlasRise/airflow/airflow_env/lib/python3.12/site-packages/airflow/example_dags/example_short_circuit_operator.py
[2024-11-18T21:06:43.505+0500] {logging_mixin.py:190} INFO - [2024-11-18T21:06:43.504+0500] {dag.py:3239} INFO - Sync 1 DAGs
[2024-11-18T21:06:43.525+0500] {logging_mixin.py:190} INFO - [2024-11-18T21:06:43.525+0500] {dag.py:4180} INFO - Setting next_dagrun for example_short_circuit_operator to None, run_after=None
[2024-11-18T21:06:43.559+0500] {processor.py:208} INFO - Processing /home/AtlasRise/airflow/airflow_env/lib/python3.12/site-packages/airflow/example_dags/example_short_circuit_operator.py took 0.111 seconds
[2024-11-18T21:07:58.769+0500] {processor.py:186} INFO - Started process (PID=21135) to work on /home/AtlasRise/airflow/airflow_env/lib/python3.12/site-packages/airflow/example_dags/example_short_circuit_operator.py
[2024-11-18T21:07:58.770+0500] {processor.py:914} INFO - Processing file /home/AtlasRise/airflow/airflow_env/lib/python3.12/site-packages/airflow/example_dags/example_short_circuit_operator.py for tasks to queue
[2024-11-18T21:07:58.774+0500] {logging_mixin.py:190} INFO - [2024-11-18T21:07:58.773+0500] {dagbag.py:588} INFO - Filling up the DagBag from /home/AtlasRise/airflow/airflow_env/lib/python3.12/site-packages/airflow/example_dags/example_short_circuit_operator.py
[2024-11-18T21:07:58.788+0500] {processor.py:925} INFO - DAG(s) 'example_short_circuit_operator' retrieved from /home/AtlasRise/airflow/airflow_env/lib/python3.12/site-packages/airflow/example_dags/example_short_circuit_operator.py
[2024-11-18T21:07:58.820+0500] {logging_mixin.py:190} INFO - [2024-11-18T21:07:58.820+0500] {dag.py:3239} INFO - Sync 1 DAGs
[2024-11-18T21:07:58.842+0500] {logging_mixin.py:190} INFO - [2024-11-18T21:07:58.842+0500] {dag.py:4180} INFO - Setting next_dagrun for example_short_circuit_operator to None, run_after=None
[2024-11-18T21:07:58.876+0500] {processor.py:208} INFO - Processing /home/AtlasRise/airflow/airflow_env/lib/python3.12/site-packages/airflow/example_dags/example_short_circuit_operator.py took 0.116 seconds
[2024-11-18T21:09:05.364+0500] {processor.py:186} INFO - Started process (PID=21215) to work on /home/AtlasRise/airflow/airflow_env/lib/python3.12/site-packages/airflow/example_dags/example_short_circuit_operator.py
[2024-11-18T21:09:05.367+0500] {processor.py:914} INFO - Processing file /home/AtlasRise/airflow/airflow_env/lib/python3.12/site-packages/airflow/example_dags/example_short_circuit_operator.py for tasks to queue
[2024-11-18T21:09:05.371+0500] {logging_mixin.py:190} INFO - [2024-11-18T21:09:05.371+0500] {dagbag.py:588} INFO - Filling up the DagBag from /home/AtlasRise/airflow/airflow_env/lib/python3.12/site-packages/airflow/example_dags/example_short_circuit_operator.py
[2024-11-18T21:09:05.387+0500] {processor.py:925} INFO - DAG(s) 'example_short_circuit_operator' retrieved from /home/AtlasRise/airflow/airflow_env/lib/python3.12/site-packages/airflow/example_dags/example_short_circuit_operator.py
[2024-11-18T21:09:05.426+0500] {logging_mixin.py:190} INFO - [2024-11-18T21:09:05.425+0500] {dag.py:3239} INFO - Sync 1 DAGs
[2024-11-18T21:09:05.451+0500] {logging_mixin.py:190} INFO - [2024-11-18T21:09:05.450+0500] {dag.py:4180} INFO - Setting next_dagrun for example_short_circuit_operator to None, run_after=None
[2024-11-18T21:09:05.491+0500] {processor.py:208} INFO - Processing /home/AtlasRise/airflow/airflow_env/lib/python3.12/site-packages/airflow/example_dags/example_short_circuit_operator.py took 0.138 seconds
[2024-11-18T21:10:15.819+0500] {processor.py:186} INFO - Started process (PID=21314) to work on /home/AtlasRise/airflow/airflow_env/lib/python3.12/site-packages/airflow/example_dags/example_short_circuit_operator.py
[2024-11-18T21:10:15.822+0500] {processor.py:914} INFO - Processing file /home/AtlasRise/airflow/airflow_env/lib/python3.12/site-packages/airflow/example_dags/example_short_circuit_operator.py for tasks to queue
[2024-11-18T21:10:15.825+0500] {logging_mixin.py:190} INFO - [2024-11-18T21:10:15.825+0500] {dagbag.py:588} INFO - Filling up the DagBag from /home/AtlasRise/airflow/airflow_env/lib/python3.12/site-packages/airflow/example_dags/example_short_circuit_operator.py
[2024-11-18T21:10:15.844+0500] {processor.py:925} INFO - DAG(s) 'example_short_circuit_operator' retrieved from /home/AtlasRise/airflow/airflow_env/lib/python3.12/site-packages/airflow/example_dags/example_short_circuit_operator.py
[2024-11-18T21:10:15.879+0500] {logging_mixin.py:190} INFO - [2024-11-18T21:10:15.878+0500] {dag.py:3239} INFO - Sync 1 DAGs
[2024-11-18T21:10:15.905+0500] {logging_mixin.py:190} INFO - [2024-11-18T21:10:15.905+0500] {dag.py:4180} INFO - Setting next_dagrun for example_short_circuit_operator to None, run_after=None
[2024-11-18T21:10:15.945+0500] {processor.py:208} INFO - Processing /home/AtlasRise/airflow/airflow_env/lib/python3.12/site-packages/airflow/example_dags/example_short_circuit_operator.py took 0.135 seconds
[2024-11-18T21:11:30.251+0500] {processor.py:186} INFO - Started process (PID=21439) to work on /home/AtlasRise/airflow/airflow_env/lib/python3.12/site-packages/airflow/example_dags/example_short_circuit_operator.py
[2024-11-18T21:11:30.252+0500] {processor.py:914} INFO - Processing file /home/AtlasRise/airflow/airflow_env/lib/python3.12/site-packages/airflow/example_dags/example_short_circuit_operator.py for tasks to queue
[2024-11-18T21:11:30.255+0500] {logging_mixin.py:190} INFO - [2024-11-18T21:11:30.255+0500] {dagbag.py:588} INFO - Filling up the DagBag from /home/AtlasRise/airflow/airflow_env/lib/python3.12/site-packages/airflow/example_dags/example_short_circuit_operator.py
[2024-11-18T21:11:30.272+0500] {processor.py:925} INFO - DAG(s) 'example_short_circuit_operator' retrieved from /home/AtlasRise/airflow/airflow_env/lib/python3.12/site-packages/airflow/example_dags/example_short_circuit_operator.py
[2024-11-18T21:11:30.305+0500] {logging_mixin.py:190} INFO - [2024-11-18T21:11:30.305+0500] {dag.py:3239} INFO - Sync 1 DAGs
[2024-11-18T21:11:30.327+0500] {logging_mixin.py:190} INFO - [2024-11-18T21:11:30.327+0500] {dag.py:4180} INFO - Setting next_dagrun for example_short_circuit_operator to None, run_after=None
[2024-11-18T21:11:30.366+0500] {processor.py:208} INFO - Processing /home/AtlasRise/airflow/airflow_env/lib/python3.12/site-packages/airflow/example_dags/example_short_circuit_operator.py took 0.123 seconds
[2024-11-18T21:13:25.445+0500] {processor.py:186} INFO - Started process (PID=21586) to work on /home/AtlasRise/airflow/airflow_env/lib/python3.12/site-packages/airflow/example_dags/example_short_circuit_operator.py
[2024-11-18T21:13:25.446+0500] {processor.py:914} INFO - Processing file /home/AtlasRise/airflow/airflow_env/lib/python3.12/site-packages/airflow/example_dags/example_short_circuit_operator.py for tasks to queue
[2024-11-18T21:13:25.449+0500] {logging_mixin.py:190} INFO - [2024-11-18T21:13:25.449+0500] {dagbag.py:588} INFO - Filling up the DagBag from /home/AtlasRise/airflow/airflow_env/lib/python3.12/site-packages/airflow/example_dags/example_short_circuit_operator.py
[2024-11-18T21:13:25.466+0500] {processor.py:925} INFO - DAG(s) 'example_short_circuit_operator' retrieved from /home/AtlasRise/airflow/airflow_env/lib/python3.12/site-packages/airflow/example_dags/example_short_circuit_operator.py
[2024-11-18T21:13:25.494+0500] {logging_mixin.py:190} INFO - [2024-11-18T21:13:25.494+0500] {dag.py:3239} INFO - Sync 1 DAGs
[2024-11-18T21:13:25.515+0500] {logging_mixin.py:190} INFO - [2024-11-18T21:13:25.515+0500] {dag.py:4180} INFO - Setting next_dagrun for example_short_circuit_operator to None, run_after=None
[2024-11-18T21:13:25.548+0500] {processor.py:208} INFO - Processing /home/AtlasRise/airflow/airflow_env/lib/python3.12/site-packages/airflow/example_dags/example_short_circuit_operator.py took 0.112 seconds
[2024-11-18T21:14:52.954+0500] {processor.py:186} INFO - Started process (PID=21702) to work on /home/AtlasRise/airflow/airflow_env/lib/python3.12/site-packages/airflow/example_dags/example_short_circuit_operator.py
[2024-11-18T21:14:52.955+0500] {processor.py:914} INFO - Processing file /home/AtlasRise/airflow/airflow_env/lib/python3.12/site-packages/airflow/example_dags/example_short_circuit_operator.py for tasks to queue
[2024-11-18T21:14:52.958+0500] {logging_mixin.py:190} INFO - [2024-11-18T21:14:52.957+0500] {dagbag.py:588} INFO - Filling up the DagBag from /home/AtlasRise/airflow/airflow_env/lib/python3.12/site-packages/airflow/example_dags/example_short_circuit_operator.py
[2024-11-18T21:14:52.971+0500] {processor.py:925} INFO - DAG(s) 'example_short_circuit_operator' retrieved from /home/AtlasRise/airflow/airflow_env/lib/python3.12/site-packages/airflow/example_dags/example_short_circuit_operator.py
[2024-11-18T21:14:53.001+0500] {logging_mixin.py:190} INFO - [2024-11-18T21:14:53.000+0500] {dag.py:3239} INFO - Sync 1 DAGs
[2024-11-18T21:14:53.021+0500] {logging_mixin.py:190} INFO - [2024-11-18T21:14:53.020+0500] {dag.py:4180} INFO - Setting next_dagrun for example_short_circuit_operator to None, run_after=None
[2024-11-18T21:14:53.054+0500] {processor.py:208} INFO - Processing /home/AtlasRise/airflow/airflow_env/lib/python3.12/site-packages/airflow/example_dags/example_short_circuit_operator.py took 0.109 seconds
[2024-11-18T21:16:26.579+0500] {processor.py:186} INFO - Started process (PID=21825) to work on /home/AtlasRise/airflow/airflow_env/lib/python3.12/site-packages/airflow/example_dags/example_short_circuit_operator.py
[2024-11-18T21:16:26.581+0500] {processor.py:914} INFO - Processing file /home/AtlasRise/airflow/airflow_env/lib/python3.12/site-packages/airflow/example_dags/example_short_circuit_operator.py for tasks to queue
[2024-11-18T21:16:26.584+0500] {logging_mixin.py:190} INFO - [2024-11-18T21:16:26.584+0500] {dagbag.py:588} INFO - Filling up the DagBag from /home/AtlasRise/airflow/airflow_env/lib/python3.12/site-packages/airflow/example_dags/example_short_circuit_operator.py
[2024-11-18T21:16:26.598+0500] {processor.py:925} INFO - DAG(s) 'example_short_circuit_operator' retrieved from /home/AtlasRise/airflow/airflow_env/lib/python3.12/site-packages/airflow/example_dags/example_short_circuit_operator.py
[2024-11-18T21:16:26.627+0500] {logging_mixin.py:190} INFO - [2024-11-18T21:16:26.627+0500] {dag.py:3239} INFO - Sync 1 DAGs
[2024-11-18T21:16:26.648+0500] {logging_mixin.py:190} INFO - [2024-11-18T21:16:26.648+0500] {dag.py:4180} INFO - Setting next_dagrun for example_short_circuit_operator to None, run_after=None
[2024-11-18T21:16:26.680+0500] {processor.py:208} INFO - Processing /home/AtlasRise/airflow/airflow_env/lib/python3.12/site-packages/airflow/example_dags/example_short_circuit_operator.py took 0.109 seconds
[2024-11-18T21:18:12.463+0500] {processor.py:186} INFO - Started process (PID=21983) to work on /home/AtlasRise/airflow/airflow_env/lib/python3.12/site-packages/airflow/example_dags/example_short_circuit_operator.py
[2024-11-18T21:18:12.465+0500] {processor.py:914} INFO - Processing file /home/AtlasRise/airflow/airflow_env/lib/python3.12/site-packages/airflow/example_dags/example_short_circuit_operator.py for tasks to queue
[2024-11-18T21:18:12.468+0500] {logging_mixin.py:190} INFO - [2024-11-18T21:18:12.467+0500] {dagbag.py:588} INFO - Filling up the DagBag from /home/AtlasRise/airflow/airflow_env/lib/python3.12/site-packages/airflow/example_dags/example_short_circuit_operator.py
[2024-11-18T21:18:12.481+0500] {processor.py:925} INFO - DAG(s) 'example_short_circuit_operator' retrieved from /home/AtlasRise/airflow/airflow_env/lib/python3.12/site-packages/airflow/example_dags/example_short_circuit_operator.py
[2024-11-18T21:18:12.510+0500] {logging_mixin.py:190} INFO - [2024-11-18T21:18:12.510+0500] {dag.py:3239} INFO - Sync 1 DAGs
[2024-11-18T21:18:12.531+0500] {logging_mixin.py:190} INFO - [2024-11-18T21:18:12.530+0500] {dag.py:4180} INFO - Setting next_dagrun for example_short_circuit_operator to None, run_after=None
[2024-11-18T21:18:12.562+0500] {processor.py:208} INFO - Processing /home/AtlasRise/airflow/airflow_env/lib/python3.12/site-packages/airflow/example_dags/example_short_circuit_operator.py took 0.107 seconds
[2024-11-18T21:20:02.855+0500] {processor.py:186} INFO - Started process (PID=22134) to work on /home/AtlasRise/airflow/airflow_env/lib/python3.12/site-packages/airflow/example_dags/example_short_circuit_operator.py
[2024-11-18T21:20:02.857+0500] {processor.py:914} INFO - Processing file /home/AtlasRise/airflow/airflow_env/lib/python3.12/site-packages/airflow/example_dags/example_short_circuit_operator.py for tasks to queue
[2024-11-18T21:20:02.861+0500] {logging_mixin.py:190} INFO - [2024-11-18T21:20:02.860+0500] {dagbag.py:588} INFO - Filling up the DagBag from /home/AtlasRise/airflow/airflow_env/lib/python3.12/site-packages/airflow/example_dags/example_short_circuit_operator.py
[2024-11-18T21:20:02.875+0500] {processor.py:925} INFO - DAG(s) 'example_short_circuit_operator' retrieved from /home/AtlasRise/airflow/airflow_env/lib/python3.12/site-packages/airflow/example_dags/example_short_circuit_operator.py
[2024-11-18T21:20:02.905+0500] {logging_mixin.py:190} INFO - [2024-11-18T21:20:02.904+0500] {dag.py:3239} INFO - Sync 1 DAGs
[2024-11-18T21:20:02.926+0500] {logging_mixin.py:190} INFO - [2024-11-18T21:20:02.925+0500] {dag.py:4180} INFO - Setting next_dagrun for example_short_circuit_operator to None, run_after=None
[2024-11-18T21:20:02.959+0500] {processor.py:208} INFO - Processing /home/AtlasRise/airflow/airflow_env/lib/python3.12/site-packages/airflow/example_dags/example_short_circuit_operator.py took 0.113 seconds
[2024-11-18T21:21:13.126+0500] {processor.py:186} INFO - Started process (PID=22224) to work on /home/AtlasRise/airflow/airflow_env/lib/python3.12/site-packages/airflow/example_dags/example_short_circuit_operator.py
[2024-11-18T21:21:13.131+0500] {processor.py:914} INFO - Processing file /home/AtlasRise/airflow/airflow_env/lib/python3.12/site-packages/airflow/example_dags/example_short_circuit_operator.py for tasks to queue
[2024-11-18T21:21:13.134+0500] {logging_mixin.py:190} INFO - [2024-11-18T21:21:13.133+0500] {dagbag.py:588} INFO - Filling up the DagBag from /home/AtlasRise/airflow/airflow_env/lib/python3.12/site-packages/airflow/example_dags/example_short_circuit_operator.py
[2024-11-18T21:21:13.148+0500] {processor.py:925} INFO - DAG(s) 'example_short_circuit_operator' retrieved from /home/AtlasRise/airflow/airflow_env/lib/python3.12/site-packages/airflow/example_dags/example_short_circuit_operator.py
[2024-11-18T21:21:13.179+0500] {logging_mixin.py:190} INFO - [2024-11-18T21:21:13.179+0500] {dag.py:3239} INFO - Sync 1 DAGs
[2024-11-18T21:21:13.200+0500] {logging_mixin.py:190} INFO - [2024-11-18T21:21:13.200+0500] {dag.py:4180} INFO - Setting next_dagrun for example_short_circuit_operator to None, run_after=None
[2024-11-18T21:21:13.232+0500] {processor.py:208} INFO - Processing /home/AtlasRise/airflow/airflow_env/lib/python3.12/site-packages/airflow/example_dags/example_short_circuit_operator.py took 0.115 seconds
[2024-11-18T21:22:25.861+0500] {processor.py:186} INFO - Started process (PID=22305) to work on /home/AtlasRise/airflow/airflow_env/lib/python3.12/site-packages/airflow/example_dags/example_short_circuit_operator.py
[2024-11-18T21:22:25.863+0500] {processor.py:914} INFO - Processing file /home/AtlasRise/airflow/airflow_env/lib/python3.12/site-packages/airflow/example_dags/example_short_circuit_operator.py for tasks to queue
[2024-11-18T21:22:25.866+0500] {logging_mixin.py:190} INFO - [2024-11-18T21:22:25.865+0500] {dagbag.py:588} INFO - Filling up the DagBag from /home/AtlasRise/airflow/airflow_env/lib/python3.12/site-packages/airflow/example_dags/example_short_circuit_operator.py
[2024-11-18T21:22:25.879+0500] {processor.py:925} INFO - DAG(s) 'example_short_circuit_operator' retrieved from /home/AtlasRise/airflow/airflow_env/lib/python3.12/site-packages/airflow/example_dags/example_short_circuit_operator.py
[2024-11-18T21:22:25.909+0500] {logging_mixin.py:190} INFO - [2024-11-18T21:22:25.908+0500] {dag.py:3239} INFO - Sync 1 DAGs
[2024-11-18T21:22:25.930+0500] {logging_mixin.py:190} INFO - [2024-11-18T21:22:25.929+0500] {dag.py:4180} INFO - Setting next_dagrun for example_short_circuit_operator to None, run_after=None
[2024-11-18T21:22:25.962+0500] {processor.py:208} INFO - Processing /home/AtlasRise/airflow/airflow_env/lib/python3.12/site-packages/airflow/example_dags/example_short_circuit_operator.py took 0.110 seconds
