[2024-11-18T20:40:56.845+0500] {processor.py:186} INFO - Started process (PID=18945) to work on /home/AtlasRise/airflow/airflow_env/lib/python3.12/site-packages/airflow/example_dags/example_python_decorator.py
[2024-11-18T20:40:56.846+0500] {processor.py:914} INFO - Processing file /home/AtlasRise/airflow/airflow_env/lib/python3.12/site-packages/airflow/example_dags/example_python_decorator.py for tasks to queue
[2024-11-18T20:40:56.848+0500] {logging_mixin.py:190} INFO - [2024-11-18T20:40:56.848+0500] {dagbag.py:588} INFO - Filling up the DagBag from /home/AtlasRise/airflow/airflow_env/lib/python3.12/site-packages/airflow/example_dags/example_python_decorator.py
[2024-11-18T20:40:56.861+0500] {logging_mixin.py:190} INFO - [2024-11-18T20:40:56.860+0500] {example_python_decorator.py:80} WARNING - The virtalenv_python example task requires virtualenv, please install it.
[2024-11-18T20:40:56.864+0500] {processor.py:925} INFO - DAG(s) 'example_python_decorator' retrieved from /home/AtlasRise/airflow/airflow_env/lib/python3.12/site-packages/airflow/example_dags/example_python_decorator.py
[2024-11-18T20:40:57.026+0500] {logging_mixin.py:190} INFO - [2024-11-18T20:40:57.025+0500] {override.py:1911} INFO - Created Permission View: can read on DAG:example_python_decorator
[2024-11-18T20:40:57.045+0500] {logging_mixin.py:190} INFO - [2024-11-18T20:40:57.044+0500] {override.py:1911} INFO - Created Permission View: can edit on DAG:example_python_decorator
[2024-11-18T20:40:57.057+0500] {logging_mixin.py:190} INFO - [2024-11-18T20:40:57.056+0500] {override.py:1911} INFO - Created Permission View: can delete on DAG:example_python_decorator
[2024-11-18T20:40:57.076+0500] {logging_mixin.py:190} INFO - [2024-11-18T20:40:57.075+0500] {override.py:1911} INFO - Created Permission View: can read on DAG Run:example_python_decorator
[2024-11-18T20:40:57.088+0500] {logging_mixin.py:190} INFO - [2024-11-18T20:40:57.087+0500] {override.py:1911} INFO - Created Permission View: can create on DAG Run:example_python_decorator
[2024-11-18T20:40:57.100+0500] {logging_mixin.py:190} INFO - [2024-11-18T20:40:57.099+0500] {override.py:1911} INFO - Created Permission View: can delete on DAG Run:example_python_decorator
[2024-11-18T20:40:57.112+0500] {logging_mixin.py:190} INFO - [2024-11-18T20:40:57.111+0500] {override.py:1911} INFO - Created Permission View: menu access on DAG Run:example_python_decorator
[2024-11-18T20:40:57.112+0500] {logging_mixin.py:190} INFO - [2024-11-18T20:40:57.112+0500] {dag.py:3239} INFO - Sync 1 DAGs
[2024-11-18T20:40:57.137+0500] {logging_mixin.py:190} INFO - [2024-11-18T20:40:57.136+0500] {dag.py:3262} INFO - Creating ORM DAG for example_python_decorator
[2024-11-18T20:40:57.138+0500] {logging_mixin.py:190} INFO - [2024-11-18T20:40:57.137+0500] {dag.py:4180} INFO - Setting next_dagrun for example_python_decorator to None, run_after=None
[2024-11-18T20:40:57.166+0500] {processor.py:208} INFO - Processing /home/AtlasRise/airflow/airflow_env/lib/python3.12/site-packages/airflow/example_dags/example_python_decorator.py took 0.329 seconds
[2024-11-18T20:42:07.211+0500] {processor.py:186} INFO - Started process (PID=19133) to work on /home/AtlasRise/airflow/airflow_env/lib/python3.12/site-packages/airflow/example_dags/example_python_decorator.py
[2024-11-18T20:42:07.214+0500] {processor.py:914} INFO - Processing file /home/AtlasRise/airflow/airflow_env/lib/python3.12/site-packages/airflow/example_dags/example_python_decorator.py for tasks to queue
[2024-11-18T20:42:07.216+0500] {logging_mixin.py:190} INFO - [2024-11-18T20:42:07.216+0500] {dagbag.py:588} INFO - Filling up the DagBag from /home/AtlasRise/airflow/airflow_env/lib/python3.12/site-packages/airflow/example_dags/example_python_decorator.py
[2024-11-18T20:42:07.231+0500] {logging_mixin.py:190} INFO - [2024-11-18T20:42:07.230+0500] {example_python_decorator.py:80} WARNING - The virtalenv_python example task requires virtualenv, please install it.
[2024-11-18T20:42:07.234+0500] {processor.py:925} INFO - DAG(s) 'example_python_decorator' retrieved from /home/AtlasRise/airflow/airflow_env/lib/python3.12/site-packages/airflow/example_dags/example_python_decorator.py
[2024-11-18T20:42:07.266+0500] {logging_mixin.py:190} INFO - [2024-11-18T20:42:07.265+0500] {dag.py:3239} INFO - Sync 1 DAGs
[2024-11-18T20:42:07.326+0500] {logging_mixin.py:190} INFO - [2024-11-18T20:42:07.323+0500] {dag.py:4180} INFO - Setting next_dagrun for example_python_decorator to None, run_after=None
[2024-11-18T20:42:07.387+0500] {processor.py:208} INFO - Processing /home/AtlasRise/airflow/airflow_env/lib/python3.12/site-packages/airflow/example_dags/example_python_decorator.py took 0.184 seconds
[2024-11-18T20:43:16.214+0500] {processor.py:186} INFO - Started process (PID=19208) to work on /home/AtlasRise/airflow/airflow_env/lib/python3.12/site-packages/airflow/example_dags/example_python_decorator.py
[2024-11-18T20:43:16.217+0500] {processor.py:914} INFO - Processing file /home/AtlasRise/airflow/airflow_env/lib/python3.12/site-packages/airflow/example_dags/example_python_decorator.py for tasks to queue
[2024-11-18T20:43:16.219+0500] {logging_mixin.py:190} INFO - [2024-11-18T20:43:16.219+0500] {dagbag.py:588} INFO - Filling up the DagBag from /home/AtlasRise/airflow/airflow_env/lib/python3.12/site-packages/airflow/example_dags/example_python_decorator.py
[2024-11-18T20:43:16.232+0500] {logging_mixin.py:190} INFO - [2024-11-18T20:43:16.232+0500] {example_python_decorator.py:80} WARNING - The virtalenv_python example task requires virtualenv, please install it.
[2024-11-18T20:43:16.236+0500] {processor.py:925} INFO - DAG(s) 'example_python_decorator' retrieved from /home/AtlasRise/airflow/airflow_env/lib/python3.12/site-packages/airflow/example_dags/example_python_decorator.py
[2024-11-18T20:43:16.262+0500] {logging_mixin.py:190} INFO - [2024-11-18T20:43:16.261+0500] {dag.py:3239} INFO - Sync 1 DAGs
[2024-11-18T20:43:16.281+0500] {logging_mixin.py:190} INFO - [2024-11-18T20:43:16.281+0500] {dag.py:4180} INFO - Setting next_dagrun for example_python_decorator to None, run_after=None
[2024-11-18T20:43:16.312+0500] {processor.py:208} INFO - Processing /home/AtlasRise/airflow/airflow_env/lib/python3.12/site-packages/airflow/example_dags/example_python_decorator.py took 0.106 seconds
[2024-11-18T20:44:22.665+0500] {processor.py:186} INFO - Started process (PID=19286) to work on /home/AtlasRise/airflow/airflow_env/lib/python3.12/site-packages/airflow/example_dags/example_python_decorator.py
[2024-11-18T20:44:22.667+0500] {processor.py:914} INFO - Processing file /home/AtlasRise/airflow/airflow_env/lib/python3.12/site-packages/airflow/example_dags/example_python_decorator.py for tasks to queue
[2024-11-18T20:44:22.670+0500] {logging_mixin.py:190} INFO - [2024-11-18T20:44:22.669+0500] {dagbag.py:588} INFO - Filling up the DagBag from /home/AtlasRise/airflow/airflow_env/lib/python3.12/site-packages/airflow/example_dags/example_python_decorator.py
[2024-11-18T20:44:22.683+0500] {logging_mixin.py:190} INFO - [2024-11-18T20:44:22.683+0500] {example_python_decorator.py:80} WARNING - The virtalenv_python example task requires virtualenv, please install it.
[2024-11-18T20:44:22.687+0500] {processor.py:925} INFO - DAG(s) 'example_python_decorator' retrieved from /home/AtlasRise/airflow/airflow_env/lib/python3.12/site-packages/airflow/example_dags/example_python_decorator.py
[2024-11-18T20:44:22.712+0500] {logging_mixin.py:190} INFO - [2024-11-18T20:44:22.711+0500] {dag.py:3239} INFO - Sync 1 DAGs
[2024-11-18T20:44:22.733+0500] {logging_mixin.py:190} INFO - [2024-11-18T20:44:22.733+0500] {dag.py:4180} INFO - Setting next_dagrun for example_python_decorator to None, run_after=None
[2024-11-18T20:44:22.770+0500] {processor.py:208} INFO - Processing /home/AtlasRise/airflow/airflow_env/lib/python3.12/site-packages/airflow/example_dags/example_python_decorator.py took 0.113 seconds
[2024-11-18T20:45:29.512+0500] {processor.py:186} INFO - Started process (PID=19475) to work on /home/AtlasRise/airflow/airflow_env/lib/python3.12/site-packages/airflow/example_dags/example_python_decorator.py
[2024-11-18T20:45:29.514+0500] {processor.py:914} INFO - Processing file /home/AtlasRise/airflow/airflow_env/lib/python3.12/site-packages/airflow/example_dags/example_python_decorator.py for tasks to queue
[2024-11-18T20:45:29.517+0500] {logging_mixin.py:190} INFO - [2024-11-18T20:45:29.517+0500] {dagbag.py:588} INFO - Filling up the DagBag from /home/AtlasRise/airflow/airflow_env/lib/python3.12/site-packages/airflow/example_dags/example_python_decorator.py
[2024-11-18T20:45:29.531+0500] {logging_mixin.py:190} INFO - [2024-11-18T20:45:29.531+0500] {example_python_decorator.py:80} WARNING - The virtalenv_python example task requires virtualenv, please install it.
[2024-11-18T20:45:29.535+0500] {processor.py:925} INFO - DAG(s) 'example_python_decorator' retrieved from /home/AtlasRise/airflow/airflow_env/lib/python3.12/site-packages/airflow/example_dags/example_python_decorator.py
[2024-11-18T20:45:29.562+0500] {logging_mixin.py:190} INFO - [2024-11-18T20:45:29.562+0500] {dag.py:3239} INFO - Sync 1 DAGs
[2024-11-18T20:45:29.584+0500] {logging_mixin.py:190} INFO - [2024-11-18T20:45:29.583+0500] {dag.py:4180} INFO - Setting next_dagrun for example_python_decorator to None, run_after=None
[2024-11-18T20:45:29.767+0500] {processor.py:208} INFO - Processing /home/AtlasRise/airflow/airflow_env/lib/python3.12/site-packages/airflow/example_dags/example_python_decorator.py took 0.264 seconds
[2024-11-18T20:46:49.052+0500] {processor.py:186} INFO - Started process (PID=19580) to work on /home/AtlasRise/airflow/airflow_env/lib/python3.12/site-packages/airflow/example_dags/example_python_decorator.py
[2024-11-18T20:46:49.059+0500] {processor.py:914} INFO - Processing file /home/AtlasRise/airflow/airflow_env/lib/python3.12/site-packages/airflow/example_dags/example_python_decorator.py for tasks to queue
[2024-11-18T20:46:49.062+0500] {logging_mixin.py:190} INFO - [2024-11-18T20:46:49.061+0500] {dagbag.py:588} INFO - Filling up the DagBag from /home/AtlasRise/airflow/airflow_env/lib/python3.12/site-packages/airflow/example_dags/example_python_decorator.py
[2024-11-18T20:46:49.075+0500] {logging_mixin.py:190} INFO - [2024-11-18T20:46:49.074+0500] {example_python_decorator.py:80} WARNING - The virtalenv_python example task requires virtualenv, please install it.
[2024-11-18T20:46:49.078+0500] {processor.py:925} INFO - DAG(s) 'example_python_decorator' retrieved from /home/AtlasRise/airflow/airflow_env/lib/python3.12/site-packages/airflow/example_dags/example_python_decorator.py
[2024-11-18T20:46:49.104+0500] {logging_mixin.py:190} INFO - [2024-11-18T20:46:49.103+0500] {dag.py:3239} INFO - Sync 1 DAGs
[2024-11-18T20:46:49.126+0500] {logging_mixin.py:190} INFO - [2024-11-18T20:46:49.125+0500] {dag.py:4180} INFO - Setting next_dagrun for example_python_decorator to None, run_after=None
[2024-11-18T20:46:49.159+0500] {processor.py:208} INFO - Processing /home/AtlasRise/airflow/airflow_env/lib/python3.12/site-packages/airflow/example_dags/example_python_decorator.py took 0.115 seconds
[2024-11-18T20:47:57.445+0500] {processor.py:186} INFO - Started process (PID=19735) to work on /home/AtlasRise/airflow/airflow_env/lib/python3.12/site-packages/airflow/example_dags/example_python_decorator.py
[2024-11-18T20:47:57.446+0500] {processor.py:914} INFO - Processing file /home/AtlasRise/airflow/airflow_env/lib/python3.12/site-packages/airflow/example_dags/example_python_decorator.py for tasks to queue
[2024-11-18T20:47:57.449+0500] {logging_mixin.py:190} INFO - [2024-11-18T20:47:57.449+0500] {dagbag.py:588} INFO - Filling up the DagBag from /home/AtlasRise/airflow/airflow_env/lib/python3.12/site-packages/airflow/example_dags/example_python_decorator.py
[2024-11-18T20:47:57.462+0500] {logging_mixin.py:190} INFO - [2024-11-18T20:47:57.462+0500] {example_python_decorator.py:80} WARNING - The virtalenv_python example task requires virtualenv, please install it.
[2024-11-18T20:47:57.466+0500] {processor.py:925} INFO - DAG(s) 'example_python_decorator' retrieved from /home/AtlasRise/airflow/airflow_env/lib/python3.12/site-packages/airflow/example_dags/example_python_decorator.py
[2024-11-18T20:47:57.492+0500] {logging_mixin.py:190} INFO - [2024-11-18T20:47:57.492+0500] {dag.py:3239} INFO - Sync 1 DAGs
[2024-11-18T20:47:57.515+0500] {logging_mixin.py:190} INFO - [2024-11-18T20:47:57.514+0500] {dag.py:4180} INFO - Setting next_dagrun for example_python_decorator to None, run_after=None
[2024-11-18T20:47:57.548+0500] {processor.py:208} INFO - Processing /home/AtlasRise/airflow/airflow_env/lib/python3.12/site-packages/airflow/example_dags/example_python_decorator.py took 0.111 seconds
[2024-11-18T20:49:03.852+0500] {processor.py:186} INFO - Started process (PID=19818) to work on /home/AtlasRise/airflow/airflow_env/lib/python3.12/site-packages/airflow/example_dags/example_python_decorator.py
[2024-11-18T20:49:03.855+0500] {processor.py:914} INFO - Processing file /home/AtlasRise/airflow/airflow_env/lib/python3.12/site-packages/airflow/example_dags/example_python_decorator.py for tasks to queue
[2024-11-18T20:49:03.858+0500] {logging_mixin.py:190} INFO - [2024-11-18T20:49:03.857+0500] {dagbag.py:588} INFO - Filling up the DagBag from /home/AtlasRise/airflow/airflow_env/lib/python3.12/site-packages/airflow/example_dags/example_python_decorator.py
[2024-11-18T20:49:03.871+0500] {logging_mixin.py:190} INFO - [2024-11-18T20:49:03.870+0500] {example_python_decorator.py:80} WARNING - The virtalenv_python example task requires virtualenv, please install it.
[2024-11-18T20:49:03.875+0500] {processor.py:925} INFO - DAG(s) 'example_python_decorator' retrieved from /home/AtlasRise/airflow/airflow_env/lib/python3.12/site-packages/airflow/example_dags/example_python_decorator.py
[2024-11-18T20:49:03.901+0500] {logging_mixin.py:190} INFO - [2024-11-18T20:49:03.901+0500] {dag.py:3239} INFO - Sync 1 DAGs
[2024-11-18T20:49:03.923+0500] {logging_mixin.py:190} INFO - [2024-11-18T20:49:03.922+0500] {dag.py:4180} INFO - Setting next_dagrun for example_python_decorator to None, run_after=None
[2024-11-18T20:49:03.958+0500] {processor.py:208} INFO - Processing /home/AtlasRise/airflow/airflow_env/lib/python3.12/site-packages/airflow/example_dags/example_python_decorator.py took 0.114 seconds
[2024-11-18T20:50:11.299+0500] {processor.py:186} INFO - Started process (PID=19892) to work on /home/AtlasRise/airflow/airflow_env/lib/python3.12/site-packages/airflow/example_dags/example_python_decorator.py
[2024-11-18T20:50:11.301+0500] {processor.py:914} INFO - Processing file /home/AtlasRise/airflow/airflow_env/lib/python3.12/site-packages/airflow/example_dags/example_python_decorator.py for tasks to queue
[2024-11-18T20:50:11.304+0500] {logging_mixin.py:190} INFO - [2024-11-18T20:50:11.303+0500] {dagbag.py:588} INFO - Filling up the DagBag from /home/AtlasRise/airflow/airflow_env/lib/python3.12/site-packages/airflow/example_dags/example_python_decorator.py
[2024-11-18T20:50:11.319+0500] {logging_mixin.py:190} INFO - [2024-11-18T20:50:11.319+0500] {example_python_decorator.py:80} WARNING - The virtalenv_python example task requires virtualenv, please install it.
[2024-11-18T20:50:11.322+0500] {processor.py:925} INFO - DAG(s) 'example_python_decorator' retrieved from /home/AtlasRise/airflow/airflow_env/lib/python3.12/site-packages/airflow/example_dags/example_python_decorator.py
[2024-11-18T20:50:11.350+0500] {logging_mixin.py:190} INFO - [2024-11-18T20:50:11.350+0500] {dag.py:3239} INFO - Sync 1 DAGs
[2024-11-18T20:50:11.371+0500] {logging_mixin.py:190} INFO - [2024-11-18T20:50:11.371+0500] {dag.py:4180} INFO - Setting next_dagrun for example_python_decorator to None, run_after=None
[2024-11-18T20:50:11.406+0500] {processor.py:208} INFO - Processing /home/AtlasRise/airflow/airflow_env/lib/python3.12/site-packages/airflow/example_dags/example_python_decorator.py took 0.116 seconds
[2024-11-18T20:51:23.076+0500] {processor.py:186} INFO - Started process (PID=19962) to work on /home/AtlasRise/airflow/airflow_env/lib/python3.12/site-packages/airflow/example_dags/example_python_decorator.py
[2024-11-18T20:51:23.078+0500] {processor.py:914} INFO - Processing file /home/AtlasRise/airflow/airflow_env/lib/python3.12/site-packages/airflow/example_dags/example_python_decorator.py for tasks to queue
[2024-11-18T20:51:23.082+0500] {logging_mixin.py:190} INFO - [2024-11-18T20:51:23.081+0500] {dagbag.py:588} INFO - Filling up the DagBag from /home/AtlasRise/airflow/airflow_env/lib/python3.12/site-packages/airflow/example_dags/example_python_decorator.py
[2024-11-18T20:51:23.095+0500] {logging_mixin.py:190} INFO - [2024-11-18T20:51:23.094+0500] {example_python_decorator.py:80} WARNING - The virtalenv_python example task requires virtualenv, please install it.
[2024-11-18T20:51:23.098+0500] {processor.py:925} INFO - DAG(s) 'example_python_decorator' retrieved from /home/AtlasRise/airflow/airflow_env/lib/python3.12/site-packages/airflow/example_dags/example_python_decorator.py
[2024-11-18T20:51:23.125+0500] {logging_mixin.py:190} INFO - [2024-11-18T20:51:23.125+0500] {dag.py:3239} INFO - Sync 1 DAGs
[2024-11-18T20:51:23.147+0500] {logging_mixin.py:190} INFO - [2024-11-18T20:51:23.147+0500] {dag.py:4180} INFO - Setting next_dagrun for example_python_decorator to None, run_after=None
[2024-11-18T20:51:23.182+0500] {processor.py:208} INFO - Processing /home/AtlasRise/airflow/airflow_env/lib/python3.12/site-packages/airflow/example_dags/example_python_decorator.py took 0.115 seconds
[2024-11-18T20:52:34.026+0500] {processor.py:186} INFO - Started process (PID=20057) to work on /home/AtlasRise/airflow/airflow_env/lib/python3.12/site-packages/airflow/example_dags/example_python_decorator.py
[2024-11-18T20:52:34.027+0500] {processor.py:914} INFO - Processing file /home/AtlasRise/airflow/airflow_env/lib/python3.12/site-packages/airflow/example_dags/example_python_decorator.py for tasks to queue
[2024-11-18T20:52:34.030+0500] {logging_mixin.py:190} INFO - [2024-11-18T20:52:34.030+0500] {dagbag.py:588} INFO - Filling up the DagBag from /home/AtlasRise/airflow/airflow_env/lib/python3.12/site-packages/airflow/example_dags/example_python_decorator.py
[2024-11-18T20:52:34.045+0500] {logging_mixin.py:190} INFO - [2024-11-18T20:52:34.044+0500] {example_python_decorator.py:80} WARNING - The virtalenv_python example task requires virtualenv, please install it.
[2024-11-18T20:52:34.048+0500] {processor.py:925} INFO - DAG(s) 'example_python_decorator' retrieved from /home/AtlasRise/airflow/airflow_env/lib/python3.12/site-packages/airflow/example_dags/example_python_decorator.py
[2024-11-18T20:52:34.074+0500] {logging_mixin.py:190} INFO - [2024-11-18T20:52:34.073+0500] {dag.py:3239} INFO - Sync 1 DAGs
[2024-11-18T20:52:34.095+0500] {logging_mixin.py:190} INFO - [2024-11-18T20:52:34.094+0500] {dag.py:4180} INFO - Setting next_dagrun for example_python_decorator to None, run_after=None
[2024-11-18T20:52:34.130+0500] {processor.py:208} INFO - Processing /home/AtlasRise/airflow/airflow_env/lib/python3.12/site-packages/airflow/example_dags/example_python_decorator.py took 0.113 seconds
[2024-11-18T20:53:41.096+0500] {processor.py:186} INFO - Started process (PID=20122) to work on /home/AtlasRise/airflow/airflow_env/lib/python3.12/site-packages/airflow/example_dags/example_python_decorator.py
[2024-11-18T20:53:41.097+0500] {processor.py:914} INFO - Processing file /home/AtlasRise/airflow/airflow_env/lib/python3.12/site-packages/airflow/example_dags/example_python_decorator.py for tasks to queue
[2024-11-18T20:53:41.100+0500] {logging_mixin.py:190} INFO - [2024-11-18T20:53:41.100+0500] {dagbag.py:588} INFO - Filling up the DagBag from /home/AtlasRise/airflow/airflow_env/lib/python3.12/site-packages/airflow/example_dags/example_python_decorator.py
[2024-11-18T20:53:41.116+0500] {logging_mixin.py:190} INFO - [2024-11-18T20:53:41.115+0500] {example_python_decorator.py:80} WARNING - The virtalenv_python example task requires virtualenv, please install it.
[2024-11-18T20:53:41.119+0500] {processor.py:925} INFO - DAG(s) 'example_python_decorator' retrieved from /home/AtlasRise/airflow/airflow_env/lib/python3.12/site-packages/airflow/example_dags/example_python_decorator.py
[2024-11-18T20:53:41.145+0500] {logging_mixin.py:190} INFO - [2024-11-18T20:53:41.145+0500] {dag.py:3239} INFO - Sync 1 DAGs
[2024-11-18T20:53:41.166+0500] {logging_mixin.py:190} INFO - [2024-11-18T20:53:41.165+0500] {dag.py:4180} INFO - Setting next_dagrun for example_python_decorator to None, run_after=None
[2024-11-18T20:53:41.198+0500] {processor.py:208} INFO - Processing /home/AtlasRise/airflow/airflow_env/lib/python3.12/site-packages/airflow/example_dags/example_python_decorator.py took 0.111 seconds
[2024-11-18T20:54:58.948+0500] {processor.py:186} INFO - Started process (PID=20219) to work on /home/AtlasRise/airflow/airflow_env/lib/python3.12/site-packages/airflow/example_dags/example_python_decorator.py
[2024-11-18T20:54:58.949+0500] {processor.py:914} INFO - Processing file /home/AtlasRise/airflow/airflow_env/lib/python3.12/site-packages/airflow/example_dags/example_python_decorator.py for tasks to queue
[2024-11-18T20:54:58.952+0500] {logging_mixin.py:190} INFO - [2024-11-18T20:54:58.951+0500] {dagbag.py:588} INFO - Filling up the DagBag from /home/AtlasRise/airflow/airflow_env/lib/python3.12/site-packages/airflow/example_dags/example_python_decorator.py
[2024-11-18T20:54:58.966+0500] {logging_mixin.py:190} INFO - [2024-11-18T20:54:58.966+0500] {example_python_decorator.py:80} WARNING - The virtalenv_python example task requires virtualenv, please install it.
[2024-11-18T20:54:58.970+0500] {processor.py:925} INFO - DAG(s) 'example_python_decorator' retrieved from /home/AtlasRise/airflow/airflow_env/lib/python3.12/site-packages/airflow/example_dags/example_python_decorator.py
[2024-11-18T20:54:58.997+0500] {logging_mixin.py:190} INFO - [2024-11-18T20:54:58.997+0500] {dag.py:3239} INFO - Sync 1 DAGs
[2024-11-18T20:54:59.018+0500] {logging_mixin.py:190} INFO - [2024-11-18T20:54:59.018+0500] {dag.py:4180} INFO - Setting next_dagrun for example_python_decorator to None, run_after=None
[2024-11-18T20:54:59.054+0500] {processor.py:208} INFO - Processing /home/AtlasRise/airflow/airflow_env/lib/python3.12/site-packages/airflow/example_dags/example_python_decorator.py took 0.115 seconds
[2024-11-18T20:56:22.124+0500] {processor.py:186} INFO - Started process (PID=20304) to work on /home/AtlasRise/airflow/airflow_env/lib/python3.12/site-packages/airflow/example_dags/example_python_decorator.py
[2024-11-18T20:56:22.126+0500] {processor.py:914} INFO - Processing file /home/AtlasRise/airflow/airflow_env/lib/python3.12/site-packages/airflow/example_dags/example_python_decorator.py for tasks to queue
[2024-11-18T20:56:22.129+0500] {logging_mixin.py:190} INFO - [2024-11-18T20:56:22.129+0500] {dagbag.py:588} INFO - Filling up the DagBag from /home/AtlasRise/airflow/airflow_env/lib/python3.12/site-packages/airflow/example_dags/example_python_decorator.py
[2024-11-18T20:56:22.143+0500] {logging_mixin.py:190} INFO - [2024-11-18T20:56:22.143+0500] {example_python_decorator.py:80} WARNING - The virtalenv_python example task requires virtualenv, please install it.
[2024-11-18T20:56:22.147+0500] {processor.py:925} INFO - DAG(s) 'example_python_decorator' retrieved from /home/AtlasRise/airflow/airflow_env/lib/python3.12/site-packages/airflow/example_dags/example_python_decorator.py
[2024-11-18T20:56:22.173+0500] {logging_mixin.py:190} INFO - [2024-11-18T20:56:22.172+0500] {dag.py:3239} INFO - Sync 1 DAGs
[2024-11-18T20:56:22.194+0500] {logging_mixin.py:190} INFO - [2024-11-18T20:56:22.193+0500] {dag.py:4180} INFO - Setting next_dagrun for example_python_decorator to None, run_after=None
[2024-11-18T20:56:22.233+0500] {processor.py:208} INFO - Processing /home/AtlasRise/airflow/airflow_env/lib/python3.12/site-packages/airflow/example_dags/example_python_decorator.py took 0.118 seconds
[2024-11-18T20:57:36.513+0500] {processor.py:186} INFO - Started process (PID=20391) to work on /home/AtlasRise/airflow/airflow_env/lib/python3.12/site-packages/airflow/example_dags/example_python_decorator.py
[2024-11-18T20:57:36.515+0500] {processor.py:914} INFO - Processing file /home/AtlasRise/airflow/airflow_env/lib/python3.12/site-packages/airflow/example_dags/example_python_decorator.py for tasks to queue
[2024-11-18T20:57:36.519+0500] {logging_mixin.py:190} INFO - [2024-11-18T20:57:36.518+0500] {dagbag.py:588} INFO - Filling up the DagBag from /home/AtlasRise/airflow/airflow_env/lib/python3.12/site-packages/airflow/example_dags/example_python_decorator.py
[2024-11-18T20:57:36.533+0500] {logging_mixin.py:190} INFO - [2024-11-18T20:57:36.533+0500] {example_python_decorator.py:80} WARNING - The virtalenv_python example task requires virtualenv, please install it.
[2024-11-18T20:57:36.537+0500] {processor.py:925} INFO - DAG(s) 'example_python_decorator' retrieved from /home/AtlasRise/airflow/airflow_env/lib/python3.12/site-packages/airflow/example_dags/example_python_decorator.py
[2024-11-18T20:57:36.566+0500] {logging_mixin.py:190} INFO - [2024-11-18T20:57:36.566+0500] {dag.py:3239} INFO - Sync 1 DAGs
[2024-11-18T20:57:36.589+0500] {logging_mixin.py:190} INFO - [2024-11-18T20:57:36.589+0500] {dag.py:4180} INFO - Setting next_dagrun for example_python_decorator to None, run_after=None
[2024-11-18T20:57:36.625+0500] {processor.py:208} INFO - Processing /home/AtlasRise/airflow/airflow_env/lib/python3.12/site-packages/airflow/example_dags/example_python_decorator.py took 0.121 seconds
[2024-11-18T20:58:47.953+0500] {processor.py:186} INFO - Started process (PID=20482) to work on /home/AtlasRise/airflow/airflow_env/lib/python3.12/site-packages/airflow/example_dags/example_python_decorator.py
[2024-11-18T20:58:47.954+0500] {processor.py:914} INFO - Processing file /home/AtlasRise/airflow/airflow_env/lib/python3.12/site-packages/airflow/example_dags/example_python_decorator.py for tasks to queue
[2024-11-18T20:58:47.957+0500] {logging_mixin.py:190} INFO - [2024-11-18T20:58:47.957+0500] {dagbag.py:588} INFO - Filling up the DagBag from /home/AtlasRise/airflow/airflow_env/lib/python3.12/site-packages/airflow/example_dags/example_python_decorator.py
[2024-11-18T20:58:47.971+0500] {logging_mixin.py:190} INFO - [2024-11-18T20:58:47.970+0500] {example_python_decorator.py:80} WARNING - The virtalenv_python example task requires virtualenv, please install it.
[2024-11-18T20:58:47.974+0500] {processor.py:925} INFO - DAG(s) 'example_python_decorator' retrieved from /home/AtlasRise/airflow/airflow_env/lib/python3.12/site-packages/airflow/example_dags/example_python_decorator.py
[2024-11-18T20:58:48.001+0500] {logging_mixin.py:190} INFO - [2024-11-18T20:58:48.001+0500] {dag.py:3239} INFO - Sync 1 DAGs
[2024-11-18T20:58:48.022+0500] {logging_mixin.py:190} INFO - [2024-11-18T20:58:48.022+0500] {dag.py:4180} INFO - Setting next_dagrun for example_python_decorator to None, run_after=None
[2024-11-18T20:58:48.054+0500] {processor.py:208} INFO - Processing /home/AtlasRise/airflow/airflow_env/lib/python3.12/site-packages/airflow/example_dags/example_python_decorator.py took 0.110 seconds
[2024-11-18T20:59:59.407+0500] {processor.py:186} INFO - Started process (PID=20560) to work on /home/AtlasRise/airflow/airflow_env/lib/python3.12/site-packages/airflow/example_dags/example_python_decorator.py
[2024-11-18T20:59:59.410+0500] {processor.py:914} INFO - Processing file /home/AtlasRise/airflow/airflow_env/lib/python3.12/site-packages/airflow/example_dags/example_python_decorator.py for tasks to queue
[2024-11-18T20:59:59.413+0500] {logging_mixin.py:190} INFO - [2024-11-18T20:59:59.412+0500] {dagbag.py:588} INFO - Filling up the DagBag from /home/AtlasRise/airflow/airflow_env/lib/python3.12/site-packages/airflow/example_dags/example_python_decorator.py
[2024-11-18T20:59:59.425+0500] {logging_mixin.py:190} INFO - [2024-11-18T20:59:59.425+0500] {example_python_decorator.py:80} WARNING - The virtalenv_python example task requires virtualenv, please install it.
[2024-11-18T20:59:59.429+0500] {processor.py:925} INFO - DAG(s) 'example_python_decorator' retrieved from /home/AtlasRise/airflow/airflow_env/lib/python3.12/site-packages/airflow/example_dags/example_python_decorator.py
[2024-11-18T20:59:59.456+0500] {logging_mixin.py:190} INFO - [2024-11-18T20:59:59.455+0500] {dag.py:3239} INFO - Sync 1 DAGs
[2024-11-18T20:59:59.477+0500] {logging_mixin.py:190} INFO - [2024-11-18T20:59:59.476+0500] {dag.py:4180} INFO - Setting next_dagrun for example_python_decorator to None, run_after=None
[2024-11-18T20:59:59.513+0500] {processor.py:208} INFO - Processing /home/AtlasRise/airflow/airflow_env/lib/python3.12/site-packages/airflow/example_dags/example_python_decorator.py took 0.115 seconds
[2024-11-18T21:01:08.443+0500] {processor.py:186} INFO - Started process (PID=20643) to work on /home/AtlasRise/airflow/airflow_env/lib/python3.12/site-packages/airflow/example_dags/example_python_decorator.py
[2024-11-18T21:01:08.445+0500] {processor.py:914} INFO - Processing file /home/AtlasRise/airflow/airflow_env/lib/python3.12/site-packages/airflow/example_dags/example_python_decorator.py for tasks to queue
[2024-11-18T21:01:08.449+0500] {logging_mixin.py:190} INFO - [2024-11-18T21:01:08.448+0500] {dagbag.py:588} INFO - Filling up the DagBag from /home/AtlasRise/airflow/airflow_env/lib/python3.12/site-packages/airflow/example_dags/example_python_decorator.py
[2024-11-18T21:01:08.465+0500] {logging_mixin.py:190} INFO - [2024-11-18T21:01:08.464+0500] {example_python_decorator.py:80} WARNING - The virtalenv_python example task requires virtualenv, please install it.
[2024-11-18T21:01:08.468+0500] {processor.py:925} INFO - DAG(s) 'example_python_decorator' retrieved from /home/AtlasRise/airflow/airflow_env/lib/python3.12/site-packages/airflow/example_dags/example_python_decorator.py
[2024-11-18T21:01:08.495+0500] {logging_mixin.py:190} INFO - [2024-11-18T21:01:08.495+0500] {dag.py:3239} INFO - Sync 1 DAGs
[2024-11-18T21:01:08.516+0500] {logging_mixin.py:190} INFO - [2024-11-18T21:01:08.515+0500] {dag.py:4180} INFO - Setting next_dagrun for example_python_decorator to None, run_after=None
[2024-11-18T21:01:08.548+0500] {processor.py:208} INFO - Processing /home/AtlasRise/airflow/airflow_env/lib/python3.12/site-packages/airflow/example_dags/example_python_decorator.py took 0.116 seconds
[2024-11-18T21:02:15.708+0500] {processor.py:186} INFO - Started process (PID=20713) to work on /home/AtlasRise/airflow/airflow_env/lib/python3.12/site-packages/airflow/example_dags/example_python_decorator.py
[2024-11-18T21:02:15.711+0500] {processor.py:914} INFO - Processing file /home/AtlasRise/airflow/airflow_env/lib/python3.12/site-packages/airflow/example_dags/example_python_decorator.py for tasks to queue
[2024-11-18T21:02:15.714+0500] {logging_mixin.py:190} INFO - [2024-11-18T21:02:15.714+0500] {dagbag.py:588} INFO - Filling up the DagBag from /home/AtlasRise/airflow/airflow_env/lib/python3.12/site-packages/airflow/example_dags/example_python_decorator.py
[2024-11-18T21:02:15.727+0500] {logging_mixin.py:190} INFO - [2024-11-18T21:02:15.727+0500] {example_python_decorator.py:80} WARNING - The virtalenv_python example task requires virtualenv, please install it.
[2024-11-18T21:02:15.731+0500] {processor.py:925} INFO - DAG(s) 'example_python_decorator' retrieved from /home/AtlasRise/airflow/airflow_env/lib/python3.12/site-packages/airflow/example_dags/example_python_decorator.py
[2024-11-18T21:02:15.757+0500] {logging_mixin.py:190} INFO - [2024-11-18T21:02:15.756+0500] {dag.py:3239} INFO - Sync 1 DAGs
[2024-11-18T21:02:15.777+0500] {logging_mixin.py:190} INFO - [2024-11-18T21:02:15.777+0500] {dag.py:4180} INFO - Setting next_dagrun for example_python_decorator to None, run_after=None
[2024-11-18T21:02:15.810+0500] {processor.py:208} INFO - Processing /home/AtlasRise/airflow/airflow_env/lib/python3.12/site-packages/airflow/example_dags/example_python_decorator.py took 0.110 seconds
[2024-11-18T21:03:28.316+0500] {processor.py:186} INFO - Started process (PID=20790) to work on /home/AtlasRise/airflow/airflow_env/lib/python3.12/site-packages/airflow/example_dags/example_python_decorator.py
[2024-11-18T21:03:28.320+0500] {processor.py:914} INFO - Processing file /home/AtlasRise/airflow/airflow_env/lib/python3.12/site-packages/airflow/example_dags/example_python_decorator.py for tasks to queue
[2024-11-18T21:03:28.324+0500] {logging_mixin.py:190} INFO - [2024-11-18T21:03:28.323+0500] {dagbag.py:588} INFO - Filling up the DagBag from /home/AtlasRise/airflow/airflow_env/lib/python3.12/site-packages/airflow/example_dags/example_python_decorator.py
[2024-11-18T21:03:28.339+0500] {logging_mixin.py:190} INFO - [2024-11-18T21:03:28.339+0500] {example_python_decorator.py:80} WARNING - The virtalenv_python example task requires virtualenv, please install it.
[2024-11-18T21:03:28.343+0500] {processor.py:925} INFO - DAG(s) 'example_python_decorator' retrieved from /home/AtlasRise/airflow/airflow_env/lib/python3.12/site-packages/airflow/example_dags/example_python_decorator.py
[2024-11-18T21:03:28.369+0500] {logging_mixin.py:190} INFO - [2024-11-18T21:03:28.369+0500] {dag.py:3239} INFO - Sync 1 DAGs
[2024-11-18T21:03:28.391+0500] {logging_mixin.py:190} INFO - [2024-11-18T21:03:28.391+0500] {dag.py:4180} INFO - Setting next_dagrun for example_python_decorator to None, run_after=None
[2024-11-18T21:03:28.432+0500] {processor.py:208} INFO - Processing /home/AtlasRise/airflow/airflow_env/lib/python3.12/site-packages/airflow/example_dags/example_python_decorator.py took 0.124 seconds
[2024-11-18T21:04:34.467+0500] {processor.py:186} INFO - Started process (PID=20890) to work on /home/AtlasRise/airflow/airflow_env/lib/python3.12/site-packages/airflow/example_dags/example_python_decorator.py
[2024-11-18T21:04:34.470+0500] {processor.py:914} INFO - Processing file /home/AtlasRise/airflow/airflow_env/lib/python3.12/site-packages/airflow/example_dags/example_python_decorator.py for tasks to queue
[2024-11-18T21:04:34.473+0500] {logging_mixin.py:190} INFO - [2024-11-18T21:04:34.473+0500] {dagbag.py:588} INFO - Filling up the DagBag from /home/AtlasRise/airflow/airflow_env/lib/python3.12/site-packages/airflow/example_dags/example_python_decorator.py
[2024-11-18T21:04:34.486+0500] {logging_mixin.py:190} INFO - [2024-11-18T21:04:34.485+0500] {example_python_decorator.py:80} WARNING - The virtalenv_python example task requires virtualenv, please install it.
[2024-11-18T21:04:34.489+0500] {processor.py:925} INFO - DAG(s) 'example_python_decorator' retrieved from /home/AtlasRise/airflow/airflow_env/lib/python3.12/site-packages/airflow/example_dags/example_python_decorator.py
[2024-11-18T21:04:34.515+0500] {logging_mixin.py:190} INFO - [2024-11-18T21:04:34.515+0500] {dag.py:3239} INFO - Sync 1 DAGs
[2024-11-18T21:04:34.536+0500] {logging_mixin.py:190} INFO - [2024-11-18T21:04:34.535+0500] {dag.py:4180} INFO - Setting next_dagrun for example_python_decorator to None, run_after=None
[2024-11-18T21:04:34.570+0500] {processor.py:208} INFO - Processing /home/AtlasRise/airflow/airflow_env/lib/python3.12/site-packages/airflow/example_dags/example_python_decorator.py took 0.112 seconds
[2024-11-18T21:05:40.185+0500] {processor.py:186} INFO - Started process (PID=20973) to work on /home/AtlasRise/airflow/airflow_env/lib/python3.12/site-packages/airflow/example_dags/example_python_decorator.py
[2024-11-18T21:05:40.186+0500] {processor.py:914} INFO - Processing file /home/AtlasRise/airflow/airflow_env/lib/python3.12/site-packages/airflow/example_dags/example_python_decorator.py for tasks to queue
[2024-11-18T21:05:40.189+0500] {logging_mixin.py:190} INFO - [2024-11-18T21:05:40.189+0500] {dagbag.py:588} INFO - Filling up the DagBag from /home/AtlasRise/airflow/airflow_env/lib/python3.12/site-packages/airflow/example_dags/example_python_decorator.py
[2024-11-18T21:05:40.202+0500] {logging_mixin.py:190} INFO - [2024-11-18T21:05:40.202+0500] {example_python_decorator.py:80} WARNING - The virtalenv_python example task requires virtualenv, please install it.
[2024-11-18T21:05:40.206+0500] {processor.py:925} INFO - DAG(s) 'example_python_decorator' retrieved from /home/AtlasRise/airflow/airflow_env/lib/python3.12/site-packages/airflow/example_dags/example_python_decorator.py
[2024-11-18T21:05:40.232+0500] {logging_mixin.py:190} INFO - [2024-11-18T21:05:40.231+0500] {dag.py:3239} INFO - Sync 1 DAGs
[2024-11-18T21:05:40.253+0500] {logging_mixin.py:190} INFO - [2024-11-18T21:05:40.252+0500] {dag.py:4180} INFO - Setting next_dagrun for example_python_decorator to None, run_after=None
[2024-11-18T21:05:40.285+0500] {processor.py:208} INFO - Processing /home/AtlasRise/airflow/airflow_env/lib/python3.12/site-packages/airflow/example_dags/example_python_decorator.py took 0.108 seconds
[2024-11-18T21:06:54.769+0500] {processor.py:186} INFO - Started process (PID=21062) to work on /home/AtlasRise/airflow/airflow_env/lib/python3.12/site-packages/airflow/example_dags/example_python_decorator.py
[2024-11-18T21:06:54.772+0500] {processor.py:914} INFO - Processing file /home/AtlasRise/airflow/airflow_env/lib/python3.12/site-packages/airflow/example_dags/example_python_decorator.py for tasks to queue
[2024-11-18T21:06:54.775+0500] {logging_mixin.py:190} INFO - [2024-11-18T21:06:54.774+0500] {dagbag.py:588} INFO - Filling up the DagBag from /home/AtlasRise/airflow/airflow_env/lib/python3.12/site-packages/airflow/example_dags/example_python_decorator.py
[2024-11-18T21:06:54.788+0500] {logging_mixin.py:190} INFO - [2024-11-18T21:06:54.788+0500] {example_python_decorator.py:80} WARNING - The virtalenv_python example task requires virtualenv, please install it.
[2024-11-18T21:06:54.792+0500] {processor.py:925} INFO - DAG(s) 'example_python_decorator' retrieved from /home/AtlasRise/airflow/airflow_env/lib/python3.12/site-packages/airflow/example_dags/example_python_decorator.py
[2024-11-18T21:06:54.817+0500] {logging_mixin.py:190} INFO - [2024-11-18T21:06:54.817+0500] {dag.py:3239} INFO - Sync 1 DAGs
[2024-11-18T21:06:54.839+0500] {logging_mixin.py:190} INFO - [2024-11-18T21:06:54.839+0500] {dag.py:4180} INFO - Setting next_dagrun for example_python_decorator to None, run_after=None
[2024-11-18T21:06:54.872+0500] {processor.py:208} INFO - Processing /home/AtlasRise/airflow/airflow_env/lib/python3.12/site-packages/airflow/example_dags/example_python_decorator.py took 0.112 seconds
[2024-11-18T21:08:10.282+0500] {processor.py:186} INFO - Started process (PID=21144) to work on /home/AtlasRise/airflow/airflow_env/lib/python3.12/site-packages/airflow/example_dags/example_python_decorator.py
[2024-11-18T21:08:10.285+0500] {processor.py:914} INFO - Processing file /home/AtlasRise/airflow/airflow_env/lib/python3.12/site-packages/airflow/example_dags/example_python_decorator.py for tasks to queue
[2024-11-18T21:08:10.288+0500] {logging_mixin.py:190} INFO - [2024-11-18T21:08:10.287+0500] {dagbag.py:588} INFO - Filling up the DagBag from /home/AtlasRise/airflow/airflow_env/lib/python3.12/site-packages/airflow/example_dags/example_python_decorator.py
[2024-11-18T21:08:10.301+0500] {logging_mixin.py:190} INFO - [2024-11-18T21:08:10.301+0500] {example_python_decorator.py:80} WARNING - The virtalenv_python example task requires virtualenv, please install it.
[2024-11-18T21:08:10.305+0500] {processor.py:925} INFO - DAG(s) 'example_python_decorator' retrieved from /home/AtlasRise/airflow/airflow_env/lib/python3.12/site-packages/airflow/example_dags/example_python_decorator.py
[2024-11-18T21:08:10.330+0500] {logging_mixin.py:190} INFO - [2024-11-18T21:08:10.330+0500] {dag.py:3239} INFO - Sync 1 DAGs
[2024-11-18T21:08:10.351+0500] {logging_mixin.py:190} INFO - [2024-11-18T21:08:10.351+0500] {dag.py:4180} INFO - Setting next_dagrun for example_python_decorator to None, run_after=None
[2024-11-18T21:08:10.384+0500] {processor.py:208} INFO - Processing /home/AtlasRise/airflow/airflow_env/lib/python3.12/site-packages/airflow/example_dags/example_python_decorator.py took 0.111 seconds
[2024-11-18T21:09:16.893+0500] {processor.py:186} INFO - Started process (PID=21230) to work on /home/AtlasRise/airflow/airflow_env/lib/python3.12/site-packages/airflow/example_dags/example_python_decorator.py
[2024-11-18T21:09:16.896+0500] {processor.py:914} INFO - Processing file /home/AtlasRise/airflow/airflow_env/lib/python3.12/site-packages/airflow/example_dags/example_python_decorator.py for tasks to queue
[2024-11-18T21:09:16.899+0500] {logging_mixin.py:190} INFO - [2024-11-18T21:09:16.898+0500] {dagbag.py:588} INFO - Filling up the DagBag from /home/AtlasRise/airflow/airflow_env/lib/python3.12/site-packages/airflow/example_dags/example_python_decorator.py
[2024-11-18T21:09:16.912+0500] {logging_mixin.py:190} INFO - [2024-11-18T21:09:16.911+0500] {example_python_decorator.py:80} WARNING - The virtalenv_python example task requires virtualenv, please install it.
[2024-11-18T21:09:16.915+0500] {processor.py:925} INFO - DAG(s) 'example_python_decorator' retrieved from /home/AtlasRise/airflow/airflow_env/lib/python3.12/site-packages/airflow/example_dags/example_python_decorator.py
[2024-11-18T21:09:16.941+0500] {logging_mixin.py:190} INFO - [2024-11-18T21:09:16.940+0500] {dag.py:3239} INFO - Sync 1 DAGs
[2024-11-18T21:09:16.961+0500] {logging_mixin.py:190} INFO - [2024-11-18T21:09:16.960+0500] {dag.py:4180} INFO - Setting next_dagrun for example_python_decorator to None, run_after=None
[2024-11-18T21:09:16.996+0500] {processor.py:208} INFO - Processing /home/AtlasRise/airflow/airflow_env/lib/python3.12/site-packages/airflow/example_dags/example_python_decorator.py took 0.112 seconds
[2024-11-18T21:10:25.465+0500] {processor.py:186} INFO - Started process (PID=21325) to work on /home/AtlasRise/airflow/airflow_env/lib/python3.12/site-packages/airflow/example_dags/example_python_decorator.py
[2024-11-18T21:10:25.466+0500] {processor.py:914} INFO - Processing file /home/AtlasRise/airflow/airflow_env/lib/python3.12/site-packages/airflow/example_dags/example_python_decorator.py for tasks to queue
[2024-11-18T21:10:25.469+0500] {logging_mixin.py:190} INFO - [2024-11-18T21:10:25.468+0500] {dagbag.py:588} INFO - Filling up the DagBag from /home/AtlasRise/airflow/airflow_env/lib/python3.12/site-packages/airflow/example_dags/example_python_decorator.py
[2024-11-18T21:10:25.484+0500] {logging_mixin.py:190} INFO - [2024-11-18T21:10:25.484+0500] {example_python_decorator.py:80} WARNING - The virtalenv_python example task requires virtualenv, please install it.
[2024-11-18T21:10:25.488+0500] {processor.py:925} INFO - DAG(s) 'example_python_decorator' retrieved from /home/AtlasRise/airflow/airflow_env/lib/python3.12/site-packages/airflow/example_dags/example_python_decorator.py
[2024-11-18T21:10:25.516+0500] {logging_mixin.py:190} INFO - [2024-11-18T21:10:25.515+0500] {dag.py:3239} INFO - Sync 1 DAGs
[2024-11-18T21:10:25.537+0500] {logging_mixin.py:190} INFO - [2024-11-18T21:10:25.536+0500] {dag.py:4180} INFO - Setting next_dagrun for example_python_decorator to None, run_after=None
[2024-11-18T21:10:25.572+0500] {processor.py:208} INFO - Processing /home/AtlasRise/airflow/airflow_env/lib/python3.12/site-packages/airflow/example_dags/example_python_decorator.py took 0.117 seconds
[2024-11-18T21:11:44.403+0500] {processor.py:186} INFO - Started process (PID=21460) to work on /home/AtlasRise/airflow/airflow_env/lib/python3.12/site-packages/airflow/example_dags/example_python_decorator.py
[2024-11-18T21:11:44.404+0500] {processor.py:914} INFO - Processing file /home/AtlasRise/airflow/airflow_env/lib/python3.12/site-packages/airflow/example_dags/example_python_decorator.py for tasks to queue
[2024-11-18T21:11:44.407+0500] {logging_mixin.py:190} INFO - [2024-11-18T21:11:44.407+0500] {dagbag.py:588} INFO - Filling up the DagBag from /home/AtlasRise/airflow/airflow_env/lib/python3.12/site-packages/airflow/example_dags/example_python_decorator.py
[2024-11-18T21:11:44.420+0500] {logging_mixin.py:190} INFO - [2024-11-18T21:11:44.420+0500] {example_python_decorator.py:80} WARNING - The virtalenv_python example task requires virtualenv, please install it.
[2024-11-18T21:11:44.424+0500] {processor.py:925} INFO - DAG(s) 'example_python_decorator' retrieved from /home/AtlasRise/airflow/airflow_env/lib/python3.12/site-packages/airflow/example_dags/example_python_decorator.py
[2024-11-18T21:11:44.449+0500] {logging_mixin.py:190} INFO - [2024-11-18T21:11:44.449+0500] {dag.py:3239} INFO - Sync 1 DAGs
[2024-11-18T21:11:44.469+0500] {logging_mixin.py:190} INFO - [2024-11-18T21:11:44.469+0500] {dag.py:4180} INFO - Setting next_dagrun for example_python_decorator to None, run_after=None
[2024-11-18T21:11:44.502+0500] {processor.py:208} INFO - Processing /home/AtlasRise/airflow/airflow_env/lib/python3.12/site-packages/airflow/example_dags/example_python_decorator.py took 0.107 seconds
[2024-11-18T21:13:35.755+0500] {processor.py:186} INFO - Started process (PID=21601) to work on /home/AtlasRise/airflow/airflow_env/lib/python3.12/site-packages/airflow/example_dags/example_python_decorator.py
[2024-11-18T21:13:35.756+0500] {processor.py:914} INFO - Processing file /home/AtlasRise/airflow/airflow_env/lib/python3.12/site-packages/airflow/example_dags/example_python_decorator.py for tasks to queue
[2024-11-18T21:13:35.761+0500] {logging_mixin.py:190} INFO - [2024-11-18T21:13:35.760+0500] {dagbag.py:588} INFO - Filling up the DagBag from /home/AtlasRise/airflow/airflow_env/lib/python3.12/site-packages/airflow/example_dags/example_python_decorator.py
[2024-11-18T21:13:35.775+0500] {logging_mixin.py:190} INFO - [2024-11-18T21:13:35.775+0500] {example_python_decorator.py:80} WARNING - The virtalenv_python example task requires virtualenv, please install it.
[2024-11-18T21:13:35.778+0500] {processor.py:925} INFO - DAG(s) 'example_python_decorator' retrieved from /home/AtlasRise/airflow/airflow_env/lib/python3.12/site-packages/airflow/example_dags/example_python_decorator.py
[2024-11-18T21:13:35.805+0500] {logging_mixin.py:190} INFO - [2024-11-18T21:13:35.805+0500] {dag.py:3239} INFO - Sync 1 DAGs
[2024-11-18T21:13:35.826+0500] {logging_mixin.py:190} INFO - [2024-11-18T21:13:35.825+0500] {dag.py:4180} INFO - Setting next_dagrun for example_python_decorator to None, run_after=None
[2024-11-18T21:13:35.860+0500] {processor.py:208} INFO - Processing /home/AtlasRise/airflow/airflow_env/lib/python3.12/site-packages/airflow/example_dags/example_python_decorator.py took 0.114 seconds
[2024-11-18T21:15:04.439+0500] {processor.py:186} INFO - Started process (PID=21724) to work on /home/AtlasRise/airflow/airflow_env/lib/python3.12/site-packages/airflow/example_dags/example_python_decorator.py
[2024-11-18T21:15:04.441+0500] {processor.py:914} INFO - Processing file /home/AtlasRise/airflow/airflow_env/lib/python3.12/site-packages/airflow/example_dags/example_python_decorator.py for tasks to queue
[2024-11-18T21:15:04.444+0500] {logging_mixin.py:190} INFO - [2024-11-18T21:15:04.443+0500] {dagbag.py:588} INFO - Filling up the DagBag from /home/AtlasRise/airflow/airflow_env/lib/python3.12/site-packages/airflow/example_dags/example_python_decorator.py
[2024-11-18T21:15:04.460+0500] {logging_mixin.py:190} INFO - [2024-11-18T21:15:04.459+0500] {example_python_decorator.py:80} WARNING - The virtalenv_python example task requires virtualenv, please install it.
[2024-11-18T21:15:04.465+0500] {processor.py:925} INFO - DAG(s) 'example_python_decorator' retrieved from /home/AtlasRise/airflow/airflow_env/lib/python3.12/site-packages/airflow/example_dags/example_python_decorator.py
[2024-11-18T21:15:04.494+0500] {logging_mixin.py:190} INFO - [2024-11-18T21:15:04.493+0500] {dag.py:3239} INFO - Sync 1 DAGs
[2024-11-18T21:15:04.516+0500] {logging_mixin.py:190} INFO - [2024-11-18T21:15:04.516+0500] {dag.py:4180} INFO - Setting next_dagrun for example_python_decorator to None, run_after=None
[2024-11-18T21:15:04.551+0500] {processor.py:208} INFO - Processing /home/AtlasRise/airflow/airflow_env/lib/python3.12/site-packages/airflow/example_dags/example_python_decorator.py took 0.127 seconds
[2024-11-18T21:16:37.179+0500] {processor.py:186} INFO - Started process (PID=21839) to work on /home/AtlasRise/airflow/airflow_env/lib/python3.12/site-packages/airflow/example_dags/example_python_decorator.py
[2024-11-18T21:16:37.182+0500] {processor.py:914} INFO - Processing file /home/AtlasRise/airflow/airflow_env/lib/python3.12/site-packages/airflow/example_dags/example_python_decorator.py for tasks to queue
[2024-11-18T21:16:37.185+0500] {logging_mixin.py:190} INFO - [2024-11-18T21:16:37.184+0500] {dagbag.py:588} INFO - Filling up the DagBag from /home/AtlasRise/airflow/airflow_env/lib/python3.12/site-packages/airflow/example_dags/example_python_decorator.py
[2024-11-18T21:16:37.198+0500] {logging_mixin.py:190} INFO - [2024-11-18T21:16:37.197+0500] {example_python_decorator.py:80} WARNING - The virtalenv_python example task requires virtualenv, please install it.
[2024-11-18T21:16:37.201+0500] {processor.py:925} INFO - DAG(s) 'example_python_decorator' retrieved from /home/AtlasRise/airflow/airflow_env/lib/python3.12/site-packages/airflow/example_dags/example_python_decorator.py
[2024-11-18T21:16:37.229+0500] {logging_mixin.py:190} INFO - [2024-11-18T21:16:37.228+0500] {dag.py:3239} INFO - Sync 1 DAGs
[2024-11-18T21:16:37.250+0500] {logging_mixin.py:190} INFO - [2024-11-18T21:16:37.249+0500] {dag.py:4180} INFO - Setting next_dagrun for example_python_decorator to None, run_after=None
[2024-11-18T21:16:37.283+0500] {processor.py:208} INFO - Processing /home/AtlasRise/airflow/airflow_env/lib/python3.12/site-packages/airflow/example_dags/example_python_decorator.py took 0.112 seconds
[2024-11-18T21:18:33.941+0500] {processor.py:186} INFO - Started process (PID=22018) to work on /home/AtlasRise/airflow/airflow_env/lib/python3.12/site-packages/airflow/example_dags/example_python_decorator.py
[2024-11-18T21:18:33.944+0500] {processor.py:914} INFO - Processing file /home/AtlasRise/airflow/airflow_env/lib/python3.12/site-packages/airflow/example_dags/example_python_decorator.py for tasks to queue
[2024-11-18T21:18:33.947+0500] {logging_mixin.py:190} INFO - [2024-11-18T21:18:33.946+0500] {dagbag.py:588} INFO - Filling up the DagBag from /home/AtlasRise/airflow/airflow_env/lib/python3.12/site-packages/airflow/example_dags/example_python_decorator.py
[2024-11-18T21:18:33.960+0500] {logging_mixin.py:190} INFO - [2024-11-18T21:18:33.959+0500] {example_python_decorator.py:80} WARNING - The virtalenv_python example task requires virtualenv, please install it.
[2024-11-18T21:18:33.963+0500] {processor.py:925} INFO - DAG(s) 'example_python_decorator' retrieved from /home/AtlasRise/airflow/airflow_env/lib/python3.12/site-packages/airflow/example_dags/example_python_decorator.py
[2024-11-18T21:18:33.989+0500] {logging_mixin.py:190} INFO - [2024-11-18T21:18:33.989+0500] {dag.py:3239} INFO - Sync 1 DAGs
[2024-11-18T21:18:34.010+0500] {logging_mixin.py:190} INFO - [2024-11-18T21:18:34.009+0500] {dag.py:4180} INFO - Setting next_dagrun for example_python_decorator to None, run_after=None
[2024-11-18T21:18:34.044+0500] {processor.py:208} INFO - Processing /home/AtlasRise/airflow/airflow_env/lib/python3.12/site-packages/airflow/example_dags/example_python_decorator.py took 0.111 seconds
[2024-11-18T21:20:13.074+0500] {processor.py:186} INFO - Started process (PID=22143) to work on /home/AtlasRise/airflow/airflow_env/lib/python3.12/site-packages/airflow/example_dags/example_python_decorator.py
[2024-11-18T21:20:13.076+0500] {processor.py:914} INFO - Processing file /home/AtlasRise/airflow/airflow_env/lib/python3.12/site-packages/airflow/example_dags/example_python_decorator.py for tasks to queue
[2024-11-18T21:20:13.079+0500] {logging_mixin.py:190} INFO - [2024-11-18T21:20:13.079+0500] {dagbag.py:588} INFO - Filling up the DagBag from /home/AtlasRise/airflow/airflow_env/lib/python3.12/site-packages/airflow/example_dags/example_python_decorator.py
[2024-11-18T21:20:13.093+0500] {logging_mixin.py:190} INFO - [2024-11-18T21:20:13.092+0500] {example_python_decorator.py:80} WARNING - The virtalenv_python example task requires virtualenv, please install it.
[2024-11-18T21:20:13.096+0500] {processor.py:925} INFO - DAG(s) 'example_python_decorator' retrieved from /home/AtlasRise/airflow/airflow_env/lib/python3.12/site-packages/airflow/example_dags/example_python_decorator.py
[2024-11-18T21:20:13.122+0500] {logging_mixin.py:190} INFO - [2024-11-18T21:20:13.122+0500] {dag.py:3239} INFO - Sync 1 DAGs
[2024-11-18T21:20:13.142+0500] {logging_mixin.py:190} INFO - [2024-11-18T21:20:13.142+0500] {dag.py:4180} INFO - Setting next_dagrun for example_python_decorator to None, run_after=None
[2024-11-18T21:20:13.178+0500] {processor.py:208} INFO - Processing /home/AtlasRise/airflow/airflow_env/lib/python3.12/site-packages/airflow/example_dags/example_python_decorator.py took 0.112 seconds
[2024-11-18T21:21:24.710+0500] {processor.py:186} INFO - Started process (PID=22235) to work on /home/AtlasRise/airflow/airflow_env/lib/python3.12/site-packages/airflow/example_dags/example_python_decorator.py
[2024-11-18T21:21:24.711+0500] {processor.py:914} INFO - Processing file /home/AtlasRise/airflow/airflow_env/lib/python3.12/site-packages/airflow/example_dags/example_python_decorator.py for tasks to queue
[2024-11-18T21:21:24.714+0500] {logging_mixin.py:190} INFO - [2024-11-18T21:21:24.713+0500] {dagbag.py:588} INFO - Filling up the DagBag from /home/AtlasRise/airflow/airflow_env/lib/python3.12/site-packages/airflow/example_dags/example_python_decorator.py
[2024-11-18T21:21:24.727+0500] {logging_mixin.py:190} INFO - [2024-11-18T21:21:24.727+0500] {example_python_decorator.py:80} WARNING - The virtalenv_python example task requires virtualenv, please install it.
[2024-11-18T21:21:24.731+0500] {processor.py:925} INFO - DAG(s) 'example_python_decorator' retrieved from /home/AtlasRise/airflow/airflow_env/lib/python3.12/site-packages/airflow/example_dags/example_python_decorator.py
[2024-11-18T21:21:24.757+0500] {logging_mixin.py:190} INFO - [2024-11-18T21:21:24.756+0500] {dag.py:3239} INFO - Sync 1 DAGs
[2024-11-18T21:21:24.777+0500] {logging_mixin.py:190} INFO - [2024-11-18T21:21:24.777+0500] {dag.py:4180} INFO - Setting next_dagrun for example_python_decorator to None, run_after=None
[2024-11-18T21:21:24.810+0500] {processor.py:208} INFO - Processing /home/AtlasRise/airflow/airflow_env/lib/python3.12/site-packages/airflow/example_dags/example_python_decorator.py took 0.109 seconds
[2024-11-18T21:22:35.146+0500] {processor.py:186} INFO - Started process (PID=22314) to work on /home/AtlasRise/airflow/airflow_env/lib/python3.12/site-packages/airflow/example_dags/example_python_decorator.py
[2024-11-18T21:22:35.149+0500] {processor.py:914} INFO - Processing file /home/AtlasRise/airflow/airflow_env/lib/python3.12/site-packages/airflow/example_dags/example_python_decorator.py for tasks to queue
[2024-11-18T21:22:35.152+0500] {logging_mixin.py:190} INFO - [2024-11-18T21:22:35.151+0500] {dagbag.py:588} INFO - Filling up the DagBag from /home/AtlasRise/airflow/airflow_env/lib/python3.12/site-packages/airflow/example_dags/example_python_decorator.py
[2024-11-18T21:22:35.165+0500] {logging_mixin.py:190} INFO - [2024-11-18T21:22:35.165+0500] {example_python_decorator.py:80} WARNING - The virtalenv_python example task requires virtualenv, please install it.
[2024-11-18T21:22:35.168+0500] {processor.py:925} INFO - DAG(s) 'example_python_decorator' retrieved from /home/AtlasRise/airflow/airflow_env/lib/python3.12/site-packages/airflow/example_dags/example_python_decorator.py
[2024-11-18T21:22:35.195+0500] {logging_mixin.py:190} INFO - [2024-11-18T21:22:35.195+0500] {dag.py:3239} INFO - Sync 1 DAGs
[2024-11-18T21:22:35.216+0500] {logging_mixin.py:190} INFO - [2024-11-18T21:22:35.216+0500] {dag.py:4180} INFO - Setting next_dagrun for example_python_decorator to None, run_after=None
[2024-11-18T21:22:35.282+0500] {processor.py:208} INFO - Processing /home/AtlasRise/airflow/airflow_env/lib/python3.12/site-packages/airflow/example_dags/example_python_decorator.py took 0.144 seconds
