[2024-11-18T20:40:22.621+0500] {processor.py:186} INFO - Started process (PID=18913) to work on /home/AtlasRise/airflow/airflow_env/lib/python3.12/site-packages/airflow/example_dags/example_task_group_decorator.py
[2024-11-18T20:40:22.622+0500] {processor.py:914} INFO - Processing file /home/AtlasRise/airflow/airflow_env/lib/python3.12/site-packages/airflow/example_dags/example_task_group_decorator.py for tasks to queue
[2024-11-18T20:40:22.625+0500] {logging_mixin.py:190} INFO - [2024-11-18T20:40:22.625+0500] {dagbag.py:588} INFO - Filling up the DagBag from /home/AtlasRise/airflow/airflow_env/lib/python3.12/site-packages/airflow/example_dags/example_task_group_decorator.py
[2024-11-18T20:40:22.650+0500] {processor.py:925} INFO - DAG(s) 'example_task_group_decorator' retrieved from /home/AtlasRise/airflow/airflow_env/lib/python3.12/site-packages/airflow/example_dags/example_task_group_decorator.py
[2024-11-18T20:40:22.827+0500] {logging_mixin.py:190} INFO - [2024-11-18T20:40:22.826+0500] {override.py:1911} INFO - Created Permission View: can read on DAG:example_task_group_decorator
[2024-11-18T20:40:22.845+0500] {logging_mixin.py:190} INFO - [2024-11-18T20:40:22.845+0500] {override.py:1911} INFO - Created Permission View: can edit on DAG:example_task_group_decorator
[2024-11-18T20:40:22.858+0500] {logging_mixin.py:190} INFO - [2024-11-18T20:40:22.858+0500] {override.py:1911} INFO - Created Permission View: can delete on DAG:example_task_group_decorator
[2024-11-18T20:40:22.878+0500] {logging_mixin.py:190} INFO - [2024-11-18T20:40:22.877+0500] {override.py:1911} INFO - Created Permission View: can read on DAG Run:example_task_group_decorator
[2024-11-18T20:40:22.892+0500] {logging_mixin.py:190} INFO - [2024-11-18T20:40:22.891+0500] {override.py:1911} INFO - Created Permission View: can create on DAG Run:example_task_group_decorator
[2024-11-18T20:40:22.904+0500] {logging_mixin.py:190} INFO - [2024-11-18T20:40:22.903+0500] {override.py:1911} INFO - Created Permission View: can delete on DAG Run:example_task_group_decorator
[2024-11-18T20:40:22.917+0500] {logging_mixin.py:190} INFO - [2024-11-18T20:40:22.917+0500] {override.py:1911} INFO - Created Permission View: menu access on DAG Run:example_task_group_decorator
[2024-11-18T20:40:22.918+0500] {logging_mixin.py:190} INFO - [2024-11-18T20:40:22.918+0500] {dag.py:3239} INFO - Sync 1 DAGs
[2024-11-18T20:40:22.939+0500] {logging_mixin.py:190} INFO - [2024-11-18T20:40:22.938+0500] {dag.py:3262} INFO - Creating ORM DAG for example_task_group_decorator
[2024-11-18T20:40:22.940+0500] {logging_mixin.py:190} INFO - [2024-11-18T20:40:22.940+0500] {dag.py:4180} INFO - Setting next_dagrun for example_task_group_decorator to None, run_after=None
[2024-11-18T20:40:22.969+0500] {processor.py:208} INFO - Processing /home/AtlasRise/airflow/airflow_env/lib/python3.12/site-packages/airflow/example_dags/example_task_group_decorator.py took 0.355 seconds
[2024-11-18T20:41:36.921+0500] {processor.py:186} INFO - Started process (PID=18999) to work on /home/AtlasRise/airflow/airflow_env/lib/python3.12/site-packages/airflow/example_dags/example_task_group_decorator.py
[2024-11-18T20:41:36.922+0500] {processor.py:914} INFO - Processing file /home/AtlasRise/airflow/airflow_env/lib/python3.12/site-packages/airflow/example_dags/example_task_group_decorator.py for tasks to queue
[2024-11-18T20:41:36.925+0500] {logging_mixin.py:190} INFO - [2024-11-18T20:41:36.925+0500] {dagbag.py:588} INFO - Filling up the DagBag from /home/AtlasRise/airflow/airflow_env/lib/python3.12/site-packages/airflow/example_dags/example_task_group_decorator.py
[2024-11-18T20:41:36.950+0500] {processor.py:925} INFO - DAG(s) 'example_task_group_decorator' retrieved from /home/AtlasRise/airflow/airflow_env/lib/python3.12/site-packages/airflow/example_dags/example_task_group_decorator.py
[2024-11-18T20:41:36.981+0500] {logging_mixin.py:190} INFO - [2024-11-18T20:41:36.981+0500] {dag.py:3239} INFO - Sync 1 DAGs
[2024-11-18T20:41:37.001+0500] {logging_mixin.py:190} INFO - [2024-11-18T20:41:37.001+0500] {dag.py:4180} INFO - Setting next_dagrun for example_task_group_decorator to None, run_after=None
[2024-11-18T20:41:37.035+0500] {processor.py:208} INFO - Processing /home/AtlasRise/airflow/airflow_env/lib/python3.12/site-packages/airflow/example_dags/example_task_group_decorator.py took 0.122 seconds
[2024-11-18T20:42:17.569+0500] {processor.py:186} INFO - Started process (PID=19146) to work on /home/AtlasRise/airflow/airflow_env/lib/python3.12/site-packages/airflow/example_dags/example_task_group_decorator.py
[2024-11-18T20:42:17.571+0500] {processor.py:914} INFO - Processing file /home/AtlasRise/airflow/airflow_env/lib/python3.12/site-packages/airflow/example_dags/example_task_group_decorator.py for tasks to queue
[2024-11-18T20:42:17.575+0500] {logging_mixin.py:190} INFO - [2024-11-18T20:42:17.574+0500] {dagbag.py:588} INFO - Filling up the DagBag from /home/AtlasRise/airflow/airflow_env/lib/python3.12/site-packages/airflow/example_dags/example_task_group_decorator.py
[2024-11-18T20:42:17.601+0500] {processor.py:925} INFO - DAG(s) 'example_task_group_decorator' retrieved from /home/AtlasRise/airflow/airflow_env/lib/python3.12/site-packages/airflow/example_dags/example_task_group_decorator.py
[2024-11-18T20:42:17.633+0500] {logging_mixin.py:190} INFO - [2024-11-18T20:42:17.632+0500] {dag.py:3239} INFO - Sync 1 DAGs
[2024-11-18T20:42:17.653+0500] {logging_mixin.py:190} INFO - [2024-11-18T20:42:17.652+0500] {dag.py:4180} INFO - Setting next_dagrun for example_task_group_decorator to None, run_after=None
[2024-11-18T20:42:17.686+0500] {processor.py:208} INFO - Processing /home/AtlasRise/airflow/airflow_env/lib/python3.12/site-packages/airflow/example_dags/example_task_group_decorator.py took 0.125 seconds
[2024-11-18T20:43:25.116+0500] {processor.py:186} INFO - Started process (PID=19223) to work on /home/AtlasRise/airflow/airflow_env/lib/python3.12/site-packages/airflow/example_dags/example_task_group_decorator.py
[2024-11-18T20:43:25.117+0500] {processor.py:914} INFO - Processing file /home/AtlasRise/airflow/airflow_env/lib/python3.12/site-packages/airflow/example_dags/example_task_group_decorator.py for tasks to queue
[2024-11-18T20:43:25.120+0500] {logging_mixin.py:190} INFO - [2024-11-18T20:43:25.120+0500] {dagbag.py:588} INFO - Filling up the DagBag from /home/AtlasRise/airflow/airflow_env/lib/python3.12/site-packages/airflow/example_dags/example_task_group_decorator.py
[2024-11-18T20:43:25.156+0500] {processor.py:925} INFO - DAG(s) 'example_task_group_decorator' retrieved from /home/AtlasRise/airflow/airflow_env/lib/python3.12/site-packages/airflow/example_dags/example_task_group_decorator.py
[2024-11-18T20:43:25.194+0500] {logging_mixin.py:190} INFO - [2024-11-18T20:43:25.193+0500] {dag.py:3239} INFO - Sync 1 DAGs
[2024-11-18T20:43:25.216+0500] {logging_mixin.py:190} INFO - [2024-11-18T20:43:25.216+0500] {dag.py:4180} INFO - Setting next_dagrun for example_task_group_decorator to None, run_after=None
[2024-11-18T20:43:25.256+0500] {processor.py:208} INFO - Processing /home/AtlasRise/airflow/airflow_env/lib/python3.12/site-packages/airflow/example_dags/example_task_group_decorator.py took 0.149 seconds
[2024-11-18T20:44:30.373+0500] {processor.py:186} INFO - Started process (PID=19298) to work on /home/AtlasRise/airflow/airflow_env/lib/python3.12/site-packages/airflow/example_dags/example_task_group_decorator.py
[2024-11-18T20:44:30.376+0500] {processor.py:914} INFO - Processing file /home/AtlasRise/airflow/airflow_env/lib/python3.12/site-packages/airflow/example_dags/example_task_group_decorator.py for tasks to queue
[2024-11-18T20:44:30.379+0500] {logging_mixin.py:190} INFO - [2024-11-18T20:44:30.378+0500] {dagbag.py:588} INFO - Filling up the DagBag from /home/AtlasRise/airflow/airflow_env/lib/python3.12/site-packages/airflow/example_dags/example_task_group_decorator.py
[2024-11-18T20:44:30.403+0500] {processor.py:925} INFO - DAG(s) 'example_task_group_decorator' retrieved from /home/AtlasRise/airflow/airflow_env/lib/python3.12/site-packages/airflow/example_dags/example_task_group_decorator.py
[2024-11-18T20:44:30.436+0500] {logging_mixin.py:190} INFO - [2024-11-18T20:44:30.435+0500] {dag.py:3239} INFO - Sync 1 DAGs
[2024-11-18T20:44:30.456+0500] {logging_mixin.py:190} INFO - [2024-11-18T20:44:30.456+0500] {dag.py:4180} INFO - Setting next_dagrun for example_task_group_decorator to None, run_after=None
[2024-11-18T20:44:30.498+0500] {processor.py:208} INFO - Processing /home/AtlasRise/airflow/airflow_env/lib/python3.12/site-packages/airflow/example_dags/example_task_group_decorator.py took 0.132 seconds
[2024-11-18T20:45:41.105+0500] {processor.py:186} INFO - Started process (PID=19488) to work on /home/AtlasRise/airflow/airflow_env/lib/python3.12/site-packages/airflow/example_dags/example_task_group_decorator.py
[2024-11-18T20:45:41.107+0500] {processor.py:914} INFO - Processing file /home/AtlasRise/airflow/airflow_env/lib/python3.12/site-packages/airflow/example_dags/example_task_group_decorator.py for tasks to queue
[2024-11-18T20:45:41.110+0500] {logging_mixin.py:190} INFO - [2024-11-18T20:45:41.109+0500] {dagbag.py:588} INFO - Filling up the DagBag from /home/AtlasRise/airflow/airflow_env/lib/python3.12/site-packages/airflow/example_dags/example_task_group_decorator.py
[2024-11-18T20:45:41.135+0500] {processor.py:925} INFO - DAG(s) 'example_task_group_decorator' retrieved from /home/AtlasRise/airflow/airflow_env/lib/python3.12/site-packages/airflow/example_dags/example_task_group_decorator.py
[2024-11-18T20:45:41.170+0500] {logging_mixin.py:190} INFO - [2024-11-18T20:45:41.169+0500] {dag.py:3239} INFO - Sync 1 DAGs
[2024-11-18T20:45:41.354+0500] {logging_mixin.py:190} INFO - [2024-11-18T20:45:41.354+0500] {dag.py:4180} INFO - Setting next_dagrun for example_task_group_decorator to None, run_after=None
[2024-11-18T20:45:41.390+0500] {processor.py:208} INFO - Processing /home/AtlasRise/airflow/airflow_env/lib/python3.12/site-packages/airflow/example_dags/example_task_group_decorator.py took 0.293 seconds
[2024-11-18T20:46:19.977+0500] {processor.py:186} INFO - Started process (PID=19540) to work on /home/AtlasRise/airflow/airflow_env/lib/python3.12/site-packages/airflow/example_dags/example_task_group_decorator.py
[2024-11-18T20:46:19.981+0500] {processor.py:914} INFO - Processing file /home/AtlasRise/airflow/airflow_env/lib/python3.12/site-packages/airflow/example_dags/example_task_group_decorator.py for tasks to queue
[2024-11-18T20:46:19.991+0500] {logging_mixin.py:190} INFO - [2024-11-18T20:46:19.988+0500] {dagbag.py:588} INFO - Filling up the DagBag from /home/AtlasRise/airflow/airflow_env/lib/python3.12/site-packages/airflow/example_dags/example_task_group_decorator.py
[2024-11-18T20:46:20.066+0500] {processor.py:925} INFO - DAG(s) 'example_task_group_decorator' retrieved from /home/AtlasRise/airflow/airflow_env/lib/python3.12/site-packages/airflow/example_dags/example_task_group_decorator.py
[2024-11-18T20:46:20.165+0500] {logging_mixin.py:190} INFO - [2024-11-18T20:46:20.165+0500] {dag.py:3239} INFO - Sync 1 DAGs
[2024-11-18T20:46:20.212+0500] {logging_mixin.py:190} INFO - [2024-11-18T20:46:20.211+0500] {dag.py:4180} INFO - Setting next_dagrun for example_task_group_decorator to None, run_after=None
[2024-11-18T20:46:20.257+0500] {processor.py:208} INFO - Processing /home/AtlasRise/airflow/airflow_env/lib/python3.12/site-packages/airflow/example_dags/example_task_group_decorator.py took 0.309 seconds
[2024-11-18T20:46:59.128+0500] {processor.py:186} INFO - Started process (PID=19594) to work on /home/AtlasRise/airflow/airflow_env/lib/python3.12/site-packages/airflow/example_dags/example_task_group_decorator.py
[2024-11-18T20:46:59.131+0500] {processor.py:914} INFO - Processing file /home/AtlasRise/airflow/airflow_env/lib/python3.12/site-packages/airflow/example_dags/example_task_group_decorator.py for tasks to queue
[2024-11-18T20:46:59.134+0500] {logging_mixin.py:190} INFO - [2024-11-18T20:46:59.133+0500] {dagbag.py:588} INFO - Filling up the DagBag from /home/AtlasRise/airflow/airflow_env/lib/python3.12/site-packages/airflow/example_dags/example_task_group_decorator.py
[2024-11-18T20:46:59.159+0500] {processor.py:925} INFO - DAG(s) 'example_task_group_decorator' retrieved from /home/AtlasRise/airflow/airflow_env/lib/python3.12/site-packages/airflow/example_dags/example_task_group_decorator.py
[2024-11-18T20:46:59.193+0500] {logging_mixin.py:190} INFO - [2024-11-18T20:46:59.193+0500] {dag.py:3239} INFO - Sync 1 DAGs
[2024-11-18T20:46:59.214+0500] {logging_mixin.py:190} INFO - [2024-11-18T20:46:59.213+0500] {dag.py:4180} INFO - Setting next_dagrun for example_task_group_decorator to None, run_after=None
[2024-11-18T20:46:59.247+0500] {processor.py:208} INFO - Processing /home/AtlasRise/airflow/airflow_env/lib/python3.12/site-packages/airflow/example_dags/example_task_group_decorator.py took 0.126 seconds
[2024-11-18T20:48:05.152+0500] {processor.py:186} INFO - Started process (PID=19743) to work on /home/AtlasRise/airflow/airflow_env/lib/python3.12/site-packages/airflow/example_dags/example_task_group_decorator.py
[2024-11-18T20:48:05.155+0500] {processor.py:914} INFO - Processing file /home/AtlasRise/airflow/airflow_env/lib/python3.12/site-packages/airflow/example_dags/example_task_group_decorator.py for tasks to queue
[2024-11-18T20:48:05.158+0500] {logging_mixin.py:190} INFO - [2024-11-18T20:48:05.157+0500] {dagbag.py:588} INFO - Filling up the DagBag from /home/AtlasRise/airflow/airflow_env/lib/python3.12/site-packages/airflow/example_dags/example_task_group_decorator.py
[2024-11-18T20:48:05.183+0500] {processor.py:925} INFO - DAG(s) 'example_task_group_decorator' retrieved from /home/AtlasRise/airflow/airflow_env/lib/python3.12/site-packages/airflow/example_dags/example_task_group_decorator.py
[2024-11-18T20:48:05.216+0500] {logging_mixin.py:190} INFO - [2024-11-18T20:48:05.215+0500] {dag.py:3239} INFO - Sync 1 DAGs
[2024-11-18T20:48:05.238+0500] {logging_mixin.py:190} INFO - [2024-11-18T20:48:05.237+0500] {dag.py:4180} INFO - Setting next_dagrun for example_task_group_decorator to None, run_after=None
[2024-11-18T20:48:05.271+0500] {processor.py:208} INFO - Processing /home/AtlasRise/airflow/airflow_env/lib/python3.12/site-packages/airflow/example_dags/example_task_group_decorator.py took 0.127 seconds
[2024-11-18T20:49:15.522+0500] {processor.py:186} INFO - Started process (PID=19830) to work on /home/AtlasRise/airflow/airflow_env/lib/python3.12/site-packages/airflow/example_dags/example_task_group_decorator.py
[2024-11-18T20:49:15.525+0500] {processor.py:914} INFO - Processing file /home/AtlasRise/airflow/airflow_env/lib/python3.12/site-packages/airflow/example_dags/example_task_group_decorator.py for tasks to queue
[2024-11-18T20:49:15.528+0500] {logging_mixin.py:190} INFO - [2024-11-18T20:49:15.527+0500] {dagbag.py:588} INFO - Filling up the DagBag from /home/AtlasRise/airflow/airflow_env/lib/python3.12/site-packages/airflow/example_dags/example_task_group_decorator.py
[2024-11-18T20:49:15.554+0500] {processor.py:925} INFO - DAG(s) 'example_task_group_decorator' retrieved from /home/AtlasRise/airflow/airflow_env/lib/python3.12/site-packages/airflow/example_dags/example_task_group_decorator.py
[2024-11-18T20:49:15.586+0500] {logging_mixin.py:190} INFO - [2024-11-18T20:49:15.586+0500] {dag.py:3239} INFO - Sync 1 DAGs
[2024-11-18T20:49:15.607+0500] {logging_mixin.py:190} INFO - [2024-11-18T20:49:15.607+0500] {dag.py:4180} INFO - Setting next_dagrun for example_task_group_decorator to None, run_after=None
[2024-11-18T20:49:15.642+0500] {processor.py:208} INFO - Processing /home/AtlasRise/airflow/airflow_env/lib/python3.12/site-packages/airflow/example_dags/example_task_group_decorator.py took 0.127 seconds
[2024-11-18T20:50:23.364+0500] {processor.py:186} INFO - Started process (PID=19904) to work on /home/AtlasRise/airflow/airflow_env/lib/python3.12/site-packages/airflow/example_dags/example_task_group_decorator.py
[2024-11-18T20:50:23.366+0500] {processor.py:914} INFO - Processing file /home/AtlasRise/airflow/airflow_env/lib/python3.12/site-packages/airflow/example_dags/example_task_group_decorator.py for tasks to queue
[2024-11-18T20:50:23.369+0500] {logging_mixin.py:190} INFO - [2024-11-18T20:50:23.369+0500] {dagbag.py:588} INFO - Filling up the DagBag from /home/AtlasRise/airflow/airflow_env/lib/python3.12/site-packages/airflow/example_dags/example_task_group_decorator.py
[2024-11-18T20:50:23.395+0500] {processor.py:925} INFO - DAG(s) 'example_task_group_decorator' retrieved from /home/AtlasRise/airflow/airflow_env/lib/python3.12/site-packages/airflow/example_dags/example_task_group_decorator.py
[2024-11-18T20:50:23.429+0500] {logging_mixin.py:190} INFO - [2024-11-18T20:50:23.429+0500] {dag.py:3239} INFO - Sync 1 DAGs
[2024-11-18T20:50:23.452+0500] {logging_mixin.py:190} INFO - [2024-11-18T20:50:23.451+0500] {dag.py:4180} INFO - Setting next_dagrun for example_task_group_decorator to None, run_after=None
[2024-11-18T20:50:23.485+0500] {processor.py:208} INFO - Processing /home/AtlasRise/airflow/airflow_env/lib/python3.12/site-packages/airflow/example_dags/example_task_group_decorator.py took 0.130 seconds
[2024-11-18T20:51:32.207+0500] {processor.py:186} INFO - Started process (PID=19989) to work on /home/AtlasRise/airflow/airflow_env/lib/python3.12/site-packages/airflow/example_dags/example_task_group_decorator.py
[2024-11-18T20:51:32.212+0500] {processor.py:914} INFO - Processing file /home/AtlasRise/airflow/airflow_env/lib/python3.12/site-packages/airflow/example_dags/example_task_group_decorator.py for tasks to queue
[2024-11-18T20:51:32.222+0500] {logging_mixin.py:190} INFO - [2024-11-18T20:51:32.221+0500] {dagbag.py:588} INFO - Filling up the DagBag from /home/AtlasRise/airflow/airflow_env/lib/python3.12/site-packages/airflow/example_dags/example_task_group_decorator.py
[2024-11-18T20:51:32.311+0500] {processor.py:925} INFO - DAG(s) 'example_task_group_decorator' retrieved from /home/AtlasRise/airflow/airflow_env/lib/python3.12/site-packages/airflow/example_dags/example_task_group_decorator.py
[2024-11-18T20:51:32.399+0500] {logging_mixin.py:190} INFO - [2024-11-18T20:51:32.395+0500] {dag.py:3239} INFO - Sync 1 DAGs
[2024-11-18T20:51:32.431+0500] {logging_mixin.py:190} INFO - [2024-11-18T20:51:32.431+0500] {dag.py:4180} INFO - Setting next_dagrun for example_task_group_decorator to None, run_after=None
[2024-11-18T20:51:32.470+0500] {processor.py:208} INFO - Processing /home/AtlasRise/airflow/airflow_env/lib/python3.12/site-packages/airflow/example_dags/example_task_group_decorator.py took 0.285 seconds
[2024-11-18T20:52:41.136+0500] {processor.py:186} INFO - Started process (PID=20063) to work on /home/AtlasRise/airflow/airflow_env/lib/python3.12/site-packages/airflow/example_dags/example_task_group_decorator.py
[2024-11-18T20:52:41.139+0500] {processor.py:914} INFO - Processing file /home/AtlasRise/airflow/airflow_env/lib/python3.12/site-packages/airflow/example_dags/example_task_group_decorator.py for tasks to queue
[2024-11-18T20:52:41.142+0500] {logging_mixin.py:190} INFO - [2024-11-18T20:52:41.141+0500] {dagbag.py:588} INFO - Filling up the DagBag from /home/AtlasRise/airflow/airflow_env/lib/python3.12/site-packages/airflow/example_dags/example_task_group_decorator.py
[2024-11-18T20:52:41.167+0500] {processor.py:925} INFO - DAG(s) 'example_task_group_decorator' retrieved from /home/AtlasRise/airflow/airflow_env/lib/python3.12/site-packages/airflow/example_dags/example_task_group_decorator.py
[2024-11-18T20:52:41.200+0500] {logging_mixin.py:190} INFO - [2024-11-18T20:52:41.199+0500] {dag.py:3239} INFO - Sync 1 DAGs
[2024-11-18T20:52:41.221+0500] {logging_mixin.py:190} INFO - [2024-11-18T20:52:41.221+0500] {dag.py:4180} INFO - Setting next_dagrun for example_task_group_decorator to None, run_after=None
[2024-11-18T20:52:41.252+0500] {processor.py:208} INFO - Processing /home/AtlasRise/airflow/airflow_env/lib/python3.12/site-packages/airflow/example_dags/example_task_group_decorator.py took 0.124 seconds
[2024-11-18T20:53:51.570+0500] {processor.py:186} INFO - Started process (PID=20132) to work on /home/AtlasRise/airflow/airflow_env/lib/python3.12/site-packages/airflow/example_dags/example_task_group_decorator.py
[2024-11-18T20:53:51.572+0500] {processor.py:914} INFO - Processing file /home/AtlasRise/airflow/airflow_env/lib/python3.12/site-packages/airflow/example_dags/example_task_group_decorator.py for tasks to queue
[2024-11-18T20:53:51.575+0500] {logging_mixin.py:190} INFO - [2024-11-18T20:53:51.575+0500] {dagbag.py:588} INFO - Filling up the DagBag from /home/AtlasRise/airflow/airflow_env/lib/python3.12/site-packages/airflow/example_dags/example_task_group_decorator.py
[2024-11-18T20:53:51.600+0500] {processor.py:925} INFO - DAG(s) 'example_task_group_decorator' retrieved from /home/AtlasRise/airflow/airflow_env/lib/python3.12/site-packages/airflow/example_dags/example_task_group_decorator.py
[2024-11-18T20:53:51.633+0500] {logging_mixin.py:190} INFO - [2024-11-18T20:53:51.633+0500] {dag.py:3239} INFO - Sync 1 DAGs
[2024-11-18T20:53:51.654+0500] {logging_mixin.py:190} INFO - [2024-11-18T20:53:51.653+0500] {dag.py:4180} INFO - Setting next_dagrun for example_task_group_decorator to None, run_after=None
[2024-11-18T20:53:51.686+0500] {processor.py:208} INFO - Processing /home/AtlasRise/airflow/airflow_env/lib/python3.12/site-packages/airflow/example_dags/example_task_group_decorator.py took 0.125 seconds
[2024-11-18T20:55:09.455+0500] {processor.py:186} INFO - Started process (PID=20229) to work on /home/AtlasRise/airflow/airflow_env/lib/python3.12/site-packages/airflow/example_dags/example_task_group_decorator.py
[2024-11-18T20:55:09.457+0500] {processor.py:914} INFO - Processing file /home/AtlasRise/airflow/airflow_env/lib/python3.12/site-packages/airflow/example_dags/example_task_group_decorator.py for tasks to queue
[2024-11-18T20:55:09.460+0500] {logging_mixin.py:190} INFO - [2024-11-18T20:55:09.460+0500] {dagbag.py:588} INFO - Filling up the DagBag from /home/AtlasRise/airflow/airflow_env/lib/python3.12/site-packages/airflow/example_dags/example_task_group_decorator.py
[2024-11-18T20:55:09.488+0500] {processor.py:925} INFO - DAG(s) 'example_task_group_decorator' retrieved from /home/AtlasRise/airflow/airflow_env/lib/python3.12/site-packages/airflow/example_dags/example_task_group_decorator.py
[2024-11-18T20:55:09.520+0500] {logging_mixin.py:190} INFO - [2024-11-18T20:55:09.520+0500] {dag.py:3239} INFO - Sync 1 DAGs
[2024-11-18T20:55:09.541+0500] {logging_mixin.py:190} INFO - [2024-11-18T20:55:09.540+0500] {dag.py:4180} INFO - Setting next_dagrun for example_task_group_decorator to None, run_after=None
[2024-11-18T20:55:09.574+0500] {processor.py:208} INFO - Processing /home/AtlasRise/airflow/airflow_env/lib/python3.12/site-packages/airflow/example_dags/example_task_group_decorator.py took 0.128 seconds
[2024-11-18T20:55:54.025+0500] {processor.py:186} INFO - Started process (PID=20273) to work on /home/AtlasRise/airflow/airflow_env/lib/python3.12/site-packages/airflow/example_dags/example_task_group_decorator.py
[2024-11-18T20:55:54.026+0500] {processor.py:914} INFO - Processing file /home/AtlasRise/airflow/airflow_env/lib/python3.12/site-packages/airflow/example_dags/example_task_group_decorator.py for tasks to queue
[2024-11-18T20:55:54.029+0500] {logging_mixin.py:190} INFO - [2024-11-18T20:55:54.029+0500] {dagbag.py:588} INFO - Filling up the DagBag from /home/AtlasRise/airflow/airflow_env/lib/python3.12/site-packages/airflow/example_dags/example_task_group_decorator.py
[2024-11-18T20:55:54.058+0500] {processor.py:925} INFO - DAG(s) 'example_task_group_decorator' retrieved from /home/AtlasRise/airflow/airflow_env/lib/python3.12/site-packages/airflow/example_dags/example_task_group_decorator.py
[2024-11-18T20:55:54.094+0500] {logging_mixin.py:190} INFO - [2024-11-18T20:55:54.093+0500] {dag.py:3239} INFO - Sync 1 DAGs
[2024-11-18T20:55:54.116+0500] {logging_mixin.py:190} INFO - [2024-11-18T20:55:54.115+0500] {dag.py:4180} INFO - Setting next_dagrun for example_task_group_decorator to None, run_after=None
[2024-11-18T20:55:54.151+0500] {processor.py:208} INFO - Processing /home/AtlasRise/airflow/airflow_env/lib/python3.12/site-packages/airflow/example_dags/example_task_group_decorator.py took 0.135 seconds
[2024-11-18T20:56:34.414+0500] {processor.py:186} INFO - Started process (PID=20332) to work on /home/AtlasRise/airflow/airflow_env/lib/python3.12/site-packages/airflow/example_dags/example_task_group_decorator.py
[2024-11-18T20:56:34.416+0500] {processor.py:914} INFO - Processing file /home/AtlasRise/airflow/airflow_env/lib/python3.12/site-packages/airflow/example_dags/example_task_group_decorator.py for tasks to queue
[2024-11-18T20:56:34.419+0500] {logging_mixin.py:190} INFO - [2024-11-18T20:56:34.419+0500] {dagbag.py:588} INFO - Filling up the DagBag from /home/AtlasRise/airflow/airflow_env/lib/python3.12/site-packages/airflow/example_dags/example_task_group_decorator.py
[2024-11-18T20:56:34.444+0500] {processor.py:925} INFO - DAG(s) 'example_task_group_decorator' retrieved from /home/AtlasRise/airflow/airflow_env/lib/python3.12/site-packages/airflow/example_dags/example_task_group_decorator.py
[2024-11-18T20:56:34.477+0500] {logging_mixin.py:190} INFO - [2024-11-18T20:56:34.477+0500] {dag.py:3239} INFO - Sync 1 DAGs
[2024-11-18T20:56:34.498+0500] {logging_mixin.py:190} INFO - [2024-11-18T20:56:34.497+0500] {dag.py:4180} INFO - Setting next_dagrun for example_task_group_decorator to None, run_after=None
[2024-11-18T20:56:34.533+0500] {processor.py:208} INFO - Processing /home/AtlasRise/airflow/airflow_env/lib/python3.12/site-packages/airflow/example_dags/example_task_group_decorator.py took 0.128 seconds
[2024-11-18T20:57:46.790+0500] {processor.py:186} INFO - Started process (PID=20401) to work on /home/AtlasRise/airflow/airflow_env/lib/python3.12/site-packages/airflow/example_dags/example_task_group_decorator.py
[2024-11-18T20:57:46.791+0500] {processor.py:914} INFO - Processing file /home/AtlasRise/airflow/airflow_env/lib/python3.12/site-packages/airflow/example_dags/example_task_group_decorator.py for tasks to queue
[2024-11-18T20:57:46.794+0500] {logging_mixin.py:190} INFO - [2024-11-18T20:57:46.794+0500] {dagbag.py:588} INFO - Filling up the DagBag from /home/AtlasRise/airflow/airflow_env/lib/python3.12/site-packages/airflow/example_dags/example_task_group_decorator.py
[2024-11-18T20:57:46.819+0500] {processor.py:925} INFO - DAG(s) 'example_task_group_decorator' retrieved from /home/AtlasRise/airflow/airflow_env/lib/python3.12/site-packages/airflow/example_dags/example_task_group_decorator.py
[2024-11-18T20:57:46.852+0500] {logging_mixin.py:190} INFO - [2024-11-18T20:57:46.852+0500] {dag.py:3239} INFO - Sync 1 DAGs
[2024-11-18T20:57:46.873+0500] {logging_mixin.py:190} INFO - [2024-11-18T20:57:46.872+0500] {dag.py:4180} INFO - Setting next_dagrun for example_task_group_decorator to None, run_after=None
[2024-11-18T20:57:46.906+0500] {processor.py:208} INFO - Processing /home/AtlasRise/airflow/airflow_env/lib/python3.12/site-packages/airflow/example_dags/example_task_group_decorator.py took 0.124 seconds
[2024-11-18T20:58:55.493+0500] {processor.py:186} INFO - Started process (PID=20490) to work on /home/AtlasRise/airflow/airflow_env/lib/python3.12/site-packages/airflow/example_dags/example_task_group_decorator.py
[2024-11-18T20:58:55.496+0500] {processor.py:914} INFO - Processing file /home/AtlasRise/airflow/airflow_env/lib/python3.12/site-packages/airflow/example_dags/example_task_group_decorator.py for tasks to queue
[2024-11-18T20:58:55.499+0500] {logging_mixin.py:190} INFO - [2024-11-18T20:58:55.498+0500] {dagbag.py:588} INFO - Filling up the DagBag from /home/AtlasRise/airflow/airflow_env/lib/python3.12/site-packages/airflow/example_dags/example_task_group_decorator.py
[2024-11-18T20:58:55.524+0500] {processor.py:925} INFO - DAG(s) 'example_task_group_decorator' retrieved from /home/AtlasRise/airflow/airflow_env/lib/python3.12/site-packages/airflow/example_dags/example_task_group_decorator.py
[2024-11-18T20:58:55.557+0500] {logging_mixin.py:190} INFO - [2024-11-18T20:58:55.556+0500] {dag.py:3239} INFO - Sync 1 DAGs
[2024-11-18T20:58:55.578+0500] {logging_mixin.py:190} INFO - [2024-11-18T20:58:55.578+0500] {dag.py:4180} INFO - Setting next_dagrun for example_task_group_decorator to None, run_after=None
[2024-11-18T20:58:55.612+0500] {processor.py:208} INFO - Processing /home/AtlasRise/airflow/airflow_env/lib/python3.12/site-packages/airflow/example_dags/example_task_group_decorator.py took 0.126 seconds
[2024-11-18T21:00:09.809+0500] {processor.py:186} INFO - Started process (PID=20570) to work on /home/AtlasRise/airflow/airflow_env/lib/python3.12/site-packages/airflow/example_dags/example_task_group_decorator.py
[2024-11-18T21:00:09.812+0500] {processor.py:914} INFO - Processing file /home/AtlasRise/airflow/airflow_env/lib/python3.12/site-packages/airflow/example_dags/example_task_group_decorator.py for tasks to queue
[2024-11-18T21:00:09.816+0500] {logging_mixin.py:190} INFO - [2024-11-18T21:00:09.815+0500] {dagbag.py:588} INFO - Filling up the DagBag from /home/AtlasRise/airflow/airflow_env/lib/python3.12/site-packages/airflow/example_dags/example_task_group_decorator.py
[2024-11-18T21:00:09.841+0500] {processor.py:925} INFO - DAG(s) 'example_task_group_decorator' retrieved from /home/AtlasRise/airflow/airflow_env/lib/python3.12/site-packages/airflow/example_dags/example_task_group_decorator.py
[2024-11-18T21:00:09.874+0500] {logging_mixin.py:190} INFO - [2024-11-18T21:00:09.874+0500] {dag.py:3239} INFO - Sync 1 DAGs
[2024-11-18T21:00:09.895+0500] {logging_mixin.py:190} INFO - [2024-11-18T21:00:09.894+0500] {dag.py:4180} INFO - Setting next_dagrun for example_task_group_decorator to None, run_after=None
[2024-11-18T21:00:09.927+0500] {processor.py:208} INFO - Processing /home/AtlasRise/airflow/airflow_env/lib/python3.12/site-packages/airflow/example_dags/example_task_group_decorator.py took 0.126 seconds
[2024-11-18T21:01:14.989+0500] {processor.py:186} INFO - Started process (PID=20649) to work on /home/AtlasRise/airflow/airflow_env/lib/python3.12/site-packages/airflow/example_dags/example_task_group_decorator.py
[2024-11-18T21:01:14.991+0500] {processor.py:914} INFO - Processing file /home/AtlasRise/airflow/airflow_env/lib/python3.12/site-packages/airflow/example_dags/example_task_group_decorator.py for tasks to queue
[2024-11-18T21:01:14.995+0500] {logging_mixin.py:190} INFO - [2024-11-18T21:01:14.994+0500] {dagbag.py:588} INFO - Filling up the DagBag from /home/AtlasRise/airflow/airflow_env/lib/python3.12/site-packages/airflow/example_dags/example_task_group_decorator.py
[2024-11-18T21:01:15.020+0500] {processor.py:925} INFO - DAG(s) 'example_task_group_decorator' retrieved from /home/AtlasRise/airflow/airflow_env/lib/python3.12/site-packages/airflow/example_dags/example_task_group_decorator.py
[2024-11-18T21:01:15.053+0500] {logging_mixin.py:190} INFO - [2024-11-18T21:01:15.052+0500] {dag.py:3239} INFO - Sync 1 DAGs
[2024-11-18T21:01:15.073+0500] {logging_mixin.py:190} INFO - [2024-11-18T21:01:15.073+0500] {dag.py:4180} INFO - Setting next_dagrun for example_task_group_decorator to None, run_after=None
[2024-11-18T21:01:15.106+0500] {processor.py:208} INFO - Processing /home/AtlasRise/airflow/airflow_env/lib/python3.12/site-packages/airflow/example_dags/example_task_group_decorator.py took 0.126 seconds
[2024-11-18T21:02:26.024+0500] {processor.py:186} INFO - Started process (PID=20725) to work on /home/AtlasRise/airflow/airflow_env/lib/python3.12/site-packages/airflow/example_dags/example_task_group_decorator.py
[2024-11-18T21:02:26.026+0500] {processor.py:914} INFO - Processing file /home/AtlasRise/airflow/airflow_env/lib/python3.12/site-packages/airflow/example_dags/example_task_group_decorator.py for tasks to queue
[2024-11-18T21:02:26.029+0500] {logging_mixin.py:190} INFO - [2024-11-18T21:02:26.029+0500] {dagbag.py:588} INFO - Filling up the DagBag from /home/AtlasRise/airflow/airflow_env/lib/python3.12/site-packages/airflow/example_dags/example_task_group_decorator.py
[2024-11-18T21:02:26.055+0500] {processor.py:925} INFO - DAG(s) 'example_task_group_decorator' retrieved from /home/AtlasRise/airflow/airflow_env/lib/python3.12/site-packages/airflow/example_dags/example_task_group_decorator.py
[2024-11-18T21:02:26.088+0500] {logging_mixin.py:190} INFO - [2024-11-18T21:02:26.087+0500] {dag.py:3239} INFO - Sync 1 DAGs
[2024-11-18T21:02:26.108+0500] {logging_mixin.py:190} INFO - [2024-11-18T21:02:26.108+0500] {dag.py:4180} INFO - Setting next_dagrun for example_task_group_decorator to None, run_after=None
[2024-11-18T21:02:26.140+0500] {processor.py:208} INFO - Processing /home/AtlasRise/airflow/airflow_env/lib/python3.12/site-packages/airflow/example_dags/example_task_group_decorator.py took 0.125 seconds
[2024-11-18T21:03:35.987+0500] {processor.py:186} INFO - Started process (PID=20797) to work on /home/AtlasRise/airflow/airflow_env/lib/python3.12/site-packages/airflow/example_dags/example_task_group_decorator.py
[2024-11-18T21:03:35.989+0500] {processor.py:914} INFO - Processing file /home/AtlasRise/airflow/airflow_env/lib/python3.12/site-packages/airflow/example_dags/example_task_group_decorator.py for tasks to queue
[2024-11-18T21:03:35.992+0500] {logging_mixin.py:190} INFO - [2024-11-18T21:03:35.992+0500] {dagbag.py:588} INFO - Filling up the DagBag from /home/AtlasRise/airflow/airflow_env/lib/python3.12/site-packages/airflow/example_dags/example_task_group_decorator.py
[2024-11-18T21:03:36.020+0500] {processor.py:925} INFO - DAG(s) 'example_task_group_decorator' retrieved from /home/AtlasRise/airflow/airflow_env/lib/python3.12/site-packages/airflow/example_dags/example_task_group_decorator.py
[2024-11-18T21:03:36.053+0500] {logging_mixin.py:190} INFO - [2024-11-18T21:03:36.052+0500] {dag.py:3239} INFO - Sync 1 DAGs
[2024-11-18T21:03:36.073+0500] {logging_mixin.py:190} INFO - [2024-11-18T21:03:36.073+0500] {dag.py:4180} INFO - Setting next_dagrun for example_task_group_decorator to None, run_after=None
[2024-11-18T21:03:36.107+0500] {processor.py:208} INFO - Processing /home/AtlasRise/airflow/airflow_env/lib/python3.12/site-packages/airflow/example_dags/example_task_group_decorator.py took 0.128 seconds
[2024-11-18T21:04:41.689+0500] {processor.py:186} INFO - Started process (PID=20897) to work on /home/AtlasRise/airflow/airflow_env/lib/python3.12/site-packages/airflow/example_dags/example_task_group_decorator.py
[2024-11-18T21:04:41.690+0500] {processor.py:914} INFO - Processing file /home/AtlasRise/airflow/airflow_env/lib/python3.12/site-packages/airflow/example_dags/example_task_group_decorator.py for tasks to queue
[2024-11-18T21:04:41.694+0500] {logging_mixin.py:190} INFO - [2024-11-18T21:04:41.693+0500] {dagbag.py:588} INFO - Filling up the DagBag from /home/AtlasRise/airflow/airflow_env/lib/python3.12/site-packages/airflow/example_dags/example_task_group_decorator.py
[2024-11-18T21:04:41.719+0500] {processor.py:925} INFO - DAG(s) 'example_task_group_decorator' retrieved from /home/AtlasRise/airflow/airflow_env/lib/python3.12/site-packages/airflow/example_dags/example_task_group_decorator.py
[2024-11-18T21:04:41.751+0500] {logging_mixin.py:190} INFO - [2024-11-18T21:04:41.751+0500] {dag.py:3239} INFO - Sync 1 DAGs
[2024-11-18T21:04:41.772+0500] {logging_mixin.py:190} INFO - [2024-11-18T21:04:41.771+0500] {dag.py:4180} INFO - Setting next_dagrun for example_task_group_decorator to None, run_after=None
[2024-11-18T21:04:41.805+0500] {processor.py:208} INFO - Processing /home/AtlasRise/airflow/airflow_env/lib/python3.12/site-packages/airflow/example_dags/example_task_group_decorator.py took 0.124 seconds
[2024-11-18T21:05:47.419+0500] {processor.py:186} INFO - Started process (PID=20981) to work on /home/AtlasRise/airflow/airflow_env/lib/python3.12/site-packages/airflow/example_dags/example_task_group_decorator.py
[2024-11-18T21:05:47.421+0500] {processor.py:914} INFO - Processing file /home/AtlasRise/airflow/airflow_env/lib/python3.12/site-packages/airflow/example_dags/example_task_group_decorator.py for tasks to queue
[2024-11-18T21:05:47.425+0500] {logging_mixin.py:190} INFO - [2024-11-18T21:05:47.424+0500] {dagbag.py:588} INFO - Filling up the DagBag from /home/AtlasRise/airflow/airflow_env/lib/python3.12/site-packages/airflow/example_dags/example_task_group_decorator.py
[2024-11-18T21:05:47.450+0500] {processor.py:925} INFO - DAG(s) 'example_task_group_decorator' retrieved from /home/AtlasRise/airflow/airflow_env/lib/python3.12/site-packages/airflow/example_dags/example_task_group_decorator.py
[2024-11-18T21:05:47.483+0500] {logging_mixin.py:190} INFO - [2024-11-18T21:05:47.482+0500] {dag.py:3239} INFO - Sync 1 DAGs
[2024-11-18T21:05:47.503+0500] {logging_mixin.py:190} INFO - [2024-11-18T21:05:47.503+0500] {dag.py:4180} INFO - Setting next_dagrun for example_task_group_decorator to None, run_after=None
[2024-11-18T21:05:47.536+0500] {processor.py:208} INFO - Processing /home/AtlasRise/airflow/airflow_env/lib/python3.12/site-packages/airflow/example_dags/example_task_group_decorator.py took 0.125 seconds
[2024-11-18T21:07:06.025+0500] {processor.py:186} INFO - Started process (PID=21081) to work on /home/AtlasRise/airflow/airflow_env/lib/python3.12/site-packages/airflow/example_dags/example_task_group_decorator.py
[2024-11-18T21:07:06.026+0500] {processor.py:914} INFO - Processing file /home/AtlasRise/airflow/airflow_env/lib/python3.12/site-packages/airflow/example_dags/example_task_group_decorator.py for tasks to queue
[2024-11-18T21:07:06.029+0500] {logging_mixin.py:190} INFO - [2024-11-18T21:07:06.029+0500] {dagbag.py:588} INFO - Filling up the DagBag from /home/AtlasRise/airflow/airflow_env/lib/python3.12/site-packages/airflow/example_dags/example_task_group_decorator.py
[2024-11-18T21:07:06.055+0500] {processor.py:925} INFO - DAG(s) 'example_task_group_decorator' retrieved from /home/AtlasRise/airflow/airflow_env/lib/python3.12/site-packages/airflow/example_dags/example_task_group_decorator.py
[2024-11-18T21:07:06.089+0500] {logging_mixin.py:190} INFO - [2024-11-18T21:07:06.089+0500] {dag.py:3239} INFO - Sync 1 DAGs
[2024-11-18T21:07:06.112+0500] {logging_mixin.py:190} INFO - [2024-11-18T21:07:06.111+0500] {dag.py:4180} INFO - Setting next_dagrun for example_task_group_decorator to None, run_after=None
[2024-11-18T21:07:06.148+0500] {processor.py:208} INFO - Processing /home/AtlasRise/airflow/airflow_env/lib/python3.12/site-packages/airflow/example_dags/example_task_group_decorator.py took 0.131 seconds
[2024-11-18T21:07:45.423+0500] {processor.py:186} INFO - Started process (PID=21120) to work on /home/AtlasRise/airflow/airflow_env/lib/python3.12/site-packages/airflow/example_dags/example_task_group_decorator.py
[2024-11-18T21:07:45.424+0500] {processor.py:914} INFO - Processing file /home/AtlasRise/airflow/airflow_env/lib/python3.12/site-packages/airflow/example_dags/example_task_group_decorator.py for tasks to queue
[2024-11-18T21:07:45.427+0500] {logging_mixin.py:190} INFO - [2024-11-18T21:07:45.427+0500] {dagbag.py:588} INFO - Filling up the DagBag from /home/AtlasRise/airflow/airflow_env/lib/python3.12/site-packages/airflow/example_dags/example_task_group_decorator.py
[2024-11-18T21:07:45.453+0500] {processor.py:925} INFO - DAG(s) 'example_task_group_decorator' retrieved from /home/AtlasRise/airflow/airflow_env/lib/python3.12/site-packages/airflow/example_dags/example_task_group_decorator.py
[2024-11-18T21:07:45.485+0500] {logging_mixin.py:190} INFO - [2024-11-18T21:07:45.485+0500] {dag.py:3239} INFO - Sync 1 DAGs
[2024-11-18T21:07:45.510+0500] {logging_mixin.py:190} INFO - [2024-11-18T21:07:45.510+0500] {dag.py:4180} INFO - Setting next_dagrun for example_task_group_decorator to None, run_after=None
[2024-11-18T21:07:45.548+0500] {processor.py:208} INFO - Processing /home/AtlasRise/airflow/airflow_env/lib/python3.12/site-packages/airflow/example_dags/example_task_group_decorator.py took 0.133 seconds
[2024-11-18T21:08:52.165+0500] {processor.py:186} INFO - Started process (PID=21190) to work on /home/AtlasRise/airflow/airflow_env/lib/python3.12/site-packages/airflow/example_dags/example_task_group_decorator.py
[2024-11-18T21:08:52.168+0500] {processor.py:914} INFO - Processing file /home/AtlasRise/airflow/airflow_env/lib/python3.12/site-packages/airflow/example_dags/example_task_group_decorator.py for tasks to queue
[2024-11-18T21:08:52.171+0500] {logging_mixin.py:190} INFO - [2024-11-18T21:08:52.171+0500] {dagbag.py:588} INFO - Filling up the DagBag from /home/AtlasRise/airflow/airflow_env/lib/python3.12/site-packages/airflow/example_dags/example_task_group_decorator.py
[2024-11-18T21:08:52.197+0500] {processor.py:925} INFO - DAG(s) 'example_task_group_decorator' retrieved from /home/AtlasRise/airflow/airflow_env/lib/python3.12/site-packages/airflow/example_dags/example_task_group_decorator.py
[2024-11-18T21:08:52.229+0500] {logging_mixin.py:190} INFO - [2024-11-18T21:08:52.228+0500] {dag.py:3239} INFO - Sync 1 DAGs
[2024-11-18T21:08:52.249+0500] {logging_mixin.py:190} INFO - [2024-11-18T21:08:52.248+0500] {dag.py:4180} INFO - Setting next_dagrun for example_task_group_decorator to None, run_after=None
[2024-11-18T21:08:52.285+0500] {processor.py:208} INFO - Processing /home/AtlasRise/airflow/airflow_env/lib/python3.12/site-packages/airflow/example_dags/example_task_group_decorator.py took 0.128 seconds
[2024-11-18T21:10:03.087+0500] {processor.py:186} INFO - Started process (PID=21302) to work on /home/AtlasRise/airflow/airflow_env/lib/python3.12/site-packages/airflow/example_dags/example_task_group_decorator.py
[2024-11-18T21:10:03.090+0500] {processor.py:914} INFO - Processing file /home/AtlasRise/airflow/airflow_env/lib/python3.12/site-packages/airflow/example_dags/example_task_group_decorator.py for tasks to queue
[2024-11-18T21:10:03.093+0500] {logging_mixin.py:190} INFO - [2024-11-18T21:10:03.092+0500] {dagbag.py:588} INFO - Filling up the DagBag from /home/AtlasRise/airflow/airflow_env/lib/python3.12/site-packages/airflow/example_dags/example_task_group_decorator.py
[2024-11-18T21:10:03.122+0500] {processor.py:925} INFO - DAG(s) 'example_task_group_decorator' retrieved from /home/AtlasRise/airflow/airflow_env/lib/python3.12/site-packages/airflow/example_dags/example_task_group_decorator.py
[2024-11-18T21:10:03.158+0500] {logging_mixin.py:190} INFO - [2024-11-18T21:10:03.158+0500] {dag.py:3239} INFO - Sync 1 DAGs
[2024-11-18T21:10:03.193+0500] {logging_mixin.py:190} INFO - [2024-11-18T21:10:03.193+0500] {dag.py:4180} INFO - Setting next_dagrun for example_task_group_decorator to None, run_after=None
[2024-11-18T21:10:03.244+0500] {processor.py:208} INFO - Processing /home/AtlasRise/airflow/airflow_env/lib/python3.12/site-packages/airflow/example_dags/example_task_group_decorator.py took 0.166 seconds
[2024-11-18T21:11:16.252+0500] {processor.py:186} INFO - Started process (PID=21411) to work on /home/AtlasRise/airflow/airflow_env/lib/python3.12/site-packages/airflow/example_dags/example_task_group_decorator.py
[2024-11-18T21:11:16.253+0500] {processor.py:914} INFO - Processing file /home/AtlasRise/airflow/airflow_env/lib/python3.12/site-packages/airflow/example_dags/example_task_group_decorator.py for tasks to queue
[2024-11-18T21:11:16.256+0500] {logging_mixin.py:190} INFO - [2024-11-18T21:11:16.256+0500] {dagbag.py:588} INFO - Filling up the DagBag from /home/AtlasRise/airflow/airflow_env/lib/python3.12/site-packages/airflow/example_dags/example_task_group_decorator.py
[2024-11-18T21:11:16.283+0500] {processor.py:925} INFO - DAG(s) 'example_task_group_decorator' retrieved from /home/AtlasRise/airflow/airflow_env/lib/python3.12/site-packages/airflow/example_dags/example_task_group_decorator.py
[2024-11-18T21:11:16.318+0500] {logging_mixin.py:190} INFO - [2024-11-18T21:11:16.318+0500] {dag.py:3239} INFO - Sync 1 DAGs
[2024-11-18T21:11:16.339+0500] {logging_mixin.py:190} INFO - [2024-11-18T21:11:16.339+0500] {dag.py:4180} INFO - Setting next_dagrun for example_task_group_decorator to None, run_after=None
[2024-11-18T21:11:16.377+0500] {processor.py:208} INFO - Processing /home/AtlasRise/airflow/airflow_env/lib/python3.12/site-packages/airflow/example_dags/example_task_group_decorator.py took 0.134 seconds
[2024-11-18T21:11:59.337+0500] {processor.py:186} INFO - Started process (PID=21480) to work on /home/AtlasRise/airflow/airflow_env/lib/python3.12/site-packages/airflow/example_dags/example_task_group_decorator.py
[2024-11-18T21:11:59.339+0500] {processor.py:914} INFO - Processing file /home/AtlasRise/airflow/airflow_env/lib/python3.12/site-packages/airflow/example_dags/example_task_group_decorator.py for tasks to queue
[2024-11-18T21:11:59.343+0500] {logging_mixin.py:190} INFO - [2024-11-18T21:11:59.342+0500] {dagbag.py:588} INFO - Filling up the DagBag from /home/AtlasRise/airflow/airflow_env/lib/python3.12/site-packages/airflow/example_dags/example_task_group_decorator.py
[2024-11-18T21:11:59.368+0500] {processor.py:925} INFO - DAG(s) 'example_task_group_decorator' retrieved from /home/AtlasRise/airflow/airflow_env/lib/python3.12/site-packages/airflow/example_dags/example_task_group_decorator.py
[2024-11-18T21:11:59.401+0500] {logging_mixin.py:190} INFO - [2024-11-18T21:11:59.400+0500] {dag.py:3239} INFO - Sync 1 DAGs
[2024-11-18T21:11:59.422+0500] {logging_mixin.py:190} INFO - [2024-11-18T21:11:59.421+0500] {dag.py:4180} INFO - Setting next_dagrun for example_task_group_decorator to None, run_after=None
[2024-11-18T21:11:59.454+0500] {processor.py:208} INFO - Processing /home/AtlasRise/airflow/airflow_env/lib/python3.12/site-packages/airflow/example_dags/example_task_group_decorator.py took 0.127 seconds
[2024-11-18T21:13:03.875+0500] {processor.py:186} INFO - Started process (PID=21565) to work on /home/AtlasRise/airflow/airflow_env/lib/python3.12/site-packages/airflow/example_dags/example_task_group_decorator.py
[2024-11-18T21:13:03.876+0500] {processor.py:914} INFO - Processing file /home/AtlasRise/airflow/airflow_env/lib/python3.12/site-packages/airflow/example_dags/example_task_group_decorator.py for tasks to queue
[2024-11-18T21:13:03.880+0500] {logging_mixin.py:190} INFO - [2024-11-18T21:13:03.879+0500] {dagbag.py:588} INFO - Filling up the DagBag from /home/AtlasRise/airflow/airflow_env/lib/python3.12/site-packages/airflow/example_dags/example_task_group_decorator.py
[2024-11-18T21:13:03.907+0500] {processor.py:925} INFO - DAG(s) 'example_task_group_decorator' retrieved from /home/AtlasRise/airflow/airflow_env/lib/python3.12/site-packages/airflow/example_dags/example_task_group_decorator.py
[2024-11-18T21:13:03.941+0500] {logging_mixin.py:190} INFO - [2024-11-18T21:13:03.941+0500] {dag.py:3239} INFO - Sync 1 DAGs
[2024-11-18T21:13:03.963+0500] {logging_mixin.py:190} INFO - [2024-11-18T21:13:03.962+0500] {dag.py:4180} INFO - Setting next_dagrun for example_task_group_decorator to None, run_after=None
[2024-11-18T21:13:03.997+0500] {processor.py:208} INFO - Processing /home/AtlasRise/airflow/airflow_env/lib/python3.12/site-packages/airflow/example_dags/example_task_group_decorator.py took 0.131 seconds
[2024-11-18T21:13:53.608+0500] {processor.py:186} INFO - Started process (PID=21619) to work on /home/AtlasRise/airflow/airflow_env/lib/python3.12/site-packages/airflow/example_dags/example_task_group_decorator.py
[2024-11-18T21:13:53.609+0500] {processor.py:914} INFO - Processing file /home/AtlasRise/airflow/airflow_env/lib/python3.12/site-packages/airflow/example_dags/example_task_group_decorator.py for tasks to queue
[2024-11-18T21:13:53.612+0500] {logging_mixin.py:190} INFO - [2024-11-18T21:13:53.611+0500] {dagbag.py:588} INFO - Filling up the DagBag from /home/AtlasRise/airflow/airflow_env/lib/python3.12/site-packages/airflow/example_dags/example_task_group_decorator.py
[2024-11-18T21:13:53.638+0500] {processor.py:925} INFO - DAG(s) 'example_task_group_decorator' retrieved from /home/AtlasRise/airflow/airflow_env/lib/python3.12/site-packages/airflow/example_dags/example_task_group_decorator.py
[2024-11-18T21:13:53.671+0500] {logging_mixin.py:190} INFO - [2024-11-18T21:13:53.670+0500] {dag.py:3239} INFO - Sync 1 DAGs
[2024-11-18T21:13:53.693+0500] {logging_mixin.py:190} INFO - [2024-11-18T21:13:53.692+0500] {dag.py:4180} INFO - Setting next_dagrun for example_task_group_decorator to None, run_after=None
[2024-11-18T21:13:53.750+0500] {processor.py:208} INFO - Processing /home/AtlasRise/airflow/airflow_env/lib/python3.12/site-packages/airflow/example_dags/example_task_group_decorator.py took 0.152 seconds
[2024-11-18T21:15:20.843+0500] {processor.py:186} INFO - Started process (PID=21739) to work on /home/AtlasRise/airflow/airflow_env/lib/python3.12/site-packages/airflow/example_dags/example_task_group_decorator.py
[2024-11-18T21:15:20.844+0500] {processor.py:914} INFO - Processing file /home/AtlasRise/airflow/airflow_env/lib/python3.12/site-packages/airflow/example_dags/example_task_group_decorator.py for tasks to queue
[2024-11-18T21:15:20.849+0500] {logging_mixin.py:190} INFO - [2024-11-18T21:15:20.848+0500] {dagbag.py:588} INFO - Filling up the DagBag from /home/AtlasRise/airflow/airflow_env/lib/python3.12/site-packages/airflow/example_dags/example_task_group_decorator.py
[2024-11-18T21:15:20.880+0500] {processor.py:925} INFO - DAG(s) 'example_task_group_decorator' retrieved from /home/AtlasRise/airflow/airflow_env/lib/python3.12/site-packages/airflow/example_dags/example_task_group_decorator.py
[2024-11-18T21:15:20.915+0500] {logging_mixin.py:190} INFO - [2024-11-18T21:15:20.914+0500] {dag.py:3239} INFO - Sync 1 DAGs
[2024-11-18T21:15:20.938+0500] {logging_mixin.py:190} INFO - [2024-11-18T21:15:20.938+0500] {dag.py:4180} INFO - Setting next_dagrun for example_task_group_decorator to None, run_after=None
[2024-11-18T21:15:20.971+0500] {processor.py:208} INFO - Processing /home/AtlasRise/airflow/airflow_env/lib/python3.12/site-packages/airflow/example_dags/example_task_group_decorator.py took 0.138 seconds
[2024-11-18T21:16:07.083+0500] {processor.py:186} INFO - Started process (PID=21798) to work on /home/AtlasRise/airflow/airflow_env/lib/python3.12/site-packages/airflow/example_dags/example_task_group_decorator.py
[2024-11-18T21:16:07.086+0500] {processor.py:914} INFO - Processing file /home/AtlasRise/airflow/airflow_env/lib/python3.12/site-packages/airflow/example_dags/example_task_group_decorator.py for tasks to queue
[2024-11-18T21:16:07.089+0500] {logging_mixin.py:190} INFO - [2024-11-18T21:16:07.088+0500] {dagbag.py:588} INFO - Filling up the DagBag from /home/AtlasRise/airflow/airflow_env/lib/python3.12/site-packages/airflow/example_dags/example_task_group_decorator.py
[2024-11-18T21:16:07.113+0500] {processor.py:925} INFO - DAG(s) 'example_task_group_decorator' retrieved from /home/AtlasRise/airflow/airflow_env/lib/python3.12/site-packages/airflow/example_dags/example_task_group_decorator.py
[2024-11-18T21:16:07.146+0500] {logging_mixin.py:190} INFO - [2024-11-18T21:16:07.145+0500] {dag.py:3239} INFO - Sync 1 DAGs
[2024-11-18T21:16:07.167+0500] {logging_mixin.py:190} INFO - [2024-11-18T21:16:07.167+0500] {dag.py:4180} INFO - Setting next_dagrun for example_task_group_decorator to None, run_after=None
[2024-11-18T21:16:07.199+0500] {processor.py:208} INFO - Processing /home/AtlasRise/airflow/airflow_env/lib/python3.12/site-packages/airflow/example_dags/example_task_group_decorator.py took 0.124 seconds
[2024-11-18T21:17:12.188+0500] {processor.py:186} INFO - Started process (PID=21899) to work on /home/AtlasRise/airflow/airflow_env/lib/python3.12/site-packages/airflow/example_dags/example_task_group_decorator.py
[2024-11-18T21:17:12.189+0500] {processor.py:914} INFO - Processing file /home/AtlasRise/airflow/airflow_env/lib/python3.12/site-packages/airflow/example_dags/example_task_group_decorator.py for tasks to queue
[2024-11-18T21:17:12.195+0500] {logging_mixin.py:190} INFO - [2024-11-18T21:17:12.194+0500] {dagbag.py:588} INFO - Filling up the DagBag from /home/AtlasRise/airflow/airflow_env/lib/python3.12/site-packages/airflow/example_dags/example_task_group_decorator.py
[2024-11-18T21:17:12.220+0500] {processor.py:925} INFO - DAG(s) 'example_task_group_decorator' retrieved from /home/AtlasRise/airflow/airflow_env/lib/python3.12/site-packages/airflow/example_dags/example_task_group_decorator.py
[2024-11-18T21:17:12.253+0500] {logging_mixin.py:190} INFO - [2024-11-18T21:17:12.252+0500] {dag.py:3239} INFO - Sync 1 DAGs
[2024-11-18T21:17:12.274+0500] {logging_mixin.py:190} INFO - [2024-11-18T21:17:12.273+0500] {dag.py:4180} INFO - Setting next_dagrun for example_task_group_decorator to None, run_after=None
[2024-11-18T21:17:12.307+0500] {processor.py:208} INFO - Processing /home/AtlasRise/airflow/airflow_env/lib/python3.12/site-packages/airflow/example_dags/example_task_group_decorator.py took 0.127 seconds
[2024-11-18T21:17:56.763+0500] {processor.py:186} INFO - Started process (PID=21959) to work on /home/AtlasRise/airflow/airflow_env/lib/python3.12/site-packages/airflow/example_dags/example_task_group_decorator.py
[2024-11-18T21:17:56.766+0500] {processor.py:914} INFO - Processing file /home/AtlasRise/airflow/airflow_env/lib/python3.12/site-packages/airflow/example_dags/example_task_group_decorator.py for tasks to queue
[2024-11-18T21:17:56.769+0500] {logging_mixin.py:190} INFO - [2024-11-18T21:17:56.768+0500] {dagbag.py:588} INFO - Filling up the DagBag from /home/AtlasRise/airflow/airflow_env/lib/python3.12/site-packages/airflow/example_dags/example_task_group_decorator.py
[2024-11-18T21:17:56.794+0500] {processor.py:925} INFO - DAG(s) 'example_task_group_decorator' retrieved from /home/AtlasRise/airflow/airflow_env/lib/python3.12/site-packages/airflow/example_dags/example_task_group_decorator.py
[2024-11-18T21:17:56.827+0500] {logging_mixin.py:190} INFO - [2024-11-18T21:17:56.827+0500] {dag.py:3239} INFO - Sync 1 DAGs
[2024-11-18T21:17:56.848+0500] {logging_mixin.py:190} INFO - [2024-11-18T21:17:56.847+0500] {dag.py:4180} INFO - Setting next_dagrun for example_task_group_decorator to None, run_after=None
[2024-11-18T21:17:56.879+0500] {processor.py:208} INFO - Processing /home/AtlasRise/airflow/airflow_env/lib/python3.12/site-packages/airflow/example_dags/example_task_group_decorator.py took 0.124 seconds
[2024-11-18T21:18:49.900+0500] {processor.py:186} INFO - Started process (PID=22037) to work on /home/AtlasRise/airflow/airflow_env/lib/python3.12/site-packages/airflow/example_dags/example_task_group_decorator.py
[2024-11-18T21:18:49.903+0500] {processor.py:914} INFO - Processing file /home/AtlasRise/airflow/airflow_env/lib/python3.12/site-packages/airflow/example_dags/example_task_group_decorator.py for tasks to queue
[2024-11-18T21:18:49.905+0500] {logging_mixin.py:190} INFO - [2024-11-18T21:18:49.905+0500] {dagbag.py:588} INFO - Filling up the DagBag from /home/AtlasRise/airflow/airflow_env/lib/python3.12/site-packages/airflow/example_dags/example_task_group_decorator.py
[2024-11-18T21:18:49.930+0500] {processor.py:925} INFO - DAG(s) 'example_task_group_decorator' retrieved from /home/AtlasRise/airflow/airflow_env/lib/python3.12/site-packages/airflow/example_dags/example_task_group_decorator.py
[2024-11-18T21:18:49.963+0500] {logging_mixin.py:190} INFO - [2024-11-18T21:18:49.962+0500] {dag.py:3239} INFO - Sync 1 DAGs
[2024-11-18T21:18:49.984+0500] {logging_mixin.py:190} INFO - [2024-11-18T21:18:49.984+0500] {dag.py:4180} INFO - Setting next_dagrun for example_task_group_decorator to None, run_after=None
[2024-11-18T21:18:50.017+0500] {processor.py:208} INFO - Processing /home/AtlasRise/airflow/airflow_env/lib/python3.12/site-packages/airflow/example_dags/example_task_group_decorator.py took 0.125 seconds
[2024-11-18T21:19:48.799+0500] {processor.py:186} INFO - Started process (PID=22119) to work on /home/AtlasRise/airflow/airflow_env/lib/python3.12/site-packages/airflow/example_dags/example_task_group_decorator.py
[2024-11-18T21:19:48.801+0500] {processor.py:914} INFO - Processing file /home/AtlasRise/airflow/airflow_env/lib/python3.12/site-packages/airflow/example_dags/example_task_group_decorator.py for tasks to queue
[2024-11-18T21:19:48.804+0500] {logging_mixin.py:190} INFO - [2024-11-18T21:19:48.803+0500] {dagbag.py:588} INFO - Filling up the DagBag from /home/AtlasRise/airflow/airflow_env/lib/python3.12/site-packages/airflow/example_dags/example_task_group_decorator.py
[2024-11-18T21:19:48.829+0500] {processor.py:925} INFO - DAG(s) 'example_task_group_decorator' retrieved from /home/AtlasRise/airflow/airflow_env/lib/python3.12/site-packages/airflow/example_dags/example_task_group_decorator.py
[2024-11-18T21:19:48.862+0500] {logging_mixin.py:190} INFO - [2024-11-18T21:19:48.862+0500] {dag.py:3239} INFO - Sync 1 DAGs
[2024-11-18T21:19:48.883+0500] {logging_mixin.py:190} INFO - [2024-11-18T21:19:48.883+0500] {dag.py:4180} INFO - Setting next_dagrun for example_task_group_decorator to None, run_after=None
[2024-11-18T21:19:48.916+0500] {processor.py:208} INFO - Processing /home/AtlasRise/airflow/airflow_env/lib/python3.12/site-packages/airflow/example_dags/example_task_group_decorator.py took 0.125 seconds
[2024-11-18T21:20:30.802+0500] {processor.py:186} INFO - Started process (PID=22160) to work on /home/AtlasRise/airflow/airflow_env/lib/python3.12/site-packages/airflow/example_dags/example_task_group_decorator.py
[2024-11-18T21:20:30.804+0500] {processor.py:914} INFO - Processing file /home/AtlasRise/airflow/airflow_env/lib/python3.12/site-packages/airflow/example_dags/example_task_group_decorator.py for tasks to queue
[2024-11-18T21:20:30.808+0500] {logging_mixin.py:190} INFO - [2024-11-18T21:20:30.807+0500] {dagbag.py:588} INFO - Filling up the DagBag from /home/AtlasRise/airflow/airflow_env/lib/python3.12/site-packages/airflow/example_dags/example_task_group_decorator.py
[2024-11-18T21:20:30.835+0500] {processor.py:925} INFO - DAG(s) 'example_task_group_decorator' retrieved from /home/AtlasRise/airflow/airflow_env/lib/python3.12/site-packages/airflow/example_dags/example_task_group_decorator.py
[2024-11-18T21:20:30.869+0500] {logging_mixin.py:190} INFO - [2024-11-18T21:20:30.868+0500] {dag.py:3239} INFO - Sync 1 DAGs
[2024-11-18T21:20:30.889+0500] {logging_mixin.py:190} INFO - [2024-11-18T21:20:30.889+0500] {dag.py:4180} INFO - Setting next_dagrun for example_task_group_decorator to None, run_after=None
[2024-11-18T21:20:30.922+0500] {processor.py:208} INFO - Processing /home/AtlasRise/airflow/airflow_env/lib/python3.12/site-packages/airflow/example_dags/example_task_group_decorator.py took 0.129 seconds
[2024-11-18T21:21:41.265+0500] {processor.py:186} INFO - Started process (PID=22257) to work on /home/AtlasRise/airflow/airflow_env/lib/python3.12/site-packages/airflow/example_dags/example_task_group_decorator.py
[2024-11-18T21:21:41.268+0500] {processor.py:914} INFO - Processing file /home/AtlasRise/airflow/airflow_env/lib/python3.12/site-packages/airflow/example_dags/example_task_group_decorator.py for tasks to queue
[2024-11-18T21:21:41.272+0500] {logging_mixin.py:190} INFO - [2024-11-18T21:21:41.271+0500] {dagbag.py:588} INFO - Filling up the DagBag from /home/AtlasRise/airflow/airflow_env/lib/python3.12/site-packages/airflow/example_dags/example_task_group_decorator.py
[2024-11-18T21:21:41.300+0500] {processor.py:925} INFO - DAG(s) 'example_task_group_decorator' retrieved from /home/AtlasRise/airflow/airflow_env/lib/python3.12/site-packages/airflow/example_dags/example_task_group_decorator.py
[2024-11-18T21:21:41.333+0500] {logging_mixin.py:190} INFO - [2024-11-18T21:21:41.333+0500] {dag.py:3239} INFO - Sync 1 DAGs
[2024-11-18T21:21:41.354+0500] {logging_mixin.py:190} INFO - [2024-11-18T21:21:41.354+0500] {dag.py:4180} INFO - Setting next_dagrun for example_task_group_decorator to None, run_after=None
[2024-11-18T21:21:41.386+0500] {processor.py:208} INFO - Processing /home/AtlasRise/airflow/airflow_env/lib/python3.12/site-packages/airflow/example_dags/example_task_group_decorator.py took 0.131 seconds
[2024-11-18T21:22:49.347+0500] {processor.py:186} INFO - Started process (PID=22329) to work on /home/AtlasRise/airflow/airflow_env/lib/python3.12/site-packages/airflow/example_dags/example_task_group_decorator.py
[2024-11-18T21:22:49.349+0500] {processor.py:914} INFO - Processing file /home/AtlasRise/airflow/airflow_env/lib/python3.12/site-packages/airflow/example_dags/example_task_group_decorator.py for tasks to queue
[2024-11-18T21:22:49.352+0500] {logging_mixin.py:190} INFO - [2024-11-18T21:22:49.352+0500] {dagbag.py:588} INFO - Filling up the DagBag from /home/AtlasRise/airflow/airflow_env/lib/python3.12/site-packages/airflow/example_dags/example_task_group_decorator.py
[2024-11-18T21:22:49.377+0500] {processor.py:925} INFO - DAG(s) 'example_task_group_decorator' retrieved from /home/AtlasRise/airflow/airflow_env/lib/python3.12/site-packages/airflow/example_dags/example_task_group_decorator.py
[2024-11-18T21:22:49.412+0500] {logging_mixin.py:190} INFO - [2024-11-18T21:22:49.412+0500] {dag.py:3239} INFO - Sync 1 DAGs
[2024-11-18T21:22:49.433+0500] {logging_mixin.py:190} INFO - [2024-11-18T21:22:49.432+0500] {dag.py:4180} INFO - Setting next_dagrun for example_task_group_decorator to None, run_after=None
[2024-11-18T21:22:49.467+0500] {processor.py:208} INFO - Processing /home/AtlasRise/airflow/airflow_env/lib/python3.12/site-packages/airflow/example_dags/example_task_group_decorator.py took 0.129 seconds
