[2024-11-18T20:40:47.258+0500] {processor.py:186} INFO - Started process (PID=18937) to work on /home/AtlasRise/airflow/airflow_env/lib/python3.12/site-packages/airflow/example_dags/example_params_ui_tutorial.py
[2024-11-18T20:40:47.259+0500] {processor.py:914} INFO - Processing file /home/AtlasRise/airflow/airflow_env/lib/python3.12/site-packages/airflow/example_dags/example_params_ui_tutorial.py for tasks to queue
[2024-11-18T20:40:47.262+0500] {logging_mixin.py:190} INFO - [2024-11-18T20:40:47.261+0500] {dagbag.py:588} INFO - Filling up the DagBag from /home/AtlasRise/airflow/airflow_env/lib/python3.12/site-packages/airflow/example_dags/example_params_ui_tutorial.py
[2024-11-18T20:40:47.277+0500] {processor.py:925} INFO - DAG(s) 'example_params_ui_tutorial' retrieved from /home/AtlasRise/airflow/airflow_env/lib/python3.12/site-packages/airflow/example_dags/example_params_ui_tutorial.py
[2024-11-18T20:40:47.488+0500] {logging_mixin.py:190} INFO - [2024-11-18T20:40:47.487+0500] {override.py:1911} INFO - Created Permission View: can read on DAG:example_params_ui_tutorial
[2024-11-18T20:40:47.505+0500] {logging_mixin.py:190} INFO - [2024-11-18T20:40:47.505+0500] {override.py:1911} INFO - Created Permission View: can edit on DAG:example_params_ui_tutorial
[2024-11-18T20:40:47.517+0500] {logging_mixin.py:190} INFO - [2024-11-18T20:40:47.517+0500] {override.py:1911} INFO - Created Permission View: can delete on DAG:example_params_ui_tutorial
[2024-11-18T20:40:47.539+0500] {logging_mixin.py:190} INFO - [2024-11-18T20:40:47.538+0500] {override.py:1911} INFO - Created Permission View: can read on DAG Run:example_params_ui_tutorial
[2024-11-18T20:40:47.552+0500] {logging_mixin.py:190} INFO - [2024-11-18T20:40:47.552+0500] {override.py:1911} INFO - Created Permission View: can create on DAG Run:example_params_ui_tutorial
[2024-11-18T20:40:47.564+0500] {logging_mixin.py:190} INFO - [2024-11-18T20:40:47.563+0500] {override.py:1911} INFO - Created Permission View: can delete on DAG Run:example_params_ui_tutorial
[2024-11-18T20:40:47.589+0500] {logging_mixin.py:190} INFO - [2024-11-18T20:40:47.588+0500] {override.py:1911} INFO - Created Permission View: menu access on DAG Run:example_params_ui_tutorial
[2024-11-18T20:40:47.589+0500] {logging_mixin.py:190} INFO - [2024-11-18T20:40:47.589+0500] {dag.py:3239} INFO - Sync 1 DAGs
[2024-11-18T20:40:47.612+0500] {logging_mixin.py:190} INFO - [2024-11-18T20:40:47.612+0500] {dag.py:3262} INFO - Creating ORM DAG for example_params_ui_tutorial
[2024-11-18T20:40:47.614+0500] {logging_mixin.py:190} INFO - [2024-11-18T20:40:47.613+0500] {dag.py:4180} INFO - Setting next_dagrun for example_params_ui_tutorial to None, run_after=None
[2024-11-18T20:40:47.648+0500] {processor.py:208} INFO - Processing /home/AtlasRise/airflow/airflow_env/lib/python3.12/site-packages/airflow/example_dags/example_params_ui_tutorial.py took 0.400 seconds
[2024-11-18T20:41:58.445+0500] {processor.py:186} INFO - Started process (PID=19114) to work on /home/AtlasRise/airflow/airflow_env/lib/python3.12/site-packages/airflow/example_dags/example_params_ui_tutorial.py
[2024-11-18T20:41:58.448+0500] {processor.py:914} INFO - Processing file /home/AtlasRise/airflow/airflow_env/lib/python3.12/site-packages/airflow/example_dags/example_params_ui_tutorial.py for tasks to queue
[2024-11-18T20:41:58.451+0500] {logging_mixin.py:190} INFO - [2024-11-18T20:41:58.450+0500] {dagbag.py:588} INFO - Filling up the DagBag from /home/AtlasRise/airflow/airflow_env/lib/python3.12/site-packages/airflow/example_dags/example_params_ui_tutorial.py
[2024-11-18T20:41:58.464+0500] {processor.py:925} INFO - DAG(s) 'example_params_ui_tutorial' retrieved from /home/AtlasRise/airflow/airflow_env/lib/python3.12/site-packages/airflow/example_dags/example_params_ui_tutorial.py
[2024-11-18T20:41:58.558+0500] {logging_mixin.py:190} INFO - [2024-11-18T20:41:58.558+0500] {dag.py:3239} INFO - Sync 1 DAGs
[2024-11-18T20:41:58.586+0500] {logging_mixin.py:190} INFO - [2024-11-18T20:41:58.586+0500] {dag.py:4180} INFO - Setting next_dagrun for example_params_ui_tutorial to None, run_after=None
[2024-11-18T20:41:58.625+0500] {processor.py:208} INFO - Processing /home/AtlasRise/airflow/airflow_env/lib/python3.12/site-packages/airflow/example_dags/example_params_ui_tutorial.py took 0.187 seconds
[2024-11-18T20:43:09.673+0500] {processor.py:186} INFO - Started process (PID=19196) to work on /home/AtlasRise/airflow/airflow_env/lib/python3.12/site-packages/airflow/example_dags/example_params_ui_tutorial.py
[2024-11-18T20:43:09.675+0500] {processor.py:914} INFO - Processing file /home/AtlasRise/airflow/airflow_env/lib/python3.12/site-packages/airflow/example_dags/example_params_ui_tutorial.py for tasks to queue
[2024-11-18T20:43:09.678+0500] {logging_mixin.py:190} INFO - [2024-11-18T20:43:09.677+0500] {dagbag.py:588} INFO - Filling up the DagBag from /home/AtlasRise/airflow/airflow_env/lib/python3.12/site-packages/airflow/example_dags/example_params_ui_tutorial.py
[2024-11-18T20:43:09.692+0500] {processor.py:925} INFO - DAG(s) 'example_params_ui_tutorial' retrieved from /home/AtlasRise/airflow/airflow_env/lib/python3.12/site-packages/airflow/example_dags/example_params_ui_tutorial.py
[2024-11-18T20:43:09.762+0500] {logging_mixin.py:190} INFO - [2024-11-18T20:43:09.761+0500] {dag.py:3239} INFO - Sync 1 DAGs
[2024-11-18T20:43:09.782+0500] {logging_mixin.py:190} INFO - [2024-11-18T20:43:09.782+0500] {dag.py:4180} INFO - Setting next_dagrun for example_params_ui_tutorial to None, run_after=None
[2024-11-18T20:43:09.813+0500] {processor.py:208} INFO - Processing /home/AtlasRise/airflow/airflow_env/lib/python3.12/site-packages/airflow/example_dags/example_params_ui_tutorial.py took 0.148 seconds
[2024-11-18T20:44:14.842+0500] {processor.py:186} INFO - Started process (PID=19279) to work on /home/AtlasRise/airflow/airflow_env/lib/python3.12/site-packages/airflow/example_dags/example_params_ui_tutorial.py
[2024-11-18T20:44:14.844+0500] {processor.py:914} INFO - Processing file /home/AtlasRise/airflow/airflow_env/lib/python3.12/site-packages/airflow/example_dags/example_params_ui_tutorial.py for tasks to queue
[2024-11-18T20:44:14.847+0500] {logging_mixin.py:190} INFO - [2024-11-18T20:44:14.846+0500] {dagbag.py:588} INFO - Filling up the DagBag from /home/AtlasRise/airflow/airflow_env/lib/python3.12/site-packages/airflow/example_dags/example_params_ui_tutorial.py
[2024-11-18T20:44:14.861+0500] {processor.py:925} INFO - DAG(s) 'example_params_ui_tutorial' retrieved from /home/AtlasRise/airflow/airflow_env/lib/python3.12/site-packages/airflow/example_dags/example_params_ui_tutorial.py
[2024-11-18T20:44:14.930+0500] {logging_mixin.py:190} INFO - [2024-11-18T20:44:14.929+0500] {dag.py:3239} INFO - Sync 1 DAGs
[2024-11-18T20:44:14.951+0500] {logging_mixin.py:190} INFO - [2024-11-18T20:44:14.950+0500] {dag.py:4180} INFO - Setting next_dagrun for example_params_ui_tutorial to None, run_after=None
[2024-11-18T20:44:14.987+0500] {processor.py:208} INFO - Processing /home/AtlasRise/airflow/airflow_env/lib/python3.12/site-packages/airflow/example_dags/example_params_ui_tutorial.py took 0.153 seconds
[2024-11-18T20:45:20.123+0500] {processor.py:186} INFO - Started process (PID=19450) to work on /home/AtlasRise/airflow/airflow_env/lib/python3.12/site-packages/airflow/example_dags/example_params_ui_tutorial.py
[2024-11-18T20:45:20.125+0500] {processor.py:914} INFO - Processing file /home/AtlasRise/airflow/airflow_env/lib/python3.12/site-packages/airflow/example_dags/example_params_ui_tutorial.py for tasks to queue
[2024-11-18T20:45:20.127+0500] {logging_mixin.py:190} INFO - [2024-11-18T20:45:20.127+0500] {dagbag.py:588} INFO - Filling up the DagBag from /home/AtlasRise/airflow/airflow_env/lib/python3.12/site-packages/airflow/example_dags/example_params_ui_tutorial.py
[2024-11-18T20:45:20.141+0500] {processor.py:925} INFO - DAG(s) 'example_params_ui_tutorial' retrieved from /home/AtlasRise/airflow/airflow_env/lib/python3.12/site-packages/airflow/example_dags/example_params_ui_tutorial.py
[2024-11-18T20:45:20.219+0500] {logging_mixin.py:190} INFO - [2024-11-18T20:45:20.219+0500] {dag.py:3239} INFO - Sync 1 DAGs
[2024-11-18T20:45:20.240+0500] {logging_mixin.py:190} INFO - [2024-11-18T20:45:20.240+0500] {dag.py:4180} INFO - Setting next_dagrun for example_params_ui_tutorial to None, run_after=None
[2024-11-18T20:45:20.277+0500] {processor.py:208} INFO - Processing /home/AtlasRise/airflow/airflow_env/lib/python3.12/site-packages/airflow/example_dags/example_params_ui_tutorial.py took 0.162 seconds
[2024-11-18T20:46:40.394+0500] {processor.py:186} INFO - Started process (PID=19564) to work on /home/AtlasRise/airflow/airflow_env/lib/python3.12/site-packages/airflow/example_dags/example_params_ui_tutorial.py
[2024-11-18T20:46:40.396+0500] {processor.py:914} INFO - Processing file /home/AtlasRise/airflow/airflow_env/lib/python3.12/site-packages/airflow/example_dags/example_params_ui_tutorial.py for tasks to queue
[2024-11-18T20:46:40.399+0500] {logging_mixin.py:190} INFO - [2024-11-18T20:46:40.399+0500] {dagbag.py:588} INFO - Filling up the DagBag from /home/AtlasRise/airflow/airflow_env/lib/python3.12/site-packages/airflow/example_dags/example_params_ui_tutorial.py
[2024-11-18T20:46:40.414+0500] {processor.py:925} INFO - DAG(s) 'example_params_ui_tutorial' retrieved from /home/AtlasRise/airflow/airflow_env/lib/python3.12/site-packages/airflow/example_dags/example_params_ui_tutorial.py
[2024-11-18T20:46:40.490+0500] {logging_mixin.py:190} INFO - [2024-11-18T20:46:40.489+0500] {dag.py:3239} INFO - Sync 1 DAGs
[2024-11-18T20:46:40.517+0500] {logging_mixin.py:190} INFO - [2024-11-18T20:46:40.517+0500] {dag.py:4180} INFO - Setting next_dagrun for example_params_ui_tutorial to None, run_after=None
[2024-11-18T20:46:40.587+0500] {processor.py:208} INFO - Processing /home/AtlasRise/airflow/airflow_env/lib/python3.12/site-packages/airflow/example_dags/example_params_ui_tutorial.py took 0.202 seconds
[2024-11-18T20:47:50.901+0500] {processor.py:186} INFO - Started process (PID=19726) to work on /home/AtlasRise/airflow/airflow_env/lib/python3.12/site-packages/airflow/example_dags/example_params_ui_tutorial.py
[2024-11-18T20:47:50.904+0500] {processor.py:914} INFO - Processing file /home/AtlasRise/airflow/airflow_env/lib/python3.12/site-packages/airflow/example_dags/example_params_ui_tutorial.py for tasks to queue
[2024-11-18T20:47:50.908+0500] {logging_mixin.py:190} INFO - [2024-11-18T20:47:50.907+0500] {dagbag.py:588} INFO - Filling up the DagBag from /home/AtlasRise/airflow/airflow_env/lib/python3.12/site-packages/airflow/example_dags/example_params_ui_tutorial.py
[2024-11-18T20:47:50.923+0500] {processor.py:925} INFO - DAG(s) 'example_params_ui_tutorial' retrieved from /home/AtlasRise/airflow/airflow_env/lib/python3.12/site-packages/airflow/example_dags/example_params_ui_tutorial.py
[2024-11-18T20:47:50.998+0500] {logging_mixin.py:190} INFO - [2024-11-18T20:47:50.998+0500] {dag.py:3239} INFO - Sync 1 DAGs
[2024-11-18T20:47:51.022+0500] {logging_mixin.py:190} INFO - [2024-11-18T20:47:51.022+0500] {dag.py:4180} INFO - Setting next_dagrun for example_params_ui_tutorial to None, run_after=None
[2024-11-18T20:47:51.055+0500] {processor.py:208} INFO - Processing /home/AtlasRise/airflow/airflow_env/lib/python3.12/site-packages/airflow/example_dags/example_params_ui_tutorial.py took 0.162 seconds
[2024-11-18T20:48:54.863+0500] {processor.py:186} INFO - Started process (PID=19810) to work on /home/AtlasRise/airflow/airflow_env/lib/python3.12/site-packages/airflow/example_dags/example_params_ui_tutorial.py
[2024-11-18T20:48:54.865+0500] {processor.py:914} INFO - Processing file /home/AtlasRise/airflow/airflow_env/lib/python3.12/site-packages/airflow/example_dags/example_params_ui_tutorial.py for tasks to queue
[2024-11-18T20:48:54.868+0500] {logging_mixin.py:190} INFO - [2024-11-18T20:48:54.868+0500] {dagbag.py:588} INFO - Filling up the DagBag from /home/AtlasRise/airflow/airflow_env/lib/python3.12/site-packages/airflow/example_dags/example_params_ui_tutorial.py
[2024-11-18T20:48:54.885+0500] {processor.py:925} INFO - DAG(s) 'example_params_ui_tutorial' retrieved from /home/AtlasRise/airflow/airflow_env/lib/python3.12/site-packages/airflow/example_dags/example_params_ui_tutorial.py
[2024-11-18T20:48:54.958+0500] {logging_mixin.py:190} INFO - [2024-11-18T20:48:54.958+0500] {dag.py:3239} INFO - Sync 1 DAGs
[2024-11-18T20:48:54.979+0500] {logging_mixin.py:190} INFO - [2024-11-18T20:48:54.979+0500] {dag.py:4180} INFO - Setting next_dagrun for example_params_ui_tutorial to None, run_after=None
[2024-11-18T20:48:55.014+0500] {processor.py:208} INFO - Processing /home/AtlasRise/airflow/airflow_env/lib/python3.12/site-packages/airflow/example_dags/example_params_ui_tutorial.py took 0.160 seconds
[2024-11-18T20:50:03.231+0500] {processor.py:186} INFO - Started process (PID=19885) to work on /home/AtlasRise/airflow/airflow_env/lib/python3.12/site-packages/airflow/example_dags/example_params_ui_tutorial.py
[2024-11-18T20:50:03.234+0500] {processor.py:914} INFO - Processing file /home/AtlasRise/airflow/airflow_env/lib/python3.12/site-packages/airflow/example_dags/example_params_ui_tutorial.py for tasks to queue
[2024-11-18T20:50:03.237+0500] {logging_mixin.py:190} INFO - [2024-11-18T20:50:03.236+0500] {dagbag.py:588} INFO - Filling up the DagBag from /home/AtlasRise/airflow/airflow_env/lib/python3.12/site-packages/airflow/example_dags/example_params_ui_tutorial.py
[2024-11-18T20:50:03.252+0500] {processor.py:925} INFO - DAG(s) 'example_params_ui_tutorial' retrieved from /home/AtlasRise/airflow/airflow_env/lib/python3.12/site-packages/airflow/example_dags/example_params_ui_tutorial.py
[2024-11-18T20:50:03.322+0500] {logging_mixin.py:190} INFO - [2024-11-18T20:50:03.322+0500] {dag.py:3239} INFO - Sync 1 DAGs
[2024-11-18T20:50:03.343+0500] {logging_mixin.py:190} INFO - [2024-11-18T20:50:03.343+0500] {dag.py:4180} INFO - Setting next_dagrun for example_params_ui_tutorial to None, run_after=None
[2024-11-18T20:50:03.378+0500] {processor.py:208} INFO - Processing /home/AtlasRise/airflow/airflow_env/lib/python3.12/site-packages/airflow/example_dags/example_params_ui_tutorial.py took 0.155 seconds
[2024-11-18T20:51:15.346+0500] {processor.py:186} INFO - Started process (PID=19955) to work on /home/AtlasRise/airflow/airflow_env/lib/python3.12/site-packages/airflow/example_dags/example_params_ui_tutorial.py
[2024-11-18T20:51:15.349+0500] {processor.py:914} INFO - Processing file /home/AtlasRise/airflow/airflow_env/lib/python3.12/site-packages/airflow/example_dags/example_params_ui_tutorial.py for tasks to queue
[2024-11-18T20:51:15.352+0500] {logging_mixin.py:190} INFO - [2024-11-18T20:51:15.352+0500] {dagbag.py:588} INFO - Filling up the DagBag from /home/AtlasRise/airflow/airflow_env/lib/python3.12/site-packages/airflow/example_dags/example_params_ui_tutorial.py
[2024-11-18T20:51:15.366+0500] {processor.py:925} INFO - DAG(s) 'example_params_ui_tutorial' retrieved from /home/AtlasRise/airflow/airflow_env/lib/python3.12/site-packages/airflow/example_dags/example_params_ui_tutorial.py
[2024-11-18T20:51:15.437+0500] {logging_mixin.py:190} INFO - [2024-11-18T20:51:15.436+0500] {dag.py:3239} INFO - Sync 1 DAGs
[2024-11-18T20:51:15.457+0500] {logging_mixin.py:190} INFO - [2024-11-18T20:51:15.457+0500] {dag.py:4180} INFO - Setting next_dagrun for example_params_ui_tutorial to None, run_after=None
[2024-11-18T20:51:15.490+0500] {processor.py:208} INFO - Processing /home/AtlasRise/airflow/airflow_env/lib/python3.12/site-packages/airflow/example_dags/example_params_ui_tutorial.py took 0.152 seconds
[2024-11-18T20:52:26.352+0500] {processor.py:186} INFO - Started process (PID=20043) to work on /home/AtlasRise/airflow/airflow_env/lib/python3.12/site-packages/airflow/example_dags/example_params_ui_tutorial.py
[2024-11-18T20:52:26.353+0500] {processor.py:914} INFO - Processing file /home/AtlasRise/airflow/airflow_env/lib/python3.12/site-packages/airflow/example_dags/example_params_ui_tutorial.py for tasks to queue
[2024-11-18T20:52:26.356+0500] {logging_mixin.py:190} INFO - [2024-11-18T20:52:26.356+0500] {dagbag.py:588} INFO - Filling up the DagBag from /home/AtlasRise/airflow/airflow_env/lib/python3.12/site-packages/airflow/example_dags/example_params_ui_tutorial.py
[2024-11-18T20:52:26.371+0500] {processor.py:925} INFO - DAG(s) 'example_params_ui_tutorial' retrieved from /home/AtlasRise/airflow/airflow_env/lib/python3.12/site-packages/airflow/example_dags/example_params_ui_tutorial.py
[2024-11-18T20:52:26.447+0500] {logging_mixin.py:190} INFO - [2024-11-18T20:52:26.447+0500] {dag.py:3239} INFO - Sync 1 DAGs
[2024-11-18T20:52:26.473+0500] {logging_mixin.py:190} INFO - [2024-11-18T20:52:26.469+0500] {dag.py:4180} INFO - Setting next_dagrun for example_params_ui_tutorial to None, run_after=None
[2024-11-18T20:52:26.511+0500] {processor.py:208} INFO - Processing /home/AtlasRise/airflow/airflow_env/lib/python3.12/site-packages/airflow/example_dags/example_params_ui_tutorial.py took 0.168 seconds
[2024-11-18T20:53:33.226+0500] {processor.py:186} INFO - Started process (PID=20114) to work on /home/AtlasRise/airflow/airflow_env/lib/python3.12/site-packages/airflow/example_dags/example_params_ui_tutorial.py
[2024-11-18T20:53:33.229+0500] {processor.py:914} INFO - Processing file /home/AtlasRise/airflow/airflow_env/lib/python3.12/site-packages/airflow/example_dags/example_params_ui_tutorial.py for tasks to queue
[2024-11-18T20:53:33.232+0500] {logging_mixin.py:190} INFO - [2024-11-18T20:53:33.232+0500] {dagbag.py:588} INFO - Filling up the DagBag from /home/AtlasRise/airflow/airflow_env/lib/python3.12/site-packages/airflow/example_dags/example_params_ui_tutorial.py
[2024-11-18T20:53:33.247+0500] {processor.py:925} INFO - DAG(s) 'example_params_ui_tutorial' retrieved from /home/AtlasRise/airflow/airflow_env/lib/python3.12/site-packages/airflow/example_dags/example_params_ui_tutorial.py
[2024-11-18T20:53:33.318+0500] {logging_mixin.py:190} INFO - [2024-11-18T20:53:33.318+0500] {dag.py:3239} INFO - Sync 1 DAGs
[2024-11-18T20:53:33.339+0500] {logging_mixin.py:190} INFO - [2024-11-18T20:53:33.338+0500] {dag.py:4180} INFO - Setting next_dagrun for example_params_ui_tutorial to None, run_after=None
[2024-11-18T20:53:33.373+0500] {processor.py:208} INFO - Processing /home/AtlasRise/airflow/airflow_env/lib/python3.12/site-packages/airflow/example_dags/example_params_ui_tutorial.py took 0.155 seconds
[2024-11-18T20:54:49.975+0500] {processor.py:186} INFO - Started process (PID=20210) to work on /home/AtlasRise/airflow/airflow_env/lib/python3.12/site-packages/airflow/example_dags/example_params_ui_tutorial.py
[2024-11-18T20:54:49.977+0500] {processor.py:914} INFO - Processing file /home/AtlasRise/airflow/airflow_env/lib/python3.12/site-packages/airflow/example_dags/example_params_ui_tutorial.py for tasks to queue
[2024-11-18T20:54:49.980+0500] {logging_mixin.py:190} INFO - [2024-11-18T20:54:49.980+0500] {dagbag.py:588} INFO - Filling up the DagBag from /home/AtlasRise/airflow/airflow_env/lib/python3.12/site-packages/airflow/example_dags/example_params_ui_tutorial.py
[2024-11-18T20:54:49.994+0500] {processor.py:925} INFO - DAG(s) 'example_params_ui_tutorial' retrieved from /home/AtlasRise/airflow/airflow_env/lib/python3.12/site-packages/airflow/example_dags/example_params_ui_tutorial.py
[2024-11-18T20:54:50.066+0500] {logging_mixin.py:190} INFO - [2024-11-18T20:54:50.065+0500] {dag.py:3239} INFO - Sync 1 DAGs
[2024-11-18T20:54:50.087+0500] {logging_mixin.py:190} INFO - [2024-11-18T20:54:50.087+0500] {dag.py:4180} INFO - Setting next_dagrun for example_params_ui_tutorial to None, run_after=None
[2024-11-18T20:54:50.119+0500] {processor.py:208} INFO - Processing /home/AtlasRise/airflow/airflow_env/lib/python3.12/site-packages/airflow/example_dags/example_params_ui_tutorial.py took 0.154 seconds
[2024-11-18T20:56:14.652+0500] {processor.py:186} INFO - Started process (PID=20297) to work on /home/AtlasRise/airflow/airflow_env/lib/python3.12/site-packages/airflow/example_dags/example_params_ui_tutorial.py
[2024-11-18T20:56:14.653+0500] {processor.py:914} INFO - Processing file /home/AtlasRise/airflow/airflow_env/lib/python3.12/site-packages/airflow/example_dags/example_params_ui_tutorial.py for tasks to queue
[2024-11-18T20:56:14.656+0500] {logging_mixin.py:190} INFO - [2024-11-18T20:56:14.655+0500] {dagbag.py:588} INFO - Filling up the DagBag from /home/AtlasRise/airflow/airflow_env/lib/python3.12/site-packages/airflow/example_dags/example_params_ui_tutorial.py
[2024-11-18T20:56:14.670+0500] {processor.py:925} INFO - DAG(s) 'example_params_ui_tutorial' retrieved from /home/AtlasRise/airflow/airflow_env/lib/python3.12/site-packages/airflow/example_dags/example_params_ui_tutorial.py
[2024-11-18T20:56:14.739+0500] {logging_mixin.py:190} INFO - [2024-11-18T20:56:14.738+0500] {dag.py:3239} INFO - Sync 1 DAGs
[2024-11-18T20:56:14.760+0500] {logging_mixin.py:190} INFO - [2024-11-18T20:56:14.760+0500] {dag.py:4180} INFO - Setting next_dagrun for example_params_ui_tutorial to None, run_after=None
[2024-11-18T20:56:14.794+0500] {processor.py:208} INFO - Processing /home/AtlasRise/airflow/airflow_env/lib/python3.12/site-packages/airflow/example_dags/example_params_ui_tutorial.py took 0.151 seconds
[2024-11-18T20:57:28.537+0500] {processor.py:186} INFO - Started process (PID=20383) to work on /home/AtlasRise/airflow/airflow_env/lib/python3.12/site-packages/airflow/example_dags/example_params_ui_tutorial.py
[2024-11-18T20:57:28.540+0500] {processor.py:914} INFO - Processing file /home/AtlasRise/airflow/airflow_env/lib/python3.12/site-packages/airflow/example_dags/example_params_ui_tutorial.py for tasks to queue
[2024-11-18T20:57:28.542+0500] {logging_mixin.py:190} INFO - [2024-11-18T20:57:28.542+0500] {dagbag.py:588} INFO - Filling up the DagBag from /home/AtlasRise/airflow/airflow_env/lib/python3.12/site-packages/airflow/example_dags/example_params_ui_tutorial.py
[2024-11-18T20:57:28.557+0500] {processor.py:925} INFO - DAG(s) 'example_params_ui_tutorial' retrieved from /home/AtlasRise/airflow/airflow_env/lib/python3.12/site-packages/airflow/example_dags/example_params_ui_tutorial.py
[2024-11-18T20:57:28.633+0500] {logging_mixin.py:190} INFO - [2024-11-18T20:57:28.633+0500] {dag.py:3239} INFO - Sync 1 DAGs
[2024-11-18T20:57:28.658+0500] {logging_mixin.py:190} INFO - [2024-11-18T20:57:28.658+0500] {dag.py:4180} INFO - Setting next_dagrun for example_params_ui_tutorial to None, run_after=None
[2024-11-18T20:57:28.699+0500] {processor.py:208} INFO - Processing /home/AtlasRise/airflow/airflow_env/lib/python3.12/site-packages/airflow/example_dags/example_params_ui_tutorial.py took 0.172 seconds
[2024-11-18T20:58:39.279+0500] {processor.py:186} INFO - Started process (PID=20474) to work on /home/AtlasRise/airflow/airflow_env/lib/python3.12/site-packages/airflow/example_dags/example_params_ui_tutorial.py
[2024-11-18T20:58:39.280+0500] {processor.py:914} INFO - Processing file /home/AtlasRise/airflow/airflow_env/lib/python3.12/site-packages/airflow/example_dags/example_params_ui_tutorial.py for tasks to queue
[2024-11-18T20:58:39.283+0500] {logging_mixin.py:190} INFO - [2024-11-18T20:58:39.282+0500] {dagbag.py:588} INFO - Filling up the DagBag from /home/AtlasRise/airflow/airflow_env/lib/python3.12/site-packages/airflow/example_dags/example_params_ui_tutorial.py
[2024-11-18T20:58:39.297+0500] {processor.py:925} INFO - DAG(s) 'example_params_ui_tutorial' retrieved from /home/AtlasRise/airflow/airflow_env/lib/python3.12/site-packages/airflow/example_dags/example_params_ui_tutorial.py
[2024-11-18T20:58:39.367+0500] {logging_mixin.py:190} INFO - [2024-11-18T20:58:39.367+0500] {dag.py:3239} INFO - Sync 1 DAGs
[2024-11-18T20:58:39.388+0500] {logging_mixin.py:190} INFO - [2024-11-18T20:58:39.388+0500] {dag.py:4180} INFO - Setting next_dagrun for example_params_ui_tutorial to None, run_after=None
[2024-11-18T20:58:39.420+0500] {processor.py:208} INFO - Processing /home/AtlasRise/airflow/airflow_env/lib/python3.12/site-packages/airflow/example_dags/example_params_ui_tutorial.py took 0.150 seconds
[2024-11-18T20:59:51.375+0500] {processor.py:186} INFO - Started process (PID=20552) to work on /home/AtlasRise/airflow/airflow_env/lib/python3.12/site-packages/airflow/example_dags/example_params_ui_tutorial.py
[2024-11-18T20:59:51.377+0500] {processor.py:914} INFO - Processing file /home/AtlasRise/airflow/airflow_env/lib/python3.12/site-packages/airflow/example_dags/example_params_ui_tutorial.py for tasks to queue
[2024-11-18T20:59:51.380+0500] {logging_mixin.py:190} INFO - [2024-11-18T20:59:51.379+0500] {dagbag.py:588} INFO - Filling up the DagBag from /home/AtlasRise/airflow/airflow_env/lib/python3.12/site-packages/airflow/example_dags/example_params_ui_tutorial.py
[2024-11-18T20:59:51.395+0500] {processor.py:925} INFO - DAG(s) 'example_params_ui_tutorial' retrieved from /home/AtlasRise/airflow/airflow_env/lib/python3.12/site-packages/airflow/example_dags/example_params_ui_tutorial.py
[2024-11-18T20:59:51.472+0500] {logging_mixin.py:190} INFO - [2024-11-18T20:59:51.471+0500] {dag.py:3239} INFO - Sync 1 DAGs
[2024-11-18T20:59:51.495+0500] {logging_mixin.py:190} INFO - [2024-11-18T20:59:51.494+0500] {dag.py:4180} INFO - Setting next_dagrun for example_params_ui_tutorial to None, run_after=None
[2024-11-18T20:59:51.528+0500] {processor.py:208} INFO - Processing /home/AtlasRise/airflow/airflow_env/lib/python3.12/site-packages/airflow/example_dags/example_params_ui_tutorial.py took 0.162 seconds
[2024-11-18T21:01:00.594+0500] {processor.py:186} INFO - Started process (PID=20633) to work on /home/AtlasRise/airflow/airflow_env/lib/python3.12/site-packages/airflow/example_dags/example_params_ui_tutorial.py
[2024-11-18T21:01:00.596+0500] {processor.py:914} INFO - Processing file /home/AtlasRise/airflow/airflow_env/lib/python3.12/site-packages/airflow/example_dags/example_params_ui_tutorial.py for tasks to queue
[2024-11-18T21:01:00.600+0500] {logging_mixin.py:190} INFO - [2024-11-18T21:01:00.599+0500] {dagbag.py:588} INFO - Filling up the DagBag from /home/AtlasRise/airflow/airflow_env/lib/python3.12/site-packages/airflow/example_dags/example_params_ui_tutorial.py
[2024-11-18T21:01:00.614+0500] {processor.py:925} INFO - DAG(s) 'example_params_ui_tutorial' retrieved from /home/AtlasRise/airflow/airflow_env/lib/python3.12/site-packages/airflow/example_dags/example_params_ui_tutorial.py
[2024-11-18T21:01:00.683+0500] {logging_mixin.py:190} INFO - [2024-11-18T21:01:00.682+0500] {dag.py:3239} INFO - Sync 1 DAGs
[2024-11-18T21:01:00.704+0500] {logging_mixin.py:190} INFO - [2024-11-18T21:01:00.704+0500] {dag.py:4180} INFO - Setting next_dagrun for example_params_ui_tutorial to None, run_after=None
[2024-11-18T21:01:00.737+0500] {processor.py:208} INFO - Processing /home/AtlasRise/airflow/airflow_env/lib/python3.12/site-packages/airflow/example_dags/example_params_ui_tutorial.py took 0.153 seconds
[2024-11-18T21:02:06.859+0500] {processor.py:186} INFO - Started process (PID=20706) to work on /home/AtlasRise/airflow/airflow_env/lib/python3.12/site-packages/airflow/example_dags/example_params_ui_tutorial.py
[2024-11-18T21:02:06.862+0500] {processor.py:914} INFO - Processing file /home/AtlasRise/airflow/airflow_env/lib/python3.12/site-packages/airflow/example_dags/example_params_ui_tutorial.py for tasks to queue
[2024-11-18T21:02:06.865+0500] {logging_mixin.py:190} INFO - [2024-11-18T21:02:06.864+0500] {dagbag.py:588} INFO - Filling up the DagBag from /home/AtlasRise/airflow/airflow_env/lib/python3.12/site-packages/airflow/example_dags/example_params_ui_tutorial.py
[2024-11-18T21:02:06.879+0500] {processor.py:925} INFO - DAG(s) 'example_params_ui_tutorial' retrieved from /home/AtlasRise/airflow/airflow_env/lib/python3.12/site-packages/airflow/example_dags/example_params_ui_tutorial.py
[2024-11-18T21:02:06.948+0500] {logging_mixin.py:190} INFO - [2024-11-18T21:02:06.948+0500] {dag.py:3239} INFO - Sync 1 DAGs
[2024-11-18T21:02:06.969+0500] {logging_mixin.py:190} INFO - [2024-11-18T21:02:06.968+0500] {dag.py:4180} INFO - Setting next_dagrun for example_params_ui_tutorial to None, run_after=None
[2024-11-18T21:02:07.001+0500] {processor.py:208} INFO - Processing /home/AtlasRise/airflow/airflow_env/lib/python3.12/site-packages/airflow/example_dags/example_params_ui_tutorial.py took 0.150 seconds
[2024-11-18T21:03:20.499+0500] {processor.py:186} INFO - Started process (PID=20781) to work on /home/AtlasRise/airflow/airflow_env/lib/python3.12/site-packages/airflow/example_dags/example_params_ui_tutorial.py
[2024-11-18T21:03:20.501+0500] {processor.py:914} INFO - Processing file /home/AtlasRise/airflow/airflow_env/lib/python3.12/site-packages/airflow/example_dags/example_params_ui_tutorial.py for tasks to queue
[2024-11-18T21:03:20.504+0500] {logging_mixin.py:190} INFO - [2024-11-18T21:03:20.504+0500] {dagbag.py:588} INFO - Filling up the DagBag from /home/AtlasRise/airflow/airflow_env/lib/python3.12/site-packages/airflow/example_dags/example_params_ui_tutorial.py
[2024-11-18T21:03:20.518+0500] {processor.py:925} INFO - DAG(s) 'example_params_ui_tutorial' retrieved from /home/AtlasRise/airflow/airflow_env/lib/python3.12/site-packages/airflow/example_dags/example_params_ui_tutorial.py
[2024-11-18T21:03:20.589+0500] {logging_mixin.py:190} INFO - [2024-11-18T21:03:20.588+0500] {dag.py:3239} INFO - Sync 1 DAGs
[2024-11-18T21:03:20.610+0500] {logging_mixin.py:190} INFO - [2024-11-18T21:03:20.610+0500] {dag.py:4180} INFO - Setting next_dagrun for example_params_ui_tutorial to None, run_after=None
[2024-11-18T21:03:20.642+0500] {processor.py:208} INFO - Processing /home/AtlasRise/airflow/airflow_env/lib/python3.12/site-packages/airflow/example_dags/example_params_ui_tutorial.py took 0.152 seconds
[2024-11-18T21:04:26.018+0500] {processor.py:186} INFO - Started process (PID=20882) to work on /home/AtlasRise/airflow/airflow_env/lib/python3.12/site-packages/airflow/example_dags/example_params_ui_tutorial.py
[2024-11-18T21:04:26.021+0500] {processor.py:914} INFO - Processing file /home/AtlasRise/airflow/airflow_env/lib/python3.12/site-packages/airflow/example_dags/example_params_ui_tutorial.py for tasks to queue
[2024-11-18T21:04:26.024+0500] {logging_mixin.py:190} INFO - [2024-11-18T21:04:26.023+0500] {dagbag.py:588} INFO - Filling up the DagBag from /home/AtlasRise/airflow/airflow_env/lib/python3.12/site-packages/airflow/example_dags/example_params_ui_tutorial.py
[2024-11-18T21:04:26.039+0500] {processor.py:925} INFO - DAG(s) 'example_params_ui_tutorial' retrieved from /home/AtlasRise/airflow/airflow_env/lib/python3.12/site-packages/airflow/example_dags/example_params_ui_tutorial.py
[2024-11-18T21:04:26.114+0500] {logging_mixin.py:190} INFO - [2024-11-18T21:04:26.114+0500] {dag.py:3239} INFO - Sync 1 DAGs
[2024-11-18T21:04:26.136+0500] {logging_mixin.py:190} INFO - [2024-11-18T21:04:26.136+0500] {dag.py:4180} INFO - Setting next_dagrun for example_params_ui_tutorial to None, run_after=None
[2024-11-18T21:04:26.177+0500] {processor.py:208} INFO - Processing /home/AtlasRise/airflow/airflow_env/lib/python3.12/site-packages/airflow/example_dags/example_params_ui_tutorial.py took 0.167 seconds
[2024-11-18T21:05:33.293+0500] {processor.py:186} INFO - Started process (PID=20959) to work on /home/AtlasRise/airflow/airflow_env/lib/python3.12/site-packages/airflow/example_dags/example_params_ui_tutorial.py
[2024-11-18T21:05:33.295+0500] {processor.py:914} INFO - Processing file /home/AtlasRise/airflow/airflow_env/lib/python3.12/site-packages/airflow/example_dags/example_params_ui_tutorial.py for tasks to queue
[2024-11-18T21:05:33.298+0500] {logging_mixin.py:190} INFO - [2024-11-18T21:05:33.298+0500] {dagbag.py:588} INFO - Filling up the DagBag from /home/AtlasRise/airflow/airflow_env/lib/python3.12/site-packages/airflow/example_dags/example_params_ui_tutorial.py
[2024-11-18T21:05:33.312+0500] {processor.py:925} INFO - DAG(s) 'example_params_ui_tutorial' retrieved from /home/AtlasRise/airflow/airflow_env/lib/python3.12/site-packages/airflow/example_dags/example_params_ui_tutorial.py
[2024-11-18T21:05:33.381+0500] {logging_mixin.py:190} INFO - [2024-11-18T21:05:33.381+0500] {dag.py:3239} INFO - Sync 1 DAGs
[2024-11-18T21:05:33.404+0500] {logging_mixin.py:190} INFO - [2024-11-18T21:05:33.404+0500] {dag.py:4180} INFO - Setting next_dagrun for example_params_ui_tutorial to None, run_after=None
[2024-11-18T21:05:33.440+0500] {processor.py:208} INFO - Processing /home/AtlasRise/airflow/airflow_env/lib/python3.12/site-packages/airflow/example_dags/example_params_ui_tutorial.py took 0.156 seconds
[2024-11-18T21:06:45.894+0500] {processor.py:186} INFO - Started process (PID=21054) to work on /home/AtlasRise/airflow/airflow_env/lib/python3.12/site-packages/airflow/example_dags/example_params_ui_tutorial.py
[2024-11-18T21:06:45.895+0500] {processor.py:914} INFO - Processing file /home/AtlasRise/airflow/airflow_env/lib/python3.12/site-packages/airflow/example_dags/example_params_ui_tutorial.py for tasks to queue
[2024-11-18T21:06:45.899+0500] {logging_mixin.py:190} INFO - [2024-11-18T21:06:45.898+0500] {dagbag.py:588} INFO - Filling up the DagBag from /home/AtlasRise/airflow/airflow_env/lib/python3.12/site-packages/airflow/example_dags/example_params_ui_tutorial.py
[2024-11-18T21:06:45.912+0500] {processor.py:925} INFO - DAG(s) 'example_params_ui_tutorial' retrieved from /home/AtlasRise/airflow/airflow_env/lib/python3.12/site-packages/airflow/example_dags/example_params_ui_tutorial.py
[2024-11-18T21:06:45.981+0500] {logging_mixin.py:190} INFO - [2024-11-18T21:06:45.981+0500] {dag.py:3239} INFO - Sync 1 DAGs
[2024-11-18T21:06:46.003+0500] {logging_mixin.py:190} INFO - [2024-11-18T21:06:46.003+0500] {dag.py:4180} INFO - Setting next_dagrun for example_params_ui_tutorial to None, run_after=None
[2024-11-18T21:06:46.034+0500] {processor.py:208} INFO - Processing /home/AtlasRise/airflow/airflow_env/lib/python3.12/site-packages/airflow/example_dags/example_params_ui_tutorial.py took 0.149 seconds
[2024-11-18T21:08:01.334+0500] {processor.py:186} INFO - Started process (PID=21137) to work on /home/AtlasRise/airflow/airflow_env/lib/python3.12/site-packages/airflow/example_dags/example_params_ui_tutorial.py
[2024-11-18T21:08:01.336+0500] {processor.py:914} INFO - Processing file /home/AtlasRise/airflow/airflow_env/lib/python3.12/site-packages/airflow/example_dags/example_params_ui_tutorial.py for tasks to queue
[2024-11-18T21:08:01.340+0500] {logging_mixin.py:190} INFO - [2024-11-18T21:08:01.339+0500] {dagbag.py:588} INFO - Filling up the DagBag from /home/AtlasRise/airflow/airflow_env/lib/python3.12/site-packages/airflow/example_dags/example_params_ui_tutorial.py
[2024-11-18T21:08:01.355+0500] {processor.py:925} INFO - DAG(s) 'example_params_ui_tutorial' retrieved from /home/AtlasRise/airflow/airflow_env/lib/python3.12/site-packages/airflow/example_dags/example_params_ui_tutorial.py
[2024-11-18T21:08:01.430+0500] {logging_mixin.py:190} INFO - [2024-11-18T21:08:01.429+0500] {dag.py:3239} INFO - Sync 1 DAGs
[2024-11-18T21:08:01.453+0500] {logging_mixin.py:190} INFO - [2024-11-18T21:08:01.453+0500] {dag.py:4180} INFO - Setting next_dagrun for example_params_ui_tutorial to None, run_after=None
[2024-11-18T21:08:01.488+0500] {processor.py:208} INFO - Processing /home/AtlasRise/airflow/airflow_env/lib/python3.12/site-packages/airflow/example_dags/example_params_ui_tutorial.py took 0.164 seconds
[2024-11-18T21:09:07.932+0500] {processor.py:186} INFO - Started process (PID=21218) to work on /home/AtlasRise/airflow/airflow_env/lib/python3.12/site-packages/airflow/example_dags/example_params_ui_tutorial.py
[2024-11-18T21:09:07.935+0500] {processor.py:914} INFO - Processing file /home/AtlasRise/airflow/airflow_env/lib/python3.12/site-packages/airflow/example_dags/example_params_ui_tutorial.py for tasks to queue
[2024-11-18T21:09:07.938+0500] {logging_mixin.py:190} INFO - [2024-11-18T21:09:07.937+0500] {dagbag.py:588} INFO - Filling up the DagBag from /home/AtlasRise/airflow/airflow_env/lib/python3.12/site-packages/airflow/example_dags/example_params_ui_tutorial.py
[2024-11-18T21:09:07.953+0500] {processor.py:925} INFO - DAG(s) 'example_params_ui_tutorial' retrieved from /home/AtlasRise/airflow/airflow_env/lib/python3.12/site-packages/airflow/example_dags/example_params_ui_tutorial.py
[2024-11-18T21:09:08.021+0500] {logging_mixin.py:190} INFO - [2024-11-18T21:09:08.021+0500] {dag.py:3239} INFO - Sync 1 DAGs
[2024-11-18T21:09:08.042+0500] {logging_mixin.py:190} INFO - [2024-11-18T21:09:08.042+0500] {dag.py:4180} INFO - Setting next_dagrun for example_params_ui_tutorial to None, run_after=None
[2024-11-18T21:09:08.077+0500] {processor.py:208} INFO - Processing /home/AtlasRise/airflow/airflow_env/lib/python3.12/site-packages/airflow/example_dags/example_params_ui_tutorial.py took 0.153 seconds
[2024-11-18T21:10:18.542+0500] {processor.py:186} INFO - Started process (PID=21316) to work on /home/AtlasRise/airflow/airflow_env/lib/python3.12/site-packages/airflow/example_dags/example_params_ui_tutorial.py
[2024-11-18T21:10:18.545+0500] {processor.py:914} INFO - Processing file /home/AtlasRise/airflow/airflow_env/lib/python3.12/site-packages/airflow/example_dags/example_params_ui_tutorial.py for tasks to queue
[2024-11-18T21:10:18.548+0500] {logging_mixin.py:190} INFO - [2024-11-18T21:10:18.548+0500] {dagbag.py:588} INFO - Filling up the DagBag from /home/AtlasRise/airflow/airflow_env/lib/python3.12/site-packages/airflow/example_dags/example_params_ui_tutorial.py
[2024-11-18T21:10:18.564+0500] {processor.py:925} INFO - DAG(s) 'example_params_ui_tutorial' retrieved from /home/AtlasRise/airflow/airflow_env/lib/python3.12/site-packages/airflow/example_dags/example_params_ui_tutorial.py
[2024-11-18T21:10:18.640+0500] {logging_mixin.py:190} INFO - [2024-11-18T21:10:18.640+0500] {dag.py:3239} INFO - Sync 1 DAGs
[2024-11-18T21:10:18.663+0500] {logging_mixin.py:190} INFO - [2024-11-18T21:10:18.663+0500] {dag.py:4180} INFO - Setting next_dagrun for example_params_ui_tutorial to None, run_after=None
[2024-11-18T21:10:18.700+0500] {processor.py:208} INFO - Processing /home/AtlasRise/airflow/airflow_env/lib/python3.12/site-packages/airflow/example_dags/example_params_ui_tutorial.py took 0.167 seconds
[2024-11-18T21:11:32.511+0500] {processor.py:186} INFO - Started process (PID=21441) to work on /home/AtlasRise/airflow/airflow_env/lib/python3.12/site-packages/airflow/example_dags/example_params_ui_tutorial.py
[2024-11-18T21:11:32.513+0500] {processor.py:914} INFO - Processing file /home/AtlasRise/airflow/airflow_env/lib/python3.12/site-packages/airflow/example_dags/example_params_ui_tutorial.py for tasks to queue
[2024-11-18T21:11:32.516+0500] {logging_mixin.py:190} INFO - [2024-11-18T21:11:32.515+0500] {dagbag.py:588} INFO - Filling up the DagBag from /home/AtlasRise/airflow/airflow_env/lib/python3.12/site-packages/airflow/example_dags/example_params_ui_tutorial.py
[2024-11-18T21:11:32.530+0500] {processor.py:925} INFO - DAG(s) 'example_params_ui_tutorial' retrieved from /home/AtlasRise/airflow/airflow_env/lib/python3.12/site-packages/airflow/example_dags/example_params_ui_tutorial.py
[2024-11-18T21:11:32.600+0500] {logging_mixin.py:190} INFO - [2024-11-18T21:11:32.599+0500] {dag.py:3239} INFO - Sync 1 DAGs
[2024-11-18T21:11:32.620+0500] {logging_mixin.py:190} INFO - [2024-11-18T21:11:32.620+0500] {dag.py:4180} INFO - Setting next_dagrun for example_params_ui_tutorial to None, run_after=None
[2024-11-18T21:11:32.653+0500] {processor.py:208} INFO - Processing /home/AtlasRise/airflow/airflow_env/lib/python3.12/site-packages/airflow/example_dags/example_params_ui_tutorial.py took 0.151 seconds
[2024-11-18T21:13:27.874+0500] {processor.py:186} INFO - Started process (PID=21592) to work on /home/AtlasRise/airflow/airflow_env/lib/python3.12/site-packages/airflow/example_dags/example_params_ui_tutorial.py
[2024-11-18T21:13:27.877+0500] {processor.py:914} INFO - Processing file /home/AtlasRise/airflow/airflow_env/lib/python3.12/site-packages/airflow/example_dags/example_params_ui_tutorial.py for tasks to queue
[2024-11-18T21:13:27.880+0500] {logging_mixin.py:190} INFO - [2024-11-18T21:13:27.879+0500] {dagbag.py:588} INFO - Filling up the DagBag from /home/AtlasRise/airflow/airflow_env/lib/python3.12/site-packages/airflow/example_dags/example_params_ui_tutorial.py
[2024-11-18T21:13:27.894+0500] {processor.py:925} INFO - DAG(s) 'example_params_ui_tutorial' retrieved from /home/AtlasRise/airflow/airflow_env/lib/python3.12/site-packages/airflow/example_dags/example_params_ui_tutorial.py
[2024-11-18T21:13:27.966+0500] {logging_mixin.py:190} INFO - [2024-11-18T21:13:27.965+0500] {dag.py:3239} INFO - Sync 1 DAGs
[2024-11-18T21:13:27.987+0500] {logging_mixin.py:190} INFO - [2024-11-18T21:13:27.987+0500] {dag.py:4180} INFO - Setting next_dagrun for example_params_ui_tutorial to None, run_after=None
[2024-11-18T21:13:28.020+0500] {processor.py:208} INFO - Processing /home/AtlasRise/airflow/airflow_env/lib/python3.12/site-packages/airflow/example_dags/example_params_ui_tutorial.py took 0.154 seconds
[2024-11-18T21:14:55.610+0500] {processor.py:186} INFO - Started process (PID=21704) to work on /home/AtlasRise/airflow/airflow_env/lib/python3.12/site-packages/airflow/example_dags/example_params_ui_tutorial.py
[2024-11-18T21:14:55.611+0500] {processor.py:914} INFO - Processing file /home/AtlasRise/airflow/airflow_env/lib/python3.12/site-packages/airflow/example_dags/example_params_ui_tutorial.py for tasks to queue
[2024-11-18T21:14:55.615+0500] {logging_mixin.py:190} INFO - [2024-11-18T21:14:55.614+0500] {dagbag.py:588} INFO - Filling up the DagBag from /home/AtlasRise/airflow/airflow_env/lib/python3.12/site-packages/airflow/example_dags/example_params_ui_tutorial.py
[2024-11-18T21:14:55.649+0500] {processor.py:925} INFO - DAG(s) 'example_params_ui_tutorial' retrieved from /home/AtlasRise/airflow/airflow_env/lib/python3.12/site-packages/airflow/example_dags/example_params_ui_tutorial.py
[2024-11-18T21:14:55.734+0500] {logging_mixin.py:190} INFO - [2024-11-18T21:14:55.733+0500] {dag.py:3239} INFO - Sync 1 DAGs
[2024-11-18T21:14:55.754+0500] {logging_mixin.py:190} INFO - [2024-11-18T21:14:55.754+0500] {dag.py:4180} INFO - Setting next_dagrun for example_params_ui_tutorial to None, run_after=None
[2024-11-18T21:14:55.788+0500] {processor.py:208} INFO - Processing /home/AtlasRise/airflow/airflow_env/lib/python3.12/site-packages/airflow/example_dags/example_params_ui_tutorial.py took 0.189 seconds
[2024-11-18T21:16:29.172+0500] {processor.py:186} INFO - Started process (PID=21828) to work on /home/AtlasRise/airflow/airflow_env/lib/python3.12/site-packages/airflow/example_dags/example_params_ui_tutorial.py
[2024-11-18T21:16:29.180+0500] {processor.py:914} INFO - Processing file /home/AtlasRise/airflow/airflow_env/lib/python3.12/site-packages/airflow/example_dags/example_params_ui_tutorial.py for tasks to queue
[2024-11-18T21:16:29.201+0500] {logging_mixin.py:190} INFO - [2024-11-18T21:16:29.190+0500] {dagbag.py:588} INFO - Filling up the DagBag from /home/AtlasRise/airflow/airflow_env/lib/python3.12/site-packages/airflow/example_dags/example_params_ui_tutorial.py
[2024-11-18T21:16:29.268+0500] {processor.py:925} INFO - DAG(s) 'example_params_ui_tutorial' retrieved from /home/AtlasRise/airflow/airflow_env/lib/python3.12/site-packages/airflow/example_dags/example_params_ui_tutorial.py
[2024-11-18T21:16:29.342+0500] {logging_mixin.py:190} INFO - [2024-11-18T21:16:29.341+0500] {dag.py:3239} INFO - Sync 1 DAGs
[2024-11-18T21:16:29.364+0500] {logging_mixin.py:190} INFO - [2024-11-18T21:16:29.364+0500] {dag.py:4180} INFO - Setting next_dagrun for example_params_ui_tutorial to None, run_after=None
[2024-11-18T21:16:29.399+0500] {processor.py:208} INFO - Processing /home/AtlasRise/airflow/airflow_env/lib/python3.12/site-packages/airflow/example_dags/example_params_ui_tutorial.py took 0.236 seconds
[2024-11-18T21:18:15.004+0500] {processor.py:186} INFO - Started process (PID=21985) to work on /home/AtlasRise/airflow/airflow_env/lib/python3.12/site-packages/airflow/example_dags/example_params_ui_tutorial.py
[2024-11-18T21:18:15.005+0500] {processor.py:914} INFO - Processing file /home/AtlasRise/airflow/airflow_env/lib/python3.12/site-packages/airflow/example_dags/example_params_ui_tutorial.py for tasks to queue
[2024-11-18T21:18:15.008+0500] {logging_mixin.py:190} INFO - [2024-11-18T21:18:15.008+0500] {dagbag.py:588} INFO - Filling up the DagBag from /home/AtlasRise/airflow/airflow_env/lib/python3.12/site-packages/airflow/example_dags/example_params_ui_tutorial.py
[2024-11-18T21:18:15.023+0500] {processor.py:925} INFO - DAG(s) 'example_params_ui_tutorial' retrieved from /home/AtlasRise/airflow/airflow_env/lib/python3.12/site-packages/airflow/example_dags/example_params_ui_tutorial.py
[2024-11-18T21:18:15.099+0500] {logging_mixin.py:190} INFO - [2024-11-18T21:18:15.099+0500] {dag.py:3239} INFO - Sync 1 DAGs
[2024-11-18T21:18:15.121+0500] {logging_mixin.py:190} INFO - [2024-11-18T21:18:15.121+0500] {dag.py:4180} INFO - Setting next_dagrun for example_params_ui_tutorial to None, run_after=None
[2024-11-18T21:18:15.156+0500] {processor.py:208} INFO - Processing /home/AtlasRise/airflow/airflow_env/lib/python3.12/site-packages/airflow/example_dags/example_params_ui_tutorial.py took 0.160 seconds
[2024-11-18T21:20:05.038+0500] {processor.py:186} INFO - Started process (PID=22136) to work on /home/AtlasRise/airflow/airflow_env/lib/python3.12/site-packages/airflow/example_dags/example_params_ui_tutorial.py
[2024-11-18T21:20:05.040+0500] {processor.py:914} INFO - Processing file /home/AtlasRise/airflow/airflow_env/lib/python3.12/site-packages/airflow/example_dags/example_params_ui_tutorial.py for tasks to queue
[2024-11-18T21:20:05.043+0500] {logging_mixin.py:190} INFO - [2024-11-18T21:20:05.042+0500] {dagbag.py:588} INFO - Filling up the DagBag from /home/AtlasRise/airflow/airflow_env/lib/python3.12/site-packages/airflow/example_dags/example_params_ui_tutorial.py
[2024-11-18T21:20:05.057+0500] {processor.py:925} INFO - DAG(s) 'example_params_ui_tutorial' retrieved from /home/AtlasRise/airflow/airflow_env/lib/python3.12/site-packages/airflow/example_dags/example_params_ui_tutorial.py
[2024-11-18T21:20:05.128+0500] {logging_mixin.py:190} INFO - [2024-11-18T21:20:05.128+0500] {dag.py:3239} INFO - Sync 1 DAGs
[2024-11-18T21:20:05.149+0500] {logging_mixin.py:190} INFO - [2024-11-18T21:20:05.149+0500] {dag.py:4180} INFO - Setting next_dagrun for example_params_ui_tutorial to None, run_after=None
[2024-11-18T21:20:05.184+0500] {processor.py:208} INFO - Processing /home/AtlasRise/airflow/airflow_env/lib/python3.12/site-packages/airflow/example_dags/example_params_ui_tutorial.py took 0.154 seconds
[2024-11-18T21:21:15.718+0500] {processor.py:186} INFO - Started process (PID=22226) to work on /home/AtlasRise/airflow/airflow_env/lib/python3.12/site-packages/airflow/example_dags/example_params_ui_tutorial.py
[2024-11-18T21:21:15.723+0500] {processor.py:914} INFO - Processing file /home/AtlasRise/airflow/airflow_env/lib/python3.12/site-packages/airflow/example_dags/example_params_ui_tutorial.py for tasks to queue
[2024-11-18T21:21:15.726+0500] {logging_mixin.py:190} INFO - [2024-11-18T21:21:15.726+0500] {dagbag.py:588} INFO - Filling up the DagBag from /home/AtlasRise/airflow/airflow_env/lib/python3.12/site-packages/airflow/example_dags/example_params_ui_tutorial.py
[2024-11-18T21:21:15.741+0500] {processor.py:925} INFO - DAG(s) 'example_params_ui_tutorial' retrieved from /home/AtlasRise/airflow/airflow_env/lib/python3.12/site-packages/airflow/example_dags/example_params_ui_tutorial.py
[2024-11-18T21:21:15.811+0500] {logging_mixin.py:190} INFO - [2024-11-18T21:21:15.810+0500] {dag.py:3239} INFO - Sync 1 DAGs
[2024-11-18T21:21:15.831+0500] {logging_mixin.py:190} INFO - [2024-11-18T21:21:15.831+0500] {dag.py:4180} INFO - Setting next_dagrun for example_params_ui_tutorial to None, run_after=None
[2024-11-18T21:21:15.862+0500] {processor.py:208} INFO - Processing /home/AtlasRise/airflow/airflow_env/lib/python3.12/site-packages/airflow/example_dags/example_params_ui_tutorial.py took 0.153 seconds
[2024-11-18T21:22:28.310+0500] {processor.py:186} INFO - Started process (PID=22307) to work on /home/AtlasRise/airflow/airflow_env/lib/python3.12/site-packages/airflow/example_dags/example_params_ui_tutorial.py
[2024-11-18T21:22:28.311+0500] {processor.py:914} INFO - Processing file /home/AtlasRise/airflow/airflow_env/lib/python3.12/site-packages/airflow/example_dags/example_params_ui_tutorial.py for tasks to queue
[2024-11-18T21:22:28.314+0500] {logging_mixin.py:190} INFO - [2024-11-18T21:22:28.314+0500] {dagbag.py:588} INFO - Filling up the DagBag from /home/AtlasRise/airflow/airflow_env/lib/python3.12/site-packages/airflow/example_dags/example_params_ui_tutorial.py
[2024-11-18T21:22:28.328+0500] {processor.py:925} INFO - DAG(s) 'example_params_ui_tutorial' retrieved from /home/AtlasRise/airflow/airflow_env/lib/python3.12/site-packages/airflow/example_dags/example_params_ui_tutorial.py
[2024-11-18T21:22:28.398+0500] {logging_mixin.py:190} INFO - [2024-11-18T21:22:28.398+0500] {dag.py:3239} INFO - Sync 1 DAGs
[2024-11-18T21:22:28.419+0500] {logging_mixin.py:190} INFO - [2024-11-18T21:22:28.419+0500] {dag.py:4180} INFO - Setting next_dagrun for example_params_ui_tutorial to None, run_after=None
[2024-11-18T21:22:28.452+0500] {processor.py:208} INFO - Processing /home/AtlasRise/airflow/airflow_env/lib/python3.12/site-packages/airflow/example_dags/example_params_ui_tutorial.py took 0.151 seconds
