[2024-11-18T20:41:16.578+0500] {processor.py:186} INFO - Started process (PID=18964) to work on /home/AtlasRise/airflow/airflow_env/lib/python3.12/site-packages/airflow/example_dags/example_dataset_alias.py
[2024-11-18T20:41:16.579+0500] {processor.py:914} INFO - Processing file /home/AtlasRise/airflow/airflow_env/lib/python3.12/site-packages/airflow/example_dags/example_dataset_alias.py for tasks to queue
[2024-11-18T20:41:16.582+0500] {logging_mixin.py:190} INFO - [2024-11-18T20:41:16.582+0500] {dagbag.py:588} INFO - Filling up the DagBag from /home/AtlasRise/airflow/airflow_env/lib/python3.12/site-packages/airflow/example_dags/example_dataset_alias.py
[2024-11-18T20:41:16.610+0500] {processor.py:925} INFO - DAG(s) 'dataset_s3_bucket_producer', 'dataset_alias_example_alias_producer', 'dataset_s3_bucket_consumer', 'dataset_alias_example_alias_consumer' retrieved from /home/AtlasRise/airflow/airflow_env/lib/python3.12/site-packages/airflow/example_dags/example_dataset_alias.py
[2024-11-18T20:41:16.761+0500] {logging_mixin.py:190} INFO - [2024-11-18T20:41:16.760+0500] {override.py:1911} INFO - Created Permission View: can read on DAG:dataset_s3_bucket_producer
[2024-11-18T20:41:16.778+0500] {logging_mixin.py:190} INFO - [2024-11-18T20:41:16.778+0500] {override.py:1911} INFO - Created Permission View: can edit on DAG:dataset_s3_bucket_producer
[2024-11-18T20:41:16.791+0500] {logging_mixin.py:190} INFO - [2024-11-18T20:41:16.791+0500] {override.py:1911} INFO - Created Permission View: can delete on DAG:dataset_s3_bucket_producer
[2024-11-18T20:41:16.812+0500] {logging_mixin.py:190} INFO - [2024-11-18T20:41:16.811+0500] {override.py:1911} INFO - Created Permission View: can read on DAG Run:dataset_s3_bucket_producer
[2024-11-18T20:41:16.824+0500] {logging_mixin.py:190} INFO - [2024-11-18T20:41:16.823+0500] {override.py:1911} INFO - Created Permission View: can create on DAG Run:dataset_s3_bucket_producer
[2024-11-18T20:41:16.836+0500] {logging_mixin.py:190} INFO - [2024-11-18T20:41:16.835+0500] {override.py:1911} INFO - Created Permission View: can delete on DAG Run:dataset_s3_bucket_producer
[2024-11-18T20:41:16.864+0500] {logging_mixin.py:190} INFO - [2024-11-18T20:41:16.864+0500] {override.py:1911} INFO - Created Permission View: menu access on DAG Run:dataset_s3_bucket_producer
[2024-11-18T20:41:16.896+0500] {logging_mixin.py:190} INFO - [2024-11-18T20:41:16.895+0500] {override.py:1911} INFO - Created Permission View: can read on DAG:dataset_alias_example_alias_producer
[2024-11-18T20:41:16.910+0500] {logging_mixin.py:190} INFO - [2024-11-18T20:41:16.909+0500] {override.py:1911} INFO - Created Permission View: can edit on DAG:dataset_alias_example_alias_producer
[2024-11-18T20:41:16.923+0500] {logging_mixin.py:190} INFO - [2024-11-18T20:41:16.922+0500] {override.py:1911} INFO - Created Permission View: can delete on DAG:dataset_alias_example_alias_producer
[2024-11-18T20:41:16.941+0500] {logging_mixin.py:190} INFO - [2024-11-18T20:41:16.940+0500] {override.py:1911} INFO - Created Permission View: can read on DAG Run:dataset_alias_example_alias_producer
[2024-11-18T20:41:16.954+0500] {logging_mixin.py:190} INFO - [2024-11-18T20:41:16.953+0500] {override.py:1911} INFO - Created Permission View: can create on DAG Run:dataset_alias_example_alias_producer
[2024-11-18T20:41:16.969+0500] {logging_mixin.py:190} INFO - [2024-11-18T20:41:16.968+0500] {override.py:1911} INFO - Created Permission View: can delete on DAG Run:dataset_alias_example_alias_producer
[2024-11-18T20:41:16.997+0500] {logging_mixin.py:190} INFO - [2024-11-18T20:41:16.996+0500] {override.py:1911} INFO - Created Permission View: menu access on DAG Run:dataset_alias_example_alias_producer
[2024-11-18T20:41:17.025+0500] {logging_mixin.py:190} INFO - [2024-11-18T20:41:17.024+0500] {override.py:1911} INFO - Created Permission View: can read on DAG:dataset_s3_bucket_consumer
[2024-11-18T20:41:17.042+0500] {logging_mixin.py:190} INFO - [2024-11-18T20:41:17.041+0500] {override.py:1911} INFO - Created Permission View: can edit on DAG:dataset_s3_bucket_consumer
[2024-11-18T20:41:17.054+0500] {logging_mixin.py:190} INFO - [2024-11-18T20:41:17.053+0500] {override.py:1911} INFO - Created Permission View: can delete on DAG:dataset_s3_bucket_consumer
[2024-11-18T20:41:17.079+0500] {logging_mixin.py:190} INFO - [2024-11-18T20:41:17.078+0500] {override.py:1911} INFO - Created Permission View: can read on DAG Run:dataset_s3_bucket_consumer
[2024-11-18T20:41:17.094+0500] {logging_mixin.py:190} INFO - [2024-11-18T20:41:17.093+0500] {override.py:1911} INFO - Created Permission View: can create on DAG Run:dataset_s3_bucket_consumer
[2024-11-18T20:41:17.107+0500] {logging_mixin.py:190} INFO - [2024-11-18T20:41:17.107+0500] {override.py:1911} INFO - Created Permission View: can delete on DAG Run:dataset_s3_bucket_consumer
[2024-11-18T20:41:17.124+0500] {logging_mixin.py:190} INFO - [2024-11-18T20:41:17.123+0500] {override.py:1911} INFO - Created Permission View: menu access on DAG Run:dataset_s3_bucket_consumer
[2024-11-18T20:41:17.149+0500] {logging_mixin.py:190} INFO - [2024-11-18T20:41:17.149+0500] {override.py:1911} INFO - Created Permission View: can read on DAG:dataset_alias_example_alias_consumer
[2024-11-18T20:41:17.161+0500] {logging_mixin.py:190} INFO - [2024-11-18T20:41:17.161+0500] {override.py:1911} INFO - Created Permission View: can edit on DAG:dataset_alias_example_alias_consumer
[2024-11-18T20:41:17.173+0500] {logging_mixin.py:190} INFO - [2024-11-18T20:41:17.173+0500] {override.py:1911} INFO - Created Permission View: can delete on DAG:dataset_alias_example_alias_consumer
[2024-11-18T20:41:17.191+0500] {logging_mixin.py:190} INFO - [2024-11-18T20:41:17.190+0500] {override.py:1911} INFO - Created Permission View: can read on DAG Run:dataset_alias_example_alias_consumer
[2024-11-18T20:41:17.208+0500] {logging_mixin.py:190} INFO - [2024-11-18T20:41:17.208+0500] {override.py:1911} INFO - Created Permission View: can create on DAG Run:dataset_alias_example_alias_consumer
[2024-11-18T20:41:17.221+0500] {logging_mixin.py:190} INFO - [2024-11-18T20:41:17.221+0500] {override.py:1911} INFO - Created Permission View: can delete on DAG Run:dataset_alias_example_alias_consumer
[2024-11-18T20:41:17.234+0500] {logging_mixin.py:190} INFO - [2024-11-18T20:41:17.233+0500] {override.py:1911} INFO - Created Permission View: menu access on DAG Run:dataset_alias_example_alias_consumer
[2024-11-18T20:41:17.234+0500] {logging_mixin.py:190} INFO - [2024-11-18T20:41:17.234+0500] {dag.py:3239} INFO - Sync 4 DAGs
[2024-11-18T20:41:17.254+0500] {logging_mixin.py:190} INFO - [2024-11-18T20:41:17.253+0500] {dag.py:3262} INFO - Creating ORM DAG for dataset_alias_example_alias_producer
[2024-11-18T20:41:17.255+0500] {logging_mixin.py:190} INFO - [2024-11-18T20:41:17.255+0500] {dag.py:3262} INFO - Creating ORM DAG for dataset_s3_bucket_producer
[2024-11-18T20:41:17.256+0500] {logging_mixin.py:190} INFO - [2024-11-18T20:41:17.255+0500] {dag.py:3262} INFO - Creating ORM DAG for dataset_alias_example_alias_consumer
[2024-11-18T20:41:17.256+0500] {logging_mixin.py:190} INFO - [2024-11-18T20:41:17.256+0500] {dag.py:3262} INFO - Creating ORM DAG for dataset_s3_bucket_consumer
[2024-11-18T20:41:17.272+0500] {logging_mixin.py:190} INFO - [2024-11-18T20:41:17.272+0500] {dag.py:4180} INFO - Setting next_dagrun for dataset_alias_example_alias_consumer to None, run_after=None
[2024-11-18T20:41:17.273+0500] {logging_mixin.py:190} INFO - [2024-11-18T20:41:17.273+0500] {dag.py:4180} INFO - Setting next_dagrun for dataset_alias_example_alias_producer to None, run_after=None
[2024-11-18T20:41:17.274+0500] {logging_mixin.py:190} INFO - [2024-11-18T20:41:17.273+0500] {dag.py:4180} INFO - Setting next_dagrun for dataset_s3_bucket_consumer to None, run_after=None
[2024-11-18T20:41:17.274+0500] {logging_mixin.py:190} INFO - [2024-11-18T20:41:17.274+0500] {dag.py:4180} INFO - Setting next_dagrun for dataset_s3_bucket_producer to None, run_after=None
[2024-11-18T20:41:17.321+0500] {processor.py:208} INFO - Processing /home/AtlasRise/airflow/airflow_env/lib/python3.12/site-packages/airflow/example_dags/example_dataset_alias.py took 0.753 seconds
[2024-11-18T20:42:34.458+0500] {processor.py:186} INFO - Started process (PID=19163) to work on /home/AtlasRise/airflow/airflow_env/lib/python3.12/site-packages/airflow/example_dags/example_dataset_alias.py
[2024-11-18T20:42:34.461+0500] {processor.py:914} INFO - Processing file /home/AtlasRise/airflow/airflow_env/lib/python3.12/site-packages/airflow/example_dags/example_dataset_alias.py for tasks to queue
[2024-11-18T20:42:34.465+0500] {logging_mixin.py:190} INFO - [2024-11-18T20:42:34.464+0500] {dagbag.py:588} INFO - Filling up the DagBag from /home/AtlasRise/airflow/airflow_env/lib/python3.12/site-packages/airflow/example_dags/example_dataset_alias.py
[2024-11-18T20:42:34.506+0500] {processor.py:925} INFO - DAG(s) 'dataset_alias_example_alias_consumer', 'dataset_s3_bucket_producer', 'dataset_alias_example_alias_producer', 'dataset_s3_bucket_consumer' retrieved from /home/AtlasRise/airflow/airflow_env/lib/python3.12/site-packages/airflow/example_dags/example_dataset_alias.py
[2024-11-18T20:42:34.539+0500] {logging_mixin.py:190} INFO - [2024-11-18T20:42:34.538+0500] {dag.py:3239} INFO - Sync 4 DAGs
[2024-11-18T20:42:34.570+0500] {logging_mixin.py:190} INFO - [2024-11-18T20:42:34.570+0500] {dag.py:4180} INFO - Setting next_dagrun for dataset_alias_example_alias_consumer to None, run_after=None
[2024-11-18T20:42:34.574+0500] {logging_mixin.py:190} INFO - [2024-11-18T20:42:34.574+0500] {dag.py:4180} INFO - Setting next_dagrun for dataset_alias_example_alias_producer to None, run_after=None
[2024-11-18T20:42:34.576+0500] {logging_mixin.py:190} INFO - [2024-11-18T20:42:34.575+0500] {dag.py:4180} INFO - Setting next_dagrun for dataset_s3_bucket_consumer to None, run_after=None
[2024-11-18T20:42:34.577+0500] {logging_mixin.py:190} INFO - [2024-11-18T20:42:34.577+0500] {dag.py:4180} INFO - Setting next_dagrun for dataset_s3_bucket_producer to None, run_after=None
[2024-11-18T20:42:34.615+0500] {processor.py:208} INFO - Processing /home/AtlasRise/airflow/airflow_env/lib/python3.12/site-packages/airflow/example_dags/example_dataset_alias.py took 0.168 seconds
[2024-11-18T20:43:41.997+0500] {processor.py:186} INFO - Started process (PID=19241) to work on /home/AtlasRise/airflow/airflow_env/lib/python3.12/site-packages/airflow/example_dags/example_dataset_alias.py
[2024-11-18T20:43:41.998+0500] {processor.py:914} INFO - Processing file /home/AtlasRise/airflow/airflow_env/lib/python3.12/site-packages/airflow/example_dags/example_dataset_alias.py for tasks to queue
[2024-11-18T20:43:42.002+0500] {logging_mixin.py:190} INFO - [2024-11-18T20:43:42.001+0500] {dagbag.py:588} INFO - Filling up the DagBag from /home/AtlasRise/airflow/airflow_env/lib/python3.12/site-packages/airflow/example_dags/example_dataset_alias.py
[2024-11-18T20:43:42.040+0500] {processor.py:925} INFO - DAG(s) 'dataset_alias_example_alias_consumer', 'dataset_s3_bucket_producer', 'dataset_s3_bucket_consumer', 'dataset_alias_example_alias_producer' retrieved from /home/AtlasRise/airflow/airflow_env/lib/python3.12/site-packages/airflow/example_dags/example_dataset_alias.py
[2024-11-18T20:43:42.081+0500] {logging_mixin.py:190} INFO - [2024-11-18T20:43:42.081+0500] {dag.py:3239} INFO - Sync 4 DAGs
[2024-11-18T20:43:42.116+0500] {logging_mixin.py:190} INFO - [2024-11-18T20:43:42.116+0500] {dag.py:4180} INFO - Setting next_dagrun for dataset_alias_example_alias_consumer to None, run_after=None
[2024-11-18T20:43:42.120+0500] {logging_mixin.py:190} INFO - [2024-11-18T20:43:42.120+0500] {dag.py:4180} INFO - Setting next_dagrun for dataset_alias_example_alias_producer to None, run_after=None
[2024-11-18T20:43:42.124+0500] {logging_mixin.py:190} INFO - [2024-11-18T20:43:42.124+0500] {dag.py:4180} INFO - Setting next_dagrun for dataset_s3_bucket_consumer to None, run_after=None
[2024-11-18T20:43:42.125+0500] {logging_mixin.py:190} INFO - [2024-11-18T20:43:42.125+0500] {dag.py:4180} INFO - Setting next_dagrun for dataset_s3_bucket_producer to None, run_after=None
[2024-11-18T20:43:42.162+0500] {processor.py:208} INFO - Processing /home/AtlasRise/airflow/airflow_env/lib/python3.12/site-packages/airflow/example_dags/example_dataset_alias.py took 0.173 seconds
[2024-11-18T20:44:47.368+0500] {processor.py:186} INFO - Started process (PID=19313) to work on /home/AtlasRise/airflow/airflow_env/lib/python3.12/site-packages/airflow/example_dags/example_dataset_alias.py
[2024-11-18T20:44:47.371+0500] {processor.py:914} INFO - Processing file /home/AtlasRise/airflow/airflow_env/lib/python3.12/site-packages/airflow/example_dags/example_dataset_alias.py for tasks to queue
[2024-11-18T20:44:47.374+0500] {logging_mixin.py:190} INFO - [2024-11-18T20:44:47.373+0500] {dagbag.py:588} INFO - Filling up the DagBag from /home/AtlasRise/airflow/airflow_env/lib/python3.12/site-packages/airflow/example_dags/example_dataset_alias.py
[2024-11-18T20:44:47.418+0500] {processor.py:925} INFO - DAG(s) 'dataset_alias_example_alias_producer', 'dataset_alias_example_alias_consumer', 'dataset_s3_bucket_producer', 'dataset_s3_bucket_consumer' retrieved from /home/AtlasRise/airflow/airflow_env/lib/python3.12/site-packages/airflow/example_dags/example_dataset_alias.py
[2024-11-18T20:44:47.461+0500] {logging_mixin.py:190} INFO - [2024-11-18T20:44:47.461+0500] {dag.py:3239} INFO - Sync 4 DAGs
[2024-11-18T20:44:47.500+0500] {logging_mixin.py:190} INFO - [2024-11-18T20:44:47.500+0500] {dag.py:4180} INFO - Setting next_dagrun for dataset_alias_example_alias_consumer to None, run_after=None
[2024-11-18T20:44:47.506+0500] {logging_mixin.py:190} INFO - [2024-11-18T20:44:47.506+0500] {dag.py:4180} INFO - Setting next_dagrun for dataset_alias_example_alias_producer to None, run_after=None
[2024-11-18T20:44:47.508+0500] {logging_mixin.py:190} INFO - [2024-11-18T20:44:47.508+0500] {dag.py:4180} INFO - Setting next_dagrun for dataset_s3_bucket_consumer to None, run_after=None
[2024-11-18T20:44:47.510+0500] {logging_mixin.py:190} INFO - [2024-11-18T20:44:47.510+0500] {dag.py:4180} INFO - Setting next_dagrun for dataset_s3_bucket_producer to None, run_after=None
[2024-11-18T20:44:47.571+0500] {processor.py:208} INFO - Processing /home/AtlasRise/airflow/airflow_env/lib/python3.12/site-packages/airflow/example_dags/example_dataset_alias.py took 0.212 seconds
[2024-11-18T20:46:00.082+0500] {processor.py:186} INFO - Started process (PID=19504) to work on /home/AtlasRise/airflow/airflow_env/lib/python3.12/site-packages/airflow/example_dags/example_dataset_alias.py
[2024-11-18T20:46:00.089+0500] {processor.py:914} INFO - Processing file /home/AtlasRise/airflow/airflow_env/lib/python3.12/site-packages/airflow/example_dags/example_dataset_alias.py for tasks to queue
[2024-11-18T20:46:00.100+0500] {logging_mixin.py:190} INFO - [2024-11-18T20:46:00.099+0500] {dagbag.py:588} INFO - Filling up the DagBag from /home/AtlasRise/airflow/airflow_env/lib/python3.12/site-packages/airflow/example_dags/example_dataset_alias.py
[2024-11-18T20:46:00.568+0500] {processor.py:925} INFO - DAG(s) 'dataset_alias_example_alias_producer', 'dataset_s3_bucket_producer', 'dataset_s3_bucket_consumer', 'dataset_alias_example_alias_consumer' retrieved from /home/AtlasRise/airflow/airflow_env/lib/python3.12/site-packages/airflow/example_dags/example_dataset_alias.py
[2024-11-18T20:46:00.611+0500] {logging_mixin.py:190} INFO - [2024-11-18T20:46:00.611+0500] {dag.py:3239} INFO - Sync 4 DAGs
[2024-11-18T20:46:00.650+0500] {logging_mixin.py:190} INFO - [2024-11-18T20:46:00.650+0500] {dag.py:4180} INFO - Setting next_dagrun for dataset_alias_example_alias_consumer to None, run_after=None
[2024-11-18T20:46:00.655+0500] {logging_mixin.py:190} INFO - [2024-11-18T20:46:00.655+0500] {dag.py:4180} INFO - Setting next_dagrun for dataset_alias_example_alias_producer to None, run_after=None
[2024-11-18T20:46:00.659+0500] {logging_mixin.py:190} INFO - [2024-11-18T20:46:00.659+0500] {dag.py:4180} INFO - Setting next_dagrun for dataset_s3_bucket_consumer to None, run_after=None
[2024-11-18T20:46:00.661+0500] {logging_mixin.py:190} INFO - [2024-11-18T20:46:00.661+0500] {dag.py:4180} INFO - Setting next_dagrun for dataset_s3_bucket_producer to None, run_after=None
[2024-11-18T20:46:00.765+0500] {processor.py:208} INFO - Processing /home/AtlasRise/airflow/airflow_env/lib/python3.12/site-packages/airflow/example_dags/example_dataset_alias.py took 0.716 seconds
[2024-11-18T20:47:15.600+0500] {processor.py:186} INFO - Started process (PID=19609) to work on /home/AtlasRise/airflow/airflow_env/lib/python3.12/site-packages/airflow/example_dags/example_dataset_alias.py
[2024-11-18T20:47:15.601+0500] {processor.py:914} INFO - Processing file /home/AtlasRise/airflow/airflow_env/lib/python3.12/site-packages/airflow/example_dags/example_dataset_alias.py for tasks to queue
[2024-11-18T20:47:15.604+0500] {logging_mixin.py:190} INFO - [2024-11-18T20:47:15.604+0500] {dagbag.py:588} INFO - Filling up the DagBag from /home/AtlasRise/airflow/airflow_env/lib/python3.12/site-packages/airflow/example_dags/example_dataset_alias.py
[2024-11-18T20:47:15.643+0500] {processor.py:925} INFO - DAG(s) 'dataset_s3_bucket_producer', 'dataset_s3_bucket_consumer', 'dataset_alias_example_alias_consumer', 'dataset_alias_example_alias_producer' retrieved from /home/AtlasRise/airflow/airflow_env/lib/python3.12/site-packages/airflow/example_dags/example_dataset_alias.py
[2024-11-18T20:47:15.678+0500] {logging_mixin.py:190} INFO - [2024-11-18T20:47:15.677+0500] {dag.py:3239} INFO - Sync 4 DAGs
[2024-11-18T20:47:15.713+0500] {logging_mixin.py:190} INFO - [2024-11-18T20:47:15.713+0500] {dag.py:4180} INFO - Setting next_dagrun for dataset_alias_example_alias_consumer to None, run_after=None
[2024-11-18T20:47:15.718+0500] {logging_mixin.py:190} INFO - [2024-11-18T20:47:15.717+0500] {dag.py:4180} INFO - Setting next_dagrun for dataset_alias_example_alias_producer to None, run_after=None
[2024-11-18T20:47:15.720+0500] {logging_mixin.py:190} INFO - [2024-11-18T20:47:15.720+0500] {dag.py:4180} INFO - Setting next_dagrun for dataset_s3_bucket_consumer to None, run_after=None
[2024-11-18T20:47:15.721+0500] {logging_mixin.py:190} INFO - [2024-11-18T20:47:15.721+0500] {dag.py:4180} INFO - Setting next_dagrun for dataset_s3_bucket_producer to None, run_after=None
[2024-11-18T20:47:15.756+0500] {processor.py:208} INFO - Processing /home/AtlasRise/airflow/airflow_env/lib/python3.12/site-packages/airflow/example_dags/example_dataset_alias.py took 0.165 seconds
[2024-11-18T20:48:22.094+0500] {processor.py:186} INFO - Started process (PID=19760) to work on /home/AtlasRise/airflow/airflow_env/lib/python3.12/site-packages/airflow/example_dags/example_dataset_alias.py
[2024-11-18T20:48:22.097+0500] {processor.py:914} INFO - Processing file /home/AtlasRise/airflow/airflow_env/lib/python3.12/site-packages/airflow/example_dags/example_dataset_alias.py for tasks to queue
[2024-11-18T20:48:22.100+0500] {logging_mixin.py:190} INFO - [2024-11-18T20:48:22.099+0500] {dagbag.py:588} INFO - Filling up the DagBag from /home/AtlasRise/airflow/airflow_env/lib/python3.12/site-packages/airflow/example_dags/example_dataset_alias.py
[2024-11-18T20:48:22.136+0500] {processor.py:925} INFO - DAG(s) 'dataset_s3_bucket_consumer', 'dataset_alias_example_alias_consumer', 'dataset_alias_example_alias_producer', 'dataset_s3_bucket_producer' retrieved from /home/AtlasRise/airflow/airflow_env/lib/python3.12/site-packages/airflow/example_dags/example_dataset_alias.py
[2024-11-18T20:48:22.168+0500] {logging_mixin.py:190} INFO - [2024-11-18T20:48:22.168+0500] {dag.py:3239} INFO - Sync 4 DAGs
[2024-11-18T20:48:22.202+0500] {logging_mixin.py:190} INFO - [2024-11-18T20:48:22.201+0500] {dag.py:4180} INFO - Setting next_dagrun for dataset_alias_example_alias_consumer to None, run_after=None
[2024-11-18T20:48:22.205+0500] {logging_mixin.py:190} INFO - [2024-11-18T20:48:22.205+0500] {dag.py:4180} INFO - Setting next_dagrun for dataset_alias_example_alias_producer to None, run_after=None
[2024-11-18T20:48:22.207+0500] {logging_mixin.py:190} INFO - [2024-11-18T20:48:22.206+0500] {dag.py:4180} INFO - Setting next_dagrun for dataset_s3_bucket_consumer to None, run_after=None
[2024-11-18T20:48:22.208+0500] {logging_mixin.py:190} INFO - [2024-11-18T20:48:22.208+0500] {dag.py:4180} INFO - Setting next_dagrun for dataset_s3_bucket_producer to None, run_after=None
[2024-11-18T20:48:22.245+0500] {processor.py:208} INFO - Processing /home/AtlasRise/airflow/airflow_env/lib/python3.12/site-packages/airflow/example_dags/example_dataset_alias.py took 0.159 seconds
[2024-11-18T20:49:30.581+0500] {processor.py:186} INFO - Started process (PID=19847) to work on /home/AtlasRise/airflow/airflow_env/lib/python3.12/site-packages/airflow/example_dags/example_dataset_alias.py
[2024-11-18T20:49:30.583+0500] {processor.py:914} INFO - Processing file /home/AtlasRise/airflow/airflow_env/lib/python3.12/site-packages/airflow/example_dags/example_dataset_alias.py for tasks to queue
[2024-11-18T20:49:30.586+0500] {logging_mixin.py:190} INFO - [2024-11-18T20:49:30.585+0500] {dagbag.py:588} INFO - Filling up the DagBag from /home/AtlasRise/airflow/airflow_env/lib/python3.12/site-packages/airflow/example_dags/example_dataset_alias.py
[2024-11-18T20:49:30.622+0500] {processor.py:925} INFO - DAG(s) 'dataset_s3_bucket_producer', 'dataset_alias_example_alias_producer', 'dataset_s3_bucket_consumer', 'dataset_alias_example_alias_consumer' retrieved from /home/AtlasRise/airflow/airflow_env/lib/python3.12/site-packages/airflow/example_dags/example_dataset_alias.py
[2024-11-18T20:49:30.655+0500] {logging_mixin.py:190} INFO - [2024-11-18T20:49:30.655+0500] {dag.py:3239} INFO - Sync 4 DAGs
[2024-11-18T20:49:30.688+0500] {logging_mixin.py:190} INFO - [2024-11-18T20:49:30.688+0500] {dag.py:4180} INFO - Setting next_dagrun for dataset_alias_example_alias_consumer to None, run_after=None
[2024-11-18T20:49:30.692+0500] {logging_mixin.py:190} INFO - [2024-11-18T20:49:30.692+0500] {dag.py:4180} INFO - Setting next_dagrun for dataset_alias_example_alias_producer to None, run_after=None
[2024-11-18T20:49:30.694+0500] {logging_mixin.py:190} INFO - [2024-11-18T20:49:30.693+0500] {dag.py:4180} INFO - Setting next_dagrun for dataset_s3_bucket_consumer to None, run_after=None
[2024-11-18T20:49:30.695+0500] {logging_mixin.py:190} INFO - [2024-11-18T20:49:30.695+0500] {dag.py:4180} INFO - Setting next_dagrun for dataset_s3_bucket_producer to None, run_after=None
[2024-11-18T20:49:30.734+0500] {processor.py:208} INFO - Processing /home/AtlasRise/airflow/airflow_env/lib/python3.12/site-packages/airflow/example_dags/example_dataset_alias.py took 0.162 seconds
[2024-11-18T20:50:39.229+0500] {processor.py:186} INFO - Started process (PID=19921) to work on /home/AtlasRise/airflow/airflow_env/lib/python3.12/site-packages/airflow/example_dags/example_dataset_alias.py
[2024-11-18T20:50:39.230+0500] {processor.py:914} INFO - Processing file /home/AtlasRise/airflow/airflow_env/lib/python3.12/site-packages/airflow/example_dags/example_dataset_alias.py for tasks to queue
[2024-11-18T20:50:39.233+0500] {logging_mixin.py:190} INFO - [2024-11-18T20:50:39.233+0500] {dagbag.py:588} INFO - Filling up the DagBag from /home/AtlasRise/airflow/airflow_env/lib/python3.12/site-packages/airflow/example_dags/example_dataset_alias.py
[2024-11-18T20:50:39.270+0500] {processor.py:925} INFO - DAG(s) 'dataset_s3_bucket_consumer', 'dataset_s3_bucket_producer', 'dataset_alias_example_alias_producer', 'dataset_alias_example_alias_consumer' retrieved from /home/AtlasRise/airflow/airflow_env/lib/python3.12/site-packages/airflow/example_dags/example_dataset_alias.py
[2024-11-18T20:50:39.303+0500] {logging_mixin.py:190} INFO - [2024-11-18T20:50:39.303+0500] {dag.py:3239} INFO - Sync 4 DAGs
[2024-11-18T20:50:39.336+0500] {logging_mixin.py:190} INFO - [2024-11-18T20:50:39.335+0500] {dag.py:4180} INFO - Setting next_dagrun for dataset_alias_example_alias_consumer to None, run_after=None
[2024-11-18T20:50:39.339+0500] {logging_mixin.py:190} INFO - [2024-11-18T20:50:39.339+0500] {dag.py:4180} INFO - Setting next_dagrun for dataset_alias_example_alias_producer to None, run_after=None
[2024-11-18T20:50:39.341+0500] {logging_mixin.py:190} INFO - [2024-11-18T20:50:39.341+0500] {dag.py:4180} INFO - Setting next_dagrun for dataset_s3_bucket_consumer to None, run_after=None
[2024-11-18T20:50:39.342+0500] {logging_mixin.py:190} INFO - [2024-11-18T20:50:39.342+0500] {dag.py:4180} INFO - Setting next_dagrun for dataset_s3_bucket_producer to None, run_after=None
[2024-11-18T20:50:39.377+0500] {processor.py:208} INFO - Processing /home/AtlasRise/airflow/airflow_env/lib/python3.12/site-packages/airflow/example_dags/example_dataset_alias.py took 0.156 seconds
[2024-11-18T20:51:50.432+0500] {processor.py:186} INFO - Started process (PID=20006) to work on /home/AtlasRise/airflow/airflow_env/lib/python3.12/site-packages/airflow/example_dags/example_dataset_alias.py
[2024-11-18T20:51:50.434+0500] {processor.py:914} INFO - Processing file /home/AtlasRise/airflow/airflow_env/lib/python3.12/site-packages/airflow/example_dags/example_dataset_alias.py for tasks to queue
[2024-11-18T20:51:50.437+0500] {logging_mixin.py:190} INFO - [2024-11-18T20:51:50.436+0500] {dagbag.py:588} INFO - Filling up the DagBag from /home/AtlasRise/airflow/airflow_env/lib/python3.12/site-packages/airflow/example_dags/example_dataset_alias.py
[2024-11-18T20:51:50.473+0500] {processor.py:925} INFO - DAG(s) 'dataset_alias_example_alias_consumer', 'dataset_alias_example_alias_producer', 'dataset_s3_bucket_producer', 'dataset_s3_bucket_consumer' retrieved from /home/AtlasRise/airflow/airflow_env/lib/python3.12/site-packages/airflow/example_dags/example_dataset_alias.py
[2024-11-18T20:51:50.508+0500] {logging_mixin.py:190} INFO - [2024-11-18T20:51:50.508+0500] {dag.py:3239} INFO - Sync 4 DAGs
[2024-11-18T20:51:50.540+0500] {logging_mixin.py:190} INFO - [2024-11-18T20:51:50.540+0500] {dag.py:4180} INFO - Setting next_dagrun for dataset_alias_example_alias_consumer to None, run_after=None
[2024-11-18T20:51:50.544+0500] {logging_mixin.py:190} INFO - [2024-11-18T20:51:50.544+0500] {dag.py:4180} INFO - Setting next_dagrun for dataset_alias_example_alias_producer to None, run_after=None
[2024-11-18T20:51:50.545+0500] {logging_mixin.py:190} INFO - [2024-11-18T20:51:50.545+0500] {dag.py:4180} INFO - Setting next_dagrun for dataset_s3_bucket_consumer to None, run_after=None
[2024-11-18T20:51:50.547+0500] {logging_mixin.py:190} INFO - [2024-11-18T20:51:50.547+0500] {dag.py:4180} INFO - Setting next_dagrun for dataset_s3_bucket_producer to None, run_after=None
[2024-11-18T20:51:50.582+0500] {processor.py:208} INFO - Processing /home/AtlasRise/airflow/airflow_env/lib/python3.12/site-packages/airflow/example_dags/example_dataset_alias.py took 0.159 seconds
[2024-11-18T20:52:57.123+0500] {processor.py:186} INFO - Started process (PID=20079) to work on /home/AtlasRise/airflow/airflow_env/lib/python3.12/site-packages/airflow/example_dags/example_dataset_alias.py
[2024-11-18T20:52:57.124+0500] {processor.py:914} INFO - Processing file /home/AtlasRise/airflow/airflow_env/lib/python3.12/site-packages/airflow/example_dags/example_dataset_alias.py for tasks to queue
[2024-11-18T20:52:57.127+0500] {logging_mixin.py:190} INFO - [2024-11-18T20:52:57.126+0500] {dagbag.py:588} INFO - Filling up the DagBag from /home/AtlasRise/airflow/airflow_env/lib/python3.12/site-packages/airflow/example_dags/example_dataset_alias.py
[2024-11-18T20:52:57.163+0500] {processor.py:925} INFO - DAG(s) 'dataset_s3_bucket_consumer', 'dataset_alias_example_alias_consumer', 'dataset_alias_example_alias_producer', 'dataset_s3_bucket_producer' retrieved from /home/AtlasRise/airflow/airflow_env/lib/python3.12/site-packages/airflow/example_dags/example_dataset_alias.py
[2024-11-18T20:52:57.196+0500] {logging_mixin.py:190} INFO - [2024-11-18T20:52:57.195+0500] {dag.py:3239} INFO - Sync 4 DAGs
[2024-11-18T20:52:57.230+0500] {logging_mixin.py:190} INFO - [2024-11-18T20:52:57.229+0500] {dag.py:4180} INFO - Setting next_dagrun for dataset_alias_example_alias_consumer to None, run_after=None
[2024-11-18T20:52:57.233+0500] {logging_mixin.py:190} INFO - [2024-11-18T20:52:57.233+0500] {dag.py:4180} INFO - Setting next_dagrun for dataset_alias_example_alias_producer to None, run_after=None
[2024-11-18T20:52:57.234+0500] {logging_mixin.py:190} INFO - [2024-11-18T20:52:57.234+0500] {dag.py:4180} INFO - Setting next_dagrun for dataset_s3_bucket_consumer to None, run_after=None
[2024-11-18T20:52:57.236+0500] {logging_mixin.py:190} INFO - [2024-11-18T20:52:57.236+0500] {dag.py:4180} INFO - Setting next_dagrun for dataset_s3_bucket_producer to None, run_after=None
[2024-11-18T20:52:57.271+0500] {processor.py:208} INFO - Processing /home/AtlasRise/airflow/airflow_env/lib/python3.12/site-packages/airflow/example_dags/example_dataset_alias.py took 0.157 seconds
[2024-11-18T20:54:08.761+0500] {processor.py:186} INFO - Started process (PID=20165) to work on /home/AtlasRise/airflow/airflow_env/lib/python3.12/site-packages/airflow/example_dags/example_dataset_alias.py
[2024-11-18T20:54:08.763+0500] {processor.py:914} INFO - Processing file /home/AtlasRise/airflow/airflow_env/lib/python3.12/site-packages/airflow/example_dags/example_dataset_alias.py for tasks to queue
[2024-11-18T20:54:08.770+0500] {logging_mixin.py:190} INFO - [2024-11-18T20:54:08.769+0500] {dagbag.py:588} INFO - Filling up the DagBag from /home/AtlasRise/airflow/airflow_env/lib/python3.12/site-packages/airflow/example_dags/example_dataset_alias.py
[2024-11-18T20:54:08.812+0500] {processor.py:925} INFO - DAG(s) 'dataset_alias_example_alias_consumer', 'dataset_alias_example_alias_producer', 'dataset_s3_bucket_producer', 'dataset_s3_bucket_consumer' retrieved from /home/AtlasRise/airflow/airflow_env/lib/python3.12/site-packages/airflow/example_dags/example_dataset_alias.py
[2024-11-18T20:54:08.854+0500] {logging_mixin.py:190} INFO - [2024-11-18T20:54:08.853+0500] {dag.py:3239} INFO - Sync 4 DAGs
[2024-11-18T20:54:08.918+0500] {logging_mixin.py:190} INFO - [2024-11-18T20:54:08.918+0500] {dag.py:4180} INFO - Setting next_dagrun for dataset_alias_example_alias_consumer to None, run_after=None
[2024-11-18T20:54:08.922+0500] {logging_mixin.py:190} INFO - [2024-11-18T20:54:08.922+0500] {dag.py:4180} INFO - Setting next_dagrun for dataset_alias_example_alias_producer to None, run_after=None
[2024-11-18T20:54:08.924+0500] {logging_mixin.py:190} INFO - [2024-11-18T20:54:08.924+0500] {dag.py:4180} INFO - Setting next_dagrun for dataset_s3_bucket_consumer to None, run_after=None
[2024-11-18T20:54:08.927+0500] {logging_mixin.py:190} INFO - [2024-11-18T20:54:08.926+0500] {dag.py:4180} INFO - Setting next_dagrun for dataset_s3_bucket_producer to None, run_after=None
[2024-11-18T20:54:08.969+0500] {processor.py:208} INFO - Processing /home/AtlasRise/airflow/airflow_env/lib/python3.12/site-packages/airflow/example_dags/example_dataset_alias.py took 0.230 seconds
[2024-11-18T20:55:34.746+0500] {processor.py:186} INFO - Started process (PID=20255) to work on /home/AtlasRise/airflow/airflow_env/lib/python3.12/site-packages/airflow/example_dags/example_dataset_alias.py
[2024-11-18T20:55:34.749+0500] {processor.py:914} INFO - Processing file /home/AtlasRise/airflow/airflow_env/lib/python3.12/site-packages/airflow/example_dags/example_dataset_alias.py for tasks to queue
[2024-11-18T20:55:34.753+0500] {logging_mixin.py:190} INFO - [2024-11-18T20:55:34.752+0500] {dagbag.py:588} INFO - Filling up the DagBag from /home/AtlasRise/airflow/airflow_env/lib/python3.12/site-packages/airflow/example_dags/example_dataset_alias.py
[2024-11-18T20:55:34.789+0500] {processor.py:925} INFO - DAG(s) 'dataset_s3_bucket_consumer', 'dataset_alias_example_alias_producer', 'dataset_alias_example_alias_consumer', 'dataset_s3_bucket_producer' retrieved from /home/AtlasRise/airflow/airflow_env/lib/python3.12/site-packages/airflow/example_dags/example_dataset_alias.py
[2024-11-18T20:55:34.824+0500] {logging_mixin.py:190} INFO - [2024-11-18T20:55:34.823+0500] {dag.py:3239} INFO - Sync 4 DAGs
[2024-11-18T20:55:34.858+0500] {logging_mixin.py:190} INFO - [2024-11-18T20:55:34.858+0500] {dag.py:4180} INFO - Setting next_dagrun for dataset_alias_example_alias_consumer to None, run_after=None
[2024-11-18T20:55:34.862+0500] {logging_mixin.py:190} INFO - [2024-11-18T20:55:34.861+0500] {dag.py:4180} INFO - Setting next_dagrun for dataset_alias_example_alias_producer to None, run_after=None
[2024-11-18T20:55:34.863+0500] {logging_mixin.py:190} INFO - [2024-11-18T20:55:34.863+0500] {dag.py:4180} INFO - Setting next_dagrun for dataset_s3_bucket_consumer to None, run_after=None
[2024-11-18T20:55:34.865+0500] {logging_mixin.py:190} INFO - [2024-11-18T20:55:34.865+0500] {dag.py:4180} INFO - Setting next_dagrun for dataset_s3_bucket_producer to None, run_after=None
[2024-11-18T20:55:34.902+0500] {processor.py:208} INFO - Processing /home/AtlasRise/airflow/airflow_env/lib/python3.12/site-packages/airflow/example_dags/example_dataset_alias.py took 0.164 seconds
[2024-11-18T20:56:50.596+0500] {processor.py:186} INFO - Started process (PID=20346) to work on /home/AtlasRise/airflow/airflow_env/lib/python3.12/site-packages/airflow/example_dags/example_dataset_alias.py
[2024-11-18T20:56:50.598+0500] {processor.py:914} INFO - Processing file /home/AtlasRise/airflow/airflow_env/lib/python3.12/site-packages/airflow/example_dags/example_dataset_alias.py for tasks to queue
[2024-11-18T20:56:50.601+0500] {logging_mixin.py:190} INFO - [2024-11-18T20:56:50.600+0500] {dagbag.py:588} INFO - Filling up the DagBag from /home/AtlasRise/airflow/airflow_env/lib/python3.12/site-packages/airflow/example_dags/example_dataset_alias.py
[2024-11-18T20:56:50.636+0500] {processor.py:925} INFO - DAG(s) 'dataset_s3_bucket_consumer', 'dataset_alias_example_alias_producer', 'dataset_s3_bucket_producer', 'dataset_alias_example_alias_consumer' retrieved from /home/AtlasRise/airflow/airflow_env/lib/python3.12/site-packages/airflow/example_dags/example_dataset_alias.py
[2024-11-18T20:56:50.670+0500] {logging_mixin.py:190} INFO - [2024-11-18T20:56:50.670+0500] {dag.py:3239} INFO - Sync 4 DAGs
[2024-11-18T20:56:50.704+0500] {logging_mixin.py:190} INFO - [2024-11-18T20:56:50.704+0500] {dag.py:4180} INFO - Setting next_dagrun for dataset_alias_example_alias_consumer to None, run_after=None
[2024-11-18T20:56:50.708+0500] {logging_mixin.py:190} INFO - [2024-11-18T20:56:50.707+0500] {dag.py:4180} INFO - Setting next_dagrun for dataset_alias_example_alias_producer to None, run_after=None
[2024-11-18T20:56:50.709+0500] {logging_mixin.py:190} INFO - [2024-11-18T20:56:50.709+0500] {dag.py:4180} INFO - Setting next_dagrun for dataset_s3_bucket_consumer to None, run_after=None
[2024-11-18T20:56:50.710+0500] {logging_mixin.py:190} INFO - [2024-11-18T20:56:50.710+0500] {dag.py:4180} INFO - Setting next_dagrun for dataset_s3_bucket_producer to None, run_after=None
[2024-11-18T20:56:50.745+0500] {processor.py:208} INFO - Processing /home/AtlasRise/airflow/airflow_env/lib/python3.12/site-packages/airflow/example_dags/example_dataset_alias.py took 0.157 seconds
[2024-11-18T20:58:03.729+0500] {processor.py:186} INFO - Started process (PID=20423) to work on /home/AtlasRise/airflow/airflow_env/lib/python3.12/site-packages/airflow/example_dags/example_dataset_alias.py
[2024-11-18T20:58:03.731+0500] {processor.py:914} INFO - Processing file /home/AtlasRise/airflow/airflow_env/lib/python3.12/site-packages/airflow/example_dags/example_dataset_alias.py for tasks to queue
[2024-11-18T20:58:03.734+0500] {logging_mixin.py:190} INFO - [2024-11-18T20:58:03.733+0500] {dagbag.py:588} INFO - Filling up the DagBag from /home/AtlasRise/airflow/airflow_env/lib/python3.12/site-packages/airflow/example_dags/example_dataset_alias.py
[2024-11-18T20:58:03.769+0500] {processor.py:925} INFO - DAG(s) 'dataset_alias_example_alias_producer', 'dataset_s3_bucket_consumer', 'dataset_s3_bucket_producer', 'dataset_alias_example_alias_consumer' retrieved from /home/AtlasRise/airflow/airflow_env/lib/python3.12/site-packages/airflow/example_dags/example_dataset_alias.py
[2024-11-18T20:58:03.801+0500] {logging_mixin.py:190} INFO - [2024-11-18T20:58:03.800+0500] {dag.py:3239} INFO - Sync 4 DAGs
[2024-11-18T20:58:03.833+0500] {logging_mixin.py:190} INFO - [2024-11-18T20:58:03.833+0500] {dag.py:4180} INFO - Setting next_dagrun for dataset_alias_example_alias_consumer to None, run_after=None
[2024-11-18T20:58:03.837+0500] {logging_mixin.py:190} INFO - [2024-11-18T20:58:03.837+0500] {dag.py:4180} INFO - Setting next_dagrun for dataset_alias_example_alias_producer to None, run_after=None
[2024-11-18T20:58:03.838+0500] {logging_mixin.py:190} INFO - [2024-11-18T20:58:03.838+0500] {dag.py:4180} INFO - Setting next_dagrun for dataset_s3_bucket_consumer to None, run_after=None
[2024-11-18T20:58:03.840+0500] {logging_mixin.py:190} INFO - [2024-11-18T20:58:03.839+0500] {dag.py:4180} INFO - Setting next_dagrun for dataset_s3_bucket_producer to None, run_after=None
[2024-11-18T20:58:03.874+0500] {processor.py:208} INFO - Processing /home/AtlasRise/airflow/airflow_env/lib/python3.12/site-packages/airflow/example_dags/example_dataset_alias.py took 0.153 seconds
[2024-11-18T20:59:11.381+0500] {processor.py:186} INFO - Started process (PID=20505) to work on /home/AtlasRise/airflow/airflow_env/lib/python3.12/site-packages/airflow/example_dags/example_dataset_alias.py
[2024-11-18T20:59:11.383+0500] {processor.py:914} INFO - Processing file /home/AtlasRise/airflow/airflow_env/lib/python3.12/site-packages/airflow/example_dags/example_dataset_alias.py for tasks to queue
[2024-11-18T20:59:11.386+0500] {logging_mixin.py:190} INFO - [2024-11-18T20:59:11.386+0500] {dagbag.py:588} INFO - Filling up the DagBag from /home/AtlasRise/airflow/airflow_env/lib/python3.12/site-packages/airflow/example_dags/example_dataset_alias.py
[2024-11-18T20:59:11.422+0500] {processor.py:925} INFO - DAG(s) 'dataset_alias_example_alias_consumer', 'dataset_s3_bucket_producer', 'dataset_s3_bucket_consumer', 'dataset_alias_example_alias_producer' retrieved from /home/AtlasRise/airflow/airflow_env/lib/python3.12/site-packages/airflow/example_dags/example_dataset_alias.py
[2024-11-18T20:59:11.453+0500] {logging_mixin.py:190} INFO - [2024-11-18T20:59:11.453+0500] {dag.py:3239} INFO - Sync 4 DAGs
[2024-11-18T20:59:11.487+0500] {logging_mixin.py:190} INFO - [2024-11-18T20:59:11.486+0500] {dag.py:4180} INFO - Setting next_dagrun for dataset_alias_example_alias_consumer to None, run_after=None
[2024-11-18T20:59:11.490+0500] {logging_mixin.py:190} INFO - [2024-11-18T20:59:11.490+0500] {dag.py:4180} INFO - Setting next_dagrun for dataset_alias_example_alias_producer to None, run_after=None
[2024-11-18T20:59:11.491+0500] {logging_mixin.py:190} INFO - [2024-11-18T20:59:11.491+0500] {dag.py:4180} INFO - Setting next_dagrun for dataset_s3_bucket_consumer to None, run_after=None
[2024-11-18T20:59:11.493+0500] {logging_mixin.py:190} INFO - [2024-11-18T20:59:11.493+0500] {dag.py:4180} INFO - Setting next_dagrun for dataset_s3_bucket_producer to None, run_after=None
[2024-11-18T20:59:11.528+0500] {processor.py:208} INFO - Processing /home/AtlasRise/airflow/airflow_env/lib/python3.12/site-packages/airflow/example_dags/example_dataset_alias.py took 0.156 seconds
[2024-11-18T21:00:26.857+0500] {processor.py:186} INFO - Started process (PID=20588) to work on /home/AtlasRise/airflow/airflow_env/lib/python3.12/site-packages/airflow/example_dags/example_dataset_alias.py
[2024-11-18T21:00:26.860+0500] {processor.py:914} INFO - Processing file /home/AtlasRise/airflow/airflow_env/lib/python3.12/site-packages/airflow/example_dags/example_dataset_alias.py for tasks to queue
[2024-11-18T21:00:26.864+0500] {logging_mixin.py:190} INFO - [2024-11-18T21:00:26.863+0500] {dagbag.py:588} INFO - Filling up the DagBag from /home/AtlasRise/airflow/airflow_env/lib/python3.12/site-packages/airflow/example_dags/example_dataset_alias.py
[2024-11-18T21:00:26.900+0500] {processor.py:925} INFO - DAG(s) 'dataset_s3_bucket_consumer', 'dataset_alias_example_alias_producer', 'dataset_s3_bucket_producer', 'dataset_alias_example_alias_consumer' retrieved from /home/AtlasRise/airflow/airflow_env/lib/python3.12/site-packages/airflow/example_dags/example_dataset_alias.py
[2024-11-18T21:00:26.933+0500] {logging_mixin.py:190} INFO - [2024-11-18T21:00:26.932+0500] {dag.py:3239} INFO - Sync 4 DAGs
[2024-11-18T21:00:26.966+0500] {logging_mixin.py:190} INFO - [2024-11-18T21:00:26.966+0500] {dag.py:4180} INFO - Setting next_dagrun for dataset_alias_example_alias_consumer to None, run_after=None
[2024-11-18T21:00:26.970+0500] {logging_mixin.py:190} INFO - [2024-11-18T21:00:26.969+0500] {dag.py:4180} INFO - Setting next_dagrun for dataset_alias_example_alias_producer to None, run_after=None
[2024-11-18T21:00:26.971+0500] {logging_mixin.py:190} INFO - [2024-11-18T21:00:26.971+0500] {dag.py:4180} INFO - Setting next_dagrun for dataset_s3_bucket_consumer to None, run_after=None
[2024-11-18T21:00:26.972+0500] {logging_mixin.py:190} INFO - [2024-11-18T21:00:26.972+0500] {dag.py:4180} INFO - Setting next_dagrun for dataset_s3_bucket_producer to None, run_after=None
[2024-11-18T21:00:27.009+0500] {processor.py:208} INFO - Processing /home/AtlasRise/airflow/airflow_env/lib/python3.12/site-packages/airflow/example_dags/example_dataset_alias.py took 0.160 seconds
[2024-11-18T21:01:32.365+0500] {processor.py:186} INFO - Started process (PID=20669) to work on /home/AtlasRise/airflow/airflow_env/lib/python3.12/site-packages/airflow/example_dags/example_dataset_alias.py
[2024-11-18T21:01:32.367+0500] {processor.py:914} INFO - Processing file /home/AtlasRise/airflow/airflow_env/lib/python3.12/site-packages/airflow/example_dags/example_dataset_alias.py for tasks to queue
[2024-11-18T21:01:32.370+0500] {logging_mixin.py:190} INFO - [2024-11-18T21:01:32.369+0500] {dagbag.py:588} INFO - Filling up the DagBag from /home/AtlasRise/airflow/airflow_env/lib/python3.12/site-packages/airflow/example_dags/example_dataset_alias.py
[2024-11-18T21:01:32.407+0500] {processor.py:925} INFO - DAG(s) 'dataset_alias_example_alias_producer', 'dataset_s3_bucket_producer', 'dataset_alias_example_alias_consumer', 'dataset_s3_bucket_consumer' retrieved from /home/AtlasRise/airflow/airflow_env/lib/python3.12/site-packages/airflow/example_dags/example_dataset_alias.py
[2024-11-18T21:01:32.441+0500] {logging_mixin.py:190} INFO - [2024-11-18T21:01:32.441+0500] {dag.py:3239} INFO - Sync 4 DAGs
[2024-11-18T21:01:32.476+0500] {logging_mixin.py:190} INFO - [2024-11-18T21:01:32.475+0500] {dag.py:4180} INFO - Setting next_dagrun for dataset_alias_example_alias_consumer to None, run_after=None
[2024-11-18T21:01:32.479+0500] {logging_mixin.py:190} INFO - [2024-11-18T21:01:32.479+0500] {dag.py:4180} INFO - Setting next_dagrun for dataset_alias_example_alias_producer to None, run_after=None
[2024-11-18T21:01:32.480+0500] {logging_mixin.py:190} INFO - [2024-11-18T21:01:32.480+0500] {dag.py:4180} INFO - Setting next_dagrun for dataset_s3_bucket_consumer to None, run_after=None
[2024-11-18T21:01:32.482+0500] {logging_mixin.py:190} INFO - [2024-11-18T21:01:32.482+0500] {dag.py:4180} INFO - Setting next_dagrun for dataset_s3_bucket_producer to None, run_after=None
[2024-11-18T21:01:32.519+0500] {processor.py:208} INFO - Processing /home/AtlasRise/airflow/airflow_env/lib/python3.12/site-packages/airflow/example_dags/example_dataset_alias.py took 0.163 seconds
[2024-11-18T21:02:45.039+0500] {processor.py:186} INFO - Started process (PID=20741) to work on /home/AtlasRise/airflow/airflow_env/lib/python3.12/site-packages/airflow/example_dags/example_dataset_alias.py
[2024-11-18T21:02:45.042+0500] {processor.py:914} INFO - Processing file /home/AtlasRise/airflow/airflow_env/lib/python3.12/site-packages/airflow/example_dags/example_dataset_alias.py for tasks to queue
[2024-11-18T21:02:45.045+0500] {logging_mixin.py:190} INFO - [2024-11-18T21:02:45.044+0500] {dagbag.py:588} INFO - Filling up the DagBag from /home/AtlasRise/airflow/airflow_env/lib/python3.12/site-packages/airflow/example_dags/example_dataset_alias.py
[2024-11-18T21:02:45.081+0500] {processor.py:925} INFO - DAG(s) 'dataset_s3_bucket_producer', 'dataset_alias_example_alias_producer', 'dataset_alias_example_alias_consumer', 'dataset_s3_bucket_consumer' retrieved from /home/AtlasRise/airflow/airflow_env/lib/python3.12/site-packages/airflow/example_dags/example_dataset_alias.py
[2024-11-18T21:02:45.113+0500] {logging_mixin.py:190} INFO - [2024-11-18T21:02:45.113+0500] {dag.py:3239} INFO - Sync 4 DAGs
[2024-11-18T21:02:45.147+0500] {logging_mixin.py:190} INFO - [2024-11-18T21:02:45.146+0500] {dag.py:4180} INFO - Setting next_dagrun for dataset_alias_example_alias_consumer to None, run_after=None
[2024-11-18T21:02:45.150+0500] {logging_mixin.py:190} INFO - [2024-11-18T21:02:45.150+0500] {dag.py:4180} INFO - Setting next_dagrun for dataset_alias_example_alias_producer to None, run_after=None
[2024-11-18T21:02:45.152+0500] {logging_mixin.py:190} INFO - [2024-11-18T21:02:45.151+0500] {dag.py:4180} INFO - Setting next_dagrun for dataset_s3_bucket_consumer to None, run_after=None
[2024-11-18T21:02:45.153+0500] {logging_mixin.py:190} INFO - [2024-11-18T21:02:45.153+0500] {dag.py:4180} INFO - Setting next_dagrun for dataset_s3_bucket_producer to None, run_after=None
[2024-11-18T21:02:45.189+0500] {processor.py:208} INFO - Processing /home/AtlasRise/airflow/airflow_env/lib/python3.12/site-packages/airflow/example_dags/example_dataset_alias.py took 0.158 seconds
[2024-11-18T21:03:53.535+0500] {processor.py:186} INFO - Started process (PID=20828) to work on /home/AtlasRise/airflow/airflow_env/lib/python3.12/site-packages/airflow/example_dags/example_dataset_alias.py
[2024-11-18T21:03:53.536+0500] {processor.py:914} INFO - Processing file /home/AtlasRise/airflow/airflow_env/lib/python3.12/site-packages/airflow/example_dags/example_dataset_alias.py for tasks to queue
[2024-11-18T21:03:53.539+0500] {logging_mixin.py:190} INFO - [2024-11-18T21:03:53.539+0500] {dagbag.py:588} INFO - Filling up the DagBag from /home/AtlasRise/airflow/airflow_env/lib/python3.12/site-packages/airflow/example_dags/example_dataset_alias.py
[2024-11-18T21:03:53.575+0500] {processor.py:925} INFO - DAG(s) 'dataset_s3_bucket_producer', 'dataset_alias_example_alias_consumer', 'dataset_s3_bucket_consumer', 'dataset_alias_example_alias_producer' retrieved from /home/AtlasRise/airflow/airflow_env/lib/python3.12/site-packages/airflow/example_dags/example_dataset_alias.py
[2024-11-18T21:03:53.607+0500] {logging_mixin.py:190} INFO - [2024-11-18T21:03:53.606+0500] {dag.py:3239} INFO - Sync 4 DAGs
[2024-11-18T21:03:53.639+0500] {logging_mixin.py:190} INFO - [2024-11-18T21:03:53.638+0500] {dag.py:4180} INFO - Setting next_dagrun for dataset_alias_example_alias_consumer to None, run_after=None
[2024-11-18T21:03:53.642+0500] {logging_mixin.py:190} INFO - [2024-11-18T21:03:53.642+0500] {dag.py:4180} INFO - Setting next_dagrun for dataset_alias_example_alias_producer to None, run_after=None
[2024-11-18T21:03:53.643+0500] {logging_mixin.py:190} INFO - [2024-11-18T21:03:53.643+0500] {dag.py:4180} INFO - Setting next_dagrun for dataset_s3_bucket_consumer to None, run_after=None
[2024-11-18T21:03:53.647+0500] {logging_mixin.py:190} INFO - [2024-11-18T21:03:53.647+0500] {dag.py:4180} INFO - Setting next_dagrun for dataset_s3_bucket_producer to None, run_after=None
[2024-11-18T21:03:53.683+0500] {processor.py:208} INFO - Processing /home/AtlasRise/airflow/airflow_env/lib/python3.12/site-packages/airflow/example_dags/example_dataset_alias.py took 0.156 seconds
[2024-11-18T21:04:59.338+0500] {processor.py:186} INFO - Started process (PID=20914) to work on /home/AtlasRise/airflow/airflow_env/lib/python3.12/site-packages/airflow/example_dags/example_dataset_alias.py
[2024-11-18T21:04:59.341+0500] {processor.py:914} INFO - Processing file /home/AtlasRise/airflow/airflow_env/lib/python3.12/site-packages/airflow/example_dags/example_dataset_alias.py for tasks to queue
[2024-11-18T21:04:59.344+0500] {logging_mixin.py:190} INFO - [2024-11-18T21:04:59.343+0500] {dagbag.py:588} INFO - Filling up the DagBag from /home/AtlasRise/airflow/airflow_env/lib/python3.12/site-packages/airflow/example_dags/example_dataset_alias.py
[2024-11-18T21:04:59.379+0500] {processor.py:925} INFO - DAG(s) 'dataset_alias_example_alias_producer', 'dataset_s3_bucket_producer', 'dataset_s3_bucket_consumer', 'dataset_alias_example_alias_consumer' retrieved from /home/AtlasRise/airflow/airflow_env/lib/python3.12/site-packages/airflow/example_dags/example_dataset_alias.py
[2024-11-18T21:04:59.411+0500] {logging_mixin.py:190} INFO - [2024-11-18T21:04:59.411+0500] {dag.py:3239} INFO - Sync 4 DAGs
[2024-11-18T21:04:59.443+0500] {logging_mixin.py:190} INFO - [2024-11-18T21:04:59.442+0500] {dag.py:4180} INFO - Setting next_dagrun for dataset_alias_example_alias_consumer to None, run_after=None
[2024-11-18T21:04:59.447+0500] {logging_mixin.py:190} INFO - [2024-11-18T21:04:59.446+0500] {dag.py:4180} INFO - Setting next_dagrun for dataset_alias_example_alias_producer to None, run_after=None
[2024-11-18T21:04:59.448+0500] {logging_mixin.py:190} INFO - [2024-11-18T21:04:59.448+0500] {dag.py:4180} INFO - Setting next_dagrun for dataset_s3_bucket_consumer to None, run_after=None
[2024-11-18T21:04:59.449+0500] {logging_mixin.py:190} INFO - [2024-11-18T21:04:59.449+0500] {dag.py:4180} INFO - Setting next_dagrun for dataset_s3_bucket_producer to None, run_after=None
[2024-11-18T21:04:59.487+0500] {processor.py:208} INFO - Processing /home/AtlasRise/airflow/airflow_env/lib/python3.12/site-packages/airflow/example_dags/example_dataset_alias.py took 0.157 seconds
[2024-11-18T21:06:05.815+0500] {processor.py:186} INFO - Started process (PID=20998) to work on /home/AtlasRise/airflow/airflow_env/lib/python3.12/site-packages/airflow/example_dags/example_dataset_alias.py
[2024-11-18T21:06:05.816+0500] {processor.py:914} INFO - Processing file /home/AtlasRise/airflow/airflow_env/lib/python3.12/site-packages/airflow/example_dags/example_dataset_alias.py for tasks to queue
[2024-11-18T21:06:05.819+0500] {logging_mixin.py:190} INFO - [2024-11-18T21:06:05.819+0500] {dagbag.py:588} INFO - Filling up the DagBag from /home/AtlasRise/airflow/airflow_env/lib/python3.12/site-packages/airflow/example_dags/example_dataset_alias.py
[2024-11-18T21:06:05.855+0500] {processor.py:925} INFO - DAG(s) 'dataset_s3_bucket_producer', 'dataset_s3_bucket_consumer', 'dataset_alias_example_alias_producer', 'dataset_alias_example_alias_consumer' retrieved from /home/AtlasRise/airflow/airflow_env/lib/python3.12/site-packages/airflow/example_dags/example_dataset_alias.py
[2024-11-18T21:06:05.888+0500] {logging_mixin.py:190} INFO - [2024-11-18T21:06:05.887+0500] {dag.py:3239} INFO - Sync 4 DAGs
[2024-11-18T21:06:05.920+0500] {logging_mixin.py:190} INFO - [2024-11-18T21:06:05.920+0500] {dag.py:4180} INFO - Setting next_dagrun for dataset_alias_example_alias_consumer to None, run_after=None
[2024-11-18T21:06:05.923+0500] {logging_mixin.py:190} INFO - [2024-11-18T21:06:05.923+0500] {dag.py:4180} INFO - Setting next_dagrun for dataset_alias_example_alias_producer to None, run_after=None
[2024-11-18T21:06:05.925+0500] {logging_mixin.py:190} INFO - [2024-11-18T21:06:05.924+0500] {dag.py:4180} INFO - Setting next_dagrun for dataset_s3_bucket_consumer to None, run_after=None
[2024-11-18T21:06:05.926+0500] {logging_mixin.py:190} INFO - [2024-11-18T21:06:05.926+0500] {dag.py:4180} INFO - Setting next_dagrun for dataset_s3_bucket_producer to None, run_after=None
[2024-11-18T21:06:05.962+0500] {processor.py:208} INFO - Processing /home/AtlasRise/airflow/airflow_env/lib/python3.12/site-packages/airflow/example_dags/example_dataset_alias.py took 0.155 seconds
[2024-11-18T21:07:26.645+0500] {processor.py:186} INFO - Started process (PID=21102) to work on /home/AtlasRise/airflow/airflow_env/lib/python3.12/site-packages/airflow/example_dags/example_dataset_alias.py
[2024-11-18T21:07:26.647+0500] {processor.py:914} INFO - Processing file /home/AtlasRise/airflow/airflow_env/lib/python3.12/site-packages/airflow/example_dags/example_dataset_alias.py for tasks to queue
[2024-11-18T21:07:26.650+0500] {logging_mixin.py:190} INFO - [2024-11-18T21:07:26.649+0500] {dagbag.py:588} INFO - Filling up the DagBag from /home/AtlasRise/airflow/airflow_env/lib/python3.12/site-packages/airflow/example_dags/example_dataset_alias.py
[2024-11-18T21:07:26.685+0500] {processor.py:925} INFO - DAG(s) 'dataset_alias_example_alias_consumer', 'dataset_s3_bucket_consumer', 'dataset_s3_bucket_producer', 'dataset_alias_example_alias_producer' retrieved from /home/AtlasRise/airflow/airflow_env/lib/python3.12/site-packages/airflow/example_dags/example_dataset_alias.py
[2024-11-18T21:07:26.717+0500] {logging_mixin.py:190} INFO - [2024-11-18T21:07:26.716+0500] {dag.py:3239} INFO - Sync 4 DAGs
[2024-11-18T21:07:26.749+0500] {logging_mixin.py:190} INFO - [2024-11-18T21:07:26.749+0500] {dag.py:4180} INFO - Setting next_dagrun for dataset_alias_example_alias_consumer to None, run_after=None
[2024-11-18T21:07:26.752+0500] {logging_mixin.py:190} INFO - [2024-11-18T21:07:26.752+0500] {dag.py:4180} INFO - Setting next_dagrun for dataset_alias_example_alias_producer to None, run_after=None
[2024-11-18T21:07:26.754+0500] {logging_mixin.py:190} INFO - [2024-11-18T21:07:26.753+0500] {dag.py:4180} INFO - Setting next_dagrun for dataset_s3_bucket_consumer to None, run_after=None
[2024-11-18T21:07:26.755+0500] {logging_mixin.py:190} INFO - [2024-11-18T21:07:26.755+0500] {dag.py:4180} INFO - Setting next_dagrun for dataset_s3_bucket_producer to None, run_after=None
[2024-11-18T21:07:26.791+0500] {processor.py:208} INFO - Processing /home/AtlasRise/airflow/airflow_env/lib/python3.12/site-packages/airflow/example_dags/example_dataset_alias.py took 0.154 seconds
[2024-11-18T21:08:34.627+0500] {processor.py:186} INFO - Started process (PID=21171) to work on /home/AtlasRise/airflow/airflow_env/lib/python3.12/site-packages/airflow/example_dags/example_dataset_alias.py
[2024-11-18T21:08:34.629+0500] {processor.py:914} INFO - Processing file /home/AtlasRise/airflow/airflow_env/lib/python3.12/site-packages/airflow/example_dags/example_dataset_alias.py for tasks to queue
[2024-11-18T21:08:34.633+0500] {logging_mixin.py:190} INFO - [2024-11-18T21:08:34.632+0500] {dagbag.py:588} INFO - Filling up the DagBag from /home/AtlasRise/airflow/airflow_env/lib/python3.12/site-packages/airflow/example_dags/example_dataset_alias.py
[2024-11-18T21:08:34.669+0500] {processor.py:925} INFO - DAG(s) 'dataset_s3_bucket_producer', 'dataset_alias_example_alias_producer', 'dataset_s3_bucket_consumer', 'dataset_alias_example_alias_consumer' retrieved from /home/AtlasRise/airflow/airflow_env/lib/python3.12/site-packages/airflow/example_dags/example_dataset_alias.py
[2024-11-18T21:08:34.701+0500] {logging_mixin.py:190} INFO - [2024-11-18T21:08:34.700+0500] {dag.py:3239} INFO - Sync 4 DAGs
[2024-11-18T21:08:34.733+0500] {logging_mixin.py:190} INFO - [2024-11-18T21:08:34.732+0500] {dag.py:4180} INFO - Setting next_dagrun for dataset_alias_example_alias_consumer to None, run_after=None
[2024-11-18T21:08:34.736+0500] {logging_mixin.py:190} INFO - [2024-11-18T21:08:34.736+0500] {dag.py:4180} INFO - Setting next_dagrun for dataset_alias_example_alias_producer to None, run_after=None
[2024-11-18T21:08:34.738+0500] {logging_mixin.py:190} INFO - [2024-11-18T21:08:34.738+0500] {dag.py:4180} INFO - Setting next_dagrun for dataset_s3_bucket_consumer to None, run_after=None
[2024-11-18T21:08:34.739+0500] {logging_mixin.py:190} INFO - [2024-11-18T21:08:34.739+0500] {dag.py:4180} INFO - Setting next_dagrun for dataset_s3_bucket_producer to None, run_after=None
[2024-11-18T21:08:34.776+0500] {processor.py:208} INFO - Processing /home/AtlasRise/airflow/airflow_env/lib/python3.12/site-packages/airflow/example_dags/example_dataset_alias.py took 0.158 seconds
[2024-11-18T21:09:42.248+0500] {processor.py:186} INFO - Started process (PID=21271) to work on /home/AtlasRise/airflow/airflow_env/lib/python3.12/site-packages/airflow/example_dags/example_dataset_alias.py
[2024-11-18T21:09:42.250+0500] {processor.py:914} INFO - Processing file /home/AtlasRise/airflow/airflow_env/lib/python3.12/site-packages/airflow/example_dags/example_dataset_alias.py for tasks to queue
[2024-11-18T21:09:42.253+0500] {logging_mixin.py:190} INFO - [2024-11-18T21:09:42.253+0500] {dagbag.py:588} INFO - Filling up the DagBag from /home/AtlasRise/airflow/airflow_env/lib/python3.12/site-packages/airflow/example_dags/example_dataset_alias.py
[2024-11-18T21:09:42.290+0500] {processor.py:925} INFO - DAG(s) 'dataset_alias_example_alias_consumer', 'dataset_s3_bucket_consumer', 'dataset_s3_bucket_producer', 'dataset_alias_example_alias_producer' retrieved from /home/AtlasRise/airflow/airflow_env/lib/python3.12/site-packages/airflow/example_dags/example_dataset_alias.py
[2024-11-18T21:09:42.322+0500] {logging_mixin.py:190} INFO - [2024-11-18T21:09:42.321+0500] {dag.py:3239} INFO - Sync 4 DAGs
[2024-11-18T21:09:42.354+0500] {logging_mixin.py:190} INFO - [2024-11-18T21:09:42.354+0500] {dag.py:4180} INFO - Setting next_dagrun for dataset_alias_example_alias_consumer to None, run_after=None
[2024-11-18T21:09:42.358+0500] {logging_mixin.py:190} INFO - [2024-11-18T21:09:42.358+0500] {dag.py:4180} INFO - Setting next_dagrun for dataset_alias_example_alias_producer to None, run_after=None
[2024-11-18T21:09:42.359+0500] {logging_mixin.py:190} INFO - [2024-11-18T21:09:42.359+0500] {dag.py:4180} INFO - Setting next_dagrun for dataset_s3_bucket_consumer to None, run_after=None
[2024-11-18T21:09:42.360+0500] {logging_mixin.py:190} INFO - [2024-11-18T21:09:42.360+0500] {dag.py:4180} INFO - Setting next_dagrun for dataset_s3_bucket_producer to None, run_after=None
[2024-11-18T21:09:42.398+0500] {processor.py:208} INFO - Processing /home/AtlasRise/airflow/airflow_env/lib/python3.12/site-packages/airflow/example_dags/example_dataset_alias.py took 0.158 seconds
[2024-11-18T21:10:55.704+0500] {processor.py:186} INFO - Started process (PID=21364) to work on /home/AtlasRise/airflow/airflow_env/lib/python3.12/site-packages/airflow/example_dags/example_dataset_alias.py
[2024-11-18T21:10:55.705+0500] {processor.py:914} INFO - Processing file /home/AtlasRise/airflow/airflow_env/lib/python3.12/site-packages/airflow/example_dags/example_dataset_alias.py for tasks to queue
[2024-11-18T21:10:55.708+0500] {logging_mixin.py:190} INFO - [2024-11-18T21:10:55.708+0500] {dagbag.py:588} INFO - Filling up the DagBag from /home/AtlasRise/airflow/airflow_env/lib/python3.12/site-packages/airflow/example_dags/example_dataset_alias.py
[2024-11-18T21:10:55.744+0500] {processor.py:925} INFO - DAG(s) 'dataset_s3_bucket_consumer', 'dataset_alias_example_alias_consumer', 'dataset_s3_bucket_producer', 'dataset_alias_example_alias_producer' retrieved from /home/AtlasRise/airflow/airflow_env/lib/python3.12/site-packages/airflow/example_dags/example_dataset_alias.py
[2024-11-18T21:10:55.777+0500] {logging_mixin.py:190} INFO - [2024-11-18T21:10:55.777+0500] {dag.py:3239} INFO - Sync 4 DAGs
[2024-11-18T21:10:55.810+0500] {logging_mixin.py:190} INFO - [2024-11-18T21:10:55.810+0500] {dag.py:4180} INFO - Setting next_dagrun for dataset_alias_example_alias_consumer to None, run_after=None
[2024-11-18T21:10:55.814+0500] {logging_mixin.py:190} INFO - [2024-11-18T21:10:55.814+0500] {dag.py:4180} INFO - Setting next_dagrun for dataset_alias_example_alias_producer to None, run_after=None
[2024-11-18T21:10:55.816+0500] {logging_mixin.py:190} INFO - [2024-11-18T21:10:55.816+0500] {dag.py:4180} INFO - Setting next_dagrun for dataset_s3_bucket_consumer to None, run_after=None
[2024-11-18T21:10:55.818+0500] {logging_mixin.py:190} INFO - [2024-11-18T21:10:55.818+0500] {dag.py:4180} INFO - Setting next_dagrun for dataset_s3_bucket_producer to None, run_after=None
[2024-11-18T21:10:55.856+0500] {processor.py:208} INFO - Processing /home/AtlasRise/airflow/airflow_env/lib/python3.12/site-packages/airflow/example_dags/example_dataset_alias.py took 0.160 seconds
[2024-11-18T21:12:32.874+0500] {processor.py:186} INFO - Started process (PID=21529) to work on /home/AtlasRise/airflow/airflow_env/lib/python3.12/site-packages/airflow/example_dags/example_dataset_alias.py
[2024-11-18T21:12:32.877+0500] {processor.py:914} INFO - Processing file /home/AtlasRise/airflow/airflow_env/lib/python3.12/site-packages/airflow/example_dags/example_dataset_alias.py for tasks to queue
[2024-11-18T21:12:32.880+0500] {logging_mixin.py:190} INFO - [2024-11-18T21:12:32.879+0500] {dagbag.py:588} INFO - Filling up the DagBag from /home/AtlasRise/airflow/airflow_env/lib/python3.12/site-packages/airflow/example_dags/example_dataset_alias.py
[2024-11-18T21:12:32.993+0500] {processor.py:925} INFO - DAG(s) 'dataset_alias_example_alias_consumer', 'dataset_alias_example_alias_producer', 'dataset_s3_bucket_producer', 'dataset_s3_bucket_consumer' retrieved from /home/AtlasRise/airflow/airflow_env/lib/python3.12/site-packages/airflow/example_dags/example_dataset_alias.py
[2024-11-18T21:12:33.072+0500] {logging_mixin.py:190} INFO - [2024-11-18T21:12:33.071+0500] {dag.py:3239} INFO - Sync 4 DAGs
[2024-11-18T21:12:33.131+0500] {logging_mixin.py:190} INFO - [2024-11-18T21:12:33.131+0500] {dag.py:4180} INFO - Setting next_dagrun for dataset_alias_example_alias_consumer to None, run_after=None
[2024-11-18T21:12:33.143+0500] {logging_mixin.py:190} INFO - [2024-11-18T21:12:33.142+0500] {dag.py:4180} INFO - Setting next_dagrun for dataset_alias_example_alias_producer to None, run_after=None
[2024-11-18T21:12:33.147+0500] {logging_mixin.py:190} INFO - [2024-11-18T21:12:33.147+0500] {dag.py:4180} INFO - Setting next_dagrun for dataset_s3_bucket_consumer to None, run_after=None
[2024-11-18T21:12:33.149+0500] {logging_mixin.py:190} INFO - [2024-11-18T21:12:33.149+0500] {dag.py:4180} INFO - Setting next_dagrun for dataset_s3_bucket_producer to None, run_after=None
[2024-11-18T21:12:33.197+0500] {processor.py:208} INFO - Processing /home/AtlasRise/airflow/airflow_env/lib/python3.12/site-packages/airflow/example_dags/example_dataset_alias.py took 0.334 seconds
[2024-11-18T21:14:12.151+0500] {processor.py:186} INFO - Started process (PID=21641) to work on /home/AtlasRise/airflow/airflow_env/lib/python3.12/site-packages/airflow/example_dags/example_dataset_alias.py
[2024-11-18T21:14:12.152+0500] {processor.py:914} INFO - Processing file /home/AtlasRise/airflow/airflow_env/lib/python3.12/site-packages/airflow/example_dags/example_dataset_alias.py for tasks to queue
[2024-11-18T21:14:12.155+0500] {logging_mixin.py:190} INFO - [2024-11-18T21:14:12.155+0500] {dagbag.py:588} INFO - Filling up the DagBag from /home/AtlasRise/airflow/airflow_env/lib/python3.12/site-packages/airflow/example_dags/example_dataset_alias.py
[2024-11-18T21:14:12.191+0500] {processor.py:925} INFO - DAG(s) 'dataset_s3_bucket_consumer', 'dataset_alias_example_alias_producer', 'dataset_alias_example_alias_consumer', 'dataset_s3_bucket_producer' retrieved from /home/AtlasRise/airflow/airflow_env/lib/python3.12/site-packages/airflow/example_dags/example_dataset_alias.py
[2024-11-18T21:14:12.224+0500] {logging_mixin.py:190} INFO - [2024-11-18T21:14:12.224+0500] {dag.py:3239} INFO - Sync 4 DAGs
[2024-11-18T21:14:12.256+0500] {logging_mixin.py:190} INFO - [2024-11-18T21:14:12.256+0500] {dag.py:4180} INFO - Setting next_dagrun for dataset_alias_example_alias_consumer to None, run_after=None
[2024-11-18T21:14:12.260+0500] {logging_mixin.py:190} INFO - [2024-11-18T21:14:12.260+0500] {dag.py:4180} INFO - Setting next_dagrun for dataset_alias_example_alias_producer to None, run_after=None
[2024-11-18T21:14:12.262+0500] {logging_mixin.py:190} INFO - [2024-11-18T21:14:12.261+0500] {dag.py:4180} INFO - Setting next_dagrun for dataset_s3_bucket_consumer to None, run_after=None
[2024-11-18T21:14:12.263+0500] {logging_mixin.py:190} INFO - [2024-11-18T21:14:12.262+0500] {dag.py:4180} INFO - Setting next_dagrun for dataset_s3_bucket_producer to None, run_after=None
[2024-11-18T21:14:12.304+0500] {processor.py:208} INFO - Processing /home/AtlasRise/airflow/airflow_env/lib/python3.12/site-packages/airflow/example_dags/example_dataset_alias.py took 0.161 seconds
[2024-11-18T21:15:39.238+0500] {processor.py:186} INFO - Started process (PID=21759) to work on /home/AtlasRise/airflow/airflow_env/lib/python3.12/site-packages/airflow/example_dags/example_dataset_alias.py
[2024-11-18T21:15:39.242+0500] {processor.py:914} INFO - Processing file /home/AtlasRise/airflow/airflow_env/lib/python3.12/site-packages/airflow/example_dags/example_dataset_alias.py for tasks to queue
[2024-11-18T21:15:39.248+0500] {logging_mixin.py:190} INFO - [2024-11-18T21:15:39.248+0500] {dagbag.py:588} INFO - Filling up the DagBag from /home/AtlasRise/airflow/airflow_env/lib/python3.12/site-packages/airflow/example_dags/example_dataset_alias.py
[2024-11-18T21:15:39.304+0500] {processor.py:925} INFO - DAG(s) 'dataset_s3_bucket_consumer', 'dataset_alias_example_alias_producer', 'dataset_s3_bucket_producer', 'dataset_alias_example_alias_consumer' retrieved from /home/AtlasRise/airflow/airflow_env/lib/python3.12/site-packages/airflow/example_dags/example_dataset_alias.py
[2024-11-18T21:15:39.345+0500] {logging_mixin.py:190} INFO - [2024-11-18T21:15:39.345+0500] {dag.py:3239} INFO - Sync 4 DAGs
[2024-11-18T21:15:39.422+0500] {logging_mixin.py:190} INFO - [2024-11-18T21:15:39.422+0500] {dag.py:4180} INFO - Setting next_dagrun for dataset_alias_example_alias_consumer to None, run_after=None
[2024-11-18T21:15:39.431+0500] {logging_mixin.py:190} INFO - [2024-11-18T21:15:39.431+0500] {dag.py:4180} INFO - Setting next_dagrun for dataset_alias_example_alias_producer to None, run_after=None
[2024-11-18T21:15:39.433+0500] {logging_mixin.py:190} INFO - [2024-11-18T21:15:39.433+0500] {dag.py:4180} INFO - Setting next_dagrun for dataset_s3_bucket_consumer to None, run_after=None
[2024-11-18T21:15:39.439+0500] {logging_mixin.py:190} INFO - [2024-11-18T21:15:39.439+0500] {dag.py:4180} INFO - Setting next_dagrun for dataset_s3_bucket_producer to None, run_after=None
[2024-11-18T21:15:39.494+0500] {processor.py:208} INFO - Processing /home/AtlasRise/airflow/airflow_env/lib/python3.12/site-packages/airflow/example_dags/example_dataset_alias.py took 0.268 seconds
[2024-11-18T21:17:36.545+0500] {processor.py:186} INFO - Started process (PID=21932) to work on /home/AtlasRise/airflow/airflow_env/lib/python3.12/site-packages/airflow/example_dags/example_dataset_alias.py
[2024-11-18T21:17:36.548+0500] {processor.py:914} INFO - Processing file /home/AtlasRise/airflow/airflow_env/lib/python3.12/site-packages/airflow/example_dags/example_dataset_alias.py for tasks to queue
[2024-11-18T21:17:36.551+0500] {logging_mixin.py:190} INFO - [2024-11-18T21:17:36.550+0500] {dagbag.py:588} INFO - Filling up the DagBag from /home/AtlasRise/airflow/airflow_env/lib/python3.12/site-packages/airflow/example_dags/example_dataset_alias.py
[2024-11-18T21:17:36.587+0500] {processor.py:925} INFO - DAG(s) 'dataset_s3_bucket_producer', 'dataset_alias_example_alias_producer', 'dataset_alias_example_alias_consumer', 'dataset_s3_bucket_consumer' retrieved from /home/AtlasRise/airflow/airflow_env/lib/python3.12/site-packages/airflow/example_dags/example_dataset_alias.py
[2024-11-18T21:17:36.622+0500] {logging_mixin.py:190} INFO - [2024-11-18T21:17:36.621+0500] {dag.py:3239} INFO - Sync 4 DAGs
[2024-11-18T21:17:36.654+0500] {logging_mixin.py:190} INFO - [2024-11-18T21:17:36.654+0500] {dag.py:4180} INFO - Setting next_dagrun for dataset_alias_example_alias_consumer to None, run_after=None
[2024-11-18T21:17:36.658+0500] {logging_mixin.py:190} INFO - [2024-11-18T21:17:36.657+0500] {dag.py:4180} INFO - Setting next_dagrun for dataset_alias_example_alias_producer to None, run_after=None
[2024-11-18T21:17:36.659+0500] {logging_mixin.py:190} INFO - [2024-11-18T21:17:36.659+0500] {dag.py:4180} INFO - Setting next_dagrun for dataset_s3_bucket_consumer to None, run_after=None
[2024-11-18T21:17:36.660+0500] {logging_mixin.py:190} INFO - [2024-11-18T21:17:36.660+0500] {dag.py:4180} INFO - Setting next_dagrun for dataset_s3_bucket_producer to None, run_after=None
[2024-11-18T21:17:36.696+0500] {processor.py:208} INFO - Processing /home/AtlasRise/airflow/airflow_env/lib/python3.12/site-packages/airflow/example_dags/example_dataset_alias.py took 0.160 seconds
[2024-11-18T21:19:28.229+0500] {processor.py:186} INFO - Started process (PID=22095) to work on /home/AtlasRise/airflow/airflow_env/lib/python3.12/site-packages/airflow/example_dags/example_dataset_alias.py
[2024-11-18T21:19:28.231+0500] {processor.py:914} INFO - Processing file /home/AtlasRise/airflow/airflow_env/lib/python3.12/site-packages/airflow/example_dags/example_dataset_alias.py for tasks to queue
[2024-11-18T21:19:28.235+0500] {logging_mixin.py:190} INFO - [2024-11-18T21:19:28.234+0500] {dagbag.py:588} INFO - Filling up the DagBag from /home/AtlasRise/airflow/airflow_env/lib/python3.12/site-packages/airflow/example_dags/example_dataset_alias.py
[2024-11-18T21:19:28.272+0500] {processor.py:925} INFO - DAG(s) 'dataset_s3_bucket_consumer', 'dataset_alias_example_alias_consumer', 'dataset_alias_example_alias_producer', 'dataset_s3_bucket_producer' retrieved from /home/AtlasRise/airflow/airflow_env/lib/python3.12/site-packages/airflow/example_dags/example_dataset_alias.py
[2024-11-18T21:19:28.322+0500] {logging_mixin.py:190} INFO - [2024-11-18T21:19:28.322+0500] {dag.py:3239} INFO - Sync 4 DAGs
[2024-11-18T21:19:28.403+0500] {logging_mixin.py:190} INFO - [2024-11-18T21:19:28.403+0500] {dag.py:4180} INFO - Setting next_dagrun for dataset_alias_example_alias_consumer to None, run_after=None
[2024-11-18T21:19:28.407+0500] {logging_mixin.py:190} INFO - [2024-11-18T21:19:28.407+0500] {dag.py:4180} INFO - Setting next_dagrun for dataset_alias_example_alias_producer to None, run_after=None
[2024-11-18T21:19:28.409+0500] {logging_mixin.py:190} INFO - [2024-11-18T21:19:28.409+0500] {dag.py:4180} INFO - Setting next_dagrun for dataset_s3_bucket_consumer to None, run_after=None
[2024-11-18T21:19:28.411+0500] {logging_mixin.py:190} INFO - [2024-11-18T21:19:28.410+0500] {dag.py:4180} INFO - Setting next_dagrun for dataset_s3_bucket_producer to None, run_after=None
[2024-11-18T21:19:28.456+0500] {processor.py:208} INFO - Processing /home/AtlasRise/airflow/airflow_env/lib/python3.12/site-packages/airflow/example_dags/example_dataset_alias.py took 0.237 seconds
[2024-11-18T21:20:45.595+0500] {processor.py:186} INFO - Started process (PID=22174) to work on /home/AtlasRise/airflow/airflow_env/lib/python3.12/site-packages/airflow/example_dags/example_dataset_alias.py
[2024-11-18T21:20:45.598+0500] {processor.py:914} INFO - Processing file /home/AtlasRise/airflow/airflow_env/lib/python3.12/site-packages/airflow/example_dags/example_dataset_alias.py for tasks to queue
[2024-11-18T21:20:45.602+0500] {logging_mixin.py:190} INFO - [2024-11-18T21:20:45.601+0500] {dagbag.py:588} INFO - Filling up the DagBag from /home/AtlasRise/airflow/airflow_env/lib/python3.12/site-packages/airflow/example_dags/example_dataset_alias.py
[2024-11-18T21:20:45.642+0500] {processor.py:925} INFO - DAG(s) 'dataset_alias_example_alias_producer', 'dataset_alias_example_alias_consumer', 'dataset_s3_bucket_producer', 'dataset_s3_bucket_consumer' retrieved from /home/AtlasRise/airflow/airflow_env/lib/python3.12/site-packages/airflow/example_dags/example_dataset_alias.py
[2024-11-18T21:20:45.675+0500] {logging_mixin.py:190} INFO - [2024-11-18T21:20:45.675+0500] {dag.py:3239} INFO - Sync 4 DAGs
[2024-11-18T21:20:45.711+0500] {logging_mixin.py:190} INFO - [2024-11-18T21:20:45.711+0500] {dag.py:4180} INFO - Setting next_dagrun for dataset_alias_example_alias_consumer to None, run_after=None
[2024-11-18T21:20:45.715+0500] {logging_mixin.py:190} INFO - [2024-11-18T21:20:45.715+0500] {dag.py:4180} INFO - Setting next_dagrun for dataset_alias_example_alias_producer to None, run_after=None
[2024-11-18T21:20:45.718+0500] {logging_mixin.py:190} INFO - [2024-11-18T21:20:45.717+0500] {dag.py:4180} INFO - Setting next_dagrun for dataset_s3_bucket_consumer to None, run_after=None
[2024-11-18T21:20:45.720+0500] {logging_mixin.py:190} INFO - [2024-11-18T21:20:45.720+0500] {dag.py:4180} INFO - Setting next_dagrun for dataset_s3_bucket_producer to None, run_after=None
[2024-11-18T21:20:45.757+0500] {processor.py:208} INFO - Processing /home/AtlasRise/airflow/airflow_env/lib/python3.12/site-packages/airflow/example_dags/example_dataset_alias.py took 0.172 seconds
[2024-11-18T21:21:59.119+0500] {processor.py:186} INFO - Started process (PID=22278) to work on /home/AtlasRise/airflow/airflow_env/lib/python3.12/site-packages/airflow/example_dags/example_dataset_alias.py
[2024-11-18T21:21:59.122+0500] {processor.py:914} INFO - Processing file /home/AtlasRise/airflow/airflow_env/lib/python3.12/site-packages/airflow/example_dags/example_dataset_alias.py for tasks to queue
[2024-11-18T21:21:59.125+0500] {logging_mixin.py:190} INFO - [2024-11-18T21:21:59.125+0500] {dagbag.py:588} INFO - Filling up the DagBag from /home/AtlasRise/airflow/airflow_env/lib/python3.12/site-packages/airflow/example_dags/example_dataset_alias.py
[2024-11-18T21:21:59.162+0500] {processor.py:925} INFO - DAG(s) 'dataset_alias_example_alias_producer', 'dataset_s3_bucket_producer', 'dataset_s3_bucket_consumer', 'dataset_alias_example_alias_consumer' retrieved from /home/AtlasRise/airflow/airflow_env/lib/python3.12/site-packages/airflow/example_dags/example_dataset_alias.py
[2024-11-18T21:21:59.195+0500] {logging_mixin.py:190} INFO - [2024-11-18T21:21:59.195+0500] {dag.py:3239} INFO - Sync 4 DAGs
[2024-11-18T21:21:59.230+0500] {logging_mixin.py:190} INFO - [2024-11-18T21:21:59.230+0500] {dag.py:4180} INFO - Setting next_dagrun for dataset_alias_example_alias_consumer to None, run_after=None
[2024-11-18T21:21:59.234+0500] {logging_mixin.py:190} INFO - [2024-11-18T21:21:59.234+0500] {dag.py:4180} INFO - Setting next_dagrun for dataset_alias_example_alias_producer to None, run_after=None
[2024-11-18T21:21:59.235+0500] {logging_mixin.py:190} INFO - [2024-11-18T21:21:59.235+0500] {dag.py:4180} INFO - Setting next_dagrun for dataset_s3_bucket_consumer to None, run_after=None
[2024-11-18T21:21:59.236+0500] {logging_mixin.py:190} INFO - [2024-11-18T21:21:59.236+0500] {dag.py:4180} INFO - Setting next_dagrun for dataset_s3_bucket_producer to None, run_after=None
[2024-11-18T21:21:59.272+0500] {processor.py:208} INFO - Processing /home/AtlasRise/airflow/airflow_env/lib/python3.12/site-packages/airflow/example_dags/example_dataset_alias.py took 0.161 seconds
