[2024-11-18T20:40:28.805+0500] {processor.py:186} INFO - Started process (PID=18920) to work on /home/AtlasRise/airflow/airflow_env/lib/python3.12/site-packages/airflow/example_dags/example_trigger_controller_dag.py
[2024-11-18T20:40:28.806+0500] {processor.py:914} INFO - Processing file /home/AtlasRise/airflow/airflow_env/lib/python3.12/site-packages/airflow/example_dags/example_trigger_controller_dag.py for tasks to queue
[2024-11-18T20:40:28.808+0500] {logging_mixin.py:190} INFO - [2024-11-18T20:40:28.808+0500] {dagbag.py:588} INFO - Filling up the DagBag from /home/AtlasRise/airflow/airflow_env/lib/python3.12/site-packages/airflow/example_dags/example_trigger_controller_dag.py
[2024-11-18T20:40:28.818+0500] {processor.py:925} INFO - DAG(s) 'example_trigger_controller_dag' retrieved from /home/AtlasRise/airflow/airflow_env/lib/python3.12/site-packages/airflow/example_dags/example_trigger_controller_dag.py
[2024-11-18T20:40:28.983+0500] {logging_mixin.py:190} INFO - [2024-11-18T20:40:28.982+0500] {override.py:1911} INFO - Created Permission View: can read on DAG:example_trigger_controller_dag
[2024-11-18T20:40:29.002+0500] {logging_mixin.py:190} INFO - [2024-11-18T20:40:29.001+0500] {override.py:1911} INFO - Created Permission View: can edit on DAG:example_trigger_controller_dag
[2024-11-18T20:40:29.014+0500] {logging_mixin.py:190} INFO - [2024-11-18T20:40:29.013+0500] {override.py:1911} INFO - Created Permission View: can delete on DAG:example_trigger_controller_dag
[2024-11-18T20:40:29.032+0500] {logging_mixin.py:190} INFO - [2024-11-18T20:40:29.031+0500] {override.py:1911} INFO - Created Permission View: can read on DAG Run:example_trigger_controller_dag
[2024-11-18T20:40:29.043+0500] {logging_mixin.py:190} INFO - [2024-11-18T20:40:29.043+0500] {override.py:1911} INFO - Created Permission View: can create on DAG Run:example_trigger_controller_dag
[2024-11-18T20:40:29.056+0500] {logging_mixin.py:190} INFO - [2024-11-18T20:40:29.055+0500] {override.py:1911} INFO - Created Permission View: can delete on DAG Run:example_trigger_controller_dag
[2024-11-18T20:40:29.067+0500] {logging_mixin.py:190} INFO - [2024-11-18T20:40:29.066+0500] {override.py:1911} INFO - Created Permission View: menu access on DAG Run:example_trigger_controller_dag
[2024-11-18T20:40:29.067+0500] {logging_mixin.py:190} INFO - [2024-11-18T20:40:29.067+0500] {dag.py:3239} INFO - Sync 1 DAGs
[2024-11-18T20:40:29.088+0500] {logging_mixin.py:190} INFO - [2024-11-18T20:40:29.088+0500] {dag.py:3262} INFO - Creating ORM DAG for example_trigger_controller_dag
[2024-11-18T20:40:29.101+0500] {logging_mixin.py:190} INFO - [2024-11-18T20:40:29.100+0500] {dag.py:4180} INFO - Setting next_dagrun for example_trigger_controller_dag to 2021-01-01 00:00:00+00:00, run_after=2021-01-01 00:00:00+00:00
[2024-11-18T20:40:29.131+0500] {processor.py:208} INFO - Processing /home/AtlasRise/airflow/airflow_env/lib/python3.12/site-packages/airflow/example_dags/example_trigger_controller_dag.py took 0.334 seconds
[2024-11-18T20:41:42.191+0500] {processor.py:186} INFO - Started process (PID=19006) to work on /home/AtlasRise/airflow/airflow_env/lib/python3.12/site-packages/airflow/example_dags/example_trigger_controller_dag.py
[2024-11-18T20:41:42.193+0500] {processor.py:914} INFO - Processing file /home/AtlasRise/airflow/airflow_env/lib/python3.12/site-packages/airflow/example_dags/example_trigger_controller_dag.py for tasks to queue
[2024-11-18T20:41:42.196+0500] {logging_mixin.py:190} INFO - [2024-11-18T20:41:42.196+0500] {dagbag.py:588} INFO - Filling up the DagBag from /home/AtlasRise/airflow/airflow_env/lib/python3.12/site-packages/airflow/example_dags/example_trigger_controller_dag.py
[2024-11-18T20:41:42.206+0500] {processor.py:925} INFO - DAG(s) 'example_trigger_controller_dag' retrieved from /home/AtlasRise/airflow/airflow_env/lib/python3.12/site-packages/airflow/example_dags/example_trigger_controller_dag.py
[2024-11-18T20:41:42.228+0500] {logging_mixin.py:190} INFO - [2024-11-18T20:41:42.227+0500] {dag.py:3239} INFO - Sync 1 DAGs
[2024-11-18T20:41:42.260+0500] {logging_mixin.py:190} INFO - [2024-11-18T20:41:42.259+0500] {dag.py:4180} INFO - Setting next_dagrun for example_trigger_controller_dag to 2021-01-01 00:00:00+00:00, run_after=2021-01-01 00:00:00+00:00
[2024-11-18T20:41:42.292+0500] {processor.py:208} INFO - Processing /home/AtlasRise/airflow/airflow_env/lib/python3.12/site-packages/airflow/example_dags/example_trigger_controller_dag.py took 0.108 seconds
[2024-11-18T20:42:53.289+0500] {processor.py:186} INFO - Started process (PID=19181) to work on /home/AtlasRise/airflow/airflow_env/lib/python3.12/site-packages/airflow/example_dags/example_trigger_controller_dag.py
[2024-11-18T20:42:53.292+0500] {processor.py:914} INFO - Processing file /home/AtlasRise/airflow/airflow_env/lib/python3.12/site-packages/airflow/example_dags/example_trigger_controller_dag.py for tasks to queue
[2024-11-18T20:42:53.295+0500] {logging_mixin.py:190} INFO - [2024-11-18T20:42:53.294+0500] {dagbag.py:588} INFO - Filling up the DagBag from /home/AtlasRise/airflow/airflow_env/lib/python3.12/site-packages/airflow/example_dags/example_trigger_controller_dag.py
[2024-11-18T20:42:53.306+0500] {processor.py:925} INFO - DAG(s) 'example_trigger_controller_dag' retrieved from /home/AtlasRise/airflow/airflow_env/lib/python3.12/site-packages/airflow/example_dags/example_trigger_controller_dag.py
[2024-11-18T20:42:53.328+0500] {logging_mixin.py:190} INFO - [2024-11-18T20:42:53.327+0500] {dag.py:3239} INFO - Sync 1 DAGs
[2024-11-18T20:42:53.358+0500] {logging_mixin.py:190} INFO - [2024-11-18T20:42:53.358+0500] {dag.py:4180} INFO - Setting next_dagrun for example_trigger_controller_dag to 2021-01-01 00:00:00+00:00, run_after=2021-01-01 00:00:00+00:00
[2024-11-18T20:42:53.390+0500] {processor.py:208} INFO - Processing /home/AtlasRise/airflow/airflow_env/lib/python3.12/site-packages/airflow/example_dags/example_trigger_controller_dag.py took 0.109 seconds
[2024-11-18T20:44:01.005+0500] {processor.py:186} INFO - Started process (PID=19263) to work on /home/AtlasRise/airflow/airflow_env/lib/python3.12/site-packages/airflow/example_dags/example_trigger_controller_dag.py
[2024-11-18T20:44:01.008+0500] {processor.py:914} INFO - Processing file /home/AtlasRise/airflow/airflow_env/lib/python3.12/site-packages/airflow/example_dags/example_trigger_controller_dag.py for tasks to queue
[2024-11-18T20:44:01.011+0500] {logging_mixin.py:190} INFO - [2024-11-18T20:44:01.010+0500] {dagbag.py:588} INFO - Filling up the DagBag from /home/AtlasRise/airflow/airflow_env/lib/python3.12/site-packages/airflow/example_dags/example_trigger_controller_dag.py
[2024-11-18T20:44:01.021+0500] {processor.py:925} INFO - DAG(s) 'example_trigger_controller_dag' retrieved from /home/AtlasRise/airflow/airflow_env/lib/python3.12/site-packages/airflow/example_dags/example_trigger_controller_dag.py
[2024-11-18T20:44:01.043+0500] {logging_mixin.py:190} INFO - [2024-11-18T20:44:01.043+0500] {dag.py:3239} INFO - Sync 1 DAGs
[2024-11-18T20:44:01.075+0500] {logging_mixin.py:190} INFO - [2024-11-18T20:44:01.074+0500] {dag.py:4180} INFO - Setting next_dagrun for example_trigger_controller_dag to 2021-01-01 00:00:00+00:00, run_after=2021-01-01 00:00:00+00:00
[2024-11-18T20:44:01.108+0500] {processor.py:208} INFO - Processing /home/AtlasRise/airflow/airflow_env/lib/python3.12/site-packages/airflow/example_dags/example_trigger_controller_dag.py took 0.111 seconds
[2024-11-18T20:45:04.468+0500] {processor.py:186} INFO - Started process (PID=19331) to work on /home/AtlasRise/airflow/airflow_env/lib/python3.12/site-packages/airflow/example_dags/example_trigger_controller_dag.py
[2024-11-18T20:45:04.470+0500] {processor.py:914} INFO - Processing file /home/AtlasRise/airflow/airflow_env/lib/python3.12/site-packages/airflow/example_dags/example_trigger_controller_dag.py for tasks to queue
[2024-11-18T20:45:04.473+0500] {logging_mixin.py:190} INFO - [2024-11-18T20:45:04.473+0500] {dagbag.py:588} INFO - Filling up the DagBag from /home/AtlasRise/airflow/airflow_env/lib/python3.12/site-packages/airflow/example_dags/example_trigger_controller_dag.py
[2024-11-18T20:45:04.484+0500] {processor.py:925} INFO - DAG(s) 'example_trigger_controller_dag' retrieved from /home/AtlasRise/airflow/airflow_env/lib/python3.12/site-packages/airflow/example_dags/example_trigger_controller_dag.py
[2024-11-18T20:45:04.508+0500] {logging_mixin.py:190} INFO - [2024-11-18T20:45:04.508+0500] {dag.py:3239} INFO - Sync 1 DAGs
[2024-11-18T20:45:04.539+0500] {logging_mixin.py:190} INFO - [2024-11-18T20:45:04.538+0500] {dag.py:4180} INFO - Setting next_dagrun for example_trigger_controller_dag to 2021-01-01 00:00:00+00:00, run_after=2021-01-01 00:00:00+00:00
[2024-11-18T20:45:04.569+0500] {processor.py:208} INFO - Processing /home/AtlasRise/airflow/airflow_env/lib/python3.12/site-packages/airflow/example_dags/example_trigger_controller_dag.py took 0.110 seconds
[2024-11-18T20:46:23.587+0500] {processor.py:186} INFO - Started process (PID=19544) to work on /home/AtlasRise/airflow/airflow_env/lib/python3.12/site-packages/airflow/example_dags/example_trigger_controller_dag.py
[2024-11-18T20:46:23.592+0500] {processor.py:914} INFO - Processing file /home/AtlasRise/airflow/airflow_env/lib/python3.12/site-packages/airflow/example_dags/example_trigger_controller_dag.py for tasks to queue
[2024-11-18T20:46:23.597+0500] {logging_mixin.py:190} INFO - [2024-11-18T20:46:23.596+0500] {dagbag.py:588} INFO - Filling up the DagBag from /home/AtlasRise/airflow/airflow_env/lib/python3.12/site-packages/airflow/example_dags/example_trigger_controller_dag.py
[2024-11-18T20:46:23.607+0500] {processor.py:925} INFO - DAG(s) 'example_trigger_controller_dag' retrieved from /home/AtlasRise/airflow/airflow_env/lib/python3.12/site-packages/airflow/example_dags/example_trigger_controller_dag.py
[2024-11-18T20:46:23.647+0500] {logging_mixin.py:190} INFO - [2024-11-18T20:46:23.646+0500] {dag.py:3239} INFO - Sync 1 DAGs
[2024-11-18T20:46:23.683+0500] {logging_mixin.py:190} INFO - [2024-11-18T20:46:23.682+0500] {dag.py:4180} INFO - Setting next_dagrun for example_trigger_controller_dag to 2021-01-01 00:00:00+00:00, run_after=2021-01-01 00:00:00+00:00
[2024-11-18T20:46:23.720+0500] {processor.py:208} INFO - Processing /home/AtlasRise/airflow/airflow_env/lib/python3.12/site-packages/airflow/example_dags/example_trigger_controller_dag.py took 0.150 seconds
[2024-11-18T20:47:35.130+0500] {processor.py:186} INFO - Started process (PID=19656) to work on /home/AtlasRise/airflow/airflow_env/lib/python3.12/site-packages/airflow/example_dags/example_trigger_controller_dag.py
[2024-11-18T20:47:35.131+0500] {processor.py:914} INFO - Processing file /home/AtlasRise/airflow/airflow_env/lib/python3.12/site-packages/airflow/example_dags/example_trigger_controller_dag.py for tasks to queue
[2024-11-18T20:47:35.135+0500] {logging_mixin.py:190} INFO - [2024-11-18T20:47:35.134+0500] {dagbag.py:588} INFO - Filling up the DagBag from /home/AtlasRise/airflow/airflow_env/lib/python3.12/site-packages/airflow/example_dags/example_trigger_controller_dag.py
[2024-11-18T20:47:35.146+0500] {processor.py:925} INFO - DAG(s) 'example_trigger_controller_dag' retrieved from /home/AtlasRise/airflow/airflow_env/lib/python3.12/site-packages/airflow/example_dags/example_trigger_controller_dag.py
[2024-11-18T20:47:35.169+0500] {logging_mixin.py:190} INFO - [2024-11-18T20:47:35.169+0500] {dag.py:3239} INFO - Sync 1 DAGs
[2024-11-18T20:47:35.228+0500] {logging_mixin.py:190} INFO - [2024-11-18T20:47:35.227+0500] {dag.py:4180} INFO - Setting next_dagrun for example_trigger_controller_dag to 2021-01-01 00:00:00+00:00, run_after=2021-01-01 00:00:00+00:00
[2024-11-18T20:47:35.303+0500] {processor.py:208} INFO - Processing /home/AtlasRise/airflow/airflow_env/lib/python3.12/site-packages/airflow/example_dags/example_trigger_controller_dag.py took 0.182 seconds
[2024-11-18T20:48:38.370+0500] {processor.py:186} INFO - Started process (PID=19792) to work on /home/AtlasRise/airflow/airflow_env/lib/python3.12/site-packages/airflow/example_dags/example_trigger_controller_dag.py
[2024-11-18T20:48:38.371+0500] {processor.py:914} INFO - Processing file /home/AtlasRise/airflow/airflow_env/lib/python3.12/site-packages/airflow/example_dags/example_trigger_controller_dag.py for tasks to queue
[2024-11-18T20:48:38.374+0500] {logging_mixin.py:190} INFO - [2024-11-18T20:48:38.374+0500] {dagbag.py:588} INFO - Filling up the DagBag from /home/AtlasRise/airflow/airflow_env/lib/python3.12/site-packages/airflow/example_dags/example_trigger_controller_dag.py
[2024-11-18T20:48:38.385+0500] {processor.py:925} INFO - DAG(s) 'example_trigger_controller_dag' retrieved from /home/AtlasRise/airflow/airflow_env/lib/python3.12/site-packages/airflow/example_dags/example_trigger_controller_dag.py
[2024-11-18T20:48:38.406+0500] {logging_mixin.py:190} INFO - [2024-11-18T20:48:38.406+0500] {dag.py:3239} INFO - Sync 1 DAGs
[2024-11-18T20:48:38.438+0500] {logging_mixin.py:190} INFO - [2024-11-18T20:48:38.438+0500] {dag.py:4180} INFO - Setting next_dagrun for example_trigger_controller_dag to 2021-01-01 00:00:00+00:00, run_after=2021-01-01 00:00:00+00:00
[2024-11-18T20:48:38.471+0500] {processor.py:208} INFO - Processing /home/AtlasRise/airflow/airflow_env/lib/python3.12/site-packages/airflow/example_dags/example_trigger_controller_dag.py took 0.109 seconds
[2024-11-18T20:49:48.659+0500] {processor.py:186} INFO - Started process (PID=19867) to work on /home/AtlasRise/airflow/airflow_env/lib/python3.12/site-packages/airflow/example_dags/example_trigger_controller_dag.py
[2024-11-18T20:49:48.661+0500] {processor.py:914} INFO - Processing file /home/AtlasRise/airflow/airflow_env/lib/python3.12/site-packages/airflow/example_dags/example_trigger_controller_dag.py for tasks to queue
[2024-11-18T20:49:48.665+0500] {logging_mixin.py:190} INFO - [2024-11-18T20:49:48.665+0500] {dagbag.py:588} INFO - Filling up the DagBag from /home/AtlasRise/airflow/airflow_env/lib/python3.12/site-packages/airflow/example_dags/example_trigger_controller_dag.py
[2024-11-18T20:49:48.676+0500] {processor.py:925} INFO - DAG(s) 'example_trigger_controller_dag' retrieved from /home/AtlasRise/airflow/airflow_env/lib/python3.12/site-packages/airflow/example_dags/example_trigger_controller_dag.py
[2024-11-18T20:49:48.698+0500] {logging_mixin.py:190} INFO - [2024-11-18T20:49:48.697+0500] {dag.py:3239} INFO - Sync 1 DAGs
[2024-11-18T20:49:48.730+0500] {logging_mixin.py:190} INFO - [2024-11-18T20:49:48.729+0500] {dag.py:4180} INFO - Setting next_dagrun for example_trigger_controller_dag to 2021-01-01 00:00:00+00:00, run_after=2021-01-01 00:00:00+00:00
[2024-11-18T20:49:48.764+0500] {processor.py:208} INFO - Processing /home/AtlasRise/airflow/airflow_env/lib/python3.12/site-packages/airflow/example_dags/example_trigger_controller_dag.py took 0.116 seconds
[2024-11-18T20:50:59.578+0500] {processor.py:186} INFO - Started process (PID=19940) to work on /home/AtlasRise/airflow/airflow_env/lib/python3.12/site-packages/airflow/example_dags/example_trigger_controller_dag.py
[2024-11-18T20:50:59.580+0500] {processor.py:914} INFO - Processing file /home/AtlasRise/airflow/airflow_env/lib/python3.12/site-packages/airflow/example_dags/example_trigger_controller_dag.py for tasks to queue
[2024-11-18T20:50:59.583+0500] {logging_mixin.py:190} INFO - [2024-11-18T20:50:59.582+0500] {dagbag.py:588} INFO - Filling up the DagBag from /home/AtlasRise/airflow/airflow_env/lib/python3.12/site-packages/airflow/example_dags/example_trigger_controller_dag.py
[2024-11-18T20:50:59.593+0500] {processor.py:925} INFO - DAG(s) 'example_trigger_controller_dag' retrieved from /home/AtlasRise/airflow/airflow_env/lib/python3.12/site-packages/airflow/example_dags/example_trigger_controller_dag.py
[2024-11-18T20:50:59.615+0500] {logging_mixin.py:190} INFO - [2024-11-18T20:50:59.615+0500] {dag.py:3239} INFO - Sync 1 DAGs
[2024-11-18T20:50:59.648+0500] {logging_mixin.py:190} INFO - [2024-11-18T20:50:59.647+0500] {dag.py:4180} INFO - Setting next_dagrun for example_trigger_controller_dag to 2021-01-01 00:00:00+00:00, run_after=2021-01-01 00:00:00+00:00
[2024-11-18T20:50:59.681+0500] {processor.py:208} INFO - Processing /home/AtlasRise/airflow/airflow_env/lib/python3.12/site-packages/airflow/example_dags/example_trigger_controller_dag.py took 0.112 seconds
[2024-11-18T20:52:12.523+0500] {processor.py:186} INFO - Started process (PID=20027) to work on /home/AtlasRise/airflow/airflow_env/lib/python3.12/site-packages/airflow/example_dags/example_trigger_controller_dag.py
[2024-11-18T20:52:12.524+0500] {processor.py:914} INFO - Processing file /home/AtlasRise/airflow/airflow_env/lib/python3.12/site-packages/airflow/example_dags/example_trigger_controller_dag.py for tasks to queue
[2024-11-18T20:52:12.527+0500] {logging_mixin.py:190} INFO - [2024-11-18T20:52:12.527+0500] {dagbag.py:588} INFO - Filling up the DagBag from /home/AtlasRise/airflow/airflow_env/lib/python3.12/site-packages/airflow/example_dags/example_trigger_controller_dag.py
[2024-11-18T20:52:12.538+0500] {processor.py:925} INFO - DAG(s) 'example_trigger_controller_dag' retrieved from /home/AtlasRise/airflow/airflow_env/lib/python3.12/site-packages/airflow/example_dags/example_trigger_controller_dag.py
[2024-11-18T20:52:12.560+0500] {logging_mixin.py:190} INFO - [2024-11-18T20:52:12.559+0500] {dag.py:3239} INFO - Sync 1 DAGs
[2024-11-18T20:52:12.593+0500] {logging_mixin.py:190} INFO - [2024-11-18T20:52:12.592+0500] {dag.py:4180} INFO - Setting next_dagrun for example_trigger_controller_dag to 2021-01-01 00:00:00+00:00, run_after=2021-01-01 00:00:00+00:00
[2024-11-18T20:52:12.625+0500] {processor.py:208} INFO - Processing /home/AtlasRise/airflow/airflow_env/lib/python3.12/site-packages/airflow/example_dags/example_trigger_controller_dag.py took 0.110 seconds
[2024-11-18T20:53:16.467+0500] {processor.py:186} INFO - Started process (PID=20098) to work on /home/AtlasRise/airflow/airflow_env/lib/python3.12/site-packages/airflow/example_dags/example_trigger_controller_dag.py
[2024-11-18T20:53:16.470+0500] {processor.py:914} INFO - Processing file /home/AtlasRise/airflow/airflow_env/lib/python3.12/site-packages/airflow/example_dags/example_trigger_controller_dag.py for tasks to queue
[2024-11-18T20:53:16.473+0500] {logging_mixin.py:190} INFO - [2024-11-18T20:53:16.472+0500] {dagbag.py:588} INFO - Filling up the DagBag from /home/AtlasRise/airflow/airflow_env/lib/python3.12/site-packages/airflow/example_dags/example_trigger_controller_dag.py
[2024-11-18T20:53:16.484+0500] {processor.py:925} INFO - DAG(s) 'example_trigger_controller_dag' retrieved from /home/AtlasRise/airflow/airflow_env/lib/python3.12/site-packages/airflow/example_dags/example_trigger_controller_dag.py
[2024-11-18T20:53:16.507+0500] {logging_mixin.py:190} INFO - [2024-11-18T20:53:16.507+0500] {dag.py:3239} INFO - Sync 1 DAGs
[2024-11-18T20:53:16.540+0500] {logging_mixin.py:190} INFO - [2024-11-18T20:53:16.540+0500] {dag.py:4180} INFO - Setting next_dagrun for example_trigger_controller_dag to 2021-01-01 00:00:00+00:00, run_after=2021-01-01 00:00:00+00:00
[2024-11-18T20:53:16.573+0500] {processor.py:208} INFO - Processing /home/AtlasRise/airflow/airflow_env/lib/python3.12/site-packages/airflow/example_dags/example_trigger_controller_dag.py took 0.114 seconds
[2024-11-18T20:54:28.182+0500] {processor.py:186} INFO - Started process (PID=20190) to work on /home/AtlasRise/airflow/airflow_env/lib/python3.12/site-packages/airflow/example_dags/example_trigger_controller_dag.py
[2024-11-18T20:54:28.183+0500] {processor.py:914} INFO - Processing file /home/AtlasRise/airflow/airflow_env/lib/python3.12/site-packages/airflow/example_dags/example_trigger_controller_dag.py for tasks to queue
[2024-11-18T20:54:28.186+0500] {logging_mixin.py:190} INFO - [2024-11-18T20:54:28.185+0500] {dagbag.py:588} INFO - Filling up the DagBag from /home/AtlasRise/airflow/airflow_env/lib/python3.12/site-packages/airflow/example_dags/example_trigger_controller_dag.py
[2024-11-18T20:54:28.197+0500] {processor.py:925} INFO - DAG(s) 'example_trigger_controller_dag' retrieved from /home/AtlasRise/airflow/airflow_env/lib/python3.12/site-packages/airflow/example_dags/example_trigger_controller_dag.py
[2024-11-18T20:54:28.221+0500] {logging_mixin.py:190} INFO - [2024-11-18T20:54:28.221+0500] {dag.py:3239} INFO - Sync 1 DAGs
[2024-11-18T20:54:28.257+0500] {logging_mixin.py:190} INFO - [2024-11-18T20:54:28.256+0500] {dag.py:4180} INFO - Setting next_dagrun for example_trigger_controller_dag to 2021-01-01 00:00:00+00:00, run_after=2021-01-01 00:00:00+00:00
[2024-11-18T20:54:28.296+0500] {processor.py:208} INFO - Processing /home/AtlasRise/airflow/airflow_env/lib/python3.12/site-packages/airflow/example_dags/example_trigger_controller_dag.py took 0.123 seconds
[2024-11-18T20:55:14.753+0500] {processor.py:186} INFO - Started process (PID=20234) to work on /home/AtlasRise/airflow/airflow_env/lib/python3.12/site-packages/airflow/example_dags/example_trigger_controller_dag.py
[2024-11-18T20:55:14.755+0500] {processor.py:914} INFO - Processing file /home/AtlasRise/airflow/airflow_env/lib/python3.12/site-packages/airflow/example_dags/example_trigger_controller_dag.py for tasks to queue
[2024-11-18T20:55:14.758+0500] {logging_mixin.py:190} INFO - [2024-11-18T20:55:14.758+0500] {dagbag.py:588} INFO - Filling up the DagBag from /home/AtlasRise/airflow/airflow_env/lib/python3.12/site-packages/airflow/example_dags/example_trigger_controller_dag.py
[2024-11-18T20:55:14.768+0500] {processor.py:925} INFO - DAG(s) 'example_trigger_controller_dag' retrieved from /home/AtlasRise/airflow/airflow_env/lib/python3.12/site-packages/airflow/example_dags/example_trigger_controller_dag.py
[2024-11-18T20:55:14.791+0500] {logging_mixin.py:190} INFO - [2024-11-18T20:55:14.791+0500] {dag.py:3239} INFO - Sync 1 DAGs
[2024-11-18T20:55:14.824+0500] {logging_mixin.py:190} INFO - [2024-11-18T20:55:14.824+0500] {dag.py:4180} INFO - Setting next_dagrun for example_trigger_controller_dag to 2021-01-01 00:00:00+00:00, run_after=2021-01-01 00:00:00+00:00
[2024-11-18T20:55:14.856+0500] {processor.py:208} INFO - Processing /home/AtlasRise/airflow/airflow_env/lib/python3.12/site-packages/airflow/example_dags/example_trigger_controller_dag.py took 0.112 seconds
[2024-11-18T20:55:59.913+0500] {processor.py:186} INFO - Started process (PID=20283) to work on /home/AtlasRise/airflow/airflow_env/lib/python3.12/site-packages/airflow/example_dags/example_trigger_controller_dag.py
[2024-11-18T20:55:59.915+0500] {processor.py:914} INFO - Processing file /home/AtlasRise/airflow/airflow_env/lib/python3.12/site-packages/airflow/example_dags/example_trigger_controller_dag.py for tasks to queue
[2024-11-18T20:55:59.919+0500] {logging_mixin.py:190} INFO - [2024-11-18T20:55:59.918+0500] {dagbag.py:588} INFO - Filling up the DagBag from /home/AtlasRise/airflow/airflow_env/lib/python3.12/site-packages/airflow/example_dags/example_trigger_controller_dag.py
[2024-11-18T20:55:59.930+0500] {processor.py:925} INFO - DAG(s) 'example_trigger_controller_dag' retrieved from /home/AtlasRise/airflow/airflow_env/lib/python3.12/site-packages/airflow/example_dags/example_trigger_controller_dag.py
[2024-11-18T20:55:59.952+0500] {logging_mixin.py:190} INFO - [2024-11-18T20:55:59.952+0500] {dag.py:3239} INFO - Sync 1 DAGs
[2024-11-18T20:55:59.986+0500] {logging_mixin.py:190} INFO - [2024-11-18T20:55:59.986+0500] {dag.py:4180} INFO - Setting next_dagrun for example_trigger_controller_dag to 2021-01-01 00:00:00+00:00, run_after=2021-01-01 00:00:00+00:00
[2024-11-18T20:56:00.020+0500] {processor.py:208} INFO - Processing /home/AtlasRise/airflow/airflow_env/lib/python3.12/site-packages/airflow/example_dags/example_trigger_controller_dag.py took 0.115 seconds
[2024-11-18T20:57:15.337+0500] {processor.py:186} INFO - Started process (PID=20368) to work on /home/AtlasRise/airflow/airflow_env/lib/python3.12/site-packages/airflow/example_dags/example_trigger_controller_dag.py
[2024-11-18T20:57:15.339+0500] {processor.py:914} INFO - Processing file /home/AtlasRise/airflow/airflow_env/lib/python3.12/site-packages/airflow/example_dags/example_trigger_controller_dag.py for tasks to queue
[2024-11-18T20:57:15.342+0500] {logging_mixin.py:190} INFO - [2024-11-18T20:57:15.342+0500] {dagbag.py:588} INFO - Filling up the DagBag from /home/AtlasRise/airflow/airflow_env/lib/python3.12/site-packages/airflow/example_dags/example_trigger_controller_dag.py
[2024-11-18T20:57:15.353+0500] {processor.py:925} INFO - DAG(s) 'example_trigger_controller_dag' retrieved from /home/AtlasRise/airflow/airflow_env/lib/python3.12/site-packages/airflow/example_dags/example_trigger_controller_dag.py
[2024-11-18T20:57:15.376+0500] {logging_mixin.py:190} INFO - [2024-11-18T20:57:15.376+0500] {dag.py:3239} INFO - Sync 1 DAGs
[2024-11-18T20:57:15.410+0500] {logging_mixin.py:190} INFO - [2024-11-18T20:57:15.409+0500] {dag.py:4180} INFO - Setting next_dagrun for example_trigger_controller_dag to 2021-01-01 00:00:00+00:00, run_after=2021-01-01 00:00:00+00:00
[2024-11-18T20:57:15.444+0500] {processor.py:208} INFO - Processing /home/AtlasRise/airflow/airflow_env/lib/python3.12/site-packages/airflow/example_dags/example_trigger_controller_dag.py took 0.116 seconds
[2024-11-18T20:58:24.533+0500] {processor.py:186} INFO - Started process (PID=20446) to work on /home/AtlasRise/airflow/airflow_env/lib/python3.12/site-packages/airflow/example_dags/example_trigger_controller_dag.py
[2024-11-18T20:58:24.536+0500] {processor.py:914} INFO - Processing file /home/AtlasRise/airflow/airflow_env/lib/python3.12/site-packages/airflow/example_dags/example_trigger_controller_dag.py for tasks to queue
[2024-11-18T20:58:24.539+0500] {logging_mixin.py:190} INFO - [2024-11-18T20:58:24.538+0500] {dagbag.py:588} INFO - Filling up the DagBag from /home/AtlasRise/airflow/airflow_env/lib/python3.12/site-packages/airflow/example_dags/example_trigger_controller_dag.py
[2024-11-18T20:58:24.549+0500] {processor.py:925} INFO - DAG(s) 'example_trigger_controller_dag' retrieved from /home/AtlasRise/airflow/airflow_env/lib/python3.12/site-packages/airflow/example_dags/example_trigger_controller_dag.py
[2024-11-18T20:58:24.573+0500] {logging_mixin.py:190} INFO - [2024-11-18T20:58:24.572+0500] {dag.py:3239} INFO - Sync 1 DAGs
[2024-11-18T20:58:24.606+0500] {logging_mixin.py:190} INFO - [2024-11-18T20:58:24.605+0500] {dag.py:4180} INFO - Setting next_dagrun for example_trigger_controller_dag to 2021-01-01 00:00:00+00:00, run_after=2021-01-01 00:00:00+00:00
[2024-11-18T20:58:24.643+0500] {processor.py:208} INFO - Processing /home/AtlasRise/airflow/airflow_env/lib/python3.12/site-packages/airflow/example_dags/example_trigger_controller_dag.py took 0.119 seconds
[2024-11-18T20:59:34.390+0500] {processor.py:186} INFO - Started process (PID=20535) to work on /home/AtlasRise/airflow/airflow_env/lib/python3.12/site-packages/airflow/example_dags/example_trigger_controller_dag.py
[2024-11-18T20:59:34.392+0500] {processor.py:914} INFO - Processing file /home/AtlasRise/airflow/airflow_env/lib/python3.12/site-packages/airflow/example_dags/example_trigger_controller_dag.py for tasks to queue
[2024-11-18T20:59:34.396+0500] {logging_mixin.py:190} INFO - [2024-11-18T20:59:34.395+0500] {dagbag.py:588} INFO - Filling up the DagBag from /home/AtlasRise/airflow/airflow_env/lib/python3.12/site-packages/airflow/example_dags/example_trigger_controller_dag.py
[2024-11-18T20:59:34.406+0500] {processor.py:925} INFO - DAG(s) 'example_trigger_controller_dag' retrieved from /home/AtlasRise/airflow/airflow_env/lib/python3.12/site-packages/airflow/example_dags/example_trigger_controller_dag.py
[2024-11-18T20:59:34.427+0500] {logging_mixin.py:190} INFO - [2024-11-18T20:59:34.427+0500] {dag.py:3239} INFO - Sync 1 DAGs
[2024-11-18T20:59:34.460+0500] {logging_mixin.py:190} INFO - [2024-11-18T20:59:34.459+0500] {dag.py:4180} INFO - Setting next_dagrun for example_trigger_controller_dag to 2021-01-01 00:00:00+00:00, run_after=2021-01-01 00:00:00+00:00
[2024-11-18T20:59:34.496+0500] {processor.py:208} INFO - Processing /home/AtlasRise/airflow/airflow_env/lib/python3.12/site-packages/airflow/example_dags/example_trigger_controller_dag.py took 0.115 seconds
[2024-11-18T21:00:46.372+0500] {processor.py:186} INFO - Started process (PID=20608) to work on /home/AtlasRise/airflow/airflow_env/lib/python3.12/site-packages/airflow/example_dags/example_trigger_controller_dag.py
[2024-11-18T21:00:46.378+0500] {processor.py:914} INFO - Processing file /home/AtlasRise/airflow/airflow_env/lib/python3.12/site-packages/airflow/example_dags/example_trigger_controller_dag.py for tasks to queue
[2024-11-18T21:00:46.381+0500] {logging_mixin.py:190} INFO - [2024-11-18T21:00:46.380+0500] {dagbag.py:588} INFO - Filling up the DagBag from /home/AtlasRise/airflow/airflow_env/lib/python3.12/site-packages/airflow/example_dags/example_trigger_controller_dag.py
[2024-11-18T21:00:46.391+0500] {processor.py:925} INFO - DAG(s) 'example_trigger_controller_dag' retrieved from /home/AtlasRise/airflow/airflow_env/lib/python3.12/site-packages/airflow/example_dags/example_trigger_controller_dag.py
[2024-11-18T21:00:46.413+0500] {logging_mixin.py:190} INFO - [2024-11-18T21:00:46.412+0500] {dag.py:3239} INFO - Sync 1 DAGs
[2024-11-18T21:00:46.445+0500] {logging_mixin.py:190} INFO - [2024-11-18T21:00:46.445+0500] {dag.py:4180} INFO - Setting next_dagrun for example_trigger_controller_dag to 2021-01-01 00:00:00+00:00, run_after=2021-01-01 00:00:00+00:00
[2024-11-18T21:00:46.479+0500] {processor.py:208} INFO - Processing /home/AtlasRise/airflow/airflow_env/lib/python3.12/site-packages/airflow/example_dags/example_trigger_controller_dag.py took 0.115 seconds
[2024-11-18T21:01:51.299+0500] {processor.py:186} INFO - Started process (PID=20690) to work on /home/AtlasRise/airflow/airflow_env/lib/python3.12/site-packages/airflow/example_dags/example_trigger_controller_dag.py
[2024-11-18T21:01:51.302+0500] {processor.py:914} INFO - Processing file /home/AtlasRise/airflow/airflow_env/lib/python3.12/site-packages/airflow/example_dags/example_trigger_controller_dag.py for tasks to queue
[2024-11-18T21:01:51.305+0500] {logging_mixin.py:190} INFO - [2024-11-18T21:01:51.304+0500] {dagbag.py:588} INFO - Filling up the DagBag from /home/AtlasRise/airflow/airflow_env/lib/python3.12/site-packages/airflow/example_dags/example_trigger_controller_dag.py
[2024-11-18T21:01:51.315+0500] {processor.py:925} INFO - DAG(s) 'example_trigger_controller_dag' retrieved from /home/AtlasRise/airflow/airflow_env/lib/python3.12/site-packages/airflow/example_dags/example_trigger_controller_dag.py
[2024-11-18T21:01:51.337+0500] {logging_mixin.py:190} INFO - [2024-11-18T21:01:51.337+0500] {dag.py:3239} INFO - Sync 1 DAGs
[2024-11-18T21:01:51.370+0500] {logging_mixin.py:190} INFO - [2024-11-18T21:01:51.369+0500] {dag.py:4180} INFO - Setting next_dagrun for example_trigger_controller_dag to 2021-01-01 00:00:00+00:00, run_after=2021-01-01 00:00:00+00:00
[2024-11-18T21:01:51.402+0500] {processor.py:208} INFO - Processing /home/AtlasRise/airflow/airflow_env/lib/python3.12/site-packages/airflow/example_dags/example_trigger_controller_dag.py took 0.110 seconds
[2024-11-18T21:03:05.508+0500] {processor.py:186} INFO - Started process (PID=20764) to work on /home/AtlasRise/airflow/airflow_env/lib/python3.12/site-packages/airflow/example_dags/example_trigger_controller_dag.py
[2024-11-18T21:03:05.510+0500] {processor.py:914} INFO - Processing file /home/AtlasRise/airflow/airflow_env/lib/python3.12/site-packages/airflow/example_dags/example_trigger_controller_dag.py for tasks to queue
[2024-11-18T21:03:05.513+0500] {logging_mixin.py:190} INFO - [2024-11-18T21:03:05.513+0500] {dagbag.py:588} INFO - Filling up the DagBag from /home/AtlasRise/airflow/airflow_env/lib/python3.12/site-packages/airflow/example_dags/example_trigger_controller_dag.py
[2024-11-18T21:03:05.523+0500] {processor.py:925} INFO - DAG(s) 'example_trigger_controller_dag' retrieved from /home/AtlasRise/airflow/airflow_env/lib/python3.12/site-packages/airflow/example_dags/example_trigger_controller_dag.py
[2024-11-18T21:03:05.545+0500] {logging_mixin.py:190} INFO - [2024-11-18T21:03:05.545+0500] {dag.py:3239} INFO - Sync 1 DAGs
[2024-11-18T21:03:05.578+0500] {logging_mixin.py:190} INFO - [2024-11-18T21:03:05.577+0500] {dag.py:4180} INFO - Setting next_dagrun for example_trigger_controller_dag to 2021-01-01 00:00:00+00:00, run_after=2021-01-01 00:00:00+00:00
[2024-11-18T21:03:05.610+0500] {processor.py:208} INFO - Processing /home/AtlasRise/airflow/airflow_env/lib/python3.12/site-packages/airflow/example_dags/example_trigger_controller_dag.py took 0.111 seconds
[2024-11-18T21:04:12.343+0500] {processor.py:186} INFO - Started process (PID=20847) to work on /home/AtlasRise/airflow/airflow_env/lib/python3.12/site-packages/airflow/example_dags/example_trigger_controller_dag.py
[2024-11-18T21:04:12.344+0500] {processor.py:914} INFO - Processing file /home/AtlasRise/airflow/airflow_env/lib/python3.12/site-packages/airflow/example_dags/example_trigger_controller_dag.py for tasks to queue
[2024-11-18T21:04:12.347+0500] {logging_mixin.py:190} INFO - [2024-11-18T21:04:12.346+0500] {dagbag.py:588} INFO - Filling up the DagBag from /home/AtlasRise/airflow/airflow_env/lib/python3.12/site-packages/airflow/example_dags/example_trigger_controller_dag.py
[2024-11-18T21:04:12.358+0500] {processor.py:925} INFO - DAG(s) 'example_trigger_controller_dag' retrieved from /home/AtlasRise/airflow/airflow_env/lib/python3.12/site-packages/airflow/example_dags/example_trigger_controller_dag.py
[2024-11-18T21:04:12.380+0500] {logging_mixin.py:190} INFO - [2024-11-18T21:04:12.380+0500] {dag.py:3239} INFO - Sync 1 DAGs
[2024-11-18T21:04:12.432+0500] {logging_mixin.py:190} INFO - [2024-11-18T21:04:12.432+0500] {dag.py:4180} INFO - Setting next_dagrun for example_trigger_controller_dag to 2021-01-01 00:00:00+00:00, run_after=2021-01-01 00:00:00+00:00
[2024-11-18T21:04:12.501+0500] {processor.py:208} INFO - Processing /home/AtlasRise/airflow/airflow_env/lib/python3.12/site-packages/airflow/example_dags/example_trigger_controller_dag.py took 0.167 seconds
[2024-11-18T21:05:18.958+0500] {processor.py:186} INFO - Started process (PID=20937) to work on /home/AtlasRise/airflow/airflow_env/lib/python3.12/site-packages/airflow/example_dags/example_trigger_controller_dag.py
[2024-11-18T21:05:18.959+0500] {processor.py:914} INFO - Processing file /home/AtlasRise/airflow/airflow_env/lib/python3.12/site-packages/airflow/example_dags/example_trigger_controller_dag.py for tasks to queue
[2024-11-18T21:05:18.964+0500] {logging_mixin.py:190} INFO - [2024-11-18T21:05:18.962+0500] {dagbag.py:588} INFO - Filling up the DagBag from /home/AtlasRise/airflow/airflow_env/lib/python3.12/site-packages/airflow/example_dags/example_trigger_controller_dag.py
[2024-11-18T21:05:18.974+0500] {processor.py:925} INFO - DAG(s) 'example_trigger_controller_dag' retrieved from /home/AtlasRise/airflow/airflow_env/lib/python3.12/site-packages/airflow/example_dags/example_trigger_controller_dag.py
[2024-11-18T21:05:18.997+0500] {logging_mixin.py:190} INFO - [2024-11-18T21:05:18.997+0500] {dag.py:3239} INFO - Sync 1 DAGs
[2024-11-18T21:05:19.030+0500] {logging_mixin.py:190} INFO - [2024-11-18T21:05:19.030+0500] {dag.py:4180} INFO - Setting next_dagrun for example_trigger_controller_dag to 2021-01-01 00:00:00+00:00, run_after=2021-01-01 00:00:00+00:00
[2024-11-18T21:05:19.066+0500] {processor.py:208} INFO - Processing /home/AtlasRise/airflow/airflow_env/lib/python3.12/site-packages/airflow/example_dags/example_trigger_controller_dag.py took 0.117 seconds
[2024-11-18T21:06:26.836+0500] {processor.py:186} INFO - Started process (PID=21020) to work on /home/AtlasRise/airflow/airflow_env/lib/python3.12/site-packages/airflow/example_dags/example_trigger_controller_dag.py
[2024-11-18T21:06:26.839+0500] {processor.py:914} INFO - Processing file /home/AtlasRise/airflow/airflow_env/lib/python3.12/site-packages/airflow/example_dags/example_trigger_controller_dag.py for tasks to queue
[2024-11-18T21:06:26.842+0500] {logging_mixin.py:190} INFO - [2024-11-18T21:06:26.841+0500] {dagbag.py:588} INFO - Filling up the DagBag from /home/AtlasRise/airflow/airflow_env/lib/python3.12/site-packages/airflow/example_dags/example_trigger_controller_dag.py
[2024-11-18T21:06:26.852+0500] {processor.py:925} INFO - DAG(s) 'example_trigger_controller_dag' retrieved from /home/AtlasRise/airflow/airflow_env/lib/python3.12/site-packages/airflow/example_dags/example_trigger_controller_dag.py
[2024-11-18T21:06:26.875+0500] {logging_mixin.py:190} INFO - [2024-11-18T21:06:26.874+0500] {dag.py:3239} INFO - Sync 1 DAGs
[2024-11-18T21:06:26.907+0500] {logging_mixin.py:190} INFO - [2024-11-18T21:06:26.906+0500] {dag.py:4180} INFO - Setting next_dagrun for example_trigger_controller_dag to 2021-01-01 00:00:00+00:00, run_after=2021-01-01 00:00:00+00:00
[2024-11-18T21:06:26.939+0500] {processor.py:208} INFO - Processing /home/AtlasRise/airflow/airflow_env/lib/python3.12/site-packages/airflow/example_dags/example_trigger_controller_dag.py took 0.111 seconds
[2024-11-18T21:07:11.355+0500] {processor.py:186} INFO - Started process (PID=21086) to work on /home/AtlasRise/airflow/airflow_env/lib/python3.12/site-packages/airflow/example_dags/example_trigger_controller_dag.py
[2024-11-18T21:07:11.356+0500] {processor.py:914} INFO - Processing file /home/AtlasRise/airflow/airflow_env/lib/python3.12/site-packages/airflow/example_dags/example_trigger_controller_dag.py for tasks to queue
[2024-11-18T21:07:11.359+0500] {logging_mixin.py:190} INFO - [2024-11-18T21:07:11.359+0500] {dagbag.py:588} INFO - Filling up the DagBag from /home/AtlasRise/airflow/airflow_env/lib/python3.12/site-packages/airflow/example_dags/example_trigger_controller_dag.py
[2024-11-18T21:07:11.370+0500] {processor.py:925} INFO - DAG(s) 'example_trigger_controller_dag' retrieved from /home/AtlasRise/airflow/airflow_env/lib/python3.12/site-packages/airflow/example_dags/example_trigger_controller_dag.py
[2024-11-18T21:07:11.393+0500] {logging_mixin.py:190} INFO - [2024-11-18T21:07:11.392+0500] {dag.py:3239} INFO - Sync 1 DAGs
[2024-11-18T21:07:11.425+0500] {logging_mixin.py:190} INFO - [2024-11-18T21:07:11.425+0500] {dag.py:4180} INFO - Setting next_dagrun for example_trigger_controller_dag to 2021-01-01 00:00:00+00:00, run_after=2021-01-01 00:00:00+00:00
[2024-11-18T21:07:11.459+0500] {processor.py:208} INFO - Processing /home/AtlasRise/airflow/airflow_env/lib/python3.12/site-packages/airflow/example_dags/example_trigger_controller_dag.py took 0.113 seconds
[2024-11-18T21:08:19.845+0500] {processor.py:186} INFO - Started process (PID=21155) to work on /home/AtlasRise/airflow/airflow_env/lib/python3.12/site-packages/airflow/example_dags/example_trigger_controller_dag.py
[2024-11-18T21:08:19.847+0500] {processor.py:914} INFO - Processing file /home/AtlasRise/airflow/airflow_env/lib/python3.12/site-packages/airflow/example_dags/example_trigger_controller_dag.py for tasks to queue
[2024-11-18T21:08:19.850+0500] {logging_mixin.py:190} INFO - [2024-11-18T21:08:19.849+0500] {dagbag.py:588} INFO - Filling up the DagBag from /home/AtlasRise/airflow/airflow_env/lib/python3.12/site-packages/airflow/example_dags/example_trigger_controller_dag.py
[2024-11-18T21:08:19.861+0500] {processor.py:925} INFO - DAG(s) 'example_trigger_controller_dag' retrieved from /home/AtlasRise/airflow/airflow_env/lib/python3.12/site-packages/airflow/example_dags/example_trigger_controller_dag.py
[2024-11-18T21:08:19.884+0500] {logging_mixin.py:190} INFO - [2024-11-18T21:08:19.883+0500] {dag.py:3239} INFO - Sync 1 DAGs
[2024-11-18T21:08:19.919+0500] {logging_mixin.py:190} INFO - [2024-11-18T21:08:19.918+0500] {dag.py:4180} INFO - Setting next_dagrun for example_trigger_controller_dag to 2021-01-01 00:00:00+00:00, run_after=2021-01-01 00:00:00+00:00
[2024-11-18T21:08:19.955+0500] {processor.py:208} INFO - Processing /home/AtlasRise/airflow/airflow_env/lib/python3.12/site-packages/airflow/example_dags/example_trigger_controller_dag.py took 0.118 seconds
[2024-11-18T21:09:26.329+0500] {processor.py:186} INFO - Started process (PID=21254) to work on /home/AtlasRise/airflow/airflow_env/lib/python3.12/site-packages/airflow/example_dags/example_trigger_controller_dag.py
[2024-11-18T21:09:26.331+0500] {processor.py:914} INFO - Processing file /home/AtlasRise/airflow/airflow_env/lib/python3.12/site-packages/airflow/example_dags/example_trigger_controller_dag.py for tasks to queue
[2024-11-18T21:09:26.334+0500] {logging_mixin.py:190} INFO - [2024-11-18T21:09:26.334+0500] {dagbag.py:588} INFO - Filling up the DagBag from /home/AtlasRise/airflow/airflow_env/lib/python3.12/site-packages/airflow/example_dags/example_trigger_controller_dag.py
[2024-11-18T21:09:26.344+0500] {processor.py:925} INFO - DAG(s) 'example_trigger_controller_dag' retrieved from /home/AtlasRise/airflow/airflow_env/lib/python3.12/site-packages/airflow/example_dags/example_trigger_controller_dag.py
[2024-11-18T21:09:26.367+0500] {logging_mixin.py:190} INFO - [2024-11-18T21:09:26.367+0500] {dag.py:3239} INFO - Sync 1 DAGs
[2024-11-18T21:09:26.404+0500] {logging_mixin.py:190} INFO - [2024-11-18T21:09:26.404+0500] {dag.py:4180} INFO - Setting next_dagrun for example_trigger_controller_dag to 2021-01-01 00:00:00+00:00, run_after=2021-01-01 00:00:00+00:00
[2024-11-18T21:09:26.448+0500] {processor.py:208} INFO - Processing /home/AtlasRise/airflow/airflow_env/lib/python3.12/site-packages/airflow/example_dags/example_trigger_controller_dag.py took 0.128 seconds
[2024-11-18T21:10:39.852+0500] {processor.py:186} INFO - Started process (PID=21346) to work on /home/AtlasRise/airflow/airflow_env/lib/python3.12/site-packages/airflow/example_dags/example_trigger_controller_dag.py
[2024-11-18T21:10:39.853+0500] {processor.py:914} INFO - Processing file /home/AtlasRise/airflow/airflow_env/lib/python3.12/site-packages/airflow/example_dags/example_trigger_controller_dag.py for tasks to queue
[2024-11-18T21:10:39.857+0500] {logging_mixin.py:190} INFO - [2024-11-18T21:10:39.856+0500] {dagbag.py:588} INFO - Filling up the DagBag from /home/AtlasRise/airflow/airflow_env/lib/python3.12/site-packages/airflow/example_dags/example_trigger_controller_dag.py
[2024-11-18T21:10:39.868+0500] {processor.py:925} INFO - DAG(s) 'example_trigger_controller_dag' retrieved from /home/AtlasRise/airflow/airflow_env/lib/python3.12/site-packages/airflow/example_dags/example_trigger_controller_dag.py
[2024-11-18T21:10:39.891+0500] {logging_mixin.py:190} INFO - [2024-11-18T21:10:39.890+0500] {dag.py:3239} INFO - Sync 1 DAGs
[2024-11-18T21:10:39.923+0500] {logging_mixin.py:190} INFO - [2024-11-18T21:10:39.922+0500] {dag.py:4180} INFO - Setting next_dagrun for example_trigger_controller_dag to 2021-01-01 00:00:00+00:00, run_after=2021-01-01 00:00:00+00:00
[2024-11-18T21:10:39.957+0500] {processor.py:208} INFO - Processing /home/AtlasRise/airflow/airflow_env/lib/python3.12/site-packages/airflow/example_dags/example_trigger_controller_dag.py took 0.113 seconds
[2024-11-18T21:12:04.597+0500] {processor.py:186} INFO - Started process (PID=21488) to work on /home/AtlasRise/airflow/airflow_env/lib/python3.12/site-packages/airflow/example_dags/example_trigger_controller_dag.py
[2024-11-18T21:12:04.598+0500] {processor.py:914} INFO - Processing file /home/AtlasRise/airflow/airflow_env/lib/python3.12/site-packages/airflow/example_dags/example_trigger_controller_dag.py for tasks to queue
[2024-11-18T21:12:04.601+0500] {logging_mixin.py:190} INFO - [2024-11-18T21:12:04.601+0500] {dagbag.py:588} INFO - Filling up the DagBag from /home/AtlasRise/airflow/airflow_env/lib/python3.12/site-packages/airflow/example_dags/example_trigger_controller_dag.py
[2024-11-18T21:12:04.612+0500] {processor.py:925} INFO - DAG(s) 'example_trigger_controller_dag' retrieved from /home/AtlasRise/airflow/airflow_env/lib/python3.12/site-packages/airflow/example_dags/example_trigger_controller_dag.py
[2024-11-18T21:12:04.635+0500] {logging_mixin.py:190} INFO - [2024-11-18T21:12:04.634+0500] {dag.py:3239} INFO - Sync 1 DAGs
[2024-11-18T21:12:04.668+0500] {logging_mixin.py:190} INFO - [2024-11-18T21:12:04.667+0500] {dag.py:4180} INFO - Setting next_dagrun for example_trigger_controller_dag to 2021-01-01 00:00:00+00:00, run_after=2021-01-01 00:00:00+00:00
[2024-11-18T21:12:04.702+0500] {processor.py:208} INFO - Processing /home/AtlasRise/airflow/airflow_env/lib/python3.12/site-packages/airflow/example_dags/example_trigger_controller_dag.py took 0.114 seconds
[2024-11-18T21:13:10.140+0500] {processor.py:186} INFO - Started process (PID=21570) to work on /home/AtlasRise/airflow/airflow_env/lib/python3.12/site-packages/airflow/example_dags/example_trigger_controller_dag.py
[2024-11-18T21:13:10.141+0500] {processor.py:914} INFO - Processing file /home/AtlasRise/airflow/airflow_env/lib/python3.12/site-packages/airflow/example_dags/example_trigger_controller_dag.py for tasks to queue
[2024-11-18T21:13:10.144+0500] {logging_mixin.py:190} INFO - [2024-11-18T21:13:10.144+0500] {dagbag.py:588} INFO - Filling up the DagBag from /home/AtlasRise/airflow/airflow_env/lib/python3.12/site-packages/airflow/example_dags/example_trigger_controller_dag.py
[2024-11-18T21:13:10.155+0500] {processor.py:925} INFO - DAG(s) 'example_trigger_controller_dag' retrieved from /home/AtlasRise/airflow/airflow_env/lib/python3.12/site-packages/airflow/example_dags/example_trigger_controller_dag.py
[2024-11-18T21:13:10.177+0500] {logging_mixin.py:190} INFO - [2024-11-18T21:13:10.177+0500] {dag.py:3239} INFO - Sync 1 DAGs
[2024-11-18T21:13:10.210+0500] {logging_mixin.py:190} INFO - [2024-11-18T21:13:10.210+0500] {dag.py:4180} INFO - Setting next_dagrun for example_trigger_controller_dag to 2021-01-01 00:00:00+00:00, run_after=2021-01-01 00:00:00+00:00
[2024-11-18T21:13:10.243+0500] {processor.py:208} INFO - Processing /home/AtlasRise/airflow/airflow_env/lib/python3.12/site-packages/airflow/example_dags/example_trigger_controller_dag.py took 0.111 seconds
[2024-11-18T21:14:00.016+0500] {processor.py:186} INFO - Started process (PID=21625) to work on /home/AtlasRise/airflow/airflow_env/lib/python3.12/site-packages/airflow/example_dags/example_trigger_controller_dag.py
[2024-11-18T21:14:00.018+0500] {processor.py:914} INFO - Processing file /home/AtlasRise/airflow/airflow_env/lib/python3.12/site-packages/airflow/example_dags/example_trigger_controller_dag.py for tasks to queue
[2024-11-18T21:14:00.021+0500] {logging_mixin.py:190} INFO - [2024-11-18T21:14:00.021+0500] {dagbag.py:588} INFO - Filling up the DagBag from /home/AtlasRise/airflow/airflow_env/lib/python3.12/site-packages/airflow/example_dags/example_trigger_controller_dag.py
[2024-11-18T21:14:00.031+0500] {processor.py:925} INFO - DAG(s) 'example_trigger_controller_dag' retrieved from /home/AtlasRise/airflow/airflow_env/lib/python3.12/site-packages/airflow/example_dags/example_trigger_controller_dag.py
[2024-11-18T21:14:00.053+0500] {logging_mixin.py:190} INFO - [2024-11-18T21:14:00.053+0500] {dag.py:3239} INFO - Sync 1 DAGs
[2024-11-18T21:14:00.087+0500] {logging_mixin.py:190} INFO - [2024-11-18T21:14:00.086+0500] {dag.py:4180} INFO - Setting next_dagrun for example_trigger_controller_dag to 2021-01-01 00:00:00+00:00, run_after=2021-01-01 00:00:00+00:00
[2024-11-18T21:14:00.122+0500] {processor.py:208} INFO - Processing /home/AtlasRise/airflow/airflow_env/lib/python3.12/site-packages/airflow/example_dags/example_trigger_controller_dag.py took 0.115 seconds
[2024-11-18T21:15:26.692+0500] {processor.py:186} INFO - Started process (PID=21746) to work on /home/AtlasRise/airflow/airflow_env/lib/python3.12/site-packages/airflow/example_dags/example_trigger_controller_dag.py
[2024-11-18T21:15:26.695+0500] {processor.py:914} INFO - Processing file /home/AtlasRise/airflow/airflow_env/lib/python3.12/site-packages/airflow/example_dags/example_trigger_controller_dag.py for tasks to queue
[2024-11-18T21:15:26.698+0500] {logging_mixin.py:190} INFO - [2024-11-18T21:15:26.698+0500] {dagbag.py:588} INFO - Filling up the DagBag from /home/AtlasRise/airflow/airflow_env/lib/python3.12/site-packages/airflow/example_dags/example_trigger_controller_dag.py
[2024-11-18T21:15:26.709+0500] {processor.py:925} INFO - DAG(s) 'example_trigger_controller_dag' retrieved from /home/AtlasRise/airflow/airflow_env/lib/python3.12/site-packages/airflow/example_dags/example_trigger_controller_dag.py
[2024-11-18T21:15:26.733+0500] {logging_mixin.py:190} INFO - [2024-11-18T21:15:26.732+0500] {dag.py:3239} INFO - Sync 1 DAGs
[2024-11-18T21:15:26.768+0500] {logging_mixin.py:190} INFO - [2024-11-18T21:15:26.767+0500] {dag.py:4180} INFO - Setting next_dagrun for example_trigger_controller_dag to 2021-01-01 00:00:00+00:00, run_after=2021-01-01 00:00:00+00:00
[2024-11-18T21:15:26.803+0500] {processor.py:208} INFO - Processing /home/AtlasRise/airflow/airflow_env/lib/python3.12/site-packages/airflow/example_dags/example_trigger_controller_dag.py took 0.119 seconds
[2024-11-18T21:16:13.532+0500] {processor.py:186} INFO - Started process (PID=21805) to work on /home/AtlasRise/airflow/airflow_env/lib/python3.12/site-packages/airflow/example_dags/example_trigger_controller_dag.py
[2024-11-18T21:16:13.535+0500] {processor.py:914} INFO - Processing file /home/AtlasRise/airflow/airflow_env/lib/python3.12/site-packages/airflow/example_dags/example_trigger_controller_dag.py for tasks to queue
[2024-11-18T21:16:13.538+0500] {logging_mixin.py:190} INFO - [2024-11-18T21:16:13.537+0500] {dagbag.py:588} INFO - Filling up the DagBag from /home/AtlasRise/airflow/airflow_env/lib/python3.12/site-packages/airflow/example_dags/example_trigger_controller_dag.py
[2024-11-18T21:16:13.548+0500] {processor.py:925} INFO - DAG(s) 'example_trigger_controller_dag' retrieved from /home/AtlasRise/airflow/airflow_env/lib/python3.12/site-packages/airflow/example_dags/example_trigger_controller_dag.py
[2024-11-18T21:16:13.570+0500] {logging_mixin.py:190} INFO - [2024-11-18T21:16:13.570+0500] {dag.py:3239} INFO - Sync 1 DAGs
[2024-11-18T21:16:13.603+0500] {logging_mixin.py:190} INFO - [2024-11-18T21:16:13.602+0500] {dag.py:4180} INFO - Setting next_dagrun for example_trigger_controller_dag to 2021-01-01 00:00:00+00:00, run_after=2021-01-01 00:00:00+00:00
[2024-11-18T21:16:13.656+0500] {processor.py:208} INFO - Processing /home/AtlasRise/airflow/airflow_env/lib/python3.12/site-packages/airflow/example_dags/example_trigger_controller_dag.py took 0.132 seconds
[2024-11-18T21:17:18.551+0500] {processor.py:186} INFO - Started process (PID=21904) to work on /home/AtlasRise/airflow/airflow_env/lib/python3.12/site-packages/airflow/example_dags/example_trigger_controller_dag.py
[2024-11-18T21:17:18.553+0500] {processor.py:914} INFO - Processing file /home/AtlasRise/airflow/airflow_env/lib/python3.12/site-packages/airflow/example_dags/example_trigger_controller_dag.py for tasks to queue
[2024-11-18T21:17:18.556+0500] {logging_mixin.py:190} INFO - [2024-11-18T21:17:18.556+0500] {dagbag.py:588} INFO - Filling up the DagBag from /home/AtlasRise/airflow/airflow_env/lib/python3.12/site-packages/airflow/example_dags/example_trigger_controller_dag.py
[2024-11-18T21:17:18.569+0500] {processor.py:925} INFO - DAG(s) 'example_trigger_controller_dag' retrieved from /home/AtlasRise/airflow/airflow_env/lib/python3.12/site-packages/airflow/example_dags/example_trigger_controller_dag.py
[2024-11-18T21:17:18.592+0500] {logging_mixin.py:190} INFO - [2024-11-18T21:17:18.592+0500] {dag.py:3239} INFO - Sync 1 DAGs
[2024-11-18T21:17:18.628+0500] {logging_mixin.py:190} INFO - [2024-11-18T21:17:18.627+0500] {dag.py:4180} INFO - Setting next_dagrun for example_trigger_controller_dag to 2021-01-01 00:00:00+00:00, run_after=2021-01-01 00:00:00+00:00
[2024-11-18T21:17:18.663+0500] {processor.py:208} INFO - Processing /home/AtlasRise/airflow/airflow_env/lib/python3.12/site-packages/airflow/example_dags/example_trigger_controller_dag.py took 0.121 seconds
[2024-11-18T21:18:55.947+0500] {processor.py:186} INFO - Started process (PID=22044) to work on /home/AtlasRise/airflow/airflow_env/lib/python3.12/site-packages/airflow/example_dags/example_trigger_controller_dag.py
[2024-11-18T21:18:55.949+0500] {processor.py:914} INFO - Processing file /home/AtlasRise/airflow/airflow_env/lib/python3.12/site-packages/airflow/example_dags/example_trigger_controller_dag.py for tasks to queue
[2024-11-18T21:18:55.952+0500] {logging_mixin.py:190} INFO - [2024-11-18T21:18:55.952+0500] {dagbag.py:588} INFO - Filling up the DagBag from /home/AtlasRise/airflow/airflow_env/lib/python3.12/site-packages/airflow/example_dags/example_trigger_controller_dag.py
[2024-11-18T21:18:55.967+0500] {processor.py:925} INFO - DAG(s) 'example_trigger_controller_dag' retrieved from /home/AtlasRise/airflow/airflow_env/lib/python3.12/site-packages/airflow/example_dags/example_trigger_controller_dag.py
[2024-11-18T21:18:55.993+0500] {logging_mixin.py:190} INFO - [2024-11-18T21:18:55.993+0500] {dag.py:3239} INFO - Sync 1 DAGs
[2024-11-18T21:18:56.027+0500] {logging_mixin.py:190} INFO - [2024-11-18T21:18:56.027+0500] {dag.py:4180} INFO - Setting next_dagrun for example_trigger_controller_dag to 2021-01-01 00:00:00+00:00, run_after=2021-01-01 00:00:00+00:00
[2024-11-18T21:18:56.061+0500] {processor.py:208} INFO - Processing /home/AtlasRise/airflow/airflow_env/lib/python3.12/site-packages/airflow/example_dags/example_trigger_controller_dag.py took 0.127 seconds
[2024-11-18T21:19:53.781+0500] {processor.py:186} INFO - Started process (PID=22124) to work on /home/AtlasRise/airflow/airflow_env/lib/python3.12/site-packages/airflow/example_dags/example_trigger_controller_dag.py
[2024-11-18T21:19:53.783+0500] {processor.py:914} INFO - Processing file /home/AtlasRise/airflow/airflow_env/lib/python3.12/site-packages/airflow/example_dags/example_trigger_controller_dag.py for tasks to queue
[2024-11-18T21:19:53.786+0500] {logging_mixin.py:190} INFO - [2024-11-18T21:19:53.786+0500] {dagbag.py:588} INFO - Filling up the DagBag from /home/AtlasRise/airflow/airflow_env/lib/python3.12/site-packages/airflow/example_dags/example_trigger_controller_dag.py
[2024-11-18T21:19:53.797+0500] {processor.py:925} INFO - DAG(s) 'example_trigger_controller_dag' retrieved from /home/AtlasRise/airflow/airflow_env/lib/python3.12/site-packages/airflow/example_dags/example_trigger_controller_dag.py
[2024-11-18T21:19:53.819+0500] {logging_mixin.py:190} INFO - [2024-11-18T21:19:53.819+0500] {dag.py:3239} INFO - Sync 1 DAGs
[2024-11-18T21:19:53.852+0500] {logging_mixin.py:190} INFO - [2024-11-18T21:19:53.852+0500] {dag.py:4180} INFO - Setting next_dagrun for example_trigger_controller_dag to 2021-01-01 00:00:00+00:00, run_after=2021-01-01 00:00:00+00:00
[2024-11-18T21:19:53.886+0500] {processor.py:208} INFO - Processing /home/AtlasRise/airflow/airflow_env/lib/python3.12/site-packages/airflow/example_dags/example_trigger_controller_dag.py took 0.114 seconds
[2024-11-18T21:21:02.686+0500] {processor.py:186} INFO - Started process (PID=22212) to work on /home/AtlasRise/airflow/airflow_env/lib/python3.12/site-packages/airflow/example_dags/example_trigger_controller_dag.py
[2024-11-18T21:21:02.688+0500] {processor.py:914} INFO - Processing file /home/AtlasRise/airflow/airflow_env/lib/python3.12/site-packages/airflow/example_dags/example_trigger_controller_dag.py for tasks to queue
[2024-11-18T21:21:02.692+0500] {logging_mixin.py:190} INFO - [2024-11-18T21:21:02.691+0500] {dagbag.py:588} INFO - Filling up the DagBag from /home/AtlasRise/airflow/airflow_env/lib/python3.12/site-packages/airflow/example_dags/example_trigger_controller_dag.py
[2024-11-18T21:21:02.702+0500] {processor.py:925} INFO - DAG(s) 'example_trigger_controller_dag' retrieved from /home/AtlasRise/airflow/airflow_env/lib/python3.12/site-packages/airflow/example_dags/example_trigger_controller_dag.py
[2024-11-18T21:21:02.725+0500] {logging_mixin.py:190} INFO - [2024-11-18T21:21:02.725+0500] {dag.py:3239} INFO - Sync 1 DAGs
[2024-11-18T21:21:02.760+0500] {logging_mixin.py:190} INFO - [2024-11-18T21:21:02.759+0500] {dag.py:4180} INFO - Setting next_dagrun for example_trigger_controller_dag to 2021-01-01 00:00:00+00:00, run_after=2021-01-01 00:00:00+00:00
[2024-11-18T21:21:02.831+0500] {processor.py:208} INFO - Processing /home/AtlasRise/airflow/airflow_env/lib/python3.12/site-packages/airflow/example_dags/example_trigger_controller_dag.py took 0.154 seconds
[2024-11-18T21:21:46.829+0500] {processor.py:186} INFO - Started process (PID=22262) to work on /home/AtlasRise/airflow/airflow_env/lib/python3.12/site-packages/airflow/example_dags/example_trigger_controller_dag.py
[2024-11-18T21:21:46.832+0500] {processor.py:914} INFO - Processing file /home/AtlasRise/airflow/airflow_env/lib/python3.12/site-packages/airflow/example_dags/example_trigger_controller_dag.py for tasks to queue
[2024-11-18T21:21:46.835+0500] {logging_mixin.py:190} INFO - [2024-11-18T21:21:46.834+0500] {dagbag.py:588} INFO - Filling up the DagBag from /home/AtlasRise/airflow/airflow_env/lib/python3.12/site-packages/airflow/example_dags/example_trigger_controller_dag.py
[2024-11-18T21:21:46.845+0500] {processor.py:925} INFO - DAG(s) 'example_trigger_controller_dag' retrieved from /home/AtlasRise/airflow/airflow_env/lib/python3.12/site-packages/airflow/example_dags/example_trigger_controller_dag.py
[2024-11-18T21:21:46.868+0500] {logging_mixin.py:190} INFO - [2024-11-18T21:21:46.867+0500] {dag.py:3239} INFO - Sync 1 DAGs
[2024-11-18T21:21:46.901+0500] {logging_mixin.py:190} INFO - [2024-11-18T21:21:46.900+0500] {dag.py:4180} INFO - Setting next_dagrun for example_trigger_controller_dag to 2021-01-01 00:00:00+00:00, run_after=2021-01-01 00:00:00+00:00
[2024-11-18T21:21:46.934+0500] {processor.py:208} INFO - Processing /home/AtlasRise/airflow/airflow_env/lib/python3.12/site-packages/airflow/example_dags/example_trigger_controller_dag.py took 0.114 seconds
[2024-11-18T21:22:55.628+0500] {processor.py:186} INFO - Started process (PID=22345) to work on /home/AtlasRise/airflow/airflow_env/lib/python3.12/site-packages/airflow/example_dags/example_trigger_controller_dag.py
[2024-11-18T21:22:55.630+0500] {processor.py:914} INFO - Processing file /home/AtlasRise/airflow/airflow_env/lib/python3.12/site-packages/airflow/example_dags/example_trigger_controller_dag.py for tasks to queue
[2024-11-18T21:22:55.633+0500] {logging_mixin.py:190} INFO - [2024-11-18T21:22:55.632+0500] {dagbag.py:588} INFO - Filling up the DagBag from /home/AtlasRise/airflow/airflow_env/lib/python3.12/site-packages/airflow/example_dags/example_trigger_controller_dag.py
[2024-11-18T21:22:55.645+0500] {processor.py:925} INFO - DAG(s) 'example_trigger_controller_dag' retrieved from /home/AtlasRise/airflow/airflow_env/lib/python3.12/site-packages/airflow/example_dags/example_trigger_controller_dag.py
[2024-11-18T21:22:55.669+0500] {logging_mixin.py:190} INFO - [2024-11-18T21:22:55.668+0500] {dag.py:3239} INFO - Sync 1 DAGs
[2024-11-18T21:22:55.704+0500] {logging_mixin.py:190} INFO - [2024-11-18T21:22:55.703+0500] {dag.py:4180} INFO - Setting next_dagrun for example_trigger_controller_dag to 2021-01-01 00:00:00+00:00, run_after=2021-01-01 00:00:00+00:00
[2024-11-18T21:22:55.748+0500] {processor.py:208} INFO - Processing /home/AtlasRise/airflow/airflow_env/lib/python3.12/site-packages/airflow/example_dags/example_trigger_controller_dag.py took 0.129 seconds
