[2024-11-18T20:40:26.722+0500] {processor.py:186} INFO - Started process (PID=18918) to work on /home/AtlasRise/airflow/airflow_env/lib/python3.12/site-packages/airflow/example_dags/example_trigger_target_dag.py
[2024-11-18T20:40:26.723+0500] {processor.py:914} INFO - Processing file /home/AtlasRise/airflow/airflow_env/lib/python3.12/site-packages/airflow/example_dags/example_trigger_target_dag.py for tasks to queue
[2024-11-18T20:40:26.726+0500] {logging_mixin.py:190} INFO - [2024-11-18T20:40:26.726+0500] {dagbag.py:588} INFO - Filling up the DagBag from /home/AtlasRise/airflow/airflow_env/lib/python3.12/site-packages/airflow/example_dags/example_trigger_target_dag.py
[2024-11-18T20:40:26.738+0500] {processor.py:925} INFO - DAG(s) 'example_trigger_target_dag' retrieved from /home/AtlasRise/airflow/airflow_env/lib/python3.12/site-packages/airflow/example_dags/example_trigger_target_dag.py
[2024-11-18T20:40:26.902+0500] {logging_mixin.py:190} INFO - [2024-11-18T20:40:26.901+0500] {override.py:1911} INFO - Created Permission View: can read on DAG:example_trigger_target_dag
[2024-11-18T20:40:26.921+0500] {logging_mixin.py:190} INFO - [2024-11-18T20:40:26.921+0500] {override.py:1911} INFO - Created Permission View: can edit on DAG:example_trigger_target_dag
[2024-11-18T20:40:26.933+0500] {logging_mixin.py:190} INFO - [2024-11-18T20:40:26.932+0500] {override.py:1911} INFO - Created Permission View: can delete on DAG:example_trigger_target_dag
[2024-11-18T20:40:26.953+0500] {logging_mixin.py:190} INFO - [2024-11-18T20:40:26.952+0500] {override.py:1911} INFO - Created Permission View: can read on DAG Run:example_trigger_target_dag
[2024-11-18T20:40:26.965+0500] {logging_mixin.py:190} INFO - [2024-11-18T20:40:26.964+0500] {override.py:1911} INFO - Created Permission View: can create on DAG Run:example_trigger_target_dag
[2024-11-18T20:40:26.977+0500] {logging_mixin.py:190} INFO - [2024-11-18T20:40:26.977+0500] {override.py:1911} INFO - Created Permission View: can delete on DAG Run:example_trigger_target_dag
[2024-11-18T20:40:26.990+0500] {logging_mixin.py:190} INFO - [2024-11-18T20:40:26.990+0500] {override.py:1911} INFO - Created Permission View: menu access on DAG Run:example_trigger_target_dag
[2024-11-18T20:40:26.991+0500] {logging_mixin.py:190} INFO - [2024-11-18T20:40:26.991+0500] {dag.py:3239} INFO - Sync 1 DAGs
[2024-11-18T20:40:27.012+0500] {logging_mixin.py:190} INFO - [2024-11-18T20:40:27.012+0500] {dag.py:3262} INFO - Creating ORM DAG for example_trigger_target_dag
[2024-11-18T20:40:27.013+0500] {logging_mixin.py:190} INFO - [2024-11-18T20:40:27.013+0500] {dag.py:4180} INFO - Setting next_dagrun for example_trigger_target_dag to None, run_after=None
[2024-11-18T20:40:27.042+0500] {processor.py:208} INFO - Processing /home/AtlasRise/airflow/airflow_env/lib/python3.12/site-packages/airflow/example_dags/example_trigger_target_dag.py took 0.329 seconds
[2024-11-18T20:41:40.443+0500] {processor.py:186} INFO - Started process (PID=19004) to work on /home/AtlasRise/airflow/airflow_env/lib/python3.12/site-packages/airflow/example_dags/example_trigger_target_dag.py
[2024-11-18T20:41:40.445+0500] {processor.py:914} INFO - Processing file /home/AtlasRise/airflow/airflow_env/lib/python3.12/site-packages/airflow/example_dags/example_trigger_target_dag.py for tasks to queue
[2024-11-18T20:41:40.448+0500] {logging_mixin.py:190} INFO - [2024-11-18T20:41:40.447+0500] {dagbag.py:588} INFO - Filling up the DagBag from /home/AtlasRise/airflow/airflow_env/lib/python3.12/site-packages/airflow/example_dags/example_trigger_target_dag.py
[2024-11-18T20:41:40.460+0500] {processor.py:925} INFO - DAG(s) 'example_trigger_target_dag' retrieved from /home/AtlasRise/airflow/airflow_env/lib/python3.12/site-packages/airflow/example_dags/example_trigger_target_dag.py
[2024-11-18T20:41:40.482+0500] {logging_mixin.py:190} INFO - [2024-11-18T20:41:40.482+0500] {dag.py:3239} INFO - Sync 1 DAGs
[2024-11-18T20:41:40.505+0500] {logging_mixin.py:190} INFO - [2024-11-18T20:41:40.505+0500] {dag.py:4180} INFO - Setting next_dagrun for example_trigger_target_dag to None, run_after=None
[2024-11-18T20:41:40.549+0500] {processor.py:208} INFO - Processing /home/AtlasRise/airflow/airflow_env/lib/python3.12/site-packages/airflow/example_dags/example_trigger_target_dag.py took 0.114 seconds
[2024-11-18T20:42:50.778+0500] {processor.py:186} INFO - Started process (PID=19179) to work on /home/AtlasRise/airflow/airflow_env/lib/python3.12/site-packages/airflow/example_dags/example_trigger_target_dag.py
[2024-11-18T20:42:50.780+0500] {processor.py:914} INFO - Processing file /home/AtlasRise/airflow/airflow_env/lib/python3.12/site-packages/airflow/example_dags/example_trigger_target_dag.py for tasks to queue
[2024-11-18T20:42:50.782+0500] {logging_mixin.py:190} INFO - [2024-11-18T20:42:50.782+0500] {dagbag.py:588} INFO - Filling up the DagBag from /home/AtlasRise/airflow/airflow_env/lib/python3.12/site-packages/airflow/example_dags/example_trigger_target_dag.py
[2024-11-18T20:42:50.794+0500] {processor.py:925} INFO - DAG(s) 'example_trigger_target_dag' retrieved from /home/AtlasRise/airflow/airflow_env/lib/python3.12/site-packages/airflow/example_dags/example_trigger_target_dag.py
[2024-11-18T20:42:50.816+0500] {logging_mixin.py:190} INFO - [2024-11-18T20:42:50.816+0500] {dag.py:3239} INFO - Sync 1 DAGs
[2024-11-18T20:42:50.836+0500] {logging_mixin.py:190} INFO - [2024-11-18T20:42:50.836+0500] {dag.py:4180} INFO - Setting next_dagrun for example_trigger_target_dag to None, run_after=None
[2024-11-18T20:42:50.869+0500] {processor.py:208} INFO - Processing /home/AtlasRise/airflow/airflow_env/lib/python3.12/site-packages/airflow/example_dags/example_trigger_target_dag.py took 0.098 seconds
[2024-11-18T20:43:58.794+0500] {processor.py:186} INFO - Started process (PID=19261) to work on /home/AtlasRise/airflow/airflow_env/lib/python3.12/site-packages/airflow/example_dags/example_trigger_target_dag.py
[2024-11-18T20:43:58.796+0500] {processor.py:914} INFO - Processing file /home/AtlasRise/airflow/airflow_env/lib/python3.12/site-packages/airflow/example_dags/example_trigger_target_dag.py for tasks to queue
[2024-11-18T20:43:58.799+0500] {logging_mixin.py:190} INFO - [2024-11-18T20:43:58.799+0500] {dagbag.py:588} INFO - Filling up the DagBag from /home/AtlasRise/airflow/airflow_env/lib/python3.12/site-packages/airflow/example_dags/example_trigger_target_dag.py
[2024-11-18T20:43:58.810+0500] {processor.py:925} INFO - DAG(s) 'example_trigger_target_dag' retrieved from /home/AtlasRise/airflow/airflow_env/lib/python3.12/site-packages/airflow/example_dags/example_trigger_target_dag.py
[2024-11-18T20:43:58.833+0500] {logging_mixin.py:190} INFO - [2024-11-18T20:43:58.832+0500] {dag.py:3239} INFO - Sync 1 DAGs
[2024-11-18T20:43:58.852+0500] {logging_mixin.py:190} INFO - [2024-11-18T20:43:58.852+0500] {dag.py:4180} INFO - Setting next_dagrun for example_trigger_target_dag to None, run_after=None
[2024-11-18T20:43:58.885+0500] {processor.py:208} INFO - Processing /home/AtlasRise/airflow/airflow_env/lib/python3.12/site-packages/airflow/example_dags/example_trigger_target_dag.py took 0.099 seconds
[2024-11-18T20:45:02.414+0500] {processor.py:186} INFO - Started process (PID=19329) to work on /home/AtlasRise/airflow/airflow_env/lib/python3.12/site-packages/airflow/example_dags/example_trigger_target_dag.py
[2024-11-18T20:45:02.417+0500] {processor.py:914} INFO - Processing file /home/AtlasRise/airflow/airflow_env/lib/python3.12/site-packages/airflow/example_dags/example_trigger_target_dag.py for tasks to queue
[2024-11-18T20:45:02.420+0500] {logging_mixin.py:190} INFO - [2024-11-18T20:45:02.419+0500] {dagbag.py:588} INFO - Filling up the DagBag from /home/AtlasRise/airflow/airflow_env/lib/python3.12/site-packages/airflow/example_dags/example_trigger_target_dag.py
[2024-11-18T20:45:02.432+0500] {processor.py:925} INFO - DAG(s) 'example_trigger_target_dag' retrieved from /home/AtlasRise/airflow/airflow_env/lib/python3.12/site-packages/airflow/example_dags/example_trigger_target_dag.py
[2024-11-18T20:45:02.454+0500] {logging_mixin.py:190} INFO - [2024-11-18T20:45:02.454+0500] {dag.py:3239} INFO - Sync 1 DAGs
[2024-11-18T20:45:02.474+0500] {logging_mixin.py:190} INFO - [2024-11-18T20:45:02.473+0500] {dag.py:4180} INFO - Setting next_dagrun for example_trigger_target_dag to None, run_after=None
[2024-11-18T20:45:02.514+0500] {processor.py:208} INFO - Processing /home/AtlasRise/airflow/airflow_env/lib/python3.12/site-packages/airflow/example_dags/example_trigger_target_dag.py took 0.110 seconds
[2024-11-18T20:46:20.976+0500] {processor.py:186} INFO - Started process (PID=19541) to work on /home/AtlasRise/airflow/airflow_env/lib/python3.12/site-packages/airflow/example_dags/example_trigger_target_dag.py
[2024-11-18T20:46:20.978+0500] {processor.py:914} INFO - Processing file /home/AtlasRise/airflow/airflow_env/lib/python3.12/site-packages/airflow/example_dags/example_trigger_target_dag.py for tasks to queue
[2024-11-18T20:46:20.983+0500] {logging_mixin.py:190} INFO - [2024-11-18T20:46:20.982+0500] {dagbag.py:588} INFO - Filling up the DagBag from /home/AtlasRise/airflow/airflow_env/lib/python3.12/site-packages/airflow/example_dags/example_trigger_target_dag.py
[2024-11-18T20:46:20.998+0500] {processor.py:925} INFO - DAG(s) 'example_trigger_target_dag' retrieved from /home/AtlasRise/airflow/airflow_env/lib/python3.12/site-packages/airflow/example_dags/example_trigger_target_dag.py
[2024-11-18T20:46:21.028+0500] {logging_mixin.py:190} INFO - [2024-11-18T20:46:21.028+0500] {dag.py:3239} INFO - Sync 1 DAGs
[2024-11-18T20:46:21.058+0500] {logging_mixin.py:190} INFO - [2024-11-18T20:46:21.058+0500] {dag.py:4180} INFO - Setting next_dagrun for example_trigger_target_dag to None, run_after=None
[2024-11-18T20:46:21.137+0500] {processor.py:208} INFO - Processing /home/AtlasRise/airflow/airflow_env/lib/python3.12/site-packages/airflow/example_dags/example_trigger_target_dag.py took 0.178 seconds
[2024-11-18T20:47:32.593+0500] {processor.py:186} INFO - Started process (PID=19654) to work on /home/AtlasRise/airflow/airflow_env/lib/python3.12/site-packages/airflow/example_dags/example_trigger_target_dag.py
[2024-11-18T20:47:32.595+0500] {processor.py:914} INFO - Processing file /home/AtlasRise/airflow/airflow_env/lib/python3.12/site-packages/airflow/example_dags/example_trigger_target_dag.py for tasks to queue
[2024-11-18T20:47:32.599+0500] {logging_mixin.py:190} INFO - [2024-11-18T20:47:32.598+0500] {dagbag.py:588} INFO - Filling up the DagBag from /home/AtlasRise/airflow/airflow_env/lib/python3.12/site-packages/airflow/example_dags/example_trigger_target_dag.py
[2024-11-18T20:47:32.612+0500] {processor.py:925} INFO - DAG(s) 'example_trigger_target_dag' retrieved from /home/AtlasRise/airflow/airflow_env/lib/python3.12/site-packages/airflow/example_dags/example_trigger_target_dag.py
[2024-11-18T20:47:32.637+0500] {logging_mixin.py:190} INFO - [2024-11-18T20:47:32.636+0500] {dag.py:3239} INFO - Sync 1 DAGs
[2024-11-18T20:47:32.660+0500] {logging_mixin.py:190} INFO - [2024-11-18T20:47:32.659+0500] {dag.py:4180} INFO - Setting next_dagrun for example_trigger_target_dag to None, run_after=None
[2024-11-18T20:47:32.704+0500] {processor.py:208} INFO - Processing /home/AtlasRise/airflow/airflow_env/lib/python3.12/site-packages/airflow/example_dags/example_trigger_target_dag.py took 0.120 seconds
[2024-11-18T20:48:37.502+0500] {processor.py:186} INFO - Started process (PID=19790) to work on /home/AtlasRise/airflow/airflow_env/lib/python3.12/site-packages/airflow/example_dags/example_trigger_target_dag.py
[2024-11-18T20:48:37.504+0500] {processor.py:914} INFO - Processing file /home/AtlasRise/airflow/airflow_env/lib/python3.12/site-packages/airflow/example_dags/example_trigger_target_dag.py for tasks to queue
[2024-11-18T20:48:37.508+0500] {logging_mixin.py:190} INFO - [2024-11-18T20:48:37.508+0500] {dagbag.py:588} INFO - Filling up the DagBag from /home/AtlasRise/airflow/airflow_env/lib/python3.12/site-packages/airflow/example_dags/example_trigger_target_dag.py
[2024-11-18T20:48:37.521+0500] {processor.py:925} INFO - DAG(s) 'example_trigger_target_dag' retrieved from /home/AtlasRise/airflow/airflow_env/lib/python3.12/site-packages/airflow/example_dags/example_trigger_target_dag.py
[2024-11-18T20:48:37.545+0500] {logging_mixin.py:190} INFO - [2024-11-18T20:48:37.545+0500] {dag.py:3239} INFO - Sync 1 DAGs
[2024-11-18T20:48:37.569+0500] {logging_mixin.py:190} INFO - [2024-11-18T20:48:37.568+0500] {dag.py:4180} INFO - Setting next_dagrun for example_trigger_target_dag to None, run_after=None
[2024-11-18T20:48:37.607+0500] {processor.py:208} INFO - Processing /home/AtlasRise/airflow/airflow_env/lib/python3.12/site-packages/airflow/example_dags/example_trigger_target_dag.py took 0.114 seconds
[2024-11-18T20:49:46.878+0500] {processor.py:186} INFO - Started process (PID=19865) to work on /home/AtlasRise/airflow/airflow_env/lib/python3.12/site-packages/airflow/example_dags/example_trigger_target_dag.py
[2024-11-18T20:49:46.879+0500] {processor.py:914} INFO - Processing file /home/AtlasRise/airflow/airflow_env/lib/python3.12/site-packages/airflow/example_dags/example_trigger_target_dag.py for tasks to queue
[2024-11-18T20:49:46.883+0500] {logging_mixin.py:190} INFO - [2024-11-18T20:49:46.882+0500] {dagbag.py:588} INFO - Filling up the DagBag from /home/AtlasRise/airflow/airflow_env/lib/python3.12/site-packages/airflow/example_dags/example_trigger_target_dag.py
[2024-11-18T20:49:46.896+0500] {processor.py:925} INFO - DAG(s) 'example_trigger_target_dag' retrieved from /home/AtlasRise/airflow/airflow_env/lib/python3.12/site-packages/airflow/example_dags/example_trigger_target_dag.py
[2024-11-18T20:49:46.919+0500] {logging_mixin.py:190} INFO - [2024-11-18T20:49:46.919+0500] {dag.py:3239} INFO - Sync 1 DAGs
[2024-11-18T20:49:46.940+0500] {logging_mixin.py:190} INFO - [2024-11-18T20:49:46.939+0500] {dag.py:4180} INFO - Setting next_dagrun for example_trigger_target_dag to None, run_after=None
[2024-11-18T20:49:46.977+0500] {processor.py:208} INFO - Processing /home/AtlasRise/airflow/airflow_env/lib/python3.12/site-packages/airflow/example_dags/example_trigger_target_dag.py took 0.110 seconds
[2024-11-18T20:50:56.984+0500] {processor.py:186} INFO - Started process (PID=19938) to work on /home/AtlasRise/airflow/airflow_env/lib/python3.12/site-packages/airflow/example_dags/example_trigger_target_dag.py
[2024-11-18T20:50:56.987+0500] {processor.py:914} INFO - Processing file /home/AtlasRise/airflow/airflow_env/lib/python3.12/site-packages/airflow/example_dags/example_trigger_target_dag.py for tasks to queue
[2024-11-18T20:50:56.990+0500] {logging_mixin.py:190} INFO - [2024-11-18T20:50:56.989+0500] {dagbag.py:588} INFO - Filling up the DagBag from /home/AtlasRise/airflow/airflow_env/lib/python3.12/site-packages/airflow/example_dags/example_trigger_target_dag.py
[2024-11-18T20:50:57.002+0500] {processor.py:925} INFO - DAG(s) 'example_trigger_target_dag' retrieved from /home/AtlasRise/airflow/airflow_env/lib/python3.12/site-packages/airflow/example_dags/example_trigger_target_dag.py
[2024-11-18T20:50:57.024+0500] {logging_mixin.py:190} INFO - [2024-11-18T20:50:57.024+0500] {dag.py:3239} INFO - Sync 1 DAGs
[2024-11-18T20:50:57.044+0500] {logging_mixin.py:190} INFO - [2024-11-18T20:50:57.044+0500] {dag.py:4180} INFO - Setting next_dagrun for example_trigger_target_dag to None, run_after=None
[2024-11-18T20:50:57.080+0500] {processor.py:208} INFO - Processing /home/AtlasRise/airflow/airflow_env/lib/python3.12/site-packages/airflow/example_dags/example_trigger_target_dag.py took 0.104 seconds
[2024-11-18T20:52:10.962+0500] {processor.py:186} INFO - Started process (PID=20025) to work on /home/AtlasRise/airflow/airflow_env/lib/python3.12/site-packages/airflow/example_dags/example_trigger_target_dag.py
[2024-11-18T20:52:10.965+0500] {processor.py:914} INFO - Processing file /home/AtlasRise/airflow/airflow_env/lib/python3.12/site-packages/airflow/example_dags/example_trigger_target_dag.py for tasks to queue
[2024-11-18T20:52:10.968+0500] {logging_mixin.py:190} INFO - [2024-11-18T20:52:10.968+0500] {dagbag.py:588} INFO - Filling up the DagBag from /home/AtlasRise/airflow/airflow_env/lib/python3.12/site-packages/airflow/example_dags/example_trigger_target_dag.py
[2024-11-18T20:52:10.981+0500] {processor.py:925} INFO - DAG(s) 'example_trigger_target_dag' retrieved from /home/AtlasRise/airflow/airflow_env/lib/python3.12/site-packages/airflow/example_dags/example_trigger_target_dag.py
[2024-11-18T20:52:11.005+0500] {logging_mixin.py:190} INFO - [2024-11-18T20:52:11.005+0500] {dag.py:3239} INFO - Sync 1 DAGs
[2024-11-18T20:52:11.026+0500] {logging_mixin.py:190} INFO - [2024-11-18T20:52:11.026+0500] {dag.py:4180} INFO - Setting next_dagrun for example_trigger_target_dag to None, run_after=None
[2024-11-18T20:52:11.057+0500] {processor.py:208} INFO - Processing /home/AtlasRise/airflow/airflow_env/lib/python3.12/site-packages/airflow/example_dags/example_trigger_target_dag.py took 0.104 seconds
[2024-11-18T20:53:14.566+0500] {processor.py:186} INFO - Started process (PID=20096) to work on /home/AtlasRise/airflow/airflow_env/lib/python3.12/site-packages/airflow/example_dags/example_trigger_target_dag.py
[2024-11-18T20:53:14.568+0500] {processor.py:914} INFO - Processing file /home/AtlasRise/airflow/airflow_env/lib/python3.12/site-packages/airflow/example_dags/example_trigger_target_dag.py for tasks to queue
[2024-11-18T20:53:14.572+0500] {logging_mixin.py:190} INFO - [2024-11-18T20:53:14.571+0500] {dagbag.py:588} INFO - Filling up the DagBag from /home/AtlasRise/airflow/airflow_env/lib/python3.12/site-packages/airflow/example_dags/example_trigger_target_dag.py
[2024-11-18T20:53:14.584+0500] {processor.py:925} INFO - DAG(s) 'example_trigger_target_dag' retrieved from /home/AtlasRise/airflow/airflow_env/lib/python3.12/site-packages/airflow/example_dags/example_trigger_target_dag.py
[2024-11-18T20:53:14.607+0500] {logging_mixin.py:190} INFO - [2024-11-18T20:53:14.607+0500] {dag.py:3239} INFO - Sync 1 DAGs
[2024-11-18T20:53:14.628+0500] {logging_mixin.py:190} INFO - [2024-11-18T20:53:14.627+0500] {dag.py:4180} INFO - Setting next_dagrun for example_trigger_target_dag to None, run_after=None
[2024-11-18T20:53:14.663+0500] {processor.py:208} INFO - Processing /home/AtlasRise/airflow/airflow_env/lib/python3.12/site-packages/airflow/example_dags/example_trigger_target_dag.py took 0.105 seconds
[2024-11-18T20:54:25.605+0500] {processor.py:186} INFO - Started process (PID=20184) to work on /home/AtlasRise/airflow/airflow_env/lib/python3.12/site-packages/airflow/example_dags/example_trigger_target_dag.py
[2024-11-18T20:54:25.607+0500] {processor.py:914} INFO - Processing file /home/AtlasRise/airflow/airflow_env/lib/python3.12/site-packages/airflow/example_dags/example_trigger_target_dag.py for tasks to queue
[2024-11-18T20:54:25.610+0500] {logging_mixin.py:190} INFO - [2024-11-18T20:54:25.610+0500] {dagbag.py:588} INFO - Filling up the DagBag from /home/AtlasRise/airflow/airflow_env/lib/python3.12/site-packages/airflow/example_dags/example_trigger_target_dag.py
[2024-11-18T20:54:25.623+0500] {processor.py:925} INFO - DAG(s) 'example_trigger_target_dag' retrieved from /home/AtlasRise/airflow/airflow_env/lib/python3.12/site-packages/airflow/example_dags/example_trigger_target_dag.py
[2024-11-18T20:54:25.647+0500] {logging_mixin.py:190} INFO - [2024-11-18T20:54:25.646+0500] {dag.py:3239} INFO - Sync 1 DAGs
[2024-11-18T20:54:25.668+0500] {logging_mixin.py:190} INFO - [2024-11-18T20:54:25.668+0500] {dag.py:4180} INFO - Setting next_dagrun for example_trigger_target_dag to None, run_after=None
[2024-11-18T20:54:25.703+0500] {processor.py:208} INFO - Processing /home/AtlasRise/airflow/airflow_env/lib/python3.12/site-packages/airflow/example_dags/example_trigger_target_dag.py took 0.107 seconds
[2024-11-18T20:55:12.876+0500] {processor.py:186} INFO - Started process (PID=20232) to work on /home/AtlasRise/airflow/airflow_env/lib/python3.12/site-packages/airflow/example_dags/example_trigger_target_dag.py
[2024-11-18T20:55:12.877+0500] {processor.py:914} INFO - Processing file /home/AtlasRise/airflow/airflow_env/lib/python3.12/site-packages/airflow/example_dags/example_trigger_target_dag.py for tasks to queue
[2024-11-18T20:55:12.880+0500] {logging_mixin.py:190} INFO - [2024-11-18T20:55:12.880+0500] {dagbag.py:588} INFO - Filling up the DagBag from /home/AtlasRise/airflow/airflow_env/lib/python3.12/site-packages/airflow/example_dags/example_trigger_target_dag.py
[2024-11-18T20:55:12.892+0500] {processor.py:925} INFO - DAG(s) 'example_trigger_target_dag' retrieved from /home/AtlasRise/airflow/airflow_env/lib/python3.12/site-packages/airflow/example_dags/example_trigger_target_dag.py
[2024-11-18T20:55:12.915+0500] {logging_mixin.py:190} INFO - [2024-11-18T20:55:12.914+0500] {dag.py:3239} INFO - Sync 1 DAGs
[2024-11-18T20:55:12.935+0500] {logging_mixin.py:190} INFO - [2024-11-18T20:55:12.934+0500] {dag.py:4180} INFO - Setting next_dagrun for example_trigger_target_dag to None, run_after=None
[2024-11-18T20:55:12.967+0500] {processor.py:208} INFO - Processing /home/AtlasRise/airflow/airflow_env/lib/python3.12/site-packages/airflow/example_dags/example_trigger_target_dag.py took 0.101 seconds
[2024-11-18T20:55:57.864+0500] {processor.py:186} INFO - Started process (PID=20278) to work on /home/AtlasRise/airflow/airflow_env/lib/python3.12/site-packages/airflow/example_dags/example_trigger_target_dag.py
[2024-11-18T20:55:57.867+0500] {processor.py:914} INFO - Processing file /home/AtlasRise/airflow/airflow_env/lib/python3.12/site-packages/airflow/example_dags/example_trigger_target_dag.py for tasks to queue
[2024-11-18T20:55:57.871+0500] {logging_mixin.py:190} INFO - [2024-11-18T20:55:57.870+0500] {dagbag.py:588} INFO - Filling up the DagBag from /home/AtlasRise/airflow/airflow_env/lib/python3.12/site-packages/airflow/example_dags/example_trigger_target_dag.py
[2024-11-18T20:55:57.884+0500] {processor.py:925} INFO - DAG(s) 'example_trigger_target_dag' retrieved from /home/AtlasRise/airflow/airflow_env/lib/python3.12/site-packages/airflow/example_dags/example_trigger_target_dag.py
[2024-11-18T20:55:57.909+0500] {logging_mixin.py:190} INFO - [2024-11-18T20:55:57.909+0500] {dag.py:3239} INFO - Sync 1 DAGs
[2024-11-18T20:55:57.931+0500] {logging_mixin.py:190} INFO - [2024-11-18T20:55:57.931+0500] {dag.py:4180} INFO - Setting next_dagrun for example_trigger_target_dag to None, run_after=None
[2024-11-18T20:55:57.967+0500] {processor.py:208} INFO - Processing /home/AtlasRise/airflow/airflow_env/lib/python3.12/site-packages/airflow/example_dags/example_trigger_target_dag.py took 0.111 seconds
[2024-11-18T20:57:12.691+0500] {processor.py:186} INFO - Started process (PID=20366) to work on /home/AtlasRise/airflow/airflow_env/lib/python3.12/site-packages/airflow/example_dags/example_trigger_target_dag.py
[2024-11-18T20:57:12.692+0500] {processor.py:914} INFO - Processing file /home/AtlasRise/airflow/airflow_env/lib/python3.12/site-packages/airflow/example_dags/example_trigger_target_dag.py for tasks to queue
[2024-11-18T20:57:12.695+0500] {logging_mixin.py:190} INFO - [2024-11-18T20:57:12.694+0500] {dagbag.py:588} INFO - Filling up the DagBag from /home/AtlasRise/airflow/airflow_env/lib/python3.12/site-packages/airflow/example_dags/example_trigger_target_dag.py
[2024-11-18T20:57:12.708+0500] {processor.py:925} INFO - DAG(s) 'example_trigger_target_dag' retrieved from /home/AtlasRise/airflow/airflow_env/lib/python3.12/site-packages/airflow/example_dags/example_trigger_target_dag.py
[2024-11-18T20:57:12.731+0500] {logging_mixin.py:190} INFO - [2024-11-18T20:57:12.731+0500] {dag.py:3239} INFO - Sync 1 DAGs
[2024-11-18T20:57:12.752+0500] {logging_mixin.py:190} INFO - [2024-11-18T20:57:12.752+0500] {dag.py:4180} INFO - Setting next_dagrun for example_trigger_target_dag to None, run_after=None
[2024-11-18T20:57:12.787+0500] {processor.py:208} INFO - Processing /home/AtlasRise/airflow/airflow_env/lib/python3.12/site-packages/airflow/example_dags/example_trigger_target_dag.py took 0.105 seconds
[2024-11-18T20:58:22.677+0500] {processor.py:186} INFO - Started process (PID=20444) to work on /home/AtlasRise/airflow/airflow_env/lib/python3.12/site-packages/airflow/example_dags/example_trigger_target_dag.py
[2024-11-18T20:58:22.678+0500] {processor.py:914} INFO - Processing file /home/AtlasRise/airflow/airflow_env/lib/python3.12/site-packages/airflow/example_dags/example_trigger_target_dag.py for tasks to queue
[2024-11-18T20:58:22.681+0500] {logging_mixin.py:190} INFO - [2024-11-18T20:58:22.681+0500] {dagbag.py:588} INFO - Filling up the DagBag from /home/AtlasRise/airflow/airflow_env/lib/python3.12/site-packages/airflow/example_dags/example_trigger_target_dag.py
[2024-11-18T20:58:22.694+0500] {processor.py:925} INFO - DAG(s) 'example_trigger_target_dag' retrieved from /home/AtlasRise/airflow/airflow_env/lib/python3.12/site-packages/airflow/example_dags/example_trigger_target_dag.py
[2024-11-18T20:58:22.718+0500] {logging_mixin.py:190} INFO - [2024-11-18T20:58:22.717+0500] {dag.py:3239} INFO - Sync 1 DAGs
[2024-11-18T20:58:22.739+0500] {logging_mixin.py:190} INFO - [2024-11-18T20:58:22.739+0500] {dag.py:4180} INFO - Setting next_dagrun for example_trigger_target_dag to None, run_after=None
[2024-11-18T20:58:22.778+0500] {processor.py:208} INFO - Processing /home/AtlasRise/airflow/airflow_env/lib/python3.12/site-packages/airflow/example_dags/example_trigger_target_dag.py took 0.111 seconds
[2024-11-18T20:59:31.811+0500] {processor.py:186} INFO - Started process (PID=20532) to work on /home/AtlasRise/airflow/airflow_env/lib/python3.12/site-packages/airflow/example_dags/example_trigger_target_dag.py
[2024-11-18T20:59:31.814+0500] {processor.py:914} INFO - Processing file /home/AtlasRise/airflow/airflow_env/lib/python3.12/site-packages/airflow/example_dags/example_trigger_target_dag.py for tasks to queue
[2024-11-18T20:59:31.817+0500] {logging_mixin.py:190} INFO - [2024-11-18T20:59:31.817+0500] {dagbag.py:588} INFO - Filling up the DagBag from /home/AtlasRise/airflow/airflow_env/lib/python3.12/site-packages/airflow/example_dags/example_trigger_target_dag.py
[2024-11-18T20:59:31.829+0500] {processor.py:925} INFO - DAG(s) 'example_trigger_target_dag' retrieved from /home/AtlasRise/airflow/airflow_env/lib/python3.12/site-packages/airflow/example_dags/example_trigger_target_dag.py
[2024-11-18T20:59:31.852+0500] {logging_mixin.py:190} INFO - [2024-11-18T20:59:31.852+0500] {dag.py:3239} INFO - Sync 1 DAGs
[2024-11-18T20:59:31.874+0500] {logging_mixin.py:190} INFO - [2024-11-18T20:59:31.873+0500] {dag.py:4180} INFO - Setting next_dagrun for example_trigger_target_dag to None, run_after=None
[2024-11-18T20:59:31.907+0500] {processor.py:208} INFO - Processing /home/AtlasRise/airflow/airflow_env/lib/python3.12/site-packages/airflow/example_dags/example_trigger_target_dag.py took 0.103 seconds
[2024-11-18T21:00:43.826+0500] {processor.py:186} INFO - Started process (PID=20606) to work on /home/AtlasRise/airflow/airflow_env/lib/python3.12/site-packages/airflow/example_dags/example_trigger_target_dag.py
[2024-11-18T21:00:43.828+0500] {processor.py:914} INFO - Processing file /home/AtlasRise/airflow/airflow_env/lib/python3.12/site-packages/airflow/example_dags/example_trigger_target_dag.py for tasks to queue
[2024-11-18T21:00:43.831+0500] {logging_mixin.py:190} INFO - [2024-11-18T21:00:43.830+0500] {dagbag.py:588} INFO - Filling up the DagBag from /home/AtlasRise/airflow/airflow_env/lib/python3.12/site-packages/airflow/example_dags/example_trigger_target_dag.py
[2024-11-18T21:00:43.842+0500] {processor.py:925} INFO - DAG(s) 'example_trigger_target_dag' retrieved from /home/AtlasRise/airflow/airflow_env/lib/python3.12/site-packages/airflow/example_dags/example_trigger_target_dag.py
[2024-11-18T21:00:43.865+0500] {logging_mixin.py:190} INFO - [2024-11-18T21:00:43.864+0500] {dag.py:3239} INFO - Sync 1 DAGs
[2024-11-18T21:00:43.886+0500] {logging_mixin.py:190} INFO - [2024-11-18T21:00:43.885+0500] {dag.py:4180} INFO - Setting next_dagrun for example_trigger_target_dag to None, run_after=None
[2024-11-18T21:00:43.919+0500] {processor.py:208} INFO - Processing /home/AtlasRise/airflow/airflow_env/lib/python3.12/site-packages/airflow/example_dags/example_trigger_target_dag.py took 0.101 seconds
[2024-11-18T21:01:48.769+0500] {processor.py:186} INFO - Started process (PID=20688) to work on /home/AtlasRise/airflow/airflow_env/lib/python3.12/site-packages/airflow/example_dags/example_trigger_target_dag.py
[2024-11-18T21:01:48.771+0500] {processor.py:914} INFO - Processing file /home/AtlasRise/airflow/airflow_env/lib/python3.12/site-packages/airflow/example_dags/example_trigger_target_dag.py for tasks to queue
[2024-11-18T21:01:48.774+0500] {logging_mixin.py:190} INFO - [2024-11-18T21:01:48.774+0500] {dagbag.py:588} INFO - Filling up the DagBag from /home/AtlasRise/airflow/airflow_env/lib/python3.12/site-packages/airflow/example_dags/example_trigger_target_dag.py
[2024-11-18T21:01:48.786+0500] {processor.py:925} INFO - DAG(s) 'example_trigger_target_dag' retrieved from /home/AtlasRise/airflow/airflow_env/lib/python3.12/site-packages/airflow/example_dags/example_trigger_target_dag.py
[2024-11-18T21:01:48.809+0500] {logging_mixin.py:190} INFO - [2024-11-18T21:01:48.809+0500] {dag.py:3239} INFO - Sync 1 DAGs
[2024-11-18T21:01:48.831+0500] {logging_mixin.py:190} INFO - [2024-11-18T21:01:48.831+0500] {dag.py:4180} INFO - Setting next_dagrun for example_trigger_target_dag to None, run_after=None
[2024-11-18T21:01:48.866+0500] {processor.py:208} INFO - Processing /home/AtlasRise/airflow/airflow_env/lib/python3.12/site-packages/airflow/example_dags/example_trigger_target_dag.py took 0.105 seconds
[2024-11-18T21:03:03.548+0500] {processor.py:186} INFO - Started process (PID=20762) to work on /home/AtlasRise/airflow/airflow_env/lib/python3.12/site-packages/airflow/example_dags/example_trigger_target_dag.py
[2024-11-18T21:03:03.549+0500] {processor.py:914} INFO - Processing file /home/AtlasRise/airflow/airflow_env/lib/python3.12/site-packages/airflow/example_dags/example_trigger_target_dag.py for tasks to queue
[2024-11-18T21:03:03.552+0500] {logging_mixin.py:190} INFO - [2024-11-18T21:03:03.551+0500] {dagbag.py:588} INFO - Filling up the DagBag from /home/AtlasRise/airflow/airflow_env/lib/python3.12/site-packages/airflow/example_dags/example_trigger_target_dag.py
[2024-11-18T21:03:03.564+0500] {processor.py:925} INFO - DAG(s) 'example_trigger_target_dag' retrieved from /home/AtlasRise/airflow/airflow_env/lib/python3.12/site-packages/airflow/example_dags/example_trigger_target_dag.py
[2024-11-18T21:03:03.586+0500] {logging_mixin.py:190} INFO - [2024-11-18T21:03:03.586+0500] {dag.py:3239} INFO - Sync 1 DAGs
[2024-11-18T21:03:03.607+0500] {logging_mixin.py:190} INFO - [2024-11-18T21:03:03.607+0500] {dag.py:4180} INFO - Setting next_dagrun for example_trigger_target_dag to None, run_after=None
[2024-11-18T21:03:03.640+0500] {processor.py:208} INFO - Processing /home/AtlasRise/airflow/airflow_env/lib/python3.12/site-packages/airflow/example_dags/example_trigger_target_dag.py took 0.100 seconds
[2024-11-18T21:04:10.061+0500] {processor.py:186} INFO - Started process (PID=20845) to work on /home/AtlasRise/airflow/airflow_env/lib/python3.12/site-packages/airflow/example_dags/example_trigger_target_dag.py
[2024-11-18T21:04:10.064+0500] {processor.py:914} INFO - Processing file /home/AtlasRise/airflow/airflow_env/lib/python3.12/site-packages/airflow/example_dags/example_trigger_target_dag.py for tasks to queue
[2024-11-18T21:04:10.067+0500] {logging_mixin.py:190} INFO - [2024-11-18T21:04:10.066+0500] {dagbag.py:588} INFO - Filling up the DagBag from /home/AtlasRise/airflow/airflow_env/lib/python3.12/site-packages/airflow/example_dags/example_trigger_target_dag.py
[2024-11-18T21:04:10.080+0500] {processor.py:925} INFO - DAG(s) 'example_trigger_target_dag' retrieved from /home/AtlasRise/airflow/airflow_env/lib/python3.12/site-packages/airflow/example_dags/example_trigger_target_dag.py
[2024-11-18T21:04:10.104+0500] {logging_mixin.py:190} INFO - [2024-11-18T21:04:10.103+0500] {dag.py:3239} INFO - Sync 1 DAGs
[2024-11-18T21:04:10.125+0500] {logging_mixin.py:190} INFO - [2024-11-18T21:04:10.125+0500] {dag.py:4180} INFO - Setting next_dagrun for example_trigger_target_dag to None, run_after=None
[2024-11-18T21:04:10.163+0500] {processor.py:208} INFO - Processing /home/AtlasRise/airflow/airflow_env/lib/python3.12/site-packages/airflow/example_dags/example_trigger_target_dag.py took 0.111 seconds
[2024-11-18T21:05:17.330+0500] {processor.py:186} INFO - Started process (PID=20931) to work on /home/AtlasRise/airflow/airflow_env/lib/python3.12/site-packages/airflow/example_dags/example_trigger_target_dag.py
[2024-11-18T21:05:17.331+0500] {processor.py:914} INFO - Processing file /home/AtlasRise/airflow/airflow_env/lib/python3.12/site-packages/airflow/example_dags/example_trigger_target_dag.py for tasks to queue
[2024-11-18T21:05:17.335+0500] {logging_mixin.py:190} INFO - [2024-11-18T21:05:17.334+0500] {dagbag.py:588} INFO - Filling up the DagBag from /home/AtlasRise/airflow/airflow_env/lib/python3.12/site-packages/airflow/example_dags/example_trigger_target_dag.py
[2024-11-18T21:05:17.350+0500] {processor.py:925} INFO - DAG(s) 'example_trigger_target_dag' retrieved from /home/AtlasRise/airflow/airflow_env/lib/python3.12/site-packages/airflow/example_dags/example_trigger_target_dag.py
[2024-11-18T21:05:17.374+0500] {logging_mixin.py:190} INFO - [2024-11-18T21:05:17.373+0500] {dag.py:3239} INFO - Sync 1 DAGs
[2024-11-18T21:05:17.394+0500] {logging_mixin.py:190} INFO - [2024-11-18T21:05:17.394+0500] {dag.py:4180} INFO - Setting next_dagrun for example_trigger_target_dag to None, run_after=None
[2024-11-18T21:05:17.433+0500] {processor.py:208} INFO - Processing /home/AtlasRise/airflow/airflow_env/lib/python3.12/site-packages/airflow/example_dags/example_trigger_target_dag.py took 0.112 seconds
[2024-11-18T21:06:24.510+0500] {processor.py:186} INFO - Started process (PID=21016) to work on /home/AtlasRise/airflow/airflow_env/lib/python3.12/site-packages/airflow/example_dags/example_trigger_target_dag.py
[2024-11-18T21:06:24.512+0500] {processor.py:914} INFO - Processing file /home/AtlasRise/airflow/airflow_env/lib/python3.12/site-packages/airflow/example_dags/example_trigger_target_dag.py for tasks to queue
[2024-11-18T21:06:24.515+0500] {logging_mixin.py:190} INFO - [2024-11-18T21:06:24.514+0500] {dagbag.py:588} INFO - Filling up the DagBag from /home/AtlasRise/airflow/airflow_env/lib/python3.12/site-packages/airflow/example_dags/example_trigger_target_dag.py
[2024-11-18T21:06:24.527+0500] {processor.py:925} INFO - DAG(s) 'example_trigger_target_dag' retrieved from /home/AtlasRise/airflow/airflow_env/lib/python3.12/site-packages/airflow/example_dags/example_trigger_target_dag.py
[2024-11-18T21:06:24.550+0500] {logging_mixin.py:190} INFO - [2024-11-18T21:06:24.549+0500] {dag.py:3239} INFO - Sync 1 DAGs
[2024-11-18T21:06:24.570+0500] {logging_mixin.py:190} INFO - [2024-11-18T21:06:24.570+0500] {dag.py:4180} INFO - Setting next_dagrun for example_trigger_target_dag to None, run_after=None
[2024-11-18T21:06:24.603+0500] {processor.py:208} INFO - Processing /home/AtlasRise/airflow/airflow_env/lib/python3.12/site-packages/airflow/example_dags/example_trigger_target_dag.py took 0.100 seconds
[2024-11-18T21:07:08.955+0500] {processor.py:186} INFO - Started process (PID=21084) to work on /home/AtlasRise/airflow/airflow_env/lib/python3.12/site-packages/airflow/example_dags/example_trigger_target_dag.py
[2024-11-18T21:07:08.957+0500] {processor.py:914} INFO - Processing file /home/AtlasRise/airflow/airflow_env/lib/python3.12/site-packages/airflow/example_dags/example_trigger_target_dag.py for tasks to queue
[2024-11-18T21:07:08.960+0500] {logging_mixin.py:190} INFO - [2024-11-18T21:07:08.960+0500] {dagbag.py:588} INFO - Filling up the DagBag from /home/AtlasRise/airflow/airflow_env/lib/python3.12/site-packages/airflow/example_dags/example_trigger_target_dag.py
[2024-11-18T21:07:08.972+0500] {processor.py:925} INFO - DAG(s) 'example_trigger_target_dag' retrieved from /home/AtlasRise/airflow/airflow_env/lib/python3.12/site-packages/airflow/example_dags/example_trigger_target_dag.py
[2024-11-18T21:07:08.995+0500] {logging_mixin.py:190} INFO - [2024-11-18T21:07:08.995+0500] {dag.py:3239} INFO - Sync 1 DAGs
[2024-11-18T21:07:09.016+0500] {logging_mixin.py:190} INFO - [2024-11-18T21:07:09.016+0500] {dag.py:4180} INFO - Setting next_dagrun for example_trigger_target_dag to None, run_after=None
[2024-11-18T21:07:09.051+0500] {processor.py:208} INFO - Processing /home/AtlasRise/airflow/airflow_env/lib/python3.12/site-packages/airflow/example_dags/example_trigger_target_dag.py took 0.105 seconds
[2024-11-18T21:08:19.146+0500] {processor.py:186} INFO - Started process (PID=21153) to work on /home/AtlasRise/airflow/airflow_env/lib/python3.12/site-packages/airflow/example_dags/example_trigger_target_dag.py
[2024-11-18T21:08:19.148+0500] {processor.py:914} INFO - Processing file /home/AtlasRise/airflow/airflow_env/lib/python3.12/site-packages/airflow/example_dags/example_trigger_target_dag.py for tasks to queue
[2024-11-18T21:08:19.152+0500] {logging_mixin.py:190} INFO - [2024-11-18T21:08:19.151+0500] {dagbag.py:588} INFO - Filling up the DagBag from /home/AtlasRise/airflow/airflow_env/lib/python3.12/site-packages/airflow/example_dags/example_trigger_target_dag.py
[2024-11-18T21:08:19.164+0500] {processor.py:925} INFO - DAG(s) 'example_trigger_target_dag' retrieved from /home/AtlasRise/airflow/airflow_env/lib/python3.12/site-packages/airflow/example_dags/example_trigger_target_dag.py
[2024-11-18T21:08:19.188+0500] {logging_mixin.py:190} INFO - [2024-11-18T21:08:19.188+0500] {dag.py:3239} INFO - Sync 1 DAGs
[2024-11-18T21:08:19.211+0500] {logging_mixin.py:190} INFO - [2024-11-18T21:08:19.210+0500] {dag.py:4180} INFO - Setting next_dagrun for example_trigger_target_dag to None, run_after=None
[2024-11-18T21:08:19.247+0500] {processor.py:208} INFO - Processing /home/AtlasRise/airflow/airflow_env/lib/python3.12/site-packages/airflow/example_dags/example_trigger_target_dag.py took 0.109 seconds
[2024-11-18T21:09:24.617+0500] {processor.py:186} INFO - Started process (PID=21250) to work on /home/AtlasRise/airflow/airflow_env/lib/python3.12/site-packages/airflow/example_dags/example_trigger_target_dag.py
[2024-11-18T21:09:24.619+0500] {processor.py:914} INFO - Processing file /home/AtlasRise/airflow/airflow_env/lib/python3.12/site-packages/airflow/example_dags/example_trigger_target_dag.py for tasks to queue
[2024-11-18T21:09:24.623+0500] {logging_mixin.py:190} INFO - [2024-11-18T21:09:24.622+0500] {dagbag.py:588} INFO - Filling up the DagBag from /home/AtlasRise/airflow/airflow_env/lib/python3.12/site-packages/airflow/example_dags/example_trigger_target_dag.py
[2024-11-18T21:09:24.635+0500] {processor.py:925} INFO - DAG(s) 'example_trigger_target_dag' retrieved from /home/AtlasRise/airflow/airflow_env/lib/python3.12/site-packages/airflow/example_dags/example_trigger_target_dag.py
[2024-11-18T21:09:24.657+0500] {logging_mixin.py:190} INFO - [2024-11-18T21:09:24.657+0500] {dag.py:3239} INFO - Sync 1 DAGs
[2024-11-18T21:09:24.679+0500] {logging_mixin.py:190} INFO - [2024-11-18T21:09:24.679+0500] {dag.py:4180} INFO - Setting next_dagrun for example_trigger_target_dag to None, run_after=None
[2024-11-18T21:09:24.714+0500] {processor.py:208} INFO - Processing /home/AtlasRise/airflow/airflow_env/lib/python3.12/site-packages/airflow/example_dags/example_trigger_target_dag.py took 0.106 seconds
[2024-11-18T21:10:34.851+0500] {processor.py:186} INFO - Started process (PID=21335) to work on /home/AtlasRise/airflow/airflow_env/lib/python3.12/site-packages/airflow/example_dags/example_trigger_target_dag.py
[2024-11-18T21:10:34.852+0500] {processor.py:914} INFO - Processing file /home/AtlasRise/airflow/airflow_env/lib/python3.12/site-packages/airflow/example_dags/example_trigger_target_dag.py for tasks to queue
[2024-11-18T21:10:34.855+0500] {logging_mixin.py:190} INFO - [2024-11-18T21:10:34.854+0500] {dagbag.py:588} INFO - Filling up the DagBag from /home/AtlasRise/airflow/airflow_env/lib/python3.12/site-packages/airflow/example_dags/example_trigger_target_dag.py
[2024-11-18T21:10:34.868+0500] {processor.py:925} INFO - DAG(s) 'example_trigger_target_dag' retrieved from /home/AtlasRise/airflow/airflow_env/lib/python3.12/site-packages/airflow/example_dags/example_trigger_target_dag.py
[2024-11-18T21:10:34.889+0500] {logging_mixin.py:190} INFO - [2024-11-18T21:10:34.889+0500] {dag.py:3239} INFO - Sync 1 DAGs
[2024-11-18T21:10:34.911+0500] {logging_mixin.py:190} INFO - [2024-11-18T21:10:34.910+0500] {dag.py:4180} INFO - Setting next_dagrun for example_trigger_target_dag to None, run_after=None
[2024-11-18T21:10:34.945+0500] {processor.py:208} INFO - Processing /home/AtlasRise/airflow/airflow_env/lib/python3.12/site-packages/airflow/example_dags/example_trigger_target_dag.py took 0.102 seconds
[2024-11-18T21:11:19.195+0500] {processor.py:186} INFO - Started process (PID=21414) to work on /home/AtlasRise/airflow/airflow_env/lib/python3.12/site-packages/airflow/example_dags/example_trigger_target_dag.py
[2024-11-18T21:11:19.197+0500] {processor.py:914} INFO - Processing file /home/AtlasRise/airflow/airflow_env/lib/python3.12/site-packages/airflow/example_dags/example_trigger_target_dag.py for tasks to queue
[2024-11-18T21:11:19.200+0500] {logging_mixin.py:190} INFO - [2024-11-18T21:11:19.200+0500] {dagbag.py:588} INFO - Filling up the DagBag from /home/AtlasRise/airflow/airflow_env/lib/python3.12/site-packages/airflow/example_dags/example_trigger_target_dag.py
[2024-11-18T21:11:19.212+0500] {processor.py:925} INFO - DAG(s) 'example_trigger_target_dag' retrieved from /home/AtlasRise/airflow/airflow_env/lib/python3.12/site-packages/airflow/example_dags/example_trigger_target_dag.py
[2024-11-18T21:11:19.236+0500] {logging_mixin.py:190} INFO - [2024-11-18T21:11:19.236+0500] {dag.py:3239} INFO - Sync 1 DAGs
[2024-11-18T21:11:19.256+0500] {logging_mixin.py:190} INFO - [2024-11-18T21:11:19.256+0500] {dag.py:4180} INFO - Setting next_dagrun for example_trigger_target_dag to None, run_after=None
[2024-11-18T21:11:19.292+0500] {processor.py:208} INFO - Processing /home/AtlasRise/airflow/airflow_env/lib/python3.12/site-packages/airflow/example_dags/example_trigger_target_dag.py took 0.106 seconds
[2024-11-18T21:12:03.256+0500] {processor.py:186} INFO - Started process (PID=21486) to work on /home/AtlasRise/airflow/airflow_env/lib/python3.12/site-packages/airflow/example_dags/example_trigger_target_dag.py
[2024-11-18T21:12:03.258+0500] {processor.py:914} INFO - Processing file /home/AtlasRise/airflow/airflow_env/lib/python3.12/site-packages/airflow/example_dags/example_trigger_target_dag.py for tasks to queue
[2024-11-18T21:12:03.262+0500] {logging_mixin.py:190} INFO - [2024-11-18T21:12:03.261+0500] {dagbag.py:588} INFO - Filling up the DagBag from /home/AtlasRise/airflow/airflow_env/lib/python3.12/site-packages/airflow/example_dags/example_trigger_target_dag.py
[2024-11-18T21:12:03.274+0500] {processor.py:925} INFO - DAG(s) 'example_trigger_target_dag' retrieved from /home/AtlasRise/airflow/airflow_env/lib/python3.12/site-packages/airflow/example_dags/example_trigger_target_dag.py
[2024-11-18T21:12:03.299+0500] {logging_mixin.py:190} INFO - [2024-11-18T21:12:03.299+0500] {dag.py:3239} INFO - Sync 1 DAGs
[2024-11-18T21:12:03.322+0500] {logging_mixin.py:190} INFO - [2024-11-18T21:12:03.322+0500] {dag.py:4180} INFO - Setting next_dagrun for example_trigger_target_dag to None, run_after=None
[2024-11-18T21:12:03.368+0500] {processor.py:208} INFO - Processing /home/AtlasRise/airflow/airflow_env/lib/python3.12/site-packages/airflow/example_dags/example_trigger_target_dag.py took 0.121 seconds
[2024-11-18T21:13:07.774+0500] {processor.py:186} INFO - Started process (PID=21568) to work on /home/AtlasRise/airflow/airflow_env/lib/python3.12/site-packages/airflow/example_dags/example_trigger_target_dag.py
[2024-11-18T21:13:07.777+0500] {processor.py:914} INFO - Processing file /home/AtlasRise/airflow/airflow_env/lib/python3.12/site-packages/airflow/example_dags/example_trigger_target_dag.py for tasks to queue
[2024-11-18T21:13:07.781+0500] {logging_mixin.py:190} INFO - [2024-11-18T21:13:07.780+0500] {dagbag.py:588} INFO - Filling up the DagBag from /home/AtlasRise/airflow/airflow_env/lib/python3.12/site-packages/airflow/example_dags/example_trigger_target_dag.py
[2024-11-18T21:13:07.793+0500] {processor.py:925} INFO - DAG(s) 'example_trigger_target_dag' retrieved from /home/AtlasRise/airflow/airflow_env/lib/python3.12/site-packages/airflow/example_dags/example_trigger_target_dag.py
[2024-11-18T21:13:07.818+0500] {logging_mixin.py:190} INFO - [2024-11-18T21:13:07.817+0500] {dag.py:3239} INFO - Sync 1 DAGs
[2024-11-18T21:13:07.840+0500] {logging_mixin.py:190} INFO - [2024-11-18T21:13:07.840+0500] {dag.py:4180} INFO - Setting next_dagrun for example_trigger_target_dag to None, run_after=None
[2024-11-18T21:13:07.875+0500] {processor.py:208} INFO - Processing /home/AtlasRise/airflow/airflow_env/lib/python3.12/site-packages/airflow/example_dags/example_trigger_target_dag.py took 0.109 seconds
[2024-11-18T21:13:57.393+0500] {processor.py:186} INFO - Started process (PID=21623) to work on /home/AtlasRise/airflow/airflow_env/lib/python3.12/site-packages/airflow/example_dags/example_trigger_target_dag.py
[2024-11-18T21:13:57.396+0500] {processor.py:914} INFO - Processing file /home/AtlasRise/airflow/airflow_env/lib/python3.12/site-packages/airflow/example_dags/example_trigger_target_dag.py for tasks to queue
[2024-11-18T21:13:57.399+0500] {logging_mixin.py:190} INFO - [2024-11-18T21:13:57.399+0500] {dagbag.py:588} INFO - Filling up the DagBag from /home/AtlasRise/airflow/airflow_env/lib/python3.12/site-packages/airflow/example_dags/example_trigger_target_dag.py
[2024-11-18T21:13:57.412+0500] {processor.py:925} INFO - DAG(s) 'example_trigger_target_dag' retrieved from /home/AtlasRise/airflow/airflow_env/lib/python3.12/site-packages/airflow/example_dags/example_trigger_target_dag.py
[2024-11-18T21:13:57.436+0500] {logging_mixin.py:190} INFO - [2024-11-18T21:13:57.436+0500] {dag.py:3239} INFO - Sync 1 DAGs
[2024-11-18T21:13:57.459+0500] {logging_mixin.py:190} INFO - [2024-11-18T21:13:57.459+0500] {dag.py:4180} INFO - Setting next_dagrun for example_trigger_target_dag to None, run_after=None
[2024-11-18T21:13:57.496+0500] {processor.py:208} INFO - Processing /home/AtlasRise/airflow/airflow_env/lib/python3.12/site-packages/airflow/example_dags/example_trigger_target_dag.py took 0.112 seconds
[2024-11-18T21:15:24.084+0500] {processor.py:186} INFO - Started process (PID=21742) to work on /home/AtlasRise/airflow/airflow_env/lib/python3.12/site-packages/airflow/example_dags/example_trigger_target_dag.py
[2024-11-18T21:15:24.085+0500] {processor.py:914} INFO - Processing file /home/AtlasRise/airflow/airflow_env/lib/python3.12/site-packages/airflow/example_dags/example_trigger_target_dag.py for tasks to queue
[2024-11-18T21:15:24.089+0500] {logging_mixin.py:190} INFO - [2024-11-18T21:15:24.088+0500] {dagbag.py:588} INFO - Filling up the DagBag from /home/AtlasRise/airflow/airflow_env/lib/python3.12/site-packages/airflow/example_dags/example_trigger_target_dag.py
[2024-11-18T21:15:24.102+0500] {processor.py:925} INFO - DAG(s) 'example_trigger_target_dag' retrieved from /home/AtlasRise/airflow/airflow_env/lib/python3.12/site-packages/airflow/example_dags/example_trigger_target_dag.py
[2024-11-18T21:15:24.125+0500] {logging_mixin.py:190} INFO - [2024-11-18T21:15:24.125+0500] {dag.py:3239} INFO - Sync 1 DAGs
[2024-11-18T21:15:24.149+0500] {logging_mixin.py:190} INFO - [2024-11-18T21:15:24.148+0500] {dag.py:4180} INFO - Setting next_dagrun for example_trigger_target_dag to None, run_after=None
[2024-11-18T21:15:24.188+0500] {processor.py:208} INFO - Processing /home/AtlasRise/airflow/airflow_env/lib/python3.12/site-packages/airflow/example_dags/example_trigger_target_dag.py took 0.113 seconds
[2024-11-18T21:16:10.961+0500] {processor.py:186} INFO - Started process (PID=21803) to work on /home/AtlasRise/airflow/airflow_env/lib/python3.12/site-packages/airflow/example_dags/example_trigger_target_dag.py
[2024-11-18T21:16:10.962+0500] {processor.py:914} INFO - Processing file /home/AtlasRise/airflow/airflow_env/lib/python3.12/site-packages/airflow/example_dags/example_trigger_target_dag.py for tasks to queue
[2024-11-18T21:16:10.965+0500] {logging_mixin.py:190} INFO - [2024-11-18T21:16:10.964+0500] {dagbag.py:588} INFO - Filling up the DagBag from /home/AtlasRise/airflow/airflow_env/lib/python3.12/site-packages/airflow/example_dags/example_trigger_target_dag.py
[2024-11-18T21:16:10.977+0500] {processor.py:925} INFO - DAG(s) 'example_trigger_target_dag' retrieved from /home/AtlasRise/airflow/airflow_env/lib/python3.12/site-packages/airflow/example_dags/example_trigger_target_dag.py
[2024-11-18T21:16:11.001+0500] {logging_mixin.py:190} INFO - [2024-11-18T21:16:11.000+0500] {dag.py:3239} INFO - Sync 1 DAGs
[2024-11-18T21:16:11.020+0500] {logging_mixin.py:190} INFO - [2024-11-18T21:16:11.020+0500] {dag.py:4180} INFO - Setting next_dagrun for example_trigger_target_dag to None, run_after=None
[2024-11-18T21:16:11.054+0500] {processor.py:208} INFO - Processing /home/AtlasRise/airflow/airflow_env/lib/python3.12/site-packages/airflow/example_dags/example_trigger_target_dag.py took 0.102 seconds
[2024-11-18T21:17:15.888+0500] {processor.py:186} INFO - Started process (PID=21902) to work on /home/AtlasRise/airflow/airflow_env/lib/python3.12/site-packages/airflow/example_dags/example_trigger_target_dag.py
[2024-11-18T21:17:15.889+0500] {processor.py:914} INFO - Processing file /home/AtlasRise/airflow/airflow_env/lib/python3.12/site-packages/airflow/example_dags/example_trigger_target_dag.py for tasks to queue
[2024-11-18T21:17:15.893+0500] {logging_mixin.py:190} INFO - [2024-11-18T21:17:15.892+0500] {dagbag.py:588} INFO - Filling up the DagBag from /home/AtlasRise/airflow/airflow_env/lib/python3.12/site-packages/airflow/example_dags/example_trigger_target_dag.py
[2024-11-18T21:17:15.905+0500] {processor.py:925} INFO - DAG(s) 'example_trigger_target_dag' retrieved from /home/AtlasRise/airflow/airflow_env/lib/python3.12/site-packages/airflow/example_dags/example_trigger_target_dag.py
[2024-11-18T21:17:15.929+0500] {logging_mixin.py:190} INFO - [2024-11-18T21:17:15.929+0500] {dag.py:3239} INFO - Sync 1 DAGs
[2024-11-18T21:17:15.956+0500] {logging_mixin.py:190} INFO - [2024-11-18T21:17:15.955+0500] {dag.py:4180} INFO - Setting next_dagrun for example_trigger_target_dag to None, run_after=None
[2024-11-18T21:17:15.995+0500] {processor.py:208} INFO - Processing /home/AtlasRise/airflow/airflow_env/lib/python3.12/site-packages/airflow/example_dags/example_trigger_target_dag.py took 0.115 seconds
[2024-11-18T21:18:00.651+0500] {processor.py:186} INFO - Started process (PID=21965) to work on /home/AtlasRise/airflow/airflow_env/lib/python3.12/site-packages/airflow/example_dags/example_trigger_target_dag.py
[2024-11-18T21:18:00.652+0500] {processor.py:914} INFO - Processing file /home/AtlasRise/airflow/airflow_env/lib/python3.12/site-packages/airflow/example_dags/example_trigger_target_dag.py for tasks to queue
[2024-11-18T21:18:00.655+0500] {logging_mixin.py:190} INFO - [2024-11-18T21:18:00.655+0500] {dagbag.py:588} INFO - Filling up the DagBag from /home/AtlasRise/airflow/airflow_env/lib/python3.12/site-packages/airflow/example_dags/example_trigger_target_dag.py
[2024-11-18T21:18:00.668+0500] {processor.py:925} INFO - DAG(s) 'example_trigger_target_dag' retrieved from /home/AtlasRise/airflow/airflow_env/lib/python3.12/site-packages/airflow/example_dags/example_trigger_target_dag.py
[2024-11-18T21:18:00.690+0500] {logging_mixin.py:190} INFO - [2024-11-18T21:18:00.690+0500] {dag.py:3239} INFO - Sync 1 DAGs
[2024-11-18T21:18:00.710+0500] {logging_mixin.py:190} INFO - [2024-11-18T21:18:00.710+0500] {dag.py:4180} INFO - Setting next_dagrun for example_trigger_target_dag to None, run_after=None
[2024-11-18T21:18:00.743+0500] {processor.py:208} INFO - Processing /home/AtlasRise/airflow/airflow_env/lib/python3.12/site-packages/airflow/example_dags/example_trigger_target_dag.py took 0.100 seconds
[2024-11-18T21:18:53.332+0500] {processor.py:186} INFO - Started process (PID=22040) to work on /home/AtlasRise/airflow/airflow_env/lib/python3.12/site-packages/airflow/example_dags/example_trigger_target_dag.py
[2024-11-18T21:18:53.333+0500] {processor.py:914} INFO - Processing file /home/AtlasRise/airflow/airflow_env/lib/python3.12/site-packages/airflow/example_dags/example_trigger_target_dag.py for tasks to queue
[2024-11-18T21:18:53.337+0500] {logging_mixin.py:190} INFO - [2024-11-18T21:18:53.336+0500] {dagbag.py:588} INFO - Filling up the DagBag from /home/AtlasRise/airflow/airflow_env/lib/python3.12/site-packages/airflow/example_dags/example_trigger_target_dag.py
[2024-11-18T21:18:53.349+0500] {processor.py:925} INFO - DAG(s) 'example_trigger_target_dag' retrieved from /home/AtlasRise/airflow/airflow_env/lib/python3.12/site-packages/airflow/example_dags/example_trigger_target_dag.py
[2024-11-18T21:18:53.372+0500] {logging_mixin.py:190} INFO - [2024-11-18T21:18:53.372+0500] {dag.py:3239} INFO - Sync 1 DAGs
[2024-11-18T21:18:53.398+0500] {logging_mixin.py:190} INFO - [2024-11-18T21:18:53.398+0500] {dag.py:4180} INFO - Setting next_dagrun for example_trigger_target_dag to None, run_after=None
[2024-11-18T21:18:53.438+0500] {processor.py:208} INFO - Processing /home/AtlasRise/airflow/airflow_env/lib/python3.12/site-packages/airflow/example_dags/example_trigger_target_dag.py took 0.115 seconds
[2024-11-18T21:19:51.232+0500] {processor.py:186} INFO - Started process (PID=22122) to work on /home/AtlasRise/airflow/airflow_env/lib/python3.12/site-packages/airflow/example_dags/example_trigger_target_dag.py
[2024-11-18T21:19:51.235+0500] {processor.py:914} INFO - Processing file /home/AtlasRise/airflow/airflow_env/lib/python3.12/site-packages/airflow/example_dags/example_trigger_target_dag.py for tasks to queue
[2024-11-18T21:19:51.238+0500] {logging_mixin.py:190} INFO - [2024-11-18T21:19:51.238+0500] {dagbag.py:588} INFO - Filling up the DagBag from /home/AtlasRise/airflow/airflow_env/lib/python3.12/site-packages/airflow/example_dags/example_trigger_target_dag.py
[2024-11-18T21:19:51.251+0500] {processor.py:925} INFO - DAG(s) 'example_trigger_target_dag' retrieved from /home/AtlasRise/airflow/airflow_env/lib/python3.12/site-packages/airflow/example_dags/example_trigger_target_dag.py
[2024-11-18T21:19:51.274+0500] {logging_mixin.py:190} INFO - [2024-11-18T21:19:51.274+0500] {dag.py:3239} INFO - Sync 1 DAGs
[2024-11-18T21:19:51.295+0500] {logging_mixin.py:190} INFO - [2024-11-18T21:19:51.295+0500] {dag.py:4180} INFO - Setting next_dagrun for example_trigger_target_dag to None, run_after=None
[2024-11-18T21:19:51.328+0500] {processor.py:208} INFO - Processing /home/AtlasRise/airflow/airflow_env/lib/python3.12/site-packages/airflow/example_dags/example_trigger_target_dag.py took 0.104 seconds
[2024-11-18T21:20:32.935+0500] {processor.py:186} INFO - Started process (PID=22163) to work on /home/AtlasRise/airflow/airflow_env/lib/python3.12/site-packages/airflow/example_dags/example_trigger_target_dag.py
[2024-11-18T21:20:32.936+0500] {processor.py:914} INFO - Processing file /home/AtlasRise/airflow/airflow_env/lib/python3.12/site-packages/airflow/example_dags/example_trigger_target_dag.py for tasks to queue
[2024-11-18T21:20:32.939+0500] {logging_mixin.py:190} INFO - [2024-11-18T21:20:32.938+0500] {dagbag.py:588} INFO - Filling up the DagBag from /home/AtlasRise/airflow/airflow_env/lib/python3.12/site-packages/airflow/example_dags/example_trigger_target_dag.py
[2024-11-18T21:20:32.952+0500] {processor.py:925} INFO - DAG(s) 'example_trigger_target_dag' retrieved from /home/AtlasRise/airflow/airflow_env/lib/python3.12/site-packages/airflow/example_dags/example_trigger_target_dag.py
[2024-11-18T21:20:32.976+0500] {logging_mixin.py:190} INFO - [2024-11-18T21:20:32.975+0500] {dag.py:3239} INFO - Sync 1 DAGs
[2024-11-18T21:20:32.997+0500] {logging_mixin.py:190} INFO - [2024-11-18T21:20:32.996+0500] {dag.py:4180} INFO - Setting next_dagrun for example_trigger_target_dag to None, run_after=None
[2024-11-18T21:20:33.030+0500] {processor.py:208} INFO - Processing /home/AtlasRise/airflow/airflow_env/lib/python3.12/site-packages/airflow/example_dags/example_trigger_target_dag.py took 0.104 seconds
[2024-11-18T21:21:44.268+0500] {processor.py:186} INFO - Started process (PID=22260) to work on /home/AtlasRise/airflow/airflow_env/lib/python3.12/site-packages/airflow/example_dags/example_trigger_target_dag.py
[2024-11-18T21:21:44.269+0500] {processor.py:914} INFO - Processing file /home/AtlasRise/airflow/airflow_env/lib/python3.12/site-packages/airflow/example_dags/example_trigger_target_dag.py for tasks to queue
[2024-11-18T21:21:44.272+0500] {logging_mixin.py:190} INFO - [2024-11-18T21:21:44.272+0500] {dagbag.py:588} INFO - Filling up the DagBag from /home/AtlasRise/airflow/airflow_env/lib/python3.12/site-packages/airflow/example_dags/example_trigger_target_dag.py
[2024-11-18T21:21:44.284+0500] {processor.py:925} INFO - DAG(s) 'example_trigger_target_dag' retrieved from /home/AtlasRise/airflow/airflow_env/lib/python3.12/site-packages/airflow/example_dags/example_trigger_target_dag.py
[2024-11-18T21:21:44.308+0500] {logging_mixin.py:190} INFO - [2024-11-18T21:21:44.307+0500] {dag.py:3239} INFO - Sync 1 DAGs
[2024-11-18T21:21:44.330+0500] {logging_mixin.py:190} INFO - [2024-11-18T21:21:44.329+0500] {dag.py:4180} INFO - Setting next_dagrun for example_trigger_target_dag to None, run_after=None
[2024-11-18T21:21:44.363+0500] {processor.py:208} INFO - Processing /home/AtlasRise/airflow/airflow_env/lib/python3.12/site-packages/airflow/example_dags/example_trigger_target_dag.py took 0.104 seconds
[2024-11-18T21:22:53.274+0500] {processor.py:186} INFO - Started process (PID=22340) to work on /home/AtlasRise/airflow/airflow_env/lib/python3.12/site-packages/airflow/example_dags/example_trigger_target_dag.py
[2024-11-18T21:22:53.276+0500] {processor.py:914} INFO - Processing file /home/AtlasRise/airflow/airflow_env/lib/python3.12/site-packages/airflow/example_dags/example_trigger_target_dag.py for tasks to queue
[2024-11-18T21:22:53.279+0500] {logging_mixin.py:190} INFO - [2024-11-18T21:22:53.278+0500] {dagbag.py:588} INFO - Filling up the DagBag from /home/AtlasRise/airflow/airflow_env/lib/python3.12/site-packages/airflow/example_dags/example_trigger_target_dag.py
[2024-11-18T21:22:53.291+0500] {processor.py:925} INFO - DAG(s) 'example_trigger_target_dag' retrieved from /home/AtlasRise/airflow/airflow_env/lib/python3.12/site-packages/airflow/example_dags/example_trigger_target_dag.py
[2024-11-18T21:22:53.314+0500] {logging_mixin.py:190} INFO - [2024-11-18T21:22:53.314+0500] {dag.py:3239} INFO - Sync 1 DAGs
[2024-11-18T21:22:53.336+0500] {logging_mixin.py:190} INFO - [2024-11-18T21:22:53.336+0500] {dag.py:4180} INFO - Setting next_dagrun for example_trigger_target_dag to None, run_after=None
[2024-11-18T21:22:53.370+0500] {processor.py:208} INFO - Processing /home/AtlasRise/airflow/airflow_env/lib/python3.12/site-packages/airflow/example_dags/example_trigger_target_dag.py took 0.104 seconds
