[2024-11-18T20:40:52.869+0500] {processor.py:186} INFO - Started process (PID=18941) to work on /home/AtlasRise/airflow/airflow_env/lib/python3.12/site-packages/airflow/example_dags/example_short_circuit_decorator.py
[2024-11-18T20:40:52.870+0500] {processor.py:914} INFO - Processing file /home/AtlasRise/airflow/airflow_env/lib/python3.12/site-packages/airflow/example_dags/example_short_circuit_decorator.py for tasks to queue
[2024-11-18T20:40:52.873+0500] {logging_mixin.py:190} INFO - [2024-11-18T20:40:52.872+0500] {dagbag.py:588} INFO - Filling up the DagBag from /home/AtlasRise/airflow/airflow_env/lib/python3.12/site-packages/airflow/example_dags/example_short_circuit_decorator.py
[2024-11-18T20:40:52.890+0500] {processor.py:925} INFO - DAG(s) 'example_short_circuit_decorator' retrieved from /home/AtlasRise/airflow/airflow_env/lib/python3.12/site-packages/airflow/example_dags/example_short_circuit_decorator.py
[2024-11-18T20:40:53.056+0500] {logging_mixin.py:190} INFO - [2024-11-18T20:40:53.055+0500] {override.py:1911} INFO - Created Permission View: can read on DAG:example_short_circuit_decorator
[2024-11-18T20:40:53.074+0500] {logging_mixin.py:190} INFO - [2024-11-18T20:40:53.073+0500] {override.py:1911} INFO - Created Permission View: can edit on DAG:example_short_circuit_decorator
[2024-11-18T20:40:53.086+0500] {logging_mixin.py:190} INFO - [2024-11-18T20:40:53.086+0500] {override.py:1911} INFO - Created Permission View: can delete on DAG:example_short_circuit_decorator
[2024-11-18T20:40:53.105+0500] {logging_mixin.py:190} INFO - [2024-11-18T20:40:53.105+0500] {override.py:1911} INFO - Created Permission View: can read on DAG Run:example_short_circuit_decorator
[2024-11-18T20:40:53.117+0500] {logging_mixin.py:190} INFO - [2024-11-18T20:40:53.116+0500] {override.py:1911} INFO - Created Permission View: can create on DAG Run:example_short_circuit_decorator
[2024-11-18T20:40:53.129+0500] {logging_mixin.py:190} INFO - [2024-11-18T20:40:53.129+0500] {override.py:1911} INFO - Created Permission View: can delete on DAG Run:example_short_circuit_decorator
[2024-11-18T20:40:53.141+0500] {logging_mixin.py:190} INFO - [2024-11-18T20:40:53.140+0500] {override.py:1911} INFO - Created Permission View: menu access on DAG Run:example_short_circuit_decorator
[2024-11-18T20:40:53.141+0500] {logging_mixin.py:190} INFO - [2024-11-18T20:40:53.141+0500] {dag.py:3239} INFO - Sync 1 DAGs
[2024-11-18T20:40:53.162+0500] {logging_mixin.py:190} INFO - [2024-11-18T20:40:53.162+0500] {dag.py:3262} INFO - Creating ORM DAG for example_short_circuit_decorator
[2024-11-18T20:40:53.163+0500] {logging_mixin.py:190} INFO - [2024-11-18T20:40:53.163+0500] {dag.py:4180} INFO - Setting next_dagrun for example_short_circuit_decorator to None, run_after=None
[2024-11-18T20:40:53.193+0500] {processor.py:208} INFO - Processing /home/AtlasRise/airflow/airflow_env/lib/python3.12/site-packages/airflow/example_dags/example_short_circuit_decorator.py took 0.334 seconds
[2024-11-18T20:42:03.223+0500] {processor.py:186} INFO - Started process (PID=19130) to work on /home/AtlasRise/airflow/airflow_env/lib/python3.12/site-packages/airflow/example_dags/example_short_circuit_decorator.py
[2024-11-18T20:42:03.226+0500] {processor.py:914} INFO - Processing file /home/AtlasRise/airflow/airflow_env/lib/python3.12/site-packages/airflow/example_dags/example_short_circuit_decorator.py for tasks to queue
[2024-11-18T20:42:03.232+0500] {logging_mixin.py:190} INFO - [2024-11-18T20:42:03.232+0500] {dagbag.py:588} INFO - Filling up the DagBag from /home/AtlasRise/airflow/airflow_env/lib/python3.12/site-packages/airflow/example_dags/example_short_circuit_decorator.py
[2024-11-18T20:42:03.260+0500] {processor.py:925} INFO - DAG(s) 'example_short_circuit_decorator' retrieved from /home/AtlasRise/airflow/airflow_env/lib/python3.12/site-packages/airflow/example_dags/example_short_circuit_decorator.py
[2024-11-18T20:42:03.292+0500] {logging_mixin.py:190} INFO - [2024-11-18T20:42:03.292+0500] {dag.py:3239} INFO - Sync 1 DAGs
[2024-11-18T20:42:03.360+0500] {logging_mixin.py:190} INFO - [2024-11-18T20:42:03.359+0500] {dag.py:4180} INFO - Setting next_dagrun for example_short_circuit_decorator to None, run_after=None
[2024-11-18T20:42:03.446+0500] {processor.py:208} INFO - Processing /home/AtlasRise/airflow/airflow_env/lib/python3.12/site-packages/airflow/example_dags/example_short_circuit_decorator.py took 0.232 seconds
[2024-11-18T20:43:13.872+0500] {processor.py:186} INFO - Started process (PID=19202) to work on /home/AtlasRise/airflow/airflow_env/lib/python3.12/site-packages/airflow/example_dags/example_short_circuit_decorator.py
[2024-11-18T20:43:13.874+0500] {processor.py:914} INFO - Processing file /home/AtlasRise/airflow/airflow_env/lib/python3.12/site-packages/airflow/example_dags/example_short_circuit_decorator.py for tasks to queue
[2024-11-18T20:43:13.877+0500] {logging_mixin.py:190} INFO - [2024-11-18T20:43:13.877+0500] {dagbag.py:588} INFO - Filling up the DagBag from /home/AtlasRise/airflow/airflow_env/lib/python3.12/site-packages/airflow/example_dags/example_short_circuit_decorator.py
[2024-11-18T20:43:13.893+0500] {processor.py:925} INFO - DAG(s) 'example_short_circuit_decorator' retrieved from /home/AtlasRise/airflow/airflow_env/lib/python3.12/site-packages/airflow/example_dags/example_short_circuit_decorator.py
[2024-11-18T20:43:13.922+0500] {logging_mixin.py:190} INFO - [2024-11-18T20:43:13.921+0500] {dag.py:3239} INFO - Sync 1 DAGs
[2024-11-18T20:43:13.942+0500] {logging_mixin.py:190} INFO - [2024-11-18T20:43:13.942+0500] {dag.py:4180} INFO - Setting next_dagrun for example_short_circuit_decorator to None, run_after=None
[2024-11-18T20:43:13.977+0500] {processor.py:208} INFO - Processing /home/AtlasRise/airflow/airflow_env/lib/python3.12/site-packages/airflow/example_dags/example_short_circuit_decorator.py took 0.113 seconds
[2024-11-18T20:44:19.946+0500] {processor.py:186} INFO - Started process (PID=19283) to work on /home/AtlasRise/airflow/airflow_env/lib/python3.12/site-packages/airflow/example_dags/example_short_circuit_decorator.py
[2024-11-18T20:44:19.948+0500] {processor.py:914} INFO - Processing file /home/AtlasRise/airflow/airflow_env/lib/python3.12/site-packages/airflow/example_dags/example_short_circuit_decorator.py for tasks to queue
[2024-11-18T20:44:19.951+0500] {logging_mixin.py:190} INFO - [2024-11-18T20:44:19.951+0500] {dagbag.py:588} INFO - Filling up the DagBag from /home/AtlasRise/airflow/airflow_env/lib/python3.12/site-packages/airflow/example_dags/example_short_circuit_decorator.py
[2024-11-18T20:44:19.968+0500] {processor.py:925} INFO - DAG(s) 'example_short_circuit_decorator' retrieved from /home/AtlasRise/airflow/airflow_env/lib/python3.12/site-packages/airflow/example_dags/example_short_circuit_decorator.py
[2024-11-18T20:44:19.996+0500] {logging_mixin.py:190} INFO - [2024-11-18T20:44:19.996+0500] {dag.py:3239} INFO - Sync 1 DAGs
[2024-11-18T20:44:20.017+0500] {logging_mixin.py:190} INFO - [2024-11-18T20:44:20.016+0500] {dag.py:4180} INFO - Setting next_dagrun for example_short_circuit_decorator to None, run_after=None
[2024-11-18T20:44:20.051+0500] {processor.py:208} INFO - Processing /home/AtlasRise/airflow/airflow_env/lib/python3.12/site-packages/airflow/example_dags/example_short_circuit_decorator.py took 0.113 seconds
[2024-11-18T20:45:25.402+0500] {processor.py:186} INFO - Started process (PID=19469) to work on /home/AtlasRise/airflow/airflow_env/lib/python3.12/site-packages/airflow/example_dags/example_short_circuit_decorator.py
[2024-11-18T20:45:25.403+0500] {processor.py:914} INFO - Processing file /home/AtlasRise/airflow/airflow_env/lib/python3.12/site-packages/airflow/example_dags/example_short_circuit_decorator.py for tasks to queue
[2024-11-18T20:45:25.406+0500] {logging_mixin.py:190} INFO - [2024-11-18T20:45:25.406+0500] {dagbag.py:588} INFO - Filling up the DagBag from /home/AtlasRise/airflow/airflow_env/lib/python3.12/site-packages/airflow/example_dags/example_short_circuit_decorator.py
[2024-11-18T20:45:25.424+0500] {processor.py:925} INFO - DAG(s) 'example_short_circuit_decorator' retrieved from /home/AtlasRise/airflow/airflow_env/lib/python3.12/site-packages/airflow/example_dags/example_short_circuit_decorator.py
[2024-11-18T20:45:25.453+0500] {logging_mixin.py:190} INFO - [2024-11-18T20:45:25.452+0500] {dag.py:3239} INFO - Sync 1 DAGs
[2024-11-18T20:45:25.473+0500] {logging_mixin.py:190} INFO - [2024-11-18T20:45:25.472+0500] {dag.py:4180} INFO - Setting next_dagrun for example_short_circuit_decorator to None, run_after=None
[2024-11-18T20:45:25.509+0500] {processor.py:208} INFO - Processing /home/AtlasRise/airflow/airflow_env/lib/python3.12/site-packages/airflow/example_dags/example_short_circuit_decorator.py took 0.116 seconds
[2024-11-18T20:46:45.271+0500] {processor.py:186} INFO - Started process (PID=19568) to work on /home/AtlasRise/airflow/airflow_env/lib/python3.12/site-packages/airflow/example_dags/example_short_circuit_decorator.py
[2024-11-18T20:46:45.274+0500] {processor.py:914} INFO - Processing file /home/AtlasRise/airflow/airflow_env/lib/python3.12/site-packages/airflow/example_dags/example_short_circuit_decorator.py for tasks to queue
[2024-11-18T20:46:45.277+0500] {logging_mixin.py:190} INFO - [2024-11-18T20:46:45.276+0500] {dagbag.py:588} INFO - Filling up the DagBag from /home/AtlasRise/airflow/airflow_env/lib/python3.12/site-packages/airflow/example_dags/example_short_circuit_decorator.py
[2024-11-18T20:46:45.292+0500] {processor.py:925} INFO - DAG(s) 'example_short_circuit_decorator' retrieved from /home/AtlasRise/airflow/airflow_env/lib/python3.12/site-packages/airflow/example_dags/example_short_circuit_decorator.py
[2024-11-18T20:46:45.325+0500] {logging_mixin.py:190} INFO - [2024-11-18T20:46:45.324+0500] {dag.py:3239} INFO - Sync 1 DAGs
[2024-11-18T20:46:45.347+0500] {logging_mixin.py:190} INFO - [2024-11-18T20:46:45.347+0500] {dag.py:4180} INFO - Setting next_dagrun for example_short_circuit_decorator to None, run_after=None
[2024-11-18T20:46:45.382+0500] {processor.py:208} INFO - Processing /home/AtlasRise/airflow/airflow_env/lib/python3.12/site-packages/airflow/example_dags/example_short_circuit_decorator.py took 0.119 seconds
[2024-11-18T20:47:55.104+0500] {processor.py:186} INFO - Started process (PID=19730) to work on /home/AtlasRise/airflow/airflow_env/lib/python3.12/site-packages/airflow/example_dags/example_short_circuit_decorator.py
[2024-11-18T20:47:55.110+0500] {processor.py:914} INFO - Processing file /home/AtlasRise/airflow/airflow_env/lib/python3.12/site-packages/airflow/example_dags/example_short_circuit_decorator.py for tasks to queue
[2024-11-18T20:47:55.114+0500] {logging_mixin.py:190} INFO - [2024-11-18T20:47:55.113+0500] {dagbag.py:588} INFO - Filling up the DagBag from /home/AtlasRise/airflow/airflow_env/lib/python3.12/site-packages/airflow/example_dags/example_short_circuit_decorator.py
[2024-11-18T20:47:55.130+0500] {processor.py:925} INFO - DAG(s) 'example_short_circuit_decorator' retrieved from /home/AtlasRise/airflow/airflow_env/lib/python3.12/site-packages/airflow/example_dags/example_short_circuit_decorator.py
[2024-11-18T20:47:55.161+0500] {logging_mixin.py:190} INFO - [2024-11-18T20:47:55.160+0500] {dag.py:3239} INFO - Sync 1 DAGs
[2024-11-18T20:47:55.182+0500] {logging_mixin.py:190} INFO - [2024-11-18T20:47:55.182+0500] {dag.py:4180} INFO - Setting next_dagrun for example_short_circuit_decorator to None, run_after=None
[2024-11-18T20:47:55.219+0500] {processor.py:208} INFO - Processing /home/AtlasRise/airflow/airflow_env/lib/python3.12/site-packages/airflow/example_dags/example_short_circuit_decorator.py took 0.124 seconds
[2024-11-18T20:49:00.022+0500] {processor.py:186} INFO - Started process (PID=19815) to work on /home/AtlasRise/airflow/airflow_env/lib/python3.12/site-packages/airflow/example_dags/example_short_circuit_decorator.py
[2024-11-18T20:49:00.025+0500] {processor.py:914} INFO - Processing file /home/AtlasRise/airflow/airflow_env/lib/python3.12/site-packages/airflow/example_dags/example_short_circuit_decorator.py for tasks to queue
[2024-11-18T20:49:00.028+0500] {logging_mixin.py:190} INFO - [2024-11-18T20:49:00.027+0500] {dagbag.py:588} INFO - Filling up the DagBag from /home/AtlasRise/airflow/airflow_env/lib/python3.12/site-packages/airflow/example_dags/example_short_circuit_decorator.py
[2024-11-18T20:49:00.044+0500] {processor.py:925} INFO - DAG(s) 'example_short_circuit_decorator' retrieved from /home/AtlasRise/airflow/airflow_env/lib/python3.12/site-packages/airflow/example_dags/example_short_circuit_decorator.py
[2024-11-18T20:49:00.075+0500] {logging_mixin.py:190} INFO - [2024-11-18T20:49:00.074+0500] {dag.py:3239} INFO - Sync 1 DAGs
[2024-11-18T20:49:00.096+0500] {logging_mixin.py:190} INFO - [2024-11-18T20:49:00.096+0500] {dag.py:4180} INFO - Setting next_dagrun for example_short_circuit_decorator to None, run_after=None
[2024-11-18T20:49:00.132+0500] {processor.py:208} INFO - Processing /home/AtlasRise/airflow/airflow_env/lib/python3.12/site-packages/airflow/example_dags/example_short_circuit_decorator.py took 0.118 seconds
[2024-11-18T20:50:08.277+0500] {processor.py:186} INFO - Started process (PID=19889) to work on /home/AtlasRise/airflow/airflow_env/lib/python3.12/site-packages/airflow/example_dags/example_short_circuit_decorator.py
[2024-11-18T20:50:08.280+0500] {processor.py:914} INFO - Processing file /home/AtlasRise/airflow/airflow_env/lib/python3.12/site-packages/airflow/example_dags/example_short_circuit_decorator.py for tasks to queue
[2024-11-18T20:50:08.283+0500] {logging_mixin.py:190} INFO - [2024-11-18T20:50:08.282+0500] {dagbag.py:588} INFO - Filling up the DagBag from /home/AtlasRise/airflow/airflow_env/lib/python3.12/site-packages/airflow/example_dags/example_short_circuit_decorator.py
[2024-11-18T20:50:08.299+0500] {processor.py:925} INFO - DAG(s) 'example_short_circuit_decorator' retrieved from /home/AtlasRise/airflow/airflow_env/lib/python3.12/site-packages/airflow/example_dags/example_short_circuit_decorator.py
[2024-11-18T20:50:08.328+0500] {logging_mixin.py:190} INFO - [2024-11-18T20:50:08.328+0500] {dag.py:3239} INFO - Sync 1 DAGs
[2024-11-18T20:50:08.350+0500] {logging_mixin.py:190} INFO - [2024-11-18T20:50:08.349+0500] {dag.py:4180} INFO - Setting next_dagrun for example_short_circuit_decorator to None, run_after=None
[2024-11-18T20:50:08.383+0500] {processor.py:208} INFO - Processing /home/AtlasRise/airflow/airflow_env/lib/python3.12/site-packages/airflow/example_dags/example_short_circuit_decorator.py took 0.115 seconds
[2024-11-18T20:51:19.677+0500] {processor.py:186} INFO - Started process (PID=19959) to work on /home/AtlasRise/airflow/airflow_env/lib/python3.12/site-packages/airflow/example_dags/example_short_circuit_decorator.py
[2024-11-18T20:51:19.681+0500] {processor.py:914} INFO - Processing file /home/AtlasRise/airflow/airflow_env/lib/python3.12/site-packages/airflow/example_dags/example_short_circuit_decorator.py for tasks to queue
[2024-11-18T20:51:19.685+0500] {logging_mixin.py:190} INFO - [2024-11-18T20:51:19.685+0500] {dagbag.py:588} INFO - Filling up the DagBag from /home/AtlasRise/airflow/airflow_env/lib/python3.12/site-packages/airflow/example_dags/example_short_circuit_decorator.py
[2024-11-18T20:51:19.701+0500] {processor.py:925} INFO - DAG(s) 'example_short_circuit_decorator' retrieved from /home/AtlasRise/airflow/airflow_env/lib/python3.12/site-packages/airflow/example_dags/example_short_circuit_decorator.py
[2024-11-18T20:51:19.730+0500] {logging_mixin.py:190} INFO - [2024-11-18T20:51:19.730+0500] {dag.py:3239} INFO - Sync 1 DAGs
[2024-11-18T20:51:19.751+0500] {logging_mixin.py:190} INFO - [2024-11-18T20:51:19.750+0500] {dag.py:4180} INFO - Setting next_dagrun for example_short_circuit_decorator to None, run_after=None
[2024-11-18T20:51:19.783+0500] {processor.py:208} INFO - Processing /home/AtlasRise/airflow/airflow_env/lib/python3.12/site-packages/airflow/example_dags/example_short_circuit_decorator.py took 0.116 seconds
[2024-11-18T20:52:30.948+0500] {processor.py:186} INFO - Started process (PID=20054) to work on /home/AtlasRise/airflow/airflow_env/lib/python3.12/site-packages/airflow/example_dags/example_short_circuit_decorator.py
[2024-11-18T20:52:30.951+0500] {processor.py:914} INFO - Processing file /home/AtlasRise/airflow/airflow_env/lib/python3.12/site-packages/airflow/example_dags/example_short_circuit_decorator.py for tasks to queue
[2024-11-18T20:52:30.954+0500] {logging_mixin.py:190} INFO - [2024-11-18T20:52:30.953+0500] {dagbag.py:588} INFO - Filling up the DagBag from /home/AtlasRise/airflow/airflow_env/lib/python3.12/site-packages/airflow/example_dags/example_short_circuit_decorator.py
[2024-11-18T20:52:30.970+0500] {processor.py:925} INFO - DAG(s) 'example_short_circuit_decorator' retrieved from /home/AtlasRise/airflow/airflow_env/lib/python3.12/site-packages/airflow/example_dags/example_short_circuit_decorator.py
[2024-11-18T20:52:30.998+0500] {logging_mixin.py:190} INFO - [2024-11-18T20:52:30.998+0500] {dag.py:3239} INFO - Sync 1 DAGs
[2024-11-18T20:52:31.019+0500] {logging_mixin.py:190} INFO - [2024-11-18T20:52:31.019+0500] {dag.py:4180} INFO - Setting next_dagrun for example_short_circuit_decorator to None, run_after=None
[2024-11-18T20:52:31.052+0500] {processor.py:208} INFO - Processing /home/AtlasRise/airflow/airflow_env/lib/python3.12/site-packages/airflow/example_dags/example_short_circuit_decorator.py took 0.111 seconds
[2024-11-18T20:53:37.226+0500] {processor.py:186} INFO - Started process (PID=20119) to work on /home/AtlasRise/airflow/airflow_env/lib/python3.12/site-packages/airflow/example_dags/example_short_circuit_decorator.py
[2024-11-18T20:53:37.227+0500] {processor.py:914} INFO - Processing file /home/AtlasRise/airflow/airflow_env/lib/python3.12/site-packages/airflow/example_dags/example_short_circuit_decorator.py for tasks to queue
[2024-11-18T20:53:37.230+0500] {logging_mixin.py:190} INFO - [2024-11-18T20:53:37.230+0500] {dagbag.py:588} INFO - Filling up the DagBag from /home/AtlasRise/airflow/airflow_env/lib/python3.12/site-packages/airflow/example_dags/example_short_circuit_decorator.py
[2024-11-18T20:53:37.247+0500] {processor.py:925} INFO - DAG(s) 'example_short_circuit_decorator' retrieved from /home/AtlasRise/airflow/airflow_env/lib/python3.12/site-packages/airflow/example_dags/example_short_circuit_decorator.py
[2024-11-18T20:53:37.276+0500] {logging_mixin.py:190} INFO - [2024-11-18T20:53:37.276+0500] {dag.py:3239} INFO - Sync 1 DAGs
[2024-11-18T20:53:37.296+0500] {logging_mixin.py:190} INFO - [2024-11-18T20:53:37.296+0500] {dag.py:4180} INFO - Setting next_dagrun for example_short_circuit_decorator to None, run_after=None
[2024-11-18T20:53:37.330+0500] {processor.py:208} INFO - Processing /home/AtlasRise/airflow/airflow_env/lib/python3.12/site-packages/airflow/example_dags/example_short_circuit_decorator.py took 0.112 seconds
[2024-11-18T20:54:55.082+0500] {processor.py:186} INFO - Started process (PID=20215) to work on /home/AtlasRise/airflow/airflow_env/lib/python3.12/site-packages/airflow/example_dags/example_short_circuit_decorator.py
[2024-11-18T20:54:55.085+0500] {processor.py:914} INFO - Processing file /home/AtlasRise/airflow/airflow_env/lib/python3.12/site-packages/airflow/example_dags/example_short_circuit_decorator.py for tasks to queue
[2024-11-18T20:54:55.088+0500] {logging_mixin.py:190} INFO - [2024-11-18T20:54:55.087+0500] {dagbag.py:588} INFO - Filling up the DagBag from /home/AtlasRise/airflow/airflow_env/lib/python3.12/site-packages/airflow/example_dags/example_short_circuit_decorator.py
[2024-11-18T20:54:55.105+0500] {processor.py:925} INFO - DAG(s) 'example_short_circuit_decorator' retrieved from /home/AtlasRise/airflow/airflow_env/lib/python3.12/site-packages/airflow/example_dags/example_short_circuit_decorator.py
[2024-11-18T20:54:55.134+0500] {logging_mixin.py:190} INFO - [2024-11-18T20:54:55.133+0500] {dag.py:3239} INFO - Sync 1 DAGs
[2024-11-18T20:54:55.155+0500] {logging_mixin.py:190} INFO - [2024-11-18T20:54:55.155+0500] {dag.py:4180} INFO - Setting next_dagrun for example_short_circuit_decorator to None, run_after=None
[2024-11-18T20:54:55.188+0500] {processor.py:208} INFO - Processing /home/AtlasRise/airflow/airflow_env/lib/python3.12/site-packages/airflow/example_dags/example_short_circuit_decorator.py took 0.114 seconds
[2024-11-18T20:56:18.831+0500] {processor.py:186} INFO - Started process (PID=20301) to work on /home/AtlasRise/airflow/airflow_env/lib/python3.12/site-packages/airflow/example_dags/example_short_circuit_decorator.py
[2024-11-18T20:56:18.834+0500] {processor.py:914} INFO - Processing file /home/AtlasRise/airflow/airflow_env/lib/python3.12/site-packages/airflow/example_dags/example_short_circuit_decorator.py for tasks to queue
[2024-11-18T20:56:18.840+0500] {logging_mixin.py:190} INFO - [2024-11-18T20:56:18.839+0500] {dagbag.py:588} INFO - Filling up the DagBag from /home/AtlasRise/airflow/airflow_env/lib/python3.12/site-packages/airflow/example_dags/example_short_circuit_decorator.py
[2024-11-18T20:56:18.858+0500] {processor.py:925} INFO - DAG(s) 'example_short_circuit_decorator' retrieved from /home/AtlasRise/airflow/airflow_env/lib/python3.12/site-packages/airflow/example_dags/example_short_circuit_decorator.py
[2024-11-18T20:56:18.897+0500] {logging_mixin.py:190} INFO - [2024-11-18T20:56:18.897+0500] {dag.py:3239} INFO - Sync 1 DAGs
[2024-11-18T20:56:18.920+0500] {logging_mixin.py:190} INFO - [2024-11-18T20:56:18.919+0500] {dag.py:4180} INFO - Setting next_dagrun for example_short_circuit_decorator to None, run_after=None
[2024-11-18T20:56:18.952+0500] {processor.py:208} INFO - Processing /home/AtlasRise/airflow/airflow_env/lib/python3.12/site-packages/airflow/example_dags/example_short_circuit_decorator.py took 0.130 seconds
[2024-11-18T20:57:32.772+0500] {processor.py:186} INFO - Started process (PID=20387) to work on /home/AtlasRise/airflow/airflow_env/lib/python3.12/site-packages/airflow/example_dags/example_short_circuit_decorator.py
[2024-11-18T20:57:32.773+0500] {processor.py:914} INFO - Processing file /home/AtlasRise/airflow/airflow_env/lib/python3.12/site-packages/airflow/example_dags/example_short_circuit_decorator.py for tasks to queue
[2024-11-18T20:57:32.776+0500] {logging_mixin.py:190} INFO - [2024-11-18T20:57:32.775+0500] {dagbag.py:588} INFO - Filling up the DagBag from /home/AtlasRise/airflow/airflow_env/lib/python3.12/site-packages/airflow/example_dags/example_short_circuit_decorator.py
[2024-11-18T20:57:32.808+0500] {processor.py:925} INFO - DAG(s) 'example_short_circuit_decorator' retrieved from /home/AtlasRise/airflow/airflow_env/lib/python3.12/site-packages/airflow/example_dags/example_short_circuit_decorator.py
[2024-11-18T20:57:32.892+0500] {logging_mixin.py:190} INFO - [2024-11-18T20:57:32.891+0500] {dag.py:3239} INFO - Sync 1 DAGs
[2024-11-18T20:57:32.927+0500] {logging_mixin.py:190} INFO - [2024-11-18T20:57:32.926+0500] {dag.py:4180} INFO - Setting next_dagrun for example_short_circuit_decorator to None, run_after=None
[2024-11-18T20:57:32.983+0500] {processor.py:208} INFO - Processing /home/AtlasRise/airflow/airflow_env/lib/python3.12/site-packages/airflow/example_dags/example_short_circuit_decorator.py took 0.220 seconds
[2024-11-18T20:58:44.118+0500] {processor.py:186} INFO - Started process (PID=20479) to work on /home/AtlasRise/airflow/airflow_env/lib/python3.12/site-packages/airflow/example_dags/example_short_circuit_decorator.py
[2024-11-18T20:58:44.121+0500] {processor.py:914} INFO - Processing file /home/AtlasRise/airflow/airflow_env/lib/python3.12/site-packages/airflow/example_dags/example_short_circuit_decorator.py for tasks to queue
[2024-11-18T20:58:44.124+0500] {logging_mixin.py:190} INFO - [2024-11-18T20:58:44.123+0500] {dagbag.py:588} INFO - Filling up the DagBag from /home/AtlasRise/airflow/airflow_env/lib/python3.12/site-packages/airflow/example_dags/example_short_circuit_decorator.py
[2024-11-18T20:58:44.139+0500] {processor.py:925} INFO - DAG(s) 'example_short_circuit_decorator' retrieved from /home/AtlasRise/airflow/airflow_env/lib/python3.12/site-packages/airflow/example_dags/example_short_circuit_decorator.py
[2024-11-18T20:58:44.168+0500] {logging_mixin.py:190} INFO - [2024-11-18T20:58:44.167+0500] {dag.py:3239} INFO - Sync 1 DAGs
[2024-11-18T20:58:44.189+0500] {logging_mixin.py:190} INFO - [2024-11-18T20:58:44.188+0500] {dag.py:4180} INFO - Setting next_dagrun for example_short_circuit_decorator to None, run_after=None
[2024-11-18T20:58:44.221+0500] {processor.py:208} INFO - Processing /home/AtlasRise/airflow/airflow_env/lib/python3.12/site-packages/airflow/example_dags/example_short_circuit_decorator.py took 0.110 seconds
[2024-11-18T20:59:55.610+0500] {processor.py:186} INFO - Started process (PID=20556) to work on /home/AtlasRise/airflow/airflow_env/lib/python3.12/site-packages/airflow/example_dags/example_short_circuit_decorator.py
[2024-11-18T20:59:55.612+0500] {processor.py:914} INFO - Processing file /home/AtlasRise/airflow/airflow_env/lib/python3.12/site-packages/airflow/example_dags/example_short_circuit_decorator.py for tasks to queue
[2024-11-18T20:59:55.616+0500] {logging_mixin.py:190} INFO - [2024-11-18T20:59:55.615+0500] {dagbag.py:588} INFO - Filling up the DagBag from /home/AtlasRise/airflow/airflow_env/lib/python3.12/site-packages/airflow/example_dags/example_short_circuit_decorator.py
[2024-11-18T20:59:55.631+0500] {processor.py:925} INFO - DAG(s) 'example_short_circuit_decorator' retrieved from /home/AtlasRise/airflow/airflow_env/lib/python3.12/site-packages/airflow/example_dags/example_short_circuit_decorator.py
[2024-11-18T20:59:55.661+0500] {logging_mixin.py:190} INFO - [2024-11-18T20:59:55.660+0500] {dag.py:3239} INFO - Sync 1 DAGs
[2024-11-18T20:59:55.682+0500] {logging_mixin.py:190} INFO - [2024-11-18T20:59:55.681+0500] {dag.py:4180} INFO - Setting next_dagrun for example_short_circuit_decorator to None, run_after=None
[2024-11-18T20:59:55.713+0500] {processor.py:208} INFO - Processing /home/AtlasRise/airflow/airflow_env/lib/python3.12/site-packages/airflow/example_dags/example_short_circuit_decorator.py took 0.111 seconds
[2024-11-18T21:01:04.590+0500] {processor.py:186} INFO - Started process (PID=20638) to work on /home/AtlasRise/airflow/airflow_env/lib/python3.12/site-packages/airflow/example_dags/example_short_circuit_decorator.py
[2024-11-18T21:01:04.591+0500] {processor.py:914} INFO - Processing file /home/AtlasRise/airflow/airflow_env/lib/python3.12/site-packages/airflow/example_dags/example_short_circuit_decorator.py for tasks to queue
[2024-11-18T21:01:04.594+0500] {logging_mixin.py:190} INFO - [2024-11-18T21:01:04.594+0500] {dagbag.py:588} INFO - Filling up the DagBag from /home/AtlasRise/airflow/airflow_env/lib/python3.12/site-packages/airflow/example_dags/example_short_circuit_decorator.py
[2024-11-18T21:01:04.610+0500] {processor.py:925} INFO - DAG(s) 'example_short_circuit_decorator' retrieved from /home/AtlasRise/airflow/airflow_env/lib/python3.12/site-packages/airflow/example_dags/example_short_circuit_decorator.py
[2024-11-18T21:01:04.639+0500] {logging_mixin.py:190} INFO - [2024-11-18T21:01:04.639+0500] {dag.py:3239} INFO - Sync 1 DAGs
[2024-11-18T21:01:04.659+0500] {logging_mixin.py:190} INFO - [2024-11-18T21:01:04.659+0500] {dag.py:4180} INFO - Setting next_dagrun for example_short_circuit_decorator to None, run_after=None
[2024-11-18T21:01:04.692+0500] {processor.py:208} INFO - Processing /home/AtlasRise/airflow/airflow_env/lib/python3.12/site-packages/airflow/example_dags/example_short_circuit_decorator.py took 0.110 seconds
[2024-11-18T21:02:11.923+0500] {processor.py:186} INFO - Started process (PID=20710) to work on /home/AtlasRise/airflow/airflow_env/lib/python3.12/site-packages/airflow/example_dags/example_short_circuit_decorator.py
[2024-11-18T21:02:11.926+0500] {processor.py:914} INFO - Processing file /home/AtlasRise/airflow/airflow_env/lib/python3.12/site-packages/airflow/example_dags/example_short_circuit_decorator.py for tasks to queue
[2024-11-18T21:02:11.929+0500] {logging_mixin.py:190} INFO - [2024-11-18T21:02:11.928+0500] {dagbag.py:588} INFO - Filling up the DagBag from /home/AtlasRise/airflow/airflow_env/lib/python3.12/site-packages/airflow/example_dags/example_short_circuit_decorator.py
[2024-11-18T21:02:11.944+0500] {processor.py:925} INFO - DAG(s) 'example_short_circuit_decorator' retrieved from /home/AtlasRise/airflow/airflow_env/lib/python3.12/site-packages/airflow/example_dags/example_short_circuit_decorator.py
[2024-11-18T21:02:11.973+0500] {logging_mixin.py:190} INFO - [2024-11-18T21:02:11.973+0500] {dag.py:3239} INFO - Sync 1 DAGs
[2024-11-18T21:02:11.994+0500] {logging_mixin.py:190} INFO - [2024-11-18T21:02:11.993+0500] {dag.py:4180} INFO - Setting next_dagrun for example_short_circuit_decorator to None, run_after=None
[2024-11-18T21:02:12.025+0500] {processor.py:208} INFO - Processing /home/AtlasRise/airflow/airflow_env/lib/python3.12/site-packages/airflow/example_dags/example_short_circuit_decorator.py took 0.110 seconds
[2024-11-18T21:03:24.521+0500] {processor.py:186} INFO - Started process (PID=20785) to work on /home/AtlasRise/airflow/airflow_env/lib/python3.12/site-packages/airflow/example_dags/example_short_circuit_decorator.py
[2024-11-18T21:03:24.524+0500] {processor.py:914} INFO - Processing file /home/AtlasRise/airflow/airflow_env/lib/python3.12/site-packages/airflow/example_dags/example_short_circuit_decorator.py for tasks to queue
[2024-11-18T21:03:24.527+0500] {logging_mixin.py:190} INFO - [2024-11-18T21:03:24.527+0500] {dagbag.py:588} INFO - Filling up the DagBag from /home/AtlasRise/airflow/airflow_env/lib/python3.12/site-packages/airflow/example_dags/example_short_circuit_decorator.py
[2024-11-18T21:03:24.545+0500] {processor.py:925} INFO - DAG(s) 'example_short_circuit_decorator' retrieved from /home/AtlasRise/airflow/airflow_env/lib/python3.12/site-packages/airflow/example_dags/example_short_circuit_decorator.py
[2024-11-18T21:03:24.576+0500] {logging_mixin.py:190} INFO - [2024-11-18T21:03:24.575+0500] {dag.py:3239} INFO - Sync 1 DAGs
[2024-11-18T21:03:24.596+0500] {logging_mixin.py:190} INFO - [2024-11-18T21:03:24.596+0500] {dag.py:4180} INFO - Setting next_dagrun for example_short_circuit_decorator to None, run_after=None
[2024-11-18T21:03:24.629+0500] {processor.py:208} INFO - Processing /home/AtlasRise/airflow/airflow_env/lib/python3.12/site-packages/airflow/example_dags/example_short_circuit_decorator.py took 0.118 seconds
[2024-11-18T21:04:30.680+0500] {processor.py:186} INFO - Started process (PID=20886) to work on /home/AtlasRise/airflow/airflow_env/lib/python3.12/site-packages/airflow/example_dags/example_short_circuit_decorator.py
[2024-11-18T21:04:30.682+0500] {processor.py:914} INFO - Processing file /home/AtlasRise/airflow/airflow_env/lib/python3.12/site-packages/airflow/example_dags/example_short_circuit_decorator.py for tasks to queue
[2024-11-18T21:04:30.685+0500] {logging_mixin.py:190} INFO - [2024-11-18T21:04:30.685+0500] {dagbag.py:588} INFO - Filling up the DagBag from /home/AtlasRise/airflow/airflow_env/lib/python3.12/site-packages/airflow/example_dags/example_short_circuit_decorator.py
[2024-11-18T21:04:30.701+0500] {processor.py:925} INFO - DAG(s) 'example_short_circuit_decorator' retrieved from /home/AtlasRise/airflow/airflow_env/lib/python3.12/site-packages/airflow/example_dags/example_short_circuit_decorator.py
[2024-11-18T21:04:30.730+0500] {logging_mixin.py:190} INFO - [2024-11-18T21:04:30.730+0500] {dag.py:3239} INFO - Sync 1 DAGs
[2024-11-18T21:04:30.750+0500] {logging_mixin.py:190} INFO - [2024-11-18T21:04:30.750+0500] {dag.py:4180} INFO - Setting next_dagrun for example_short_circuit_decorator to None, run_after=None
[2024-11-18T21:04:30.783+0500] {processor.py:208} INFO - Processing /home/AtlasRise/airflow/airflow_env/lib/python3.12/site-packages/airflow/example_dags/example_short_circuit_decorator.py took 0.111 seconds
[2024-11-18T21:05:37.699+0500] {processor.py:186} INFO - Started process (PID=20969) to work on /home/AtlasRise/airflow/airflow_env/lib/python3.12/site-packages/airflow/example_dags/example_short_circuit_decorator.py
[2024-11-18T21:05:37.700+0500] {processor.py:914} INFO - Processing file /home/AtlasRise/airflow/airflow_env/lib/python3.12/site-packages/airflow/example_dags/example_short_circuit_decorator.py for tasks to queue
[2024-11-18T21:05:37.703+0500] {logging_mixin.py:190} INFO - [2024-11-18T21:05:37.703+0500] {dagbag.py:588} INFO - Filling up the DagBag from /home/AtlasRise/airflow/airflow_env/lib/python3.12/site-packages/airflow/example_dags/example_short_circuit_decorator.py
[2024-11-18T21:05:37.719+0500] {processor.py:925} INFO - DAG(s) 'example_short_circuit_decorator' retrieved from /home/AtlasRise/airflow/airflow_env/lib/python3.12/site-packages/airflow/example_dags/example_short_circuit_decorator.py
[2024-11-18T21:05:37.748+0500] {logging_mixin.py:190} INFO - [2024-11-18T21:05:37.747+0500] {dag.py:3239} INFO - Sync 1 DAGs
[2024-11-18T21:05:37.769+0500] {logging_mixin.py:190} INFO - [2024-11-18T21:05:37.768+0500] {dag.py:4180} INFO - Setting next_dagrun for example_short_circuit_decorator to None, run_after=None
[2024-11-18T21:05:37.803+0500] {processor.py:208} INFO - Processing /home/AtlasRise/airflow/airflow_env/lib/python3.12/site-packages/airflow/example_dags/example_short_circuit_decorator.py took 0.112 seconds
[2024-11-18T21:06:50.909+0500] {processor.py:186} INFO - Started process (PID=21059) to work on /home/AtlasRise/airflow/airflow_env/lib/python3.12/site-packages/airflow/example_dags/example_short_circuit_decorator.py
[2024-11-18T21:06:50.912+0500] {processor.py:914} INFO - Processing file /home/AtlasRise/airflow/airflow_env/lib/python3.12/site-packages/airflow/example_dags/example_short_circuit_decorator.py for tasks to queue
[2024-11-18T21:06:50.915+0500] {logging_mixin.py:190} INFO - [2024-11-18T21:06:50.915+0500] {dagbag.py:588} INFO - Filling up the DagBag from /home/AtlasRise/airflow/airflow_env/lib/python3.12/site-packages/airflow/example_dags/example_short_circuit_decorator.py
[2024-11-18T21:06:50.932+0500] {processor.py:925} INFO - DAG(s) 'example_short_circuit_decorator' retrieved from /home/AtlasRise/airflow/airflow_env/lib/python3.12/site-packages/airflow/example_dags/example_short_circuit_decorator.py
[2024-11-18T21:06:50.961+0500] {logging_mixin.py:190} INFO - [2024-11-18T21:06:50.960+0500] {dag.py:3239} INFO - Sync 1 DAGs
[2024-11-18T21:06:50.981+0500] {logging_mixin.py:190} INFO - [2024-11-18T21:06:50.980+0500] {dag.py:4180} INFO - Setting next_dagrun for example_short_circuit_decorator to None, run_after=None
[2024-11-18T21:06:51.015+0500] {processor.py:208} INFO - Processing /home/AtlasRise/airflow/airflow_env/lib/python3.12/site-packages/airflow/example_dags/example_short_circuit_decorator.py took 0.118 seconds
[2024-11-18T21:08:06.447+0500] {processor.py:186} INFO - Started process (PID=21141) to work on /home/AtlasRise/airflow/airflow_env/lib/python3.12/site-packages/airflow/example_dags/example_short_circuit_decorator.py
[2024-11-18T21:08:06.449+0500] {processor.py:914} INFO - Processing file /home/AtlasRise/airflow/airflow_env/lib/python3.12/site-packages/airflow/example_dags/example_short_circuit_decorator.py for tasks to queue
[2024-11-18T21:08:06.452+0500] {logging_mixin.py:190} INFO - [2024-11-18T21:08:06.452+0500] {dagbag.py:588} INFO - Filling up the DagBag from /home/AtlasRise/airflow/airflow_env/lib/python3.12/site-packages/airflow/example_dags/example_short_circuit_decorator.py
[2024-11-18T21:08:06.469+0500] {processor.py:925} INFO - DAG(s) 'example_short_circuit_decorator' retrieved from /home/AtlasRise/airflow/airflow_env/lib/python3.12/site-packages/airflow/example_dags/example_short_circuit_decorator.py
[2024-11-18T21:08:06.499+0500] {logging_mixin.py:190} INFO - [2024-11-18T21:08:06.499+0500] {dag.py:3239} INFO - Sync 1 DAGs
[2024-11-18T21:08:06.521+0500] {logging_mixin.py:190} INFO - [2024-11-18T21:08:06.520+0500] {dag.py:4180} INFO - Setting next_dagrun for example_short_circuit_decorator to None, run_after=None
[2024-11-18T21:08:06.556+0500] {processor.py:208} INFO - Processing /home/AtlasRise/airflow/airflow_env/lib/python3.12/site-packages/airflow/example_dags/example_short_circuit_decorator.py took 0.117 seconds
[2024-11-18T21:09:13.232+0500] {processor.py:186} INFO - Started process (PID=21225) to work on /home/AtlasRise/airflow/airflow_env/lib/python3.12/site-packages/airflow/example_dags/example_short_circuit_decorator.py
[2024-11-18T21:09:13.235+0500] {processor.py:914} INFO - Processing file /home/AtlasRise/airflow/airflow_env/lib/python3.12/site-packages/airflow/example_dags/example_short_circuit_decorator.py for tasks to queue
[2024-11-18T21:09:13.238+0500] {logging_mixin.py:190} INFO - [2024-11-18T21:09:13.237+0500] {dagbag.py:588} INFO - Filling up the DagBag from /home/AtlasRise/airflow/airflow_env/lib/python3.12/site-packages/airflow/example_dags/example_short_circuit_decorator.py
[2024-11-18T21:09:13.253+0500] {processor.py:925} INFO - DAG(s) 'example_short_circuit_decorator' retrieved from /home/AtlasRise/airflow/airflow_env/lib/python3.12/site-packages/airflow/example_dags/example_short_circuit_decorator.py
[2024-11-18T21:09:13.282+0500] {logging_mixin.py:190} INFO - [2024-11-18T21:09:13.282+0500] {dag.py:3239} INFO - Sync 1 DAGs
[2024-11-18T21:09:13.303+0500] {logging_mixin.py:190} INFO - [2024-11-18T21:09:13.303+0500] {dag.py:4180} INFO - Setting next_dagrun for example_short_circuit_decorator to None, run_after=None
[2024-11-18T21:09:13.347+0500] {processor.py:208} INFO - Processing /home/AtlasRise/airflow/airflow_env/lib/python3.12/site-packages/airflow/example_dags/example_short_circuit_decorator.py took 0.122 seconds
[2024-11-18T21:10:22.460+0500] {processor.py:186} INFO - Started process (PID=21320) to work on /home/AtlasRise/airflow/airflow_env/lib/python3.12/site-packages/airflow/example_dags/example_short_circuit_decorator.py
[2024-11-18T21:10:22.463+0500] {processor.py:914} INFO - Processing file /home/AtlasRise/airflow/airflow_env/lib/python3.12/site-packages/airflow/example_dags/example_short_circuit_decorator.py for tasks to queue
[2024-11-18T21:10:22.466+0500] {logging_mixin.py:190} INFO - [2024-11-18T21:10:22.465+0500] {dagbag.py:588} INFO - Filling up the DagBag from /home/AtlasRise/airflow/airflow_env/lib/python3.12/site-packages/airflow/example_dags/example_short_circuit_decorator.py
[2024-11-18T21:10:22.483+0500] {processor.py:925} INFO - DAG(s) 'example_short_circuit_decorator' retrieved from /home/AtlasRise/airflow/airflow_env/lib/python3.12/site-packages/airflow/example_dags/example_short_circuit_decorator.py
[2024-11-18T21:10:22.513+0500] {logging_mixin.py:190} INFO - [2024-11-18T21:10:22.512+0500] {dag.py:3239} INFO - Sync 1 DAGs
[2024-11-18T21:10:22.534+0500] {logging_mixin.py:190} INFO - [2024-11-18T21:10:22.533+0500] {dag.py:4180} INFO - Setting next_dagrun for example_short_circuit_decorator to None, run_after=None
[2024-11-18T21:10:22.569+0500] {processor.py:208} INFO - Processing /home/AtlasRise/airflow/airflow_env/lib/python3.12/site-packages/airflow/example_dags/example_short_circuit_decorator.py took 0.118 seconds
[2024-11-18T21:11:37.657+0500] {processor.py:186} INFO - Started process (PID=21449) to work on /home/AtlasRise/airflow/airflow_env/lib/python3.12/site-packages/airflow/example_dags/example_short_circuit_decorator.py
[2024-11-18T21:11:37.660+0500] {processor.py:914} INFO - Processing file /home/AtlasRise/airflow/airflow_env/lib/python3.12/site-packages/airflow/example_dags/example_short_circuit_decorator.py for tasks to queue
[2024-11-18T21:11:37.663+0500] {logging_mixin.py:190} INFO - [2024-11-18T21:11:37.662+0500] {dagbag.py:588} INFO - Filling up the DagBag from /home/AtlasRise/airflow/airflow_env/lib/python3.12/site-packages/airflow/example_dags/example_short_circuit_decorator.py
[2024-11-18T21:11:37.678+0500] {processor.py:925} INFO - DAG(s) 'example_short_circuit_decorator' retrieved from /home/AtlasRise/airflow/airflow_env/lib/python3.12/site-packages/airflow/example_dags/example_short_circuit_decorator.py
[2024-11-18T21:11:37.707+0500] {logging_mixin.py:190} INFO - [2024-11-18T21:11:37.707+0500] {dag.py:3239} INFO - Sync 1 DAGs
[2024-11-18T21:11:37.728+0500] {logging_mixin.py:190} INFO - [2024-11-18T21:11:37.727+0500] {dag.py:4180} INFO - Setting next_dagrun for example_short_circuit_decorator to None, run_after=None
[2024-11-18T21:11:37.761+0500] {processor.py:208} INFO - Processing /home/AtlasRise/airflow/airflow_env/lib/python3.12/site-packages/airflow/example_dags/example_short_circuit_decorator.py took 0.112 seconds
[2024-11-18T21:13:32.725+0500] {processor.py:186} INFO - Started process (PID=21598) to work on /home/AtlasRise/airflow/airflow_env/lib/python3.12/site-packages/airflow/example_dags/example_short_circuit_decorator.py
[2024-11-18T21:13:32.727+0500] {processor.py:914} INFO - Processing file /home/AtlasRise/airflow/airflow_env/lib/python3.12/site-packages/airflow/example_dags/example_short_circuit_decorator.py for tasks to queue
[2024-11-18T21:13:32.730+0500] {logging_mixin.py:190} INFO - [2024-11-18T21:13:32.730+0500] {dagbag.py:588} INFO - Filling up the DagBag from /home/AtlasRise/airflow/airflow_env/lib/python3.12/site-packages/airflow/example_dags/example_short_circuit_decorator.py
[2024-11-18T21:13:32.747+0500] {processor.py:925} INFO - DAG(s) 'example_short_circuit_decorator' retrieved from /home/AtlasRise/airflow/airflow_env/lib/python3.12/site-packages/airflow/example_dags/example_short_circuit_decorator.py
[2024-11-18T21:13:32.780+0500] {logging_mixin.py:190} INFO - [2024-11-18T21:13:32.780+0500] {dag.py:3239} INFO - Sync 1 DAGs
[2024-11-18T21:13:32.803+0500] {logging_mixin.py:190} INFO - [2024-11-18T21:13:32.803+0500] {dag.py:4180} INFO - Setting next_dagrun for example_short_circuit_decorator to None, run_after=None
[2024-11-18T21:13:32.840+0500] {processor.py:208} INFO - Processing /home/AtlasRise/airflow/airflow_env/lib/python3.12/site-packages/airflow/example_dags/example_short_circuit_decorator.py took 0.125 seconds
[2024-11-18T21:15:00.837+0500] {processor.py:186} INFO - Started process (PID=21721) to work on /home/AtlasRise/airflow/airflow_env/lib/python3.12/site-packages/airflow/example_dags/example_short_circuit_decorator.py
[2024-11-18T21:15:00.839+0500] {processor.py:914} INFO - Processing file /home/AtlasRise/airflow/airflow_env/lib/python3.12/site-packages/airflow/example_dags/example_short_circuit_decorator.py for tasks to queue
[2024-11-18T21:15:00.842+0500] {logging_mixin.py:190} INFO - [2024-11-18T21:15:00.842+0500] {dagbag.py:588} INFO - Filling up the DagBag from /home/AtlasRise/airflow/airflow_env/lib/python3.12/site-packages/airflow/example_dags/example_short_circuit_decorator.py
[2024-11-18T21:15:00.858+0500] {processor.py:925} INFO - DAG(s) 'example_short_circuit_decorator' retrieved from /home/AtlasRise/airflow/airflow_env/lib/python3.12/site-packages/airflow/example_dags/example_short_circuit_decorator.py
[2024-11-18T21:15:00.887+0500] {logging_mixin.py:190} INFO - [2024-11-18T21:15:00.886+0500] {dag.py:3239} INFO - Sync 1 DAGs
[2024-11-18T21:15:00.908+0500] {logging_mixin.py:190} INFO - [2024-11-18T21:15:00.907+0500] {dag.py:4180} INFO - Setting next_dagrun for example_short_circuit_decorator to None, run_after=None
[2024-11-18T21:15:00.940+0500] {processor.py:208} INFO - Processing /home/AtlasRise/airflow/airflow_env/lib/python3.12/site-packages/airflow/example_dags/example_short_circuit_decorator.py took 0.112 seconds
[2024-11-18T21:16:34.044+0500] {processor.py:186} INFO - Started process (PID=21832) to work on /home/AtlasRise/airflow/airflow_env/lib/python3.12/site-packages/airflow/example_dags/example_short_circuit_decorator.py
[2024-11-18T21:16:34.047+0500] {processor.py:914} INFO - Processing file /home/AtlasRise/airflow/airflow_env/lib/python3.12/site-packages/airflow/example_dags/example_short_circuit_decorator.py for tasks to queue
[2024-11-18T21:16:34.050+0500] {logging_mixin.py:190} INFO - [2024-11-18T21:16:34.049+0500] {dagbag.py:588} INFO - Filling up the DagBag from /home/AtlasRise/airflow/airflow_env/lib/python3.12/site-packages/airflow/example_dags/example_short_circuit_decorator.py
[2024-11-18T21:16:34.065+0500] {processor.py:925} INFO - DAG(s) 'example_short_circuit_decorator' retrieved from /home/AtlasRise/airflow/airflow_env/lib/python3.12/site-packages/airflow/example_dags/example_short_circuit_decorator.py
[2024-11-18T21:16:34.095+0500] {logging_mixin.py:190} INFO - [2024-11-18T21:16:34.094+0500] {dag.py:3239} INFO - Sync 1 DAGs
[2024-11-18T21:16:34.115+0500] {logging_mixin.py:190} INFO - [2024-11-18T21:16:34.115+0500] {dag.py:4180} INFO - Setting next_dagrun for example_short_circuit_decorator to None, run_after=None
[2024-11-18T21:16:34.150+0500] {processor.py:208} INFO - Processing /home/AtlasRise/airflow/airflow_env/lib/python3.12/site-packages/airflow/example_dags/example_short_circuit_decorator.py took 0.114 seconds
[2024-11-18T21:18:23.580+0500] {processor.py:186} INFO - Started process (PID=22005) to work on /home/AtlasRise/airflow/airflow_env/lib/python3.12/site-packages/airflow/example_dags/example_short_circuit_decorator.py
[2024-11-18T21:18:23.582+0500] {processor.py:914} INFO - Processing file /home/AtlasRise/airflow/airflow_env/lib/python3.12/site-packages/airflow/example_dags/example_short_circuit_decorator.py for tasks to queue
[2024-11-18T21:18:23.585+0500] {logging_mixin.py:190} INFO - [2024-11-18T21:18:23.584+0500] {dagbag.py:588} INFO - Filling up the DagBag from /home/AtlasRise/airflow/airflow_env/lib/python3.12/site-packages/airflow/example_dags/example_short_circuit_decorator.py
[2024-11-18T21:18:23.602+0500] {processor.py:925} INFO - DAG(s) 'example_short_circuit_decorator' retrieved from /home/AtlasRise/airflow/airflow_env/lib/python3.12/site-packages/airflow/example_dags/example_short_circuit_decorator.py
[2024-11-18T21:18:23.634+0500] {logging_mixin.py:190} INFO - [2024-11-18T21:18:23.634+0500] {dag.py:3239} INFO - Sync 1 DAGs
[2024-11-18T21:18:23.656+0500] {logging_mixin.py:190} INFO - [2024-11-18T21:18:23.655+0500] {dag.py:4180} INFO - Setting next_dagrun for example_short_circuit_decorator to None, run_after=None
[2024-11-18T21:18:23.691+0500] {processor.py:208} INFO - Processing /home/AtlasRise/airflow/airflow_env/lib/python3.12/site-packages/airflow/example_dags/example_short_circuit_decorator.py took 0.119 seconds
[2024-11-18T21:20:10.152+0500] {processor.py:186} INFO - Started process (PID=22140) to work on /home/AtlasRise/airflow/airflow_env/lib/python3.12/site-packages/airflow/example_dags/example_short_circuit_decorator.py
[2024-11-18T21:20:10.153+0500] {processor.py:914} INFO - Processing file /home/AtlasRise/airflow/airflow_env/lib/python3.12/site-packages/airflow/example_dags/example_short_circuit_decorator.py for tasks to queue
[2024-11-18T21:20:10.156+0500] {logging_mixin.py:190} INFO - [2024-11-18T21:20:10.156+0500] {dagbag.py:588} INFO - Filling up the DagBag from /home/AtlasRise/airflow/airflow_env/lib/python3.12/site-packages/airflow/example_dags/example_short_circuit_decorator.py
[2024-11-18T21:20:10.174+0500] {processor.py:925} INFO - DAG(s) 'example_short_circuit_decorator' retrieved from /home/AtlasRise/airflow/airflow_env/lib/python3.12/site-packages/airflow/example_dags/example_short_circuit_decorator.py
[2024-11-18T21:20:10.203+0500] {logging_mixin.py:190} INFO - [2024-11-18T21:20:10.203+0500] {dag.py:3239} INFO - Sync 1 DAGs
[2024-11-18T21:20:10.242+0500] {logging_mixin.py:190} INFO - [2024-11-18T21:20:10.240+0500] {dag.py:4180} INFO - Setting next_dagrun for example_short_circuit_decorator to None, run_after=None
[2024-11-18T21:20:10.307+0500] {processor.py:208} INFO - Processing /home/AtlasRise/airflow/airflow_env/lib/python3.12/site-packages/airflow/example_dags/example_short_circuit_decorator.py took 0.163 seconds
[2024-11-18T21:21:20.862+0500] {processor.py:186} INFO - Started process (PID=22230) to work on /home/AtlasRise/airflow/airflow_env/lib/python3.12/site-packages/airflow/example_dags/example_short_circuit_decorator.py
[2024-11-18T21:21:20.864+0500] {processor.py:914} INFO - Processing file /home/AtlasRise/airflow/airflow_env/lib/python3.12/site-packages/airflow/example_dags/example_short_circuit_decorator.py for tasks to queue
[2024-11-18T21:21:20.868+0500] {logging_mixin.py:190} INFO - [2024-11-18T21:21:20.867+0500] {dagbag.py:588} INFO - Filling up the DagBag from /home/AtlasRise/airflow/airflow_env/lib/python3.12/site-packages/airflow/example_dags/example_short_circuit_decorator.py
[2024-11-18T21:21:20.886+0500] {processor.py:925} INFO - DAG(s) 'example_short_circuit_decorator' retrieved from /home/AtlasRise/airflow/airflow_env/lib/python3.12/site-packages/airflow/example_dags/example_short_circuit_decorator.py
[2024-11-18T21:21:20.916+0500] {logging_mixin.py:190} INFO - [2024-11-18T21:21:20.916+0500] {dag.py:3239} INFO - Sync 1 DAGs
[2024-11-18T21:21:20.939+0500] {logging_mixin.py:190} INFO - [2024-11-18T21:21:20.939+0500] {dag.py:4180} INFO - Setting next_dagrun for example_short_circuit_decorator to None, run_after=None
[2024-11-18T21:21:20.972+0500] {processor.py:208} INFO - Processing /home/AtlasRise/airflow/airflow_env/lib/python3.12/site-packages/airflow/example_dags/example_short_circuit_decorator.py took 0.121 seconds
[2024-11-18T21:22:32.496+0500] {processor.py:186} INFO - Started process (PID=22311) to work on /home/AtlasRise/airflow/airflow_env/lib/python3.12/site-packages/airflow/example_dags/example_short_circuit_decorator.py
[2024-11-18T21:22:32.498+0500] {processor.py:914} INFO - Processing file /home/AtlasRise/airflow/airflow_env/lib/python3.12/site-packages/airflow/example_dags/example_short_circuit_decorator.py for tasks to queue
[2024-11-18T21:22:32.501+0500] {logging_mixin.py:190} INFO - [2024-11-18T21:22:32.500+0500] {dagbag.py:588} INFO - Filling up the DagBag from /home/AtlasRise/airflow/airflow_env/lib/python3.12/site-packages/airflow/example_dags/example_short_circuit_decorator.py
[2024-11-18T21:22:32.516+0500] {processor.py:925} INFO - DAG(s) 'example_short_circuit_decorator' retrieved from /home/AtlasRise/airflow/airflow_env/lib/python3.12/site-packages/airflow/example_dags/example_short_circuit_decorator.py
[2024-11-18T21:22:32.546+0500] {logging_mixin.py:190} INFO - [2024-11-18T21:22:32.546+0500] {dag.py:3239} INFO - Sync 1 DAGs
[2024-11-18T21:22:32.567+0500] {logging_mixin.py:190} INFO - [2024-11-18T21:22:32.567+0500] {dag.py:4180} INFO - Setting next_dagrun for example_short_circuit_decorator to None, run_after=None
[2024-11-18T21:22:32.599+0500] {processor.py:208} INFO - Processing /home/AtlasRise/airflow/airflow_env/lib/python3.12/site-packages/airflow/example_dags/example_short_circuit_decorator.py took 0.112 seconds
