[2024-11-18T20:40:37.528+0500] {processor.py:186} INFO - Started process (PID=18929) to work on /home/AtlasRise/airflow/airflow_env/lib/python3.12/site-packages/airflow/example_dags/example_task_group.py
[2024-11-18T20:40:37.529+0500] {processor.py:914} INFO - Processing file /home/AtlasRise/airflow/airflow_env/lib/python3.12/site-packages/airflow/example_dags/example_task_group.py for tasks to queue
[2024-11-18T20:40:37.532+0500] {logging_mixin.py:190} INFO - [2024-11-18T20:40:37.532+0500] {dagbag.py:588} INFO - Filling up the DagBag from /home/AtlasRise/airflow/airflow_env/lib/python3.12/site-packages/airflow/example_dags/example_task_group.py
[2024-11-18T20:40:37.558+0500] {processor.py:925} INFO - DAG(s) 'example_task_group' retrieved from /home/AtlasRise/airflow/airflow_env/lib/python3.12/site-packages/airflow/example_dags/example_task_group.py
[2024-11-18T20:40:37.763+0500] {logging_mixin.py:190} INFO - [2024-11-18T20:40:37.762+0500] {override.py:1911} INFO - Created Permission View: can read on DAG:example_task_group
[2024-11-18T20:40:37.785+0500] {logging_mixin.py:190} INFO - [2024-11-18T20:40:37.784+0500] {override.py:1911} INFO - Created Permission View: can edit on DAG:example_task_group
[2024-11-18T20:40:37.803+0500] {logging_mixin.py:190} INFO - [2024-11-18T20:40:37.803+0500] {override.py:1911} INFO - Created Permission View: can delete on DAG:example_task_group
[2024-11-18T20:40:37.827+0500] {logging_mixin.py:190} INFO - [2024-11-18T20:40:37.826+0500] {override.py:1911} INFO - Created Permission View: can read on DAG Run:example_task_group
[2024-11-18T20:40:37.845+0500] {logging_mixin.py:190} INFO - [2024-11-18T20:40:37.844+0500] {override.py:1911} INFO - Created Permission View: can create on DAG Run:example_task_group
[2024-11-18T20:40:37.871+0500] {logging_mixin.py:190} INFO - [2024-11-18T20:40:37.869+0500] {override.py:1911} INFO - Created Permission View: can delete on DAG Run:example_task_group
[2024-11-18T20:40:37.895+0500] {logging_mixin.py:190} INFO - [2024-11-18T20:40:37.895+0500] {override.py:1911} INFO - Created Permission View: menu access on DAG Run:example_task_group
[2024-11-18T20:40:37.896+0500] {logging_mixin.py:190} INFO - [2024-11-18T20:40:37.896+0500] {dag.py:3239} INFO - Sync 1 DAGs
[2024-11-18T20:40:37.935+0500] {logging_mixin.py:190} INFO - [2024-11-18T20:40:37.934+0500] {dag.py:3262} INFO - Creating ORM DAG for example_task_group
[2024-11-18T20:40:37.935+0500] {logging_mixin.py:190} INFO - [2024-11-18T20:40:37.935+0500] {dag.py:4180} INFO - Setting next_dagrun for example_task_group to None, run_after=None
[2024-11-18T20:40:37.992+0500] {processor.py:208} INFO - Processing /home/AtlasRise/airflow/airflow_env/lib/python3.12/site-packages/airflow/example_dags/example_task_group.py took 0.473 seconds
[2024-11-18T20:41:49.435+0500] {processor.py:186} INFO - Started process (PID=19015) to work on /home/AtlasRise/airflow/airflow_env/lib/python3.12/site-packages/airflow/example_dags/example_task_group.py
[2024-11-18T20:41:49.436+0500] {processor.py:914} INFO - Processing file /home/AtlasRise/airflow/airflow_env/lib/python3.12/site-packages/airflow/example_dags/example_task_group.py for tasks to queue
[2024-11-18T20:41:49.439+0500] {logging_mixin.py:190} INFO - [2024-11-18T20:41:49.438+0500] {dagbag.py:588} INFO - Filling up the DagBag from /home/AtlasRise/airflow/airflow_env/lib/python3.12/site-packages/airflow/example_dags/example_task_group.py
[2024-11-18T20:41:49.452+0500] {processor.py:925} INFO - DAG(s) 'example_task_group' retrieved from /home/AtlasRise/airflow/airflow_env/lib/python3.12/site-packages/airflow/example_dags/example_task_group.py
[2024-11-18T20:41:49.478+0500] {logging_mixin.py:190} INFO - [2024-11-18T20:41:49.478+0500] {dag.py:3239} INFO - Sync 1 DAGs
[2024-11-18T20:41:49.498+0500] {logging_mixin.py:190} INFO - [2024-11-18T20:41:49.498+0500] {dag.py:4180} INFO - Setting next_dagrun for example_task_group to None, run_after=None
[2024-11-18T20:41:49.536+0500] {processor.py:208} INFO - Processing /home/AtlasRise/airflow/airflow_env/lib/python3.12/site-packages/airflow/example_dags/example_task_group.py took 0.109 seconds
[2024-11-18T20:42:59.781+0500] {processor.py:186} INFO - Started process (PID=19188) to work on /home/AtlasRise/airflow/airflow_env/lib/python3.12/site-packages/airflow/example_dags/example_task_group.py
[2024-11-18T20:42:59.784+0500] {processor.py:914} INFO - Processing file /home/AtlasRise/airflow/airflow_env/lib/python3.12/site-packages/airflow/example_dags/example_task_group.py for tasks to queue
[2024-11-18T20:42:59.789+0500] {logging_mixin.py:190} INFO - [2024-11-18T20:42:59.787+0500] {dagbag.py:588} INFO - Filling up the DagBag from /home/AtlasRise/airflow/airflow_env/lib/python3.12/site-packages/airflow/example_dags/example_task_group.py
[2024-11-18T20:42:59.807+0500] {processor.py:925} INFO - DAG(s) 'example_task_group' retrieved from /home/AtlasRise/airflow/airflow_env/lib/python3.12/site-packages/airflow/example_dags/example_task_group.py
[2024-11-18T20:42:59.836+0500] {logging_mixin.py:190} INFO - [2024-11-18T20:42:59.836+0500] {dag.py:3239} INFO - Sync 1 DAGs
[2024-11-18T20:42:59.862+0500] {logging_mixin.py:190} INFO - [2024-11-18T20:42:59.861+0500] {dag.py:4180} INFO - Setting next_dagrun for example_task_group to None, run_after=None
[2024-11-18T20:42:59.917+0500] {processor.py:208} INFO - Processing /home/AtlasRise/airflow/airflow_env/lib/python3.12/site-packages/airflow/example_dags/example_task_group.py took 0.145 seconds
[2024-11-18T20:44:06.913+0500] {processor.py:186} INFO - Started process (PID=19271) to work on /home/AtlasRise/airflow/airflow_env/lib/python3.12/site-packages/airflow/example_dags/example_task_group.py
[2024-11-18T20:44:06.915+0500] {processor.py:914} INFO - Processing file /home/AtlasRise/airflow/airflow_env/lib/python3.12/site-packages/airflow/example_dags/example_task_group.py for tasks to queue
[2024-11-18T20:44:06.919+0500] {logging_mixin.py:190} INFO - [2024-11-18T20:44:06.918+0500] {dagbag.py:588} INFO - Filling up the DagBag from /home/AtlasRise/airflow/airflow_env/lib/python3.12/site-packages/airflow/example_dags/example_task_group.py
[2024-11-18T20:44:06.932+0500] {processor.py:925} INFO - DAG(s) 'example_task_group' retrieved from /home/AtlasRise/airflow/airflow_env/lib/python3.12/site-packages/airflow/example_dags/example_task_group.py
[2024-11-18T20:44:06.958+0500] {logging_mixin.py:190} INFO - [2024-11-18T20:44:06.957+0500] {dag.py:3239} INFO - Sync 1 DAGs
[2024-11-18T20:44:06.978+0500] {logging_mixin.py:190} INFO - [2024-11-18T20:44:06.977+0500] {dag.py:4180} INFO - Setting next_dagrun for example_task_group to None, run_after=None
[2024-11-18T20:44:07.011+0500] {processor.py:208} INFO - Processing /home/AtlasRise/airflow/airflow_env/lib/python3.12/site-packages/airflow/example_dags/example_task_group.py took 0.106 seconds
[2024-11-18T20:45:12.059+0500] {processor.py:186} INFO - Started process (PID=19342) to work on /home/AtlasRise/airflow/airflow_env/lib/python3.12/site-packages/airflow/example_dags/example_task_group.py
[2024-11-18T20:45:12.062+0500] {processor.py:914} INFO - Processing file /home/AtlasRise/airflow/airflow_env/lib/python3.12/site-packages/airflow/example_dags/example_task_group.py for tasks to queue
[2024-11-18T20:45:12.065+0500] {logging_mixin.py:190} INFO - [2024-11-18T20:45:12.064+0500] {dagbag.py:588} INFO - Filling up the DagBag from /home/AtlasRise/airflow/airflow_env/lib/python3.12/site-packages/airflow/example_dags/example_task_group.py
[2024-11-18T20:45:12.078+0500] {processor.py:925} INFO - DAG(s) 'example_task_group' retrieved from /home/AtlasRise/airflow/airflow_env/lib/python3.12/site-packages/airflow/example_dags/example_task_group.py
[2024-11-18T20:45:12.108+0500] {logging_mixin.py:190} INFO - [2024-11-18T20:45:12.107+0500] {dag.py:3239} INFO - Sync 1 DAGs
[2024-11-18T20:45:12.131+0500] {logging_mixin.py:190} INFO - [2024-11-18T20:45:12.131+0500] {dag.py:4180} INFO - Setting next_dagrun for example_task_group to None, run_after=None
[2024-11-18T20:45:12.171+0500] {processor.py:208} INFO - Processing /home/AtlasRise/airflow/airflow_env/lib/python3.12/site-packages/airflow/example_dags/example_task_group.py took 0.120 seconds
[2024-11-18T20:46:31.328+0500] {processor.py:186} INFO - Started process (PID=19556) to work on /home/AtlasRise/airflow/airflow_env/lib/python3.12/site-packages/airflow/example_dags/example_task_group.py
[2024-11-18T20:46:31.335+0500] {processor.py:914} INFO - Processing file /home/AtlasRise/airflow/airflow_env/lib/python3.12/site-packages/airflow/example_dags/example_task_group.py for tasks to queue
[2024-11-18T20:46:31.339+0500] {logging_mixin.py:190} INFO - [2024-11-18T20:46:31.338+0500] {dagbag.py:588} INFO - Filling up the DagBag from /home/AtlasRise/airflow/airflow_env/lib/python3.12/site-packages/airflow/example_dags/example_task_group.py
[2024-11-18T20:46:31.354+0500] {processor.py:925} INFO - DAG(s) 'example_task_group' retrieved from /home/AtlasRise/airflow/airflow_env/lib/python3.12/site-packages/airflow/example_dags/example_task_group.py
[2024-11-18T20:46:31.381+0500] {logging_mixin.py:190} INFO - [2024-11-18T20:46:31.380+0500] {dag.py:3239} INFO - Sync 1 DAGs
[2024-11-18T20:46:31.401+0500] {logging_mixin.py:190} INFO - [2024-11-18T20:46:31.401+0500] {dag.py:4180} INFO - Setting next_dagrun for example_task_group to None, run_after=None
[2024-11-18T20:46:31.434+0500] {processor.py:208} INFO - Processing /home/AtlasRise/airflow/airflow_env/lib/python3.12/site-packages/airflow/example_dags/example_task_group.py took 0.115 seconds
[2024-11-18T20:47:41.717+0500] {processor.py:186} INFO - Started process (PID=19662) to work on /home/AtlasRise/airflow/airflow_env/lib/python3.12/site-packages/airflow/example_dags/example_task_group.py
[2024-11-18T20:47:41.722+0500] {processor.py:914} INFO - Processing file /home/AtlasRise/airflow/airflow_env/lib/python3.12/site-packages/airflow/example_dags/example_task_group.py for tasks to queue
[2024-11-18T20:47:41.726+0500] {logging_mixin.py:190} INFO - [2024-11-18T20:47:41.726+0500] {dagbag.py:588} INFO - Filling up the DagBag from /home/AtlasRise/airflow/airflow_env/lib/python3.12/site-packages/airflow/example_dags/example_task_group.py
[2024-11-18T20:47:41.739+0500] {processor.py:925} INFO - DAG(s) 'example_task_group' retrieved from /home/AtlasRise/airflow/airflow_env/lib/python3.12/site-packages/airflow/example_dags/example_task_group.py
[2024-11-18T20:47:41.765+0500] {logging_mixin.py:190} INFO - [2024-11-18T20:47:41.765+0500] {dag.py:3239} INFO - Sync 1 DAGs
[2024-11-18T20:47:41.786+0500] {logging_mixin.py:190} INFO - [2024-11-18T20:47:41.786+0500] {dag.py:4180} INFO - Setting next_dagrun for example_task_group to None, run_after=None
[2024-11-18T20:47:41.821+0500] {processor.py:208} INFO - Processing /home/AtlasRise/airflow/airflow_env/lib/python3.12/site-packages/airflow/example_dags/example_task_group.py took 0.112 seconds
[2024-11-18T20:48:45.807+0500] {processor.py:186} INFO - Started process (PID=19799) to work on /home/AtlasRise/airflow/airflow_env/lib/python3.12/site-packages/airflow/example_dags/example_task_group.py
[2024-11-18T20:48:45.810+0500] {processor.py:914} INFO - Processing file /home/AtlasRise/airflow/airflow_env/lib/python3.12/site-packages/airflow/example_dags/example_task_group.py for tasks to queue
[2024-11-18T20:48:45.813+0500] {logging_mixin.py:190} INFO - [2024-11-18T20:48:45.813+0500] {dagbag.py:588} INFO - Filling up the DagBag from /home/AtlasRise/airflow/airflow_env/lib/python3.12/site-packages/airflow/example_dags/example_task_group.py
[2024-11-18T20:48:45.827+0500] {processor.py:925} INFO - DAG(s) 'example_task_group' retrieved from /home/AtlasRise/airflow/airflow_env/lib/python3.12/site-packages/airflow/example_dags/example_task_group.py
[2024-11-18T20:48:45.857+0500] {logging_mixin.py:190} INFO - [2024-11-18T20:48:45.857+0500] {dag.py:3239} INFO - Sync 1 DAGs
[2024-11-18T20:48:45.892+0500] {logging_mixin.py:190} INFO - [2024-11-18T20:48:45.892+0500] {dag.py:4180} INFO - Setting next_dagrun for example_task_group to None, run_after=None
[2024-11-18T20:48:45.956+0500] {processor.py:208} INFO - Processing /home/AtlasRise/airflow/airflow_env/lib/python3.12/site-packages/airflow/example_dags/example_task_group.py took 0.157 seconds
[2024-11-18T20:49:54.619+0500] {processor.py:186} INFO - Started process (PID=19873) to work on /home/AtlasRise/airflow/airflow_env/lib/python3.12/site-packages/airflow/example_dags/example_task_group.py
[2024-11-18T20:49:54.632+0500] {processor.py:914} INFO - Processing file /home/AtlasRise/airflow/airflow_env/lib/python3.12/site-packages/airflow/example_dags/example_task_group.py for tasks to queue
[2024-11-18T20:49:54.643+0500] {logging_mixin.py:190} INFO - [2024-11-18T20:49:54.642+0500] {dagbag.py:588} INFO - Filling up the DagBag from /home/AtlasRise/airflow/airflow_env/lib/python3.12/site-packages/airflow/example_dags/example_task_group.py
[2024-11-18T20:49:54.700+0500] {processor.py:925} INFO - DAG(s) 'example_task_group' retrieved from /home/AtlasRise/airflow/airflow_env/lib/python3.12/site-packages/airflow/example_dags/example_task_group.py
[2024-11-18T20:49:54.773+0500] {logging_mixin.py:190} INFO - [2024-11-18T20:49:54.772+0500] {dag.py:3239} INFO - Sync 1 DAGs
[2024-11-18T20:49:54.798+0500] {logging_mixin.py:190} INFO - [2024-11-18T20:49:54.797+0500] {dag.py:4180} INFO - Setting next_dagrun for example_task_group to None, run_after=None
[2024-11-18T20:49:54.834+0500] {processor.py:208} INFO - Processing /home/AtlasRise/airflow/airflow_env/lib/python3.12/site-packages/airflow/example_dags/example_task_group.py took 0.257 seconds
[2024-11-18T20:51:06.367+0500] {processor.py:186} INFO - Started process (PID=19947) to work on /home/AtlasRise/airflow/airflow_env/lib/python3.12/site-packages/airflow/example_dags/example_task_group.py
[2024-11-18T20:51:06.369+0500] {processor.py:914} INFO - Processing file /home/AtlasRise/airflow/airflow_env/lib/python3.12/site-packages/airflow/example_dags/example_task_group.py for tasks to queue
[2024-11-18T20:51:06.373+0500] {logging_mixin.py:190} INFO - [2024-11-18T20:51:06.372+0500] {dagbag.py:588} INFO - Filling up the DagBag from /home/AtlasRise/airflow/airflow_env/lib/python3.12/site-packages/airflow/example_dags/example_task_group.py
[2024-11-18T20:51:06.387+0500] {processor.py:925} INFO - DAG(s) 'example_task_group' retrieved from /home/AtlasRise/airflow/airflow_env/lib/python3.12/site-packages/airflow/example_dags/example_task_group.py
[2024-11-18T20:51:06.415+0500] {logging_mixin.py:190} INFO - [2024-11-18T20:51:06.414+0500] {dag.py:3239} INFO - Sync 1 DAGs
[2024-11-18T20:51:06.436+0500] {logging_mixin.py:190} INFO - [2024-11-18T20:51:06.436+0500] {dag.py:4180} INFO - Setting next_dagrun for example_task_group to None, run_after=None
[2024-11-18T20:51:06.469+0500] {processor.py:208} INFO - Processing /home/AtlasRise/airflow/airflow_env/lib/python3.12/site-packages/airflow/example_dags/example_task_group.py took 0.110 seconds
[2024-11-18T20:52:18.372+0500] {processor.py:186} INFO - Started process (PID=20033) to work on /home/AtlasRise/airflow/airflow_env/lib/python3.12/site-packages/airflow/example_dags/example_task_group.py
[2024-11-18T20:52:18.375+0500] {processor.py:914} INFO - Processing file /home/AtlasRise/airflow/airflow_env/lib/python3.12/site-packages/airflow/example_dags/example_task_group.py for tasks to queue
[2024-11-18T20:52:18.379+0500] {logging_mixin.py:190} INFO - [2024-11-18T20:52:18.378+0500] {dagbag.py:588} INFO - Filling up the DagBag from /home/AtlasRise/airflow/airflow_env/lib/python3.12/site-packages/airflow/example_dags/example_task_group.py
[2024-11-18T20:52:18.391+0500] {processor.py:925} INFO - DAG(s) 'example_task_group' retrieved from /home/AtlasRise/airflow/airflow_env/lib/python3.12/site-packages/airflow/example_dags/example_task_group.py
[2024-11-18T20:52:18.418+0500] {logging_mixin.py:190} INFO - [2024-11-18T20:52:18.417+0500] {dag.py:3239} INFO - Sync 1 DAGs
[2024-11-18T20:52:18.439+0500] {logging_mixin.py:190} INFO - [2024-11-18T20:52:18.438+0500] {dag.py:4180} INFO - Setting next_dagrun for example_task_group to None, run_after=None
[2024-11-18T20:52:18.472+0500] {processor.py:208} INFO - Processing /home/AtlasRise/airflow/airflow_env/lib/python3.12/site-packages/airflow/example_dags/example_task_group.py took 0.110 seconds
[2024-11-18T20:53:24.058+0500] {processor.py:186} INFO - Started process (PID=20104) to work on /home/AtlasRise/airflow/airflow_env/lib/python3.12/site-packages/airflow/example_dags/example_task_group.py
[2024-11-18T20:53:24.060+0500] {processor.py:914} INFO - Processing file /home/AtlasRise/airflow/airflow_env/lib/python3.12/site-packages/airflow/example_dags/example_task_group.py for tasks to queue
[2024-11-18T20:53:24.064+0500] {logging_mixin.py:190} INFO - [2024-11-18T20:53:24.064+0500] {dagbag.py:588} INFO - Filling up the DagBag from /home/AtlasRise/airflow/airflow_env/lib/python3.12/site-packages/airflow/example_dags/example_task_group.py
[2024-11-18T20:53:24.078+0500] {processor.py:925} INFO - DAG(s) 'example_task_group' retrieved from /home/AtlasRise/airflow/airflow_env/lib/python3.12/site-packages/airflow/example_dags/example_task_group.py
[2024-11-18T20:53:24.105+0500] {logging_mixin.py:190} INFO - [2024-11-18T20:53:24.104+0500] {dag.py:3239} INFO - Sync 1 DAGs
[2024-11-18T20:53:24.126+0500] {logging_mixin.py:190} INFO - [2024-11-18T20:53:24.126+0500] {dag.py:4180} INFO - Setting next_dagrun for example_task_group to None, run_after=None
[2024-11-18T20:53:24.159+0500] {processor.py:208} INFO - Processing /home/AtlasRise/airflow/airflow_env/lib/python3.12/site-packages/airflow/example_dags/example_task_group.py took 0.110 seconds
[2024-11-18T20:54:36.032+0500] {processor.py:186} INFO - Started process (PID=20197) to work on /home/AtlasRise/airflow/airflow_env/lib/python3.12/site-packages/airflow/example_dags/example_task_group.py
[2024-11-18T20:54:36.033+0500] {processor.py:914} INFO - Processing file /home/AtlasRise/airflow/airflow_env/lib/python3.12/site-packages/airflow/example_dags/example_task_group.py for tasks to queue
[2024-11-18T20:54:36.036+0500] {logging_mixin.py:190} INFO - [2024-11-18T20:54:36.036+0500] {dagbag.py:588} INFO - Filling up the DagBag from /home/AtlasRise/airflow/airflow_env/lib/python3.12/site-packages/airflow/example_dags/example_task_group.py
[2024-11-18T20:54:36.053+0500] {processor.py:925} INFO - DAG(s) 'example_task_group' retrieved from /home/AtlasRise/airflow/airflow_env/lib/python3.12/site-packages/airflow/example_dags/example_task_group.py
[2024-11-18T20:54:36.080+0500] {logging_mixin.py:190} INFO - [2024-11-18T20:54:36.079+0500] {dag.py:3239} INFO - Sync 1 DAGs
[2024-11-18T20:54:36.101+0500] {logging_mixin.py:190} INFO - [2024-11-18T20:54:36.100+0500] {dag.py:4180} INFO - Setting next_dagrun for example_task_group to None, run_after=None
[2024-11-18T20:54:36.134+0500] {processor.py:208} INFO - Processing /home/AtlasRise/airflow/airflow_env/lib/python3.12/site-packages/airflow/example_dags/example_task_group.py took 0.111 seconds
[2024-11-18T20:56:05.653+0500] {processor.py:186} INFO - Started process (PID=20289) to work on /home/AtlasRise/airflow/airflow_env/lib/python3.12/site-packages/airflow/example_dags/example_task_group.py
[2024-11-18T20:56:05.655+0500] {processor.py:914} INFO - Processing file /home/AtlasRise/airflow/airflow_env/lib/python3.12/site-packages/airflow/example_dags/example_task_group.py for tasks to queue
[2024-11-18T20:56:05.658+0500] {logging_mixin.py:190} INFO - [2024-11-18T20:56:05.658+0500] {dagbag.py:588} INFO - Filling up the DagBag from /home/AtlasRise/airflow/airflow_env/lib/python3.12/site-packages/airflow/example_dags/example_task_group.py
[2024-11-18T20:56:05.672+0500] {processor.py:925} INFO - DAG(s) 'example_task_group' retrieved from /home/AtlasRise/airflow/airflow_env/lib/python3.12/site-packages/airflow/example_dags/example_task_group.py
[2024-11-18T20:56:05.698+0500] {logging_mixin.py:190} INFO - [2024-11-18T20:56:05.697+0500] {dag.py:3239} INFO - Sync 1 DAGs
[2024-11-18T20:56:05.718+0500] {logging_mixin.py:190} INFO - [2024-11-18T20:56:05.717+0500] {dag.py:4180} INFO - Setting next_dagrun for example_task_group to None, run_after=None
[2024-11-18T20:56:05.751+0500] {processor.py:208} INFO - Processing /home/AtlasRise/airflow/airflow_env/lib/python3.12/site-packages/airflow/example_dags/example_task_group.py took 0.107 seconds
[2024-11-18T20:57:20.053+0500] {processor.py:186} INFO - Started process (PID=20373) to work on /home/AtlasRise/airflow/airflow_env/lib/python3.12/site-packages/airflow/example_dags/example_task_group.py
[2024-11-18T20:57:20.056+0500] {processor.py:914} INFO - Processing file /home/AtlasRise/airflow/airflow_env/lib/python3.12/site-packages/airflow/example_dags/example_task_group.py for tasks to queue
[2024-11-18T20:57:20.060+0500] {logging_mixin.py:190} INFO - [2024-11-18T20:57:20.059+0500] {dagbag.py:588} INFO - Filling up the DagBag from /home/AtlasRise/airflow/airflow_env/lib/python3.12/site-packages/airflow/example_dags/example_task_group.py
[2024-11-18T20:57:20.073+0500] {processor.py:925} INFO - DAG(s) 'example_task_group' retrieved from /home/AtlasRise/airflow/airflow_env/lib/python3.12/site-packages/airflow/example_dags/example_task_group.py
[2024-11-18T20:57:20.101+0500] {logging_mixin.py:190} INFO - [2024-11-18T20:57:20.101+0500] {dag.py:3239} INFO - Sync 1 DAGs
[2024-11-18T20:57:20.123+0500] {logging_mixin.py:190} INFO - [2024-11-18T20:57:20.122+0500] {dag.py:4180} INFO - Setting next_dagrun for example_task_group to None, run_after=None
[2024-11-18T20:57:20.157+0500] {processor.py:208} INFO - Processing /home/AtlasRise/airflow/airflow_env/lib/python3.12/site-packages/airflow/example_dags/example_task_group.py took 0.112 seconds
[2024-11-18T20:58:29.824+0500] {processor.py:186} INFO - Started process (PID=20466) to work on /home/AtlasRise/airflow/airflow_env/lib/python3.12/site-packages/airflow/example_dags/example_task_group.py
[2024-11-18T20:58:29.827+0500] {processor.py:914} INFO - Processing file /home/AtlasRise/airflow/airflow_env/lib/python3.12/site-packages/airflow/example_dags/example_task_group.py for tasks to queue
[2024-11-18T20:58:29.831+0500] {logging_mixin.py:190} INFO - [2024-11-18T20:58:29.830+0500] {dagbag.py:588} INFO - Filling up the DagBag from /home/AtlasRise/airflow/airflow_env/lib/python3.12/site-packages/airflow/example_dags/example_task_group.py
[2024-11-18T20:58:29.844+0500] {processor.py:925} INFO - DAG(s) 'example_task_group' retrieved from /home/AtlasRise/airflow/airflow_env/lib/python3.12/site-packages/airflow/example_dags/example_task_group.py
[2024-11-18T20:58:29.871+0500] {logging_mixin.py:190} INFO - [2024-11-18T20:58:29.870+0500] {dag.py:3239} INFO - Sync 1 DAGs
[2024-11-18T20:58:29.891+0500] {logging_mixin.py:190} INFO - [2024-11-18T20:58:29.891+0500] {dag.py:4180} INFO - Setting next_dagrun for example_task_group to None, run_after=None
[2024-11-18T20:58:29.936+0500] {processor.py:208} INFO - Processing /home/AtlasRise/airflow/airflow_env/lib/python3.12/site-packages/airflow/example_dags/example_task_group.py took 0.120 seconds
[2024-11-18T20:59:39.554+0500] {processor.py:186} INFO - Started process (PID=20540) to work on /home/AtlasRise/airflow/airflow_env/lib/python3.12/site-packages/airflow/example_dags/example_task_group.py
[2024-11-18T20:59:39.555+0500] {processor.py:914} INFO - Processing file /home/AtlasRise/airflow/airflow_env/lib/python3.12/site-packages/airflow/example_dags/example_task_group.py for tasks to queue
[2024-11-18T20:59:39.559+0500] {logging_mixin.py:190} INFO - [2024-11-18T20:59:39.559+0500] {dagbag.py:588} INFO - Filling up the DagBag from /home/AtlasRise/airflow/airflow_env/lib/python3.12/site-packages/airflow/example_dags/example_task_group.py
[2024-11-18T20:59:39.572+0500] {processor.py:925} INFO - DAG(s) 'example_task_group' retrieved from /home/AtlasRise/airflow/airflow_env/lib/python3.12/site-packages/airflow/example_dags/example_task_group.py
[2024-11-18T20:59:39.600+0500] {logging_mixin.py:190} INFO - [2024-11-18T20:59:39.600+0500] {dag.py:3239} INFO - Sync 1 DAGs
[2024-11-18T20:59:39.622+0500] {logging_mixin.py:190} INFO - [2024-11-18T20:59:39.621+0500] {dag.py:4180} INFO - Setting next_dagrun for example_task_group to None, run_after=None
[2024-11-18T20:59:39.654+0500] {processor.py:208} INFO - Processing /home/AtlasRise/airflow/airflow_env/lib/python3.12/site-packages/airflow/example_dags/example_task_group.py took 0.109 seconds
[2024-11-18T21:00:51.364+0500] {processor.py:186} INFO - Started process (PID=20613) to work on /home/AtlasRise/airflow/airflow_env/lib/python3.12/site-packages/airflow/example_dags/example_task_group.py
[2024-11-18T21:00:51.366+0500] {processor.py:914} INFO - Processing file /home/AtlasRise/airflow/airflow_env/lib/python3.12/site-packages/airflow/example_dags/example_task_group.py for tasks to queue
[2024-11-18T21:00:51.369+0500] {logging_mixin.py:190} INFO - [2024-11-18T21:00:51.369+0500] {dagbag.py:588} INFO - Filling up the DagBag from /home/AtlasRise/airflow/airflow_env/lib/python3.12/site-packages/airflow/example_dags/example_task_group.py
[2024-11-18T21:00:51.385+0500] {processor.py:925} INFO - DAG(s) 'example_task_group' retrieved from /home/AtlasRise/airflow/airflow_env/lib/python3.12/site-packages/airflow/example_dags/example_task_group.py
[2024-11-18T21:00:51.413+0500] {logging_mixin.py:190} INFO - [2024-11-18T21:00:51.412+0500] {dag.py:3239} INFO - Sync 1 DAGs
[2024-11-18T21:00:51.433+0500] {logging_mixin.py:190} INFO - [2024-11-18T21:00:51.433+0500] {dag.py:4180} INFO - Setting next_dagrun for example_task_group to None, run_after=None
[2024-11-18T21:00:51.469+0500] {processor.py:208} INFO - Processing /home/AtlasRise/airflow/airflow_env/lib/python3.12/site-packages/airflow/example_dags/example_task_group.py took 0.115 seconds
[2024-11-18T21:01:56.668+0500] {processor.py:186} INFO - Started process (PID=20698) to work on /home/AtlasRise/airflow/airflow_env/lib/python3.12/site-packages/airflow/example_dags/example_task_group.py
[2024-11-18T21:01:56.670+0500] {processor.py:914} INFO - Processing file /home/AtlasRise/airflow/airflow_env/lib/python3.12/site-packages/airflow/example_dags/example_task_group.py for tasks to queue
[2024-11-18T21:01:56.674+0500] {logging_mixin.py:190} INFO - [2024-11-18T21:01:56.673+0500] {dagbag.py:588} INFO - Filling up the DagBag from /home/AtlasRise/airflow/airflow_env/lib/python3.12/site-packages/airflow/example_dags/example_task_group.py
[2024-11-18T21:01:56.687+0500] {processor.py:925} INFO - DAG(s) 'example_task_group' retrieved from /home/AtlasRise/airflow/airflow_env/lib/python3.12/site-packages/airflow/example_dags/example_task_group.py
[2024-11-18T21:01:56.713+0500] {logging_mixin.py:190} INFO - [2024-11-18T21:01:56.713+0500] {dag.py:3239} INFO - Sync 1 DAGs
[2024-11-18T21:01:56.735+0500] {logging_mixin.py:190} INFO - [2024-11-18T21:01:56.734+0500] {dag.py:4180} INFO - Setting next_dagrun for example_task_group to None, run_after=None
[2024-11-18T21:01:56.768+0500] {processor.py:208} INFO - Processing /home/AtlasRise/airflow/airflow_env/lib/python3.12/site-packages/airflow/example_dags/example_task_group.py took 0.108 seconds
[2024-11-18T21:03:11.394+0500] {processor.py:186} INFO - Started process (PID=20769) to work on /home/AtlasRise/airflow/airflow_env/lib/python3.12/site-packages/airflow/example_dags/example_task_group.py
[2024-11-18T21:03:11.396+0500] {processor.py:914} INFO - Processing file /home/AtlasRise/airflow/airflow_env/lib/python3.12/site-packages/airflow/example_dags/example_task_group.py for tasks to queue
[2024-11-18T21:03:11.399+0500] {logging_mixin.py:190} INFO - [2024-11-18T21:03:11.399+0500] {dagbag.py:588} INFO - Filling up the DagBag from /home/AtlasRise/airflow/airflow_env/lib/python3.12/site-packages/airflow/example_dags/example_task_group.py
[2024-11-18T21:03:11.413+0500] {processor.py:925} INFO - DAG(s) 'example_task_group' retrieved from /home/AtlasRise/airflow/airflow_env/lib/python3.12/site-packages/airflow/example_dags/example_task_group.py
[2024-11-18T21:03:11.439+0500] {logging_mixin.py:190} INFO - [2024-11-18T21:03:11.439+0500] {dag.py:3239} INFO - Sync 1 DAGs
[2024-11-18T21:03:11.460+0500] {logging_mixin.py:190} INFO - [2024-11-18T21:03:11.460+0500] {dag.py:4180} INFO - Setting next_dagrun for example_task_group to None, run_after=None
[2024-11-18T21:03:11.492+0500] {processor.py:208} INFO - Processing /home/AtlasRise/airflow/airflow_env/lib/python3.12/site-packages/airflow/example_dags/example_task_group.py took 0.107 seconds
[2024-11-18T21:04:17.617+0500] {processor.py:186} INFO - Started process (PID=20858) to work on /home/AtlasRise/airflow/airflow_env/lib/python3.12/site-packages/airflow/example_dags/example_task_group.py
[2024-11-18T21:04:17.619+0500] {processor.py:914} INFO - Processing file /home/AtlasRise/airflow/airflow_env/lib/python3.12/site-packages/airflow/example_dags/example_task_group.py for tasks to queue
[2024-11-18T21:04:17.621+0500] {logging_mixin.py:190} INFO - [2024-11-18T21:04:17.621+0500] {dagbag.py:588} INFO - Filling up the DagBag from /home/AtlasRise/airflow/airflow_env/lib/python3.12/site-packages/airflow/example_dags/example_task_group.py
[2024-11-18T21:04:17.637+0500] {processor.py:925} INFO - DAG(s) 'example_task_group' retrieved from /home/AtlasRise/airflow/airflow_env/lib/python3.12/site-packages/airflow/example_dags/example_task_group.py
[2024-11-18T21:04:17.662+0500] {logging_mixin.py:190} INFO - [2024-11-18T21:04:17.662+0500] {dag.py:3239} INFO - Sync 1 DAGs
[2024-11-18T21:04:17.684+0500] {logging_mixin.py:190} INFO - [2024-11-18T21:04:17.684+0500] {dag.py:4180} INFO - Setting next_dagrun for example_task_group to None, run_after=None
[2024-11-18T21:04:17.716+0500] {processor.py:208} INFO - Processing /home/AtlasRise/airflow/airflow_env/lib/python3.12/site-packages/airflow/example_dags/example_task_group.py took 0.107 seconds
[2024-11-18T21:05:24.228+0500] {processor.py:186} INFO - Started process (PID=20942) to work on /home/AtlasRise/airflow/airflow_env/lib/python3.12/site-packages/airflow/example_dags/example_task_group.py
[2024-11-18T21:05:24.230+0500] {processor.py:914} INFO - Processing file /home/AtlasRise/airflow/airflow_env/lib/python3.12/site-packages/airflow/example_dags/example_task_group.py for tasks to queue
[2024-11-18T21:05:24.234+0500] {logging_mixin.py:190} INFO - [2024-11-18T21:05:24.233+0500] {dagbag.py:588} INFO - Filling up the DagBag from /home/AtlasRise/airflow/airflow_env/lib/python3.12/site-packages/airflow/example_dags/example_task_group.py
[2024-11-18T21:05:24.247+0500] {processor.py:925} INFO - DAG(s) 'example_task_group' retrieved from /home/AtlasRise/airflow/airflow_env/lib/python3.12/site-packages/airflow/example_dags/example_task_group.py
[2024-11-18T21:05:24.274+0500] {logging_mixin.py:190} INFO - [2024-11-18T21:05:24.274+0500] {dag.py:3239} INFO - Sync 1 DAGs
[2024-11-18T21:05:24.295+0500] {logging_mixin.py:190} INFO - [2024-11-18T21:05:24.295+0500] {dag.py:4180} INFO - Setting next_dagrun for example_task_group to None, run_after=None
[2024-11-18T21:05:24.329+0500] {processor.py:208} INFO - Processing /home/AtlasRise/airflow/airflow_env/lib/python3.12/site-packages/airflow/example_dags/example_task_group.py took 0.111 seconds
[2024-11-18T21:06:32.103+0500] {processor.py:186} INFO - Started process (PID=21025) to work on /home/AtlasRise/airflow/airflow_env/lib/python3.12/site-packages/airflow/example_dags/example_task_group.py
[2024-11-18T21:06:32.106+0500] {processor.py:914} INFO - Processing file /home/AtlasRise/airflow/airflow_env/lib/python3.12/site-packages/airflow/example_dags/example_task_group.py for tasks to queue
[2024-11-18T21:06:32.109+0500] {logging_mixin.py:190} INFO - [2024-11-18T21:06:32.108+0500] {dagbag.py:588} INFO - Filling up the DagBag from /home/AtlasRise/airflow/airflow_env/lib/python3.12/site-packages/airflow/example_dags/example_task_group.py
[2024-11-18T21:06:32.122+0500] {processor.py:925} INFO - DAG(s) 'example_task_group' retrieved from /home/AtlasRise/airflow/airflow_env/lib/python3.12/site-packages/airflow/example_dags/example_task_group.py
[2024-11-18T21:06:32.148+0500] {logging_mixin.py:190} INFO - [2024-11-18T21:06:32.148+0500] {dag.py:3239} INFO - Sync 1 DAGs
[2024-11-18T21:06:32.169+0500] {logging_mixin.py:190} INFO - [2024-11-18T21:06:32.169+0500] {dag.py:4180} INFO - Setting next_dagrun for example_task_group to None, run_after=None
[2024-11-18T21:06:32.204+0500] {processor.py:208} INFO - Processing /home/AtlasRise/airflow/airflow_env/lib/python3.12/site-packages/airflow/example_dags/example_task_group.py took 0.110 seconds
[2024-11-18T21:07:52.394+0500] {processor.py:186} INFO - Started process (PID=21128) to work on /home/AtlasRise/airflow/airflow_env/lib/python3.12/site-packages/airflow/example_dags/example_task_group.py
[2024-11-18T21:07:52.395+0500] {processor.py:914} INFO - Processing file /home/AtlasRise/airflow/airflow_env/lib/python3.12/site-packages/airflow/example_dags/example_task_group.py for tasks to queue
[2024-11-18T21:07:52.398+0500] {logging_mixin.py:190} INFO - [2024-11-18T21:07:52.398+0500] {dagbag.py:588} INFO - Filling up the DagBag from /home/AtlasRise/airflow/airflow_env/lib/python3.12/site-packages/airflow/example_dags/example_task_group.py
[2024-11-18T21:07:52.414+0500] {processor.py:925} INFO - DAG(s) 'example_task_group' retrieved from /home/AtlasRise/airflow/airflow_env/lib/python3.12/site-packages/airflow/example_dags/example_task_group.py
[2024-11-18T21:07:52.441+0500] {logging_mixin.py:190} INFO - [2024-11-18T21:07:52.441+0500] {dag.py:3239} INFO - Sync 1 DAGs
[2024-11-18T21:07:52.462+0500] {logging_mixin.py:190} INFO - [2024-11-18T21:07:52.462+0500] {dag.py:4180} INFO - Setting next_dagrun for example_task_group to None, run_after=None
[2024-11-18T21:07:52.505+0500] {processor.py:208} INFO - Processing /home/AtlasRise/airflow/airflow_env/lib/python3.12/site-packages/airflow/example_dags/example_task_group.py took 0.121 seconds
[2024-11-18T21:08:58.137+0500] {processor.py:186} INFO - Started process (PID=21209) to work on /home/AtlasRise/airflow/airflow_env/lib/python3.12/site-packages/airflow/example_dags/example_task_group.py
[2024-11-18T21:08:58.138+0500] {processor.py:914} INFO - Processing file /home/AtlasRise/airflow/airflow_env/lib/python3.12/site-packages/airflow/example_dags/example_task_group.py for tasks to queue
[2024-11-18T21:08:58.141+0500] {logging_mixin.py:190} INFO - [2024-11-18T21:08:58.141+0500] {dagbag.py:588} INFO - Filling up the DagBag from /home/AtlasRise/airflow/airflow_env/lib/python3.12/site-packages/airflow/example_dags/example_task_group.py
[2024-11-18T21:08:58.155+0500] {processor.py:925} INFO - DAG(s) 'example_task_group' retrieved from /home/AtlasRise/airflow/airflow_env/lib/python3.12/site-packages/airflow/example_dags/example_task_group.py
[2024-11-18T21:08:58.181+0500] {logging_mixin.py:190} INFO - [2024-11-18T21:08:58.181+0500] {dag.py:3239} INFO - Sync 1 DAGs
[2024-11-18T21:08:58.202+0500] {logging_mixin.py:190} INFO - [2024-11-18T21:08:58.201+0500] {dag.py:4180} INFO - Setting next_dagrun for example_task_group to None, run_after=None
[2024-11-18T21:08:58.235+0500] {processor.py:208} INFO - Processing /home/AtlasRise/airflow/airflow_env/lib/python3.12/site-packages/airflow/example_dags/example_task_group.py took 0.107 seconds
[2024-11-18T21:10:09.692+0500] {processor.py:186} INFO - Started process (PID=21308) to work on /home/AtlasRise/airflow/airflow_env/lib/python3.12/site-packages/airflow/example_dags/example_task_group.py
[2024-11-18T21:10:09.697+0500] {processor.py:914} INFO - Processing file /home/AtlasRise/airflow/airflow_env/lib/python3.12/site-packages/airflow/example_dags/example_task_group.py for tasks to queue
[2024-11-18T21:10:09.700+0500] {logging_mixin.py:190} INFO - [2024-11-18T21:10:09.699+0500] {dagbag.py:588} INFO - Filling up the DagBag from /home/AtlasRise/airflow/airflow_env/lib/python3.12/site-packages/airflow/example_dags/example_task_group.py
[2024-11-18T21:10:09.714+0500] {processor.py:925} INFO - DAG(s) 'example_task_group' retrieved from /home/AtlasRise/airflow/airflow_env/lib/python3.12/site-packages/airflow/example_dags/example_task_group.py
[2024-11-18T21:10:09.743+0500] {logging_mixin.py:190} INFO - [2024-11-18T21:10:09.742+0500] {dag.py:3239} INFO - Sync 1 DAGs
[2024-11-18T21:10:09.779+0500] {logging_mixin.py:190} INFO - [2024-11-18T21:10:09.778+0500] {dag.py:4180} INFO - Setting next_dagrun for example_task_group to None, run_after=None
[2024-11-18T21:10:09.816+0500] {processor.py:208} INFO - Processing /home/AtlasRise/airflow/airflow_env/lib/python3.12/site-packages/airflow/example_dags/example_task_group.py took 0.132 seconds
[2024-11-18T21:11:24.488+0500] {processor.py:186} INFO - Started process (PID=21419) to work on /home/AtlasRise/airflow/airflow_env/lib/python3.12/site-packages/airflow/example_dags/example_task_group.py
[2024-11-18T21:11:24.491+0500] {processor.py:914} INFO - Processing file /home/AtlasRise/airflow/airflow_env/lib/python3.12/site-packages/airflow/example_dags/example_task_group.py for tasks to queue
[2024-11-18T21:11:24.494+0500] {logging_mixin.py:190} INFO - [2024-11-18T21:11:24.494+0500] {dagbag.py:588} INFO - Filling up the DagBag from /home/AtlasRise/airflow/airflow_env/lib/python3.12/site-packages/airflow/example_dags/example_task_group.py
[2024-11-18T21:11:24.507+0500] {processor.py:925} INFO - DAG(s) 'example_task_group' retrieved from /home/AtlasRise/airflow/airflow_env/lib/python3.12/site-packages/airflow/example_dags/example_task_group.py
[2024-11-18T21:11:24.534+0500] {logging_mixin.py:190} INFO - [2024-11-18T21:11:24.534+0500] {dag.py:3239} INFO - Sync 1 DAGs
[2024-11-18T21:11:24.555+0500] {logging_mixin.py:190} INFO - [2024-11-18T21:11:24.554+0500] {dag.py:4180} INFO - Setting next_dagrun for example_task_group to None, run_after=None
[2024-11-18T21:11:24.589+0500] {processor.py:208} INFO - Processing /home/AtlasRise/airflow/airflow_env/lib/python3.12/site-packages/airflow/example_dags/example_task_group.py took 0.109 seconds
[2024-11-18T21:13:18.062+0500] {processor.py:186} INFO - Started process (PID=21578) to work on /home/AtlasRise/airflow/airflow_env/lib/python3.12/site-packages/airflow/example_dags/example_task_group.py
[2024-11-18T21:13:18.065+0500] {processor.py:914} INFO - Processing file /home/AtlasRise/airflow/airflow_env/lib/python3.12/site-packages/airflow/example_dags/example_task_group.py for tasks to queue
[2024-11-18T21:13:18.068+0500] {logging_mixin.py:190} INFO - [2024-11-18T21:13:18.068+0500] {dagbag.py:588} INFO - Filling up the DagBag from /home/AtlasRise/airflow/airflow_env/lib/python3.12/site-packages/airflow/example_dags/example_task_group.py
[2024-11-18T21:13:18.084+0500] {processor.py:925} INFO - DAG(s) 'example_task_group' retrieved from /home/AtlasRise/airflow/airflow_env/lib/python3.12/site-packages/airflow/example_dags/example_task_group.py
[2024-11-18T21:13:18.111+0500] {logging_mixin.py:190} INFO - [2024-11-18T21:13:18.111+0500] {dag.py:3239} INFO - Sync 1 DAGs
[2024-11-18T21:13:18.132+0500] {logging_mixin.py:190} INFO - [2024-11-18T21:13:18.132+0500] {dag.py:4180} INFO - Setting next_dagrun for example_task_group to None, run_after=None
[2024-11-18T21:13:18.166+0500] {processor.py:208} INFO - Processing /home/AtlasRise/airflow/airflow_env/lib/python3.12/site-packages/airflow/example_dags/example_task_group.py took 0.114 seconds
[2024-11-18T21:14:45.126+0500] {processor.py:186} INFO - Started process (PID=21690) to work on /home/AtlasRise/airflow/airflow_env/lib/python3.12/site-packages/airflow/example_dags/example_task_group.py
[2024-11-18T21:14:45.129+0500] {processor.py:914} INFO - Processing file /home/AtlasRise/airflow/airflow_env/lib/python3.12/site-packages/airflow/example_dags/example_task_group.py for tasks to queue
[2024-11-18T21:14:45.133+0500] {logging_mixin.py:190} INFO - [2024-11-18T21:14:45.132+0500] {dagbag.py:588} INFO - Filling up the DagBag from /home/AtlasRise/airflow/airflow_env/lib/python3.12/site-packages/airflow/example_dags/example_task_group.py
[2024-11-18T21:14:45.147+0500] {processor.py:925} INFO - DAG(s) 'example_task_group' retrieved from /home/AtlasRise/airflow/airflow_env/lib/python3.12/site-packages/airflow/example_dags/example_task_group.py
[2024-11-18T21:14:45.176+0500] {logging_mixin.py:190} INFO - [2024-11-18T21:14:45.175+0500] {dag.py:3239} INFO - Sync 1 DAGs
[2024-11-18T21:14:45.199+0500] {logging_mixin.py:190} INFO - [2024-11-18T21:14:45.198+0500] {dag.py:4180} INFO - Setting next_dagrun for example_task_group to None, run_after=None
[2024-11-18T21:14:45.236+0500] {processor.py:208} INFO - Processing /home/AtlasRise/airflow/airflow_env/lib/python3.12/site-packages/airflow/example_dags/example_task_group.py took 0.120 seconds
[2024-11-18T21:16:18.743+0500] {processor.py:186} INFO - Started process (PID=21812) to work on /home/AtlasRise/airflow/airflow_env/lib/python3.12/site-packages/airflow/example_dags/example_task_group.py
[2024-11-18T21:16:18.746+0500] {processor.py:914} INFO - Processing file /home/AtlasRise/airflow/airflow_env/lib/python3.12/site-packages/airflow/example_dags/example_task_group.py for tasks to queue
[2024-11-18T21:16:18.750+0500] {logging_mixin.py:190} INFO - [2024-11-18T21:16:18.749+0500] {dagbag.py:588} INFO - Filling up the DagBag from /home/AtlasRise/airflow/airflow_env/lib/python3.12/site-packages/airflow/example_dags/example_task_group.py
[2024-11-18T21:16:18.763+0500] {processor.py:925} INFO - DAG(s) 'example_task_group' retrieved from /home/AtlasRise/airflow/airflow_env/lib/python3.12/site-packages/airflow/example_dags/example_task_group.py
[2024-11-18T21:16:18.789+0500] {logging_mixin.py:190} INFO - [2024-11-18T21:16:18.788+0500] {dag.py:3239} INFO - Sync 1 DAGs
[2024-11-18T21:16:18.810+0500] {logging_mixin.py:190} INFO - [2024-11-18T21:16:18.809+0500] {dag.py:4180} INFO - Setting next_dagrun for example_task_group to None, run_after=None
[2024-11-18T21:16:18.843+0500] {processor.py:208} INFO - Processing /home/AtlasRise/airflow/airflow_env/lib/python3.12/site-packages/airflow/example_dags/example_task_group.py took 0.108 seconds
[2024-11-18T21:17:25.143+0500] {processor.py:186} INFO - Started process (PID=21910) to work on /home/AtlasRise/airflow/airflow_env/lib/python3.12/site-packages/airflow/example_dags/example_task_group.py
[2024-11-18T21:17:25.144+0500] {processor.py:914} INFO - Processing file /home/AtlasRise/airflow/airflow_env/lib/python3.12/site-packages/airflow/example_dags/example_task_group.py for tasks to queue
[2024-11-18T21:17:25.147+0500] {logging_mixin.py:190} INFO - [2024-11-18T21:17:25.147+0500] {dagbag.py:588} INFO - Filling up the DagBag from /home/AtlasRise/airflow/airflow_env/lib/python3.12/site-packages/airflow/example_dags/example_task_group.py
[2024-11-18T21:17:25.164+0500] {processor.py:925} INFO - DAG(s) 'example_task_group' retrieved from /home/AtlasRise/airflow/airflow_env/lib/python3.12/site-packages/airflow/example_dags/example_task_group.py
[2024-11-18T21:17:25.195+0500] {logging_mixin.py:190} INFO - [2024-11-18T21:17:25.194+0500] {dag.py:3239} INFO - Sync 1 DAGs
[2024-11-18T21:17:25.217+0500] {logging_mixin.py:190} INFO - [2024-11-18T21:17:25.217+0500] {dag.py:4180} INFO - Setting next_dagrun for example_task_group to None, run_after=None
[2024-11-18T21:17:25.250+0500] {processor.py:208} INFO - Processing /home/AtlasRise/airflow/airflow_env/lib/python3.12/site-packages/airflow/example_dags/example_task_group.py took 0.117 seconds
[2024-11-18T21:19:02.773+0500] {processor.py:186} INFO - Started process (PID=22054) to work on /home/AtlasRise/airflow/airflow_env/lib/python3.12/site-packages/airflow/example_dags/example_task_group.py
[2024-11-18T21:19:02.774+0500] {processor.py:914} INFO - Processing file /home/AtlasRise/airflow/airflow_env/lib/python3.12/site-packages/airflow/example_dags/example_task_group.py for tasks to queue
[2024-11-18T21:19:02.778+0500] {logging_mixin.py:190} INFO - [2024-11-18T21:19:02.777+0500] {dagbag.py:588} INFO - Filling up the DagBag from /home/AtlasRise/airflow/airflow_env/lib/python3.12/site-packages/airflow/example_dags/example_task_group.py
[2024-11-18T21:19:02.794+0500] {processor.py:925} INFO - DAG(s) 'example_task_group' retrieved from /home/AtlasRise/airflow/airflow_env/lib/python3.12/site-packages/airflow/example_dags/example_task_group.py
[2024-11-18T21:19:02.822+0500] {logging_mixin.py:190} INFO - [2024-11-18T21:19:02.822+0500] {dag.py:3239} INFO - Sync 1 DAGs
[2024-11-18T21:19:02.844+0500] {logging_mixin.py:190} INFO - [2024-11-18T21:19:02.844+0500] {dag.py:4180} INFO - Setting next_dagrun for example_task_group to None, run_after=None
[2024-11-18T21:19:02.881+0500] {processor.py:208} INFO - Processing /home/AtlasRise/airflow/airflow_env/lib/python3.12/site-packages/airflow/example_dags/example_task_group.py took 0.117 seconds
[2024-11-18T21:19:59.742+0500] {processor.py:186} INFO - Started process (PID=22131) to work on /home/AtlasRise/airflow/airflow_env/lib/python3.12/site-packages/airflow/example_dags/example_task_group.py
[2024-11-18T21:19:59.745+0500] {processor.py:914} INFO - Processing file /home/AtlasRise/airflow/airflow_env/lib/python3.12/site-packages/airflow/example_dags/example_task_group.py for tasks to queue
[2024-11-18T21:19:59.748+0500] {logging_mixin.py:190} INFO - [2024-11-18T21:19:59.747+0500] {dagbag.py:588} INFO - Filling up the DagBag from /home/AtlasRise/airflow/airflow_env/lib/python3.12/site-packages/airflow/example_dags/example_task_group.py
[2024-11-18T21:19:59.761+0500] {processor.py:925} INFO - DAG(s) 'example_task_group' retrieved from /home/AtlasRise/airflow/airflow_env/lib/python3.12/site-packages/airflow/example_dags/example_task_group.py
[2024-11-18T21:19:59.789+0500] {logging_mixin.py:190} INFO - [2024-11-18T21:19:59.788+0500] {dag.py:3239} INFO - Sync 1 DAGs
[2024-11-18T21:19:59.809+0500] {logging_mixin.py:190} INFO - [2024-11-18T21:19:59.809+0500] {dag.py:4180} INFO - Setting next_dagrun for example_task_group to None, run_after=None
[2024-11-18T21:19:59.842+0500] {processor.py:208} INFO - Processing /home/AtlasRise/airflow/airflow_env/lib/python3.12/site-packages/airflow/example_dags/example_task_group.py took 0.108 seconds
[2024-11-18T21:21:10.392+0500] {processor.py:186} INFO - Started process (PID=22221) to work on /home/AtlasRise/airflow/airflow_env/lib/python3.12/site-packages/airflow/example_dags/example_task_group.py
[2024-11-18T21:21:10.394+0500] {processor.py:914} INFO - Processing file /home/AtlasRise/airflow/airflow_env/lib/python3.12/site-packages/airflow/example_dags/example_task_group.py for tasks to queue
[2024-11-18T21:21:10.398+0500] {logging_mixin.py:190} INFO - [2024-11-18T21:21:10.398+0500] {dagbag.py:588} INFO - Filling up the DagBag from /home/AtlasRise/airflow/airflow_env/lib/python3.12/site-packages/airflow/example_dags/example_task_group.py
[2024-11-18T21:21:10.412+0500] {processor.py:925} INFO - DAG(s) 'example_task_group' retrieved from /home/AtlasRise/airflow/airflow_env/lib/python3.12/site-packages/airflow/example_dags/example_task_group.py
[2024-11-18T21:21:10.439+0500] {logging_mixin.py:190} INFO - [2024-11-18T21:21:10.439+0500] {dag.py:3239} INFO - Sync 1 DAGs
[2024-11-18T21:21:10.460+0500] {logging_mixin.py:190} INFO - [2024-11-18T21:21:10.460+0500] {dag.py:4180} INFO - Setting next_dagrun for example_task_group to None, run_after=None
[2024-11-18T21:21:10.493+0500] {processor.py:208} INFO - Processing /home/AtlasRise/airflow/airflow_env/lib/python3.12/site-packages/airflow/example_dags/example_task_group.py took 0.110 seconds
[2024-11-18T21:22:23.136+0500] {processor.py:186} INFO - Started process (PID=22300) to work on /home/AtlasRise/airflow/airflow_env/lib/python3.12/site-packages/airflow/example_dags/example_task_group.py
[2024-11-18T21:22:23.138+0500] {processor.py:914} INFO - Processing file /home/AtlasRise/airflow/airflow_env/lib/python3.12/site-packages/airflow/example_dags/example_task_group.py for tasks to queue
[2024-11-18T21:22:23.141+0500] {logging_mixin.py:190} INFO - [2024-11-18T21:22:23.141+0500] {dagbag.py:588} INFO - Filling up the DagBag from /home/AtlasRise/airflow/airflow_env/lib/python3.12/site-packages/airflow/example_dags/example_task_group.py
[2024-11-18T21:22:23.155+0500] {processor.py:925} INFO - DAG(s) 'example_task_group' retrieved from /home/AtlasRise/airflow/airflow_env/lib/python3.12/site-packages/airflow/example_dags/example_task_group.py
[2024-11-18T21:22:23.183+0500] {logging_mixin.py:190} INFO - [2024-11-18T21:22:23.183+0500] {dag.py:3239} INFO - Sync 1 DAGs
[2024-11-18T21:22:23.204+0500] {logging_mixin.py:190} INFO - [2024-11-18T21:22:23.203+0500] {dag.py:4180} INFO - Setting next_dagrun for example_task_group to None, run_after=None
[2024-11-18T21:22:23.236+0500] {processor.py:208} INFO - Processing /home/AtlasRise/airflow/airflow_env/lib/python3.12/site-packages/airflow/example_dags/example_task_group.py took 0.108 seconds
