[2024-11-18T20:41:24.987+0500] {processor.py:186} INFO - Started process (PID=18976) to work on /home/AtlasRise/airflow/airflow_env/lib/python3.12/site-packages/airflow/example_dags/example_branch_labels.py
[2024-11-18T20:41:24.988+0500] {processor.py:914} INFO - Processing file /home/AtlasRise/airflow/airflow_env/lib/python3.12/site-packages/airflow/example_dags/example_branch_labels.py for tasks to queue
[2024-11-18T20:41:24.991+0500] {logging_mixin.py:190} INFO - [2024-11-18T20:41:24.991+0500] {dagbag.py:588} INFO - Filling up the DagBag from /home/AtlasRise/airflow/airflow_env/lib/python3.12/site-packages/airflow/example_dags/example_branch_labels.py
[2024-11-18T20:41:25.006+0500] {processor.py:925} INFO - DAG(s) 'example_branch_labels' retrieved from /home/AtlasRise/airflow/airflow_env/lib/python3.12/site-packages/airflow/example_dags/example_branch_labels.py
[2024-11-18T20:41:25.178+0500] {logging_mixin.py:190} INFO - [2024-11-18T20:41:25.177+0500] {override.py:1911} INFO - Created Permission View: can read on DAG:example_branch_labels
[2024-11-18T20:41:25.196+0500] {logging_mixin.py:190} INFO - [2024-11-18T20:41:25.195+0500] {override.py:1911} INFO - Created Permission View: can edit on DAG:example_branch_labels
[2024-11-18T20:41:25.209+0500] {logging_mixin.py:190} INFO - [2024-11-18T20:41:25.209+0500] {override.py:1911} INFO - Created Permission View: can delete on DAG:example_branch_labels
[2024-11-18T20:41:25.243+0500] {logging_mixin.py:190} INFO - [2024-11-18T20:41:25.242+0500] {override.py:1911} INFO - Created Permission View: can read on DAG Run:example_branch_labels
[2024-11-18T20:41:25.257+0500] {logging_mixin.py:190} INFO - [2024-11-18T20:41:25.256+0500] {override.py:1911} INFO - Created Permission View: can create on DAG Run:example_branch_labels
[2024-11-18T20:41:25.275+0500] {logging_mixin.py:190} INFO - [2024-11-18T20:41:25.274+0500] {override.py:1911} INFO - Created Permission View: can delete on DAG Run:example_branch_labels
[2024-11-18T20:41:25.289+0500] {logging_mixin.py:190} INFO - [2024-11-18T20:41:25.289+0500] {override.py:1911} INFO - Created Permission View: menu access on DAG Run:example_branch_labels
[2024-11-18T20:41:25.290+0500] {logging_mixin.py:190} INFO - [2024-11-18T20:41:25.290+0500] {dag.py:3239} INFO - Sync 1 DAGs
[2024-11-18T20:41:25.309+0500] {logging_mixin.py:190} INFO - [2024-11-18T20:41:25.308+0500] {dag.py:3262} INFO - Creating ORM DAG for example_branch_labels
[2024-11-18T20:41:25.323+0500] {logging_mixin.py:190} INFO - [2024-11-18T20:41:25.323+0500] {dag.py:4180} INFO - Setting next_dagrun for example_branch_labels to 2024-11-17 00:00:00+00:00, run_after=2024-11-18 00:00:00+00:00
[2024-11-18T20:41:25.360+0500] {processor.py:208} INFO - Processing /home/AtlasRise/airflow/airflow_env/lib/python3.12/site-packages/airflow/example_dags/example_branch_labels.py took 0.380 seconds
[2024-11-18T20:42:40.602+0500] {processor.py:186} INFO - Started process (PID=19169) to work on /home/AtlasRise/airflow/airflow_env/lib/python3.12/site-packages/airflow/example_dags/example_branch_labels.py
[2024-11-18T20:42:40.603+0500] {processor.py:914} INFO - Processing file /home/AtlasRise/airflow/airflow_env/lib/python3.12/site-packages/airflow/example_dags/example_branch_labels.py for tasks to queue
[2024-11-18T20:42:40.606+0500] {logging_mixin.py:190} INFO - [2024-11-18T20:42:40.605+0500] {dagbag.py:588} INFO - Filling up the DagBag from /home/AtlasRise/airflow/airflow_env/lib/python3.12/site-packages/airflow/example_dags/example_branch_labels.py
[2024-11-18T20:42:40.621+0500] {processor.py:925} INFO - DAG(s) 'example_branch_labels' retrieved from /home/AtlasRise/airflow/airflow_env/lib/python3.12/site-packages/airflow/example_dags/example_branch_labels.py
[2024-11-18T20:42:40.646+0500] {logging_mixin.py:190} INFO - [2024-11-18T20:42:40.645+0500] {dag.py:3239} INFO - Sync 1 DAGs
[2024-11-18T20:42:40.679+0500] {logging_mixin.py:190} INFO - [2024-11-18T20:42:40.678+0500] {dag.py:4180} INFO - Setting next_dagrun for example_branch_labels to 2024-11-17 00:00:00+00:00, run_after=2024-11-18 00:00:00+00:00
[2024-11-18T20:42:40.713+0500] {processor.py:208} INFO - Processing /home/AtlasRise/airflow/airflow_env/lib/python3.12/site-packages/airflow/example_dags/example_branch_labels.py took 0.119 seconds
[2024-11-18T20:43:48.200+0500] {processor.py:186} INFO - Started process (PID=19250) to work on /home/AtlasRise/airflow/airflow_env/lib/python3.12/site-packages/airflow/example_dags/example_branch_labels.py
[2024-11-18T20:43:48.203+0500] {processor.py:914} INFO - Processing file /home/AtlasRise/airflow/airflow_env/lib/python3.12/site-packages/airflow/example_dags/example_branch_labels.py for tasks to queue
[2024-11-18T20:43:48.205+0500] {logging_mixin.py:190} INFO - [2024-11-18T20:43:48.205+0500] {dagbag.py:588} INFO - Filling up the DagBag from /home/AtlasRise/airflow/airflow_env/lib/python3.12/site-packages/airflow/example_dags/example_branch_labels.py
[2024-11-18T20:43:48.220+0500] {processor.py:925} INFO - DAG(s) 'example_branch_labels' retrieved from /home/AtlasRise/airflow/airflow_env/lib/python3.12/site-packages/airflow/example_dags/example_branch_labels.py
[2024-11-18T20:43:48.245+0500] {logging_mixin.py:190} INFO - [2024-11-18T20:43:48.245+0500] {dag.py:3239} INFO - Sync 1 DAGs
[2024-11-18T20:43:48.278+0500] {logging_mixin.py:190} INFO - [2024-11-18T20:43:48.278+0500] {dag.py:4180} INFO - Setting next_dagrun for example_branch_labels to 2024-11-17 00:00:00+00:00, run_after=2024-11-18 00:00:00+00:00
[2024-11-18T20:43:48.310+0500] {processor.py:208} INFO - Processing /home/AtlasRise/airflow/airflow_env/lib/python3.12/site-packages/airflow/example_dags/example_branch_labels.py took 0.119 seconds
[2024-11-18T20:44:53.400+0500] {processor.py:186} INFO - Started process (PID=19319) to work on /home/AtlasRise/airflow/airflow_env/lib/python3.12/site-packages/airflow/example_dags/example_branch_labels.py
[2024-11-18T20:44:53.402+0500] {processor.py:914} INFO - Processing file /home/AtlasRise/airflow/airflow_env/lib/python3.12/site-packages/airflow/example_dags/example_branch_labels.py for tasks to queue
[2024-11-18T20:44:53.405+0500] {logging_mixin.py:190} INFO - [2024-11-18T20:44:53.405+0500] {dagbag.py:588} INFO - Filling up the DagBag from /home/AtlasRise/airflow/airflow_env/lib/python3.12/site-packages/airflow/example_dags/example_branch_labels.py
[2024-11-18T20:44:53.420+0500] {processor.py:925} INFO - DAG(s) 'example_branch_labels' retrieved from /home/AtlasRise/airflow/airflow_env/lib/python3.12/site-packages/airflow/example_dags/example_branch_labels.py
[2024-11-18T20:44:53.445+0500] {logging_mixin.py:190} INFO - [2024-11-18T20:44:53.444+0500] {dag.py:3239} INFO - Sync 1 DAGs
[2024-11-18T20:44:53.479+0500] {logging_mixin.py:190} INFO - [2024-11-18T20:44:53.478+0500] {dag.py:4180} INFO - Setting next_dagrun for example_branch_labels to 2024-11-17 00:00:00+00:00, run_after=2024-11-18 00:00:00+00:00
[2024-11-18T20:44:53.521+0500] {processor.py:208} INFO - Processing /home/AtlasRise/airflow/airflow_env/lib/python3.12/site-packages/airflow/example_dags/example_branch_labels.py took 0.129 seconds
[2024-11-18T20:46:06.962+0500] {processor.py:186} INFO - Started process (PID=19512) to work on /home/AtlasRise/airflow/airflow_env/lib/python3.12/site-packages/airflow/example_dags/example_branch_labels.py
[2024-11-18T20:46:06.964+0500] {processor.py:914} INFO - Processing file /home/AtlasRise/airflow/airflow_env/lib/python3.12/site-packages/airflow/example_dags/example_branch_labels.py for tasks to queue
[2024-11-18T20:46:06.967+0500] {logging_mixin.py:190} INFO - [2024-11-18T20:46:06.967+0500] {dagbag.py:588} INFO - Filling up the DagBag from /home/AtlasRise/airflow/airflow_env/lib/python3.12/site-packages/airflow/example_dags/example_branch_labels.py
[2024-11-18T20:46:07.136+0500] {processor.py:925} INFO - DAG(s) 'example_branch_labels' retrieved from /home/AtlasRise/airflow/airflow_env/lib/python3.12/site-packages/airflow/example_dags/example_branch_labels.py
[2024-11-18T20:46:07.155+0500] {logging_mixin.py:190} INFO - [2024-11-18T20:46:07.155+0500] {dag.py:3239} INFO - Sync 1 DAGs
[2024-11-18T20:46:07.185+0500] {logging_mixin.py:190} INFO - [2024-11-18T20:46:07.185+0500] {dag.py:4180} INFO - Setting next_dagrun for example_branch_labels to 2024-11-17 00:00:00+00:00, run_after=2024-11-18 00:00:00+00:00
[2024-11-18T20:46:07.217+0500] {processor.py:208} INFO - Processing /home/AtlasRise/airflow/airflow_env/lib/python3.12/site-packages/airflow/example_dags/example_branch_labels.py took 0.263 seconds
[2024-11-18T20:47:22.041+0500] {processor.py:186} INFO - Started process (PID=19617) to work on /home/AtlasRise/airflow/airflow_env/lib/python3.12/site-packages/airflow/example_dags/example_branch_labels.py
[2024-11-18T20:47:22.042+0500] {processor.py:914} INFO - Processing file /home/AtlasRise/airflow/airflow_env/lib/python3.12/site-packages/airflow/example_dags/example_branch_labels.py for tasks to queue
[2024-11-18T20:47:22.045+0500] {logging_mixin.py:190} INFO - [2024-11-18T20:47:22.045+0500] {dagbag.py:588} INFO - Filling up the DagBag from /home/AtlasRise/airflow/airflow_env/lib/python3.12/site-packages/airflow/example_dags/example_branch_labels.py
[2024-11-18T20:47:22.061+0500] {processor.py:925} INFO - DAG(s) 'example_branch_labels' retrieved from /home/AtlasRise/airflow/airflow_env/lib/python3.12/site-packages/airflow/example_dags/example_branch_labels.py
[2024-11-18T20:47:22.085+0500] {logging_mixin.py:190} INFO - [2024-11-18T20:47:22.085+0500] {dag.py:3239} INFO - Sync 1 DAGs
[2024-11-18T20:47:22.121+0500] {logging_mixin.py:190} INFO - [2024-11-18T20:47:22.120+0500] {dag.py:4180} INFO - Setting next_dagrun for example_branch_labels to 2024-11-17 00:00:00+00:00, run_after=2024-11-18 00:00:00+00:00
[2024-11-18T20:47:22.154+0500] {processor.py:208} INFO - Processing /home/AtlasRise/airflow/airflow_env/lib/python3.12/site-packages/airflow/example_dags/example_branch_labels.py took 0.121 seconds
[2024-11-18T20:48:27.670+0500] {processor.py:186} INFO - Started process (PID=19768) to work on /home/AtlasRise/airflow/airflow_env/lib/python3.12/site-packages/airflow/example_dags/example_branch_labels.py
[2024-11-18T20:48:27.671+0500] {processor.py:914} INFO - Processing file /home/AtlasRise/airflow/airflow_env/lib/python3.12/site-packages/airflow/example_dags/example_branch_labels.py for tasks to queue
[2024-11-18T20:48:27.674+0500] {logging_mixin.py:190} INFO - [2024-11-18T20:48:27.674+0500] {dagbag.py:588} INFO - Filling up the DagBag from /home/AtlasRise/airflow/airflow_env/lib/python3.12/site-packages/airflow/example_dags/example_branch_labels.py
[2024-11-18T20:48:27.690+0500] {processor.py:925} INFO - DAG(s) 'example_branch_labels' retrieved from /home/AtlasRise/airflow/airflow_env/lib/python3.12/site-packages/airflow/example_dags/example_branch_labels.py
[2024-11-18T20:48:27.715+0500] {logging_mixin.py:190} INFO - [2024-11-18T20:48:27.714+0500] {dag.py:3239} INFO - Sync 1 DAGs
[2024-11-18T20:48:27.749+0500] {logging_mixin.py:190} INFO - [2024-11-18T20:48:27.749+0500] {dag.py:4180} INFO - Setting next_dagrun for example_branch_labels to 2024-11-17 00:00:00+00:00, run_after=2024-11-18 00:00:00+00:00
[2024-11-18T20:48:27.783+0500] {processor.py:208} INFO - Processing /home/AtlasRise/airflow/airflow_env/lib/python3.12/site-packages/airflow/example_dags/example_branch_labels.py took 0.121 seconds
[2024-11-18T20:49:36.935+0500] {processor.py:186} INFO - Started process (PID=19853) to work on /home/AtlasRise/airflow/airflow_env/lib/python3.12/site-packages/airflow/example_dags/example_branch_labels.py
[2024-11-18T20:49:36.941+0500] {processor.py:914} INFO - Processing file /home/AtlasRise/airflow/airflow_env/lib/python3.12/site-packages/airflow/example_dags/example_branch_labels.py for tasks to queue
[2024-11-18T20:49:36.947+0500] {logging_mixin.py:190} INFO - [2024-11-18T20:49:36.943+0500] {dagbag.py:588} INFO - Filling up the DagBag from /home/AtlasRise/airflow/airflow_env/lib/python3.12/site-packages/airflow/example_dags/example_branch_labels.py
[2024-11-18T20:49:36.975+0500] {processor.py:925} INFO - DAG(s) 'example_branch_labels' retrieved from /home/AtlasRise/airflow/airflow_env/lib/python3.12/site-packages/airflow/example_dags/example_branch_labels.py
[2024-11-18T20:49:37.000+0500] {logging_mixin.py:190} INFO - [2024-11-18T20:49:37.000+0500] {dag.py:3239} INFO - Sync 1 DAGs
[2024-11-18T20:49:37.037+0500] {logging_mixin.py:190} INFO - [2024-11-18T20:49:37.036+0500] {dag.py:4180} INFO - Setting next_dagrun for example_branch_labels to 2024-11-17 00:00:00+00:00, run_after=2024-11-18 00:00:00+00:00
[2024-11-18T20:49:37.071+0500] {processor.py:208} INFO - Processing /home/AtlasRise/airflow/airflow_env/lib/python3.12/site-packages/airflow/example_dags/example_branch_labels.py took 0.149 seconds
[2024-11-18T20:50:45.809+0500] {processor.py:186} INFO - Started process (PID=19927) to work on /home/AtlasRise/airflow/airflow_env/lib/python3.12/site-packages/airflow/example_dags/example_branch_labels.py
[2024-11-18T20:50:45.812+0500] {processor.py:914} INFO - Processing file /home/AtlasRise/airflow/airflow_env/lib/python3.12/site-packages/airflow/example_dags/example_branch_labels.py for tasks to queue
[2024-11-18T20:50:45.815+0500] {logging_mixin.py:190} INFO - [2024-11-18T20:50:45.814+0500] {dagbag.py:588} INFO - Filling up the DagBag from /home/AtlasRise/airflow/airflow_env/lib/python3.12/site-packages/airflow/example_dags/example_branch_labels.py
[2024-11-18T20:50:45.830+0500] {processor.py:925} INFO - DAG(s) 'example_branch_labels' retrieved from /home/AtlasRise/airflow/airflow_env/lib/python3.12/site-packages/airflow/example_dags/example_branch_labels.py
[2024-11-18T20:50:45.855+0500] {logging_mixin.py:190} INFO - [2024-11-18T20:50:45.855+0500] {dag.py:3239} INFO - Sync 1 DAGs
[2024-11-18T20:50:45.890+0500] {logging_mixin.py:190} INFO - [2024-11-18T20:50:45.889+0500] {dag.py:4180} INFO - Setting next_dagrun for example_branch_labels to 2024-11-17 00:00:00+00:00, run_after=2024-11-18 00:00:00+00:00
[2024-11-18T20:50:45.922+0500] {processor.py:208} INFO - Processing /home/AtlasRise/airflow/airflow_env/lib/python3.12/site-packages/airflow/example_dags/example_branch_labels.py took 0.121 seconds
[2024-11-18T20:51:57.028+0500] {processor.py:186} INFO - Started process (PID=20013) to work on /home/AtlasRise/airflow/airflow_env/lib/python3.12/site-packages/airflow/example_dags/example_branch_labels.py
[2024-11-18T20:51:57.030+0500] {processor.py:914} INFO - Processing file /home/AtlasRise/airflow/airflow_env/lib/python3.12/site-packages/airflow/example_dags/example_branch_labels.py for tasks to queue
[2024-11-18T20:51:57.033+0500] {logging_mixin.py:190} INFO - [2024-11-18T20:51:57.032+0500] {dagbag.py:588} INFO - Filling up the DagBag from /home/AtlasRise/airflow/airflow_env/lib/python3.12/site-packages/airflow/example_dags/example_branch_labels.py
[2024-11-18T20:51:57.049+0500] {processor.py:925} INFO - DAG(s) 'example_branch_labels' retrieved from /home/AtlasRise/airflow/airflow_env/lib/python3.12/site-packages/airflow/example_dags/example_branch_labels.py
[2024-11-18T20:51:57.076+0500] {logging_mixin.py:190} INFO - [2024-11-18T20:51:57.075+0500] {dag.py:3239} INFO - Sync 1 DAGs
[2024-11-18T20:51:57.112+0500] {logging_mixin.py:190} INFO - [2024-11-18T20:51:57.112+0500] {dag.py:4180} INFO - Setting next_dagrun for example_branch_labels to 2024-11-17 00:00:00+00:00, run_after=2024-11-18 00:00:00+00:00
[2024-11-18T20:51:57.144+0500] {processor.py:208} INFO - Processing /home/AtlasRise/airflow/airflow_env/lib/python3.12/site-packages/airflow/example_dags/example_branch_labels.py took 0.124 seconds
[2024-11-18T20:53:03.621+0500] {processor.py:186} INFO - Started process (PID=20085) to work on /home/AtlasRise/airflow/airflow_env/lib/python3.12/site-packages/airflow/example_dags/example_branch_labels.py
[2024-11-18T20:53:03.634+0500] {processor.py:914} INFO - Processing file /home/AtlasRise/airflow/airflow_env/lib/python3.12/site-packages/airflow/example_dags/example_branch_labels.py for tasks to queue
[2024-11-18T20:53:03.637+0500] {logging_mixin.py:190} INFO - [2024-11-18T20:53:03.637+0500] {dagbag.py:588} INFO - Filling up the DagBag from /home/AtlasRise/airflow/airflow_env/lib/python3.12/site-packages/airflow/example_dags/example_branch_labels.py
[2024-11-18T20:53:03.653+0500] {processor.py:925} INFO - DAG(s) 'example_branch_labels' retrieved from /home/AtlasRise/airflow/airflow_env/lib/python3.12/site-packages/airflow/example_dags/example_branch_labels.py
[2024-11-18T20:53:03.679+0500] {logging_mixin.py:190} INFO - [2024-11-18T20:53:03.679+0500] {dag.py:3239} INFO - Sync 1 DAGs
[2024-11-18T20:53:03.715+0500] {logging_mixin.py:190} INFO - [2024-11-18T20:53:03.714+0500] {dag.py:4180} INFO - Setting next_dagrun for example_branch_labels to 2024-11-17 00:00:00+00:00, run_after=2024-11-18 00:00:00+00:00
[2024-11-18T20:53:03.747+0500] {processor.py:208} INFO - Processing /home/AtlasRise/airflow/airflow_env/lib/python3.12/site-packages/airflow/example_dags/example_branch_labels.py took 0.134 seconds
[2024-11-18T20:54:15.666+0500] {processor.py:186} INFO - Started process (PID=20171) to work on /home/AtlasRise/airflow/airflow_env/lib/python3.12/site-packages/airflow/example_dags/example_branch_labels.py
[2024-11-18T20:54:15.669+0500] {processor.py:914} INFO - Processing file /home/AtlasRise/airflow/airflow_env/lib/python3.12/site-packages/airflow/example_dags/example_branch_labels.py for tasks to queue
[2024-11-18T20:54:15.673+0500] {logging_mixin.py:190} INFO - [2024-11-18T20:54:15.672+0500] {dagbag.py:588} INFO - Filling up the DagBag from /home/AtlasRise/airflow/airflow_env/lib/python3.12/site-packages/airflow/example_dags/example_branch_labels.py
[2024-11-18T20:54:15.690+0500] {processor.py:925} INFO - DAG(s) 'example_branch_labels' retrieved from /home/AtlasRise/airflow/airflow_env/lib/python3.12/site-packages/airflow/example_dags/example_branch_labels.py
[2024-11-18T20:54:15.718+0500] {logging_mixin.py:190} INFO - [2024-11-18T20:54:15.718+0500] {dag.py:3239} INFO - Sync 1 DAGs
[2024-11-18T20:54:15.758+0500] {logging_mixin.py:190} INFO - [2024-11-18T20:54:15.758+0500] {dag.py:4180} INFO - Setting next_dagrun for example_branch_labels to 2024-11-17 00:00:00+00:00, run_after=2024-11-18 00:00:00+00:00
[2024-11-18T20:54:15.795+0500] {processor.py:208} INFO - Processing /home/AtlasRise/airflow/airflow_env/lib/python3.12/site-packages/airflow/example_dags/example_branch_labels.py took 0.138 seconds
[2024-11-18T20:55:41.574+0500] {processor.py:186} INFO - Started process (PID=20261) to work on /home/AtlasRise/airflow/airflow_env/lib/python3.12/site-packages/airflow/example_dags/example_branch_labels.py
[2024-11-18T20:55:41.626+0500] {processor.py:914} INFO - Processing file /home/AtlasRise/airflow/airflow_env/lib/python3.12/site-packages/airflow/example_dags/example_branch_labels.py for tasks to queue
[2024-11-18T20:55:41.629+0500] {logging_mixin.py:190} INFO - [2024-11-18T20:55:41.628+0500] {dagbag.py:588} INFO - Filling up the DagBag from /home/AtlasRise/airflow/airflow_env/lib/python3.12/site-packages/airflow/example_dags/example_branch_labels.py
[2024-11-18T20:55:41.645+0500] {processor.py:925} INFO - DAG(s) 'example_branch_labels' retrieved from /home/AtlasRise/airflow/airflow_env/lib/python3.12/site-packages/airflow/example_dags/example_branch_labels.py
[2024-11-18T20:55:41.670+0500] {logging_mixin.py:190} INFO - [2024-11-18T20:55:41.670+0500] {dag.py:3239} INFO - Sync 1 DAGs
[2024-11-18T20:55:41.705+0500] {logging_mixin.py:190} INFO - [2024-11-18T20:55:41.704+0500] {dag.py:4180} INFO - Setting next_dagrun for example_branch_labels to 2024-11-17 00:00:00+00:00, run_after=2024-11-18 00:00:00+00:00
[2024-11-18T20:55:41.738+0500] {processor.py:208} INFO - Processing /home/AtlasRise/airflow/airflow_env/lib/python3.12/site-packages/airflow/example_dags/example_branch_labels.py took 0.173 seconds
[2024-11-18T20:56:57.173+0500] {processor.py:186} INFO - Started process (PID=20353) to work on /home/AtlasRise/airflow/airflow_env/lib/python3.12/site-packages/airflow/example_dags/example_branch_labels.py
[2024-11-18T20:56:57.175+0500] {processor.py:914} INFO - Processing file /home/AtlasRise/airflow/airflow_env/lib/python3.12/site-packages/airflow/example_dags/example_branch_labels.py for tasks to queue
[2024-11-18T20:56:57.178+0500] {logging_mixin.py:190} INFO - [2024-11-18T20:56:57.178+0500] {dagbag.py:588} INFO - Filling up the DagBag from /home/AtlasRise/airflow/airflow_env/lib/python3.12/site-packages/airflow/example_dags/example_branch_labels.py
[2024-11-18T20:56:57.193+0500] {processor.py:925} INFO - DAG(s) 'example_branch_labels' retrieved from /home/AtlasRise/airflow/airflow_env/lib/python3.12/site-packages/airflow/example_dags/example_branch_labels.py
[2024-11-18T20:56:57.219+0500] {logging_mixin.py:190} INFO - [2024-11-18T20:56:57.219+0500] {dag.py:3239} INFO - Sync 1 DAGs
[2024-11-18T20:56:57.254+0500] {logging_mixin.py:190} INFO - [2024-11-18T20:56:57.254+0500] {dag.py:4180} INFO - Setting next_dagrun for example_branch_labels to 2024-11-17 00:00:00+00:00, run_after=2024-11-18 00:00:00+00:00
[2024-11-18T20:56:57.286+0500] {processor.py:208} INFO - Processing /home/AtlasRise/airflow/airflow_env/lib/python3.12/site-packages/airflow/example_dags/example_branch_labels.py took 0.121 seconds
[2024-11-18T20:58:10.313+0500] {processor.py:186} INFO - Started process (PID=20431) to work on /home/AtlasRise/airflow/airflow_env/lib/python3.12/site-packages/airflow/example_dags/example_branch_labels.py
[2024-11-18T20:58:10.315+0500] {processor.py:914} INFO - Processing file /home/AtlasRise/airflow/airflow_env/lib/python3.12/site-packages/airflow/example_dags/example_branch_labels.py for tasks to queue
[2024-11-18T20:58:10.318+0500] {logging_mixin.py:190} INFO - [2024-11-18T20:58:10.317+0500] {dagbag.py:588} INFO - Filling up the DagBag from /home/AtlasRise/airflow/airflow_env/lib/python3.12/site-packages/airflow/example_dags/example_branch_labels.py
[2024-11-18T20:58:10.333+0500] {processor.py:925} INFO - DAG(s) 'example_branch_labels' retrieved from /home/AtlasRise/airflow/airflow_env/lib/python3.12/site-packages/airflow/example_dags/example_branch_labels.py
[2024-11-18T20:58:10.358+0500] {logging_mixin.py:190} INFO - [2024-11-18T20:58:10.358+0500] {dag.py:3239} INFO - Sync 1 DAGs
[2024-11-18T20:58:10.395+0500] {logging_mixin.py:190} INFO - [2024-11-18T20:58:10.395+0500] {dag.py:4180} INFO - Setting next_dagrun for example_branch_labels to 2024-11-17 00:00:00+00:00, run_after=2024-11-18 00:00:00+00:00
[2024-11-18T20:58:10.442+0500] {processor.py:208} INFO - Processing /home/AtlasRise/airflow/airflow_env/lib/python3.12/site-packages/airflow/example_dags/example_branch_labels.py took 0.138 seconds
[2024-11-18T20:59:18.979+0500] {processor.py:186} INFO - Started process (PID=20513) to work on /home/AtlasRise/airflow/airflow_env/lib/python3.12/site-packages/airflow/example_dags/example_branch_labels.py
[2024-11-18T20:59:18.981+0500] {processor.py:914} INFO - Processing file /home/AtlasRise/airflow/airflow_env/lib/python3.12/site-packages/airflow/example_dags/example_branch_labels.py for tasks to queue
[2024-11-18T20:59:18.984+0500] {logging_mixin.py:190} INFO - [2024-11-18T20:59:18.983+0500] {dagbag.py:588} INFO - Filling up the DagBag from /home/AtlasRise/airflow/airflow_env/lib/python3.12/site-packages/airflow/example_dags/example_branch_labels.py
[2024-11-18T20:59:18.999+0500] {processor.py:925} INFO - DAG(s) 'example_branch_labels' retrieved from /home/AtlasRise/airflow/airflow_env/lib/python3.12/site-packages/airflow/example_dags/example_branch_labels.py
[2024-11-18T20:59:19.024+0500] {logging_mixin.py:190} INFO - [2024-11-18T20:59:19.024+0500] {dag.py:3239} INFO - Sync 1 DAGs
[2024-11-18T20:59:19.059+0500] {logging_mixin.py:190} INFO - [2024-11-18T20:59:19.059+0500] {dag.py:4180} INFO - Setting next_dagrun for example_branch_labels to 2024-11-17 00:00:00+00:00, run_after=2024-11-18 00:00:00+00:00
[2024-11-18T20:59:19.092+0500] {processor.py:208} INFO - Processing /home/AtlasRise/airflow/airflow_env/lib/python3.12/site-packages/airflow/example_dags/example_branch_labels.py took 0.122 seconds
[2024-11-18T21:00:33.385+0500] {processor.py:186} INFO - Started process (PID=20594) to work on /home/AtlasRise/airflow/airflow_env/lib/python3.12/site-packages/airflow/example_dags/example_branch_labels.py
[2024-11-18T21:00:33.388+0500] {processor.py:914} INFO - Processing file /home/AtlasRise/airflow/airflow_env/lib/python3.12/site-packages/airflow/example_dags/example_branch_labels.py for tasks to queue
[2024-11-18T21:00:33.391+0500] {logging_mixin.py:190} INFO - [2024-11-18T21:00:33.390+0500] {dagbag.py:588} INFO - Filling up the DagBag from /home/AtlasRise/airflow/airflow_env/lib/python3.12/site-packages/airflow/example_dags/example_branch_labels.py
[2024-11-18T21:00:33.406+0500] {processor.py:925} INFO - DAG(s) 'example_branch_labels' retrieved from /home/AtlasRise/airflow/airflow_env/lib/python3.12/site-packages/airflow/example_dags/example_branch_labels.py
[2024-11-18T21:00:33.431+0500] {logging_mixin.py:190} INFO - [2024-11-18T21:00:33.431+0500] {dag.py:3239} INFO - Sync 1 DAGs
[2024-11-18T21:00:33.465+0500] {logging_mixin.py:190} INFO - [2024-11-18T21:00:33.465+0500] {dag.py:4180} INFO - Setting next_dagrun for example_branch_labels to 2024-11-17 00:00:00+00:00, run_after=2024-11-18 00:00:00+00:00
[2024-11-18T21:00:33.498+0500] {processor.py:208} INFO - Processing /home/AtlasRise/airflow/airflow_env/lib/python3.12/site-packages/airflow/example_dags/example_branch_labels.py took 0.122 seconds
[2024-11-18T21:01:38.928+0500] {processor.py:186} INFO - Started process (PID=20678) to work on /home/AtlasRise/airflow/airflow_env/lib/python3.12/site-packages/airflow/example_dags/example_branch_labels.py
[2024-11-18T21:01:38.930+0500] {processor.py:914} INFO - Processing file /home/AtlasRise/airflow/airflow_env/lib/python3.12/site-packages/airflow/example_dags/example_branch_labels.py for tasks to queue
[2024-11-18T21:01:38.933+0500] {logging_mixin.py:190} INFO - [2024-11-18T21:01:38.933+0500] {dagbag.py:588} INFO - Filling up the DagBag from /home/AtlasRise/airflow/airflow_env/lib/python3.12/site-packages/airflow/example_dags/example_branch_labels.py
[2024-11-18T21:01:38.949+0500] {processor.py:925} INFO - DAG(s) 'example_branch_labels' retrieved from /home/AtlasRise/airflow/airflow_env/lib/python3.12/site-packages/airflow/example_dags/example_branch_labels.py
[2024-11-18T21:01:38.974+0500] {logging_mixin.py:190} INFO - [2024-11-18T21:01:38.973+0500] {dag.py:3239} INFO - Sync 1 DAGs
[2024-11-18T21:01:39.007+0500] {logging_mixin.py:190} INFO - [2024-11-18T21:01:39.007+0500] {dag.py:4180} INFO - Setting next_dagrun for example_branch_labels to 2024-11-17 00:00:00+00:00, run_after=2024-11-18 00:00:00+00:00
[2024-11-18T21:01:39.041+0500] {processor.py:208} INFO - Processing /home/AtlasRise/airflow/airflow_env/lib/python3.12/site-packages/airflow/example_dags/example_branch_labels.py took 0.122 seconds
[2024-11-18T21:02:51.598+0500] {processor.py:186} INFO - Started process (PID=20747) to work on /home/AtlasRise/airflow/airflow_env/lib/python3.12/site-packages/airflow/example_dags/example_branch_labels.py
[2024-11-18T21:02:51.600+0500] {processor.py:914} INFO - Processing file /home/AtlasRise/airflow/airflow_env/lib/python3.12/site-packages/airflow/example_dags/example_branch_labels.py for tasks to queue
[2024-11-18T21:02:51.603+0500] {logging_mixin.py:190} INFO - [2024-11-18T21:02:51.602+0500] {dagbag.py:588} INFO - Filling up the DagBag from /home/AtlasRise/airflow/airflow_env/lib/python3.12/site-packages/airflow/example_dags/example_branch_labels.py
[2024-11-18T21:02:51.618+0500] {processor.py:925} INFO - DAG(s) 'example_branch_labels' retrieved from /home/AtlasRise/airflow/airflow_env/lib/python3.12/site-packages/airflow/example_dags/example_branch_labels.py
[2024-11-18T21:02:51.643+0500] {logging_mixin.py:190} INFO - [2024-11-18T21:02:51.642+0500] {dag.py:3239} INFO - Sync 1 DAGs
[2024-11-18T21:02:51.677+0500] {logging_mixin.py:190} INFO - [2024-11-18T21:02:51.676+0500] {dag.py:4180} INFO - Setting next_dagrun for example_branch_labels to 2024-11-17 00:00:00+00:00, run_after=2024-11-18 00:00:00+00:00
[2024-11-18T21:02:51.709+0500] {processor.py:208} INFO - Processing /home/AtlasRise/airflow/airflow_env/lib/python3.12/site-packages/airflow/example_dags/example_branch_labels.py took 0.120 seconds
[2024-11-18T21:04:00.296+0500] {processor.py:186} INFO - Started process (PID=20835) to work on /home/AtlasRise/airflow/airflow_env/lib/python3.12/site-packages/airflow/example_dags/example_branch_labels.py
[2024-11-18T21:04:00.299+0500] {processor.py:914} INFO - Processing file /home/AtlasRise/airflow/airflow_env/lib/python3.12/site-packages/airflow/example_dags/example_branch_labels.py for tasks to queue
[2024-11-18T21:04:00.302+0500] {logging_mixin.py:190} INFO - [2024-11-18T21:04:00.301+0500] {dagbag.py:588} INFO - Filling up the DagBag from /home/AtlasRise/airflow/airflow_env/lib/python3.12/site-packages/airflow/example_dags/example_branch_labels.py
[2024-11-18T21:04:00.317+0500] {processor.py:925} INFO - DAG(s) 'example_branch_labels' retrieved from /home/AtlasRise/airflow/airflow_env/lib/python3.12/site-packages/airflow/example_dags/example_branch_labels.py
[2024-11-18T21:04:00.343+0500] {logging_mixin.py:190} INFO - [2024-11-18T21:04:00.342+0500] {dag.py:3239} INFO - Sync 1 DAGs
[2024-11-18T21:04:00.378+0500] {logging_mixin.py:190} INFO - [2024-11-18T21:04:00.378+0500] {dag.py:4180} INFO - Setting next_dagrun for example_branch_labels to 2024-11-17 00:00:00+00:00, run_after=2024-11-18 00:00:00+00:00
[2024-11-18T21:04:00.415+0500] {processor.py:208} INFO - Processing /home/AtlasRise/airflow/airflow_env/lib/python3.12/site-packages/airflow/example_dags/example_branch_labels.py took 0.127 seconds
[2024-11-18T21:05:05.904+0500] {processor.py:186} INFO - Started process (PID=20920) to work on /home/AtlasRise/airflow/airflow_env/lib/python3.12/site-packages/airflow/example_dags/example_branch_labels.py
[2024-11-18T21:05:05.908+0500] {processor.py:914} INFO - Processing file /home/AtlasRise/airflow/airflow_env/lib/python3.12/site-packages/airflow/example_dags/example_branch_labels.py for tasks to queue
[2024-11-18T21:05:05.913+0500] {logging_mixin.py:190} INFO - [2024-11-18T21:05:05.912+0500] {dagbag.py:588} INFO - Filling up the DagBag from /home/AtlasRise/airflow/airflow_env/lib/python3.12/site-packages/airflow/example_dags/example_branch_labels.py
[2024-11-18T21:05:05.930+0500] {processor.py:925} INFO - DAG(s) 'example_branch_labels' retrieved from /home/AtlasRise/airflow/airflow_env/lib/python3.12/site-packages/airflow/example_dags/example_branch_labels.py
[2024-11-18T21:05:05.958+0500] {logging_mixin.py:190} INFO - [2024-11-18T21:05:05.958+0500] {dag.py:3239} INFO - Sync 1 DAGs
[2024-11-18T21:05:06.008+0500] {logging_mixin.py:190} INFO - [2024-11-18T21:05:06.008+0500] {dag.py:4180} INFO - Setting next_dagrun for example_branch_labels to 2024-11-17 00:00:00+00:00, run_after=2024-11-18 00:00:00+00:00
[2024-11-18T21:05:06.050+0500] {processor.py:208} INFO - Processing /home/AtlasRise/airflow/airflow_env/lib/python3.12/site-packages/airflow/example_dags/example_branch_labels.py took 0.172 seconds
[2024-11-18T21:06:12.404+0500] {processor.py:186} INFO - Started process (PID=21004) to work on /home/AtlasRise/airflow/airflow_env/lib/python3.12/site-packages/airflow/example_dags/example_branch_labels.py
[2024-11-18T21:06:12.406+0500] {processor.py:914} INFO - Processing file /home/AtlasRise/airflow/airflow_env/lib/python3.12/site-packages/airflow/example_dags/example_branch_labels.py for tasks to queue
[2024-11-18T21:06:12.409+0500] {logging_mixin.py:190} INFO - [2024-11-18T21:06:12.409+0500] {dagbag.py:588} INFO - Filling up the DagBag from /home/AtlasRise/airflow/airflow_env/lib/python3.12/site-packages/airflow/example_dags/example_branch_labels.py
[2024-11-18T21:06:12.425+0500] {processor.py:925} INFO - DAG(s) 'example_branch_labels' retrieved from /home/AtlasRise/airflow/airflow_env/lib/python3.12/site-packages/airflow/example_dags/example_branch_labels.py
[2024-11-18T21:06:12.449+0500] {logging_mixin.py:190} INFO - [2024-11-18T21:06:12.449+0500] {dag.py:3239} INFO - Sync 1 DAGs
[2024-11-18T21:06:12.483+0500] {logging_mixin.py:190} INFO - [2024-11-18T21:06:12.483+0500] {dag.py:4180} INFO - Setting next_dagrun for example_branch_labels to 2024-11-17 00:00:00+00:00, run_after=2024-11-18 00:00:00+00:00
[2024-11-18T21:06:12.515+0500] {processor.py:208} INFO - Processing /home/AtlasRise/airflow/airflow_env/lib/python3.12/site-packages/airflow/example_dags/example_branch_labels.py took 0.120 seconds
[2024-11-18T21:07:32.597+0500] {processor.py:186} INFO - Started process (PID=21108) to work on /home/AtlasRise/airflow/airflow_env/lib/python3.12/site-packages/airflow/example_dags/example_branch_labels.py
[2024-11-18T21:07:32.601+0500] {processor.py:914} INFO - Processing file /home/AtlasRise/airflow/airflow_env/lib/python3.12/site-packages/airflow/example_dags/example_branch_labels.py for tasks to queue
[2024-11-18T21:07:32.608+0500] {logging_mixin.py:190} INFO - [2024-11-18T21:07:32.607+0500] {dagbag.py:588} INFO - Filling up the DagBag from /home/AtlasRise/airflow/airflow_env/lib/python3.12/site-packages/airflow/example_dags/example_branch_labels.py
[2024-11-18T21:07:32.643+0500] {processor.py:925} INFO - DAG(s) 'example_branch_labels' retrieved from /home/AtlasRise/airflow/airflow_env/lib/python3.12/site-packages/airflow/example_dags/example_branch_labels.py
[2024-11-18T21:07:32.680+0500] {logging_mixin.py:190} INFO - [2024-11-18T21:07:32.680+0500] {dag.py:3239} INFO - Sync 1 DAGs
[2024-11-18T21:07:32.718+0500] {logging_mixin.py:190} INFO - [2024-11-18T21:07:32.718+0500] {dag.py:4180} INFO - Setting next_dagrun for example_branch_labels to 2024-11-17 00:00:00+00:00, run_after=2024-11-18 00:00:00+00:00
[2024-11-18T21:07:32.753+0500] {processor.py:208} INFO - Processing /home/AtlasRise/airflow/airflow_env/lib/python3.12/site-packages/airflow/example_dags/example_branch_labels.py took 0.165 seconds
[2024-11-18T21:08:41.577+0500] {processor.py:186} INFO - Started process (PID=21177) to work on /home/AtlasRise/airflow/airflow_env/lib/python3.12/site-packages/airflow/example_dags/example_branch_labels.py
[2024-11-18T21:08:41.580+0500] {processor.py:914} INFO - Processing file /home/AtlasRise/airflow/airflow_env/lib/python3.12/site-packages/airflow/example_dags/example_branch_labels.py for tasks to queue
[2024-11-18T21:08:41.582+0500] {logging_mixin.py:190} INFO - [2024-11-18T21:08:41.582+0500] {dagbag.py:588} INFO - Filling up the DagBag from /home/AtlasRise/airflow/airflow_env/lib/python3.12/site-packages/airflow/example_dags/example_branch_labels.py
[2024-11-18T21:08:41.598+0500] {processor.py:925} INFO - DAG(s) 'example_branch_labels' retrieved from /home/AtlasRise/airflow/airflow_env/lib/python3.12/site-packages/airflow/example_dags/example_branch_labels.py
[2024-11-18T21:08:41.622+0500] {logging_mixin.py:190} INFO - [2024-11-18T21:08:41.622+0500] {dag.py:3239} INFO - Sync 1 DAGs
[2024-11-18T21:08:41.656+0500] {logging_mixin.py:190} INFO - [2024-11-18T21:08:41.656+0500] {dag.py:4180} INFO - Setting next_dagrun for example_branch_labels to 2024-11-17 00:00:00+00:00, run_after=2024-11-18 00:00:00+00:00
[2024-11-18T21:08:41.692+0500] {processor.py:208} INFO - Processing /home/AtlasRise/airflow/airflow_env/lib/python3.12/site-packages/airflow/example_dags/example_branch_labels.py took 0.123 seconds
[2024-11-18T21:09:48.862+0500] {processor.py:186} INFO - Started process (PID=21277) to work on /home/AtlasRise/airflow/airflow_env/lib/python3.12/site-packages/airflow/example_dags/example_branch_labels.py
[2024-11-18T21:09:48.865+0500] {processor.py:914} INFO - Processing file /home/AtlasRise/airflow/airflow_env/lib/python3.12/site-packages/airflow/example_dags/example_branch_labels.py for tasks to queue
[2024-11-18T21:09:48.869+0500] {logging_mixin.py:190} INFO - [2024-11-18T21:09:48.868+0500] {dagbag.py:588} INFO - Filling up the DagBag from /home/AtlasRise/airflow/airflow_env/lib/python3.12/site-packages/airflow/example_dags/example_branch_labels.py
[2024-11-18T21:09:48.887+0500] {processor.py:925} INFO - DAG(s) 'example_branch_labels' retrieved from /home/AtlasRise/airflow/airflow_env/lib/python3.12/site-packages/airflow/example_dags/example_branch_labels.py
[2024-11-18T21:09:48.917+0500] {logging_mixin.py:190} INFO - [2024-11-18T21:09:48.917+0500] {dag.py:3239} INFO - Sync 1 DAGs
[2024-11-18T21:09:48.978+0500] {logging_mixin.py:190} INFO - [2024-11-18T21:09:48.977+0500] {dag.py:4180} INFO - Setting next_dagrun for example_branch_labels to 2024-11-17 00:00:00+00:00, run_after=2024-11-18 00:00:00+00:00
[2024-11-18T21:09:49.011+0500] {processor.py:208} INFO - Processing /home/AtlasRise/airflow/airflow_env/lib/python3.12/site-packages/airflow/example_dags/example_branch_labels.py took 0.159 seconds
[2024-11-18T21:11:02.305+0500] {processor.py:186} INFO - Started process (PID=21387) to work on /home/AtlasRise/airflow/airflow_env/lib/python3.12/site-packages/airflow/example_dags/example_branch_labels.py
[2024-11-18T21:11:02.306+0500] {processor.py:914} INFO - Processing file /home/AtlasRise/airflow/airflow_env/lib/python3.12/site-packages/airflow/example_dags/example_branch_labels.py for tasks to queue
[2024-11-18T21:11:02.309+0500] {logging_mixin.py:190} INFO - [2024-11-18T21:11:02.308+0500] {dagbag.py:588} INFO - Filling up the DagBag from /home/AtlasRise/airflow/airflow_env/lib/python3.12/site-packages/airflow/example_dags/example_branch_labels.py
[2024-11-18T21:11:02.324+0500] {processor.py:925} INFO - DAG(s) 'example_branch_labels' retrieved from /home/AtlasRise/airflow/airflow_env/lib/python3.12/site-packages/airflow/example_dags/example_branch_labels.py
[2024-11-18T21:11:02.349+0500] {logging_mixin.py:190} INFO - [2024-11-18T21:11:02.348+0500] {dag.py:3239} INFO - Sync 1 DAGs
[2024-11-18T21:11:02.383+0500] {logging_mixin.py:190} INFO - [2024-11-18T21:11:02.383+0500] {dag.py:4180} INFO - Setting next_dagrun for example_branch_labels to 2024-11-17 00:00:00+00:00, run_after=2024-11-18 00:00:00+00:00
[2024-11-18T21:11:02.415+0500] {processor.py:208} INFO - Processing /home/AtlasRise/airflow/airflow_env/lib/python3.12/site-packages/airflow/example_dags/example_branch_labels.py took 0.119 seconds
[2024-11-18T21:12:39.554+0500] {processor.py:186} INFO - Started process (PID=21537) to work on /home/AtlasRise/airflow/airflow_env/lib/python3.12/site-packages/airflow/example_dags/example_branch_labels.py
[2024-11-18T21:12:39.555+0500] {processor.py:914} INFO - Processing file /home/AtlasRise/airflow/airflow_env/lib/python3.12/site-packages/airflow/example_dags/example_branch_labels.py for tasks to queue
[2024-11-18T21:12:39.558+0500] {logging_mixin.py:190} INFO - [2024-11-18T21:12:39.558+0500] {dagbag.py:588} INFO - Filling up the DagBag from /home/AtlasRise/airflow/airflow_env/lib/python3.12/site-packages/airflow/example_dags/example_branch_labels.py
[2024-11-18T21:12:39.574+0500] {processor.py:925} INFO - DAG(s) 'example_branch_labels' retrieved from /home/AtlasRise/airflow/airflow_env/lib/python3.12/site-packages/airflow/example_dags/example_branch_labels.py
[2024-11-18T21:12:39.599+0500] {logging_mixin.py:190} INFO - [2024-11-18T21:12:39.599+0500] {dag.py:3239} INFO - Sync 1 DAGs
[2024-11-18T21:12:39.634+0500] {logging_mixin.py:190} INFO - [2024-11-18T21:12:39.634+0500] {dag.py:4180} INFO - Setting next_dagrun for example_branch_labels to 2024-11-17 00:00:00+00:00, run_after=2024-11-18 00:00:00+00:00
[2024-11-18T21:12:39.668+0500] {processor.py:208} INFO - Processing /home/AtlasRise/airflow/airflow_env/lib/python3.12/site-packages/airflow/example_dags/example_branch_labels.py took 0.124 seconds
[2024-11-18T21:14:18.805+0500] {processor.py:186} INFO - Started process (PID=21647) to work on /home/AtlasRise/airflow/airflow_env/lib/python3.12/site-packages/airflow/example_dags/example_branch_labels.py
[2024-11-18T21:14:18.811+0500] {processor.py:914} INFO - Processing file /home/AtlasRise/airflow/airflow_env/lib/python3.12/site-packages/airflow/example_dags/example_branch_labels.py for tasks to queue
[2024-11-18T21:14:18.815+0500] {logging_mixin.py:190} INFO - [2024-11-18T21:14:18.814+0500] {dagbag.py:588} INFO - Filling up the DagBag from /home/AtlasRise/airflow/airflow_env/lib/python3.12/site-packages/airflow/example_dags/example_branch_labels.py
[2024-11-18T21:14:18.833+0500] {processor.py:925} INFO - DAG(s) 'example_branch_labels' retrieved from /home/AtlasRise/airflow/airflow_env/lib/python3.12/site-packages/airflow/example_dags/example_branch_labels.py
[2024-11-18T21:14:18.860+0500] {logging_mixin.py:190} INFO - [2024-11-18T21:14:18.860+0500] {dag.py:3239} INFO - Sync 1 DAGs
[2024-11-18T21:14:18.900+0500] {logging_mixin.py:190} INFO - [2024-11-18T21:14:18.899+0500] {dag.py:4180} INFO - Setting next_dagrun for example_branch_labels to 2024-11-17 00:00:00+00:00, run_after=2024-11-18 00:00:00+00:00
[2024-11-18T21:14:18.938+0500] {processor.py:208} INFO - Processing /home/AtlasRise/airflow/airflow_env/lib/python3.12/site-packages/airflow/example_dags/example_branch_labels.py took 0.142 seconds
[2024-11-18T21:15:53.097+0500] {processor.py:186} INFO - Started process (PID=21782) to work on /home/AtlasRise/airflow/airflow_env/lib/python3.12/site-packages/airflow/example_dags/example_branch_labels.py
[2024-11-18T21:15:53.099+0500] {processor.py:914} INFO - Processing file /home/AtlasRise/airflow/airflow_env/lib/python3.12/site-packages/airflow/example_dags/example_branch_labels.py for tasks to queue
[2024-11-18T21:15:53.102+0500] {logging_mixin.py:190} INFO - [2024-11-18T21:15:53.102+0500] {dagbag.py:588} INFO - Filling up the DagBag from /home/AtlasRise/airflow/airflow_env/lib/python3.12/site-packages/airflow/example_dags/example_branch_labels.py
[2024-11-18T21:15:53.133+0500] {processor.py:925} INFO - DAG(s) 'example_branch_labels' retrieved from /home/AtlasRise/airflow/airflow_env/lib/python3.12/site-packages/airflow/example_dags/example_branch_labels.py
[2024-11-18T21:15:53.159+0500] {logging_mixin.py:190} INFO - [2024-11-18T21:15:53.159+0500] {dag.py:3239} INFO - Sync 1 DAGs
[2024-11-18T21:15:53.196+0500] {logging_mixin.py:190} INFO - [2024-11-18T21:15:53.195+0500] {dag.py:4180} INFO - Setting next_dagrun for example_branch_labels to 2024-11-17 00:00:00+00:00, run_after=2024-11-18 00:00:00+00:00
[2024-11-18T21:15:53.230+0500] {processor.py:208} INFO - Processing /home/AtlasRise/airflow/airflow_env/lib/python3.12/site-packages/airflow/example_dags/example_branch_labels.py took 0.142 seconds
[2024-11-18T21:17:43.746+0500] {processor.py:186} INFO - Started process (PID=21941) to work on /home/AtlasRise/airflow/airflow_env/lib/python3.12/site-packages/airflow/example_dags/example_branch_labels.py
[2024-11-18T21:17:43.748+0500] {processor.py:914} INFO - Processing file /home/AtlasRise/airflow/airflow_env/lib/python3.12/site-packages/airflow/example_dags/example_branch_labels.py for tasks to queue
[2024-11-18T21:17:43.751+0500] {logging_mixin.py:190} INFO - [2024-11-18T21:17:43.750+0500] {dagbag.py:588} INFO - Filling up the DagBag from /home/AtlasRise/airflow/airflow_env/lib/python3.12/site-packages/airflow/example_dags/example_branch_labels.py
[2024-11-18T21:17:43.766+0500] {processor.py:925} INFO - DAG(s) 'example_branch_labels' retrieved from /home/AtlasRise/airflow/airflow_env/lib/python3.12/site-packages/airflow/example_dags/example_branch_labels.py
[2024-11-18T21:17:43.791+0500] {logging_mixin.py:190} INFO - [2024-11-18T21:17:43.790+0500] {dag.py:3239} INFO - Sync 1 DAGs
[2024-11-18T21:17:43.826+0500] {logging_mixin.py:190} INFO - [2024-11-18T21:17:43.825+0500] {dag.py:4180} INFO - Setting next_dagrun for example_branch_labels to 2024-11-17 00:00:00+00:00, run_after=2024-11-18 00:00:00+00:00
[2024-11-18T21:17:43.857+0500] {processor.py:208} INFO - Processing /home/AtlasRise/airflow/airflow_env/lib/python3.12/site-packages/airflow/example_dags/example_branch_labels.py took 0.119 seconds
[2024-11-18T21:19:34.911+0500] {processor.py:186} INFO - Started process (PID=22101) to work on /home/AtlasRise/airflow/airflow_env/lib/python3.12/site-packages/airflow/example_dags/example_branch_labels.py
[2024-11-18T21:19:34.913+0500] {processor.py:914} INFO - Processing file /home/AtlasRise/airflow/airflow_env/lib/python3.12/site-packages/airflow/example_dags/example_branch_labels.py for tasks to queue
[2024-11-18T21:19:34.916+0500] {logging_mixin.py:190} INFO - [2024-11-18T21:19:34.915+0500] {dagbag.py:588} INFO - Filling up the DagBag from /home/AtlasRise/airflow/airflow_env/lib/python3.12/site-packages/airflow/example_dags/example_branch_labels.py
[2024-11-18T21:19:34.931+0500] {processor.py:925} INFO - DAG(s) 'example_branch_labels' retrieved from /home/AtlasRise/airflow/airflow_env/lib/python3.12/site-packages/airflow/example_dags/example_branch_labels.py
[2024-11-18T21:19:34.957+0500] {logging_mixin.py:190} INFO - [2024-11-18T21:19:34.956+0500] {dag.py:3239} INFO - Sync 1 DAGs
[2024-11-18T21:19:34.992+0500] {logging_mixin.py:190} INFO - [2024-11-18T21:19:34.992+0500] {dag.py:4180} INFO - Setting next_dagrun for example_branch_labels to 2024-11-17 00:00:00+00:00, run_after=2024-11-18 00:00:00+00:00
[2024-11-18T21:19:35.024+0500] {processor.py:208} INFO - Processing /home/AtlasRise/airflow/airflow_env/lib/python3.12/site-packages/airflow/example_dags/example_branch_labels.py took 0.121 seconds
[2024-11-18T21:20:52.174+0500] {processor.py:186} INFO - Started process (PID=22190) to work on /home/AtlasRise/airflow/airflow_env/lib/python3.12/site-packages/airflow/example_dags/example_branch_labels.py
[2024-11-18T21:20:52.175+0500] {processor.py:914} INFO - Processing file /home/AtlasRise/airflow/airflow_env/lib/python3.12/site-packages/airflow/example_dags/example_branch_labels.py for tasks to queue
[2024-11-18T21:20:52.178+0500] {logging_mixin.py:190} INFO - [2024-11-18T21:20:52.178+0500] {dagbag.py:588} INFO - Filling up the DagBag from /home/AtlasRise/airflow/airflow_env/lib/python3.12/site-packages/airflow/example_dags/example_branch_labels.py
[2024-11-18T21:20:52.193+0500] {processor.py:925} INFO - DAG(s) 'example_branch_labels' retrieved from /home/AtlasRise/airflow/airflow_env/lib/python3.12/site-packages/airflow/example_dags/example_branch_labels.py
[2024-11-18T21:20:52.219+0500] {logging_mixin.py:190} INFO - [2024-11-18T21:20:52.219+0500] {dag.py:3239} INFO - Sync 1 DAGs
[2024-11-18T21:20:52.255+0500] {logging_mixin.py:190} INFO - [2024-11-18T21:20:52.255+0500] {dag.py:4180} INFO - Setting next_dagrun for example_branch_labels to 2024-11-17 00:00:00+00:00, run_after=2024-11-18 00:00:00+00:00
[2024-11-18T21:20:52.286+0500] {processor.py:208} INFO - Processing /home/AtlasRise/airflow/airflow_env/lib/python3.12/site-packages/airflow/example_dags/example_branch_labels.py took 0.121 seconds
[2024-11-18T21:22:05.176+0500] {processor.py:186} INFO - Started process (PID=22284) to work on /home/AtlasRise/airflow/airflow_env/lib/python3.12/site-packages/airflow/example_dags/example_branch_labels.py
[2024-11-18T21:22:05.178+0500] {processor.py:914} INFO - Processing file /home/AtlasRise/airflow/airflow_env/lib/python3.12/site-packages/airflow/example_dags/example_branch_labels.py for tasks to queue
[2024-11-18T21:22:05.181+0500] {logging_mixin.py:190} INFO - [2024-11-18T21:22:05.180+0500] {dagbag.py:588} INFO - Filling up the DagBag from /home/AtlasRise/airflow/airflow_env/lib/python3.12/site-packages/airflow/example_dags/example_branch_labels.py
[2024-11-18T21:22:05.196+0500] {processor.py:925} INFO - DAG(s) 'example_branch_labels' retrieved from /home/AtlasRise/airflow/airflow_env/lib/python3.12/site-packages/airflow/example_dags/example_branch_labels.py
[2024-11-18T21:22:05.222+0500] {logging_mixin.py:190} INFO - [2024-11-18T21:22:05.221+0500] {dag.py:3239} INFO - Sync 1 DAGs
[2024-11-18T21:22:05.259+0500] {logging_mixin.py:190} INFO - [2024-11-18T21:22:05.259+0500] {dag.py:4180} INFO - Setting next_dagrun for example_branch_labels to 2024-11-17 00:00:00+00:00, run_after=2024-11-18 00:00:00+00:00
[2024-11-18T21:22:05.291+0500] {processor.py:208} INFO - Processing /home/AtlasRise/airflow/airflow_env/lib/python3.12/site-packages/airflow/example_dags/example_branch_labels.py took 0.123 seconds
