[2024-11-18T20:40:51.245+0500] {processor.py:186} INFO - Started process (PID=18940) to work on /home/AtlasRise/airflow/airflow_env/lib/python3.12/site-packages/airflow/example_dags/example_subdag_operator.py
[2024-11-18T20:40:51.248+0500] {processor.py:914} INFO - Processing file /home/AtlasRise/airflow/airflow_env/lib/python3.12/site-packages/airflow/example_dags/example_subdag_operator.py for tasks to queue
[2024-11-18T20:40:51.255+0500] {logging_mixin.py:190} INFO - [2024-11-18T20:40:51.250+0500] {dagbag.py:588} INFO - Filling up the DagBag from /home/AtlasRise/airflow/airflow_env/lib/python3.12/site-packages/airflow/example_dags/example_subdag_operator.py
[2024-11-18T20:40:51.305+0500] {processor.py:925} INFO - DAG(s) 'example_subdag_operator.section-1', 'example_subdag_operator.section-2', 'example_subdag_operator' retrieved from /home/AtlasRise/airflow/airflow_env/lib/python3.12/site-packages/airflow/example_dags/example_subdag_operator.py
[2024-11-18T20:40:51.503+0500] {logging_mixin.py:190} INFO - [2024-11-18T20:40:51.502+0500] {override.py:1911} INFO - Created Permission View: can read on DAG:example_subdag_operator
[2024-11-18T20:40:51.526+0500] {logging_mixin.py:190} INFO - [2024-11-18T20:40:51.525+0500] {override.py:1911} INFO - Created Permission View: can edit on DAG:example_subdag_operator
[2024-11-18T20:40:51.544+0500] {logging_mixin.py:190} INFO - [2024-11-18T20:40:51.544+0500] {override.py:1911} INFO - Created Permission View: can delete on DAG:example_subdag_operator
[2024-11-18T20:40:51.569+0500] {logging_mixin.py:190} INFO - [2024-11-18T20:40:51.569+0500] {override.py:1911} INFO - Created Permission View: can read on DAG Run:example_subdag_operator
[2024-11-18T20:40:51.595+0500] {logging_mixin.py:190} INFO - [2024-11-18T20:40:51.594+0500] {override.py:1911} INFO - Created Permission View: can create on DAG Run:example_subdag_operator
[2024-11-18T20:40:51.627+0500] {logging_mixin.py:190} INFO - [2024-11-18T20:40:51.625+0500] {override.py:1911} INFO - Created Permission View: can delete on DAG Run:example_subdag_operator
[2024-11-18T20:40:51.643+0500] {logging_mixin.py:190} INFO - [2024-11-18T20:40:51.642+0500] {override.py:1911} INFO - Created Permission View: menu access on DAG Run:example_subdag_operator
[2024-11-18T20:40:51.643+0500] {logging_mixin.py:190} INFO - [2024-11-18T20:40:51.643+0500] {dag.py:3239} INFO - Sync 3 DAGs
[2024-11-18T20:40:51.664+0500] {logging_mixin.py:190} INFO - [2024-11-18T20:40:51.663+0500] {dag.py:3262} INFO - Creating ORM DAG for example_subdag_operator.section-2
[2024-11-18T20:40:51.665+0500] {logging_mixin.py:190} INFO - [2024-11-18T20:40:51.664+0500] {dag.py:3262} INFO - Creating ORM DAG for example_subdag_operator
[2024-11-18T20:40:51.665+0500] {logging_mixin.py:190} INFO - [2024-11-18T20:40:51.665+0500] {dag.py:3262} INFO - Creating ORM DAG for example_subdag_operator.section-1
[2024-11-18T20:40:51.681+0500] {logging_mixin.py:190} INFO - [2024-11-18T20:40:51.681+0500] {dag.py:4180} INFO - Setting next_dagrun for example_subdag_operator to 2022-01-01 00:00:00+00:00, run_after=2022-01-01 00:00:00+00:00
[2024-11-18T20:40:51.682+0500] {logging_mixin.py:190} INFO - [2024-11-18T20:40:51.682+0500] {dag.py:4180} INFO - Setting next_dagrun for example_subdag_operator.section-1 to None, run_after=None
[2024-11-18T20:40:51.683+0500] {logging_mixin.py:190} INFO - [2024-11-18T20:40:51.682+0500] {dag.py:4180} INFO - Setting next_dagrun for example_subdag_operator.section-2 to None, run_after=None
[2024-11-18T20:40:51.694+0500] {logging_mixin.py:190} INFO - [2024-11-18T20:40:51.693+0500] {dag.py:3239} INFO - Sync 2 DAGs
[2024-11-18T20:40:51.701+0500] {logging_mixin.py:190} INFO - [2024-11-18T20:40:51.701+0500] {dag.py:4180} INFO - Setting next_dagrun for example_subdag_operator.section-1 to None, run_after=None
[2024-11-18T20:40:51.706+0500] {logging_mixin.py:190} INFO - [2024-11-18T20:40:51.705+0500] {dag.py:4180} INFO - Setting next_dagrun for example_subdag_operator.section-2 to None, run_after=None
[2024-11-18T20:40:51.738+0500] {processor.py:208} INFO - Processing /home/AtlasRise/airflow/airflow_env/lib/python3.12/site-packages/airflow/example_dags/example_subdag_operator.py took 0.503 seconds
[2024-11-18T20:42:01.608+0500] {processor.py:186} INFO - Started process (PID=19129) to work on /home/AtlasRise/airflow/airflow_env/lib/python3.12/site-packages/airflow/example_dags/example_subdag_operator.py
[2024-11-18T20:42:01.612+0500] {processor.py:914} INFO - Processing file /home/AtlasRise/airflow/airflow_env/lib/python3.12/site-packages/airflow/example_dags/example_subdag_operator.py for tasks to queue
[2024-11-18T20:42:01.628+0500] {logging_mixin.py:190} INFO - [2024-11-18T20:42:01.626+0500] {dagbag.py:588} INFO - Filling up the DagBag from /home/AtlasRise/airflow/airflow_env/lib/python3.12/site-packages/airflow/example_dags/example_subdag_operator.py
[2024-11-18T20:42:01.709+0500] {processor.py:925} INFO - DAG(s) 'example_subdag_operator.section-1', 'example_subdag_operator.section-2', 'example_subdag_operator' retrieved from /home/AtlasRise/airflow/airflow_env/lib/python3.12/site-packages/airflow/example_dags/example_subdag_operator.py
[2024-11-18T20:42:01.757+0500] {logging_mixin.py:190} INFO - [2024-11-18T20:42:01.756+0500] {dag.py:3239} INFO - Sync 3 DAGs
[2024-11-18T20:42:01.876+0500] {logging_mixin.py:190} INFO - [2024-11-18T20:42:01.875+0500] {dag.py:4180} INFO - Setting next_dagrun for example_subdag_operator to 2022-01-01 00:00:00+00:00, run_after=2022-01-01 00:00:00+00:00
[2024-11-18T20:42:01.896+0500] {logging_mixin.py:190} INFO - [2024-11-18T20:42:01.895+0500] {dag.py:4180} INFO - Setting next_dagrun for example_subdag_operator.section-1 to None, run_after=None
[2024-11-18T20:42:01.898+0500] {logging_mixin.py:190} INFO - [2024-11-18T20:42:01.898+0500] {dag.py:4180} INFO - Setting next_dagrun for example_subdag_operator.section-2 to None, run_after=None
[2024-11-18T20:42:01.931+0500] {logging_mixin.py:190} INFO - [2024-11-18T20:42:01.931+0500] {dag.py:3239} INFO - Sync 2 DAGs
[2024-11-18T20:42:01.951+0500] {logging_mixin.py:190} INFO - [2024-11-18T20:42:01.951+0500] {dag.py:4180} INFO - Setting next_dagrun for example_subdag_operator.section-1 to None, run_after=None
[2024-11-18T20:42:01.952+0500] {logging_mixin.py:190} INFO - [2024-11-18T20:42:01.952+0500] {dag.py:4180} INFO - Setting next_dagrun for example_subdag_operator.section-2 to None, run_after=None
[2024-11-18T20:42:02.003+0500] {processor.py:208} INFO - Processing /home/AtlasRise/airflow/airflow_env/lib/python3.12/site-packages/airflow/example_dags/example_subdag_operator.py took 0.415 seconds
[2024-11-18T20:43:12.622+0500] {processor.py:186} INFO - Started process (PID=19199) to work on /home/AtlasRise/airflow/airflow_env/lib/python3.12/site-packages/airflow/example_dags/example_subdag_operator.py
[2024-11-18T20:43:12.624+0500] {processor.py:914} INFO - Processing file /home/AtlasRise/airflow/airflow_env/lib/python3.12/site-packages/airflow/example_dags/example_subdag_operator.py for tasks to queue
[2024-11-18T20:43:12.627+0500] {logging_mixin.py:190} INFO - [2024-11-18T20:43:12.627+0500] {dagbag.py:588} INFO - Filling up the DagBag from /home/AtlasRise/airflow/airflow_env/lib/python3.12/site-packages/airflow/example_dags/example_subdag_operator.py
[2024-11-18T20:43:12.662+0500] {processor.py:925} INFO - DAG(s) 'example_subdag_operator.section-1', 'example_subdag_operator.section-2', 'example_subdag_operator' retrieved from /home/AtlasRise/airflow/airflow_env/lib/python3.12/site-packages/airflow/example_dags/example_subdag_operator.py
[2024-11-18T20:43:12.686+0500] {logging_mixin.py:190} INFO - [2024-11-18T20:43:12.686+0500] {dag.py:3239} INFO - Sync 3 DAGs
[2024-11-18T20:43:12.718+0500] {logging_mixin.py:190} INFO - [2024-11-18T20:43:12.718+0500] {dag.py:4180} INFO - Setting next_dagrun for example_subdag_operator to 2022-01-01 00:00:00+00:00, run_after=2022-01-01 00:00:00+00:00
[2024-11-18T20:43:12.724+0500] {logging_mixin.py:190} INFO - [2024-11-18T20:43:12.724+0500] {dag.py:4180} INFO - Setting next_dagrun for example_subdag_operator.section-1 to None, run_after=None
[2024-11-18T20:43:12.726+0500] {logging_mixin.py:190} INFO - [2024-11-18T20:43:12.726+0500] {dag.py:4180} INFO - Setting next_dagrun for example_subdag_operator.section-2 to None, run_after=None
[2024-11-18T20:43:12.737+0500] {logging_mixin.py:190} INFO - [2024-11-18T20:43:12.735+0500] {dag.py:3239} INFO - Sync 2 DAGs
[2024-11-18T20:43:12.745+0500] {logging_mixin.py:190} INFO - [2024-11-18T20:43:12.745+0500] {dag.py:4180} INFO - Setting next_dagrun for example_subdag_operator.section-1 to None, run_after=None
[2024-11-18T20:43:12.746+0500] {logging_mixin.py:190} INFO - [2024-11-18T20:43:12.746+0500] {dag.py:4180} INFO - Setting next_dagrun for example_subdag_operator.section-2 to None, run_after=None
[2024-11-18T20:43:12.766+0500] {processor.py:208} INFO - Processing /home/AtlasRise/airflow/airflow_env/lib/python3.12/site-packages/airflow/example_dags/example_subdag_operator.py took 0.152 seconds
[2024-11-18T20:44:18.684+0500] {processor.py:186} INFO - Started process (PID=19282) to work on /home/AtlasRise/airflow/airflow_env/lib/python3.12/site-packages/airflow/example_dags/example_subdag_operator.py
[2024-11-18T20:44:18.686+0500] {processor.py:914} INFO - Processing file /home/AtlasRise/airflow/airflow_env/lib/python3.12/site-packages/airflow/example_dags/example_subdag_operator.py for tasks to queue
[2024-11-18T20:44:18.689+0500] {logging_mixin.py:190} INFO - [2024-11-18T20:44:18.689+0500] {dagbag.py:588} INFO - Filling up the DagBag from /home/AtlasRise/airflow/airflow_env/lib/python3.12/site-packages/airflow/example_dags/example_subdag_operator.py
[2024-11-18T20:44:18.723+0500] {processor.py:925} INFO - DAG(s) 'example_subdag_operator.section-1', 'example_subdag_operator.section-2', 'example_subdag_operator' retrieved from /home/AtlasRise/airflow/airflow_env/lib/python3.12/site-packages/airflow/example_dags/example_subdag_operator.py
[2024-11-18T20:44:18.746+0500] {logging_mixin.py:190} INFO - [2024-11-18T20:44:18.746+0500] {dag.py:3239} INFO - Sync 3 DAGs
[2024-11-18T20:44:18.779+0500] {logging_mixin.py:190} INFO - [2024-11-18T20:44:18.778+0500] {dag.py:4180} INFO - Setting next_dagrun for example_subdag_operator to 2022-01-01 00:00:00+00:00, run_after=2022-01-01 00:00:00+00:00
[2024-11-18T20:44:18.784+0500] {logging_mixin.py:190} INFO - [2024-11-18T20:44:18.783+0500] {dag.py:4180} INFO - Setting next_dagrun for example_subdag_operator.section-1 to None, run_after=None
[2024-11-18T20:44:18.785+0500] {logging_mixin.py:190} INFO - [2024-11-18T20:44:18.785+0500] {dag.py:4180} INFO - Setting next_dagrun for example_subdag_operator.section-2 to None, run_after=None
[2024-11-18T20:44:18.794+0500] {logging_mixin.py:190} INFO - [2024-11-18T20:44:18.794+0500] {dag.py:3239} INFO - Sync 2 DAGs
[2024-11-18T20:44:18.801+0500] {logging_mixin.py:190} INFO - [2024-11-18T20:44:18.800+0500] {dag.py:4180} INFO - Setting next_dagrun for example_subdag_operator.section-1 to None, run_after=None
[2024-11-18T20:44:18.801+0500] {logging_mixin.py:190} INFO - [2024-11-18T20:44:18.801+0500] {dag.py:4180} INFO - Setting next_dagrun for example_subdag_operator.section-2 to None, run_after=None
[2024-11-18T20:44:18.821+0500] {processor.py:208} INFO - Processing /home/AtlasRise/airflow/airflow_env/lib/python3.12/site-packages/airflow/example_dags/example_subdag_operator.py took 0.146 seconds
[2024-11-18T20:45:24.341+0500] {processor.py:186} INFO - Started process (PID=19467) to work on /home/AtlasRise/airflow/airflow_env/lib/python3.12/site-packages/airflow/example_dags/example_subdag_operator.py
[2024-11-18T20:45:24.342+0500] {processor.py:914} INFO - Processing file /home/AtlasRise/airflow/airflow_env/lib/python3.12/site-packages/airflow/example_dags/example_subdag_operator.py for tasks to queue
[2024-11-18T20:45:24.345+0500] {logging_mixin.py:190} INFO - [2024-11-18T20:45:24.344+0500] {dagbag.py:588} INFO - Filling up the DagBag from /home/AtlasRise/airflow/airflow_env/lib/python3.12/site-packages/airflow/example_dags/example_subdag_operator.py
[2024-11-18T20:45:24.380+0500] {processor.py:925} INFO - DAG(s) 'example_subdag_operator.section-1', 'example_subdag_operator.section-2', 'example_subdag_operator' retrieved from /home/AtlasRise/airflow/airflow_env/lib/python3.12/site-packages/airflow/example_dags/example_subdag_operator.py
[2024-11-18T20:45:24.405+0500] {logging_mixin.py:190} INFO - [2024-11-18T20:45:24.404+0500] {dag.py:3239} INFO - Sync 3 DAGs
[2024-11-18T20:45:24.439+0500] {logging_mixin.py:190} INFO - [2024-11-18T20:45:24.438+0500] {dag.py:4180} INFO - Setting next_dagrun for example_subdag_operator to 2022-01-01 00:00:00+00:00, run_after=2022-01-01 00:00:00+00:00
[2024-11-18T20:45:24.444+0500] {logging_mixin.py:190} INFO - [2024-11-18T20:45:24.444+0500] {dag.py:4180} INFO - Setting next_dagrun for example_subdag_operator.section-1 to None, run_after=None
[2024-11-18T20:45:24.604+0500] {logging_mixin.py:190} INFO - [2024-11-18T20:45:24.603+0500] {dag.py:4180} INFO - Setting next_dagrun for example_subdag_operator.section-2 to None, run_after=None
[2024-11-18T20:45:24.614+0500] {logging_mixin.py:190} INFO - [2024-11-18T20:45:24.613+0500] {dag.py:3239} INFO - Sync 2 DAGs
[2024-11-18T20:45:24.621+0500] {logging_mixin.py:190} INFO - [2024-11-18T20:45:24.621+0500] {dag.py:4180} INFO - Setting next_dagrun for example_subdag_operator.section-1 to None, run_after=None
[2024-11-18T20:45:24.622+0500] {logging_mixin.py:190} INFO - [2024-11-18T20:45:24.622+0500] {dag.py:4180} INFO - Setting next_dagrun for example_subdag_operator.section-2 to None, run_after=None
[2024-11-18T20:45:24.644+0500] {processor.py:208} INFO - Processing /home/AtlasRise/airflow/airflow_env/lib/python3.12/site-packages/airflow/example_dags/example_subdag_operator.py took 0.312 seconds
[2024-11-18T20:46:44.300+0500] {processor.py:186} INFO - Started process (PID=19567) to work on /home/AtlasRise/airflow/airflow_env/lib/python3.12/site-packages/airflow/example_dags/example_subdag_operator.py
[2024-11-18T20:46:44.302+0500] {processor.py:914} INFO - Processing file /home/AtlasRise/airflow/airflow_env/lib/python3.12/site-packages/airflow/example_dags/example_subdag_operator.py for tasks to queue
[2024-11-18T20:46:44.305+0500] {logging_mixin.py:190} INFO - [2024-11-18T20:46:44.304+0500] {dagbag.py:588} INFO - Filling up the DagBag from /home/AtlasRise/airflow/airflow_env/lib/python3.12/site-packages/airflow/example_dags/example_subdag_operator.py
[2024-11-18T20:46:44.339+0500] {processor.py:925} INFO - DAG(s) 'example_subdag_operator.section-1', 'example_subdag_operator.section-2', 'example_subdag_operator' retrieved from /home/AtlasRise/airflow/airflow_env/lib/python3.12/site-packages/airflow/example_dags/example_subdag_operator.py
[2024-11-18T20:46:44.366+0500] {logging_mixin.py:190} INFO - [2024-11-18T20:46:44.365+0500] {dag.py:3239} INFO - Sync 3 DAGs
[2024-11-18T20:46:44.401+0500] {logging_mixin.py:190} INFO - [2024-11-18T20:46:44.401+0500] {dag.py:4180} INFO - Setting next_dagrun for example_subdag_operator to 2022-01-01 00:00:00+00:00, run_after=2022-01-01 00:00:00+00:00
[2024-11-18T20:46:44.407+0500] {logging_mixin.py:190} INFO - [2024-11-18T20:46:44.407+0500] {dag.py:4180} INFO - Setting next_dagrun for example_subdag_operator.section-1 to None, run_after=None
[2024-11-18T20:46:44.409+0500] {logging_mixin.py:190} INFO - [2024-11-18T20:46:44.409+0500] {dag.py:4180} INFO - Setting next_dagrun for example_subdag_operator.section-2 to None, run_after=None
[2024-11-18T20:46:44.420+0500] {logging_mixin.py:190} INFO - [2024-11-18T20:46:44.419+0500] {dag.py:3239} INFO - Sync 2 DAGs
[2024-11-18T20:46:44.426+0500] {logging_mixin.py:190} INFO - [2024-11-18T20:46:44.426+0500] {dag.py:4180} INFO - Setting next_dagrun for example_subdag_operator.section-1 to None, run_after=None
[2024-11-18T20:46:44.427+0500] {logging_mixin.py:190} INFO - [2024-11-18T20:46:44.427+0500] {dag.py:4180} INFO - Setting next_dagrun for example_subdag_operator.section-2 to None, run_after=None
[2024-11-18T20:46:44.450+0500] {processor.py:208} INFO - Processing /home/AtlasRise/airflow/airflow_env/lib/python3.12/site-packages/airflow/example_dags/example_subdag_operator.py took 0.158 seconds
[2024-11-18T20:47:53.847+0500] {processor.py:186} INFO - Started process (PID=19729) to work on /home/AtlasRise/airflow/airflow_env/lib/python3.12/site-packages/airflow/example_dags/example_subdag_operator.py
[2024-11-18T20:47:53.849+0500] {processor.py:914} INFO - Processing file /home/AtlasRise/airflow/airflow_env/lib/python3.12/site-packages/airflow/example_dags/example_subdag_operator.py for tasks to queue
[2024-11-18T20:47:53.852+0500] {logging_mixin.py:190} INFO - [2024-11-18T20:47:53.852+0500] {dagbag.py:588} INFO - Filling up the DagBag from /home/AtlasRise/airflow/airflow_env/lib/python3.12/site-packages/airflow/example_dags/example_subdag_operator.py
[2024-11-18T20:47:53.888+0500] {processor.py:925} INFO - DAG(s) 'example_subdag_operator.section-1', 'example_subdag_operator.section-2', 'example_subdag_operator' retrieved from /home/AtlasRise/airflow/airflow_env/lib/python3.12/site-packages/airflow/example_dags/example_subdag_operator.py
[2024-11-18T20:47:53.913+0500] {logging_mixin.py:190} INFO - [2024-11-18T20:47:53.912+0500] {dag.py:3239} INFO - Sync 3 DAGs
[2024-11-18T20:47:53.948+0500] {logging_mixin.py:190} INFO - [2024-11-18T20:47:53.947+0500] {dag.py:4180} INFO - Setting next_dagrun for example_subdag_operator to 2022-01-01 00:00:00+00:00, run_after=2022-01-01 00:00:00+00:00
[2024-11-18T20:47:53.953+0500] {logging_mixin.py:190} INFO - [2024-11-18T20:47:53.953+0500] {dag.py:4180} INFO - Setting next_dagrun for example_subdag_operator.section-1 to None, run_after=None
[2024-11-18T20:47:53.955+0500] {logging_mixin.py:190} INFO - [2024-11-18T20:47:53.954+0500] {dag.py:4180} INFO - Setting next_dagrun for example_subdag_operator.section-2 to None, run_after=None
[2024-11-18T20:47:53.964+0500] {logging_mixin.py:190} INFO - [2024-11-18T20:47:53.963+0500] {dag.py:3239} INFO - Sync 2 DAGs
[2024-11-18T20:47:53.970+0500] {logging_mixin.py:190} INFO - [2024-11-18T20:47:53.970+0500] {dag.py:4180} INFO - Setting next_dagrun for example_subdag_operator.section-1 to None, run_after=None
[2024-11-18T20:47:53.971+0500] {logging_mixin.py:190} INFO - [2024-11-18T20:47:53.971+0500] {dag.py:4180} INFO - Setting next_dagrun for example_subdag_operator.section-2 to None, run_after=None
[2024-11-18T20:47:53.991+0500] {processor.py:208} INFO - Processing /home/AtlasRise/airflow/airflow_env/lib/python3.12/site-packages/airflow/example_dags/example_subdag_operator.py took 0.153 seconds
[2024-11-18T20:48:58.459+0500] {processor.py:186} INFO - Started process (PID=19814) to work on /home/AtlasRise/airflow/airflow_env/lib/python3.12/site-packages/airflow/example_dags/example_subdag_operator.py
[2024-11-18T20:48:58.463+0500] {processor.py:914} INFO - Processing file /home/AtlasRise/airflow/airflow_env/lib/python3.12/site-packages/airflow/example_dags/example_subdag_operator.py for tasks to queue
[2024-11-18T20:48:58.475+0500] {logging_mixin.py:190} INFO - [2024-11-18T20:48:58.474+0500] {dagbag.py:588} INFO - Filling up the DagBag from /home/AtlasRise/airflow/airflow_env/lib/python3.12/site-packages/airflow/example_dags/example_subdag_operator.py
[2024-11-18T20:48:58.584+0500] {processor.py:925} INFO - DAG(s) 'example_subdag_operator.section-1', 'example_subdag_operator.section-2', 'example_subdag_operator' retrieved from /home/AtlasRise/airflow/airflow_env/lib/python3.12/site-packages/airflow/example_dags/example_subdag_operator.py
[2024-11-18T20:48:58.649+0500] {logging_mixin.py:190} INFO - [2024-11-18T20:48:58.646+0500] {dag.py:3239} INFO - Sync 3 DAGs
[2024-11-18T20:48:58.753+0500] {logging_mixin.py:190} INFO - [2024-11-18T20:48:58.753+0500] {dag.py:4180} INFO - Setting next_dagrun for example_subdag_operator to 2022-01-01 00:00:00+00:00, run_after=2022-01-01 00:00:00+00:00
[2024-11-18T20:48:58.776+0500] {logging_mixin.py:190} INFO - [2024-11-18T20:48:58.776+0500] {dag.py:4180} INFO - Setting next_dagrun for example_subdag_operator.section-1 to None, run_after=None
[2024-11-18T20:48:58.778+0500] {logging_mixin.py:190} INFO - [2024-11-18T20:48:58.778+0500] {dag.py:4180} INFO - Setting next_dagrun for example_subdag_operator.section-2 to None, run_after=None
[2024-11-18T20:48:58.808+0500] {logging_mixin.py:190} INFO - [2024-11-18T20:48:58.807+0500] {dag.py:3239} INFO - Sync 2 DAGs
[2024-11-18T20:48:58.833+0500] {logging_mixin.py:190} INFO - [2024-11-18T20:48:58.833+0500] {dag.py:4180} INFO - Setting next_dagrun for example_subdag_operator.section-1 to None, run_after=None
[2024-11-18T20:48:58.838+0500] {logging_mixin.py:190} INFO - [2024-11-18T20:48:58.834+0500] {dag.py:4180} INFO - Setting next_dagrun for example_subdag_operator.section-2 to None, run_after=None
[2024-11-18T20:48:58.872+0500] {processor.py:208} INFO - Processing /home/AtlasRise/airflow/airflow_env/lib/python3.12/site-packages/airflow/example_dags/example_subdag_operator.py took 0.427 seconds
[2024-11-18T20:50:07.023+0500] {processor.py:186} INFO - Started process (PID=19888) to work on /home/AtlasRise/airflow/airflow_env/lib/python3.12/site-packages/airflow/example_dags/example_subdag_operator.py
[2024-11-18T20:50:07.026+0500] {processor.py:914} INFO - Processing file /home/AtlasRise/airflow/airflow_env/lib/python3.12/site-packages/airflow/example_dags/example_subdag_operator.py for tasks to queue
[2024-11-18T20:50:07.029+0500] {logging_mixin.py:190} INFO - [2024-11-18T20:50:07.028+0500] {dagbag.py:588} INFO - Filling up the DagBag from /home/AtlasRise/airflow/airflow_env/lib/python3.12/site-packages/airflow/example_dags/example_subdag_operator.py
[2024-11-18T20:50:07.067+0500] {processor.py:925} INFO - DAG(s) 'example_subdag_operator.section-1', 'example_subdag_operator.section-2', 'example_subdag_operator' retrieved from /home/AtlasRise/airflow/airflow_env/lib/python3.12/site-packages/airflow/example_dags/example_subdag_operator.py
[2024-11-18T20:50:07.093+0500] {logging_mixin.py:190} INFO - [2024-11-18T20:50:07.093+0500] {dag.py:3239} INFO - Sync 3 DAGs
[2024-11-18T20:50:07.128+0500] {logging_mixin.py:190} INFO - [2024-11-18T20:50:07.128+0500] {dag.py:4180} INFO - Setting next_dagrun for example_subdag_operator to 2022-01-01 00:00:00+00:00, run_after=2022-01-01 00:00:00+00:00
[2024-11-18T20:50:07.134+0500] {logging_mixin.py:190} INFO - [2024-11-18T20:50:07.133+0500] {dag.py:4180} INFO - Setting next_dagrun for example_subdag_operator.section-1 to None, run_after=None
[2024-11-18T20:50:07.135+0500] {logging_mixin.py:190} INFO - [2024-11-18T20:50:07.135+0500] {dag.py:4180} INFO - Setting next_dagrun for example_subdag_operator.section-2 to None, run_after=None
[2024-11-18T20:50:07.145+0500] {logging_mixin.py:190} INFO - [2024-11-18T20:50:07.145+0500] {dag.py:3239} INFO - Sync 2 DAGs
[2024-11-18T20:50:07.154+0500] {logging_mixin.py:190} INFO - [2024-11-18T20:50:07.154+0500] {dag.py:4180} INFO - Setting next_dagrun for example_subdag_operator.section-1 to None, run_after=None
[2024-11-18T20:50:07.155+0500] {logging_mixin.py:190} INFO - [2024-11-18T20:50:07.155+0500] {dag.py:4180} INFO - Setting next_dagrun for example_subdag_operator.section-2 to None, run_after=None
[2024-11-18T20:50:07.178+0500] {processor.py:208} INFO - Processing /home/AtlasRise/airflow/airflow_env/lib/python3.12/site-packages/airflow/example_dags/example_subdag_operator.py took 0.163 seconds
[2024-11-18T20:51:18.375+0500] {processor.py:186} INFO - Started process (PID=19958) to work on /home/AtlasRise/airflow/airflow_env/lib/python3.12/site-packages/airflow/example_dags/example_subdag_operator.py
[2024-11-18T20:51:18.377+0500] {processor.py:914} INFO - Processing file /home/AtlasRise/airflow/airflow_env/lib/python3.12/site-packages/airflow/example_dags/example_subdag_operator.py for tasks to queue
[2024-11-18T20:51:18.380+0500] {logging_mixin.py:190} INFO - [2024-11-18T20:51:18.379+0500] {dagbag.py:588} INFO - Filling up the DagBag from /home/AtlasRise/airflow/airflow_env/lib/python3.12/site-packages/airflow/example_dags/example_subdag_operator.py
[2024-11-18T20:51:18.414+0500] {processor.py:925} INFO - DAG(s) 'example_subdag_operator.section-1', 'example_subdag_operator.section-2', 'example_subdag_operator' retrieved from /home/AtlasRise/airflow/airflow_env/lib/python3.12/site-packages/airflow/example_dags/example_subdag_operator.py
[2024-11-18T20:51:18.438+0500] {logging_mixin.py:190} INFO - [2024-11-18T20:51:18.438+0500] {dag.py:3239} INFO - Sync 3 DAGs
[2024-11-18T20:51:18.471+0500] {logging_mixin.py:190} INFO - [2024-11-18T20:51:18.470+0500] {dag.py:4180} INFO - Setting next_dagrun for example_subdag_operator to 2022-01-01 00:00:00+00:00, run_after=2022-01-01 00:00:00+00:00
[2024-11-18T20:51:18.476+0500] {logging_mixin.py:190} INFO - [2024-11-18T20:51:18.476+0500] {dag.py:4180} INFO - Setting next_dagrun for example_subdag_operator.section-1 to None, run_after=None
[2024-11-18T20:51:18.478+0500] {logging_mixin.py:190} INFO - [2024-11-18T20:51:18.477+0500] {dag.py:4180} INFO - Setting next_dagrun for example_subdag_operator.section-2 to None, run_after=None
[2024-11-18T20:51:18.486+0500] {logging_mixin.py:190} INFO - [2024-11-18T20:51:18.486+0500] {dag.py:3239} INFO - Sync 2 DAGs
[2024-11-18T20:51:18.495+0500] {logging_mixin.py:190} INFO - [2024-11-18T20:51:18.495+0500] {dag.py:4180} INFO - Setting next_dagrun for example_subdag_operator.section-1 to None, run_after=None
[2024-11-18T20:51:18.495+0500] {logging_mixin.py:190} INFO - [2024-11-18T20:51:18.495+0500] {dag.py:4180} INFO - Setting next_dagrun for example_subdag_operator.section-2 to None, run_after=None
[2024-11-18T20:51:18.517+0500] {processor.py:208} INFO - Processing /home/AtlasRise/airflow/airflow_env/lib/python3.12/site-packages/airflow/example_dags/example_subdag_operator.py took 0.149 seconds
[2024-11-18T20:52:29.681+0500] {processor.py:186} INFO - Started process (PID=20053) to work on /home/AtlasRise/airflow/airflow_env/lib/python3.12/site-packages/airflow/example_dags/example_subdag_operator.py
[2024-11-18T20:52:29.682+0500] {processor.py:914} INFO - Processing file /home/AtlasRise/airflow/airflow_env/lib/python3.12/site-packages/airflow/example_dags/example_subdag_operator.py for tasks to queue
[2024-11-18T20:52:29.686+0500] {logging_mixin.py:190} INFO - [2024-11-18T20:52:29.685+0500] {dagbag.py:588} INFO - Filling up the DagBag from /home/AtlasRise/airflow/airflow_env/lib/python3.12/site-packages/airflow/example_dags/example_subdag_operator.py
[2024-11-18T20:52:29.722+0500] {processor.py:925} INFO - DAG(s) 'example_subdag_operator.section-1', 'example_subdag_operator.section-2', 'example_subdag_operator' retrieved from /home/AtlasRise/airflow/airflow_env/lib/python3.12/site-packages/airflow/example_dags/example_subdag_operator.py
[2024-11-18T20:52:29.748+0500] {logging_mixin.py:190} INFO - [2024-11-18T20:52:29.747+0500] {dag.py:3239} INFO - Sync 3 DAGs
[2024-11-18T20:52:29.781+0500] {logging_mixin.py:190} INFO - [2024-11-18T20:52:29.781+0500] {dag.py:4180} INFO - Setting next_dagrun for example_subdag_operator to 2022-01-01 00:00:00+00:00, run_after=2022-01-01 00:00:00+00:00
[2024-11-18T20:52:29.786+0500] {logging_mixin.py:190} INFO - [2024-11-18T20:52:29.786+0500] {dag.py:4180} INFO - Setting next_dagrun for example_subdag_operator.section-1 to None, run_after=None
[2024-11-18T20:52:29.788+0500] {logging_mixin.py:190} INFO - [2024-11-18T20:52:29.788+0500] {dag.py:4180} INFO - Setting next_dagrun for example_subdag_operator.section-2 to None, run_after=None
[2024-11-18T20:52:29.796+0500] {logging_mixin.py:190} INFO - [2024-11-18T20:52:29.796+0500] {dag.py:3239} INFO - Sync 2 DAGs
[2024-11-18T20:52:29.803+0500] {logging_mixin.py:190} INFO - [2024-11-18T20:52:29.803+0500] {dag.py:4180} INFO - Setting next_dagrun for example_subdag_operator.section-1 to None, run_after=None
[2024-11-18T20:52:29.803+0500] {logging_mixin.py:190} INFO - [2024-11-18T20:52:29.803+0500] {dag.py:4180} INFO - Setting next_dagrun for example_subdag_operator.section-2 to None, run_after=None
[2024-11-18T20:52:29.824+0500] {processor.py:208} INFO - Processing /home/AtlasRise/airflow/airflow_env/lib/python3.12/site-packages/airflow/example_dags/example_subdag_operator.py took 0.155 seconds
[2024-11-18T20:53:35.940+0500] {processor.py:186} INFO - Started process (PID=20118) to work on /home/AtlasRise/airflow/airflow_env/lib/python3.12/site-packages/airflow/example_dags/example_subdag_operator.py
[2024-11-18T20:53:35.941+0500] {processor.py:914} INFO - Processing file /home/AtlasRise/airflow/airflow_env/lib/python3.12/site-packages/airflow/example_dags/example_subdag_operator.py for tasks to queue
[2024-11-18T20:53:35.944+0500] {logging_mixin.py:190} INFO - [2024-11-18T20:53:35.944+0500] {dagbag.py:588} INFO - Filling up the DagBag from /home/AtlasRise/airflow/airflow_env/lib/python3.12/site-packages/airflow/example_dags/example_subdag_operator.py
[2024-11-18T20:53:35.979+0500] {processor.py:925} INFO - DAG(s) 'example_subdag_operator.section-1', 'example_subdag_operator.section-2', 'example_subdag_operator' retrieved from /home/AtlasRise/airflow/airflow_env/lib/python3.12/site-packages/airflow/example_dags/example_subdag_operator.py
[2024-11-18T20:53:36.003+0500] {logging_mixin.py:190} INFO - [2024-11-18T20:53:36.002+0500] {dag.py:3239} INFO - Sync 3 DAGs
[2024-11-18T20:53:36.035+0500] {logging_mixin.py:190} INFO - [2024-11-18T20:53:36.035+0500] {dag.py:4180} INFO - Setting next_dagrun for example_subdag_operator to 2022-01-01 00:00:00+00:00, run_after=2022-01-01 00:00:00+00:00
[2024-11-18T20:53:36.041+0500] {logging_mixin.py:190} INFO - [2024-11-18T20:53:36.040+0500] {dag.py:4180} INFO - Setting next_dagrun for example_subdag_operator.section-1 to None, run_after=None
[2024-11-18T20:53:36.043+0500] {logging_mixin.py:190} INFO - [2024-11-18T20:53:36.042+0500] {dag.py:4180} INFO - Setting next_dagrun for example_subdag_operator.section-2 to None, run_after=None
[2024-11-18T20:53:36.053+0500] {logging_mixin.py:190} INFO - [2024-11-18T20:53:36.053+0500] {dag.py:3239} INFO - Sync 2 DAGs
[2024-11-18T20:53:36.059+0500] {logging_mixin.py:190} INFO - [2024-11-18T20:53:36.059+0500] {dag.py:4180} INFO - Setting next_dagrun for example_subdag_operator.section-1 to None, run_after=None
[2024-11-18T20:53:36.060+0500] {logging_mixin.py:190} INFO - [2024-11-18T20:53:36.060+0500] {dag.py:4180} INFO - Setting next_dagrun for example_subdag_operator.section-2 to None, run_after=None
[2024-11-18T20:53:36.082+0500] {processor.py:208} INFO - Processing /home/AtlasRise/airflow/airflow_env/lib/python3.12/site-packages/airflow/example_dags/example_subdag_operator.py took 0.151 seconds
[2024-11-18T20:54:53.795+0500] {processor.py:186} INFO - Started process (PID=20213) to work on /home/AtlasRise/airflow/airflow_env/lib/python3.12/site-packages/airflow/example_dags/example_subdag_operator.py
[2024-11-18T20:54:53.798+0500] {processor.py:914} INFO - Processing file /home/AtlasRise/airflow/airflow_env/lib/python3.12/site-packages/airflow/example_dags/example_subdag_operator.py for tasks to queue
[2024-11-18T20:54:53.801+0500] {logging_mixin.py:190} INFO - [2024-11-18T20:54:53.800+0500] {dagbag.py:588} INFO - Filling up the DagBag from /home/AtlasRise/airflow/airflow_env/lib/python3.12/site-packages/airflow/example_dags/example_subdag_operator.py
[2024-11-18T20:54:53.835+0500] {processor.py:925} INFO - DAG(s) 'example_subdag_operator.section-1', 'example_subdag_operator.section-2', 'example_subdag_operator' retrieved from /home/AtlasRise/airflow/airflow_env/lib/python3.12/site-packages/airflow/example_dags/example_subdag_operator.py
[2024-11-18T20:54:53.861+0500] {logging_mixin.py:190} INFO - [2024-11-18T20:54:53.861+0500] {dag.py:3239} INFO - Sync 3 DAGs
[2024-11-18T20:54:53.895+0500] {logging_mixin.py:190} INFO - [2024-11-18T20:54:53.894+0500] {dag.py:4180} INFO - Setting next_dagrun for example_subdag_operator to 2022-01-01 00:00:00+00:00, run_after=2022-01-01 00:00:00+00:00
[2024-11-18T20:54:53.900+0500] {logging_mixin.py:190} INFO - [2024-11-18T20:54:53.900+0500] {dag.py:4180} INFO - Setting next_dagrun for example_subdag_operator.section-1 to None, run_after=None
[2024-11-18T20:54:53.902+0500] {logging_mixin.py:190} INFO - [2024-11-18T20:54:53.902+0500] {dag.py:4180} INFO - Setting next_dagrun for example_subdag_operator.section-2 to None, run_after=None
[2024-11-18T20:54:53.913+0500] {logging_mixin.py:190} INFO - [2024-11-18T20:54:53.913+0500] {dag.py:3239} INFO - Sync 2 DAGs
[2024-11-18T20:54:53.920+0500] {logging_mixin.py:190} INFO - [2024-11-18T20:54:53.920+0500] {dag.py:4180} INFO - Setting next_dagrun for example_subdag_operator.section-1 to None, run_after=None
[2024-11-18T20:54:53.921+0500] {logging_mixin.py:190} INFO - [2024-11-18T20:54:53.920+0500] {dag.py:4180} INFO - Setting next_dagrun for example_subdag_operator.section-2 to None, run_after=None
[2024-11-18T20:54:53.948+0500] {processor.py:208} INFO - Processing /home/AtlasRise/airflow/airflow_env/lib/python3.12/site-packages/airflow/example_dags/example_subdag_operator.py took 0.162 seconds
[2024-11-18T20:56:17.954+0500] {processor.py:186} INFO - Started process (PID=20300) to work on /home/AtlasRise/airflow/airflow_env/lib/python3.12/site-packages/airflow/example_dags/example_subdag_operator.py
[2024-11-18T20:56:17.956+0500] {processor.py:914} INFO - Processing file /home/AtlasRise/airflow/airflow_env/lib/python3.12/site-packages/airflow/example_dags/example_subdag_operator.py for tasks to queue
[2024-11-18T20:56:17.959+0500] {logging_mixin.py:190} INFO - [2024-11-18T20:56:17.959+0500] {dagbag.py:588} INFO - Filling up the DagBag from /home/AtlasRise/airflow/airflow_env/lib/python3.12/site-packages/airflow/example_dags/example_subdag_operator.py
[2024-11-18T20:56:17.994+0500] {processor.py:925} INFO - DAG(s) 'example_subdag_operator.section-1', 'example_subdag_operator.section-2', 'example_subdag_operator' retrieved from /home/AtlasRise/airflow/airflow_env/lib/python3.12/site-packages/airflow/example_dags/example_subdag_operator.py
[2024-11-18T20:56:18.018+0500] {logging_mixin.py:190} INFO - [2024-11-18T20:56:18.018+0500] {dag.py:3239} INFO - Sync 3 DAGs
[2024-11-18T20:56:18.052+0500] {logging_mixin.py:190} INFO - [2024-11-18T20:56:18.052+0500] {dag.py:4180} INFO - Setting next_dagrun for example_subdag_operator to 2022-01-01 00:00:00+00:00, run_after=2022-01-01 00:00:00+00:00
[2024-11-18T20:56:18.058+0500] {logging_mixin.py:190} INFO - [2024-11-18T20:56:18.057+0500] {dag.py:4180} INFO - Setting next_dagrun for example_subdag_operator.section-1 to None, run_after=None
[2024-11-18T20:56:18.059+0500] {logging_mixin.py:190} INFO - [2024-11-18T20:56:18.059+0500] {dag.py:4180} INFO - Setting next_dagrun for example_subdag_operator.section-2 to None, run_after=None
[2024-11-18T20:56:18.069+0500] {logging_mixin.py:190} INFO - [2024-11-18T20:56:18.069+0500] {dag.py:3239} INFO - Sync 2 DAGs
[2024-11-18T20:56:18.079+0500] {logging_mixin.py:190} INFO - [2024-11-18T20:56:18.078+0500] {dag.py:4180} INFO - Setting next_dagrun for example_subdag_operator.section-1 to None, run_after=None
[2024-11-18T20:56:18.079+0500] {logging_mixin.py:190} INFO - [2024-11-18T20:56:18.079+0500] {dag.py:4180} INFO - Setting next_dagrun for example_subdag_operator.section-2 to None, run_after=None
[2024-11-18T20:56:18.101+0500] {processor.py:208} INFO - Processing /home/AtlasRise/airflow/airflow_env/lib/python3.12/site-packages/airflow/example_dags/example_subdag_operator.py took 0.155 seconds
[2024-11-18T20:57:32.375+0500] {processor.py:186} INFO - Started process (PID=20386) to work on /home/AtlasRise/airflow/airflow_env/lib/python3.12/site-packages/airflow/example_dags/example_subdag_operator.py
[2024-11-18T20:57:32.376+0500] {processor.py:914} INFO - Processing file /home/AtlasRise/airflow/airflow_env/lib/python3.12/site-packages/airflow/example_dags/example_subdag_operator.py for tasks to queue
[2024-11-18T20:57:32.380+0500] {logging_mixin.py:190} INFO - [2024-11-18T20:57:32.379+0500] {dagbag.py:588} INFO - Filling up the DagBag from /home/AtlasRise/airflow/airflow_env/lib/python3.12/site-packages/airflow/example_dags/example_subdag_operator.py
[2024-11-18T20:57:32.428+0500] {processor.py:925} INFO - DAG(s) 'example_subdag_operator.section-1', 'example_subdag_operator.section-2', 'example_subdag_operator' retrieved from /home/AtlasRise/airflow/airflow_env/lib/python3.12/site-packages/airflow/example_dags/example_subdag_operator.py
[2024-11-18T20:57:32.459+0500] {logging_mixin.py:190} INFO - [2024-11-18T20:57:32.458+0500] {dag.py:3239} INFO - Sync 3 DAGs
[2024-11-18T20:57:32.504+0500] {logging_mixin.py:190} INFO - [2024-11-18T20:57:32.504+0500] {dag.py:4180} INFO - Setting next_dagrun for example_subdag_operator to 2022-01-01 00:00:00+00:00, run_after=2022-01-01 00:00:00+00:00
[2024-11-18T20:57:32.511+0500] {logging_mixin.py:190} INFO - [2024-11-18T20:57:32.510+0500] {dag.py:4180} INFO - Setting next_dagrun for example_subdag_operator.section-1 to None, run_after=None
[2024-11-18T20:57:32.514+0500] {logging_mixin.py:190} INFO - [2024-11-18T20:57:32.513+0500] {dag.py:4180} INFO - Setting next_dagrun for example_subdag_operator.section-2 to None, run_after=None
[2024-11-18T20:57:32.523+0500] {logging_mixin.py:190} INFO - [2024-11-18T20:57:32.523+0500] {dag.py:3239} INFO - Sync 2 DAGs
[2024-11-18T20:57:32.530+0500] {logging_mixin.py:190} INFO - [2024-11-18T20:57:32.530+0500] {dag.py:4180} INFO - Setting next_dagrun for example_subdag_operator.section-1 to None, run_after=None
[2024-11-18T20:57:32.531+0500] {logging_mixin.py:190} INFO - [2024-11-18T20:57:32.531+0500] {dag.py:4180} INFO - Setting next_dagrun for example_subdag_operator.section-2 to None, run_after=None
[2024-11-18T20:57:32.551+0500] {processor.py:208} INFO - Processing /home/AtlasRise/airflow/airflow_env/lib/python3.12/site-packages/airflow/example_dags/example_subdag_operator.py took 0.190 seconds
[2024-11-18T20:58:42.847+0500] {processor.py:186} INFO - Started process (PID=20478) to work on /home/AtlasRise/airflow/airflow_env/lib/python3.12/site-packages/airflow/example_dags/example_subdag_operator.py
[2024-11-18T20:58:42.849+0500] {processor.py:914} INFO - Processing file /home/AtlasRise/airflow/airflow_env/lib/python3.12/site-packages/airflow/example_dags/example_subdag_operator.py for tasks to queue
[2024-11-18T20:58:42.852+0500] {logging_mixin.py:190} INFO - [2024-11-18T20:58:42.852+0500] {dagbag.py:588} INFO - Filling up the DagBag from /home/AtlasRise/airflow/airflow_env/lib/python3.12/site-packages/airflow/example_dags/example_subdag_operator.py
[2024-11-18T20:58:42.888+0500] {processor.py:925} INFO - DAG(s) 'example_subdag_operator.section-1', 'example_subdag_operator.section-2', 'example_subdag_operator' retrieved from /home/AtlasRise/airflow/airflow_env/lib/python3.12/site-packages/airflow/example_dags/example_subdag_operator.py
[2024-11-18T20:58:42.913+0500] {logging_mixin.py:190} INFO - [2024-11-18T20:58:42.913+0500] {dag.py:3239} INFO - Sync 3 DAGs
[2024-11-18T20:58:42.946+0500] {logging_mixin.py:190} INFO - [2024-11-18T20:58:42.945+0500] {dag.py:4180} INFO - Setting next_dagrun for example_subdag_operator to 2022-01-01 00:00:00+00:00, run_after=2022-01-01 00:00:00+00:00
[2024-11-18T20:58:42.951+0500] {logging_mixin.py:190} INFO - [2024-11-18T20:58:42.951+0500] {dag.py:4180} INFO - Setting next_dagrun for example_subdag_operator.section-1 to None, run_after=None
[2024-11-18T20:58:42.953+0500] {logging_mixin.py:190} INFO - [2024-11-18T20:58:42.953+0500] {dag.py:4180} INFO - Setting next_dagrun for example_subdag_operator.section-2 to None, run_after=None
[2024-11-18T20:58:42.962+0500] {logging_mixin.py:190} INFO - [2024-11-18T20:58:42.961+0500] {dag.py:3239} INFO - Sync 2 DAGs
[2024-11-18T20:58:42.968+0500] {logging_mixin.py:190} INFO - [2024-11-18T20:58:42.968+0500] {dag.py:4180} INFO - Setting next_dagrun for example_subdag_operator.section-1 to None, run_after=None
[2024-11-18T20:58:42.969+0500] {logging_mixin.py:190} INFO - [2024-11-18T20:58:42.969+0500] {dag.py:4180} INFO - Setting next_dagrun for example_subdag_operator.section-2 to None, run_after=None
[2024-11-18T20:58:42.990+0500] {processor.py:208} INFO - Processing /home/AtlasRise/airflow/airflow_env/lib/python3.12/site-packages/airflow/example_dags/example_subdag_operator.py took 0.152 seconds
[2024-11-18T20:59:54.354+0500] {processor.py:186} INFO - Started process (PID=20555) to work on /home/AtlasRise/airflow/airflow_env/lib/python3.12/site-packages/airflow/example_dags/example_subdag_operator.py
[2024-11-18T20:59:54.357+0500] {processor.py:914} INFO - Processing file /home/AtlasRise/airflow/airflow_env/lib/python3.12/site-packages/airflow/example_dags/example_subdag_operator.py for tasks to queue
[2024-11-18T20:59:54.360+0500] {logging_mixin.py:190} INFO - [2024-11-18T20:59:54.359+0500] {dagbag.py:588} INFO - Filling up the DagBag from /home/AtlasRise/airflow/airflow_env/lib/python3.12/site-packages/airflow/example_dags/example_subdag_operator.py
[2024-11-18T20:59:54.393+0500] {processor.py:925} INFO - DAG(s) 'example_subdag_operator.section-1', 'example_subdag_operator.section-2', 'example_subdag_operator' retrieved from /home/AtlasRise/airflow/airflow_env/lib/python3.12/site-packages/airflow/example_dags/example_subdag_operator.py
[2024-11-18T20:59:54.418+0500] {logging_mixin.py:190} INFO - [2024-11-18T20:59:54.418+0500] {dag.py:3239} INFO - Sync 3 DAGs
[2024-11-18T20:59:54.451+0500] {logging_mixin.py:190} INFO - [2024-11-18T20:59:54.450+0500] {dag.py:4180} INFO - Setting next_dagrun for example_subdag_operator to 2022-01-01 00:00:00+00:00, run_after=2022-01-01 00:00:00+00:00
[2024-11-18T20:59:54.458+0500] {logging_mixin.py:190} INFO - [2024-11-18T20:59:54.457+0500] {dag.py:4180} INFO - Setting next_dagrun for example_subdag_operator.section-1 to None, run_after=None
[2024-11-18T20:59:54.460+0500] {logging_mixin.py:190} INFO - [2024-11-18T20:59:54.460+0500] {dag.py:4180} INFO - Setting next_dagrun for example_subdag_operator.section-2 to None, run_after=None
[2024-11-18T20:59:54.470+0500] {logging_mixin.py:190} INFO - [2024-11-18T20:59:54.469+0500] {dag.py:3239} INFO - Sync 2 DAGs
[2024-11-18T20:59:54.476+0500] {logging_mixin.py:190} INFO - [2024-11-18T20:59:54.476+0500] {dag.py:4180} INFO - Setting next_dagrun for example_subdag_operator.section-1 to None, run_after=None
[2024-11-18T20:59:54.477+0500] {logging_mixin.py:190} INFO - [2024-11-18T20:59:54.476+0500] {dag.py:4180} INFO - Setting next_dagrun for example_subdag_operator.section-2 to None, run_after=None
[2024-11-18T20:59:54.497+0500] {processor.py:208} INFO - Processing /home/AtlasRise/airflow/airflow_env/lib/python3.12/site-packages/airflow/example_dags/example_subdag_operator.py took 0.152 seconds
[2024-11-18T21:01:04.164+0500] {processor.py:186} INFO - Started process (PID=20636) to work on /home/AtlasRise/airflow/airflow_env/lib/python3.12/site-packages/airflow/example_dags/example_subdag_operator.py
[2024-11-18T21:01:04.166+0500] {processor.py:914} INFO - Processing file /home/AtlasRise/airflow/airflow_env/lib/python3.12/site-packages/airflow/example_dags/example_subdag_operator.py for tasks to queue
[2024-11-18T21:01:04.170+0500] {logging_mixin.py:190} INFO - [2024-11-18T21:01:04.169+0500] {dagbag.py:588} INFO - Filling up the DagBag from /home/AtlasRise/airflow/airflow_env/lib/python3.12/site-packages/airflow/example_dags/example_subdag_operator.py
[2024-11-18T21:01:04.206+0500] {processor.py:925} INFO - DAG(s) 'example_subdag_operator.section-1', 'example_subdag_operator.section-2', 'example_subdag_operator' retrieved from /home/AtlasRise/airflow/airflow_env/lib/python3.12/site-packages/airflow/example_dags/example_subdag_operator.py
[2024-11-18T21:01:04.231+0500] {logging_mixin.py:190} INFO - [2024-11-18T21:01:04.230+0500] {dag.py:3239} INFO - Sync 3 DAGs
[2024-11-18T21:01:04.269+0500] {logging_mixin.py:190} INFO - [2024-11-18T21:01:04.269+0500] {dag.py:4180} INFO - Setting next_dagrun for example_subdag_operator to 2022-01-01 00:00:00+00:00, run_after=2022-01-01 00:00:00+00:00
[2024-11-18T21:01:04.274+0500] {logging_mixin.py:190} INFO - [2024-11-18T21:01:04.274+0500] {dag.py:4180} INFO - Setting next_dagrun for example_subdag_operator.section-1 to None, run_after=None
[2024-11-18T21:01:04.276+0500] {logging_mixin.py:190} INFO - [2024-11-18T21:01:04.276+0500] {dag.py:4180} INFO - Setting next_dagrun for example_subdag_operator.section-2 to None, run_after=None
[2024-11-18T21:01:04.286+0500] {logging_mixin.py:190} INFO - [2024-11-18T21:01:04.285+0500] {dag.py:3239} INFO - Sync 2 DAGs
[2024-11-18T21:01:04.292+0500] {logging_mixin.py:190} INFO - [2024-11-18T21:01:04.292+0500] {dag.py:4180} INFO - Setting next_dagrun for example_subdag_operator.section-1 to None, run_after=None
[2024-11-18T21:01:04.293+0500] {logging_mixin.py:190} INFO - [2024-11-18T21:01:04.293+0500] {dag.py:4180} INFO - Setting next_dagrun for example_subdag_operator.section-2 to None, run_after=None
[2024-11-18T21:01:04.313+0500] {processor.py:208} INFO - Processing /home/AtlasRise/airflow/airflow_env/lib/python3.12/site-packages/airflow/example_dags/example_subdag_operator.py took 0.158 seconds
[2024-11-18T21:02:10.670+0500] {processor.py:186} INFO - Started process (PID=20709) to work on /home/AtlasRise/airflow/airflow_env/lib/python3.12/site-packages/airflow/example_dags/example_subdag_operator.py
[2024-11-18T21:02:10.672+0500] {processor.py:914} INFO - Processing file /home/AtlasRise/airflow/airflow_env/lib/python3.12/site-packages/airflow/example_dags/example_subdag_operator.py for tasks to queue
[2024-11-18T21:02:10.675+0500] {logging_mixin.py:190} INFO - [2024-11-18T21:02:10.675+0500] {dagbag.py:588} INFO - Filling up the DagBag from /home/AtlasRise/airflow/airflow_env/lib/python3.12/site-packages/airflow/example_dags/example_subdag_operator.py
[2024-11-18T21:02:10.709+0500] {processor.py:925} INFO - DAG(s) 'example_subdag_operator.section-1', 'example_subdag_operator.section-2', 'example_subdag_operator' retrieved from /home/AtlasRise/airflow/airflow_env/lib/python3.12/site-packages/airflow/example_dags/example_subdag_operator.py
[2024-11-18T21:02:10.734+0500] {logging_mixin.py:190} INFO - [2024-11-18T21:02:10.733+0500] {dag.py:3239} INFO - Sync 3 DAGs
[2024-11-18T21:02:10.767+0500] {logging_mixin.py:190} INFO - [2024-11-18T21:02:10.766+0500] {dag.py:4180} INFO - Setting next_dagrun for example_subdag_operator to 2022-01-01 00:00:00+00:00, run_after=2022-01-01 00:00:00+00:00
[2024-11-18T21:02:10.772+0500] {logging_mixin.py:190} INFO - [2024-11-18T21:02:10.772+0500] {dag.py:4180} INFO - Setting next_dagrun for example_subdag_operator.section-1 to None, run_after=None
[2024-11-18T21:02:10.774+0500] {logging_mixin.py:190} INFO - [2024-11-18T21:02:10.774+0500] {dag.py:4180} INFO - Setting next_dagrun for example_subdag_operator.section-2 to None, run_after=None
[2024-11-18T21:02:10.783+0500] {logging_mixin.py:190} INFO - [2024-11-18T21:02:10.782+0500] {dag.py:3239} INFO - Sync 2 DAGs
[2024-11-18T21:02:10.789+0500] {logging_mixin.py:190} INFO - [2024-11-18T21:02:10.789+0500] {dag.py:4180} INFO - Setting next_dagrun for example_subdag_operator.section-1 to None, run_after=None
[2024-11-18T21:02:10.790+0500] {logging_mixin.py:190} INFO - [2024-11-18T21:02:10.790+0500] {dag.py:4180} INFO - Setting next_dagrun for example_subdag_operator.section-2 to None, run_after=None
[2024-11-18T21:02:10.811+0500] {processor.py:208} INFO - Processing /home/AtlasRise/airflow/airflow_env/lib/python3.12/site-packages/airflow/example_dags/example_subdag_operator.py took 0.149 seconds
[2024-11-18T21:03:23.755+0500] {processor.py:186} INFO - Started process (PID=20784) to work on /home/AtlasRise/airflow/airflow_env/lib/python3.12/site-packages/airflow/example_dags/example_subdag_operator.py
[2024-11-18T21:03:23.757+0500] {processor.py:914} INFO - Processing file /home/AtlasRise/airflow/airflow_env/lib/python3.12/site-packages/airflow/example_dags/example_subdag_operator.py for tasks to queue
[2024-11-18T21:03:23.760+0500] {logging_mixin.py:190} INFO - [2024-11-18T21:03:23.760+0500] {dagbag.py:588} INFO - Filling up the DagBag from /home/AtlasRise/airflow/airflow_env/lib/python3.12/site-packages/airflow/example_dags/example_subdag_operator.py
[2024-11-18T21:03:23.794+0500] {processor.py:925} INFO - DAG(s) 'example_subdag_operator.section-1', 'example_subdag_operator.section-2', 'example_subdag_operator' retrieved from /home/AtlasRise/airflow/airflow_env/lib/python3.12/site-packages/airflow/example_dags/example_subdag_operator.py
[2024-11-18T21:03:23.819+0500] {logging_mixin.py:190} INFO - [2024-11-18T21:03:23.818+0500] {dag.py:3239} INFO - Sync 3 DAGs
[2024-11-18T21:03:23.852+0500] {logging_mixin.py:190} INFO - [2024-11-18T21:03:23.851+0500] {dag.py:4180} INFO - Setting next_dagrun for example_subdag_operator to 2022-01-01 00:00:00+00:00, run_after=2022-01-01 00:00:00+00:00
[2024-11-18T21:03:23.857+0500] {logging_mixin.py:190} INFO - [2024-11-18T21:03:23.856+0500] {dag.py:4180} INFO - Setting next_dagrun for example_subdag_operator.section-1 to None, run_after=None
[2024-11-18T21:03:23.858+0500] {logging_mixin.py:190} INFO - [2024-11-18T21:03:23.858+0500] {dag.py:4180} INFO - Setting next_dagrun for example_subdag_operator.section-2 to None, run_after=None
[2024-11-18T21:03:23.867+0500] {logging_mixin.py:190} INFO - [2024-11-18T21:03:23.867+0500] {dag.py:3239} INFO - Sync 2 DAGs
[2024-11-18T21:03:23.874+0500] {logging_mixin.py:190} INFO - [2024-11-18T21:03:23.874+0500] {dag.py:4180} INFO - Setting next_dagrun for example_subdag_operator.section-1 to None, run_after=None
[2024-11-18T21:03:23.875+0500] {logging_mixin.py:190} INFO - [2024-11-18T21:03:23.874+0500] {dag.py:4180} INFO - Setting next_dagrun for example_subdag_operator.section-2 to None, run_after=None
[2024-11-18T21:03:23.895+0500] {processor.py:208} INFO - Processing /home/AtlasRise/airflow/airflow_env/lib/python3.12/site-packages/airflow/example_dags/example_subdag_operator.py took 0.148 seconds
[2024-11-18T21:04:29.426+0500] {processor.py:186} INFO - Started process (PID=20885) to work on /home/AtlasRise/airflow/airflow_env/lib/python3.12/site-packages/airflow/example_dags/example_subdag_operator.py
[2024-11-18T21:04:29.427+0500] {processor.py:914} INFO - Processing file /home/AtlasRise/airflow/airflow_env/lib/python3.12/site-packages/airflow/example_dags/example_subdag_operator.py for tasks to queue
[2024-11-18T21:04:29.430+0500] {logging_mixin.py:190} INFO - [2024-11-18T21:04:29.430+0500] {dagbag.py:588} INFO - Filling up the DagBag from /home/AtlasRise/airflow/airflow_env/lib/python3.12/site-packages/airflow/example_dags/example_subdag_operator.py
[2024-11-18T21:04:29.465+0500] {processor.py:925} INFO - DAG(s) 'example_subdag_operator.section-1', 'example_subdag_operator.section-2', 'example_subdag_operator' retrieved from /home/AtlasRise/airflow/airflow_env/lib/python3.12/site-packages/airflow/example_dags/example_subdag_operator.py
[2024-11-18T21:04:29.490+0500] {logging_mixin.py:190} INFO - [2024-11-18T21:04:29.489+0500] {dag.py:3239} INFO - Sync 3 DAGs
[2024-11-18T21:04:29.523+0500] {logging_mixin.py:190} INFO - [2024-11-18T21:04:29.522+0500] {dag.py:4180} INFO - Setting next_dagrun for example_subdag_operator to 2022-01-01 00:00:00+00:00, run_after=2022-01-01 00:00:00+00:00
[2024-11-18T21:04:29.528+0500] {logging_mixin.py:190} INFO - [2024-11-18T21:04:29.528+0500] {dag.py:4180} INFO - Setting next_dagrun for example_subdag_operator.section-1 to None, run_after=None
[2024-11-18T21:04:29.530+0500] {logging_mixin.py:190} INFO - [2024-11-18T21:04:29.529+0500] {dag.py:4180} INFO - Setting next_dagrun for example_subdag_operator.section-2 to None, run_after=None
[2024-11-18T21:04:29.539+0500] {logging_mixin.py:190} INFO - [2024-11-18T21:04:29.539+0500] {dag.py:3239} INFO - Sync 2 DAGs
[2024-11-18T21:04:29.546+0500] {logging_mixin.py:190} INFO - [2024-11-18T21:04:29.545+0500] {dag.py:4180} INFO - Setting next_dagrun for example_subdag_operator.section-1 to None, run_after=None
[2024-11-18T21:04:29.546+0500] {logging_mixin.py:190} INFO - [2024-11-18T21:04:29.546+0500] {dag.py:4180} INFO - Setting next_dagrun for example_subdag_operator.section-2 to None, run_after=None
[2024-11-18T21:04:29.569+0500] {processor.py:208} INFO - Processing /home/AtlasRise/airflow/airflow_env/lib/python3.12/site-packages/airflow/example_dags/example_subdag_operator.py took 0.151 seconds
[2024-11-18T21:05:37.092+0500] {processor.py:186} INFO - Started process (PID=20968) to work on /home/AtlasRise/airflow/airflow_env/lib/python3.12/site-packages/airflow/example_dags/example_subdag_operator.py
[2024-11-18T21:05:37.095+0500] {processor.py:914} INFO - Processing file /home/AtlasRise/airflow/airflow_env/lib/python3.12/site-packages/airflow/example_dags/example_subdag_operator.py for tasks to queue
[2024-11-18T21:05:37.098+0500] {logging_mixin.py:190} INFO - [2024-11-18T21:05:37.097+0500] {dagbag.py:588} INFO - Filling up the DagBag from /home/AtlasRise/airflow/airflow_env/lib/python3.12/site-packages/airflow/example_dags/example_subdag_operator.py
[2024-11-18T21:05:37.132+0500] {processor.py:925} INFO - DAG(s) 'example_subdag_operator.section-1', 'example_subdag_operator.section-2', 'example_subdag_operator' retrieved from /home/AtlasRise/airflow/airflow_env/lib/python3.12/site-packages/airflow/example_dags/example_subdag_operator.py
[2024-11-18T21:05:37.157+0500] {logging_mixin.py:190} INFO - [2024-11-18T21:05:37.156+0500] {dag.py:3239} INFO - Sync 3 DAGs
[2024-11-18T21:05:37.190+0500] {logging_mixin.py:190} INFO - [2024-11-18T21:05:37.189+0500] {dag.py:4180} INFO - Setting next_dagrun for example_subdag_operator to 2022-01-01 00:00:00+00:00, run_after=2022-01-01 00:00:00+00:00
[2024-11-18T21:05:37.195+0500] {logging_mixin.py:190} INFO - [2024-11-18T21:05:37.195+0500] {dag.py:4180} INFO - Setting next_dagrun for example_subdag_operator.section-1 to None, run_after=None
[2024-11-18T21:05:37.197+0500] {logging_mixin.py:190} INFO - [2024-11-18T21:05:37.197+0500] {dag.py:4180} INFO - Setting next_dagrun for example_subdag_operator.section-2 to None, run_after=None
[2024-11-18T21:05:37.206+0500] {logging_mixin.py:190} INFO - [2024-11-18T21:05:37.205+0500] {dag.py:3239} INFO - Sync 2 DAGs
[2024-11-18T21:05:37.212+0500] {logging_mixin.py:190} INFO - [2024-11-18T21:05:37.212+0500] {dag.py:4180} INFO - Setting next_dagrun for example_subdag_operator.section-1 to None, run_after=None
[2024-11-18T21:05:37.213+0500] {logging_mixin.py:190} INFO - [2024-11-18T21:05:37.213+0500] {dag.py:4180} INFO - Setting next_dagrun for example_subdag_operator.section-2 to None, run_after=None
[2024-11-18T21:05:37.234+0500] {processor.py:208} INFO - Processing /home/AtlasRise/airflow/airflow_env/lib/python3.12/site-packages/airflow/example_dags/example_subdag_operator.py took 0.150 seconds
[2024-11-18T21:06:49.755+0500] {processor.py:186} INFO - Started process (PID=21058) to work on /home/AtlasRise/airflow/airflow_env/lib/python3.12/site-packages/airflow/example_dags/example_subdag_operator.py
[2024-11-18T21:06:49.757+0500] {processor.py:914} INFO - Processing file /home/AtlasRise/airflow/airflow_env/lib/python3.12/site-packages/airflow/example_dags/example_subdag_operator.py for tasks to queue
[2024-11-18T21:06:49.760+0500] {logging_mixin.py:190} INFO - [2024-11-18T21:06:49.759+0500] {dagbag.py:588} INFO - Filling up the DagBag from /home/AtlasRise/airflow/airflow_env/lib/python3.12/site-packages/airflow/example_dags/example_subdag_operator.py
[2024-11-18T21:06:49.794+0500] {processor.py:925} INFO - DAG(s) 'example_subdag_operator.section-1', 'example_subdag_operator.section-2', 'example_subdag_operator' retrieved from /home/AtlasRise/airflow/airflow_env/lib/python3.12/site-packages/airflow/example_dags/example_subdag_operator.py
[2024-11-18T21:06:49.819+0500] {logging_mixin.py:190} INFO - [2024-11-18T21:06:49.818+0500] {dag.py:3239} INFO - Sync 3 DAGs
[2024-11-18T21:06:49.853+0500] {logging_mixin.py:190} INFO - [2024-11-18T21:06:49.852+0500] {dag.py:4180} INFO - Setting next_dagrun for example_subdag_operator to 2022-01-01 00:00:00+00:00, run_after=2022-01-01 00:00:00+00:00
[2024-11-18T21:06:49.858+0500] {logging_mixin.py:190} INFO - [2024-11-18T21:06:49.858+0500] {dag.py:4180} INFO - Setting next_dagrun for example_subdag_operator.section-1 to None, run_after=None
[2024-11-18T21:06:49.860+0500] {logging_mixin.py:190} INFO - [2024-11-18T21:06:49.860+0500] {dag.py:4180} INFO - Setting next_dagrun for example_subdag_operator.section-2 to None, run_after=None
[2024-11-18T21:06:49.869+0500] {logging_mixin.py:190} INFO - [2024-11-18T21:06:49.869+0500] {dag.py:3239} INFO - Sync 2 DAGs
[2024-11-18T21:06:49.875+0500] {logging_mixin.py:190} INFO - [2024-11-18T21:06:49.875+0500] {dag.py:4180} INFO - Setting next_dagrun for example_subdag_operator.section-1 to None, run_after=None
[2024-11-18T21:06:49.876+0500] {logging_mixin.py:190} INFO - [2024-11-18T21:06:49.876+0500] {dag.py:4180} INFO - Setting next_dagrun for example_subdag_operator.section-2 to None, run_after=None
[2024-11-18T21:06:49.899+0500] {processor.py:208} INFO - Processing /home/AtlasRise/airflow/airflow_env/lib/python3.12/site-packages/airflow/example_dags/example_subdag_operator.py took 0.152 seconds
[2024-11-18T21:08:05.177+0500] {processor.py:186} INFO - Started process (PID=21140) to work on /home/AtlasRise/airflow/airflow_env/lib/python3.12/site-packages/airflow/example_dags/example_subdag_operator.py
[2024-11-18T21:08:05.179+0500] {processor.py:914} INFO - Processing file /home/AtlasRise/airflow/airflow_env/lib/python3.12/site-packages/airflow/example_dags/example_subdag_operator.py for tasks to queue
[2024-11-18T21:08:05.183+0500] {logging_mixin.py:190} INFO - [2024-11-18T21:08:05.182+0500] {dagbag.py:588} INFO - Filling up the DagBag from /home/AtlasRise/airflow/airflow_env/lib/python3.12/site-packages/airflow/example_dags/example_subdag_operator.py
[2024-11-18T21:08:05.219+0500] {processor.py:925} INFO - DAG(s) 'example_subdag_operator.section-1', 'example_subdag_operator.section-2', 'example_subdag_operator' retrieved from /home/AtlasRise/airflow/airflow_env/lib/python3.12/site-packages/airflow/example_dags/example_subdag_operator.py
[2024-11-18T21:08:05.246+0500] {logging_mixin.py:190} INFO - [2024-11-18T21:08:05.245+0500] {dag.py:3239} INFO - Sync 3 DAGs
[2024-11-18T21:08:05.282+0500] {logging_mixin.py:190} INFO - [2024-11-18T21:08:05.281+0500] {dag.py:4180} INFO - Setting next_dagrun for example_subdag_operator to 2022-01-01 00:00:00+00:00, run_after=2022-01-01 00:00:00+00:00
[2024-11-18T21:08:05.288+0500] {logging_mixin.py:190} INFO - [2024-11-18T21:08:05.288+0500] {dag.py:4180} INFO - Setting next_dagrun for example_subdag_operator.section-1 to None, run_after=None
[2024-11-18T21:08:05.290+0500] {logging_mixin.py:190} INFO - [2024-11-18T21:08:05.290+0500] {dag.py:4180} INFO - Setting next_dagrun for example_subdag_operator.section-2 to None, run_after=None
[2024-11-18T21:08:05.300+0500] {logging_mixin.py:190} INFO - [2024-11-18T21:08:05.299+0500] {dag.py:3239} INFO - Sync 2 DAGs
[2024-11-18T21:08:05.307+0500] {logging_mixin.py:190} INFO - [2024-11-18T21:08:05.306+0500] {dag.py:4180} INFO - Setting next_dagrun for example_subdag_operator.section-1 to None, run_after=None
[2024-11-18T21:08:05.307+0500] {logging_mixin.py:190} INFO - [2024-11-18T21:08:05.307+0500] {dag.py:4180} INFO - Setting next_dagrun for example_subdag_operator.section-2 to None, run_after=None
[2024-11-18T21:08:05.329+0500] {processor.py:208} INFO - Processing /home/AtlasRise/airflow/airflow_env/lib/python3.12/site-packages/airflow/example_dags/example_subdag_operator.py took 0.161 seconds
[2024-11-18T21:09:11.940+0500] {processor.py:186} INFO - Started process (PID=21224) to work on /home/AtlasRise/airflow/airflow_env/lib/python3.12/site-packages/airflow/example_dags/example_subdag_operator.py
[2024-11-18T21:09:11.942+0500] {processor.py:914} INFO - Processing file /home/AtlasRise/airflow/airflow_env/lib/python3.12/site-packages/airflow/example_dags/example_subdag_operator.py for tasks to queue
[2024-11-18T21:09:11.945+0500] {logging_mixin.py:190} INFO - [2024-11-18T21:09:11.944+0500] {dagbag.py:588} INFO - Filling up the DagBag from /home/AtlasRise/airflow/airflow_env/lib/python3.12/site-packages/airflow/example_dags/example_subdag_operator.py
[2024-11-18T21:09:11.978+0500] {processor.py:925} INFO - DAG(s) 'example_subdag_operator.section-1', 'example_subdag_operator.section-2', 'example_subdag_operator' retrieved from /home/AtlasRise/airflow/airflow_env/lib/python3.12/site-packages/airflow/example_dags/example_subdag_operator.py
[2024-11-18T21:09:12.003+0500] {logging_mixin.py:190} INFO - [2024-11-18T21:09:12.002+0500] {dag.py:3239} INFO - Sync 3 DAGs
[2024-11-18T21:09:12.036+0500] {logging_mixin.py:190} INFO - [2024-11-18T21:09:12.036+0500] {dag.py:4180} INFO - Setting next_dagrun for example_subdag_operator to 2022-01-01 00:00:00+00:00, run_after=2022-01-01 00:00:00+00:00
[2024-11-18T21:09:12.042+0500] {logging_mixin.py:190} INFO - [2024-11-18T21:09:12.041+0500] {dag.py:4180} INFO - Setting next_dagrun for example_subdag_operator.section-1 to None, run_after=None
[2024-11-18T21:09:12.043+0500] {logging_mixin.py:190} INFO - [2024-11-18T21:09:12.043+0500] {dag.py:4180} INFO - Setting next_dagrun for example_subdag_operator.section-2 to None, run_after=None
[2024-11-18T21:09:12.056+0500] {logging_mixin.py:190} INFO - [2024-11-18T21:09:12.055+0500] {dag.py:3239} INFO - Sync 2 DAGs
[2024-11-18T21:09:12.065+0500] {logging_mixin.py:190} INFO - [2024-11-18T21:09:12.065+0500] {dag.py:4180} INFO - Setting next_dagrun for example_subdag_operator.section-1 to None, run_after=None
[2024-11-18T21:09:12.066+0500] {logging_mixin.py:190} INFO - [2024-11-18T21:09:12.066+0500] {dag.py:4180} INFO - Setting next_dagrun for example_subdag_operator.section-2 to None, run_after=None
[2024-11-18T21:09:12.088+0500] {processor.py:208} INFO - Processing /home/AtlasRise/airflow/airflow_env/lib/python3.12/site-packages/airflow/example_dags/example_subdag_operator.py took 0.155 seconds
[2024-11-18T21:10:21.465+0500] {processor.py:186} INFO - Started process (PID=21319) to work on /home/AtlasRise/airflow/airflow_env/lib/python3.12/site-packages/airflow/example_dags/example_subdag_operator.py
[2024-11-18T21:10:21.468+0500] {processor.py:914} INFO - Processing file /home/AtlasRise/airflow/airflow_env/lib/python3.12/site-packages/airflow/example_dags/example_subdag_operator.py for tasks to queue
[2024-11-18T21:10:21.471+0500] {logging_mixin.py:190} INFO - [2024-11-18T21:10:21.470+0500] {dagbag.py:588} INFO - Filling up the DagBag from /home/AtlasRise/airflow/airflow_env/lib/python3.12/site-packages/airflow/example_dags/example_subdag_operator.py
[2024-11-18T21:10:21.507+0500] {processor.py:925} INFO - DAG(s) 'example_subdag_operator.section-1', 'example_subdag_operator.section-2', 'example_subdag_operator' retrieved from /home/AtlasRise/airflow/airflow_env/lib/python3.12/site-packages/airflow/example_dags/example_subdag_operator.py
[2024-11-18T21:10:21.534+0500] {logging_mixin.py:190} INFO - [2024-11-18T21:10:21.533+0500] {dag.py:3239} INFO - Sync 3 DAGs
[2024-11-18T21:10:21.570+0500] {logging_mixin.py:190} INFO - [2024-11-18T21:10:21.569+0500] {dag.py:4180} INFO - Setting next_dagrun for example_subdag_operator to 2022-01-01 00:00:00+00:00, run_after=2022-01-01 00:00:00+00:00
[2024-11-18T21:10:21.575+0500] {logging_mixin.py:190} INFO - [2024-11-18T21:10:21.575+0500] {dag.py:4180} INFO - Setting next_dagrun for example_subdag_operator.section-1 to None, run_after=None
[2024-11-18T21:10:21.579+0500] {logging_mixin.py:190} INFO - [2024-11-18T21:10:21.578+0500] {dag.py:4180} INFO - Setting next_dagrun for example_subdag_operator.section-2 to None, run_after=None
[2024-11-18T21:10:21.590+0500] {logging_mixin.py:190} INFO - [2024-11-18T21:10:21.589+0500] {dag.py:3239} INFO - Sync 2 DAGs
[2024-11-18T21:10:21.602+0500] {logging_mixin.py:190} INFO - [2024-11-18T21:10:21.601+0500] {dag.py:4180} INFO - Setting next_dagrun for example_subdag_operator.section-1 to None, run_after=None
[2024-11-18T21:10:21.602+0500] {logging_mixin.py:190} INFO - [2024-11-18T21:10:21.602+0500] {dag.py:4180} INFO - Setting next_dagrun for example_subdag_operator.section-2 to None, run_after=None
[2024-11-18T21:10:21.625+0500] {processor.py:208} INFO - Processing /home/AtlasRise/airflow/airflow_env/lib/python3.12/site-packages/airflow/example_dags/example_subdag_operator.py took 0.171 seconds
[2024-11-18T21:11:36.374+0500] {processor.py:186} INFO - Started process (PID=21448) to work on /home/AtlasRise/airflow/airflow_env/lib/python3.12/site-packages/airflow/example_dags/example_subdag_operator.py
[2024-11-18T21:11:36.375+0500] {processor.py:914} INFO - Processing file /home/AtlasRise/airflow/airflow_env/lib/python3.12/site-packages/airflow/example_dags/example_subdag_operator.py for tasks to queue
[2024-11-18T21:11:36.378+0500] {logging_mixin.py:190} INFO - [2024-11-18T21:11:36.378+0500] {dagbag.py:588} INFO - Filling up the DagBag from /home/AtlasRise/airflow/airflow_env/lib/python3.12/site-packages/airflow/example_dags/example_subdag_operator.py
[2024-11-18T21:11:36.413+0500] {processor.py:925} INFO - DAG(s) 'example_subdag_operator.section-1', 'example_subdag_operator.section-2', 'example_subdag_operator' retrieved from /home/AtlasRise/airflow/airflow_env/lib/python3.12/site-packages/airflow/example_dags/example_subdag_operator.py
[2024-11-18T21:11:36.438+0500] {logging_mixin.py:190} INFO - [2024-11-18T21:11:36.438+0500] {dag.py:3239} INFO - Sync 3 DAGs
[2024-11-18T21:11:36.471+0500] {logging_mixin.py:190} INFO - [2024-11-18T21:11:36.470+0500] {dag.py:4180} INFO - Setting next_dagrun for example_subdag_operator to 2022-01-01 00:00:00+00:00, run_after=2022-01-01 00:00:00+00:00
[2024-11-18T21:11:36.476+0500] {logging_mixin.py:190} INFO - [2024-11-18T21:11:36.476+0500] {dag.py:4180} INFO - Setting next_dagrun for example_subdag_operator.section-1 to None, run_after=None
[2024-11-18T21:11:36.478+0500] {logging_mixin.py:190} INFO - [2024-11-18T21:11:36.478+0500] {dag.py:4180} INFO - Setting next_dagrun for example_subdag_operator.section-2 to None, run_after=None
[2024-11-18T21:11:36.487+0500] {logging_mixin.py:190} INFO - [2024-11-18T21:11:36.486+0500] {dag.py:3239} INFO - Sync 2 DAGs
[2024-11-18T21:11:36.494+0500] {logging_mixin.py:190} INFO - [2024-11-18T21:11:36.493+0500] {dag.py:4180} INFO - Setting next_dagrun for example_subdag_operator.section-1 to None, run_after=None
[2024-11-18T21:11:36.494+0500] {logging_mixin.py:190} INFO - [2024-11-18T21:11:36.494+0500] {dag.py:4180} INFO - Setting next_dagrun for example_subdag_operator.section-2 to None, run_after=None
[2024-11-18T21:11:36.516+0500] {processor.py:208} INFO - Processing /home/AtlasRise/airflow/airflow_env/lib/python3.12/site-packages/airflow/example_dags/example_subdag_operator.py took 0.151 seconds
[2024-11-18T21:13:31.291+0500] {processor.py:186} INFO - Started process (PID=21595) to work on /home/AtlasRise/airflow/airflow_env/lib/python3.12/site-packages/airflow/example_dags/example_subdag_operator.py
[2024-11-18T21:13:31.294+0500] {processor.py:914} INFO - Processing file /home/AtlasRise/airflow/airflow_env/lib/python3.12/site-packages/airflow/example_dags/example_subdag_operator.py for tasks to queue
[2024-11-18T21:13:31.305+0500] {logging_mixin.py:190} INFO - [2024-11-18T21:13:31.304+0500] {dagbag.py:588} INFO - Filling up the DagBag from /home/AtlasRise/airflow/airflow_env/lib/python3.12/site-packages/airflow/example_dags/example_subdag_operator.py
[2024-11-18T21:13:31.355+0500] {processor.py:925} INFO - DAG(s) 'example_subdag_operator.section-1', 'example_subdag_operator.section-2', 'example_subdag_operator' retrieved from /home/AtlasRise/airflow/airflow_env/lib/python3.12/site-packages/airflow/example_dags/example_subdag_operator.py
[2024-11-18T21:13:31.380+0500] {logging_mixin.py:190} INFO - [2024-11-18T21:13:31.380+0500] {dag.py:3239} INFO - Sync 3 DAGs
[2024-11-18T21:13:31.418+0500] {logging_mixin.py:190} INFO - [2024-11-18T21:13:31.417+0500] {dag.py:4180} INFO - Setting next_dagrun for example_subdag_operator to 2022-01-01 00:00:00+00:00, run_after=2022-01-01 00:00:00+00:00
[2024-11-18T21:13:31.423+0500] {logging_mixin.py:190} INFO - [2024-11-18T21:13:31.423+0500] {dag.py:4180} INFO - Setting next_dagrun for example_subdag_operator.section-1 to None, run_after=None
[2024-11-18T21:13:31.426+0500] {logging_mixin.py:190} INFO - [2024-11-18T21:13:31.425+0500] {dag.py:4180} INFO - Setting next_dagrun for example_subdag_operator.section-2 to None, run_after=None
[2024-11-18T21:13:31.436+0500] {logging_mixin.py:190} INFO - [2024-11-18T21:13:31.436+0500] {dag.py:3239} INFO - Sync 2 DAGs
[2024-11-18T21:13:31.443+0500] {logging_mixin.py:190} INFO - [2024-11-18T21:13:31.443+0500] {dag.py:4180} INFO - Setting next_dagrun for example_subdag_operator.section-1 to None, run_after=None
[2024-11-18T21:13:31.451+0500] {logging_mixin.py:190} INFO - [2024-11-18T21:13:31.443+0500] {dag.py:4180} INFO - Setting next_dagrun for example_subdag_operator.section-2 to None, run_after=None
[2024-11-18T21:13:31.533+0500] {processor.py:208} INFO - Processing /home/AtlasRise/airflow/airflow_env/lib/python3.12/site-packages/airflow/example_dags/example_subdag_operator.py took 0.250 seconds
[2024-11-18T21:14:59.534+0500] {processor.py:186} INFO - Started process (PID=21720) to work on /home/AtlasRise/airflow/airflow_env/lib/python3.12/site-packages/airflow/example_dags/example_subdag_operator.py
[2024-11-18T21:14:59.536+0500] {processor.py:914} INFO - Processing file /home/AtlasRise/airflow/airflow_env/lib/python3.12/site-packages/airflow/example_dags/example_subdag_operator.py for tasks to queue
[2024-11-18T21:14:59.539+0500] {logging_mixin.py:190} INFO - [2024-11-18T21:14:59.539+0500] {dagbag.py:588} INFO - Filling up the DagBag from /home/AtlasRise/airflow/airflow_env/lib/python3.12/site-packages/airflow/example_dags/example_subdag_operator.py
[2024-11-18T21:14:59.579+0500] {processor.py:925} INFO - DAG(s) 'example_subdag_operator.section-1', 'example_subdag_operator.section-2', 'example_subdag_operator' retrieved from /home/AtlasRise/airflow/airflow_env/lib/python3.12/site-packages/airflow/example_dags/example_subdag_operator.py
[2024-11-18T21:14:59.610+0500] {logging_mixin.py:190} INFO - [2024-11-18T21:14:59.610+0500] {dag.py:3239} INFO - Sync 3 DAGs
[2024-11-18T21:14:59.646+0500] {logging_mixin.py:190} INFO - [2024-11-18T21:14:59.646+0500] {dag.py:4180} INFO - Setting next_dagrun for example_subdag_operator to 2022-01-01 00:00:00+00:00, run_after=2022-01-01 00:00:00+00:00
[2024-11-18T21:14:59.652+0500] {logging_mixin.py:190} INFO - [2024-11-18T21:14:59.651+0500] {dag.py:4180} INFO - Setting next_dagrun for example_subdag_operator.section-1 to None, run_after=None
[2024-11-18T21:14:59.653+0500] {logging_mixin.py:190} INFO - [2024-11-18T21:14:59.653+0500] {dag.py:4180} INFO - Setting next_dagrun for example_subdag_operator.section-2 to None, run_after=None
[2024-11-18T21:14:59.665+0500] {logging_mixin.py:190} INFO - [2024-11-18T21:14:59.664+0500] {dag.py:3239} INFO - Sync 2 DAGs
[2024-11-18T21:14:59.672+0500] {logging_mixin.py:190} INFO - [2024-11-18T21:14:59.672+0500] {dag.py:4180} INFO - Setting next_dagrun for example_subdag_operator.section-1 to None, run_after=None
[2024-11-18T21:14:59.673+0500] {logging_mixin.py:190} INFO - [2024-11-18T21:14:59.673+0500] {dag.py:4180} INFO - Setting next_dagrun for example_subdag_operator.section-2 to None, run_after=None
[2024-11-18T21:14:59.696+0500] {processor.py:208} INFO - Processing /home/AtlasRise/airflow/airflow_env/lib/python3.12/site-packages/airflow/example_dags/example_subdag_operator.py took 0.174 seconds
[2024-11-18T21:16:33.055+0500] {processor.py:186} INFO - Started process (PID=21831) to work on /home/AtlasRise/airflow/airflow_env/lib/python3.12/site-packages/airflow/example_dags/example_subdag_operator.py
[2024-11-18T21:16:33.057+0500] {processor.py:914} INFO - Processing file /home/AtlasRise/airflow/airflow_env/lib/python3.12/site-packages/airflow/example_dags/example_subdag_operator.py for tasks to queue
[2024-11-18T21:16:33.060+0500] {logging_mixin.py:190} INFO - [2024-11-18T21:16:33.060+0500] {dagbag.py:588} INFO - Filling up the DagBag from /home/AtlasRise/airflow/airflow_env/lib/python3.12/site-packages/airflow/example_dags/example_subdag_operator.py
[2024-11-18T21:16:33.094+0500] {processor.py:925} INFO - DAG(s) 'example_subdag_operator.section-1', 'example_subdag_operator.section-2', 'example_subdag_operator' retrieved from /home/AtlasRise/airflow/airflow_env/lib/python3.12/site-packages/airflow/example_dags/example_subdag_operator.py
[2024-11-18T21:16:33.118+0500] {logging_mixin.py:190} INFO - [2024-11-18T21:16:33.118+0500] {dag.py:3239} INFO - Sync 3 DAGs
[2024-11-18T21:16:33.155+0500] {logging_mixin.py:190} INFO - [2024-11-18T21:16:33.154+0500] {dag.py:4180} INFO - Setting next_dagrun for example_subdag_operator to 2022-01-01 00:00:00+00:00, run_after=2022-01-01 00:00:00+00:00
[2024-11-18T21:16:33.160+0500] {logging_mixin.py:190} INFO - [2024-11-18T21:16:33.160+0500] {dag.py:4180} INFO - Setting next_dagrun for example_subdag_operator.section-1 to None, run_after=None
[2024-11-18T21:16:33.162+0500] {logging_mixin.py:190} INFO - [2024-11-18T21:16:33.161+0500] {dag.py:4180} INFO - Setting next_dagrun for example_subdag_operator.section-2 to None, run_after=None
[2024-11-18T21:16:33.170+0500] {logging_mixin.py:190} INFO - [2024-11-18T21:16:33.170+0500] {dag.py:3239} INFO - Sync 2 DAGs
[2024-11-18T21:16:33.179+0500] {logging_mixin.py:190} INFO - [2024-11-18T21:16:33.179+0500] {dag.py:4180} INFO - Setting next_dagrun for example_subdag_operator.section-1 to None, run_after=None
[2024-11-18T21:16:33.180+0500] {logging_mixin.py:190} INFO - [2024-11-18T21:16:33.180+0500] {dag.py:4180} INFO - Setting next_dagrun for example_subdag_operator.section-2 to None, run_after=None
[2024-11-18T21:16:33.201+0500] {processor.py:208} INFO - Processing /home/AtlasRise/airflow/airflow_env/lib/python3.12/site-packages/airflow/example_dags/example_subdag_operator.py took 0.155 seconds
[2024-11-18T21:18:18.797+0500] {processor.py:186} INFO - Started process (PID=22000) to work on /home/AtlasRise/airflow/airflow_env/lib/python3.12/site-packages/airflow/example_dags/example_subdag_operator.py
[2024-11-18T21:18:18.799+0500] {processor.py:914} INFO - Processing file /home/AtlasRise/airflow/airflow_env/lib/python3.12/site-packages/airflow/example_dags/example_subdag_operator.py for tasks to queue
[2024-11-18T21:18:18.812+0500] {logging_mixin.py:190} INFO - [2024-11-18T21:18:18.811+0500] {dagbag.py:588} INFO - Filling up the DagBag from /home/AtlasRise/airflow/airflow_env/lib/python3.12/site-packages/airflow/example_dags/example_subdag_operator.py
[2024-11-18T21:18:18.884+0500] {processor.py:925} INFO - DAG(s) 'example_subdag_operator.section-1', 'example_subdag_operator.section-2', 'example_subdag_operator' retrieved from /home/AtlasRise/airflow/airflow_env/lib/python3.12/site-packages/airflow/example_dags/example_subdag_operator.py
[2024-11-18T21:18:18.912+0500] {logging_mixin.py:190} INFO - [2024-11-18T21:18:18.912+0500] {dag.py:3239} INFO - Sync 3 DAGs
[2024-11-18T21:18:18.956+0500] {logging_mixin.py:190} INFO - [2024-11-18T21:18:18.956+0500] {dag.py:4180} INFO - Setting next_dagrun for example_subdag_operator to 2022-01-01 00:00:00+00:00, run_after=2022-01-01 00:00:00+00:00
[2024-11-18T21:18:18.965+0500] {logging_mixin.py:190} INFO - [2024-11-18T21:18:18.965+0500] {dag.py:4180} INFO - Setting next_dagrun for example_subdag_operator.section-1 to None, run_after=None
[2024-11-18T21:18:18.970+0500] {logging_mixin.py:190} INFO - [2024-11-18T21:18:18.969+0500] {dag.py:4180} INFO - Setting next_dagrun for example_subdag_operator.section-2 to None, run_after=None
[2024-11-18T21:18:18.982+0500] {logging_mixin.py:190} INFO - [2024-11-18T21:18:18.981+0500] {dag.py:3239} INFO - Sync 2 DAGs
[2024-11-18T21:18:18.993+0500] {logging_mixin.py:190} INFO - [2024-11-18T21:18:18.993+0500] {dag.py:4180} INFO - Setting next_dagrun for example_subdag_operator.section-1 to None, run_after=None
[2024-11-18T21:18:18.994+0500] {logging_mixin.py:190} INFO - [2024-11-18T21:18:18.994+0500] {dag.py:4180} INFO - Setting next_dagrun for example_subdag_operator.section-2 to None, run_after=None
[2024-11-18T21:18:19.038+0500] {processor.py:208} INFO - Processing /home/AtlasRise/airflow/airflow_env/lib/python3.12/site-packages/airflow/example_dags/example_subdag_operator.py took 0.263 seconds
[2024-11-18T21:20:08.875+0500] {processor.py:186} INFO - Started process (PID=22139) to work on /home/AtlasRise/airflow/airflow_env/lib/python3.12/site-packages/airflow/example_dags/example_subdag_operator.py
[2024-11-18T21:20:08.876+0500] {processor.py:914} INFO - Processing file /home/AtlasRise/airflow/airflow_env/lib/python3.12/site-packages/airflow/example_dags/example_subdag_operator.py for tasks to queue
[2024-11-18T21:20:08.879+0500] {logging_mixin.py:190} INFO - [2024-11-18T21:20:08.878+0500] {dagbag.py:588} INFO - Filling up the DagBag from /home/AtlasRise/airflow/airflow_env/lib/python3.12/site-packages/airflow/example_dags/example_subdag_operator.py
[2024-11-18T21:20:08.913+0500] {processor.py:925} INFO - DAG(s) 'example_subdag_operator.section-1', 'example_subdag_operator.section-2', 'example_subdag_operator' retrieved from /home/AtlasRise/airflow/airflow_env/lib/python3.12/site-packages/airflow/example_dags/example_subdag_operator.py
[2024-11-18T21:20:08.938+0500] {logging_mixin.py:190} INFO - [2024-11-18T21:20:08.938+0500] {dag.py:3239} INFO - Sync 3 DAGs
[2024-11-18T21:20:08.973+0500] {logging_mixin.py:190} INFO - [2024-11-18T21:20:08.973+0500] {dag.py:4180} INFO - Setting next_dagrun for example_subdag_operator to 2022-01-01 00:00:00+00:00, run_after=2022-01-01 00:00:00+00:00
[2024-11-18T21:20:08.978+0500] {logging_mixin.py:190} INFO - [2024-11-18T21:20:08.978+0500] {dag.py:4180} INFO - Setting next_dagrun for example_subdag_operator.section-1 to None, run_after=None
[2024-11-18T21:20:08.980+0500] {logging_mixin.py:190} INFO - [2024-11-18T21:20:08.980+0500] {dag.py:4180} INFO - Setting next_dagrun for example_subdag_operator.section-2 to None, run_after=None
[2024-11-18T21:20:08.989+0500] {logging_mixin.py:190} INFO - [2024-11-18T21:20:08.989+0500] {dag.py:3239} INFO - Sync 2 DAGs
[2024-11-18T21:20:08.996+0500] {logging_mixin.py:190} INFO - [2024-11-18T21:20:08.995+0500] {dag.py:4180} INFO - Setting next_dagrun for example_subdag_operator.section-1 to None, run_after=None
[2024-11-18T21:20:08.996+0500] {logging_mixin.py:190} INFO - [2024-11-18T21:20:08.996+0500] {dag.py:4180} INFO - Setting next_dagrun for example_subdag_operator.section-2 to None, run_after=None
[2024-11-18T21:20:09.017+0500] {processor.py:208} INFO - Processing /home/AtlasRise/airflow/airflow_env/lib/python3.12/site-packages/airflow/example_dags/example_subdag_operator.py took 0.151 seconds
[2024-11-18T21:21:19.587+0500] {processor.py:186} INFO - Started process (PID=22229) to work on /home/AtlasRise/airflow/airflow_env/lib/python3.12/site-packages/airflow/example_dags/example_subdag_operator.py
[2024-11-18T21:21:19.590+0500] {processor.py:914} INFO - Processing file /home/AtlasRise/airflow/airflow_env/lib/python3.12/site-packages/airflow/example_dags/example_subdag_operator.py for tasks to queue
[2024-11-18T21:21:19.594+0500] {logging_mixin.py:190} INFO - [2024-11-18T21:21:19.593+0500] {dagbag.py:588} INFO - Filling up the DagBag from /home/AtlasRise/airflow/airflow_env/lib/python3.12/site-packages/airflow/example_dags/example_subdag_operator.py
[2024-11-18T21:21:19.630+0500] {processor.py:925} INFO - DAG(s) 'example_subdag_operator.section-1', 'example_subdag_operator.section-2', 'example_subdag_operator' retrieved from /home/AtlasRise/airflow/airflow_env/lib/python3.12/site-packages/airflow/example_dags/example_subdag_operator.py
[2024-11-18T21:21:19.655+0500] {logging_mixin.py:190} INFO - [2024-11-18T21:21:19.655+0500] {dag.py:3239} INFO - Sync 3 DAGs
[2024-11-18T21:21:19.688+0500] {logging_mixin.py:190} INFO - [2024-11-18T21:21:19.688+0500] {dag.py:4180} INFO - Setting next_dagrun for example_subdag_operator to 2022-01-01 00:00:00+00:00, run_after=2022-01-01 00:00:00+00:00
[2024-11-18T21:21:19.694+0500] {logging_mixin.py:190} INFO - [2024-11-18T21:21:19.693+0500] {dag.py:4180} INFO - Setting next_dagrun for example_subdag_operator.section-1 to None, run_after=None
[2024-11-18T21:21:19.695+0500] {logging_mixin.py:190} INFO - [2024-11-18T21:21:19.695+0500] {dag.py:4180} INFO - Setting next_dagrun for example_subdag_operator.section-2 to None, run_after=None
[2024-11-18T21:21:19.704+0500] {logging_mixin.py:190} INFO - [2024-11-18T21:21:19.704+0500] {dag.py:3239} INFO - Sync 2 DAGs
[2024-11-18T21:21:19.713+0500] {logging_mixin.py:190} INFO - [2024-11-18T21:21:19.712+0500] {dag.py:4180} INFO - Setting next_dagrun for example_subdag_operator.section-1 to None, run_after=None
[2024-11-18T21:21:19.713+0500] {logging_mixin.py:190} INFO - [2024-11-18T21:21:19.713+0500] {dag.py:4180} INFO - Setting next_dagrun for example_subdag_operator.section-2 to None, run_after=None
[2024-11-18T21:21:19.735+0500] {processor.py:208} INFO - Processing /home/AtlasRise/airflow/airflow_env/lib/python3.12/site-packages/airflow/example_dags/example_subdag_operator.py took 0.158 seconds
[2024-11-18T21:22:31.183+0500] {processor.py:186} INFO - Started process (PID=22310) to work on /home/AtlasRise/airflow/airflow_env/lib/python3.12/site-packages/airflow/example_dags/example_subdag_operator.py
[2024-11-18T21:22:31.184+0500] {processor.py:914} INFO - Processing file /home/AtlasRise/airflow/airflow_env/lib/python3.12/site-packages/airflow/example_dags/example_subdag_operator.py for tasks to queue
[2024-11-18T21:22:31.187+0500] {logging_mixin.py:190} INFO - [2024-11-18T21:22:31.186+0500] {dagbag.py:588} INFO - Filling up the DagBag from /home/AtlasRise/airflow/airflow_env/lib/python3.12/site-packages/airflow/example_dags/example_subdag_operator.py
[2024-11-18T21:22:31.222+0500] {processor.py:925} INFO - DAG(s) 'example_subdag_operator.section-1', 'example_subdag_operator.section-2', 'example_subdag_operator' retrieved from /home/AtlasRise/airflow/airflow_env/lib/python3.12/site-packages/airflow/example_dags/example_subdag_operator.py
[2024-11-18T21:22:31.247+0500] {logging_mixin.py:190} INFO - [2024-11-18T21:22:31.246+0500] {dag.py:3239} INFO - Sync 3 DAGs
[2024-11-18T21:22:31.280+0500] {logging_mixin.py:190} INFO - [2024-11-18T21:22:31.280+0500] {dag.py:4180} INFO - Setting next_dagrun for example_subdag_operator to 2022-01-01 00:00:00+00:00, run_after=2022-01-01 00:00:00+00:00
[2024-11-18T21:22:31.286+0500] {logging_mixin.py:190} INFO - [2024-11-18T21:22:31.286+0500] {dag.py:4180} INFO - Setting next_dagrun for example_subdag_operator.section-1 to None, run_after=None
[2024-11-18T21:22:31.289+0500] {logging_mixin.py:190} INFO - [2024-11-18T21:22:31.288+0500] {dag.py:4180} INFO - Setting next_dagrun for example_subdag_operator.section-2 to None, run_after=None
[2024-11-18T21:22:31.298+0500] {logging_mixin.py:190} INFO - [2024-11-18T21:22:31.298+0500] {dag.py:3239} INFO - Sync 2 DAGs
[2024-11-18T21:22:31.305+0500] {logging_mixin.py:190} INFO - [2024-11-18T21:22:31.304+0500] {dag.py:4180} INFO - Setting next_dagrun for example_subdag_operator.section-1 to None, run_after=None
[2024-11-18T21:22:31.305+0500] {logging_mixin.py:190} INFO - [2024-11-18T21:22:31.305+0500] {dag.py:4180} INFO - Setting next_dagrun for example_subdag_operator.section-2 to None, run_after=None
[2024-11-18T21:22:31.326+0500] {processor.py:208} INFO - Processing /home/AtlasRise/airflow/airflow_env/lib/python3.12/site-packages/airflow/example_dags/example_subdag_operator.py took 0.151 seconds
