[2024-11-18T20:41:19.404+0500] {processor.py:186} INFO - Started process (PID=18968) to work on /home/AtlasRise/airflow/airflow_env/lib/python3.12/site-packages/airflow/example_dags/example_external_task_marker_dag.py
[2024-11-18T20:41:19.405+0500] {processor.py:914} INFO - Processing file /home/AtlasRise/airflow/airflow_env/lib/python3.12/site-packages/airflow/example_dags/example_external_task_marker_dag.py for tasks to queue
[2024-11-18T20:41:19.408+0500] {logging_mixin.py:190} INFO - [2024-11-18T20:41:19.408+0500] {dagbag.py:588} INFO - Filling up the DagBag from /home/AtlasRise/airflow/airflow_env/lib/python3.12/site-packages/airflow/example_dags/example_external_task_marker_dag.py
[2024-11-18T20:41:19.420+0500] {processor.py:925} INFO - DAG(s) 'example_external_task_marker_parent', 'example_external_task_marker_child' retrieved from /home/AtlasRise/airflow/airflow_env/lib/python3.12/site-packages/airflow/example_dags/example_external_task_marker_dag.py
[2024-11-18T20:41:19.579+0500] {logging_mixin.py:190} INFO - [2024-11-18T20:41:19.577+0500] {override.py:1911} INFO - Created Permission View: can read on DAG:example_external_task_marker_parent
[2024-11-18T20:41:19.599+0500] {logging_mixin.py:190} INFO - [2024-11-18T20:41:19.598+0500] {override.py:1911} INFO - Created Permission View: can edit on DAG:example_external_task_marker_parent
[2024-11-18T20:41:19.613+0500] {logging_mixin.py:190} INFO - [2024-11-18T20:41:19.612+0500] {override.py:1911} INFO - Created Permission View: can delete on DAG:example_external_task_marker_parent
[2024-11-18T20:41:19.635+0500] {logging_mixin.py:190} INFO - [2024-11-18T20:41:19.634+0500] {override.py:1911} INFO - Created Permission View: can read on DAG Run:example_external_task_marker_parent
[2024-11-18T20:41:19.647+0500] {logging_mixin.py:190} INFO - [2024-11-18T20:41:19.647+0500] {override.py:1911} INFO - Created Permission View: can create on DAG Run:example_external_task_marker_parent
[2024-11-18T20:41:19.659+0500] {logging_mixin.py:190} INFO - [2024-11-18T20:41:19.659+0500] {override.py:1911} INFO - Created Permission View: can delete on DAG Run:example_external_task_marker_parent
[2024-11-18T20:41:19.673+0500] {logging_mixin.py:190} INFO - [2024-11-18T20:41:19.673+0500] {override.py:1911} INFO - Created Permission View: menu access on DAG Run:example_external_task_marker_parent
[2024-11-18T20:41:19.702+0500] {logging_mixin.py:190} INFO - [2024-11-18T20:41:19.701+0500] {override.py:1911} INFO - Created Permission View: can read on DAG:example_external_task_marker_child
[2024-11-18T20:41:19.713+0500] {logging_mixin.py:190} INFO - [2024-11-18T20:41:19.713+0500] {override.py:1911} INFO - Created Permission View: can edit on DAG:example_external_task_marker_child
[2024-11-18T20:41:19.725+0500] {logging_mixin.py:190} INFO - [2024-11-18T20:41:19.724+0500] {override.py:1911} INFO - Created Permission View: can delete on DAG:example_external_task_marker_child
[2024-11-18T20:41:19.747+0500] {logging_mixin.py:190} INFO - [2024-11-18T20:41:19.746+0500] {override.py:1911} INFO - Created Permission View: can read on DAG Run:example_external_task_marker_child
[2024-11-18T20:41:19.758+0500] {logging_mixin.py:190} INFO - [2024-11-18T20:41:19.758+0500] {override.py:1911} INFO - Created Permission View: can create on DAG Run:example_external_task_marker_child
[2024-11-18T20:41:19.770+0500] {logging_mixin.py:190} INFO - [2024-11-18T20:41:19.770+0500] {override.py:1911} INFO - Created Permission View: can delete on DAG Run:example_external_task_marker_child
[2024-11-18T20:41:19.781+0500] {logging_mixin.py:190} INFO - [2024-11-18T20:41:19.781+0500] {override.py:1911} INFO - Created Permission View: menu access on DAG Run:example_external_task_marker_child
[2024-11-18T20:41:19.782+0500] {logging_mixin.py:190} INFO - [2024-11-18T20:41:19.782+0500] {dag.py:3239} INFO - Sync 2 DAGs
[2024-11-18T20:41:19.800+0500] {logging_mixin.py:190} INFO - [2024-11-18T20:41:19.800+0500] {dag.py:3262} INFO - Creating ORM DAG for example_external_task_marker_parent
[2024-11-18T20:41:19.801+0500] {logging_mixin.py:190} INFO - [2024-11-18T20:41:19.801+0500] {dag.py:3262} INFO - Creating ORM DAG for example_external_task_marker_child
[2024-11-18T20:41:19.802+0500] {logging_mixin.py:190} INFO - [2024-11-18T20:41:19.802+0500] {dag.py:4180} INFO - Setting next_dagrun for example_external_task_marker_child to None, run_after=None
[2024-11-18T20:41:19.803+0500] {logging_mixin.py:190} INFO - [2024-11-18T20:41:19.802+0500] {dag.py:4180} INFO - Setting next_dagrun for example_external_task_marker_parent to None, run_after=None
[2024-11-18T20:41:19.832+0500] {processor.py:208} INFO - Processing /home/AtlasRise/airflow/airflow_env/lib/python3.12/site-packages/airflow/example_dags/example_external_task_marker_dag.py took 0.435 seconds
[2024-11-18T20:42:36.959+0500] {processor.py:186} INFO - Started process (PID=19165) to work on /home/AtlasRise/airflow/airflow_env/lib/python3.12/site-packages/airflow/example_dags/example_external_task_marker_dag.py
[2024-11-18T20:42:36.961+0500] {processor.py:914} INFO - Processing file /home/AtlasRise/airflow/airflow_env/lib/python3.12/site-packages/airflow/example_dags/example_external_task_marker_dag.py for tasks to queue
[2024-11-18T20:42:36.965+0500] {logging_mixin.py:190} INFO - [2024-11-18T20:42:36.964+0500] {dagbag.py:588} INFO - Filling up the DagBag from /home/AtlasRise/airflow/airflow_env/lib/python3.12/site-packages/airflow/example_dags/example_external_task_marker_dag.py
[2024-11-18T20:42:36.979+0500] {processor.py:925} INFO - DAG(s) 'example_external_task_marker_parent', 'example_external_task_marker_child' retrieved from /home/AtlasRise/airflow/airflow_env/lib/python3.12/site-packages/airflow/example_dags/example_external_task_marker_dag.py
[2024-11-18T20:42:37.009+0500] {logging_mixin.py:190} INFO - [2024-11-18T20:42:37.008+0500] {dag.py:3239} INFO - Sync 2 DAGs
[2024-11-18T20:42:37.030+0500] {logging_mixin.py:190} INFO - [2024-11-18T20:42:37.029+0500] {dag.py:4180} INFO - Setting next_dagrun for example_external_task_marker_child to None, run_after=None
[2024-11-18T20:42:37.042+0500] {logging_mixin.py:190} INFO - [2024-11-18T20:42:37.041+0500] {dag.py:4180} INFO - Setting next_dagrun for example_external_task_marker_parent to None, run_after=None
[2024-11-18T20:42:37.085+0500] {processor.py:208} INFO - Processing /home/AtlasRise/airflow/airflow_env/lib/python3.12/site-packages/airflow/example_dags/example_external_task_marker_dag.py took 0.134 seconds
[2024-11-18T20:43:44.529+0500] {processor.py:186} INFO - Started process (PID=19244) to work on /home/AtlasRise/airflow/airflow_env/lib/python3.12/site-packages/airflow/example_dags/example_external_task_marker_dag.py
[2024-11-18T20:43:44.531+0500] {processor.py:914} INFO - Processing file /home/AtlasRise/airflow/airflow_env/lib/python3.12/site-packages/airflow/example_dags/example_external_task_marker_dag.py for tasks to queue
[2024-11-18T20:43:44.534+0500] {logging_mixin.py:190} INFO - [2024-11-18T20:43:44.533+0500] {dagbag.py:588} INFO - Filling up the DagBag from /home/AtlasRise/airflow/airflow_env/lib/python3.12/site-packages/airflow/example_dags/example_external_task_marker_dag.py
[2024-11-18T20:43:44.545+0500] {processor.py:925} INFO - DAG(s) 'example_external_task_marker_child', 'example_external_task_marker_parent' retrieved from /home/AtlasRise/airflow/airflow_env/lib/python3.12/site-packages/airflow/example_dags/example_external_task_marker_dag.py
[2024-11-18T20:43:44.573+0500] {logging_mixin.py:190} INFO - [2024-11-18T20:43:44.572+0500] {dag.py:3239} INFO - Sync 2 DAGs
[2024-11-18T20:43:44.593+0500] {logging_mixin.py:190} INFO - [2024-11-18T20:43:44.593+0500] {dag.py:4180} INFO - Setting next_dagrun for example_external_task_marker_child to None, run_after=None
[2024-11-18T20:43:44.598+0500] {logging_mixin.py:190} INFO - [2024-11-18T20:43:44.598+0500] {dag.py:4180} INFO - Setting next_dagrun for example_external_task_marker_parent to None, run_after=None
[2024-11-18T20:43:44.627+0500] {processor.py:208} INFO - Processing /home/AtlasRise/airflow/airflow_env/lib/python3.12/site-packages/airflow/example_dags/example_external_task_marker_dag.py took 0.106 seconds
[2024-11-18T20:44:49.230+0500] {processor.py:186} INFO - Started process (PID=19315) to work on /home/AtlasRise/airflow/airflow_env/lib/python3.12/site-packages/airflow/example_dags/example_external_task_marker_dag.py
[2024-11-18T20:44:49.231+0500] {processor.py:914} INFO - Processing file /home/AtlasRise/airflow/airflow_env/lib/python3.12/site-packages/airflow/example_dags/example_external_task_marker_dag.py for tasks to queue
[2024-11-18T20:44:49.234+0500] {logging_mixin.py:190} INFO - [2024-11-18T20:44:49.234+0500] {dagbag.py:588} INFO - Filling up the DagBag from /home/AtlasRise/airflow/airflow_env/lib/python3.12/site-packages/airflow/example_dags/example_external_task_marker_dag.py
[2024-11-18T20:44:49.247+0500] {processor.py:925} INFO - DAG(s) 'example_external_task_marker_parent', 'example_external_task_marker_child' retrieved from /home/AtlasRise/airflow/airflow_env/lib/python3.12/site-packages/airflow/example_dags/example_external_task_marker_dag.py
[2024-11-18T20:44:49.276+0500] {logging_mixin.py:190} INFO - [2024-11-18T20:44:49.276+0500] {dag.py:3239} INFO - Sync 2 DAGs
[2024-11-18T20:44:49.298+0500] {logging_mixin.py:190} INFO - [2024-11-18T20:44:49.298+0500] {dag.py:4180} INFO - Setting next_dagrun for example_external_task_marker_child to None, run_after=None
[2024-11-18T20:44:49.304+0500] {logging_mixin.py:190} INFO - [2024-11-18T20:44:49.304+0500] {dag.py:4180} INFO - Setting next_dagrun for example_external_task_marker_parent to None, run_after=None
[2024-11-18T20:44:49.341+0500] {processor.py:208} INFO - Processing /home/AtlasRise/airflow/airflow_env/lib/python3.12/site-packages/airflow/example_dags/example_external_task_marker_dag.py took 0.120 seconds
[2024-11-18T20:46:02.600+0500] {processor.py:186} INFO - Started process (PID=19508) to work on /home/AtlasRise/airflow/airflow_env/lib/python3.12/site-packages/airflow/example_dags/example_external_task_marker_dag.py
[2024-11-18T20:46:02.601+0500] {processor.py:914} INFO - Processing file /home/AtlasRise/airflow/airflow_env/lib/python3.12/site-packages/airflow/example_dags/example_external_task_marker_dag.py for tasks to queue
[2024-11-18T20:46:02.604+0500] {logging_mixin.py:190} INFO - [2024-11-18T20:46:02.604+0500] {dagbag.py:588} INFO - Filling up the DagBag from /home/AtlasRise/airflow/airflow_env/lib/python3.12/site-packages/airflow/example_dags/example_external_task_marker_dag.py
[2024-11-18T20:46:02.617+0500] {processor.py:925} INFO - DAG(s) 'example_external_task_marker_child', 'example_external_task_marker_parent' retrieved from /home/AtlasRise/airflow/airflow_env/lib/python3.12/site-packages/airflow/example_dags/example_external_task_marker_dag.py
[2024-11-18T20:46:02.796+0500] {logging_mixin.py:190} INFO - [2024-11-18T20:46:02.796+0500] {dag.py:3239} INFO - Sync 2 DAGs
[2024-11-18T20:46:02.813+0500] {logging_mixin.py:190} INFO - [2024-11-18T20:46:02.813+0500] {dag.py:4180} INFO - Setting next_dagrun for example_external_task_marker_child to None, run_after=None
[2024-11-18T20:46:02.818+0500] {logging_mixin.py:190} INFO - [2024-11-18T20:46:02.818+0500] {dag.py:4180} INFO - Setting next_dagrun for example_external_task_marker_parent to None, run_after=None
[2024-11-18T20:46:02.845+0500] {processor.py:208} INFO - Processing /home/AtlasRise/airflow/airflow_env/lib/python3.12/site-packages/airflow/example_dags/example_external_task_marker_dag.py took 0.252 seconds
[2024-11-18T20:47:17.251+0500] {processor.py:186} INFO - Started process (PID=19611) to work on /home/AtlasRise/airflow/airflow_env/lib/python3.12/site-packages/airflow/example_dags/example_external_task_marker_dag.py
[2024-11-18T20:47:17.252+0500] {processor.py:914} INFO - Processing file /home/AtlasRise/airflow/airflow_env/lib/python3.12/site-packages/airflow/example_dags/example_external_task_marker_dag.py for tasks to queue
[2024-11-18T20:47:17.255+0500] {logging_mixin.py:190} INFO - [2024-11-18T20:47:17.255+0500] {dagbag.py:588} INFO - Filling up the DagBag from /home/AtlasRise/airflow/airflow_env/lib/python3.12/site-packages/airflow/example_dags/example_external_task_marker_dag.py
[2024-11-18T20:47:17.268+0500] {processor.py:925} INFO - DAG(s) 'example_external_task_marker_child', 'example_external_task_marker_parent' retrieved from /home/AtlasRise/airflow/airflow_env/lib/python3.12/site-packages/airflow/example_dags/example_external_task_marker_dag.py
[2024-11-18T20:47:17.297+0500] {logging_mixin.py:190} INFO - [2024-11-18T20:47:17.297+0500] {dag.py:3239} INFO - Sync 2 DAGs
[2024-11-18T20:47:17.318+0500] {logging_mixin.py:190} INFO - [2024-11-18T20:47:17.317+0500] {dag.py:4180} INFO - Setting next_dagrun for example_external_task_marker_child to None, run_after=None
[2024-11-18T20:47:17.324+0500] {logging_mixin.py:190} INFO - [2024-11-18T20:47:17.323+0500] {dag.py:4180} INFO - Setting next_dagrun for example_external_task_marker_parent to None, run_after=None
[2024-11-18T20:47:17.353+0500] {processor.py:208} INFO - Processing /home/AtlasRise/airflow/airflow_env/lib/python3.12/site-packages/airflow/example_dags/example_external_task_marker_dag.py took 0.110 seconds
[2024-11-18T20:48:23.479+0500] {processor.py:186} INFO - Started process (PID=19762) to work on /home/AtlasRise/airflow/airflow_env/lib/python3.12/site-packages/airflow/example_dags/example_external_task_marker_dag.py
[2024-11-18T20:48:23.480+0500] {processor.py:914} INFO - Processing file /home/AtlasRise/airflow/airflow_env/lib/python3.12/site-packages/airflow/example_dags/example_external_task_marker_dag.py for tasks to queue
[2024-11-18T20:48:23.483+0500] {logging_mixin.py:190} INFO - [2024-11-18T20:48:23.483+0500] {dagbag.py:588} INFO - Filling up the DagBag from /home/AtlasRise/airflow/airflow_env/lib/python3.12/site-packages/airflow/example_dags/example_external_task_marker_dag.py
[2024-11-18T20:48:23.496+0500] {processor.py:925} INFO - DAG(s) 'example_external_task_marker_child', 'example_external_task_marker_parent' retrieved from /home/AtlasRise/airflow/airflow_env/lib/python3.12/site-packages/airflow/example_dags/example_external_task_marker_dag.py
[2024-11-18T20:48:23.524+0500] {logging_mixin.py:190} INFO - [2024-11-18T20:48:23.524+0500] {dag.py:3239} INFO - Sync 2 DAGs
[2024-11-18T20:48:23.545+0500] {logging_mixin.py:190} INFO - [2024-11-18T20:48:23.544+0500] {dag.py:4180} INFO - Setting next_dagrun for example_external_task_marker_child to None, run_after=None
[2024-11-18T20:48:23.550+0500] {logging_mixin.py:190} INFO - [2024-11-18T20:48:23.550+0500] {dag.py:4180} INFO - Setting next_dagrun for example_external_task_marker_parent to None, run_after=None
[2024-11-18T20:48:23.580+0500] {processor.py:208} INFO - Processing /home/AtlasRise/airflow/airflow_env/lib/python3.12/site-packages/airflow/example_dags/example_external_task_marker_dag.py took 0.109 seconds
[2024-11-18T20:49:32.908+0500] {processor.py:186} INFO - Started process (PID=19849) to work on /home/AtlasRise/airflow/airflow_env/lib/python3.12/site-packages/airflow/example_dags/example_external_task_marker_dag.py
[2024-11-18T20:49:32.913+0500] {processor.py:914} INFO - Processing file /home/AtlasRise/airflow/airflow_env/lib/python3.12/site-packages/airflow/example_dags/example_external_task_marker_dag.py for tasks to queue
[2024-11-18T20:49:32.918+0500] {logging_mixin.py:190} INFO - [2024-11-18T20:49:32.917+0500] {dagbag.py:588} INFO - Filling up the DagBag from /home/AtlasRise/airflow/airflow_env/lib/python3.12/site-packages/airflow/example_dags/example_external_task_marker_dag.py
[2024-11-18T20:49:32.931+0500] {processor.py:925} INFO - DAG(s) 'example_external_task_marker_parent', 'example_external_task_marker_child' retrieved from /home/AtlasRise/airflow/airflow_env/lib/python3.12/site-packages/airflow/example_dags/example_external_task_marker_dag.py
[2024-11-18T20:49:32.967+0500] {logging_mixin.py:190} INFO - [2024-11-18T20:49:32.966+0500] {dag.py:3239} INFO - Sync 2 DAGs
[2024-11-18T20:49:32.993+0500] {logging_mixin.py:190} INFO - [2024-11-18T20:49:32.993+0500] {dag.py:4180} INFO - Setting next_dagrun for example_external_task_marker_child to None, run_after=None
[2024-11-18T20:49:32.999+0500] {logging_mixin.py:190} INFO - [2024-11-18T20:49:32.998+0500] {dag.py:4180} INFO - Setting next_dagrun for example_external_task_marker_parent to None, run_after=None
[2024-11-18T20:49:33.036+0500] {processor.py:208} INFO - Processing /home/AtlasRise/airflow/airflow_env/lib/python3.12/site-packages/airflow/example_dags/example_external_task_marker_dag.py took 0.139 seconds
[2024-11-18T20:50:40.857+0500] {processor.py:186} INFO - Started process (PID=19923) to work on /home/AtlasRise/airflow/airflow_env/lib/python3.12/site-packages/airflow/example_dags/example_external_task_marker_dag.py
[2024-11-18T20:50:40.859+0500] {processor.py:914} INFO - Processing file /home/AtlasRise/airflow/airflow_env/lib/python3.12/site-packages/airflow/example_dags/example_external_task_marker_dag.py for tasks to queue
[2024-11-18T20:50:40.862+0500] {logging_mixin.py:190} INFO - [2024-11-18T20:50:40.861+0500] {dagbag.py:588} INFO - Filling up the DagBag from /home/AtlasRise/airflow/airflow_env/lib/python3.12/site-packages/airflow/example_dags/example_external_task_marker_dag.py
[2024-11-18T20:50:40.875+0500] {processor.py:925} INFO - DAG(s) 'example_external_task_marker_parent', 'example_external_task_marker_child' retrieved from /home/AtlasRise/airflow/airflow_env/lib/python3.12/site-packages/airflow/example_dags/example_external_task_marker_dag.py
[2024-11-18T20:50:40.904+0500] {logging_mixin.py:190} INFO - [2024-11-18T20:50:40.904+0500] {dag.py:3239} INFO - Sync 2 DAGs
[2024-11-18T20:50:40.925+0500] {logging_mixin.py:190} INFO - [2024-11-18T20:50:40.924+0500] {dag.py:4180} INFO - Setting next_dagrun for example_external_task_marker_child to None, run_after=None
[2024-11-18T20:50:40.931+0500] {logging_mixin.py:190} INFO - [2024-11-18T20:50:40.930+0500] {dag.py:4180} INFO - Setting next_dagrun for example_external_task_marker_parent to None, run_after=None
[2024-11-18T20:50:40.959+0500] {processor.py:208} INFO - Processing /home/AtlasRise/airflow/airflow_env/lib/python3.12/site-packages/airflow/example_dags/example_external_task_marker_dag.py took 0.111 seconds
[2024-11-18T20:51:52.879+0500] {processor.py:186} INFO - Started process (PID=20008) to work on /home/AtlasRise/airflow/airflow_env/lib/python3.12/site-packages/airflow/example_dags/example_external_task_marker_dag.py
[2024-11-18T20:51:52.881+0500] {processor.py:914} INFO - Processing file /home/AtlasRise/airflow/airflow_env/lib/python3.12/site-packages/airflow/example_dags/example_external_task_marker_dag.py for tasks to queue
[2024-11-18T20:51:52.884+0500] {logging_mixin.py:190} INFO - [2024-11-18T20:51:52.884+0500] {dagbag.py:588} INFO - Filling up the DagBag from /home/AtlasRise/airflow/airflow_env/lib/python3.12/site-packages/airflow/example_dags/example_external_task_marker_dag.py
[2024-11-18T20:51:52.897+0500] {processor.py:925} INFO - DAG(s) 'example_external_task_marker_child', 'example_external_task_marker_parent' retrieved from /home/AtlasRise/airflow/airflow_env/lib/python3.12/site-packages/airflow/example_dags/example_external_task_marker_dag.py
[2024-11-18T20:51:52.926+0500] {logging_mixin.py:190} INFO - [2024-11-18T20:51:52.926+0500] {dag.py:3239} INFO - Sync 2 DAGs
[2024-11-18T20:51:52.948+0500] {logging_mixin.py:190} INFO - [2024-11-18T20:51:52.948+0500] {dag.py:4180} INFO - Setting next_dagrun for example_external_task_marker_child to None, run_after=None
[2024-11-18T20:51:52.954+0500] {logging_mixin.py:190} INFO - [2024-11-18T20:51:52.953+0500] {dag.py:4180} INFO - Setting next_dagrun for example_external_task_marker_parent to None, run_after=None
[2024-11-18T20:51:52.984+0500] {processor.py:208} INFO - Processing /home/AtlasRise/airflow/airflow_env/lib/python3.12/site-packages/airflow/example_dags/example_external_task_marker_dag.py took 0.114 seconds
[2024-11-18T20:52:59.288+0500] {processor.py:186} INFO - Started process (PID=20081) to work on /home/AtlasRise/airflow/airflow_env/lib/python3.12/site-packages/airflow/example_dags/example_external_task_marker_dag.py
[2024-11-18T20:52:59.289+0500] {processor.py:914} INFO - Processing file /home/AtlasRise/airflow/airflow_env/lib/python3.12/site-packages/airflow/example_dags/example_external_task_marker_dag.py for tasks to queue
[2024-11-18T20:52:59.292+0500] {logging_mixin.py:190} INFO - [2024-11-18T20:52:59.292+0500] {dagbag.py:588} INFO - Filling up the DagBag from /home/AtlasRise/airflow/airflow_env/lib/python3.12/site-packages/airflow/example_dags/example_external_task_marker_dag.py
[2024-11-18T20:52:59.305+0500] {processor.py:925} INFO - DAG(s) 'example_external_task_marker_parent', 'example_external_task_marker_child' retrieved from /home/AtlasRise/airflow/airflow_env/lib/python3.12/site-packages/airflow/example_dags/example_external_task_marker_dag.py
[2024-11-18T20:52:59.332+0500] {logging_mixin.py:190} INFO - [2024-11-18T20:52:59.332+0500] {dag.py:3239} INFO - Sync 2 DAGs
[2024-11-18T20:52:59.354+0500] {logging_mixin.py:190} INFO - [2024-11-18T20:52:59.353+0500] {dag.py:4180} INFO - Setting next_dagrun for example_external_task_marker_child to None, run_after=None
[2024-11-18T20:52:59.361+0500] {logging_mixin.py:190} INFO - [2024-11-18T20:52:59.361+0500] {dag.py:4180} INFO - Setting next_dagrun for example_external_task_marker_parent to None, run_after=None
[2024-11-18T20:52:59.389+0500] {processor.py:208} INFO - Processing /home/AtlasRise/airflow/airflow_env/lib/python3.12/site-packages/airflow/example_dags/example_external_task_marker_dag.py took 0.110 seconds
[2024-11-18T20:54:11.415+0500] {processor.py:186} INFO - Started process (PID=20167) to work on /home/AtlasRise/airflow/airflow_env/lib/python3.12/site-packages/airflow/example_dags/example_external_task_marker_dag.py
[2024-11-18T20:54:11.418+0500] {processor.py:914} INFO - Processing file /home/AtlasRise/airflow/airflow_env/lib/python3.12/site-packages/airflow/example_dags/example_external_task_marker_dag.py for tasks to queue
[2024-11-18T20:54:11.421+0500] {logging_mixin.py:190} INFO - [2024-11-18T20:54:11.420+0500] {dagbag.py:588} INFO - Filling up the DagBag from /home/AtlasRise/airflow/airflow_env/lib/python3.12/site-packages/airflow/example_dags/example_external_task_marker_dag.py
[2024-11-18T20:54:11.435+0500] {processor.py:925} INFO - DAG(s) 'example_external_task_marker_child', 'example_external_task_marker_parent' retrieved from /home/AtlasRise/airflow/airflow_env/lib/python3.12/site-packages/airflow/example_dags/example_external_task_marker_dag.py
[2024-11-18T20:54:11.466+0500] {logging_mixin.py:190} INFO - [2024-11-18T20:54:11.465+0500] {dag.py:3239} INFO - Sync 2 DAGs
[2024-11-18T20:54:11.489+0500] {logging_mixin.py:190} INFO - [2024-11-18T20:54:11.488+0500] {dag.py:4180} INFO - Setting next_dagrun for example_external_task_marker_child to None, run_after=None
[2024-11-18T20:54:11.501+0500] {logging_mixin.py:190} INFO - [2024-11-18T20:54:11.500+0500] {dag.py:4180} INFO - Setting next_dagrun for example_external_task_marker_parent to None, run_after=None
[2024-11-18T20:54:11.617+0500] {processor.py:208} INFO - Processing /home/AtlasRise/airflow/airflow_env/lib/python3.12/site-packages/airflow/example_dags/example_external_task_marker_dag.py took 0.212 seconds
[2024-11-18T20:55:37.442+0500] {processor.py:186} INFO - Started process (PID=20257) to work on /home/AtlasRise/airflow/airflow_env/lib/python3.12/site-packages/airflow/example_dags/example_external_task_marker_dag.py
[2024-11-18T20:55:37.443+0500] {processor.py:914} INFO - Processing file /home/AtlasRise/airflow/airflow_env/lib/python3.12/site-packages/airflow/example_dags/example_external_task_marker_dag.py for tasks to queue
[2024-11-18T20:55:37.446+0500] {logging_mixin.py:190} INFO - [2024-11-18T20:55:37.446+0500] {dagbag.py:588} INFO - Filling up the DagBag from /home/AtlasRise/airflow/airflow_env/lib/python3.12/site-packages/airflow/example_dags/example_external_task_marker_dag.py
[2024-11-18T20:55:37.458+0500] {processor.py:925} INFO - DAG(s) 'example_external_task_marker_child', 'example_external_task_marker_parent' retrieved from /home/AtlasRise/airflow/airflow_env/lib/python3.12/site-packages/airflow/example_dags/example_external_task_marker_dag.py
[2024-11-18T20:55:37.487+0500] {logging_mixin.py:190} INFO - [2024-11-18T20:55:37.487+0500] {dag.py:3239} INFO - Sync 2 DAGs
[2024-11-18T20:55:37.509+0500] {logging_mixin.py:190} INFO - [2024-11-18T20:55:37.509+0500] {dag.py:4180} INFO - Setting next_dagrun for example_external_task_marker_child to None, run_after=None
[2024-11-18T20:55:37.515+0500] {logging_mixin.py:190} INFO - [2024-11-18T20:55:37.515+0500] {dag.py:4180} INFO - Setting next_dagrun for example_external_task_marker_parent to None, run_after=None
[2024-11-18T20:55:37.549+0500] {processor.py:208} INFO - Processing /home/AtlasRise/airflow/airflow_env/lib/python3.12/site-packages/airflow/example_dags/example_external_task_marker_dag.py took 0.116 seconds
[2024-11-18T20:56:53.162+0500] {processor.py:186} INFO - Started process (PID=20348) to work on /home/AtlasRise/airflow/airflow_env/lib/python3.12/site-packages/airflow/example_dags/example_external_task_marker_dag.py
[2024-11-18T20:56:53.165+0500] {processor.py:914} INFO - Processing file /home/AtlasRise/airflow/airflow_env/lib/python3.12/site-packages/airflow/example_dags/example_external_task_marker_dag.py for tasks to queue
[2024-11-18T20:56:53.168+0500] {logging_mixin.py:190} INFO - [2024-11-18T20:56:53.167+0500] {dagbag.py:588} INFO - Filling up the DagBag from /home/AtlasRise/airflow/airflow_env/lib/python3.12/site-packages/airflow/example_dags/example_external_task_marker_dag.py
[2024-11-18T20:56:53.180+0500] {processor.py:925} INFO - DAG(s) 'example_external_task_marker_parent', 'example_external_task_marker_child' retrieved from /home/AtlasRise/airflow/airflow_env/lib/python3.12/site-packages/airflow/example_dags/example_external_task_marker_dag.py
[2024-11-18T20:56:53.209+0500] {logging_mixin.py:190} INFO - [2024-11-18T20:56:53.209+0500] {dag.py:3239} INFO - Sync 2 DAGs
[2024-11-18T20:56:53.231+0500] {logging_mixin.py:190} INFO - [2024-11-18T20:56:53.230+0500] {dag.py:4180} INFO - Setting next_dagrun for example_external_task_marker_child to None, run_after=None
[2024-11-18T20:56:53.237+0500] {logging_mixin.py:190} INFO - [2024-11-18T20:56:53.236+0500] {dag.py:4180} INFO - Setting next_dagrun for example_external_task_marker_parent to None, run_after=None
[2024-11-18T20:56:53.265+0500] {processor.py:208} INFO - Processing /home/AtlasRise/airflow/airflow_env/lib/python3.12/site-packages/airflow/example_dags/example_external_task_marker_dag.py took 0.111 seconds
[2024-11-18T20:58:06.329+0500] {processor.py:186} INFO - Started process (PID=20426) to work on /home/AtlasRise/airflow/airflow_env/lib/python3.12/site-packages/airflow/example_dags/example_external_task_marker_dag.py
[2024-11-18T20:58:06.332+0500] {processor.py:914} INFO - Processing file /home/AtlasRise/airflow/airflow_env/lib/python3.12/site-packages/airflow/example_dags/example_external_task_marker_dag.py for tasks to queue
[2024-11-18T20:58:06.335+0500] {logging_mixin.py:190} INFO - [2024-11-18T20:58:06.334+0500] {dagbag.py:588} INFO - Filling up the DagBag from /home/AtlasRise/airflow/airflow_env/lib/python3.12/site-packages/airflow/example_dags/example_external_task_marker_dag.py
[2024-11-18T20:58:06.347+0500] {processor.py:925} INFO - DAG(s) 'example_external_task_marker_parent', 'example_external_task_marker_child' retrieved from /home/AtlasRise/airflow/airflow_env/lib/python3.12/site-packages/airflow/example_dags/example_external_task_marker_dag.py
[2024-11-18T20:58:06.376+0500] {logging_mixin.py:190} INFO - [2024-11-18T20:58:06.375+0500] {dag.py:3239} INFO - Sync 2 DAGs
[2024-11-18T20:58:06.398+0500] {logging_mixin.py:190} INFO - [2024-11-18T20:58:06.398+0500] {dag.py:4180} INFO - Setting next_dagrun for example_external_task_marker_child to None, run_after=None
[2024-11-18T20:58:06.404+0500] {logging_mixin.py:190} INFO - [2024-11-18T20:58:06.404+0500] {dag.py:4180} INFO - Setting next_dagrun for example_external_task_marker_parent to None, run_after=None
[2024-11-18T20:58:06.434+0500] {processor.py:208} INFO - Processing /home/AtlasRise/airflow/airflow_env/lib/python3.12/site-packages/airflow/example_dags/example_external_task_marker_dag.py took 0.113 seconds
[2024-11-18T20:59:13.951+0500] {processor.py:186} INFO - Started process (PID=20507) to work on /home/AtlasRise/airflow/airflow_env/lib/python3.12/site-packages/airflow/example_dags/example_external_task_marker_dag.py
[2024-11-18T20:59:13.952+0500] {processor.py:914} INFO - Processing file /home/AtlasRise/airflow/airflow_env/lib/python3.12/site-packages/airflow/example_dags/example_external_task_marker_dag.py for tasks to queue
[2024-11-18T20:59:13.955+0500] {logging_mixin.py:190} INFO - [2024-11-18T20:59:13.955+0500] {dagbag.py:588} INFO - Filling up the DagBag from /home/AtlasRise/airflow/airflow_env/lib/python3.12/site-packages/airflow/example_dags/example_external_task_marker_dag.py
[2024-11-18T20:59:13.968+0500] {processor.py:925} INFO - DAG(s) 'example_external_task_marker_parent', 'example_external_task_marker_child' retrieved from /home/AtlasRise/airflow/airflow_env/lib/python3.12/site-packages/airflow/example_dags/example_external_task_marker_dag.py
[2024-11-18T20:59:13.996+0500] {logging_mixin.py:190} INFO - [2024-11-18T20:59:13.996+0500] {dag.py:3239} INFO - Sync 2 DAGs
[2024-11-18T20:59:14.018+0500] {logging_mixin.py:190} INFO - [2024-11-18T20:59:14.017+0500] {dag.py:4180} INFO - Setting next_dagrun for example_external_task_marker_child to None, run_after=None
[2024-11-18T20:59:14.024+0500] {logging_mixin.py:190} INFO - [2024-11-18T20:59:14.023+0500] {dag.py:4180} INFO - Setting next_dagrun for example_external_task_marker_parent to None, run_after=None
[2024-11-18T20:59:14.055+0500] {processor.py:208} INFO - Processing /home/AtlasRise/airflow/airflow_env/lib/python3.12/site-packages/airflow/example_dags/example_external_task_marker_dag.py took 0.112 seconds
[2024-11-18T21:00:29.379+0500] {processor.py:186} INFO - Started process (PID=20590) to work on /home/AtlasRise/airflow/airflow_env/lib/python3.12/site-packages/airflow/example_dags/example_external_task_marker_dag.py
[2024-11-18T21:00:29.381+0500] {processor.py:914} INFO - Processing file /home/AtlasRise/airflow/airflow_env/lib/python3.12/site-packages/airflow/example_dags/example_external_task_marker_dag.py for tasks to queue
[2024-11-18T21:00:29.384+0500] {logging_mixin.py:190} INFO - [2024-11-18T21:00:29.384+0500] {dagbag.py:588} INFO - Filling up the DagBag from /home/AtlasRise/airflow/airflow_env/lib/python3.12/site-packages/airflow/example_dags/example_external_task_marker_dag.py
[2024-11-18T21:00:29.397+0500] {processor.py:925} INFO - DAG(s) 'example_external_task_marker_child', 'example_external_task_marker_parent' retrieved from /home/AtlasRise/airflow/airflow_env/lib/python3.12/site-packages/airflow/example_dags/example_external_task_marker_dag.py
[2024-11-18T21:00:29.425+0500] {logging_mixin.py:190} INFO - [2024-11-18T21:00:29.424+0500] {dag.py:3239} INFO - Sync 2 DAGs
[2024-11-18T21:00:29.445+0500] {logging_mixin.py:190} INFO - [2024-11-18T21:00:29.445+0500] {dag.py:4180} INFO - Setting next_dagrun for example_external_task_marker_child to None, run_after=None
[2024-11-18T21:00:29.452+0500] {logging_mixin.py:190} INFO - [2024-11-18T21:00:29.452+0500] {dag.py:4180} INFO - Setting next_dagrun for example_external_task_marker_parent to None, run_after=None
[2024-11-18T21:00:29.481+0500] {processor.py:208} INFO - Processing /home/AtlasRise/airflow/airflow_env/lib/python3.12/site-packages/airflow/example_dags/example_external_task_marker_dag.py took 0.111 seconds
[2024-11-18T21:01:34.897+0500] {processor.py:186} INFO - Started process (PID=20673) to work on /home/AtlasRise/airflow/airflow_env/lib/python3.12/site-packages/airflow/example_dags/example_external_task_marker_dag.py
[2024-11-18T21:01:34.900+0500] {processor.py:914} INFO - Processing file /home/AtlasRise/airflow/airflow_env/lib/python3.12/site-packages/airflow/example_dags/example_external_task_marker_dag.py for tasks to queue
[2024-11-18T21:01:34.903+0500] {logging_mixin.py:190} INFO - [2024-11-18T21:01:34.902+0500] {dagbag.py:588} INFO - Filling up the DagBag from /home/AtlasRise/airflow/airflow_env/lib/python3.12/site-packages/airflow/example_dags/example_external_task_marker_dag.py
[2024-11-18T21:01:34.915+0500] {processor.py:925} INFO - DAG(s) 'example_external_task_marker_parent', 'example_external_task_marker_child' retrieved from /home/AtlasRise/airflow/airflow_env/lib/python3.12/site-packages/airflow/example_dags/example_external_task_marker_dag.py
[2024-11-18T21:01:34.943+0500] {logging_mixin.py:190} INFO - [2024-11-18T21:01:34.942+0500] {dag.py:3239} INFO - Sync 2 DAGs
[2024-11-18T21:01:34.964+0500] {logging_mixin.py:190} INFO - [2024-11-18T21:01:34.964+0500] {dag.py:4180} INFO - Setting next_dagrun for example_external_task_marker_child to None, run_after=None
[2024-11-18T21:01:34.970+0500] {logging_mixin.py:190} INFO - [2024-11-18T21:01:34.970+0500] {dag.py:4180} INFO - Setting next_dagrun for example_external_task_marker_parent to None, run_after=None
[2024-11-18T21:01:34.999+0500] {processor.py:208} INFO - Processing /home/AtlasRise/airflow/airflow_env/lib/python3.12/site-packages/airflow/example_dags/example_external_task_marker_dag.py took 0.111 seconds
[2024-11-18T21:02:47.550+0500] {processor.py:186} INFO - Started process (PID=20743) to work on /home/AtlasRise/airflow/airflow_env/lib/python3.12/site-packages/airflow/example_dags/example_external_task_marker_dag.py
[2024-11-18T21:02:47.552+0500] {processor.py:914} INFO - Processing file /home/AtlasRise/airflow/airflow_env/lib/python3.12/site-packages/airflow/example_dags/example_external_task_marker_dag.py for tasks to queue
[2024-11-18T21:02:47.555+0500] {logging_mixin.py:190} INFO - [2024-11-18T21:02:47.555+0500] {dagbag.py:588} INFO - Filling up the DagBag from /home/AtlasRise/airflow/airflow_env/lib/python3.12/site-packages/airflow/example_dags/example_external_task_marker_dag.py
[2024-11-18T21:02:47.568+0500] {processor.py:925} INFO - DAG(s) 'example_external_task_marker_parent', 'example_external_task_marker_child' retrieved from /home/AtlasRise/airflow/airflow_env/lib/python3.12/site-packages/airflow/example_dags/example_external_task_marker_dag.py
[2024-11-18T21:02:47.595+0500] {logging_mixin.py:190} INFO - [2024-11-18T21:02:47.595+0500] {dag.py:3239} INFO - Sync 2 DAGs
[2024-11-18T21:02:47.616+0500] {logging_mixin.py:190} INFO - [2024-11-18T21:02:47.616+0500] {dag.py:4180} INFO - Setting next_dagrun for example_external_task_marker_child to None, run_after=None
[2024-11-18T21:02:47.622+0500] {logging_mixin.py:190} INFO - [2024-11-18T21:02:47.621+0500] {dag.py:4180} INFO - Setting next_dagrun for example_external_task_marker_parent to None, run_after=None
[2024-11-18T21:02:47.651+0500] {processor.py:208} INFO - Processing /home/AtlasRise/airflow/airflow_env/lib/python3.12/site-packages/airflow/example_dags/example_external_task_marker_dag.py took 0.109 seconds
[2024-11-18T21:03:55.352+0500] {processor.py:186} INFO - Started process (PID=20830) to work on /home/AtlasRise/airflow/airflow_env/lib/python3.12/site-packages/airflow/example_dags/example_external_task_marker_dag.py
[2024-11-18T21:03:55.353+0500] {processor.py:914} INFO - Processing file /home/AtlasRise/airflow/airflow_env/lib/python3.12/site-packages/airflow/example_dags/example_external_task_marker_dag.py for tasks to queue
[2024-11-18T21:03:55.357+0500] {logging_mixin.py:190} INFO - [2024-11-18T21:03:55.356+0500] {dagbag.py:588} INFO - Filling up the DagBag from /home/AtlasRise/airflow/airflow_env/lib/python3.12/site-packages/airflow/example_dags/example_external_task_marker_dag.py
[2024-11-18T21:03:55.369+0500] {processor.py:925} INFO - DAG(s) 'example_external_task_marker_child', 'example_external_task_marker_parent' retrieved from /home/AtlasRise/airflow/airflow_env/lib/python3.12/site-packages/airflow/example_dags/example_external_task_marker_dag.py
[2024-11-18T21:03:55.397+0500] {logging_mixin.py:190} INFO - [2024-11-18T21:03:55.397+0500] {dag.py:3239} INFO - Sync 2 DAGs
[2024-11-18T21:03:55.419+0500] {logging_mixin.py:190} INFO - [2024-11-18T21:03:55.418+0500] {dag.py:4180} INFO - Setting next_dagrun for example_external_task_marker_child to None, run_after=None
[2024-11-18T21:03:55.425+0500] {logging_mixin.py:190} INFO - [2024-11-18T21:03:55.424+0500] {dag.py:4180} INFO - Setting next_dagrun for example_external_task_marker_parent to None, run_after=None
[2024-11-18T21:03:55.457+0500] {processor.py:208} INFO - Processing /home/AtlasRise/airflow/airflow_env/lib/python3.12/site-packages/airflow/example_dags/example_external_task_marker_dag.py took 0.112 seconds
[2024-11-18T21:05:01.888+0500] {processor.py:186} INFO - Started process (PID=20916) to work on /home/AtlasRise/airflow/airflow_env/lib/python3.12/site-packages/airflow/example_dags/example_external_task_marker_dag.py
[2024-11-18T21:05:01.890+0500] {processor.py:914} INFO - Processing file /home/AtlasRise/airflow/airflow_env/lib/python3.12/site-packages/airflow/example_dags/example_external_task_marker_dag.py for tasks to queue
[2024-11-18T21:05:01.893+0500] {logging_mixin.py:190} INFO - [2024-11-18T21:05:01.892+0500] {dagbag.py:588} INFO - Filling up the DagBag from /home/AtlasRise/airflow/airflow_env/lib/python3.12/site-packages/airflow/example_dags/example_external_task_marker_dag.py
[2024-11-18T21:05:01.905+0500] {processor.py:925} INFO - DAG(s) 'example_external_task_marker_parent', 'example_external_task_marker_child' retrieved from /home/AtlasRise/airflow/airflow_env/lib/python3.12/site-packages/airflow/example_dags/example_external_task_marker_dag.py
[2024-11-18T21:05:01.934+0500] {logging_mixin.py:190} INFO - [2024-11-18T21:05:01.933+0500] {dag.py:3239} INFO - Sync 2 DAGs
[2024-11-18T21:05:01.954+0500] {logging_mixin.py:190} INFO - [2024-11-18T21:05:01.954+0500] {dag.py:4180} INFO - Setting next_dagrun for example_external_task_marker_child to None, run_after=None
[2024-11-18T21:05:01.960+0500] {logging_mixin.py:190} INFO - [2024-11-18T21:05:01.959+0500] {dag.py:4180} INFO - Setting next_dagrun for example_external_task_marker_parent to None, run_after=None
[2024-11-18T21:05:01.990+0500] {processor.py:208} INFO - Processing /home/AtlasRise/airflow/airflow_env/lib/python3.12/site-packages/airflow/example_dags/example_external_task_marker_dag.py took 0.109 seconds
[2024-11-18T21:06:08.254+0500] {processor.py:186} INFO - Started process (PID=21000) to work on /home/AtlasRise/airflow/airflow_env/lib/python3.12/site-packages/airflow/example_dags/example_external_task_marker_dag.py
[2024-11-18T21:06:08.257+0500] {processor.py:914} INFO - Processing file /home/AtlasRise/airflow/airflow_env/lib/python3.12/site-packages/airflow/example_dags/example_external_task_marker_dag.py for tasks to queue
[2024-11-18T21:06:08.263+0500] {logging_mixin.py:190} INFO - [2024-11-18T21:06:08.261+0500] {dagbag.py:588} INFO - Filling up the DagBag from /home/AtlasRise/airflow/airflow_env/lib/python3.12/site-packages/airflow/example_dags/example_external_task_marker_dag.py
[2024-11-18T21:06:08.277+0500] {processor.py:925} INFO - DAG(s) 'example_external_task_marker_child', 'example_external_task_marker_parent' retrieved from /home/AtlasRise/airflow/airflow_env/lib/python3.12/site-packages/airflow/example_dags/example_external_task_marker_dag.py
[2024-11-18T21:06:08.305+0500] {logging_mixin.py:190} INFO - [2024-11-18T21:06:08.305+0500] {dag.py:3239} INFO - Sync 2 DAGs
[2024-11-18T21:06:08.326+0500] {logging_mixin.py:190} INFO - [2024-11-18T21:06:08.325+0500] {dag.py:4180} INFO - Setting next_dagrun for example_external_task_marker_child to None, run_after=None
[2024-11-18T21:06:08.331+0500] {logging_mixin.py:190} INFO - [2024-11-18T21:06:08.331+0500] {dag.py:4180} INFO - Setting next_dagrun for example_external_task_marker_parent to None, run_after=None
[2024-11-18T21:06:08.361+0500] {processor.py:208} INFO - Processing /home/AtlasRise/airflow/airflow_env/lib/python3.12/site-packages/airflow/example_dags/example_external_task_marker_dag.py took 0.117 seconds
[2024-11-18T21:07:28.609+0500] {processor.py:186} INFO - Started process (PID=21104) to work on /home/AtlasRise/airflow/airflow_env/lib/python3.12/site-packages/airflow/example_dags/example_external_task_marker_dag.py
[2024-11-18T21:07:28.612+0500] {processor.py:914} INFO - Processing file /home/AtlasRise/airflow/airflow_env/lib/python3.12/site-packages/airflow/example_dags/example_external_task_marker_dag.py for tasks to queue
[2024-11-18T21:07:28.615+0500] {logging_mixin.py:190} INFO - [2024-11-18T21:07:28.614+0500] {dagbag.py:588} INFO - Filling up the DagBag from /home/AtlasRise/airflow/airflow_env/lib/python3.12/site-packages/airflow/example_dags/example_external_task_marker_dag.py
[2024-11-18T21:07:28.628+0500] {processor.py:925} INFO - DAG(s) 'example_external_task_marker_child', 'example_external_task_marker_parent' retrieved from /home/AtlasRise/airflow/airflow_env/lib/python3.12/site-packages/airflow/example_dags/example_external_task_marker_dag.py
[2024-11-18T21:07:28.656+0500] {logging_mixin.py:190} INFO - [2024-11-18T21:07:28.656+0500] {dag.py:3239} INFO - Sync 2 DAGs
[2024-11-18T21:07:28.677+0500] {logging_mixin.py:190} INFO - [2024-11-18T21:07:28.676+0500] {dag.py:4180} INFO - Setting next_dagrun for example_external_task_marker_child to None, run_after=None
[2024-11-18T21:07:28.682+0500] {logging_mixin.py:190} INFO - [2024-11-18T21:07:28.682+0500] {dag.py:4180} INFO - Setting next_dagrun for example_external_task_marker_parent to None, run_after=None
[2024-11-18T21:07:28.712+0500] {processor.py:208} INFO - Processing /home/AtlasRise/airflow/airflow_env/lib/python3.12/site-packages/airflow/example_dags/example_external_task_marker_dag.py took 0.112 seconds
[2024-11-18T21:08:36.546+0500] {processor.py:186} INFO - Started process (PID=21173) to work on /home/AtlasRise/airflow/airflow_env/lib/python3.12/site-packages/airflow/example_dags/example_external_task_marker_dag.py
[2024-11-18T21:08:36.549+0500] {processor.py:914} INFO - Processing file /home/AtlasRise/airflow/airflow_env/lib/python3.12/site-packages/airflow/example_dags/example_external_task_marker_dag.py for tasks to queue
[2024-11-18T21:08:36.552+0500] {logging_mixin.py:190} INFO - [2024-11-18T21:08:36.551+0500] {dagbag.py:588} INFO - Filling up the DagBag from /home/AtlasRise/airflow/airflow_env/lib/python3.12/site-packages/airflow/example_dags/example_external_task_marker_dag.py
[2024-11-18T21:08:36.564+0500] {processor.py:925} INFO - DAG(s) 'example_external_task_marker_child', 'example_external_task_marker_parent' retrieved from /home/AtlasRise/airflow/airflow_env/lib/python3.12/site-packages/airflow/example_dags/example_external_task_marker_dag.py
[2024-11-18T21:08:36.592+0500] {logging_mixin.py:190} INFO - [2024-11-18T21:08:36.592+0500] {dag.py:3239} INFO - Sync 2 DAGs
[2024-11-18T21:08:36.613+0500] {logging_mixin.py:190} INFO - [2024-11-18T21:08:36.612+0500] {dag.py:4180} INFO - Setting next_dagrun for example_external_task_marker_child to None, run_after=None
[2024-11-18T21:08:36.618+0500] {logging_mixin.py:190} INFO - [2024-11-18T21:08:36.618+0500] {dag.py:4180} INFO - Setting next_dagrun for example_external_task_marker_parent to None, run_after=None
[2024-11-18T21:08:36.647+0500] {processor.py:208} INFO - Processing /home/AtlasRise/airflow/airflow_env/lib/python3.12/site-packages/airflow/example_dags/example_external_task_marker_dag.py took 0.109 seconds
[2024-11-18T21:09:44.838+0500] {processor.py:186} INFO - Started process (PID=21273) to work on /home/AtlasRise/airflow/airflow_env/lib/python3.12/site-packages/airflow/example_dags/example_external_task_marker_dag.py
[2024-11-18T21:09:44.840+0500] {processor.py:914} INFO - Processing file /home/AtlasRise/airflow/airflow_env/lib/python3.12/site-packages/airflow/example_dags/example_external_task_marker_dag.py for tasks to queue
[2024-11-18T21:09:44.844+0500] {logging_mixin.py:190} INFO - [2024-11-18T21:09:44.843+0500] {dagbag.py:588} INFO - Filling up the DagBag from /home/AtlasRise/airflow/airflow_env/lib/python3.12/site-packages/airflow/example_dags/example_external_task_marker_dag.py
[2024-11-18T21:09:44.857+0500] {processor.py:925} INFO - DAG(s) 'example_external_task_marker_parent', 'example_external_task_marker_child' retrieved from /home/AtlasRise/airflow/airflow_env/lib/python3.12/site-packages/airflow/example_dags/example_external_task_marker_dag.py
[2024-11-18T21:09:44.886+0500] {logging_mixin.py:190} INFO - [2024-11-18T21:09:44.886+0500] {dag.py:3239} INFO - Sync 2 DAGs
[2024-11-18T21:09:44.910+0500] {logging_mixin.py:190} INFO - [2024-11-18T21:09:44.909+0500] {dag.py:4180} INFO - Setting next_dagrun for example_external_task_marker_child to None, run_after=None
[2024-11-18T21:09:44.916+0500] {logging_mixin.py:190} INFO - [2024-11-18T21:09:44.915+0500] {dag.py:4180} INFO - Setting next_dagrun for example_external_task_marker_parent to None, run_after=None
[2024-11-18T21:09:44.950+0500] {processor.py:208} INFO - Processing /home/AtlasRise/airflow/airflow_env/lib/python3.12/site-packages/airflow/example_dags/example_external_task_marker_dag.py took 0.124 seconds
[2024-11-18T21:10:58.310+0500] {processor.py:186} INFO - Started process (PID=21371) to work on /home/AtlasRise/airflow/airflow_env/lib/python3.12/site-packages/airflow/example_dags/example_external_task_marker_dag.py
[2024-11-18T21:10:58.312+0500] {processor.py:914} INFO - Processing file /home/AtlasRise/airflow/airflow_env/lib/python3.12/site-packages/airflow/example_dags/example_external_task_marker_dag.py for tasks to queue
[2024-11-18T21:10:58.318+0500] {logging_mixin.py:190} INFO - [2024-11-18T21:10:58.318+0500] {dagbag.py:588} INFO - Filling up the DagBag from /home/AtlasRise/airflow/airflow_env/lib/python3.12/site-packages/airflow/example_dags/example_external_task_marker_dag.py
[2024-11-18T21:10:58.334+0500] {processor.py:925} INFO - DAG(s) 'example_external_task_marker_child', 'example_external_task_marker_parent' retrieved from /home/AtlasRise/airflow/airflow_env/lib/python3.12/site-packages/airflow/example_dags/example_external_task_marker_dag.py
[2024-11-18T21:10:58.363+0500] {logging_mixin.py:190} INFO - [2024-11-18T21:10:58.363+0500] {dag.py:3239} INFO - Sync 2 DAGs
[2024-11-18T21:10:58.385+0500] {logging_mixin.py:190} INFO - [2024-11-18T21:10:58.384+0500] {dag.py:4180} INFO - Setting next_dagrun for example_external_task_marker_child to None, run_after=None
[2024-11-18T21:10:58.390+0500] {logging_mixin.py:190} INFO - [2024-11-18T21:10:58.390+0500] {dag.py:4180} INFO - Setting next_dagrun for example_external_task_marker_parent to None, run_after=None
[2024-11-18T21:10:58.418+0500] {processor.py:208} INFO - Processing /home/AtlasRise/airflow/airflow_env/lib/python3.12/site-packages/airflow/example_dags/example_external_task_marker_dag.py took 0.127 seconds
[2024-11-18T21:12:35.665+0500] {processor.py:186} INFO - Started process (PID=21531) to work on /home/AtlasRise/airflow/airflow_env/lib/python3.12/site-packages/airflow/example_dags/example_external_task_marker_dag.py
[2024-11-18T21:12:35.667+0500] {processor.py:914} INFO - Processing file /home/AtlasRise/airflow/airflow_env/lib/python3.12/site-packages/airflow/example_dags/example_external_task_marker_dag.py for tasks to queue
[2024-11-18T21:12:35.670+0500] {logging_mixin.py:190} INFO - [2024-11-18T21:12:35.670+0500] {dagbag.py:588} INFO - Filling up the DagBag from /home/AtlasRise/airflow/airflow_env/lib/python3.12/site-packages/airflow/example_dags/example_external_task_marker_dag.py
[2024-11-18T21:12:35.683+0500] {processor.py:925} INFO - DAG(s) 'example_external_task_marker_parent', 'example_external_task_marker_child' retrieved from /home/AtlasRise/airflow/airflow_env/lib/python3.12/site-packages/airflow/example_dags/example_external_task_marker_dag.py
[2024-11-18T21:12:35.714+0500] {logging_mixin.py:190} INFO - [2024-11-18T21:12:35.714+0500] {dag.py:3239} INFO - Sync 2 DAGs
[2024-11-18T21:12:35.738+0500] {logging_mixin.py:190} INFO - [2024-11-18T21:12:35.737+0500] {dag.py:4180} INFO - Setting next_dagrun for example_external_task_marker_child to None, run_after=None
[2024-11-18T21:12:35.744+0500] {logging_mixin.py:190} INFO - [2024-11-18T21:12:35.744+0500] {dag.py:4180} INFO - Setting next_dagrun for example_external_task_marker_parent to None, run_after=None
[2024-11-18T21:12:35.776+0500] {processor.py:208} INFO - Processing /home/AtlasRise/airflow/airflow_env/lib/python3.12/site-packages/airflow/example_dags/example_external_task_marker_dag.py took 0.120 seconds
[2024-11-18T21:14:14.759+0500] {processor.py:186} INFO - Started process (PID=21643) to work on /home/AtlasRise/airflow/airflow_env/lib/python3.12/site-packages/airflow/example_dags/example_external_task_marker_dag.py
[2024-11-18T21:14:14.762+0500] {processor.py:914} INFO - Processing file /home/AtlasRise/airflow/airflow_env/lib/python3.12/site-packages/airflow/example_dags/example_external_task_marker_dag.py for tasks to queue
[2024-11-18T21:14:14.765+0500] {logging_mixin.py:190} INFO - [2024-11-18T21:14:14.765+0500] {dagbag.py:588} INFO - Filling up the DagBag from /home/AtlasRise/airflow/airflow_env/lib/python3.12/site-packages/airflow/example_dags/example_external_task_marker_dag.py
[2024-11-18T21:14:14.778+0500] {processor.py:925} INFO - DAG(s) 'example_external_task_marker_parent', 'example_external_task_marker_child' retrieved from /home/AtlasRise/airflow/airflow_env/lib/python3.12/site-packages/airflow/example_dags/example_external_task_marker_dag.py
[2024-11-18T21:14:14.807+0500] {logging_mixin.py:190} INFO - [2024-11-18T21:14:14.807+0500] {dag.py:3239} INFO - Sync 2 DAGs
[2024-11-18T21:14:14.831+0500] {logging_mixin.py:190} INFO - [2024-11-18T21:14:14.830+0500] {dag.py:4180} INFO - Setting next_dagrun for example_external_task_marker_child to None, run_after=None
[2024-11-18T21:14:14.837+0500] {logging_mixin.py:190} INFO - [2024-11-18T21:14:14.836+0500] {dag.py:4180} INFO - Setting next_dagrun for example_external_task_marker_parent to None, run_after=None
[2024-11-18T21:14:14.889+0500] {processor.py:208} INFO - Processing /home/AtlasRise/airflow/airflow_env/lib/python3.12/site-packages/airflow/example_dags/example_external_task_marker_dag.py took 0.137 seconds
[2024-11-18T21:15:48.782+0500] {processor.py:186} INFO - Started process (PID=21772) to work on /home/AtlasRise/airflow/airflow_env/lib/python3.12/site-packages/airflow/example_dags/example_external_task_marker_dag.py
[2024-11-18T21:15:48.784+0500] {processor.py:914} INFO - Processing file /home/AtlasRise/airflow/airflow_env/lib/python3.12/site-packages/airflow/example_dags/example_external_task_marker_dag.py for tasks to queue
[2024-11-18T21:15:48.787+0500] {logging_mixin.py:190} INFO - [2024-11-18T21:15:48.786+0500] {dagbag.py:588} INFO - Filling up the DagBag from /home/AtlasRise/airflow/airflow_env/lib/python3.12/site-packages/airflow/example_dags/example_external_task_marker_dag.py
[2024-11-18T21:15:48.799+0500] {processor.py:925} INFO - DAG(s) 'example_external_task_marker_child', 'example_external_task_marker_parent' retrieved from /home/AtlasRise/airflow/airflow_env/lib/python3.12/site-packages/airflow/example_dags/example_external_task_marker_dag.py
[2024-11-18T21:15:48.835+0500] {logging_mixin.py:190} INFO - [2024-11-18T21:15:48.835+0500] {dag.py:3239} INFO - Sync 2 DAGs
[2024-11-18T21:15:48.909+0500] {logging_mixin.py:190} INFO - [2024-11-18T21:15:48.908+0500] {dag.py:4180} INFO - Setting next_dagrun for example_external_task_marker_child to None, run_after=None
[2024-11-18T21:15:48.922+0500] {logging_mixin.py:190} INFO - [2024-11-18T21:15:48.921+0500] {dag.py:4180} INFO - Setting next_dagrun for example_external_task_marker_parent to None, run_after=None
[2024-11-18T21:15:48.977+0500] {processor.py:208} INFO - Processing /home/AtlasRise/airflow/airflow_env/lib/python3.12/site-packages/airflow/example_dags/example_external_task_marker_dag.py took 0.204 seconds
[2024-11-18T21:17:38.700+0500] {processor.py:186} INFO - Started process (PID=21936) to work on /home/AtlasRise/airflow/airflow_env/lib/python3.12/site-packages/airflow/example_dags/example_external_task_marker_dag.py
[2024-11-18T21:17:38.701+0500] {processor.py:914} INFO - Processing file /home/AtlasRise/airflow/airflow_env/lib/python3.12/site-packages/airflow/example_dags/example_external_task_marker_dag.py for tasks to queue
[2024-11-18T21:17:38.704+0500] {logging_mixin.py:190} INFO - [2024-11-18T21:17:38.704+0500] {dagbag.py:588} INFO - Filling up the DagBag from /home/AtlasRise/airflow/airflow_env/lib/python3.12/site-packages/airflow/example_dags/example_external_task_marker_dag.py
[2024-11-18T21:17:38.717+0500] {processor.py:925} INFO - DAG(s) 'example_external_task_marker_child', 'example_external_task_marker_parent' retrieved from /home/AtlasRise/airflow/airflow_env/lib/python3.12/site-packages/airflow/example_dags/example_external_task_marker_dag.py
[2024-11-18T21:17:38.747+0500] {logging_mixin.py:190} INFO - [2024-11-18T21:17:38.747+0500] {dag.py:3239} INFO - Sync 2 DAGs
[2024-11-18T21:17:38.769+0500] {logging_mixin.py:190} INFO - [2024-11-18T21:17:38.769+0500] {dag.py:4180} INFO - Setting next_dagrun for example_external_task_marker_child to None, run_after=None
[2024-11-18T21:17:38.775+0500] {logging_mixin.py:190} INFO - [2024-11-18T21:17:38.774+0500] {dag.py:4180} INFO - Setting next_dagrun for example_external_task_marker_parent to None, run_after=None
[2024-11-18T21:17:38.804+0500] {processor.py:208} INFO - Processing /home/AtlasRise/airflow/airflow_env/lib/python3.12/site-packages/airflow/example_dags/example_external_task_marker_dag.py took 0.112 seconds
[2024-11-18T21:19:30.912+0500] {processor.py:186} INFO - Started process (PID=22097) to work on /home/AtlasRise/airflow/airflow_env/lib/python3.12/site-packages/airflow/example_dags/example_external_task_marker_dag.py
[2024-11-18T21:19:30.915+0500] {processor.py:914} INFO - Processing file /home/AtlasRise/airflow/airflow_env/lib/python3.12/site-packages/airflow/example_dags/example_external_task_marker_dag.py for tasks to queue
[2024-11-18T21:19:30.918+0500] {logging_mixin.py:190} INFO - [2024-11-18T21:19:30.917+0500] {dagbag.py:588} INFO - Filling up the DagBag from /home/AtlasRise/airflow/airflow_env/lib/python3.12/site-packages/airflow/example_dags/example_external_task_marker_dag.py
[2024-11-18T21:19:30.931+0500] {processor.py:925} INFO - DAG(s) 'example_external_task_marker_parent', 'example_external_task_marker_child' retrieved from /home/AtlasRise/airflow/airflow_env/lib/python3.12/site-packages/airflow/example_dags/example_external_task_marker_dag.py
[2024-11-18T21:19:30.961+0500] {logging_mixin.py:190} INFO - [2024-11-18T21:19:30.961+0500] {dag.py:3239} INFO - Sync 2 DAGs
[2024-11-18T21:19:30.982+0500] {logging_mixin.py:190} INFO - [2024-11-18T21:19:30.981+0500] {dag.py:4180} INFO - Setting next_dagrun for example_external_task_marker_child to None, run_after=None
[2024-11-18T21:19:30.987+0500] {logging_mixin.py:190} INFO - [2024-11-18T21:19:30.987+0500] {dag.py:4180} INFO - Setting next_dagrun for example_external_task_marker_parent to None, run_after=None
[2024-11-18T21:19:31.019+0500] {processor.py:208} INFO - Processing /home/AtlasRise/airflow/airflow_env/lib/python3.12/site-packages/airflow/example_dags/example_external_task_marker_dag.py took 0.116 seconds
[2024-11-18T21:20:48.174+0500] {processor.py:186} INFO - Started process (PID=22176) to work on /home/AtlasRise/airflow/airflow_env/lib/python3.12/site-packages/airflow/example_dags/example_external_task_marker_dag.py
[2024-11-18T21:20:48.177+0500] {processor.py:914} INFO - Processing file /home/AtlasRise/airflow/airflow_env/lib/python3.12/site-packages/airflow/example_dags/example_external_task_marker_dag.py for tasks to queue
[2024-11-18T21:20:48.180+0500] {logging_mixin.py:190} INFO - [2024-11-18T21:20:48.179+0500] {dagbag.py:588} INFO - Filling up the DagBag from /home/AtlasRise/airflow/airflow_env/lib/python3.12/site-packages/airflow/example_dags/example_external_task_marker_dag.py
[2024-11-18T21:20:48.192+0500] {processor.py:925} INFO - DAG(s) 'example_external_task_marker_parent', 'example_external_task_marker_child' retrieved from /home/AtlasRise/airflow/airflow_env/lib/python3.12/site-packages/airflow/example_dags/example_external_task_marker_dag.py
[2024-11-18T21:20:48.222+0500] {logging_mixin.py:190} INFO - [2024-11-18T21:20:48.221+0500] {dag.py:3239} INFO - Sync 2 DAGs
[2024-11-18T21:20:48.242+0500] {logging_mixin.py:190} INFO - [2024-11-18T21:20:48.242+0500] {dag.py:4180} INFO - Setting next_dagrun for example_external_task_marker_child to None, run_after=None
[2024-11-18T21:20:48.248+0500] {logging_mixin.py:190} INFO - [2024-11-18T21:20:48.248+0500] {dag.py:4180} INFO - Setting next_dagrun for example_external_task_marker_parent to None, run_after=None
[2024-11-18T21:20:48.277+0500] {processor.py:208} INFO - Processing /home/AtlasRise/airflow/airflow_env/lib/python3.12/site-packages/airflow/example_dags/example_external_task_marker_dag.py took 0.110 seconds
[2024-11-18T21:22:01.159+0500] {processor.py:186} INFO - Started process (PID=22280) to work on /home/AtlasRise/airflow/airflow_env/lib/python3.12/site-packages/airflow/example_dags/example_external_task_marker_dag.py
[2024-11-18T21:22:01.161+0500] {processor.py:914} INFO - Processing file /home/AtlasRise/airflow/airflow_env/lib/python3.12/site-packages/airflow/example_dags/example_external_task_marker_dag.py for tasks to queue
[2024-11-18T21:22:01.164+0500] {logging_mixin.py:190} INFO - [2024-11-18T21:22:01.164+0500] {dagbag.py:588} INFO - Filling up the DagBag from /home/AtlasRise/airflow/airflow_env/lib/python3.12/site-packages/airflow/example_dags/example_external_task_marker_dag.py
[2024-11-18T21:22:01.177+0500] {processor.py:925} INFO - DAG(s) 'example_external_task_marker_parent', 'example_external_task_marker_child' retrieved from /home/AtlasRise/airflow/airflow_env/lib/python3.12/site-packages/airflow/example_dags/example_external_task_marker_dag.py
[2024-11-18T21:22:01.206+0500] {logging_mixin.py:190} INFO - [2024-11-18T21:22:01.205+0500] {dag.py:3239} INFO - Sync 2 DAGs
[2024-11-18T21:22:01.228+0500] {logging_mixin.py:190} INFO - [2024-11-18T21:22:01.227+0500] {dag.py:4180} INFO - Setting next_dagrun for example_external_task_marker_child to None, run_after=None
[2024-11-18T21:22:01.233+0500] {logging_mixin.py:190} INFO - [2024-11-18T21:22:01.233+0500] {dag.py:4180} INFO - Setting next_dagrun for example_external_task_marker_parent to None, run_after=None
[2024-11-18T21:22:01.264+0500] {processor.py:208} INFO - Processing /home/AtlasRise/airflow/airflow_env/lib/python3.12/site-packages/airflow/example_dags/example_external_task_marker_dag.py took 0.113 seconds
