[2024-11-18T20:40:58.313+0500] {processor.py:186} INFO - Started process (PID=18946) to work on /home/AtlasRise/airflow/airflow_env/lib/python3.12/site-packages/airflow/example_dags/example_dataset_alias_with_no_taskflow.py
[2024-11-18T20:40:58.314+0500] {processor.py:914} INFO - Processing file /home/AtlasRise/airflow/airflow_env/lib/python3.12/site-packages/airflow/example_dags/example_dataset_alias_with_no_taskflow.py for tasks to queue
[2024-11-18T20:40:58.317+0500] {logging_mixin.py:190} INFO - [2024-11-18T20:40:58.316+0500] {dagbag.py:588} INFO - Filling up the DagBag from /home/AtlasRise/airflow/airflow_env/lib/python3.12/site-packages/airflow/example_dags/example_dataset_alias_with_no_taskflow.py
[2024-11-18T20:40:58.342+0500] {processor.py:925} INFO - DAG(s) 'dataset_s3_bucket_consumer_with_no_taskflow', 'dataset_alias_example_alias_consumer_with_no_taskflow', 'dataset_s3_bucket_producer_with_no_taskflow', 'dataset_alias_example_alias_producer_with_no_taskflow' retrieved from /home/AtlasRise/airflow/airflow_env/lib/python3.12/site-packages/airflow/example_dags/example_dataset_alias_with_no_taskflow.py
[2024-11-18T20:40:58.496+0500] {logging_mixin.py:190} INFO - [2024-11-18T20:40:58.495+0500] {override.py:1911} INFO - Created Permission View: can read on DAG:dataset_s3_bucket_consumer_with_no_taskflow
[2024-11-18T20:40:58.514+0500] {logging_mixin.py:190} INFO - [2024-11-18T20:40:58.513+0500] {override.py:1911} INFO - Created Permission View: can edit on DAG:dataset_s3_bucket_consumer_with_no_taskflow
[2024-11-18T20:40:58.527+0500] {logging_mixin.py:190} INFO - [2024-11-18T20:40:58.526+0500] {override.py:1911} INFO - Created Permission View: can delete on DAG:dataset_s3_bucket_consumer_with_no_taskflow
[2024-11-18T20:40:58.546+0500] {logging_mixin.py:190} INFO - [2024-11-18T20:40:58.545+0500] {override.py:1911} INFO - Created Permission View: can read on DAG Run:dataset_s3_bucket_consumer_with_no_taskflow
[2024-11-18T20:40:58.558+0500] {logging_mixin.py:190} INFO - [2024-11-18T20:40:58.557+0500] {override.py:1911} INFO - Created Permission View: can create on DAG Run:dataset_s3_bucket_consumer_with_no_taskflow
[2024-11-18T20:40:58.570+0500] {logging_mixin.py:190} INFO - [2024-11-18T20:40:58.569+0500] {override.py:1911} INFO - Created Permission View: can delete on DAG Run:dataset_s3_bucket_consumer_with_no_taskflow
[2024-11-18T20:40:58.586+0500] {logging_mixin.py:190} INFO - [2024-11-18T20:40:58.586+0500] {override.py:1911} INFO - Created Permission View: menu access on DAG Run:dataset_s3_bucket_consumer_with_no_taskflow
[2024-11-18T20:40:58.616+0500] {logging_mixin.py:190} INFO - [2024-11-18T20:40:58.616+0500] {override.py:1911} INFO - Created Permission View: can read on DAG:dataset_alias_example_alias_consumer_with_no_taskflow
[2024-11-18T20:40:58.629+0500] {logging_mixin.py:190} INFO - [2024-11-18T20:40:58.628+0500] {override.py:1911} INFO - Created Permission View: can edit on DAG:dataset_alias_example_alias_consumer_with_no_taskflow
[2024-11-18T20:40:58.640+0500] {logging_mixin.py:190} INFO - [2024-11-18T20:40:58.640+0500] {override.py:1911} INFO - Created Permission View: can delete on DAG:dataset_alias_example_alias_consumer_with_no_taskflow
[2024-11-18T20:40:58.659+0500] {logging_mixin.py:190} INFO - [2024-11-18T20:40:58.658+0500] {override.py:1911} INFO - Created Permission View: can read on DAG Run:dataset_alias_example_alias_consumer_with_no_taskflow
[2024-11-18T20:40:58.671+0500] {logging_mixin.py:190} INFO - [2024-11-18T20:40:58.670+0500] {override.py:1911} INFO - Created Permission View: can create on DAG Run:dataset_alias_example_alias_consumer_with_no_taskflow
[2024-11-18T20:40:58.683+0500] {logging_mixin.py:190} INFO - [2024-11-18T20:40:58.682+0500] {override.py:1911} INFO - Created Permission View: can delete on DAG Run:dataset_alias_example_alias_consumer_with_no_taskflow
[2024-11-18T20:40:58.695+0500] {logging_mixin.py:190} INFO - [2024-11-18T20:40:58.694+0500] {override.py:1911} INFO - Created Permission View: menu access on DAG Run:dataset_alias_example_alias_consumer_with_no_taskflow
[2024-11-18T20:40:58.725+0500] {logging_mixin.py:190} INFO - [2024-11-18T20:40:58.724+0500] {override.py:1911} INFO - Created Permission View: can read on DAG:dataset_s3_bucket_producer_with_no_taskflow
[2024-11-18T20:40:58.737+0500] {logging_mixin.py:190} INFO - [2024-11-18T20:40:58.736+0500] {override.py:1911} INFO - Created Permission View: can edit on DAG:dataset_s3_bucket_producer_with_no_taskflow
[2024-11-18T20:40:58.751+0500] {logging_mixin.py:190} INFO - [2024-11-18T20:40:58.750+0500] {override.py:1911} INFO - Created Permission View: can delete on DAG:dataset_s3_bucket_producer_with_no_taskflow
[2024-11-18T20:40:58.769+0500] {logging_mixin.py:190} INFO - [2024-11-18T20:40:58.769+0500] {override.py:1911} INFO - Created Permission View: can read on DAG Run:dataset_s3_bucket_producer_with_no_taskflow
[2024-11-18T20:40:58.782+0500] {logging_mixin.py:190} INFO - [2024-11-18T20:40:58.781+0500] {override.py:1911} INFO - Created Permission View: can create on DAG Run:dataset_s3_bucket_producer_with_no_taskflow
[2024-11-18T20:40:58.794+0500] {logging_mixin.py:190} INFO - [2024-11-18T20:40:58.793+0500] {override.py:1911} INFO - Created Permission View: can delete on DAG Run:dataset_s3_bucket_producer_with_no_taskflow
[2024-11-18T20:40:58.805+0500] {logging_mixin.py:190} INFO - [2024-11-18T20:40:58.804+0500] {override.py:1911} INFO - Created Permission View: menu access on DAG Run:dataset_s3_bucket_producer_with_no_taskflow
[2024-11-18T20:40:58.836+0500] {logging_mixin.py:190} INFO - [2024-11-18T20:40:58.835+0500] {override.py:1911} INFO - Created Permission View: can read on DAG:dataset_alias_example_alias_producer_with_no_taskflow
[2024-11-18T20:40:58.850+0500] {logging_mixin.py:190} INFO - [2024-11-18T20:40:58.849+0500] {override.py:1911} INFO - Created Permission View: can edit on DAG:dataset_alias_example_alias_producer_with_no_taskflow
[2024-11-18T20:40:58.864+0500] {logging_mixin.py:190} INFO - [2024-11-18T20:40:58.863+0500] {override.py:1911} INFO - Created Permission View: can delete on DAG:dataset_alias_example_alias_producer_with_no_taskflow
[2024-11-18T20:40:58.882+0500] {logging_mixin.py:190} INFO - [2024-11-18T20:40:58.881+0500] {override.py:1911} INFO - Created Permission View: can read on DAG Run:dataset_alias_example_alias_producer_with_no_taskflow
[2024-11-18T20:40:58.894+0500] {logging_mixin.py:190} INFO - [2024-11-18T20:40:58.893+0500] {override.py:1911} INFO - Created Permission View: can create on DAG Run:dataset_alias_example_alias_producer_with_no_taskflow
[2024-11-18T20:40:58.906+0500] {logging_mixin.py:190} INFO - [2024-11-18T20:40:58.905+0500] {override.py:1911} INFO - Created Permission View: can delete on DAG Run:dataset_alias_example_alias_producer_with_no_taskflow
[2024-11-18T20:40:58.918+0500] {logging_mixin.py:190} INFO - [2024-11-18T20:40:58.917+0500] {override.py:1911} INFO - Created Permission View: menu access on DAG Run:dataset_alias_example_alias_producer_with_no_taskflow
[2024-11-18T20:40:58.918+0500] {logging_mixin.py:190} INFO - [2024-11-18T20:40:58.918+0500] {dag.py:3239} INFO - Sync 4 DAGs
[2024-11-18T20:40:58.937+0500] {logging_mixin.py:190} INFO - [2024-11-18T20:40:58.936+0500] {dag.py:3262} INFO - Creating ORM DAG for dataset_alias_example_alias_producer_with_no_taskflow
[2024-11-18T20:40:58.937+0500] {logging_mixin.py:190} INFO - [2024-11-18T20:40:58.937+0500] {dag.py:3262} INFO - Creating ORM DAG for dataset_s3_bucket_producer_with_no_taskflow
[2024-11-18T20:40:58.938+0500] {logging_mixin.py:190} INFO - [2024-11-18T20:40:58.938+0500] {dag.py:3262} INFO - Creating ORM DAG for dataset_s3_bucket_consumer_with_no_taskflow
[2024-11-18T20:40:58.939+0500] {logging_mixin.py:190} INFO - [2024-11-18T20:40:58.939+0500] {dag.py:3262} INFO - Creating ORM DAG for dataset_alias_example_alias_consumer_with_no_taskflow
[2024-11-18T20:40:58.952+0500] {logging_mixin.py:190} INFO - [2024-11-18T20:40:58.951+0500] {dag.py:4180} INFO - Setting next_dagrun for dataset_alias_example_alias_consumer_with_no_taskflow to None, run_after=None
[2024-11-18T20:40:58.953+0500] {logging_mixin.py:190} INFO - [2024-11-18T20:40:58.953+0500] {dag.py:4180} INFO - Setting next_dagrun for dataset_alias_example_alias_producer_with_no_taskflow to None, run_after=None
[2024-11-18T20:40:58.954+0500] {logging_mixin.py:190} INFO - [2024-11-18T20:40:58.954+0500] {dag.py:4180} INFO - Setting next_dagrun for dataset_s3_bucket_consumer_with_no_taskflow to None, run_after=None
[2024-11-18T20:40:58.955+0500] {logging_mixin.py:190} INFO - [2024-11-18T20:40:58.954+0500] {dag.py:4180} INFO - Setting next_dagrun for dataset_s3_bucket_producer_with_no_taskflow to None, run_after=None
[2024-11-18T20:40:59.001+0500] {processor.py:208} INFO - Processing /home/AtlasRise/airflow/airflow_env/lib/python3.12/site-packages/airflow/example_dags/example_dataset_alias_with_no_taskflow.py took 0.695 seconds
[2024-11-18T20:42:08.503+0500] {processor.py:186} INFO - Started process (PID=19134) to work on /home/AtlasRise/airflow/airflow_env/lib/python3.12/site-packages/airflow/example_dags/example_dataset_alias_with_no_taskflow.py
[2024-11-18T20:42:08.505+0500] {processor.py:914} INFO - Processing file /home/AtlasRise/airflow/airflow_env/lib/python3.12/site-packages/airflow/example_dags/example_dataset_alias_with_no_taskflow.py for tasks to queue
[2024-11-18T20:42:08.508+0500] {logging_mixin.py:190} INFO - [2024-11-18T20:42:08.507+0500] {dagbag.py:588} INFO - Filling up the DagBag from /home/AtlasRise/airflow/airflow_env/lib/python3.12/site-packages/airflow/example_dags/example_dataset_alias_with_no_taskflow.py
[2024-11-18T20:42:08.542+0500] {processor.py:925} INFO - DAG(s) 'dataset_s3_bucket_producer_with_no_taskflow', 'dataset_alias_example_alias_consumer_with_no_taskflow', 'dataset_s3_bucket_consumer_with_no_taskflow', 'dataset_alias_example_alias_producer_with_no_taskflow' retrieved from /home/AtlasRise/airflow/airflow_env/lib/python3.12/site-packages/airflow/example_dags/example_dataset_alias_with_no_taskflow.py
[2024-11-18T20:42:08.573+0500] {logging_mixin.py:190} INFO - [2024-11-18T20:42:08.573+0500] {dag.py:3239} INFO - Sync 4 DAGs
[2024-11-18T20:42:08.604+0500] {logging_mixin.py:190} INFO - [2024-11-18T20:42:08.604+0500] {dag.py:4180} INFO - Setting next_dagrun for dataset_alias_example_alias_consumer_with_no_taskflow to None, run_after=None
[2024-11-18T20:42:08.608+0500] {logging_mixin.py:190} INFO - [2024-11-18T20:42:08.608+0500] {dag.py:4180} INFO - Setting next_dagrun for dataset_alias_example_alias_producer_with_no_taskflow to None, run_after=None
[2024-11-18T20:42:08.609+0500] {logging_mixin.py:190} INFO - [2024-11-18T20:42:08.609+0500] {dag.py:4180} INFO - Setting next_dagrun for dataset_s3_bucket_consumer_with_no_taskflow to None, run_after=None
[2024-11-18T20:42:08.611+0500] {logging_mixin.py:190} INFO - [2024-11-18T20:42:08.610+0500] {dag.py:4180} INFO - Setting next_dagrun for dataset_s3_bucket_producer_with_no_taskflow to None, run_after=None
[2024-11-18T20:42:08.646+0500] {processor.py:208} INFO - Processing /home/AtlasRise/airflow/airflow_env/lib/python3.12/site-packages/airflow/example_dags/example_dataset_alias_with_no_taskflow.py took 0.151 seconds
[2024-11-18T20:43:17.469+0500] {processor.py:186} INFO - Started process (PID=19209) to work on /home/AtlasRise/airflow/airflow_env/lib/python3.12/site-packages/airflow/example_dags/example_dataset_alias_with_no_taskflow.py
[2024-11-18T20:43:17.472+0500] {processor.py:914} INFO - Processing file /home/AtlasRise/airflow/airflow_env/lib/python3.12/site-packages/airflow/example_dags/example_dataset_alias_with_no_taskflow.py for tasks to queue
[2024-11-18T20:43:17.475+0500] {logging_mixin.py:190} INFO - [2024-11-18T20:43:17.474+0500] {dagbag.py:588} INFO - Filling up the DagBag from /home/AtlasRise/airflow/airflow_env/lib/python3.12/site-packages/airflow/example_dags/example_dataset_alias_with_no_taskflow.py
[2024-11-18T20:43:17.515+0500] {processor.py:925} INFO - DAG(s) 'dataset_s3_bucket_consumer_with_no_taskflow', 'dataset_alias_example_alias_producer_with_no_taskflow', 'dataset_s3_bucket_producer_with_no_taskflow', 'dataset_alias_example_alias_consumer_with_no_taskflow' retrieved from /home/AtlasRise/airflow/airflow_env/lib/python3.12/site-packages/airflow/example_dags/example_dataset_alias_with_no_taskflow.py
[2024-11-18T20:43:17.553+0500] {logging_mixin.py:190} INFO - [2024-11-18T20:43:17.553+0500] {dag.py:3239} INFO - Sync 4 DAGs
[2024-11-18T20:43:17.621+0500] {logging_mixin.py:190} INFO - [2024-11-18T20:43:17.621+0500] {dag.py:4180} INFO - Setting next_dagrun for dataset_alias_example_alias_consumer_with_no_taskflow to None, run_after=None
[2024-11-18T20:43:17.627+0500] {logging_mixin.py:190} INFO - [2024-11-18T20:43:17.626+0500] {dag.py:4180} INFO - Setting next_dagrun for dataset_alias_example_alias_producer_with_no_taskflow to None, run_after=None
[2024-11-18T20:43:17.628+0500] {logging_mixin.py:190} INFO - [2024-11-18T20:43:17.628+0500] {dag.py:4180} INFO - Setting next_dagrun for dataset_s3_bucket_consumer_with_no_taskflow to None, run_after=None
[2024-11-18T20:43:17.630+0500] {logging_mixin.py:190} INFO - [2024-11-18T20:43:17.630+0500] {dag.py:4180} INFO - Setting next_dagrun for dataset_s3_bucket_producer_with_no_taskflow to None, run_after=None
[2024-11-18T20:43:17.674+0500] {processor.py:208} INFO - Processing /home/AtlasRise/airflow/airflow_env/lib/python3.12/site-packages/airflow/example_dags/example_dataset_alias_with_no_taskflow.py took 0.214 seconds
[2024-11-18T20:44:23.941+0500] {processor.py:186} INFO - Started process (PID=19289) to work on /home/AtlasRise/airflow/airflow_env/lib/python3.12/site-packages/airflow/example_dags/example_dataset_alias_with_no_taskflow.py
[2024-11-18T20:44:23.944+0500] {processor.py:914} INFO - Processing file /home/AtlasRise/airflow/airflow_env/lib/python3.12/site-packages/airflow/example_dags/example_dataset_alias_with_no_taskflow.py for tasks to queue
[2024-11-18T20:44:23.947+0500] {logging_mixin.py:190} INFO - [2024-11-18T20:44:23.946+0500] {dagbag.py:588} INFO - Filling up the DagBag from /home/AtlasRise/airflow/airflow_env/lib/python3.12/site-packages/airflow/example_dags/example_dataset_alias_with_no_taskflow.py
[2024-11-18T20:44:23.979+0500] {processor.py:925} INFO - DAG(s) 'dataset_s3_bucket_consumer_with_no_taskflow', 'dataset_alias_example_alias_producer_with_no_taskflow', 'dataset_s3_bucket_producer_with_no_taskflow', 'dataset_alias_example_alias_consumer_with_no_taskflow' retrieved from /home/AtlasRise/airflow/airflow_env/lib/python3.12/site-packages/airflow/example_dags/example_dataset_alias_with_no_taskflow.py
[2024-11-18T20:44:24.012+0500] {logging_mixin.py:190} INFO - [2024-11-18T20:44:24.012+0500] {dag.py:3239} INFO - Sync 4 DAGs
[2024-11-18T20:44:24.044+0500] {logging_mixin.py:190} INFO - [2024-11-18T20:44:24.044+0500] {dag.py:4180} INFO - Setting next_dagrun for dataset_alias_example_alias_consumer_with_no_taskflow to None, run_after=None
[2024-11-18T20:44:24.048+0500] {logging_mixin.py:190} INFO - [2024-11-18T20:44:24.048+0500] {dag.py:4180} INFO - Setting next_dagrun for dataset_alias_example_alias_producer_with_no_taskflow to None, run_after=None
[2024-11-18T20:44:24.050+0500] {logging_mixin.py:190} INFO - [2024-11-18T20:44:24.050+0500] {dag.py:4180} INFO - Setting next_dagrun for dataset_s3_bucket_consumer_with_no_taskflow to None, run_after=None
[2024-11-18T20:44:24.052+0500] {logging_mixin.py:190} INFO - [2024-11-18T20:44:24.052+0500] {dag.py:4180} INFO - Setting next_dagrun for dataset_s3_bucket_producer_with_no_taskflow to None, run_after=None
[2024-11-18T20:44:24.087+0500] {processor.py:208} INFO - Processing /home/AtlasRise/airflow/airflow_env/lib/python3.12/site-packages/airflow/example_dags/example_dataset_alias_with_no_taskflow.py took 0.154 seconds
[2024-11-18T20:45:30.670+0500] {processor.py:186} INFO - Started process (PID=19476) to work on /home/AtlasRise/airflow/airflow_env/lib/python3.12/site-packages/airflow/example_dags/example_dataset_alias_with_no_taskflow.py
[2024-11-18T20:45:30.673+0500] {processor.py:914} INFO - Processing file /home/AtlasRise/airflow/airflow_env/lib/python3.12/site-packages/airflow/example_dags/example_dataset_alias_with_no_taskflow.py for tasks to queue
[2024-11-18T20:45:30.676+0500] {logging_mixin.py:190} INFO - [2024-11-18T20:45:30.675+0500] {dagbag.py:588} INFO - Filling up the DagBag from /home/AtlasRise/airflow/airflow_env/lib/python3.12/site-packages/airflow/example_dags/example_dataset_alias_with_no_taskflow.py
[2024-11-18T20:45:30.710+0500] {processor.py:925} INFO - DAG(s) 'dataset_alias_example_alias_consumer_with_no_taskflow', 'dataset_s3_bucket_producer_with_no_taskflow', 'dataset_s3_bucket_consumer_with_no_taskflow', 'dataset_alias_example_alias_producer_with_no_taskflow' retrieved from /home/AtlasRise/airflow/airflow_env/lib/python3.12/site-packages/airflow/example_dags/example_dataset_alias_with_no_taskflow.py
[2024-11-18T20:45:30.742+0500] {logging_mixin.py:190} INFO - [2024-11-18T20:45:30.742+0500] {dag.py:3239} INFO - Sync 4 DAGs
[2024-11-18T20:45:30.935+0500] {logging_mixin.py:190} INFO - [2024-11-18T20:45:30.934+0500] {dag.py:4180} INFO - Setting next_dagrun for dataset_alias_example_alias_consumer_with_no_taskflow to None, run_after=None
[2024-11-18T20:45:30.939+0500] {logging_mixin.py:190} INFO - [2024-11-18T20:45:30.939+0500] {dag.py:4180} INFO - Setting next_dagrun for dataset_alias_example_alias_producer_with_no_taskflow to None, run_after=None
[2024-11-18T20:45:30.941+0500] {logging_mixin.py:190} INFO - [2024-11-18T20:45:30.940+0500] {dag.py:4180} INFO - Setting next_dagrun for dataset_s3_bucket_consumer_with_no_taskflow to None, run_after=None
[2024-11-18T20:45:30.943+0500] {logging_mixin.py:190} INFO - [2024-11-18T20:45:30.942+0500] {dag.py:4180} INFO - Setting next_dagrun for dataset_s3_bucket_producer_with_no_taskflow to None, run_after=None
[2024-11-18T20:45:30.982+0500] {processor.py:208} INFO - Processing /home/AtlasRise/airflow/airflow_env/lib/python3.12/site-packages/airflow/example_dags/example_dataset_alias_with_no_taskflow.py took 0.319 seconds
[2024-11-18T20:46:49.572+0500] {processor.py:186} INFO - Started process (PID=19581) to work on /home/AtlasRise/airflow/airflow_env/lib/python3.12/site-packages/airflow/example_dags/example_dataset_alias_with_no_taskflow.py
[2024-11-18T20:46:49.573+0500] {processor.py:914} INFO - Processing file /home/AtlasRise/airflow/airflow_env/lib/python3.12/site-packages/airflow/example_dags/example_dataset_alias_with_no_taskflow.py for tasks to queue
[2024-11-18T20:46:49.576+0500] {logging_mixin.py:190} INFO - [2024-11-18T20:46:49.576+0500] {dagbag.py:588} INFO - Filling up the DagBag from /home/AtlasRise/airflow/airflow_env/lib/python3.12/site-packages/airflow/example_dags/example_dataset_alias_with_no_taskflow.py
[2024-11-18T20:46:49.610+0500] {processor.py:925} INFO - DAG(s) 'dataset_s3_bucket_consumer_with_no_taskflow', 'dataset_alias_example_alias_consumer_with_no_taskflow', 'dataset_s3_bucket_producer_with_no_taskflow', 'dataset_alias_example_alias_producer_with_no_taskflow' retrieved from /home/AtlasRise/airflow/airflow_env/lib/python3.12/site-packages/airflow/example_dags/example_dataset_alias_with_no_taskflow.py
[2024-11-18T20:46:49.641+0500] {logging_mixin.py:190} INFO - [2024-11-18T20:46:49.641+0500] {dag.py:3239} INFO - Sync 4 DAGs
[2024-11-18T20:46:49.675+0500] {logging_mixin.py:190} INFO - [2024-11-18T20:46:49.675+0500] {dag.py:4180} INFO - Setting next_dagrun for dataset_alias_example_alias_consumer_with_no_taskflow to None, run_after=None
[2024-11-18T20:46:49.679+0500] {logging_mixin.py:190} INFO - [2024-11-18T20:46:49.679+0500] {dag.py:4180} INFO - Setting next_dagrun for dataset_alias_example_alias_producer_with_no_taskflow to None, run_after=None
[2024-11-18T20:46:49.680+0500] {logging_mixin.py:190} INFO - [2024-11-18T20:46:49.680+0500] {dag.py:4180} INFO - Setting next_dagrun for dataset_s3_bucket_consumer_with_no_taskflow to None, run_after=None
[2024-11-18T20:46:49.681+0500] {logging_mixin.py:190} INFO - [2024-11-18T20:46:49.681+0500] {dag.py:4180} INFO - Setting next_dagrun for dataset_s3_bucket_producer_with_no_taskflow to None, run_after=None
[2024-11-18T20:46:49.718+0500] {processor.py:208} INFO - Processing /home/AtlasRise/airflow/airflow_env/lib/python3.12/site-packages/airflow/example_dags/example_dataset_alias_with_no_taskflow.py took 0.154 seconds
[2024-11-18T20:47:58.715+0500] {processor.py:186} INFO - Started process (PID=19736) to work on /home/AtlasRise/airflow/airflow_env/lib/python3.12/site-packages/airflow/example_dags/example_dataset_alias_with_no_taskflow.py
[2024-11-18T20:47:58.717+0500] {processor.py:914} INFO - Processing file /home/AtlasRise/airflow/airflow_env/lib/python3.12/site-packages/airflow/example_dags/example_dataset_alias_with_no_taskflow.py for tasks to queue
[2024-11-18T20:47:58.721+0500] {logging_mixin.py:190} INFO - [2024-11-18T20:47:58.720+0500] {dagbag.py:588} INFO - Filling up the DagBag from /home/AtlasRise/airflow/airflow_env/lib/python3.12/site-packages/airflow/example_dags/example_dataset_alias_with_no_taskflow.py
[2024-11-18T20:47:58.757+0500] {processor.py:925} INFO - DAG(s) 'dataset_alias_example_alias_consumer_with_no_taskflow', 'dataset_s3_bucket_consumer_with_no_taskflow', 'dataset_s3_bucket_producer_with_no_taskflow', 'dataset_alias_example_alias_producer_with_no_taskflow' retrieved from /home/AtlasRise/airflow/airflow_env/lib/python3.12/site-packages/airflow/example_dags/example_dataset_alias_with_no_taskflow.py
[2024-11-18T20:47:58.789+0500] {logging_mixin.py:190} INFO - [2024-11-18T20:47:58.789+0500] {dag.py:3239} INFO - Sync 4 DAGs
[2024-11-18T20:47:58.824+0500] {logging_mixin.py:190} INFO - [2024-11-18T20:47:58.823+0500] {dag.py:4180} INFO - Setting next_dagrun for dataset_alias_example_alias_consumer_with_no_taskflow to None, run_after=None
[2024-11-18T20:47:58.828+0500] {logging_mixin.py:190} INFO - [2024-11-18T20:47:58.827+0500] {dag.py:4180} INFO - Setting next_dagrun for dataset_alias_example_alias_producer_with_no_taskflow to None, run_after=None
[2024-11-18T20:47:58.829+0500] {logging_mixin.py:190} INFO - [2024-11-18T20:47:58.829+0500] {dag.py:4180} INFO - Setting next_dagrun for dataset_s3_bucket_consumer_with_no_taskflow to None, run_after=None
[2024-11-18T20:47:58.830+0500] {logging_mixin.py:190} INFO - [2024-11-18T20:47:58.830+0500] {dag.py:4180} INFO - Setting next_dagrun for dataset_s3_bucket_producer_with_no_taskflow to None, run_after=None
[2024-11-18T20:47:58.870+0500] {processor.py:208} INFO - Processing /home/AtlasRise/airflow/airflow_env/lib/python3.12/site-packages/airflow/example_dags/example_dataset_alias_with_no_taskflow.py took 0.163 seconds
[2024-11-18T20:49:05.138+0500] {processor.py:186} INFO - Started process (PID=19819) to work on /home/AtlasRise/airflow/airflow_env/lib/python3.12/site-packages/airflow/example_dags/example_dataset_alias_with_no_taskflow.py
[2024-11-18T20:49:05.142+0500] {processor.py:914} INFO - Processing file /home/AtlasRise/airflow/airflow_env/lib/python3.12/site-packages/airflow/example_dags/example_dataset_alias_with_no_taskflow.py for tasks to queue
[2024-11-18T20:49:05.151+0500] {logging_mixin.py:190} INFO - [2024-11-18T20:49:05.150+0500] {dagbag.py:588} INFO - Filling up the DagBag from /home/AtlasRise/airflow/airflow_env/lib/python3.12/site-packages/airflow/example_dags/example_dataset_alias_with_no_taskflow.py
[2024-11-18T20:49:05.191+0500] {processor.py:925} INFO - DAG(s) 'dataset_alias_example_alias_producer_with_no_taskflow', 'dataset_s3_bucket_producer_with_no_taskflow', 'dataset_s3_bucket_consumer_with_no_taskflow', 'dataset_alias_example_alias_consumer_with_no_taskflow' retrieved from /home/AtlasRise/airflow/airflow_env/lib/python3.12/site-packages/airflow/example_dags/example_dataset_alias_with_no_taskflow.py
[2024-11-18T20:49:05.234+0500] {logging_mixin.py:190} INFO - [2024-11-18T20:49:05.234+0500] {dag.py:3239} INFO - Sync 4 DAGs
[2024-11-18T20:49:05.323+0500] {logging_mixin.py:190} INFO - [2024-11-18T20:49:05.322+0500] {dag.py:4180} INFO - Setting next_dagrun for dataset_alias_example_alias_consumer_with_no_taskflow to None, run_after=None
[2024-11-18T20:49:05.329+0500] {logging_mixin.py:190} INFO - [2024-11-18T20:49:05.329+0500] {dag.py:4180} INFO - Setting next_dagrun for dataset_alias_example_alias_producer_with_no_taskflow to None, run_after=None
[2024-11-18T20:49:05.358+0500] {logging_mixin.py:190} INFO - [2024-11-18T20:49:05.357+0500] {dag.py:4180} INFO - Setting next_dagrun for dataset_s3_bucket_consumer_with_no_taskflow to None, run_after=None
[2024-11-18T20:49:05.359+0500] {logging_mixin.py:190} INFO - [2024-11-18T20:49:05.359+0500] {dag.py:4180} INFO - Setting next_dagrun for dataset_s3_bucket_producer_with_no_taskflow to None, run_after=None
[2024-11-18T20:49:05.528+0500] {processor.py:208} INFO - Processing /home/AtlasRise/airflow/airflow_env/lib/python3.12/site-packages/airflow/example_dags/example_dataset_alias_with_no_taskflow.py took 0.402 seconds
[2024-11-18T20:50:12.554+0500] {processor.py:186} INFO - Started process (PID=19893) to work on /home/AtlasRise/airflow/airflow_env/lib/python3.12/site-packages/airflow/example_dags/example_dataset_alias_with_no_taskflow.py
[2024-11-18T20:50:12.556+0500] {processor.py:914} INFO - Processing file /home/AtlasRise/airflow/airflow_env/lib/python3.12/site-packages/airflow/example_dags/example_dataset_alias_with_no_taskflow.py for tasks to queue
[2024-11-18T20:50:12.559+0500] {logging_mixin.py:190} INFO - [2024-11-18T20:50:12.559+0500] {dagbag.py:588} INFO - Filling up the DagBag from /home/AtlasRise/airflow/airflow_env/lib/python3.12/site-packages/airflow/example_dags/example_dataset_alias_with_no_taskflow.py
[2024-11-18T20:50:12.596+0500] {processor.py:925} INFO - DAG(s) 'dataset_s3_bucket_consumer_with_no_taskflow', 'dataset_alias_example_alias_producer_with_no_taskflow', 'dataset_s3_bucket_producer_with_no_taskflow', 'dataset_alias_example_alias_consumer_with_no_taskflow' retrieved from /home/AtlasRise/airflow/airflow_env/lib/python3.12/site-packages/airflow/example_dags/example_dataset_alias_with_no_taskflow.py
[2024-11-18T20:50:12.639+0500] {logging_mixin.py:190} INFO - [2024-11-18T20:50:12.638+0500] {dag.py:3239} INFO - Sync 4 DAGs
[2024-11-18T20:50:12.715+0500] {logging_mixin.py:190} INFO - [2024-11-18T20:50:12.713+0500] {dag.py:4180} INFO - Setting next_dagrun for dataset_alias_example_alias_consumer_with_no_taskflow to None, run_after=None
[2024-11-18T20:50:12.725+0500] {logging_mixin.py:190} INFO - [2024-11-18T20:50:12.725+0500] {dag.py:4180} INFO - Setting next_dagrun for dataset_alias_example_alias_producer_with_no_taskflow to None, run_after=None
[2024-11-18T20:50:12.730+0500] {logging_mixin.py:190} INFO - [2024-11-18T20:50:12.727+0500] {dag.py:4180} INFO - Setting next_dagrun for dataset_s3_bucket_consumer_with_no_taskflow to None, run_after=None
[2024-11-18T20:50:12.732+0500] {logging_mixin.py:190} INFO - [2024-11-18T20:50:12.732+0500] {dag.py:4180} INFO - Setting next_dagrun for dataset_s3_bucket_producer_with_no_taskflow to None, run_after=None
[2024-11-18T20:50:12.782+0500] {processor.py:208} INFO - Processing /home/AtlasRise/airflow/airflow_env/lib/python3.12/site-packages/airflow/example_dags/example_dataset_alias_with_no_taskflow.py took 0.237 seconds
[2024-11-18T20:51:24.352+0500] {processor.py:186} INFO - Started process (PID=19965) to work on /home/AtlasRise/airflow/airflow_env/lib/python3.12/site-packages/airflow/example_dags/example_dataset_alias_with_no_taskflow.py
[2024-11-18T20:51:24.355+0500] {processor.py:914} INFO - Processing file /home/AtlasRise/airflow/airflow_env/lib/python3.12/site-packages/airflow/example_dags/example_dataset_alias_with_no_taskflow.py for tasks to queue
[2024-11-18T20:51:24.358+0500] {logging_mixin.py:190} INFO - [2024-11-18T20:51:24.357+0500] {dagbag.py:588} INFO - Filling up the DagBag from /home/AtlasRise/airflow/airflow_env/lib/python3.12/site-packages/airflow/example_dags/example_dataset_alias_with_no_taskflow.py
[2024-11-18T20:51:24.392+0500] {processor.py:925} INFO - DAG(s) 'dataset_alias_example_alias_producer_with_no_taskflow', 'dataset_s3_bucket_consumer_with_no_taskflow', 'dataset_s3_bucket_producer_with_no_taskflow', 'dataset_alias_example_alias_consumer_with_no_taskflow' retrieved from /home/AtlasRise/airflow/airflow_env/lib/python3.12/site-packages/airflow/example_dags/example_dataset_alias_with_no_taskflow.py
[2024-11-18T20:51:24.431+0500] {logging_mixin.py:190} INFO - [2024-11-18T20:51:24.430+0500] {dag.py:3239} INFO - Sync 4 DAGs
[2024-11-18T20:51:24.468+0500] {logging_mixin.py:190} INFO - [2024-11-18T20:51:24.467+0500] {dag.py:4180} INFO - Setting next_dagrun for dataset_alias_example_alias_consumer_with_no_taskflow to None, run_after=None
[2024-11-18T20:51:24.471+0500] {logging_mixin.py:190} INFO - [2024-11-18T20:51:24.471+0500] {dag.py:4180} INFO - Setting next_dagrun for dataset_alias_example_alias_producer_with_no_taskflow to None, run_after=None
[2024-11-18T20:51:24.474+0500] {logging_mixin.py:190} INFO - [2024-11-18T20:51:24.473+0500] {dag.py:4180} INFO - Setting next_dagrun for dataset_s3_bucket_consumer_with_no_taskflow to None, run_after=None
[2024-11-18T20:51:24.476+0500] {logging_mixin.py:190} INFO - [2024-11-18T20:51:24.476+0500] {dag.py:4180} INFO - Setting next_dagrun for dataset_s3_bucket_producer_with_no_taskflow to None, run_after=None
[2024-11-18T20:51:24.515+0500] {processor.py:208} INFO - Processing /home/AtlasRise/airflow/airflow_env/lib/python3.12/site-packages/airflow/example_dags/example_dataset_alias_with_no_taskflow.py took 0.171 seconds
[2024-11-18T20:52:35.302+0500] {processor.py:186} INFO - Started process (PID=20058) to work on /home/AtlasRise/airflow/airflow_env/lib/python3.12/site-packages/airflow/example_dags/example_dataset_alias_with_no_taskflow.py
[2024-11-18T20:52:35.305+0500] {processor.py:914} INFO - Processing file /home/AtlasRise/airflow/airflow_env/lib/python3.12/site-packages/airflow/example_dags/example_dataset_alias_with_no_taskflow.py for tasks to queue
[2024-11-18T20:52:35.308+0500] {logging_mixin.py:190} INFO - [2024-11-18T20:52:35.308+0500] {dagbag.py:588} INFO - Filling up the DagBag from /home/AtlasRise/airflow/airflow_env/lib/python3.12/site-packages/airflow/example_dags/example_dataset_alias_with_no_taskflow.py
[2024-11-18T20:52:35.366+0500] {processor.py:925} INFO - DAG(s) 'dataset_alias_example_alias_consumer_with_no_taskflow', 'dataset_s3_bucket_consumer_with_no_taskflow', 'dataset_alias_example_alias_producer_with_no_taskflow', 'dataset_s3_bucket_producer_with_no_taskflow' retrieved from /home/AtlasRise/airflow/airflow_env/lib/python3.12/site-packages/airflow/example_dags/example_dataset_alias_with_no_taskflow.py
[2024-11-18T20:52:35.462+0500] {logging_mixin.py:190} INFO - [2024-11-18T20:52:35.461+0500] {dag.py:3239} INFO - Sync 4 DAGs
[2024-11-18T20:52:35.516+0500] {logging_mixin.py:190} INFO - [2024-11-18T20:52:35.515+0500] {dag.py:4180} INFO - Setting next_dagrun for dataset_alias_example_alias_consumer_with_no_taskflow to None, run_after=None
[2024-11-18T20:52:35.521+0500] {logging_mixin.py:190} INFO - [2024-11-18T20:52:35.521+0500] {dag.py:4180} INFO - Setting next_dagrun for dataset_alias_example_alias_producer_with_no_taskflow to None, run_after=None
[2024-11-18T20:52:35.523+0500] {logging_mixin.py:190} INFO - [2024-11-18T20:52:35.522+0500] {dag.py:4180} INFO - Setting next_dagrun for dataset_s3_bucket_consumer_with_no_taskflow to None, run_after=None
[2024-11-18T20:52:35.524+0500] {logging_mixin.py:190} INFO - [2024-11-18T20:52:35.523+0500] {dag.py:4180} INFO - Setting next_dagrun for dataset_s3_bucket_producer_with_no_taskflow to None, run_after=None
[2024-11-18T20:52:35.566+0500] {processor.py:208} INFO - Processing /home/AtlasRise/airflow/airflow_env/lib/python3.12/site-packages/airflow/example_dags/example_dataset_alias_with_no_taskflow.py took 0.273 seconds
[2024-11-18T20:53:42.384+0500] {processor.py:186} INFO - Started process (PID=20123) to work on /home/AtlasRise/airflow/airflow_env/lib/python3.12/site-packages/airflow/example_dags/example_dataset_alias_with_no_taskflow.py
[2024-11-18T20:53:42.387+0500] {processor.py:914} INFO - Processing file /home/AtlasRise/airflow/airflow_env/lib/python3.12/site-packages/airflow/example_dags/example_dataset_alias_with_no_taskflow.py for tasks to queue
[2024-11-18T20:53:42.390+0500] {logging_mixin.py:190} INFO - [2024-11-18T20:53:42.389+0500] {dagbag.py:588} INFO - Filling up the DagBag from /home/AtlasRise/airflow/airflow_env/lib/python3.12/site-packages/airflow/example_dags/example_dataset_alias_with_no_taskflow.py
[2024-11-18T20:53:42.424+0500] {processor.py:925} INFO - DAG(s) 'dataset_s3_bucket_producer_with_no_taskflow', 'dataset_alias_example_alias_producer_with_no_taskflow', 'dataset_s3_bucket_consumer_with_no_taskflow', 'dataset_alias_example_alias_consumer_with_no_taskflow' retrieved from /home/AtlasRise/airflow/airflow_env/lib/python3.12/site-packages/airflow/example_dags/example_dataset_alias_with_no_taskflow.py
[2024-11-18T20:53:42.456+0500] {logging_mixin.py:190} INFO - [2024-11-18T20:53:42.456+0500] {dag.py:3239} INFO - Sync 4 DAGs
[2024-11-18T20:53:42.489+0500] {logging_mixin.py:190} INFO - [2024-11-18T20:53:42.488+0500] {dag.py:4180} INFO - Setting next_dagrun for dataset_alias_example_alias_consumer_with_no_taskflow to None, run_after=None
[2024-11-18T20:53:42.492+0500] {logging_mixin.py:190} INFO - [2024-11-18T20:53:42.492+0500] {dag.py:4180} INFO - Setting next_dagrun for dataset_alias_example_alias_producer_with_no_taskflow to None, run_after=None
[2024-11-18T20:53:42.493+0500] {logging_mixin.py:190} INFO - [2024-11-18T20:53:42.493+0500] {dag.py:4180} INFO - Setting next_dagrun for dataset_s3_bucket_consumer_with_no_taskflow to None, run_after=None
[2024-11-18T20:53:42.494+0500] {logging_mixin.py:190} INFO - [2024-11-18T20:53:42.494+0500] {dag.py:4180} INFO - Setting next_dagrun for dataset_s3_bucket_producer_with_no_taskflow to None, run_after=None
[2024-11-18T20:53:42.531+0500] {processor.py:208} INFO - Processing /home/AtlasRise/airflow/airflow_env/lib/python3.12/site-packages/airflow/example_dags/example_dataset_alias_with_no_taskflow.py took 0.155 seconds
[2024-11-18T20:55:00.058+0500] {processor.py:186} INFO - Started process (PID=20220) to work on /home/AtlasRise/airflow/airflow_env/lib/python3.12/site-packages/airflow/example_dags/example_dataset_alias_with_no_taskflow.py
[2024-11-18T20:55:00.060+0500] {processor.py:914} INFO - Processing file /home/AtlasRise/airflow/airflow_env/lib/python3.12/site-packages/airflow/example_dags/example_dataset_alias_with_no_taskflow.py for tasks to queue
[2024-11-18T20:55:00.063+0500] {logging_mixin.py:190} INFO - [2024-11-18T20:55:00.062+0500] {dagbag.py:588} INFO - Filling up the DagBag from /home/AtlasRise/airflow/airflow_env/lib/python3.12/site-packages/airflow/example_dags/example_dataset_alias_with_no_taskflow.py
[2024-11-18T20:55:00.097+0500] {processor.py:925} INFO - DAG(s) 'dataset_s3_bucket_producer_with_no_taskflow', 'dataset_alias_example_alias_consumer_with_no_taskflow', 'dataset_alias_example_alias_producer_with_no_taskflow', 'dataset_s3_bucket_consumer_with_no_taskflow' retrieved from /home/AtlasRise/airflow/airflow_env/lib/python3.12/site-packages/airflow/example_dags/example_dataset_alias_with_no_taskflow.py
[2024-11-18T20:55:00.132+0500] {logging_mixin.py:190} INFO - [2024-11-18T20:55:00.131+0500] {dag.py:3239} INFO - Sync 4 DAGs
[2024-11-18T20:55:00.165+0500] {logging_mixin.py:190} INFO - [2024-11-18T20:55:00.165+0500] {dag.py:4180} INFO - Setting next_dagrun for dataset_alias_example_alias_consumer_with_no_taskflow to None, run_after=None
[2024-11-18T20:55:00.169+0500] {logging_mixin.py:190} INFO - [2024-11-18T20:55:00.168+0500] {dag.py:4180} INFO - Setting next_dagrun for dataset_alias_example_alias_producer_with_no_taskflow to None, run_after=None
[2024-11-18T20:55:00.170+0500] {logging_mixin.py:190} INFO - [2024-11-18T20:55:00.170+0500] {dag.py:4180} INFO - Setting next_dagrun for dataset_s3_bucket_consumer_with_no_taskflow to None, run_after=None
[2024-11-18T20:55:00.172+0500] {logging_mixin.py:190} INFO - [2024-11-18T20:55:00.172+0500] {dag.py:4180} INFO - Setting next_dagrun for dataset_s3_bucket_producer_with_no_taskflow to None, run_after=None
[2024-11-18T20:55:00.215+0500] {processor.py:208} INFO - Processing /home/AtlasRise/airflow/airflow_env/lib/python3.12/site-packages/airflow/example_dags/example_dataset_alias_with_no_taskflow.py took 0.166 seconds
[2024-11-18T20:56:23.424+0500] {processor.py:186} INFO - Started process (PID=20305) to work on /home/AtlasRise/airflow/airflow_env/lib/python3.12/site-packages/airflow/example_dags/example_dataset_alias_with_no_taskflow.py
[2024-11-18T20:56:23.426+0500] {processor.py:914} INFO - Processing file /home/AtlasRise/airflow/airflow_env/lib/python3.12/site-packages/airflow/example_dags/example_dataset_alias_with_no_taskflow.py for tasks to queue
[2024-11-18T20:56:23.429+0500] {logging_mixin.py:190} INFO - [2024-11-18T20:56:23.428+0500] {dagbag.py:588} INFO - Filling up the DagBag from /home/AtlasRise/airflow/airflow_env/lib/python3.12/site-packages/airflow/example_dags/example_dataset_alias_with_no_taskflow.py
[2024-11-18T20:56:23.463+0500] {processor.py:925} INFO - DAG(s) 'dataset_s3_bucket_producer_with_no_taskflow', 'dataset_s3_bucket_consumer_with_no_taskflow', 'dataset_alias_example_alias_consumer_with_no_taskflow', 'dataset_alias_example_alias_producer_with_no_taskflow' retrieved from /home/AtlasRise/airflow/airflow_env/lib/python3.12/site-packages/airflow/example_dags/example_dataset_alias_with_no_taskflow.py
[2024-11-18T20:56:23.495+0500] {logging_mixin.py:190} INFO - [2024-11-18T20:56:23.494+0500] {dag.py:3239} INFO - Sync 4 DAGs
[2024-11-18T20:56:23.527+0500] {logging_mixin.py:190} INFO - [2024-11-18T20:56:23.527+0500] {dag.py:4180} INFO - Setting next_dagrun for dataset_alias_example_alias_consumer_with_no_taskflow to None, run_after=None
[2024-11-18T20:56:23.531+0500] {logging_mixin.py:190} INFO - [2024-11-18T20:56:23.530+0500] {dag.py:4180} INFO - Setting next_dagrun for dataset_alias_example_alias_producer_with_no_taskflow to None, run_after=None
[2024-11-18T20:56:23.532+0500] {logging_mixin.py:190} INFO - [2024-11-18T20:56:23.532+0500] {dag.py:4180} INFO - Setting next_dagrun for dataset_s3_bucket_consumer_with_no_taskflow to None, run_after=None
[2024-11-18T20:56:23.533+0500] {logging_mixin.py:190} INFO - [2024-11-18T20:56:23.533+0500] {dag.py:4180} INFO - Setting next_dagrun for dataset_s3_bucket_producer_with_no_taskflow to None, run_after=None
[2024-11-18T20:56:23.572+0500] {processor.py:208} INFO - Processing /home/AtlasRise/airflow/airflow_env/lib/python3.12/site-packages/airflow/example_dags/example_dataset_alias_with_no_taskflow.py took 0.157 seconds
[2024-11-18T20:57:37.670+0500] {processor.py:186} INFO - Started process (PID=20392) to work on /home/AtlasRise/airflow/airflow_env/lib/python3.12/site-packages/airflow/example_dags/example_dataset_alias_with_no_taskflow.py
[2024-11-18T20:57:37.673+0500] {processor.py:914} INFO - Processing file /home/AtlasRise/airflow/airflow_env/lib/python3.12/site-packages/airflow/example_dags/example_dataset_alias_with_no_taskflow.py for tasks to queue
[2024-11-18T20:57:37.677+0500] {logging_mixin.py:190} INFO - [2024-11-18T20:57:37.676+0500] {dagbag.py:588} INFO - Filling up the DagBag from /home/AtlasRise/airflow/airflow_env/lib/python3.12/site-packages/airflow/example_dags/example_dataset_alias_with_no_taskflow.py
[2024-11-18T20:57:37.715+0500] {processor.py:925} INFO - DAG(s) 'dataset_alias_example_alias_producer_with_no_taskflow', 'dataset_alias_example_alias_consumer_with_no_taskflow', 'dataset_s3_bucket_consumer_with_no_taskflow', 'dataset_s3_bucket_producer_with_no_taskflow' retrieved from /home/AtlasRise/airflow/airflow_env/lib/python3.12/site-packages/airflow/example_dags/example_dataset_alias_with_no_taskflow.py
[2024-11-18T20:57:37.750+0500] {logging_mixin.py:190} INFO - [2024-11-18T20:57:37.749+0500] {dag.py:3239} INFO - Sync 4 DAGs
[2024-11-18T20:57:37.785+0500] {logging_mixin.py:190} INFO - [2024-11-18T20:57:37.784+0500] {dag.py:4180} INFO - Setting next_dagrun for dataset_alias_example_alias_consumer_with_no_taskflow to None, run_after=None
[2024-11-18T20:57:37.788+0500] {logging_mixin.py:190} INFO - [2024-11-18T20:57:37.788+0500] {dag.py:4180} INFO - Setting next_dagrun for dataset_alias_example_alias_producer_with_no_taskflow to None, run_after=None
[2024-11-18T20:57:37.789+0500] {logging_mixin.py:190} INFO - [2024-11-18T20:57:37.789+0500] {dag.py:4180} INFO - Setting next_dagrun for dataset_s3_bucket_consumer_with_no_taskflow to None, run_after=None
[2024-11-18T20:57:37.791+0500] {logging_mixin.py:190} INFO - [2024-11-18T20:57:37.790+0500] {dag.py:4180} INFO - Setting next_dagrun for dataset_s3_bucket_producer_with_no_taskflow to None, run_after=None
[2024-11-18T20:57:37.830+0500] {processor.py:208} INFO - Processing /home/AtlasRise/airflow/airflow_env/lib/python3.12/site-packages/airflow/example_dags/example_dataset_alias_with_no_taskflow.py took 0.170 seconds
[2024-11-18T20:58:48.277+0500] {processor.py:186} INFO - Started process (PID=20483) to work on /home/AtlasRise/airflow/airflow_env/lib/python3.12/site-packages/airflow/example_dags/example_dataset_alias_with_no_taskflow.py
[2024-11-18T20:58:48.278+0500] {processor.py:914} INFO - Processing file /home/AtlasRise/airflow/airflow_env/lib/python3.12/site-packages/airflow/example_dags/example_dataset_alias_with_no_taskflow.py for tasks to queue
[2024-11-18T20:58:48.281+0500] {logging_mixin.py:190} INFO - [2024-11-18T20:58:48.281+0500] {dagbag.py:588} INFO - Filling up the DagBag from /home/AtlasRise/airflow/airflow_env/lib/python3.12/site-packages/airflow/example_dags/example_dataset_alias_with_no_taskflow.py
[2024-11-18T20:58:48.315+0500] {processor.py:925} INFO - DAG(s) 'dataset_alias_example_alias_consumer_with_no_taskflow', 'dataset_alias_example_alias_producer_with_no_taskflow', 'dataset_s3_bucket_producer_with_no_taskflow', 'dataset_s3_bucket_consumer_with_no_taskflow' retrieved from /home/AtlasRise/airflow/airflow_env/lib/python3.12/site-packages/airflow/example_dags/example_dataset_alias_with_no_taskflow.py
[2024-11-18T20:58:48.348+0500] {logging_mixin.py:190} INFO - [2024-11-18T20:58:48.348+0500] {dag.py:3239} INFO - Sync 4 DAGs
[2024-11-18T20:58:48.381+0500] {logging_mixin.py:190} INFO - [2024-11-18T20:58:48.381+0500] {dag.py:4180} INFO - Setting next_dagrun for dataset_alias_example_alias_consumer_with_no_taskflow to None, run_after=None
[2024-11-18T20:58:48.384+0500] {logging_mixin.py:190} INFO - [2024-11-18T20:58:48.384+0500] {dag.py:4180} INFO - Setting next_dagrun for dataset_alias_example_alias_producer_with_no_taskflow to None, run_after=None
[2024-11-18T20:58:48.386+0500] {logging_mixin.py:190} INFO - [2024-11-18T20:58:48.386+0500] {dag.py:4180} INFO - Setting next_dagrun for dataset_s3_bucket_consumer_with_no_taskflow to None, run_after=None
[2024-11-18T20:58:48.387+0500] {logging_mixin.py:190} INFO - [2024-11-18T20:58:48.387+0500] {dag.py:4180} INFO - Setting next_dagrun for dataset_s3_bucket_producer_with_no_taskflow to None, run_after=None
[2024-11-18T20:58:48.427+0500] {processor.py:208} INFO - Processing /home/AtlasRise/airflow/airflow_env/lib/python3.12/site-packages/airflow/example_dags/example_dataset_alias_with_no_taskflow.py took 0.158 seconds
[2024-11-18T21:00:00.098+0500] {processor.py:186} INFO - Started process (PID=20561) to work on /home/AtlasRise/airflow/airflow_env/lib/python3.12/site-packages/airflow/example_dags/example_dataset_alias_with_no_taskflow.py
[2024-11-18T21:00:00.099+0500] {processor.py:914} INFO - Processing file /home/AtlasRise/airflow/airflow_env/lib/python3.12/site-packages/airflow/example_dags/example_dataset_alias_with_no_taskflow.py for tasks to queue
[2024-11-18T21:00:00.102+0500] {logging_mixin.py:190} INFO - [2024-11-18T21:00:00.102+0500] {dagbag.py:588} INFO - Filling up the DagBag from /home/AtlasRise/airflow/airflow_env/lib/python3.12/site-packages/airflow/example_dags/example_dataset_alias_with_no_taskflow.py
[2024-11-18T21:00:00.151+0500] {processor.py:925} INFO - DAG(s) 'dataset_alias_example_alias_consumer_with_no_taskflow', 'dataset_s3_bucket_consumer_with_no_taskflow', 'dataset_s3_bucket_producer_with_no_taskflow', 'dataset_alias_example_alias_producer_with_no_taskflow' retrieved from /home/AtlasRise/airflow/airflow_env/lib/python3.12/site-packages/airflow/example_dags/example_dataset_alias_with_no_taskflow.py
[2024-11-18T21:00:00.184+0500] {logging_mixin.py:190} INFO - [2024-11-18T21:00:00.184+0500] {dag.py:3239} INFO - Sync 4 DAGs
[2024-11-18T21:00:00.223+0500] {logging_mixin.py:190} INFO - [2024-11-18T21:00:00.223+0500] {dag.py:4180} INFO - Setting next_dagrun for dataset_alias_example_alias_consumer_with_no_taskflow to None, run_after=None
[2024-11-18T21:00:00.227+0500] {logging_mixin.py:190} INFO - [2024-11-18T21:00:00.227+0500] {dag.py:4180} INFO - Setting next_dagrun for dataset_alias_example_alias_producer_with_no_taskflow to None, run_after=None
[2024-11-18T21:00:00.228+0500] {logging_mixin.py:190} INFO - [2024-11-18T21:00:00.228+0500] {dag.py:4180} INFO - Setting next_dagrun for dataset_s3_bucket_consumer_with_no_taskflow to None, run_after=None
[2024-11-18T21:00:00.230+0500] {logging_mixin.py:190} INFO - [2024-11-18T21:00:00.229+0500] {dag.py:4180} INFO - Setting next_dagrun for dataset_s3_bucket_producer_with_no_taskflow to None, run_after=None
[2024-11-18T21:00:00.271+0500] {processor.py:208} INFO - Processing /home/AtlasRise/airflow/airflow_env/lib/python3.12/site-packages/airflow/example_dags/example_dataset_alias_with_no_taskflow.py took 0.183 seconds
[2024-11-18T21:01:09.695+0500] {processor.py:186} INFO - Started process (PID=20644) to work on /home/AtlasRise/airflow/airflow_env/lib/python3.12/site-packages/airflow/example_dags/example_dataset_alias_with_no_taskflow.py
[2024-11-18T21:01:09.697+0500] {processor.py:914} INFO - Processing file /home/AtlasRise/airflow/airflow_env/lib/python3.12/site-packages/airflow/example_dags/example_dataset_alias_with_no_taskflow.py for tasks to queue
[2024-11-18T21:01:09.700+0500] {logging_mixin.py:190} INFO - [2024-11-18T21:01:09.700+0500] {dagbag.py:588} INFO - Filling up the DagBag from /home/AtlasRise/airflow/airflow_env/lib/python3.12/site-packages/airflow/example_dags/example_dataset_alias_with_no_taskflow.py
[2024-11-18T21:01:09.734+0500] {processor.py:925} INFO - DAG(s) 'dataset_s3_bucket_consumer_with_no_taskflow', 'dataset_alias_example_alias_producer_with_no_taskflow', 'dataset_s3_bucket_producer_with_no_taskflow', 'dataset_alias_example_alias_consumer_with_no_taskflow' retrieved from /home/AtlasRise/airflow/airflow_env/lib/python3.12/site-packages/airflow/example_dags/example_dataset_alias_with_no_taskflow.py
[2024-11-18T21:01:09.768+0500] {logging_mixin.py:190} INFO - [2024-11-18T21:01:09.767+0500] {dag.py:3239} INFO - Sync 4 DAGs
[2024-11-18T21:01:09.800+0500] {logging_mixin.py:190} INFO - [2024-11-18T21:01:09.800+0500] {dag.py:4180} INFO - Setting next_dagrun for dataset_alias_example_alias_consumer_with_no_taskflow to None, run_after=None
[2024-11-18T21:01:09.804+0500] {logging_mixin.py:190} INFO - [2024-11-18T21:01:09.803+0500] {dag.py:4180} INFO - Setting next_dagrun for dataset_alias_example_alias_producer_with_no_taskflow to None, run_after=None
[2024-11-18T21:01:09.805+0500] {logging_mixin.py:190} INFO - [2024-11-18T21:01:09.805+0500] {dag.py:4180} INFO - Setting next_dagrun for dataset_s3_bucket_consumer_with_no_taskflow to None, run_after=None
[2024-11-18T21:01:09.806+0500] {logging_mixin.py:190} INFO - [2024-11-18T21:01:09.806+0500] {dag.py:4180} INFO - Setting next_dagrun for dataset_s3_bucket_producer_with_no_taskflow to None, run_after=None
[2024-11-18T21:01:09.842+0500] {processor.py:208} INFO - Processing /home/AtlasRise/airflow/airflow_env/lib/python3.12/site-packages/airflow/example_dags/example_dataset_alias_with_no_taskflow.py took 0.155 seconds
[2024-11-18T21:02:16.992+0500] {processor.py:186} INFO - Started process (PID=20714) to work on /home/AtlasRise/airflow/airflow_env/lib/python3.12/site-packages/airflow/example_dags/example_dataset_alias_with_no_taskflow.py
[2024-11-18T21:02:16.994+0500] {processor.py:914} INFO - Processing file /home/AtlasRise/airflow/airflow_env/lib/python3.12/site-packages/airflow/example_dags/example_dataset_alias_with_no_taskflow.py for tasks to queue
[2024-11-18T21:02:16.997+0500] {logging_mixin.py:190} INFO - [2024-11-18T21:02:16.997+0500] {dagbag.py:588} INFO - Filling up the DagBag from /home/AtlasRise/airflow/airflow_env/lib/python3.12/site-packages/airflow/example_dags/example_dataset_alias_with_no_taskflow.py
[2024-11-18T21:02:17.030+0500] {processor.py:925} INFO - DAG(s) 'dataset_s3_bucket_producer_with_no_taskflow', 'dataset_alias_example_alias_consumer_with_no_taskflow', 'dataset_s3_bucket_consumer_with_no_taskflow', 'dataset_alias_example_alias_producer_with_no_taskflow' retrieved from /home/AtlasRise/airflow/airflow_env/lib/python3.12/site-packages/airflow/example_dags/example_dataset_alias_with_no_taskflow.py
[2024-11-18T21:02:17.063+0500] {logging_mixin.py:190} INFO - [2024-11-18T21:02:17.063+0500] {dag.py:3239} INFO - Sync 4 DAGs
[2024-11-18T21:02:17.095+0500] {logging_mixin.py:190} INFO - [2024-11-18T21:02:17.095+0500] {dag.py:4180} INFO - Setting next_dagrun for dataset_alias_example_alias_consumer_with_no_taskflow to None, run_after=None
[2024-11-18T21:02:17.099+0500] {logging_mixin.py:190} INFO - [2024-11-18T21:02:17.099+0500] {dag.py:4180} INFO - Setting next_dagrun for dataset_alias_example_alias_producer_with_no_taskflow to None, run_after=None
[2024-11-18T21:02:17.100+0500] {logging_mixin.py:190} INFO - [2024-11-18T21:02:17.100+0500] {dag.py:4180} INFO - Setting next_dagrun for dataset_s3_bucket_consumer_with_no_taskflow to None, run_after=None
[2024-11-18T21:02:17.101+0500] {logging_mixin.py:190} INFO - [2024-11-18T21:02:17.101+0500] {dag.py:4180} INFO - Setting next_dagrun for dataset_s3_bucket_producer_with_no_taskflow to None, run_after=None
[2024-11-18T21:02:17.138+0500] {processor.py:208} INFO - Processing /home/AtlasRise/airflow/airflow_env/lib/python3.12/site-packages/airflow/example_dags/example_dataset_alias_with_no_taskflow.py took 0.154 seconds
[2024-11-18T21:03:29.573+0500] {processor.py:186} INFO - Started process (PID=20791) to work on /home/AtlasRise/airflow/airflow_env/lib/python3.12/site-packages/airflow/example_dags/example_dataset_alias_with_no_taskflow.py
[2024-11-18T21:03:29.576+0500] {processor.py:914} INFO - Processing file /home/AtlasRise/airflow/airflow_env/lib/python3.12/site-packages/airflow/example_dags/example_dataset_alias_with_no_taskflow.py for tasks to queue
[2024-11-18T21:03:29.579+0500] {logging_mixin.py:190} INFO - [2024-11-18T21:03:29.578+0500] {dagbag.py:588} INFO - Filling up the DagBag from /home/AtlasRise/airflow/airflow_env/lib/python3.12/site-packages/airflow/example_dags/example_dataset_alias_with_no_taskflow.py
[2024-11-18T21:03:29.613+0500] {processor.py:925} INFO - DAG(s) 'dataset_s3_bucket_consumer_with_no_taskflow', 'dataset_s3_bucket_producer_with_no_taskflow', 'dataset_alias_example_alias_consumer_with_no_taskflow', 'dataset_alias_example_alias_producer_with_no_taskflow' retrieved from /home/AtlasRise/airflow/airflow_env/lib/python3.12/site-packages/airflow/example_dags/example_dataset_alias_with_no_taskflow.py
[2024-11-18T21:03:29.648+0500] {logging_mixin.py:190} INFO - [2024-11-18T21:03:29.648+0500] {dag.py:3239} INFO - Sync 4 DAGs
[2024-11-18T21:03:29.682+0500] {logging_mixin.py:190} INFO - [2024-11-18T21:03:29.681+0500] {dag.py:4180} INFO - Setting next_dagrun for dataset_alias_example_alias_consumer_with_no_taskflow to None, run_after=None
[2024-11-18T21:03:29.685+0500] {logging_mixin.py:190} INFO - [2024-11-18T21:03:29.685+0500] {dag.py:4180} INFO - Setting next_dagrun for dataset_alias_example_alias_producer_with_no_taskflow to None, run_after=None
[2024-11-18T21:03:29.687+0500] {logging_mixin.py:190} INFO - [2024-11-18T21:03:29.687+0500] {dag.py:4180} INFO - Setting next_dagrun for dataset_s3_bucket_consumer_with_no_taskflow to None, run_after=None
[2024-11-18T21:03:29.689+0500] {logging_mixin.py:190} INFO - [2024-11-18T21:03:29.689+0500] {dag.py:4180} INFO - Setting next_dagrun for dataset_s3_bucket_producer_with_no_taskflow to None, run_after=None
[2024-11-18T21:03:29.727+0500] {processor.py:208} INFO - Processing /home/AtlasRise/airflow/airflow_env/lib/python3.12/site-packages/airflow/example_dags/example_dataset_alias_with_no_taskflow.py took 0.162 seconds
[2024-11-18T21:04:35.722+0500] {processor.py:186} INFO - Started process (PID=20891) to work on /home/AtlasRise/airflow/airflow_env/lib/python3.12/site-packages/airflow/example_dags/example_dataset_alias_with_no_taskflow.py
[2024-11-18T21:04:35.724+0500] {processor.py:914} INFO - Processing file /home/AtlasRise/airflow/airflow_env/lib/python3.12/site-packages/airflow/example_dags/example_dataset_alias_with_no_taskflow.py for tasks to queue
[2024-11-18T21:04:35.727+0500] {logging_mixin.py:190} INFO - [2024-11-18T21:04:35.727+0500] {dagbag.py:588} INFO - Filling up the DagBag from /home/AtlasRise/airflow/airflow_env/lib/python3.12/site-packages/airflow/example_dags/example_dataset_alias_with_no_taskflow.py
[2024-11-18T21:04:35.761+0500] {processor.py:925} INFO - DAG(s) 'dataset_alias_example_alias_consumer_with_no_taskflow', 'dataset_s3_bucket_producer_with_no_taskflow', 'dataset_s3_bucket_consumer_with_no_taskflow', 'dataset_alias_example_alias_producer_with_no_taskflow' retrieved from /home/AtlasRise/airflow/airflow_env/lib/python3.12/site-packages/airflow/example_dags/example_dataset_alias_with_no_taskflow.py
[2024-11-18T21:04:35.797+0500] {logging_mixin.py:190} INFO - [2024-11-18T21:04:35.796+0500] {dag.py:3239} INFO - Sync 4 DAGs
[2024-11-18T21:04:35.832+0500] {logging_mixin.py:190} INFO - [2024-11-18T21:04:35.832+0500] {dag.py:4180} INFO - Setting next_dagrun for dataset_alias_example_alias_consumer_with_no_taskflow to None, run_after=None
[2024-11-18T21:04:35.837+0500] {logging_mixin.py:190} INFO - [2024-11-18T21:04:35.836+0500] {dag.py:4180} INFO - Setting next_dagrun for dataset_alias_example_alias_producer_with_no_taskflow to None, run_after=None
[2024-11-18T21:04:35.840+0500] {logging_mixin.py:190} INFO - [2024-11-18T21:04:35.839+0500] {dag.py:4180} INFO - Setting next_dagrun for dataset_s3_bucket_consumer_with_no_taskflow to None, run_after=None
[2024-11-18T21:04:35.841+0500] {logging_mixin.py:190} INFO - [2024-11-18T21:04:35.841+0500] {dag.py:4180} INFO - Setting next_dagrun for dataset_s3_bucket_producer_with_no_taskflow to None, run_after=None
[2024-11-18T21:04:35.893+0500] {processor.py:208} INFO - Processing /home/AtlasRise/airflow/airflow_env/lib/python3.12/site-packages/airflow/example_dags/example_dataset_alias_with_no_taskflow.py took 0.179 seconds
[2024-11-18T21:05:41.463+0500] {processor.py:186} INFO - Started process (PID=20974) to work on /home/AtlasRise/airflow/airflow_env/lib/python3.12/site-packages/airflow/example_dags/example_dataset_alias_with_no_taskflow.py
[2024-11-18T21:05:41.465+0500] {processor.py:914} INFO - Processing file /home/AtlasRise/airflow/airflow_env/lib/python3.12/site-packages/airflow/example_dags/example_dataset_alias_with_no_taskflow.py for tasks to queue
[2024-11-18T21:05:41.469+0500] {logging_mixin.py:190} INFO - [2024-11-18T21:05:41.468+0500] {dagbag.py:588} INFO - Filling up the DagBag from /home/AtlasRise/airflow/airflow_env/lib/python3.12/site-packages/airflow/example_dags/example_dataset_alias_with_no_taskflow.py
[2024-11-18T21:05:41.502+0500] {processor.py:925} INFO - DAG(s) 'dataset_alias_example_alias_consumer_with_no_taskflow', 'dataset_s3_bucket_consumer_with_no_taskflow', 'dataset_s3_bucket_producer_with_no_taskflow', 'dataset_alias_example_alias_producer_with_no_taskflow' retrieved from /home/AtlasRise/airflow/airflow_env/lib/python3.12/site-packages/airflow/example_dags/example_dataset_alias_with_no_taskflow.py
[2024-11-18T21:05:41.535+0500] {logging_mixin.py:190} INFO - [2024-11-18T21:05:41.535+0500] {dag.py:3239} INFO - Sync 4 DAGs
[2024-11-18T21:05:41.568+0500] {logging_mixin.py:190} INFO - [2024-11-18T21:05:41.568+0500] {dag.py:4180} INFO - Setting next_dagrun for dataset_alias_example_alias_consumer_with_no_taskflow to None, run_after=None
[2024-11-18T21:05:41.572+0500] {logging_mixin.py:190} INFO - [2024-11-18T21:05:41.571+0500] {dag.py:4180} INFO - Setting next_dagrun for dataset_alias_example_alias_producer_with_no_taskflow to None, run_after=None
[2024-11-18T21:05:41.573+0500] {logging_mixin.py:190} INFO - [2024-11-18T21:05:41.573+0500] {dag.py:4180} INFO - Setting next_dagrun for dataset_s3_bucket_consumer_with_no_taskflow to None, run_after=None
[2024-11-18T21:05:41.574+0500] {logging_mixin.py:190} INFO - [2024-11-18T21:05:41.574+0500] {dag.py:4180} INFO - Setting next_dagrun for dataset_s3_bucket_producer_with_no_taskflow to None, run_after=None
[2024-11-18T21:05:41.610+0500] {processor.py:208} INFO - Processing /home/AtlasRise/airflow/airflow_env/lib/python3.12/site-packages/airflow/example_dags/example_dataset_alias_with_no_taskflow.py took 0.156 seconds
[2024-11-18T21:06:56.061+0500] {processor.py:186} INFO - Started process (PID=21063) to work on /home/AtlasRise/airflow/airflow_env/lib/python3.12/site-packages/airflow/example_dags/example_dataset_alias_with_no_taskflow.py
[2024-11-18T21:06:56.062+0500] {processor.py:914} INFO - Processing file /home/AtlasRise/airflow/airflow_env/lib/python3.12/site-packages/airflow/example_dags/example_dataset_alias_with_no_taskflow.py for tasks to queue
[2024-11-18T21:06:56.066+0500] {logging_mixin.py:190} INFO - [2024-11-18T21:06:56.066+0500] {dagbag.py:588} INFO - Filling up the DagBag from /home/AtlasRise/airflow/airflow_env/lib/python3.12/site-packages/airflow/example_dags/example_dataset_alias_with_no_taskflow.py
[2024-11-18T21:06:56.100+0500] {processor.py:925} INFO - DAG(s) 'dataset_s3_bucket_producer_with_no_taskflow', 'dataset_alias_example_alias_producer_with_no_taskflow', 'dataset_s3_bucket_consumer_with_no_taskflow', 'dataset_alias_example_alias_consumer_with_no_taskflow' retrieved from /home/AtlasRise/airflow/airflow_env/lib/python3.12/site-packages/airflow/example_dags/example_dataset_alias_with_no_taskflow.py
[2024-11-18T21:06:56.133+0500] {logging_mixin.py:190} INFO - [2024-11-18T21:06:56.133+0500] {dag.py:3239} INFO - Sync 4 DAGs
[2024-11-18T21:06:56.167+0500] {logging_mixin.py:190} INFO - [2024-11-18T21:06:56.167+0500] {dag.py:4180} INFO - Setting next_dagrun for dataset_alias_example_alias_consumer_with_no_taskflow to None, run_after=None
[2024-11-18T21:06:56.171+0500] {logging_mixin.py:190} INFO - [2024-11-18T21:06:56.171+0500] {dag.py:4180} INFO - Setting next_dagrun for dataset_alias_example_alias_producer_with_no_taskflow to None, run_after=None
[2024-11-18T21:06:56.172+0500] {logging_mixin.py:190} INFO - [2024-11-18T21:06:56.172+0500] {dag.py:4180} INFO - Setting next_dagrun for dataset_s3_bucket_consumer_with_no_taskflow to None, run_after=None
[2024-11-18T21:06:56.173+0500] {logging_mixin.py:190} INFO - [2024-11-18T21:06:56.173+0500] {dag.py:4180} INFO - Setting next_dagrun for dataset_s3_bucket_producer_with_no_taskflow to None, run_after=None
[2024-11-18T21:06:56.209+0500] {processor.py:208} INFO - Processing /home/AtlasRise/airflow/airflow_env/lib/python3.12/site-packages/airflow/example_dags/example_dataset_alias_with_no_taskflow.py took 0.156 seconds
[2024-11-18T21:08:11.552+0500] {processor.py:186} INFO - Started process (PID=21145) to work on /home/AtlasRise/airflow/airflow_env/lib/python3.12/site-packages/airflow/example_dags/example_dataset_alias_with_no_taskflow.py
[2024-11-18T21:08:11.554+0500] {processor.py:914} INFO - Processing file /home/AtlasRise/airflow/airflow_env/lib/python3.12/site-packages/airflow/example_dags/example_dataset_alias_with_no_taskflow.py for tasks to queue
[2024-11-18T21:08:11.558+0500] {logging_mixin.py:190} INFO - [2024-11-18T21:08:11.557+0500] {dagbag.py:588} INFO - Filling up the DagBag from /home/AtlasRise/airflow/airflow_env/lib/python3.12/site-packages/airflow/example_dags/example_dataset_alias_with_no_taskflow.py
[2024-11-18T21:08:11.591+0500] {processor.py:925} INFO - DAG(s) 'dataset_s3_bucket_producer_with_no_taskflow', 'dataset_alias_example_alias_consumer_with_no_taskflow', 'dataset_alias_example_alias_producer_with_no_taskflow', 'dataset_s3_bucket_consumer_with_no_taskflow' retrieved from /home/AtlasRise/airflow/airflow_env/lib/python3.12/site-packages/airflow/example_dags/example_dataset_alias_with_no_taskflow.py
[2024-11-18T21:08:11.624+0500] {logging_mixin.py:190} INFO - [2024-11-18T21:08:11.624+0500] {dag.py:3239} INFO - Sync 4 DAGs
[2024-11-18T21:08:11.657+0500] {logging_mixin.py:190} INFO - [2024-11-18T21:08:11.657+0500] {dag.py:4180} INFO - Setting next_dagrun for dataset_alias_example_alias_consumer_with_no_taskflow to None, run_after=None
[2024-11-18T21:08:11.661+0500] {logging_mixin.py:190} INFO - [2024-11-18T21:08:11.660+0500] {dag.py:4180} INFO - Setting next_dagrun for dataset_alias_example_alias_producer_with_no_taskflow to None, run_after=None
[2024-11-18T21:08:11.662+0500] {logging_mixin.py:190} INFO - [2024-11-18T21:08:11.662+0500] {dag.py:4180} INFO - Setting next_dagrun for dataset_s3_bucket_consumer_with_no_taskflow to None, run_after=None
[2024-11-18T21:08:11.663+0500] {logging_mixin.py:190} INFO - [2024-11-18T21:08:11.663+0500] {dag.py:4180} INFO - Setting next_dagrun for dataset_s3_bucket_producer_with_no_taskflow to None, run_after=None
[2024-11-18T21:08:11.700+0500] {processor.py:208} INFO - Processing /home/AtlasRise/airflow/airflow_env/lib/python3.12/site-packages/airflow/example_dags/example_dataset_alias_with_no_taskflow.py took 0.156 seconds
[2024-11-18T21:09:17.234+0500] {processor.py:186} INFO - Started process (PID=21231) to work on /home/AtlasRise/airflow/airflow_env/lib/python3.12/site-packages/airflow/example_dags/example_dataset_alias_with_no_taskflow.py
[2024-11-18T21:09:17.235+0500] {processor.py:914} INFO - Processing file /home/AtlasRise/airflow/airflow_env/lib/python3.12/site-packages/airflow/example_dags/example_dataset_alias_with_no_taskflow.py for tasks to queue
[2024-11-18T21:09:17.238+0500] {logging_mixin.py:190} INFO - [2024-11-18T21:09:17.238+0500] {dagbag.py:588} INFO - Filling up the DagBag from /home/AtlasRise/airflow/airflow_env/lib/python3.12/site-packages/airflow/example_dags/example_dataset_alias_with_no_taskflow.py
[2024-11-18T21:09:17.273+0500] {processor.py:925} INFO - DAG(s) 'dataset_s3_bucket_producer_with_no_taskflow', 'dataset_alias_example_alias_producer_with_no_taskflow', 'dataset_alias_example_alias_consumer_with_no_taskflow', 'dataset_s3_bucket_consumer_with_no_taskflow' retrieved from /home/AtlasRise/airflow/airflow_env/lib/python3.12/site-packages/airflow/example_dags/example_dataset_alias_with_no_taskflow.py
[2024-11-18T21:09:17.305+0500] {logging_mixin.py:190} INFO - [2024-11-18T21:09:17.304+0500] {dag.py:3239} INFO - Sync 4 DAGs
[2024-11-18T21:09:17.338+0500] {logging_mixin.py:190} INFO - [2024-11-18T21:09:17.338+0500] {dag.py:4180} INFO - Setting next_dagrun for dataset_alias_example_alias_consumer_with_no_taskflow to None, run_after=None
[2024-11-18T21:09:17.342+0500] {logging_mixin.py:190} INFO - [2024-11-18T21:09:17.341+0500] {dag.py:4180} INFO - Setting next_dagrun for dataset_alias_example_alias_producer_with_no_taskflow to None, run_after=None
[2024-11-18T21:09:17.343+0500] {logging_mixin.py:190} INFO - [2024-11-18T21:09:17.343+0500] {dag.py:4180} INFO - Setting next_dagrun for dataset_s3_bucket_consumer_with_no_taskflow to None, run_after=None
[2024-11-18T21:09:17.344+0500] {logging_mixin.py:190} INFO - [2024-11-18T21:09:17.344+0500] {dag.py:4180} INFO - Setting next_dagrun for dataset_s3_bucket_producer_with_no_taskflow to None, run_after=None
[2024-11-18T21:09:17.382+0500] {processor.py:208} INFO - Processing /home/AtlasRise/airflow/airflow_env/lib/python3.12/site-packages/airflow/example_dags/example_dataset_alias_with_no_taskflow.py took 0.155 seconds
[2024-11-18T21:10:26.099+0500] {processor.py:186} INFO - Started process (PID=21326) to work on /home/AtlasRise/airflow/airflow_env/lib/python3.12/site-packages/airflow/example_dags/example_dataset_alias_with_no_taskflow.py
[2024-11-18T21:10:26.101+0500] {processor.py:914} INFO - Processing file /home/AtlasRise/airflow/airflow_env/lib/python3.12/site-packages/airflow/example_dags/example_dataset_alias_with_no_taskflow.py for tasks to queue
[2024-11-18T21:10:26.105+0500] {logging_mixin.py:190} INFO - [2024-11-18T21:10:26.104+0500] {dagbag.py:588} INFO - Filling up the DagBag from /home/AtlasRise/airflow/airflow_env/lib/python3.12/site-packages/airflow/example_dags/example_dataset_alias_with_no_taskflow.py
[2024-11-18T21:10:26.140+0500] {processor.py:925} INFO - DAG(s) 'dataset_alias_example_alias_consumer_with_no_taskflow', 'dataset_s3_bucket_producer_with_no_taskflow', 'dataset_s3_bucket_consumer_with_no_taskflow', 'dataset_alias_example_alias_producer_with_no_taskflow' retrieved from /home/AtlasRise/airflow/airflow_env/lib/python3.12/site-packages/airflow/example_dags/example_dataset_alias_with_no_taskflow.py
[2024-11-18T21:10:26.180+0500] {logging_mixin.py:190} INFO - [2024-11-18T21:10:26.180+0500] {dag.py:3239} INFO - Sync 4 DAGs
[2024-11-18T21:10:26.214+0500] {logging_mixin.py:190} INFO - [2024-11-18T21:10:26.214+0500] {dag.py:4180} INFO - Setting next_dagrun for dataset_alias_example_alias_consumer_with_no_taskflow to None, run_after=None
[2024-11-18T21:10:26.218+0500] {logging_mixin.py:190} INFO - [2024-11-18T21:10:26.217+0500] {dag.py:4180} INFO - Setting next_dagrun for dataset_alias_example_alias_producer_with_no_taskflow to None, run_after=None
[2024-11-18T21:10:26.219+0500] {logging_mixin.py:190} INFO - [2024-11-18T21:10:26.219+0500] {dag.py:4180} INFO - Setting next_dagrun for dataset_s3_bucket_consumer_with_no_taskflow to None, run_after=None
[2024-11-18T21:10:26.220+0500] {logging_mixin.py:190} INFO - [2024-11-18T21:10:26.220+0500] {dag.py:4180} INFO - Setting next_dagrun for dataset_s3_bucket_producer_with_no_taskflow to None, run_after=None
[2024-11-18T21:10:26.256+0500] {processor.py:208} INFO - Processing /home/AtlasRise/airflow/airflow_env/lib/python3.12/site-packages/airflow/example_dags/example_dataset_alias_with_no_taskflow.py took 0.165 seconds
[2024-11-18T21:11:49.100+0500] {processor.py:186} INFO - Started process (PID=21465) to work on /home/AtlasRise/airflow/airflow_env/lib/python3.12/site-packages/airflow/example_dags/example_dataset_alias_with_no_taskflow.py
[2024-11-18T21:11:49.103+0500] {processor.py:914} INFO - Processing file /home/AtlasRise/airflow/airflow_env/lib/python3.12/site-packages/airflow/example_dags/example_dataset_alias_with_no_taskflow.py for tasks to queue
[2024-11-18T21:11:49.106+0500] {logging_mixin.py:190} INFO - [2024-11-18T21:11:49.105+0500] {dagbag.py:588} INFO - Filling up the DagBag from /home/AtlasRise/airflow/airflow_env/lib/python3.12/site-packages/airflow/example_dags/example_dataset_alias_with_no_taskflow.py
[2024-11-18T21:11:49.140+0500] {processor.py:925} INFO - DAG(s) 'dataset_alias_example_alias_producer_with_no_taskflow', 'dataset_s3_bucket_producer_with_no_taskflow', 'dataset_s3_bucket_consumer_with_no_taskflow', 'dataset_alias_example_alias_consumer_with_no_taskflow' retrieved from /home/AtlasRise/airflow/airflow_env/lib/python3.12/site-packages/airflow/example_dags/example_dataset_alias_with_no_taskflow.py
[2024-11-18T21:11:49.174+0500] {logging_mixin.py:190} INFO - [2024-11-18T21:11:49.174+0500] {dag.py:3239} INFO - Sync 4 DAGs
[2024-11-18T21:11:49.208+0500] {logging_mixin.py:190} INFO - [2024-11-18T21:11:49.208+0500] {dag.py:4180} INFO - Setting next_dagrun for dataset_alias_example_alias_consumer_with_no_taskflow to None, run_after=None
[2024-11-18T21:11:49.212+0500] {logging_mixin.py:190} INFO - [2024-11-18T21:11:49.211+0500] {dag.py:4180} INFO - Setting next_dagrun for dataset_alias_example_alias_producer_with_no_taskflow to None, run_after=None
[2024-11-18T21:11:49.213+0500] {logging_mixin.py:190} INFO - [2024-11-18T21:11:49.213+0500] {dag.py:4180} INFO - Setting next_dagrun for dataset_s3_bucket_consumer_with_no_taskflow to None, run_after=None
[2024-11-18T21:11:49.214+0500] {logging_mixin.py:190} INFO - [2024-11-18T21:11:49.214+0500] {dag.py:4180} INFO - Setting next_dagrun for dataset_s3_bucket_producer_with_no_taskflow to None, run_after=None
[2024-11-18T21:11:49.265+0500] {processor.py:208} INFO - Processing /home/AtlasRise/airflow/airflow_env/lib/python3.12/site-packages/airflow/example_dags/example_dataset_alias_with_no_taskflow.py took 0.173 seconds
[2024-11-18T21:13:37.053+0500] {processor.py:186} INFO - Started process (PID=21602) to work on /home/AtlasRise/airflow/airflow_env/lib/python3.12/site-packages/airflow/example_dags/example_dataset_alias_with_no_taskflow.py
[2024-11-18T21:13:37.056+0500] {processor.py:914} INFO - Processing file /home/AtlasRise/airflow/airflow_env/lib/python3.12/site-packages/airflow/example_dags/example_dataset_alias_with_no_taskflow.py for tasks to queue
[2024-11-18T21:13:37.059+0500] {logging_mixin.py:190} INFO - [2024-11-18T21:13:37.058+0500] {dagbag.py:588} INFO - Filling up the DagBag from /home/AtlasRise/airflow/airflow_env/lib/python3.12/site-packages/airflow/example_dags/example_dataset_alias_with_no_taskflow.py
[2024-11-18T21:13:37.095+0500] {processor.py:925} INFO - DAG(s) 'dataset_s3_bucket_consumer_with_no_taskflow', 'dataset_alias_example_alias_producer_with_no_taskflow', 'dataset_alias_example_alias_consumer_with_no_taskflow', 'dataset_s3_bucket_producer_with_no_taskflow' retrieved from /home/AtlasRise/airflow/airflow_env/lib/python3.12/site-packages/airflow/example_dags/example_dataset_alias_with_no_taskflow.py
[2024-11-18T21:13:37.133+0500] {logging_mixin.py:190} INFO - [2024-11-18T21:13:37.132+0500] {dag.py:3239} INFO - Sync 4 DAGs
[2024-11-18T21:13:37.172+0500] {logging_mixin.py:190} INFO - [2024-11-18T21:13:37.172+0500] {dag.py:4180} INFO - Setting next_dagrun for dataset_alias_example_alias_consumer_with_no_taskflow to None, run_after=None
[2024-11-18T21:13:37.177+0500] {logging_mixin.py:190} INFO - [2024-11-18T21:13:37.177+0500] {dag.py:4180} INFO - Setting next_dagrun for dataset_alias_example_alias_producer_with_no_taskflow to None, run_after=None
[2024-11-18T21:13:37.181+0500] {logging_mixin.py:190} INFO - [2024-11-18T21:13:37.180+0500] {dag.py:4180} INFO - Setting next_dagrun for dataset_s3_bucket_consumer_with_no_taskflow to None, run_after=None
[2024-11-18T21:13:37.183+0500] {logging_mixin.py:190} INFO - [2024-11-18T21:13:37.183+0500] {dag.py:4180} INFO - Setting next_dagrun for dataset_s3_bucket_producer_with_no_taskflow to None, run_after=None
[2024-11-18T21:13:37.239+0500] {processor.py:208} INFO - Processing /home/AtlasRise/airflow/airflow_env/lib/python3.12/site-packages/airflow/example_dags/example_dataset_alias_with_no_taskflow.py took 0.195 seconds
[2024-11-18T21:15:05.731+0500] {processor.py:186} INFO - Started process (PID=21725) to work on /home/AtlasRise/airflow/airflow_env/lib/python3.12/site-packages/airflow/example_dags/example_dataset_alias_with_no_taskflow.py
[2024-11-18T21:15:05.734+0500] {processor.py:914} INFO - Processing file /home/AtlasRise/airflow/airflow_env/lib/python3.12/site-packages/airflow/example_dags/example_dataset_alias_with_no_taskflow.py for tasks to queue
[2024-11-18T21:15:05.737+0500] {logging_mixin.py:190} INFO - [2024-11-18T21:15:05.736+0500] {dagbag.py:588} INFO - Filling up the DagBag from /home/AtlasRise/airflow/airflow_env/lib/python3.12/site-packages/airflow/example_dags/example_dataset_alias_with_no_taskflow.py
[2024-11-18T21:15:05.771+0500] {processor.py:925} INFO - DAG(s) 'dataset_alias_example_alias_consumer_with_no_taskflow', 'dataset_s3_bucket_producer_with_no_taskflow', 'dataset_alias_example_alias_producer_with_no_taskflow', 'dataset_s3_bucket_consumer_with_no_taskflow' retrieved from /home/AtlasRise/airflow/airflow_env/lib/python3.12/site-packages/airflow/example_dags/example_dataset_alias_with_no_taskflow.py
[2024-11-18T21:15:05.805+0500] {logging_mixin.py:190} INFO - [2024-11-18T21:15:05.805+0500] {dag.py:3239} INFO - Sync 4 DAGs
[2024-11-18T21:15:05.839+0500] {logging_mixin.py:190} INFO - [2024-11-18T21:15:05.838+0500] {dag.py:4180} INFO - Setting next_dagrun for dataset_alias_example_alias_consumer_with_no_taskflow to None, run_after=None
[2024-11-18T21:15:05.842+0500] {logging_mixin.py:190} INFO - [2024-11-18T21:15:05.842+0500] {dag.py:4180} INFO - Setting next_dagrun for dataset_alias_example_alias_producer_with_no_taskflow to None, run_after=None
[2024-11-18T21:15:05.844+0500] {logging_mixin.py:190} INFO - [2024-11-18T21:15:05.843+0500] {dag.py:4180} INFO - Setting next_dagrun for dataset_s3_bucket_consumer_with_no_taskflow to None, run_after=None
[2024-11-18T21:15:05.845+0500] {logging_mixin.py:190} INFO - [2024-11-18T21:15:05.844+0500] {dag.py:4180} INFO - Setting next_dagrun for dataset_s3_bucket_producer_with_no_taskflow to None, run_after=None
[2024-11-18T21:15:05.883+0500] {processor.py:208} INFO - Processing /home/AtlasRise/airflow/airflow_env/lib/python3.12/site-packages/airflow/example_dags/example_dataset_alias_with_no_taskflow.py took 0.161 seconds
[2024-11-18T21:16:38.465+0500] {processor.py:186} INFO - Started process (PID=21840) to work on /home/AtlasRise/airflow/airflow_env/lib/python3.12/site-packages/airflow/example_dags/example_dataset_alias_with_no_taskflow.py
[2024-11-18T21:16:38.466+0500] {processor.py:914} INFO - Processing file /home/AtlasRise/airflow/airflow_env/lib/python3.12/site-packages/airflow/example_dags/example_dataset_alias_with_no_taskflow.py for tasks to queue
[2024-11-18T21:16:38.469+0500] {logging_mixin.py:190} INFO - [2024-11-18T21:16:38.469+0500] {dagbag.py:588} INFO - Filling up the DagBag from /home/AtlasRise/airflow/airflow_env/lib/python3.12/site-packages/airflow/example_dags/example_dataset_alias_with_no_taskflow.py
[2024-11-18T21:16:38.503+0500] {processor.py:925} INFO - DAG(s) 'dataset_s3_bucket_producer_with_no_taskflow', 'dataset_alias_example_alias_consumer_with_no_taskflow', 'dataset_s3_bucket_consumer_with_no_taskflow', 'dataset_alias_example_alias_producer_with_no_taskflow' retrieved from /home/AtlasRise/airflow/airflow_env/lib/python3.12/site-packages/airflow/example_dags/example_dataset_alias_with_no_taskflow.py
[2024-11-18T21:16:38.536+0500] {logging_mixin.py:190} INFO - [2024-11-18T21:16:38.536+0500] {dag.py:3239} INFO - Sync 4 DAGs
[2024-11-18T21:16:38.571+0500] {logging_mixin.py:190} INFO - [2024-11-18T21:16:38.571+0500] {dag.py:4180} INFO - Setting next_dagrun for dataset_alias_example_alias_consumer_with_no_taskflow to None, run_after=None
[2024-11-18T21:16:38.575+0500] {logging_mixin.py:190} INFO - [2024-11-18T21:16:38.575+0500] {dag.py:4180} INFO - Setting next_dagrun for dataset_alias_example_alias_producer_with_no_taskflow to None, run_after=None
[2024-11-18T21:16:38.576+0500] {logging_mixin.py:190} INFO - [2024-11-18T21:16:38.576+0500] {dag.py:4180} INFO - Setting next_dagrun for dataset_s3_bucket_consumer_with_no_taskflow to None, run_after=None
[2024-11-18T21:16:38.577+0500] {logging_mixin.py:190} INFO - [2024-11-18T21:16:38.577+0500] {dag.py:4180} INFO - Setting next_dagrun for dataset_s3_bucket_producer_with_no_taskflow to None, run_after=None
[2024-11-18T21:16:38.614+0500] {processor.py:208} INFO - Processing /home/AtlasRise/airflow/airflow_env/lib/python3.12/site-packages/airflow/example_dags/example_dataset_alias_with_no_taskflow.py took 0.157 seconds
[2024-11-18T21:18:35.213+0500] {processor.py:186} INFO - Started process (PID=22019) to work on /home/AtlasRise/airflow/airflow_env/lib/python3.12/site-packages/airflow/example_dags/example_dataset_alias_with_no_taskflow.py
[2024-11-18T21:18:35.215+0500] {processor.py:914} INFO - Processing file /home/AtlasRise/airflow/airflow_env/lib/python3.12/site-packages/airflow/example_dags/example_dataset_alias_with_no_taskflow.py for tasks to queue
[2024-11-18T21:18:35.219+0500] {logging_mixin.py:190} INFO - [2024-11-18T21:18:35.218+0500] {dagbag.py:588} INFO - Filling up the DagBag from /home/AtlasRise/airflow/airflow_env/lib/python3.12/site-packages/airflow/example_dags/example_dataset_alias_with_no_taskflow.py
[2024-11-18T21:18:35.255+0500] {processor.py:925} INFO - DAG(s) 'dataset_s3_bucket_producer_with_no_taskflow', 'dataset_alias_example_alias_consumer_with_no_taskflow', 'dataset_s3_bucket_consumer_with_no_taskflow', 'dataset_alias_example_alias_producer_with_no_taskflow' retrieved from /home/AtlasRise/airflow/airflow_env/lib/python3.12/site-packages/airflow/example_dags/example_dataset_alias_with_no_taskflow.py
[2024-11-18T21:18:35.289+0500] {logging_mixin.py:190} INFO - [2024-11-18T21:18:35.288+0500] {dag.py:3239} INFO - Sync 4 DAGs
[2024-11-18T21:18:35.325+0500] {logging_mixin.py:190} INFO - [2024-11-18T21:18:35.325+0500] {dag.py:4180} INFO - Setting next_dagrun for dataset_alias_example_alias_consumer_with_no_taskflow to None, run_after=None
[2024-11-18T21:18:35.329+0500] {logging_mixin.py:190} INFO - [2024-11-18T21:18:35.329+0500] {dag.py:4180} INFO - Setting next_dagrun for dataset_alias_example_alias_producer_with_no_taskflow to None, run_after=None
[2024-11-18T21:18:35.331+0500] {logging_mixin.py:190} INFO - [2024-11-18T21:18:35.331+0500] {dag.py:4180} INFO - Setting next_dagrun for dataset_s3_bucket_consumer_with_no_taskflow to None, run_after=None
[2024-11-18T21:18:35.332+0500] {logging_mixin.py:190} INFO - [2024-11-18T21:18:35.332+0500] {dag.py:4180} INFO - Setting next_dagrun for dataset_s3_bucket_producer_with_no_taskflow to None, run_after=None
[2024-11-18T21:18:35.369+0500] {processor.py:208} INFO - Processing /home/AtlasRise/airflow/airflow_env/lib/python3.12/site-packages/airflow/example_dags/example_dataset_alias_with_no_taskflow.py took 0.165 seconds
[2024-11-18T21:20:14.348+0500] {processor.py:186} INFO - Started process (PID=22144) to work on /home/AtlasRise/airflow/airflow_env/lib/python3.12/site-packages/airflow/example_dags/example_dataset_alias_with_no_taskflow.py
[2024-11-18T21:20:14.351+0500] {processor.py:914} INFO - Processing file /home/AtlasRise/airflow/airflow_env/lib/python3.12/site-packages/airflow/example_dags/example_dataset_alias_with_no_taskflow.py for tasks to queue
[2024-11-18T21:20:14.354+0500] {logging_mixin.py:190} INFO - [2024-11-18T21:20:14.353+0500] {dagbag.py:588} INFO - Filling up the DagBag from /home/AtlasRise/airflow/airflow_env/lib/python3.12/site-packages/airflow/example_dags/example_dataset_alias_with_no_taskflow.py
[2024-11-18T21:20:14.388+0500] {processor.py:925} INFO - DAG(s) 'dataset_alias_example_alias_producer_with_no_taskflow', 'dataset_s3_bucket_producer_with_no_taskflow', 'dataset_alias_example_alias_consumer_with_no_taskflow', 'dataset_s3_bucket_consumer_with_no_taskflow' retrieved from /home/AtlasRise/airflow/airflow_env/lib/python3.12/site-packages/airflow/example_dags/example_dataset_alias_with_no_taskflow.py
[2024-11-18T21:20:14.420+0500] {logging_mixin.py:190} INFO - [2024-11-18T21:20:14.420+0500] {dag.py:3239} INFO - Sync 4 DAGs
[2024-11-18T21:20:14.454+0500] {logging_mixin.py:190} INFO - [2024-11-18T21:20:14.453+0500] {dag.py:4180} INFO - Setting next_dagrun for dataset_alias_example_alias_consumer_with_no_taskflow to None, run_after=None
[2024-11-18T21:20:14.457+0500] {logging_mixin.py:190} INFO - [2024-11-18T21:20:14.457+0500] {dag.py:4180} INFO - Setting next_dagrun for dataset_alias_example_alias_producer_with_no_taskflow to None, run_after=None
[2024-11-18T21:20:14.459+0500] {logging_mixin.py:190} INFO - [2024-11-18T21:20:14.459+0500] {dag.py:4180} INFO - Setting next_dagrun for dataset_s3_bucket_consumer_with_no_taskflow to None, run_after=None
[2024-11-18T21:20:14.460+0500] {logging_mixin.py:190} INFO - [2024-11-18T21:20:14.460+0500] {dag.py:4180} INFO - Setting next_dagrun for dataset_s3_bucket_producer_with_no_taskflow to None, run_after=None
[2024-11-18T21:20:14.496+0500] {processor.py:208} INFO - Processing /home/AtlasRise/airflow/airflow_env/lib/python3.12/site-packages/airflow/example_dags/example_dataset_alias_with_no_taskflow.py took 0.156 seconds
[2024-11-18T21:21:25.982+0500] {processor.py:186} INFO - Started process (PID=22238) to work on /home/AtlasRise/airflow/airflow_env/lib/python3.12/site-packages/airflow/example_dags/example_dataset_alias_with_no_taskflow.py
[2024-11-18T21:21:25.984+0500] {processor.py:914} INFO - Processing file /home/AtlasRise/airflow/airflow_env/lib/python3.12/site-packages/airflow/example_dags/example_dataset_alias_with_no_taskflow.py for tasks to queue
[2024-11-18T21:21:25.987+0500] {logging_mixin.py:190} INFO - [2024-11-18T21:21:25.986+0500] {dagbag.py:588} INFO - Filling up the DagBag from /home/AtlasRise/airflow/airflow_env/lib/python3.12/site-packages/airflow/example_dags/example_dataset_alias_with_no_taskflow.py
[2024-11-18T21:21:26.020+0500] {processor.py:925} INFO - DAG(s) 'dataset_s3_bucket_consumer_with_no_taskflow', 'dataset_alias_example_alias_producer_with_no_taskflow', 'dataset_alias_example_alias_consumer_with_no_taskflow', 'dataset_s3_bucket_producer_with_no_taskflow' retrieved from /home/AtlasRise/airflow/airflow_env/lib/python3.12/site-packages/airflow/example_dags/example_dataset_alias_with_no_taskflow.py
[2024-11-18T21:21:26.053+0500] {logging_mixin.py:190} INFO - [2024-11-18T21:21:26.053+0500] {dag.py:3239} INFO - Sync 4 DAGs
[2024-11-18T21:21:26.087+0500] {logging_mixin.py:190} INFO - [2024-11-18T21:21:26.086+0500] {dag.py:4180} INFO - Setting next_dagrun for dataset_alias_example_alias_consumer_with_no_taskflow to None, run_after=None
[2024-11-18T21:21:26.090+0500] {logging_mixin.py:190} INFO - [2024-11-18T21:21:26.090+0500] {dag.py:4180} INFO - Setting next_dagrun for dataset_alias_example_alias_producer_with_no_taskflow to None, run_after=None
[2024-11-18T21:21:26.092+0500] {logging_mixin.py:190} INFO - [2024-11-18T21:21:26.092+0500] {dag.py:4180} INFO - Setting next_dagrun for dataset_s3_bucket_consumer_with_no_taskflow to None, run_after=None
[2024-11-18T21:21:26.093+0500] {logging_mixin.py:190} INFO - [2024-11-18T21:21:26.093+0500] {dag.py:4180} INFO - Setting next_dagrun for dataset_s3_bucket_producer_with_no_taskflow to None, run_after=None
[2024-11-18T21:21:26.129+0500] {processor.py:208} INFO - Processing /home/AtlasRise/airflow/airflow_env/lib/python3.12/site-packages/airflow/example_dags/example_dataset_alias_with_no_taskflow.py took 0.155 seconds
[2024-11-18T21:22:36.437+0500] {processor.py:186} INFO - Started process (PID=22315) to work on /home/AtlasRise/airflow/airflow_env/lib/python3.12/site-packages/airflow/example_dags/example_dataset_alias_with_no_taskflow.py
[2024-11-18T21:22:36.440+0500] {processor.py:914} INFO - Processing file /home/AtlasRise/airflow/airflow_env/lib/python3.12/site-packages/airflow/example_dags/example_dataset_alias_with_no_taskflow.py for tasks to queue
[2024-11-18T21:22:36.444+0500] {logging_mixin.py:190} INFO - [2024-11-18T21:22:36.443+0500] {dagbag.py:588} INFO - Filling up the DagBag from /home/AtlasRise/airflow/airflow_env/lib/python3.12/site-packages/airflow/example_dags/example_dataset_alias_with_no_taskflow.py
[2024-11-18T21:22:36.480+0500] {processor.py:925} INFO - DAG(s) 'dataset_alias_example_alias_producer_with_no_taskflow', 'dataset_s3_bucket_consumer_with_no_taskflow', 'dataset_alias_example_alias_consumer_with_no_taskflow', 'dataset_s3_bucket_producer_with_no_taskflow' retrieved from /home/AtlasRise/airflow/airflow_env/lib/python3.12/site-packages/airflow/example_dags/example_dataset_alias_with_no_taskflow.py
[2024-11-18T21:22:36.513+0500] {logging_mixin.py:190} INFO - [2024-11-18T21:22:36.513+0500] {dag.py:3239} INFO - Sync 4 DAGs
[2024-11-18T21:22:36.546+0500] {logging_mixin.py:190} INFO - [2024-11-18T21:22:36.546+0500] {dag.py:4180} INFO - Setting next_dagrun for dataset_alias_example_alias_consumer_with_no_taskflow to None, run_after=None
[2024-11-18T21:22:36.549+0500] {logging_mixin.py:190} INFO - [2024-11-18T21:22:36.549+0500] {dag.py:4180} INFO - Setting next_dagrun for dataset_alias_example_alias_producer_with_no_taskflow to None, run_after=None
[2024-11-18T21:22:36.551+0500] {logging_mixin.py:190} INFO - [2024-11-18T21:22:36.551+0500] {dag.py:4180} INFO - Setting next_dagrun for dataset_s3_bucket_consumer_with_no_taskflow to None, run_after=None
[2024-11-18T21:22:36.552+0500] {logging_mixin.py:190} INFO - [2024-11-18T21:22:36.552+0500] {dag.py:4180} INFO - Setting next_dagrun for dataset_s3_bucket_producer_with_no_taskflow to None, run_after=None
[2024-11-18T21:22:36.590+0500] {processor.py:208} INFO - Processing /home/AtlasRise/airflow/airflow_env/lib/python3.12/site-packages/airflow/example_dags/example_dataset_alias_with_no_taskflow.py took 0.164 seconds
