[2024-11-18T20:40:25.268+0500] {processor.py:186} INFO - Started process (PID=18917) to work on /home/AtlasRise/airflow/airflow_env/lib/python3.12/site-packages/airflow/example_dags/example_time_delta_sensor_async.py
[2024-11-18T20:40:25.269+0500] {processor.py:914} INFO - Processing file /home/AtlasRise/airflow/airflow_env/lib/python3.12/site-packages/airflow/example_dags/example_time_delta_sensor_async.py for tasks to queue
[2024-11-18T20:40:25.272+0500] {logging_mixin.py:190} INFO - [2024-11-18T20:40:25.271+0500] {dagbag.py:588} INFO - Filling up the DagBag from /home/AtlasRise/airflow/airflow_env/lib/python3.12/site-packages/airflow/example_dags/example_time_delta_sensor_async.py
[2024-11-18T20:40:25.283+0500] {processor.py:925} INFO - DAG(s) 'example_time_delta_sensor_async' retrieved from /home/AtlasRise/airflow/airflow_env/lib/python3.12/site-packages/airflow/example_dags/example_time_delta_sensor_async.py
[2024-11-18T20:40:25.449+0500] {logging_mixin.py:190} INFO - [2024-11-18T20:40:25.448+0500] {override.py:1911} INFO - Created Permission View: can read on DAG:example_time_delta_sensor_async
[2024-11-18T20:40:25.466+0500] {logging_mixin.py:190} INFO - [2024-11-18T20:40:25.465+0500] {override.py:1911} INFO - Created Permission View: can edit on DAG:example_time_delta_sensor_async
[2024-11-18T20:40:25.478+0500] {logging_mixin.py:190} INFO - [2024-11-18T20:40:25.477+0500] {override.py:1911} INFO - Created Permission View: can delete on DAG:example_time_delta_sensor_async
[2024-11-18T20:40:25.497+0500] {logging_mixin.py:190} INFO - [2024-11-18T20:40:25.496+0500] {override.py:1911} INFO - Created Permission View: can read on DAG Run:example_time_delta_sensor_async
[2024-11-18T20:40:25.509+0500] {logging_mixin.py:190} INFO - [2024-11-18T20:40:25.509+0500] {override.py:1911} INFO - Created Permission View: can create on DAG Run:example_time_delta_sensor_async
[2024-11-18T20:40:25.523+0500] {logging_mixin.py:190} INFO - [2024-11-18T20:40:25.522+0500] {override.py:1911} INFO - Created Permission View: can delete on DAG Run:example_time_delta_sensor_async
[2024-11-18T20:40:25.537+0500] {logging_mixin.py:190} INFO - [2024-11-18T20:40:25.536+0500] {override.py:1911} INFO - Created Permission View: menu access on DAG Run:example_time_delta_sensor_async
[2024-11-18T20:40:25.538+0500] {logging_mixin.py:190} INFO - [2024-11-18T20:40:25.537+0500] {dag.py:3239} INFO - Sync 1 DAGs
[2024-11-18T20:40:25.559+0500] {logging_mixin.py:190} INFO - [2024-11-18T20:40:25.559+0500] {dag.py:3262} INFO - Creating ORM DAG for example_time_delta_sensor_async
[2024-11-18T20:40:25.560+0500] {logging_mixin.py:190} INFO - [2024-11-18T20:40:25.560+0500] {dag.py:4180} INFO - Setting next_dagrun for example_time_delta_sensor_async to None, run_after=None
[2024-11-18T20:40:25.591+0500] {processor.py:208} INFO - Processing /home/AtlasRise/airflow/airflow_env/lib/python3.12/site-packages/airflow/example_dags/example_time_delta_sensor_async.py took 0.331 seconds
[2024-11-18T20:41:39.169+0500] {processor.py:186} INFO - Started process (PID=19003) to work on /home/AtlasRise/airflow/airflow_env/lib/python3.12/site-packages/airflow/example_dags/example_time_delta_sensor_async.py
[2024-11-18T20:41:39.170+0500] {processor.py:914} INFO - Processing file /home/AtlasRise/airflow/airflow_env/lib/python3.12/site-packages/airflow/example_dags/example_time_delta_sensor_async.py for tasks to queue
[2024-11-18T20:41:39.173+0500] {logging_mixin.py:190} INFO - [2024-11-18T20:41:39.173+0500] {dagbag.py:588} INFO - Filling up the DagBag from /home/AtlasRise/airflow/airflow_env/lib/python3.12/site-packages/airflow/example_dags/example_time_delta_sensor_async.py
[2024-11-18T20:41:39.183+0500] {processor.py:925} INFO - DAG(s) 'example_time_delta_sensor_async' retrieved from /home/AtlasRise/airflow/airflow_env/lib/python3.12/site-packages/airflow/example_dags/example_time_delta_sensor_async.py
[2024-11-18T20:41:39.205+0500] {logging_mixin.py:190} INFO - [2024-11-18T20:41:39.205+0500] {dag.py:3239} INFO - Sync 1 DAGs
[2024-11-18T20:41:39.225+0500] {logging_mixin.py:190} INFO - [2024-11-18T20:41:39.225+0500] {dag.py:4180} INFO - Setting next_dagrun for example_time_delta_sensor_async to None, run_after=None
[2024-11-18T20:41:39.260+0500] {processor.py:208} INFO - Processing /home/AtlasRise/airflow/airflow_env/lib/python3.12/site-packages/airflow/example_dags/example_time_delta_sensor_async.py took 0.099 seconds
[2024-11-18T20:42:20.056+0500] {processor.py:186} INFO - Started process (PID=19148) to work on /home/AtlasRise/airflow/airflow_env/lib/python3.12/site-packages/airflow/example_dags/example_time_delta_sensor_async.py
[2024-11-18T20:42:20.058+0500] {processor.py:914} INFO - Processing file /home/AtlasRise/airflow/airflow_env/lib/python3.12/site-packages/airflow/example_dags/example_time_delta_sensor_async.py for tasks to queue
[2024-11-18T20:42:20.061+0500] {logging_mixin.py:190} INFO - [2024-11-18T20:42:20.060+0500] {dagbag.py:588} INFO - Filling up the DagBag from /home/AtlasRise/airflow/airflow_env/lib/python3.12/site-packages/airflow/example_dags/example_time_delta_sensor_async.py
[2024-11-18T20:42:20.072+0500] {processor.py:925} INFO - DAG(s) 'example_time_delta_sensor_async' retrieved from /home/AtlasRise/airflow/airflow_env/lib/python3.12/site-packages/airflow/example_dags/example_time_delta_sensor_async.py
[2024-11-18T20:42:20.094+0500] {logging_mixin.py:190} INFO - [2024-11-18T20:42:20.093+0500] {dag.py:3239} INFO - Sync 1 DAGs
[2024-11-18T20:42:20.114+0500] {logging_mixin.py:190} INFO - [2024-11-18T20:42:20.114+0500] {dag.py:4180} INFO - Setting next_dagrun for example_time_delta_sensor_async to None, run_after=None
[2024-11-18T20:42:20.151+0500] {processor.py:208} INFO - Processing /home/AtlasRise/airflow/airflow_env/lib/python3.12/site-packages/airflow/example_dags/example_time_delta_sensor_async.py took 0.103 seconds
[2024-11-18T20:43:27.645+0500] {processor.py:186} INFO - Started process (PID=19225) to work on /home/AtlasRise/airflow/airflow_env/lib/python3.12/site-packages/airflow/example_dags/example_time_delta_sensor_async.py
[2024-11-18T20:43:27.647+0500] {processor.py:914} INFO - Processing file /home/AtlasRise/airflow/airflow_env/lib/python3.12/site-packages/airflow/example_dags/example_time_delta_sensor_async.py for tasks to queue
[2024-11-18T20:43:27.651+0500] {logging_mixin.py:190} INFO - [2024-11-18T20:43:27.650+0500] {dagbag.py:588} INFO - Filling up the DagBag from /home/AtlasRise/airflow/airflow_env/lib/python3.12/site-packages/airflow/example_dags/example_time_delta_sensor_async.py
[2024-11-18T20:43:27.660+0500] {processor.py:925} INFO - DAG(s) 'example_time_delta_sensor_async' retrieved from /home/AtlasRise/airflow/airflow_env/lib/python3.12/site-packages/airflow/example_dags/example_time_delta_sensor_async.py
[2024-11-18T20:43:27.683+0500] {logging_mixin.py:190} INFO - [2024-11-18T20:43:27.682+0500] {dag.py:3239} INFO - Sync 1 DAGs
[2024-11-18T20:43:27.702+0500] {logging_mixin.py:190} INFO - [2024-11-18T20:43:27.702+0500] {dag.py:4180} INFO - Setting next_dagrun for example_time_delta_sensor_async to None, run_after=None
[2024-11-18T20:43:27.736+0500] {processor.py:208} INFO - Processing /home/AtlasRise/airflow/airflow_env/lib/python3.12/site-packages/airflow/example_dags/example_time_delta_sensor_async.py took 0.099 seconds
[2024-11-18T20:44:32.884+0500] {processor.py:186} INFO - Started process (PID=19300) to work on /home/AtlasRise/airflow/airflow_env/lib/python3.12/site-packages/airflow/example_dags/example_time_delta_sensor_async.py
[2024-11-18T20:44:32.887+0500] {processor.py:914} INFO - Processing file /home/AtlasRise/airflow/airflow_env/lib/python3.12/site-packages/airflow/example_dags/example_time_delta_sensor_async.py for tasks to queue
[2024-11-18T20:44:32.890+0500] {logging_mixin.py:190} INFO - [2024-11-18T20:44:32.889+0500] {dagbag.py:588} INFO - Filling up the DagBag from /home/AtlasRise/airflow/airflow_env/lib/python3.12/site-packages/airflow/example_dags/example_time_delta_sensor_async.py
[2024-11-18T20:44:32.900+0500] {processor.py:925} INFO - DAG(s) 'example_time_delta_sensor_async' retrieved from /home/AtlasRise/airflow/airflow_env/lib/python3.12/site-packages/airflow/example_dags/example_time_delta_sensor_async.py
[2024-11-18T20:44:32.922+0500] {logging_mixin.py:190} INFO - [2024-11-18T20:44:32.922+0500] {dag.py:3239} INFO - Sync 1 DAGs
[2024-11-18T20:44:32.943+0500] {logging_mixin.py:190} INFO - [2024-11-18T20:44:32.942+0500] {dag.py:4180} INFO - Setting next_dagrun for example_time_delta_sensor_async to None, run_after=None
[2024-11-18T20:44:32.975+0500] {processor.py:208} INFO - Processing /home/AtlasRise/airflow/airflow_env/lib/python3.12/site-packages/airflow/example_dags/example_time_delta_sensor_async.py took 0.098 seconds
[2024-11-18T20:45:43.494+0500] {processor.py:186} INFO - Started process (PID=19490) to work on /home/AtlasRise/airflow/airflow_env/lib/python3.12/site-packages/airflow/example_dags/example_time_delta_sensor_async.py
[2024-11-18T20:45:43.496+0500] {processor.py:914} INFO - Processing file /home/AtlasRise/airflow/airflow_env/lib/python3.12/site-packages/airflow/example_dags/example_time_delta_sensor_async.py for tasks to queue
[2024-11-18T20:45:43.499+0500] {logging_mixin.py:190} INFO - [2024-11-18T20:45:43.498+0500] {dagbag.py:588} INFO - Filling up the DagBag from /home/AtlasRise/airflow/airflow_env/lib/python3.12/site-packages/airflow/example_dags/example_time_delta_sensor_async.py
[2024-11-18T20:45:43.509+0500] {processor.py:925} INFO - DAG(s) 'example_time_delta_sensor_async' retrieved from /home/AtlasRise/airflow/airflow_env/lib/python3.12/site-packages/airflow/example_dags/example_time_delta_sensor_async.py
[2024-11-18T20:45:43.531+0500] {logging_mixin.py:190} INFO - [2024-11-18T20:45:43.531+0500] {dag.py:3239} INFO - Sync 1 DAGs
[2024-11-18T20:45:43.708+0500] {logging_mixin.py:190} INFO - [2024-11-18T20:45:43.708+0500] {dag.py:4180} INFO - Setting next_dagrun for example_time_delta_sensor_async to None, run_after=None
[2024-11-18T20:45:43.766+0500] {processor.py:208} INFO - Processing /home/AtlasRise/airflow/airflow_env/lib/python3.12/site-packages/airflow/example_dags/example_time_delta_sensor_async.py took 0.280 seconds
[2024-11-18T20:47:01.282+0500] {processor.py:186} INFO - Started process (PID=19596) to work on /home/AtlasRise/airflow/airflow_env/lib/python3.12/site-packages/airflow/example_dags/example_time_delta_sensor_async.py
[2024-11-18T20:47:01.285+0500] {processor.py:914} INFO - Processing file /home/AtlasRise/airflow/airflow_env/lib/python3.12/site-packages/airflow/example_dags/example_time_delta_sensor_async.py for tasks to queue
[2024-11-18T20:47:01.289+0500] {logging_mixin.py:190} INFO - [2024-11-18T20:47:01.288+0500] {dagbag.py:588} INFO - Filling up the DagBag from /home/AtlasRise/airflow/airflow_env/lib/python3.12/site-packages/airflow/example_dags/example_time_delta_sensor_async.py
[2024-11-18T20:47:01.299+0500] {processor.py:925} INFO - DAG(s) 'example_time_delta_sensor_async' retrieved from /home/AtlasRise/airflow/airflow_env/lib/python3.12/site-packages/airflow/example_dags/example_time_delta_sensor_async.py
[2024-11-18T20:47:01.323+0500] {logging_mixin.py:190} INFO - [2024-11-18T20:47:01.323+0500] {dag.py:3239} INFO - Sync 1 DAGs
[2024-11-18T20:47:01.345+0500] {logging_mixin.py:190} INFO - [2024-11-18T20:47:01.345+0500] {dag.py:4180} INFO - Setting next_dagrun for example_time_delta_sensor_async to None, run_after=None
[2024-11-18T20:47:01.379+0500] {processor.py:208} INFO - Processing /home/AtlasRise/airflow/airflow_env/lib/python3.12/site-packages/airflow/example_dags/example_time_delta_sensor_async.py took 0.105 seconds
[2024-11-18T20:48:07.245+0500] {processor.py:186} INFO - Started process (PID=19745) to work on /home/AtlasRise/airflow/airflow_env/lib/python3.12/site-packages/airflow/example_dags/example_time_delta_sensor_async.py
[2024-11-18T20:48:07.246+0500] {processor.py:914} INFO - Processing file /home/AtlasRise/airflow/airflow_env/lib/python3.12/site-packages/airflow/example_dags/example_time_delta_sensor_async.py for tasks to queue
[2024-11-18T20:48:07.250+0500] {logging_mixin.py:190} INFO - [2024-11-18T20:48:07.249+0500] {dagbag.py:588} INFO - Filling up the DagBag from /home/AtlasRise/airflow/airflow_env/lib/python3.12/site-packages/airflow/example_dags/example_time_delta_sensor_async.py
[2024-11-18T20:48:07.260+0500] {processor.py:925} INFO - DAG(s) 'example_time_delta_sensor_async' retrieved from /home/AtlasRise/airflow/airflow_env/lib/python3.12/site-packages/airflow/example_dags/example_time_delta_sensor_async.py
[2024-11-18T20:48:07.283+0500] {logging_mixin.py:190} INFO - [2024-11-18T20:48:07.283+0500] {dag.py:3239} INFO - Sync 1 DAGs
[2024-11-18T20:48:07.306+0500] {logging_mixin.py:190} INFO - [2024-11-18T20:48:07.306+0500] {dag.py:4180} INFO - Setting next_dagrun for example_time_delta_sensor_async to None, run_after=None
[2024-11-18T20:48:07.339+0500] {processor.py:208} INFO - Processing /home/AtlasRise/airflow/airflow_env/lib/python3.12/site-packages/airflow/example_dags/example_time_delta_sensor_async.py took 0.102 seconds
[2024-11-18T20:49:17.111+0500] {processor.py:186} INFO - Started process (PID=19832) to work on /home/AtlasRise/airflow/airflow_env/lib/python3.12/site-packages/airflow/example_dags/example_time_delta_sensor_async.py
[2024-11-18T20:49:17.114+0500] {processor.py:914} INFO - Processing file /home/AtlasRise/airflow/airflow_env/lib/python3.12/site-packages/airflow/example_dags/example_time_delta_sensor_async.py for tasks to queue
[2024-11-18T20:49:17.117+0500] {logging_mixin.py:190} INFO - [2024-11-18T20:49:17.117+0500] {dagbag.py:588} INFO - Filling up the DagBag from /home/AtlasRise/airflow/airflow_env/lib/python3.12/site-packages/airflow/example_dags/example_time_delta_sensor_async.py
[2024-11-18T20:49:17.128+0500] {processor.py:925} INFO - DAG(s) 'example_time_delta_sensor_async' retrieved from /home/AtlasRise/airflow/airflow_env/lib/python3.12/site-packages/airflow/example_dags/example_time_delta_sensor_async.py
[2024-11-18T20:49:17.151+0500] {logging_mixin.py:190} INFO - [2024-11-18T20:49:17.150+0500] {dag.py:3239} INFO - Sync 1 DAGs
[2024-11-18T20:49:17.172+0500] {logging_mixin.py:190} INFO - [2024-11-18T20:49:17.172+0500] {dag.py:4180} INFO - Setting next_dagrun for example_time_delta_sensor_async to None, run_after=None
[2024-11-18T20:49:17.205+0500] {processor.py:208} INFO - Processing /home/AtlasRise/airflow/airflow_env/lib/python3.12/site-packages/airflow/example_dags/example_time_delta_sensor_async.py took 0.102 seconds
[2024-11-18T20:50:25.270+0500] {processor.py:186} INFO - Started process (PID=19908) to work on /home/AtlasRise/airflow/airflow_env/lib/python3.12/site-packages/airflow/example_dags/example_time_delta_sensor_async.py
[2024-11-18T20:50:25.271+0500] {processor.py:914} INFO - Processing file /home/AtlasRise/airflow/airflow_env/lib/python3.12/site-packages/airflow/example_dags/example_time_delta_sensor_async.py for tasks to queue
[2024-11-18T20:50:25.275+0500] {logging_mixin.py:190} INFO - [2024-11-18T20:50:25.274+0500] {dagbag.py:588} INFO - Filling up the DagBag from /home/AtlasRise/airflow/airflow_env/lib/python3.12/site-packages/airflow/example_dags/example_time_delta_sensor_async.py
[2024-11-18T20:50:25.285+0500] {processor.py:925} INFO - DAG(s) 'example_time_delta_sensor_async' retrieved from /home/AtlasRise/airflow/airflow_env/lib/python3.12/site-packages/airflow/example_dags/example_time_delta_sensor_async.py
[2024-11-18T20:50:25.309+0500] {logging_mixin.py:190} INFO - [2024-11-18T20:50:25.308+0500] {dag.py:3239} INFO - Sync 1 DAGs
[2024-11-18T20:50:25.329+0500] {logging_mixin.py:190} INFO - [2024-11-18T20:50:25.329+0500] {dag.py:4180} INFO - Setting next_dagrun for example_time_delta_sensor_async to None, run_after=None
[2024-11-18T20:50:25.364+0500] {processor.py:208} INFO - Processing /home/AtlasRise/airflow/airflow_env/lib/python3.12/site-packages/airflow/example_dags/example_time_delta_sensor_async.py took 0.102 seconds
[2024-11-18T20:51:34.855+0500] {processor.py:186} INFO - Started process (PID=19991) to work on /home/AtlasRise/airflow/airflow_env/lib/python3.12/site-packages/airflow/example_dags/example_time_delta_sensor_async.py
[2024-11-18T20:51:34.858+0500] {processor.py:914} INFO - Processing file /home/AtlasRise/airflow/airflow_env/lib/python3.12/site-packages/airflow/example_dags/example_time_delta_sensor_async.py for tasks to queue
[2024-11-18T20:51:34.861+0500] {logging_mixin.py:190} INFO - [2024-11-18T20:51:34.861+0500] {dagbag.py:588} INFO - Filling up the DagBag from /home/AtlasRise/airflow/airflow_env/lib/python3.12/site-packages/airflow/example_dags/example_time_delta_sensor_async.py
[2024-11-18T20:51:34.873+0500] {processor.py:925} INFO - DAG(s) 'example_time_delta_sensor_async' retrieved from /home/AtlasRise/airflow/airflow_env/lib/python3.12/site-packages/airflow/example_dags/example_time_delta_sensor_async.py
[2024-11-18T20:51:34.896+0500] {logging_mixin.py:190} INFO - [2024-11-18T20:51:34.896+0500] {dag.py:3239} INFO - Sync 1 DAGs
[2024-11-18T20:51:34.919+0500] {logging_mixin.py:190} INFO - [2024-11-18T20:51:34.919+0500] {dag.py:4180} INFO - Setting next_dagrun for example_time_delta_sensor_async to None, run_after=None
[2024-11-18T20:51:34.954+0500] {processor.py:208} INFO - Processing /home/AtlasRise/airflow/airflow_env/lib/python3.12/site-packages/airflow/example_dags/example_time_delta_sensor_async.py took 0.106 seconds
[2024-11-18T20:52:42.725+0500] {processor.py:186} INFO - Started process (PID=20065) to work on /home/AtlasRise/airflow/airflow_env/lib/python3.12/site-packages/airflow/example_dags/example_time_delta_sensor_async.py
[2024-11-18T20:52:42.726+0500] {processor.py:914} INFO - Processing file /home/AtlasRise/airflow/airflow_env/lib/python3.12/site-packages/airflow/example_dags/example_time_delta_sensor_async.py for tasks to queue
[2024-11-18T20:52:42.730+0500] {logging_mixin.py:190} INFO - [2024-11-18T20:52:42.729+0500] {dagbag.py:588} INFO - Filling up the DagBag from /home/AtlasRise/airflow/airflow_env/lib/python3.12/site-packages/airflow/example_dags/example_time_delta_sensor_async.py
[2024-11-18T20:52:42.743+0500] {processor.py:925} INFO - DAG(s) 'example_time_delta_sensor_async' retrieved from /home/AtlasRise/airflow/airflow_env/lib/python3.12/site-packages/airflow/example_dags/example_time_delta_sensor_async.py
[2024-11-18T20:52:42.767+0500] {logging_mixin.py:190} INFO - [2024-11-18T20:52:42.766+0500] {dag.py:3239} INFO - Sync 1 DAGs
[2024-11-18T20:52:42.791+0500] {logging_mixin.py:190} INFO - [2024-11-18T20:52:42.790+0500] {dag.py:4180} INFO - Setting next_dagrun for example_time_delta_sensor_async to None, run_after=None
[2024-11-18T20:52:42.827+0500] {processor.py:208} INFO - Processing /home/AtlasRise/airflow/airflow_env/lib/python3.12/site-packages/airflow/example_dags/example_time_delta_sensor_async.py took 0.111 seconds
[2024-11-18T20:53:54.132+0500] {processor.py:186} INFO - Started process (PID=20134) to work on /home/AtlasRise/airflow/airflow_env/lib/python3.12/site-packages/airflow/example_dags/example_time_delta_sensor_async.py
[2024-11-18T20:53:54.134+0500] {processor.py:914} INFO - Processing file /home/AtlasRise/airflow/airflow_env/lib/python3.12/site-packages/airflow/example_dags/example_time_delta_sensor_async.py for tasks to queue
[2024-11-18T20:53:54.138+0500] {logging_mixin.py:190} INFO - [2024-11-18T20:53:54.137+0500] {dagbag.py:588} INFO - Filling up the DagBag from /home/AtlasRise/airflow/airflow_env/lib/python3.12/site-packages/airflow/example_dags/example_time_delta_sensor_async.py
[2024-11-18T20:53:54.149+0500] {processor.py:925} INFO - DAG(s) 'example_time_delta_sensor_async' retrieved from /home/AtlasRise/airflow/airflow_env/lib/python3.12/site-packages/airflow/example_dags/example_time_delta_sensor_async.py
[2024-11-18T20:53:54.174+0500] {logging_mixin.py:190} INFO - [2024-11-18T20:53:54.173+0500] {dag.py:3239} INFO - Sync 1 DAGs
[2024-11-18T20:53:54.195+0500] {logging_mixin.py:190} INFO - [2024-11-18T20:53:54.195+0500] {dag.py:4180} INFO - Setting next_dagrun for example_time_delta_sensor_async to None, run_after=None
[2024-11-18T20:53:54.230+0500] {processor.py:208} INFO - Processing /home/AtlasRise/airflow/airflow_env/lib/python3.12/site-packages/airflow/example_dags/example_time_delta_sensor_async.py took 0.107 seconds
[2024-11-18T20:55:12.042+0500] {processor.py:186} INFO - Started process (PID=20231) to work on /home/AtlasRise/airflow/airflow_env/lib/python3.12/site-packages/airflow/example_dags/example_time_delta_sensor_async.py
[2024-11-18T20:55:12.046+0500] {processor.py:914} INFO - Processing file /home/AtlasRise/airflow/airflow_env/lib/python3.12/site-packages/airflow/example_dags/example_time_delta_sensor_async.py for tasks to queue
[2024-11-18T20:55:12.049+0500] {logging_mixin.py:190} INFO - [2024-11-18T20:55:12.048+0500] {dagbag.py:588} INFO - Filling up the DagBag from /home/AtlasRise/airflow/airflow_env/lib/python3.12/site-packages/airflow/example_dags/example_time_delta_sensor_async.py
[2024-11-18T20:55:12.059+0500] {processor.py:925} INFO - DAG(s) 'example_time_delta_sensor_async' retrieved from /home/AtlasRise/airflow/airflow_env/lib/python3.12/site-packages/airflow/example_dags/example_time_delta_sensor_async.py
[2024-11-18T20:55:12.081+0500] {logging_mixin.py:190} INFO - [2024-11-18T20:55:12.081+0500] {dag.py:3239} INFO - Sync 1 DAGs
[2024-11-18T20:55:12.102+0500] {logging_mixin.py:190} INFO - [2024-11-18T20:55:12.101+0500] {dag.py:4180} INFO - Setting next_dagrun for example_time_delta_sensor_async to None, run_after=None
[2024-11-18T20:55:12.136+0500] {processor.py:208} INFO - Processing /home/AtlasRise/airflow/airflow_env/lib/python3.12/site-packages/airflow/example_dags/example_time_delta_sensor_async.py took 0.102 seconds
[2024-11-18T20:55:56.592+0500] {processor.py:186} INFO - Started process (PID=20277) to work on /home/AtlasRise/airflow/airflow_env/lib/python3.12/site-packages/airflow/example_dags/example_time_delta_sensor_async.py
[2024-11-18T20:55:56.595+0500] {processor.py:914} INFO - Processing file /home/AtlasRise/airflow/airflow_env/lib/python3.12/site-packages/airflow/example_dags/example_time_delta_sensor_async.py for tasks to queue
[2024-11-18T20:55:56.598+0500] {logging_mixin.py:190} INFO - [2024-11-18T20:55:56.598+0500] {dagbag.py:588} INFO - Filling up the DagBag from /home/AtlasRise/airflow/airflow_env/lib/python3.12/site-packages/airflow/example_dags/example_time_delta_sensor_async.py
[2024-11-18T20:55:56.609+0500] {processor.py:925} INFO - DAG(s) 'example_time_delta_sensor_async' retrieved from /home/AtlasRise/airflow/airflow_env/lib/python3.12/site-packages/airflow/example_dags/example_time_delta_sensor_async.py
[2024-11-18T20:55:56.632+0500] {logging_mixin.py:190} INFO - [2024-11-18T20:55:56.631+0500] {dag.py:3239} INFO - Sync 1 DAGs
[2024-11-18T20:55:56.652+0500] {logging_mixin.py:190} INFO - [2024-11-18T20:55:56.652+0500] {dag.py:4180} INFO - Setting next_dagrun for example_time_delta_sensor_async to None, run_after=None
[2024-11-18T20:55:56.685+0500] {processor.py:208} INFO - Processing /home/AtlasRise/airflow/airflow_env/lib/python3.12/site-packages/airflow/example_dags/example_time_delta_sensor_async.py took 0.100 seconds
[2024-11-18T20:57:11.110+0500] {processor.py:186} INFO - Started process (PID=20365) to work on /home/AtlasRise/airflow/airflow_env/lib/python3.12/site-packages/airflow/example_dags/example_time_delta_sensor_async.py
[2024-11-18T20:57:11.112+0500] {processor.py:914} INFO - Processing file /home/AtlasRise/airflow/airflow_env/lib/python3.12/site-packages/airflow/example_dags/example_time_delta_sensor_async.py for tasks to queue
[2024-11-18T20:57:11.119+0500] {logging_mixin.py:190} INFO - [2024-11-18T20:57:11.119+0500] {dagbag.py:588} INFO - Filling up the DagBag from /home/AtlasRise/airflow/airflow_env/lib/python3.12/site-packages/airflow/example_dags/example_time_delta_sensor_async.py
[2024-11-18T20:57:11.140+0500] {processor.py:925} INFO - DAG(s) 'example_time_delta_sensor_async' retrieved from /home/AtlasRise/airflow/airflow_env/lib/python3.12/site-packages/airflow/example_dags/example_time_delta_sensor_async.py
[2024-11-18T20:57:11.217+0500] {logging_mixin.py:190} INFO - [2024-11-18T20:57:11.207+0500] {dag.py:3239} INFO - Sync 1 DAGs
[2024-11-18T20:57:11.300+0500] {logging_mixin.py:190} INFO - [2024-11-18T20:57:11.300+0500] {dag.py:4180} INFO - Setting next_dagrun for example_time_delta_sensor_async to None, run_after=None
[2024-11-18T20:57:11.434+0500] {processor.py:208} INFO - Processing /home/AtlasRise/airflow/airflow_env/lib/python3.12/site-packages/airflow/example_dags/example_time_delta_sensor_async.py took 0.358 seconds
[2024-11-18T20:58:21.807+0500] {processor.py:186} INFO - Started process (PID=20443) to work on /home/AtlasRise/airflow/airflow_env/lib/python3.12/site-packages/airflow/example_dags/example_time_delta_sensor_async.py
[2024-11-18T20:58:21.810+0500] {processor.py:914} INFO - Processing file /home/AtlasRise/airflow/airflow_env/lib/python3.12/site-packages/airflow/example_dags/example_time_delta_sensor_async.py for tasks to queue
[2024-11-18T20:58:21.813+0500] {logging_mixin.py:190} INFO - [2024-11-18T20:58:21.812+0500] {dagbag.py:588} INFO - Filling up the DagBag from /home/AtlasRise/airflow/airflow_env/lib/python3.12/site-packages/airflow/example_dags/example_time_delta_sensor_async.py
[2024-11-18T20:58:21.823+0500] {processor.py:925} INFO - DAG(s) 'example_time_delta_sensor_async' retrieved from /home/AtlasRise/airflow/airflow_env/lib/python3.12/site-packages/airflow/example_dags/example_time_delta_sensor_async.py
[2024-11-18T20:58:21.849+0500] {logging_mixin.py:190} INFO - [2024-11-18T20:58:21.849+0500] {dag.py:3239} INFO - Sync 1 DAGs
[2024-11-18T20:58:21.872+0500] {logging_mixin.py:190} INFO - [2024-11-18T20:58:21.872+0500] {dag.py:4180} INFO - Setting next_dagrun for example_time_delta_sensor_async to None, run_after=None
[2024-11-18T20:58:21.909+0500] {processor.py:208} INFO - Processing /home/AtlasRise/airflow/airflow_env/lib/python3.12/site-packages/airflow/example_dags/example_time_delta_sensor_async.py took 0.114 seconds
[2024-11-18T20:59:30.528+0500] {processor.py:186} INFO - Started process (PID=20531) to work on /home/AtlasRise/airflow/airflow_env/lib/python3.12/site-packages/airflow/example_dags/example_time_delta_sensor_async.py
[2024-11-18T20:59:30.531+0500] {processor.py:914} INFO - Processing file /home/AtlasRise/airflow/airflow_env/lib/python3.12/site-packages/airflow/example_dags/example_time_delta_sensor_async.py for tasks to queue
[2024-11-18T20:59:30.534+0500] {logging_mixin.py:190} INFO - [2024-11-18T20:59:30.533+0500] {dagbag.py:588} INFO - Filling up the DagBag from /home/AtlasRise/airflow/airflow_env/lib/python3.12/site-packages/airflow/example_dags/example_time_delta_sensor_async.py
[2024-11-18T20:59:30.544+0500] {processor.py:925} INFO - DAG(s) 'example_time_delta_sensor_async' retrieved from /home/AtlasRise/airflow/airflow_env/lib/python3.12/site-packages/airflow/example_dags/example_time_delta_sensor_async.py
[2024-11-18T20:59:30.568+0500] {logging_mixin.py:190} INFO - [2024-11-18T20:59:30.567+0500] {dag.py:3239} INFO - Sync 1 DAGs
[2024-11-18T20:59:30.590+0500] {logging_mixin.py:190} INFO - [2024-11-18T20:59:30.589+0500] {dag.py:4180} INFO - Setting next_dagrun for example_time_delta_sensor_async to None, run_after=None
[2024-11-18T20:59:30.624+0500] {processor.py:208} INFO - Processing /home/AtlasRise/airflow/airflow_env/lib/python3.12/site-packages/airflow/example_dags/example_time_delta_sensor_async.py took 0.104 seconds
[2024-11-18T21:00:11.665+0500] {processor.py:186} INFO - Started process (PID=20572) to work on /home/AtlasRise/airflow/airflow_env/lib/python3.12/site-packages/airflow/example_dags/example_time_delta_sensor_async.py
[2024-11-18T21:00:11.668+0500] {processor.py:914} INFO - Processing file /home/AtlasRise/airflow/airflow_env/lib/python3.12/site-packages/airflow/example_dags/example_time_delta_sensor_async.py for tasks to queue
[2024-11-18T21:00:11.671+0500] {logging_mixin.py:190} INFO - [2024-11-18T21:00:11.670+0500] {dagbag.py:588} INFO - Filling up the DagBag from /home/AtlasRise/airflow/airflow_env/lib/python3.12/site-packages/airflow/example_dags/example_time_delta_sensor_async.py
[2024-11-18T21:00:11.681+0500] {processor.py:925} INFO - DAG(s) 'example_time_delta_sensor_async' retrieved from /home/AtlasRise/airflow/airflow_env/lib/python3.12/site-packages/airflow/example_dags/example_time_delta_sensor_async.py
[2024-11-18T21:00:11.704+0500] {logging_mixin.py:190} INFO - [2024-11-18T21:00:11.703+0500] {dag.py:3239} INFO - Sync 1 DAGs
[2024-11-18T21:00:11.724+0500] {logging_mixin.py:190} INFO - [2024-11-18T21:00:11.723+0500] {dag.py:4180} INFO - Setting next_dagrun for example_time_delta_sensor_async to None, run_after=None
[2024-11-18T21:00:11.757+0500] {processor.py:208} INFO - Processing /home/AtlasRise/airflow/airflow_env/lib/python3.12/site-packages/airflow/example_dags/example_time_delta_sensor_async.py took 0.100 seconds
[2024-11-18T21:01:17.562+0500] {processor.py:186} INFO - Started process (PID=20651) to work on /home/AtlasRise/airflow/airflow_env/lib/python3.12/site-packages/airflow/example_dags/example_time_delta_sensor_async.py
[2024-11-18T21:01:17.565+0500] {processor.py:914} INFO - Processing file /home/AtlasRise/airflow/airflow_env/lib/python3.12/site-packages/airflow/example_dags/example_time_delta_sensor_async.py for tasks to queue
[2024-11-18T21:01:17.569+0500] {logging_mixin.py:190} INFO - [2024-11-18T21:01:17.568+0500] {dagbag.py:588} INFO - Filling up the DagBag from /home/AtlasRise/airflow/airflow_env/lib/python3.12/site-packages/airflow/example_dags/example_time_delta_sensor_async.py
[2024-11-18T21:01:17.581+0500] {processor.py:925} INFO - DAG(s) 'example_time_delta_sensor_async' retrieved from /home/AtlasRise/airflow/airflow_env/lib/python3.12/site-packages/airflow/example_dags/example_time_delta_sensor_async.py
[2024-11-18T21:01:17.605+0500] {logging_mixin.py:190} INFO - [2024-11-18T21:01:17.605+0500] {dag.py:3239} INFO - Sync 1 DAGs
[2024-11-18T21:01:17.625+0500] {logging_mixin.py:190} INFO - [2024-11-18T21:01:17.625+0500] {dag.py:4180} INFO - Setting next_dagrun for example_time_delta_sensor_async to None, run_after=None
[2024-11-18T21:01:17.659+0500] {processor.py:208} INFO - Processing /home/AtlasRise/airflow/airflow_env/lib/python3.12/site-packages/airflow/example_dags/example_time_delta_sensor_async.py took 0.107 seconds
[2024-11-18T21:02:28.565+0500] {processor.py:186} INFO - Started process (PID=20727) to work on /home/AtlasRise/airflow/airflow_env/lib/python3.12/site-packages/airflow/example_dags/example_time_delta_sensor_async.py
[2024-11-18T21:02:28.566+0500] {processor.py:914} INFO - Processing file /home/AtlasRise/airflow/airflow_env/lib/python3.12/site-packages/airflow/example_dags/example_time_delta_sensor_async.py for tasks to queue
[2024-11-18T21:02:28.569+0500] {logging_mixin.py:190} INFO - [2024-11-18T21:02:28.568+0500] {dagbag.py:588} INFO - Filling up the DagBag from /home/AtlasRise/airflow/airflow_env/lib/python3.12/site-packages/airflow/example_dags/example_time_delta_sensor_async.py
[2024-11-18T21:02:28.579+0500] {processor.py:925} INFO - DAG(s) 'example_time_delta_sensor_async' retrieved from /home/AtlasRise/airflow/airflow_env/lib/python3.12/site-packages/airflow/example_dags/example_time_delta_sensor_async.py
[2024-11-18T21:02:28.602+0500] {logging_mixin.py:190} INFO - [2024-11-18T21:02:28.601+0500] {dag.py:3239} INFO - Sync 1 DAGs
[2024-11-18T21:02:28.622+0500] {logging_mixin.py:190} INFO - [2024-11-18T21:02:28.622+0500] {dag.py:4180} INFO - Setting next_dagrun for example_time_delta_sensor_async to None, run_after=None
[2024-11-18T21:02:28.654+0500] {processor.py:208} INFO - Processing /home/AtlasRise/airflow/airflow_env/lib/python3.12/site-packages/airflow/example_dags/example_time_delta_sensor_async.py took 0.098 seconds
[2024-11-18T21:03:38.266+0500] {processor.py:186} INFO - Started process (PID=20799) to work on /home/AtlasRise/airflow/airflow_env/lib/python3.12/site-packages/airflow/example_dags/example_time_delta_sensor_async.py
[2024-11-18T21:03:38.268+0500] {processor.py:914} INFO - Processing file /home/AtlasRise/airflow/airflow_env/lib/python3.12/site-packages/airflow/example_dags/example_time_delta_sensor_async.py for tasks to queue
[2024-11-18T21:03:38.271+0500] {logging_mixin.py:190} INFO - [2024-11-18T21:03:38.270+0500] {dagbag.py:588} INFO - Filling up the DagBag from /home/AtlasRise/airflow/airflow_env/lib/python3.12/site-packages/airflow/example_dags/example_time_delta_sensor_async.py
[2024-11-18T21:03:38.280+0500] {processor.py:925} INFO - DAG(s) 'example_time_delta_sensor_async' retrieved from /home/AtlasRise/airflow/airflow_env/lib/python3.12/site-packages/airflow/example_dags/example_time_delta_sensor_async.py
[2024-11-18T21:03:38.303+0500] {logging_mixin.py:190} INFO - [2024-11-18T21:03:38.302+0500] {dag.py:3239} INFO - Sync 1 DAGs
[2024-11-18T21:03:38.323+0500] {logging_mixin.py:190} INFO - [2024-11-18T21:03:38.322+0500] {dag.py:4180} INFO - Setting next_dagrun for example_time_delta_sensor_async to None, run_after=None
[2024-11-18T21:03:38.358+0500] {processor.py:208} INFO - Processing /home/AtlasRise/airflow/airflow_env/lib/python3.12/site-packages/airflow/example_dags/example_time_delta_sensor_async.py took 0.100 seconds
[2024-11-18T21:04:43.668+0500] {processor.py:186} INFO - Started process (PID=20899) to work on /home/AtlasRise/airflow/airflow_env/lib/python3.12/site-packages/airflow/example_dags/example_time_delta_sensor_async.py
[2024-11-18T21:04:43.671+0500] {processor.py:914} INFO - Processing file /home/AtlasRise/airflow/airflow_env/lib/python3.12/site-packages/airflow/example_dags/example_time_delta_sensor_async.py for tasks to queue
[2024-11-18T21:04:43.675+0500] {logging_mixin.py:190} INFO - [2024-11-18T21:04:43.674+0500] {dagbag.py:588} INFO - Filling up the DagBag from /home/AtlasRise/airflow/airflow_env/lib/python3.12/site-packages/airflow/example_dags/example_time_delta_sensor_async.py
[2024-11-18T21:04:43.685+0500] {processor.py:925} INFO - DAG(s) 'example_time_delta_sensor_async' retrieved from /home/AtlasRise/airflow/airflow_env/lib/python3.12/site-packages/airflow/example_dags/example_time_delta_sensor_async.py
[2024-11-18T21:04:43.708+0500] {logging_mixin.py:190} INFO - [2024-11-18T21:04:43.707+0500] {dag.py:3239} INFO - Sync 1 DAGs
[2024-11-18T21:04:43.728+0500] {logging_mixin.py:190} INFO - [2024-11-18T21:04:43.728+0500] {dag.py:4180} INFO - Setting next_dagrun for example_time_delta_sensor_async to None, run_after=None
[2024-11-18T21:04:43.762+0500] {processor.py:208} INFO - Processing /home/AtlasRise/airflow/airflow_env/lib/python3.12/site-packages/airflow/example_dags/example_time_delta_sensor_async.py took 0.102 seconds
[2024-11-18T21:05:49.251+0500] {processor.py:186} INFO - Started process (PID=20983) to work on /home/AtlasRise/airflow/airflow_env/lib/python3.12/site-packages/airflow/example_dags/example_time_delta_sensor_async.py
[2024-11-18T21:05:49.253+0500] {processor.py:914} INFO - Processing file /home/AtlasRise/airflow/airflow_env/lib/python3.12/site-packages/airflow/example_dags/example_time_delta_sensor_async.py for tasks to queue
[2024-11-18T21:05:49.257+0500] {logging_mixin.py:190} INFO - [2024-11-18T21:05:49.256+0500] {dagbag.py:588} INFO - Filling up the DagBag from /home/AtlasRise/airflow/airflow_env/lib/python3.12/site-packages/airflow/example_dags/example_time_delta_sensor_async.py
[2024-11-18T21:05:49.267+0500] {processor.py:925} INFO - DAG(s) 'example_time_delta_sensor_async' retrieved from /home/AtlasRise/airflow/airflow_env/lib/python3.12/site-packages/airflow/example_dags/example_time_delta_sensor_async.py
[2024-11-18T21:05:49.290+0500] {logging_mixin.py:190} INFO - [2024-11-18T21:05:49.290+0500] {dag.py:3239} INFO - Sync 1 DAGs
[2024-11-18T21:05:49.311+0500] {logging_mixin.py:190} INFO - [2024-11-18T21:05:49.311+0500] {dag.py:4180} INFO - Setting next_dagrun for example_time_delta_sensor_async to None, run_after=None
[2024-11-18T21:05:49.343+0500] {processor.py:208} INFO - Processing /home/AtlasRise/airflow/airflow_env/lib/python3.12/site-packages/airflow/example_dags/example_time_delta_sensor_async.py took 0.102 seconds
[2024-11-18T21:07:07.674+0500] {processor.py:186} INFO - Started process (PID=21083) to work on /home/AtlasRise/airflow/airflow_env/lib/python3.12/site-packages/airflow/example_dags/example_time_delta_sensor_async.py
[2024-11-18T21:07:07.676+0500] {processor.py:914} INFO - Processing file /home/AtlasRise/airflow/airflow_env/lib/python3.12/site-packages/airflow/example_dags/example_time_delta_sensor_async.py for tasks to queue
[2024-11-18T21:07:07.679+0500] {logging_mixin.py:190} INFO - [2024-11-18T21:07:07.678+0500] {dagbag.py:588} INFO - Filling up the DagBag from /home/AtlasRise/airflow/airflow_env/lib/python3.12/site-packages/airflow/example_dags/example_time_delta_sensor_async.py
[2024-11-18T21:07:07.689+0500] {processor.py:925} INFO - DAG(s) 'example_time_delta_sensor_async' retrieved from /home/AtlasRise/airflow/airflow_env/lib/python3.12/site-packages/airflow/example_dags/example_time_delta_sensor_async.py
[2024-11-18T21:07:07.712+0500] {logging_mixin.py:190} INFO - [2024-11-18T21:07:07.712+0500] {dag.py:3239} INFO - Sync 1 DAGs
[2024-11-18T21:07:07.734+0500] {logging_mixin.py:190} INFO - [2024-11-18T21:07:07.733+0500] {dag.py:4180} INFO - Setting next_dagrun for example_time_delta_sensor_async to None, run_after=None
[2024-11-18T21:07:07.767+0500] {processor.py:208} INFO - Processing /home/AtlasRise/airflow/airflow_env/lib/python3.12/site-packages/airflow/example_dags/example_time_delta_sensor_async.py took 0.102 seconds
[2024-11-18T21:08:17.870+0500] {processor.py:186} INFO - Started process (PID=21152) to work on /home/AtlasRise/airflow/airflow_env/lib/python3.12/site-packages/airflow/example_dags/example_time_delta_sensor_async.py
[2024-11-18T21:08:17.872+0500] {processor.py:914} INFO - Processing file /home/AtlasRise/airflow/airflow_env/lib/python3.12/site-packages/airflow/example_dags/example_time_delta_sensor_async.py for tasks to queue
[2024-11-18T21:08:17.875+0500] {logging_mixin.py:190} INFO - [2024-11-18T21:08:17.875+0500] {dagbag.py:588} INFO - Filling up the DagBag from /home/AtlasRise/airflow/airflow_env/lib/python3.12/site-packages/airflow/example_dags/example_time_delta_sensor_async.py
[2024-11-18T21:08:17.885+0500] {processor.py:925} INFO - DAG(s) 'example_time_delta_sensor_async' retrieved from /home/AtlasRise/airflow/airflow_env/lib/python3.12/site-packages/airflow/example_dags/example_time_delta_sensor_async.py
[2024-11-18T21:08:17.908+0500] {logging_mixin.py:190} INFO - [2024-11-18T21:08:17.908+0500] {dag.py:3239} INFO - Sync 1 DAGs
[2024-11-18T21:08:17.930+0500] {logging_mixin.py:190} INFO - [2024-11-18T21:08:17.930+0500] {dag.py:4180} INFO - Setting next_dagrun for example_time_delta_sensor_async to None, run_after=None
[2024-11-18T21:08:17.979+0500] {processor.py:208} INFO - Processing /home/AtlasRise/airflow/airflow_env/lib/python3.12/site-packages/airflow/example_dags/example_time_delta_sensor_async.py took 0.117 seconds
[2024-11-18T21:09:23.735+0500] {processor.py:186} INFO - Started process (PID=21249) to work on /home/AtlasRise/airflow/airflow_env/lib/python3.12/site-packages/airflow/example_dags/example_time_delta_sensor_async.py
[2024-11-18T21:09:23.744+0500] {processor.py:914} INFO - Processing file /home/AtlasRise/airflow/airflow_env/lib/python3.12/site-packages/airflow/example_dags/example_time_delta_sensor_async.py for tasks to queue
[2024-11-18T21:09:23.753+0500] {logging_mixin.py:190} INFO - [2024-11-18T21:09:23.749+0500] {dagbag.py:588} INFO - Filling up the DagBag from /home/AtlasRise/airflow/airflow_env/lib/python3.12/site-packages/airflow/example_dags/example_time_delta_sensor_async.py
[2024-11-18T21:09:23.778+0500] {processor.py:925} INFO - DAG(s) 'example_time_delta_sensor_async' retrieved from /home/AtlasRise/airflow/airflow_env/lib/python3.12/site-packages/airflow/example_dags/example_time_delta_sensor_async.py
[2024-11-18T21:09:23.809+0500] {logging_mixin.py:190} INFO - [2024-11-18T21:09:23.808+0500] {dag.py:3239} INFO - Sync 1 DAGs
[2024-11-18T21:09:23.857+0500] {logging_mixin.py:190} INFO - [2024-11-18T21:09:23.856+0500] {dag.py:4180} INFO - Setting next_dagrun for example_time_delta_sensor_async to None, run_after=None
[2024-11-18T21:09:23.922+0500] {processor.py:208} INFO - Processing /home/AtlasRise/airflow/airflow_env/lib/python3.12/site-packages/airflow/example_dags/example_time_delta_sensor_async.py took 0.199 seconds
[2024-11-18T21:10:30.539+0500] {processor.py:186} INFO - Started process (PID=21330) to work on /home/AtlasRise/airflow/airflow_env/lib/python3.12/site-packages/airflow/example_dags/example_time_delta_sensor_async.py
[2024-11-18T21:10:30.540+0500] {processor.py:914} INFO - Processing file /home/AtlasRise/airflow/airflow_env/lib/python3.12/site-packages/airflow/example_dags/example_time_delta_sensor_async.py for tasks to queue
[2024-11-18T21:10:30.543+0500] {logging_mixin.py:190} INFO - [2024-11-18T21:10:30.543+0500] {dagbag.py:588} INFO - Filling up the DagBag from /home/AtlasRise/airflow/airflow_env/lib/python3.12/site-packages/airflow/example_dags/example_time_delta_sensor_async.py
[2024-11-18T21:10:30.555+0500] {processor.py:925} INFO - DAG(s) 'example_time_delta_sensor_async' retrieved from /home/AtlasRise/airflow/airflow_env/lib/python3.12/site-packages/airflow/example_dags/example_time_delta_sensor_async.py
[2024-11-18T21:10:30.580+0500] {logging_mixin.py:190} INFO - [2024-11-18T21:10:30.579+0500] {dag.py:3239} INFO - Sync 1 DAGs
[2024-11-18T21:10:30.601+0500] {logging_mixin.py:190} INFO - [2024-11-18T21:10:30.600+0500] {dag.py:4180} INFO - Setting next_dagrun for example_time_delta_sensor_async to None, run_after=None
[2024-11-18T21:10:30.637+0500] {processor.py:208} INFO - Processing /home/AtlasRise/airflow/airflow_env/lib/python3.12/site-packages/airflow/example_dags/example_time_delta_sensor_async.py took 0.111 seconds
[2024-11-18T21:11:17.898+0500] {processor.py:186} INFO - Started process (PID=21413) to work on /home/AtlasRise/airflow/airflow_env/lib/python3.12/site-packages/airflow/example_dags/example_time_delta_sensor_async.py
[2024-11-18T21:11:17.900+0500] {processor.py:914} INFO - Processing file /home/AtlasRise/airflow/airflow_env/lib/python3.12/site-packages/airflow/example_dags/example_time_delta_sensor_async.py for tasks to queue
[2024-11-18T21:11:17.903+0500] {logging_mixin.py:190} INFO - [2024-11-18T21:11:17.902+0500] {dagbag.py:588} INFO - Filling up the DagBag from /home/AtlasRise/airflow/airflow_env/lib/python3.12/site-packages/airflow/example_dags/example_time_delta_sensor_async.py
[2024-11-18T21:11:17.913+0500] {processor.py:925} INFO - DAG(s) 'example_time_delta_sensor_async' retrieved from /home/AtlasRise/airflow/airflow_env/lib/python3.12/site-packages/airflow/example_dags/example_time_delta_sensor_async.py
[2024-11-18T21:11:17.938+0500] {logging_mixin.py:190} INFO - [2024-11-18T21:11:17.938+0500] {dag.py:3239} INFO - Sync 1 DAGs
[2024-11-18T21:11:17.959+0500] {logging_mixin.py:190} INFO - [2024-11-18T21:11:17.958+0500] {dag.py:4180} INFO - Setting next_dagrun for example_time_delta_sensor_async to None, run_after=None
[2024-11-18T21:11:17.995+0500] {processor.py:208} INFO - Processing /home/AtlasRise/airflow/airflow_env/lib/python3.12/site-packages/airflow/example_dags/example_time_delta_sensor_async.py took 0.107 seconds
[2024-11-18T21:12:01.946+0500] {processor.py:186} INFO - Started process (PID=21484) to work on /home/AtlasRise/airflow/airflow_env/lib/python3.12/site-packages/airflow/example_dags/example_time_delta_sensor_async.py
[2024-11-18T21:12:01.947+0500] {processor.py:914} INFO - Processing file /home/AtlasRise/airflow/airflow_env/lib/python3.12/site-packages/airflow/example_dags/example_time_delta_sensor_async.py for tasks to queue
[2024-11-18T21:12:01.951+0500] {logging_mixin.py:190} INFO - [2024-11-18T21:12:01.950+0500] {dagbag.py:588} INFO - Filling up the DagBag from /home/AtlasRise/airflow/airflow_env/lib/python3.12/site-packages/airflow/example_dags/example_time_delta_sensor_async.py
[2024-11-18T21:12:01.961+0500] {processor.py:925} INFO - DAG(s) 'example_time_delta_sensor_async' retrieved from /home/AtlasRise/airflow/airflow_env/lib/python3.12/site-packages/airflow/example_dags/example_time_delta_sensor_async.py
[2024-11-18T21:12:01.985+0500] {logging_mixin.py:190} INFO - [2024-11-18T21:12:01.985+0500] {dag.py:3239} INFO - Sync 1 DAGs
[2024-11-18T21:12:02.011+0500] {logging_mixin.py:190} INFO - [2024-11-18T21:12:02.010+0500] {dag.py:4180} INFO - Setting next_dagrun for example_time_delta_sensor_async to None, run_after=None
[2024-11-18T21:12:02.052+0500] {processor.py:208} INFO - Processing /home/AtlasRise/airflow/airflow_env/lib/python3.12/site-packages/airflow/example_dags/example_time_delta_sensor_async.py took 0.114 seconds
[2024-11-18T21:13:06.438+0500] {processor.py:186} INFO - Started process (PID=21567) to work on /home/AtlasRise/airflow/airflow_env/lib/python3.12/site-packages/airflow/example_dags/example_time_delta_sensor_async.py
[2024-11-18T21:13:06.439+0500] {processor.py:914} INFO - Processing file /home/AtlasRise/airflow/airflow_env/lib/python3.12/site-packages/airflow/example_dags/example_time_delta_sensor_async.py for tasks to queue
[2024-11-18T21:13:06.444+0500] {logging_mixin.py:190} INFO - [2024-11-18T21:13:06.443+0500] {dagbag.py:588} INFO - Filling up the DagBag from /home/AtlasRise/airflow/airflow_env/lib/python3.12/site-packages/airflow/example_dags/example_time_delta_sensor_async.py
[2024-11-18T21:13:06.474+0500] {processor.py:925} INFO - DAG(s) 'example_time_delta_sensor_async' retrieved from /home/AtlasRise/airflow/airflow_env/lib/python3.12/site-packages/airflow/example_dags/example_time_delta_sensor_async.py
[2024-11-18T21:13:06.527+0500] {logging_mixin.py:190} INFO - [2024-11-18T21:13:06.527+0500] {dag.py:3239} INFO - Sync 1 DAGs
[2024-11-18T21:13:06.559+0500] {logging_mixin.py:190} INFO - [2024-11-18T21:13:06.559+0500] {dag.py:4180} INFO - Setting next_dagrun for example_time_delta_sensor_async to None, run_after=None
[2024-11-18T21:13:06.616+0500] {processor.py:208} INFO - Processing /home/AtlasRise/airflow/airflow_env/lib/python3.12/site-packages/airflow/example_dags/example_time_delta_sensor_async.py took 0.192 seconds
[2024-11-18T21:13:55.973+0500] {processor.py:186} INFO - Started process (PID=21621) to work on /home/AtlasRise/airflow/airflow_env/lib/python3.12/site-packages/airflow/example_dags/example_time_delta_sensor_async.py
[2024-11-18T21:13:55.975+0500] {processor.py:914} INFO - Processing file /home/AtlasRise/airflow/airflow_env/lib/python3.12/site-packages/airflow/example_dags/example_time_delta_sensor_async.py for tasks to queue
[2024-11-18T21:13:55.979+0500] {logging_mixin.py:190} INFO - [2024-11-18T21:13:55.978+0500] {dagbag.py:588} INFO - Filling up the DagBag from /home/AtlasRise/airflow/airflow_env/lib/python3.12/site-packages/airflow/example_dags/example_time_delta_sensor_async.py
[2024-11-18T21:13:55.992+0500] {processor.py:925} INFO - DAG(s) 'example_time_delta_sensor_async' retrieved from /home/AtlasRise/airflow/airflow_env/lib/python3.12/site-packages/airflow/example_dags/example_time_delta_sensor_async.py
[2024-11-18T21:13:56.017+0500] {logging_mixin.py:190} INFO - [2024-11-18T21:13:56.017+0500] {dag.py:3239} INFO - Sync 1 DAGs
[2024-11-18T21:13:56.040+0500] {logging_mixin.py:190} INFO - [2024-11-18T21:13:56.039+0500] {dag.py:4180} INFO - Setting next_dagrun for example_time_delta_sensor_async to None, run_after=None
[2024-11-18T21:13:56.077+0500] {processor.py:208} INFO - Processing /home/AtlasRise/airflow/airflow_env/lib/python3.12/site-packages/airflow/example_dags/example_time_delta_sensor_async.py took 0.114 seconds
[2024-11-18T21:15:22.739+0500] {processor.py:186} INFO - Started process (PID=21741) to work on /home/AtlasRise/airflow/airflow_env/lib/python3.12/site-packages/airflow/example_dags/example_time_delta_sensor_async.py
[2024-11-18T21:15:22.740+0500] {processor.py:914} INFO - Processing file /home/AtlasRise/airflow/airflow_env/lib/python3.12/site-packages/airflow/example_dags/example_time_delta_sensor_async.py for tasks to queue
[2024-11-18T21:15:22.744+0500] {logging_mixin.py:190} INFO - [2024-11-18T21:15:22.743+0500] {dagbag.py:588} INFO - Filling up the DagBag from /home/AtlasRise/airflow/airflow_env/lib/python3.12/site-packages/airflow/example_dags/example_time_delta_sensor_async.py
[2024-11-18T21:15:22.754+0500] {processor.py:925} INFO - DAG(s) 'example_time_delta_sensor_async' retrieved from /home/AtlasRise/airflow/airflow_env/lib/python3.12/site-packages/airflow/example_dags/example_time_delta_sensor_async.py
[2024-11-18T21:15:22.777+0500] {logging_mixin.py:190} INFO - [2024-11-18T21:15:22.776+0500] {dag.py:3239} INFO - Sync 1 DAGs
[2024-11-18T21:15:22.798+0500] {logging_mixin.py:190} INFO - [2024-11-18T21:15:22.797+0500] {dag.py:4180} INFO - Setting next_dagrun for example_time_delta_sensor_async to None, run_after=None
[2024-11-18T21:15:22.834+0500] {processor.py:208} INFO - Processing /home/AtlasRise/airflow/airflow_env/lib/python3.12/site-packages/airflow/example_dags/example_time_delta_sensor_async.py took 0.103 seconds
[2024-11-18T21:16:09.663+0500] {processor.py:186} INFO - Started process (PID=21802) to work on /home/AtlasRise/airflow/airflow_env/lib/python3.12/site-packages/airflow/example_dags/example_time_delta_sensor_async.py
[2024-11-18T21:16:09.664+0500] {processor.py:914} INFO - Processing file /home/AtlasRise/airflow/airflow_env/lib/python3.12/site-packages/airflow/example_dags/example_time_delta_sensor_async.py for tasks to queue
[2024-11-18T21:16:09.667+0500] {logging_mixin.py:190} INFO - [2024-11-18T21:16:09.666+0500] {dagbag.py:588} INFO - Filling up the DagBag from /home/AtlasRise/airflow/airflow_env/lib/python3.12/site-packages/airflow/example_dags/example_time_delta_sensor_async.py
[2024-11-18T21:16:09.677+0500] {processor.py:925} INFO - DAG(s) 'example_time_delta_sensor_async' retrieved from /home/AtlasRise/airflow/airflow_env/lib/python3.12/site-packages/airflow/example_dags/example_time_delta_sensor_async.py
[2024-11-18T21:16:09.700+0500] {logging_mixin.py:190} INFO - [2024-11-18T21:16:09.700+0500] {dag.py:3239} INFO - Sync 1 DAGs
[2024-11-18T21:16:09.720+0500] {logging_mixin.py:190} INFO - [2024-11-18T21:16:09.720+0500] {dag.py:4180} INFO - Setting next_dagrun for example_time_delta_sensor_async to None, run_after=None
[2024-11-18T21:16:09.752+0500] {processor.py:208} INFO - Processing /home/AtlasRise/airflow/airflow_env/lib/python3.12/site-packages/airflow/example_dags/example_time_delta_sensor_async.py took 0.098 seconds
[2024-11-18T21:17:14.751+0500] {processor.py:186} INFO - Started process (PID=21901) to work on /home/AtlasRise/airflow/airflow_env/lib/python3.12/site-packages/airflow/example_dags/example_time_delta_sensor_async.py
[2024-11-18T21:17:14.754+0500] {processor.py:914} INFO - Processing file /home/AtlasRise/airflow/airflow_env/lib/python3.12/site-packages/airflow/example_dags/example_time_delta_sensor_async.py for tasks to queue
[2024-11-18T21:17:14.757+0500] {logging_mixin.py:190} INFO - [2024-11-18T21:17:14.756+0500] {dagbag.py:588} INFO - Filling up the DagBag from /home/AtlasRise/airflow/airflow_env/lib/python3.12/site-packages/airflow/example_dags/example_time_delta_sensor_async.py
[2024-11-18T21:17:14.768+0500] {processor.py:925} INFO - DAG(s) 'example_time_delta_sensor_async' retrieved from /home/AtlasRise/airflow/airflow_env/lib/python3.12/site-packages/airflow/example_dags/example_time_delta_sensor_async.py
[2024-11-18T21:17:14.791+0500] {logging_mixin.py:190} INFO - [2024-11-18T21:17:14.790+0500] {dag.py:3239} INFO - Sync 1 DAGs
[2024-11-18T21:17:14.812+0500] {logging_mixin.py:190} INFO - [2024-11-18T21:17:14.812+0500] {dag.py:4180} INFO - Setting next_dagrun for example_time_delta_sensor_async to None, run_after=None
[2024-11-18T21:17:14.846+0500] {processor.py:208} INFO - Processing /home/AtlasRise/airflow/airflow_env/lib/python3.12/site-packages/airflow/example_dags/example_time_delta_sensor_async.py took 0.103 seconds
[2024-11-18T21:17:59.380+0500] {processor.py:186} INFO - Started process (PID=21963) to work on /home/AtlasRise/airflow/airflow_env/lib/python3.12/site-packages/airflow/example_dags/example_time_delta_sensor_async.py
[2024-11-18T21:17:59.382+0500] {processor.py:914} INFO - Processing file /home/AtlasRise/airflow/airflow_env/lib/python3.12/site-packages/airflow/example_dags/example_time_delta_sensor_async.py for tasks to queue
[2024-11-18T21:17:59.385+0500] {logging_mixin.py:190} INFO - [2024-11-18T21:17:59.385+0500] {dagbag.py:588} INFO - Filling up the DagBag from /home/AtlasRise/airflow/airflow_env/lib/python3.12/site-packages/airflow/example_dags/example_time_delta_sensor_async.py
[2024-11-18T21:17:59.396+0500] {processor.py:925} INFO - DAG(s) 'example_time_delta_sensor_async' retrieved from /home/AtlasRise/airflow/airflow_env/lib/python3.12/site-packages/airflow/example_dags/example_time_delta_sensor_async.py
[2024-11-18T21:17:59.419+0500] {logging_mixin.py:190} INFO - [2024-11-18T21:17:59.418+0500] {dag.py:3239} INFO - Sync 1 DAGs
[2024-11-18T21:17:59.439+0500] {logging_mixin.py:190} INFO - [2024-11-18T21:17:59.439+0500] {dag.py:4180} INFO - Setting next_dagrun for example_time_delta_sensor_async to None, run_after=None
[2024-11-18T21:17:59.471+0500] {processor.py:208} INFO - Processing /home/AtlasRise/airflow/airflow_env/lib/python3.12/site-packages/airflow/example_dags/example_time_delta_sensor_async.py took 0.100 seconds
[2024-11-18T21:18:52.485+0500] {processor.py:186} INFO - Started process (PID=22039) to work on /home/AtlasRise/airflow/airflow_env/lib/python3.12/site-packages/airflow/example_dags/example_time_delta_sensor_async.py
[2024-11-18T21:18:52.488+0500] {processor.py:914} INFO - Processing file /home/AtlasRise/airflow/airflow_env/lib/python3.12/site-packages/airflow/example_dags/example_time_delta_sensor_async.py for tasks to queue
[2024-11-18T21:18:52.492+0500] {logging_mixin.py:190} INFO - [2024-11-18T21:18:52.492+0500] {dagbag.py:588} INFO - Filling up the DagBag from /home/AtlasRise/airflow/airflow_env/lib/python3.12/site-packages/airflow/example_dags/example_time_delta_sensor_async.py
[2024-11-18T21:18:52.504+0500] {processor.py:925} INFO - DAG(s) 'example_time_delta_sensor_async' retrieved from /home/AtlasRise/airflow/airflow_env/lib/python3.12/site-packages/airflow/example_dags/example_time_delta_sensor_async.py
[2024-11-18T21:18:52.527+0500] {logging_mixin.py:190} INFO - [2024-11-18T21:18:52.527+0500] {dag.py:3239} INFO - Sync 1 DAGs
[2024-11-18T21:18:52.549+0500] {logging_mixin.py:190} INFO - [2024-11-18T21:18:52.548+0500] {dag.py:4180} INFO - Setting next_dagrun for example_time_delta_sensor_async to None, run_after=None
[2024-11-18T21:18:52.582+0500] {processor.py:208} INFO - Processing /home/AtlasRise/airflow/airflow_env/lib/python3.12/site-packages/airflow/example_dags/example_time_delta_sensor_async.py took 0.113 seconds
[2024-11-18T21:19:49.952+0500] {processor.py:186} INFO - Started process (PID=22121) to work on /home/AtlasRise/airflow/airflow_env/lib/python3.12/site-packages/airflow/example_dags/example_time_delta_sensor_async.py
[2024-11-18T21:19:49.953+0500] {processor.py:914} INFO - Processing file /home/AtlasRise/airflow/airflow_env/lib/python3.12/site-packages/airflow/example_dags/example_time_delta_sensor_async.py for tasks to queue
[2024-11-18T21:19:49.956+0500] {logging_mixin.py:190} INFO - [2024-11-18T21:19:49.956+0500] {dagbag.py:588} INFO - Filling up the DagBag from /home/AtlasRise/airflow/airflow_env/lib/python3.12/site-packages/airflow/example_dags/example_time_delta_sensor_async.py
[2024-11-18T21:19:49.967+0500] {processor.py:925} INFO - DAG(s) 'example_time_delta_sensor_async' retrieved from /home/AtlasRise/airflow/airflow_env/lib/python3.12/site-packages/airflow/example_dags/example_time_delta_sensor_async.py
[2024-11-18T21:19:49.991+0500] {logging_mixin.py:190} INFO - [2024-11-18T21:19:49.990+0500] {dag.py:3239} INFO - Sync 1 DAGs
[2024-11-18T21:19:50.011+0500] {logging_mixin.py:190} INFO - [2024-11-18T21:19:50.011+0500] {dag.py:4180} INFO - Setting next_dagrun for example_time_delta_sensor_async to None, run_after=None
[2024-11-18T21:19:50.045+0500] {processor.py:208} INFO - Processing /home/AtlasRise/airflow/airflow_env/lib/python3.12/site-packages/airflow/example_dags/example_time_delta_sensor_async.py took 0.102 seconds
[2024-11-18T21:20:32.486+0500] {processor.py:186} INFO - Started process (PID=22162) to work on /home/AtlasRise/airflow/airflow_env/lib/python3.12/site-packages/airflow/example_dags/example_time_delta_sensor_async.py
[2024-11-18T21:20:32.488+0500] {processor.py:914} INFO - Processing file /home/AtlasRise/airflow/airflow_env/lib/python3.12/site-packages/airflow/example_dags/example_time_delta_sensor_async.py for tasks to queue
[2024-11-18T21:20:32.492+0500] {logging_mixin.py:190} INFO - [2024-11-18T21:20:32.491+0500] {dagbag.py:588} INFO - Filling up the DagBag from /home/AtlasRise/airflow/airflow_env/lib/python3.12/site-packages/airflow/example_dags/example_time_delta_sensor_async.py
[2024-11-18T21:20:32.502+0500] {processor.py:925} INFO - DAG(s) 'example_time_delta_sensor_async' retrieved from /home/AtlasRise/airflow/airflow_env/lib/python3.12/site-packages/airflow/example_dags/example_time_delta_sensor_async.py
[2024-11-18T21:20:32.524+0500] {logging_mixin.py:190} INFO - [2024-11-18T21:20:32.524+0500] {dag.py:3239} INFO - Sync 1 DAGs
[2024-11-18T21:20:32.545+0500] {logging_mixin.py:190} INFO - [2024-11-18T21:20:32.545+0500] {dag.py:4180} INFO - Setting next_dagrun for example_time_delta_sensor_async to None, run_after=None
[2024-11-18T21:20:32.578+0500] {processor.py:208} INFO - Processing /home/AtlasRise/airflow/airflow_env/lib/python3.12/site-packages/airflow/example_dags/example_time_delta_sensor_async.py took 0.100 seconds
[2024-11-18T21:21:43.836+0500] {processor.py:186} INFO - Started process (PID=22259) to work on /home/AtlasRise/airflow/airflow_env/lib/python3.12/site-packages/airflow/example_dags/example_time_delta_sensor_async.py
[2024-11-18T21:21:43.839+0500] {processor.py:914} INFO - Processing file /home/AtlasRise/airflow/airflow_env/lib/python3.12/site-packages/airflow/example_dags/example_time_delta_sensor_async.py for tasks to queue
[2024-11-18T21:21:43.842+0500] {logging_mixin.py:190} INFO - [2024-11-18T21:21:43.841+0500] {dagbag.py:588} INFO - Filling up the DagBag from /home/AtlasRise/airflow/airflow_env/lib/python3.12/site-packages/airflow/example_dags/example_time_delta_sensor_async.py
[2024-11-18T21:21:43.852+0500] {processor.py:925} INFO - DAG(s) 'example_time_delta_sensor_async' retrieved from /home/AtlasRise/airflow/airflow_env/lib/python3.12/site-packages/airflow/example_dags/example_time_delta_sensor_async.py
[2024-11-18T21:21:43.875+0500] {logging_mixin.py:190} INFO - [2024-11-18T21:21:43.874+0500] {dag.py:3239} INFO - Sync 1 DAGs
[2024-11-18T21:21:43.896+0500] {logging_mixin.py:190} INFO - [2024-11-18T21:21:43.896+0500] {dag.py:4180} INFO - Setting next_dagrun for example_time_delta_sensor_async to None, run_after=None
[2024-11-18T21:21:43.929+0500] {processor.py:208} INFO - Processing /home/AtlasRise/airflow/airflow_env/lib/python3.12/site-packages/airflow/example_dags/example_time_delta_sensor_async.py took 0.101 seconds
[2024-11-18T21:22:51.989+0500] {processor.py:186} INFO - Started process (PID=22334) to work on /home/AtlasRise/airflow/airflow_env/lib/python3.12/site-packages/airflow/example_dags/example_time_delta_sensor_async.py
[2024-11-18T21:22:51.992+0500] {processor.py:914} INFO - Processing file /home/AtlasRise/airflow/airflow_env/lib/python3.12/site-packages/airflow/example_dags/example_time_delta_sensor_async.py for tasks to queue
[2024-11-18T21:22:51.995+0500] {logging_mixin.py:190} INFO - [2024-11-18T21:22:51.994+0500] {dagbag.py:588} INFO - Filling up the DagBag from /home/AtlasRise/airflow/airflow_env/lib/python3.12/site-packages/airflow/example_dags/example_time_delta_sensor_async.py
[2024-11-18T21:22:52.006+0500] {processor.py:925} INFO - DAG(s) 'example_time_delta_sensor_async' retrieved from /home/AtlasRise/airflow/airflow_env/lib/python3.12/site-packages/airflow/example_dags/example_time_delta_sensor_async.py
[2024-11-18T21:22:52.029+0500] {logging_mixin.py:190} INFO - [2024-11-18T21:22:52.029+0500] {dag.py:3239} INFO - Sync 1 DAGs
[2024-11-18T21:22:52.049+0500] {logging_mixin.py:190} INFO - [2024-11-18T21:22:52.049+0500] {dag.py:4180} INFO - Setting next_dagrun for example_time_delta_sensor_async to None, run_after=None
[2024-11-18T21:22:52.082+0500] {processor.py:208} INFO - Processing /home/AtlasRise/airflow/airflow_env/lib/python3.12/site-packages/airflow/example_dags/example_time_delta_sensor_async.py took 0.101 seconds
