[2024-11-18T20:41:15.226+0500] {processor.py:186} INFO - Started process (PID=18963) to work on /home/AtlasRise/airflow/airflow_env/lib/python3.12/site-packages/airflow/example_dags/example_inlet_event_extra.py
[2024-11-18T20:41:15.227+0500] {processor.py:914} INFO - Processing file /home/AtlasRise/airflow/airflow_env/lib/python3.12/site-packages/airflow/example_dags/example_inlet_event_extra.py for tasks to queue
[2024-11-18T20:41:15.230+0500] {logging_mixin.py:190} INFO - [2024-11-18T20:41:15.229+0500] {dagbag.py:588} INFO - Filling up the DagBag from /home/AtlasRise/airflow/airflow_env/lib/python3.12/site-packages/airflow/example_dags/example_inlet_event_extra.py
[2024-11-18T20:41:15.248+0500] {processor.py:925} INFO - DAG(s) 'read_dataset_event', 'read_dataset_event_from_classic' retrieved from /home/AtlasRise/airflow/airflow_env/lib/python3.12/site-packages/airflow/example_dags/example_inlet_event_extra.py
[2024-11-18T20:41:15.406+0500] {logging_mixin.py:190} INFO - [2024-11-18T20:41:15.405+0500] {override.py:1911} INFO - Created Permission View: can read on DAG:read_dataset_event
[2024-11-18T20:41:15.423+0500] {logging_mixin.py:190} INFO - [2024-11-18T20:41:15.423+0500] {override.py:1911} INFO - Created Permission View: can edit on DAG:read_dataset_event
[2024-11-18T20:41:15.436+0500] {logging_mixin.py:190} INFO - [2024-11-18T20:41:15.435+0500] {override.py:1911} INFO - Created Permission View: can delete on DAG:read_dataset_event
[2024-11-18T20:41:15.456+0500] {logging_mixin.py:190} INFO - [2024-11-18T20:41:15.455+0500] {override.py:1911} INFO - Created Permission View: can read on DAG Run:read_dataset_event
[2024-11-18T20:41:15.468+0500] {logging_mixin.py:190} INFO - [2024-11-18T20:41:15.468+0500] {override.py:1911} INFO - Created Permission View: can create on DAG Run:read_dataset_event
[2024-11-18T20:41:15.481+0500] {logging_mixin.py:190} INFO - [2024-11-18T20:41:15.481+0500] {override.py:1911} INFO - Created Permission View: can delete on DAG Run:read_dataset_event
[2024-11-18T20:41:15.493+0500] {logging_mixin.py:190} INFO - [2024-11-18T20:41:15.492+0500] {override.py:1911} INFO - Created Permission View: menu access on DAG Run:read_dataset_event
[2024-11-18T20:41:15.525+0500] {logging_mixin.py:190} INFO - [2024-11-18T20:41:15.525+0500] {override.py:1911} INFO - Created Permission View: can read on DAG:read_dataset_event_from_classic
[2024-11-18T20:41:15.538+0500] {logging_mixin.py:190} INFO - [2024-11-18T20:41:15.537+0500] {override.py:1911} INFO - Created Permission View: can edit on DAG:read_dataset_event_from_classic
[2024-11-18T20:41:15.550+0500] {logging_mixin.py:190} INFO - [2024-11-18T20:41:15.550+0500] {override.py:1911} INFO - Created Permission View: can delete on DAG:read_dataset_event_from_classic
[2024-11-18T20:41:15.570+0500] {logging_mixin.py:190} INFO - [2024-11-18T20:41:15.570+0500] {override.py:1911} INFO - Created Permission View: can read on DAG Run:read_dataset_event_from_classic
[2024-11-18T20:41:15.583+0500] {logging_mixin.py:190} INFO - [2024-11-18T20:41:15.582+0500] {override.py:1911} INFO - Created Permission View: can create on DAG Run:read_dataset_event_from_classic
[2024-11-18T20:41:15.594+0500] {logging_mixin.py:190} INFO - [2024-11-18T20:41:15.594+0500] {override.py:1911} INFO - Created Permission View: can delete on DAG Run:read_dataset_event_from_classic
[2024-11-18T20:41:15.606+0500] {logging_mixin.py:190} INFO - [2024-11-18T20:41:15.606+0500] {override.py:1911} INFO - Created Permission View: menu access on DAG Run:read_dataset_event_from_classic
[2024-11-18T20:41:15.607+0500] {logging_mixin.py:190} INFO - [2024-11-18T20:41:15.606+0500] {dag.py:3239} INFO - Sync 2 DAGs
[2024-11-18T20:41:15.630+0500] {logging_mixin.py:190} INFO - [2024-11-18T20:41:15.629+0500] {dag.py:3262} INFO - Creating ORM DAG for read_dataset_event
[2024-11-18T20:41:15.630+0500] {logging_mixin.py:190} INFO - [2024-11-18T20:41:15.630+0500] {dag.py:3262} INFO - Creating ORM DAG for read_dataset_event_from_classic
[2024-11-18T20:41:15.645+0500] {logging_mixin.py:190} INFO - [2024-11-18T20:41:15.644+0500] {dag.py:4180} INFO - Setting next_dagrun for read_dataset_event to 2024-11-17 00:00:00+00:00, run_after=2024-11-18 00:00:00+00:00
[2024-11-18T20:41:15.648+0500] {logging_mixin.py:190} INFO - [2024-11-18T20:41:15.647+0500] {dag.py:4180} INFO - Setting next_dagrun for read_dataset_event_from_classic to 2024-11-17 00:00:00+00:00, run_after=2024-11-18 00:00:00+00:00
[2024-11-18T20:41:15.683+0500] {processor.py:208} INFO - Processing /home/AtlasRise/airflow/airflow_env/lib/python3.12/site-packages/airflow/example_dags/example_inlet_event_extra.py took 0.465 seconds
[2024-11-18T20:42:33.175+0500] {processor.py:186} INFO - Started process (PID=19162) to work on /home/AtlasRise/airflow/airflow_env/lib/python3.12/site-packages/airflow/example_dags/example_inlet_event_extra.py
[2024-11-18T20:42:33.178+0500] {processor.py:914} INFO - Processing file /home/AtlasRise/airflow/airflow_env/lib/python3.12/site-packages/airflow/example_dags/example_inlet_event_extra.py for tasks to queue
[2024-11-18T20:42:33.181+0500] {logging_mixin.py:190} INFO - [2024-11-18T20:42:33.180+0500] {dagbag.py:588} INFO - Filling up the DagBag from /home/AtlasRise/airflow/airflow_env/lib/python3.12/site-packages/airflow/example_dags/example_inlet_event_extra.py
[2024-11-18T20:42:33.200+0500] {processor.py:925} INFO - DAG(s) 'read_dataset_event_from_classic', 'read_dataset_event' retrieved from /home/AtlasRise/airflow/airflow_env/lib/python3.12/site-packages/airflow/example_dags/example_inlet_event_extra.py
[2024-11-18T20:42:33.226+0500] {logging_mixin.py:190} INFO - [2024-11-18T20:42:33.226+0500] {dag.py:3239} INFO - Sync 2 DAGs
[2024-11-18T20:42:33.261+0500] {logging_mixin.py:190} INFO - [2024-11-18T20:42:33.260+0500] {dag.py:4180} INFO - Setting next_dagrun for read_dataset_event to 2024-11-17 00:00:00+00:00, run_after=2024-11-18 00:00:00+00:00
[2024-11-18T20:42:33.268+0500] {logging_mixin.py:190} INFO - [2024-11-18T20:42:33.268+0500] {dag.py:4180} INFO - Setting next_dagrun for read_dataset_event_from_classic to 2024-11-17 00:00:00+00:00, run_after=2024-11-18 00:00:00+00:00
[2024-11-18T20:42:33.296+0500] {processor.py:208} INFO - Processing /home/AtlasRise/airflow/airflow_env/lib/python3.12/site-packages/airflow/example_dags/example_inlet_event_extra.py took 0.130 seconds
[2024-11-18T20:43:40.729+0500] {processor.py:186} INFO - Started process (PID=19240) to work on /home/AtlasRise/airflow/airflow_env/lib/python3.12/site-packages/airflow/example_dags/example_inlet_event_extra.py
[2024-11-18T20:43:40.731+0500] {processor.py:914} INFO - Processing file /home/AtlasRise/airflow/airflow_env/lib/python3.12/site-packages/airflow/example_dags/example_inlet_event_extra.py for tasks to queue
[2024-11-18T20:43:40.734+0500] {logging_mixin.py:190} INFO - [2024-11-18T20:43:40.733+0500] {dagbag.py:588} INFO - Filling up the DagBag from /home/AtlasRise/airflow/airflow_env/lib/python3.12/site-packages/airflow/example_dags/example_inlet_event_extra.py
[2024-11-18T20:43:40.757+0500] {processor.py:925} INFO - DAG(s) 'read_dataset_event_from_classic', 'read_dataset_event' retrieved from /home/AtlasRise/airflow/airflow_env/lib/python3.12/site-packages/airflow/example_dags/example_inlet_event_extra.py
[2024-11-18T20:43:40.784+0500] {logging_mixin.py:190} INFO - [2024-11-18T20:43:40.784+0500] {dag.py:3239} INFO - Sync 2 DAGs
[2024-11-18T20:43:40.818+0500] {logging_mixin.py:190} INFO - [2024-11-18T20:43:40.818+0500] {dag.py:4180} INFO - Setting next_dagrun for read_dataset_event to 2024-11-17 00:00:00+00:00, run_after=2024-11-18 00:00:00+00:00
[2024-11-18T20:43:40.825+0500] {logging_mixin.py:190} INFO - [2024-11-18T20:43:40.825+0500] {dag.py:4180} INFO - Setting next_dagrun for read_dataset_event_from_classic to 2024-11-17 00:00:00+00:00, run_after=2024-11-18 00:00:00+00:00
[2024-11-18T20:43:40.855+0500] {processor.py:208} INFO - Processing /home/AtlasRise/airflow/airflow_env/lib/python3.12/site-packages/airflow/example_dags/example_inlet_event_extra.py took 0.135 seconds
[2024-11-18T20:44:46.091+0500] {processor.py:186} INFO - Started process (PID=19312) to work on /home/AtlasRise/airflow/airflow_env/lib/python3.12/site-packages/airflow/example_dags/example_inlet_event_extra.py
[2024-11-18T20:44:46.093+0500] {processor.py:914} INFO - Processing file /home/AtlasRise/airflow/airflow_env/lib/python3.12/site-packages/airflow/example_dags/example_inlet_event_extra.py for tasks to queue
[2024-11-18T20:44:46.096+0500] {logging_mixin.py:190} INFO - [2024-11-18T20:44:46.096+0500] {dagbag.py:588} INFO - Filling up the DagBag from /home/AtlasRise/airflow/airflow_env/lib/python3.12/site-packages/airflow/example_dags/example_inlet_event_extra.py
[2024-11-18T20:44:46.116+0500] {processor.py:925} INFO - DAG(s) 'read_dataset_event', 'read_dataset_event_from_classic' retrieved from /home/AtlasRise/airflow/airflow_env/lib/python3.12/site-packages/airflow/example_dags/example_inlet_event_extra.py
[2024-11-18T20:44:46.144+0500] {logging_mixin.py:190} INFO - [2024-11-18T20:44:46.143+0500] {dag.py:3239} INFO - Sync 2 DAGs
[2024-11-18T20:44:46.181+0500] {logging_mixin.py:190} INFO - [2024-11-18T20:44:46.180+0500] {dag.py:4180} INFO - Setting next_dagrun for read_dataset_event to 2024-11-17 00:00:00+00:00, run_after=2024-11-18 00:00:00+00:00
[2024-11-18T20:44:46.190+0500] {logging_mixin.py:190} INFO - [2024-11-18T20:44:46.190+0500] {dag.py:4180} INFO - Setting next_dagrun for read_dataset_event_from_classic to 2024-11-17 00:00:00+00:00, run_after=2024-11-18 00:00:00+00:00
[2024-11-18T20:44:46.236+0500] {processor.py:208} INFO - Processing /home/AtlasRise/airflow/airflow_env/lib/python3.12/site-packages/airflow/example_dags/example_inlet_event_extra.py took 0.153 seconds
[2024-11-18T20:45:58.593+0500] {processor.py:186} INFO - Started process (PID=19503) to work on /home/AtlasRise/airflow/airflow_env/lib/python3.12/site-packages/airflow/example_dags/example_inlet_event_extra.py
[2024-11-18T20:45:58.594+0500] {processor.py:914} INFO - Processing file /home/AtlasRise/airflow/airflow_env/lib/python3.12/site-packages/airflow/example_dags/example_inlet_event_extra.py for tasks to queue
[2024-11-18T20:45:58.597+0500] {logging_mixin.py:190} INFO - [2024-11-18T20:45:58.597+0500] {dagbag.py:588} INFO - Filling up the DagBag from /home/AtlasRise/airflow/airflow_env/lib/python3.12/site-packages/airflow/example_dags/example_inlet_event_extra.py
[2024-11-18T20:45:58.617+0500] {processor.py:925} INFO - DAG(s) 'read_dataset_event_from_classic', 'read_dataset_event' retrieved from /home/AtlasRise/airflow/airflow_env/lib/python3.12/site-packages/airflow/example_dags/example_inlet_event_extra.py
[2024-11-18T20:45:58.798+0500] {logging_mixin.py:190} INFO - [2024-11-18T20:45:58.798+0500] {dag.py:3239} INFO - Sync 2 DAGs
[2024-11-18T20:45:58.830+0500] {logging_mixin.py:190} INFO - [2024-11-18T20:45:58.829+0500] {dag.py:4180} INFO - Setting next_dagrun for read_dataset_event to 2024-11-17 00:00:00+00:00, run_after=2024-11-18 00:00:00+00:00
[2024-11-18T20:45:58.837+0500] {logging_mixin.py:190} INFO - [2024-11-18T20:45:58.837+0500] {dag.py:4180} INFO - Setting next_dagrun for read_dataset_event_from_classic to 2024-11-17 00:00:00+00:00, run_after=2024-11-18 00:00:00+00:00
[2024-11-18T20:45:58.868+0500] {processor.py:208} INFO - Processing /home/AtlasRise/airflow/airflow_env/lib/python3.12/site-packages/airflow/example_dags/example_inlet_event_extra.py took 0.284 seconds
[2024-11-18T20:47:15.311+0500] {processor.py:186} INFO - Started process (PID=19608) to work on /home/AtlasRise/airflow/airflow_env/lib/python3.12/site-packages/airflow/example_dags/example_inlet_event_extra.py
[2024-11-18T20:47:15.312+0500] {processor.py:914} INFO - Processing file /home/AtlasRise/airflow/airflow_env/lib/python3.12/site-packages/airflow/example_dags/example_inlet_event_extra.py for tasks to queue
[2024-11-18T20:47:15.315+0500] {logging_mixin.py:190} INFO - [2024-11-18T20:47:15.315+0500] {dagbag.py:588} INFO - Filling up the DagBag from /home/AtlasRise/airflow/airflow_env/lib/python3.12/site-packages/airflow/example_dags/example_inlet_event_extra.py
[2024-11-18T20:47:15.334+0500] {processor.py:925} INFO - DAG(s) 'read_dataset_event_from_classic', 'read_dataset_event' retrieved from /home/AtlasRise/airflow/airflow_env/lib/python3.12/site-packages/airflow/example_dags/example_inlet_event_extra.py
[2024-11-18T20:47:15.360+0500] {logging_mixin.py:190} INFO - [2024-11-18T20:47:15.360+0500] {dag.py:3239} INFO - Sync 2 DAGs
[2024-11-18T20:47:15.396+0500] {logging_mixin.py:190} INFO - [2024-11-18T20:47:15.396+0500] {dag.py:4180} INFO - Setting next_dagrun for read_dataset_event to 2024-11-17 00:00:00+00:00, run_after=2024-11-18 00:00:00+00:00
[2024-11-18T20:47:15.404+0500] {logging_mixin.py:190} INFO - [2024-11-18T20:47:15.403+0500] {dag.py:4180} INFO - Setting next_dagrun for read_dataset_event_from_classic to 2024-11-17 00:00:00+00:00, run_after=2024-11-18 00:00:00+00:00
[2024-11-18T20:47:15.432+0500] {processor.py:208} INFO - Processing /home/AtlasRise/airflow/airflow_env/lib/python3.12/site-packages/airflow/example_dags/example_inlet_event_extra.py took 0.129 seconds
[2024-11-18T20:48:20.837+0500] {processor.py:186} INFO - Started process (PID=19759) to work on /home/AtlasRise/airflow/airflow_env/lib/python3.12/site-packages/airflow/example_dags/example_inlet_event_extra.py
[2024-11-18T20:48:20.839+0500] {processor.py:914} INFO - Processing file /home/AtlasRise/airflow/airflow_env/lib/python3.12/site-packages/airflow/example_dags/example_inlet_event_extra.py for tasks to queue
[2024-11-18T20:48:20.842+0500] {logging_mixin.py:190} INFO - [2024-11-18T20:48:20.841+0500] {dagbag.py:588} INFO - Filling up the DagBag from /home/AtlasRise/airflow/airflow_env/lib/python3.12/site-packages/airflow/example_dags/example_inlet_event_extra.py
[2024-11-18T20:48:20.864+0500] {processor.py:925} INFO - DAG(s) 'read_dataset_event', 'read_dataset_event_from_classic' retrieved from /home/AtlasRise/airflow/airflow_env/lib/python3.12/site-packages/airflow/example_dags/example_inlet_event_extra.py
[2024-11-18T20:48:20.892+0500] {logging_mixin.py:190} INFO - [2024-11-18T20:48:20.892+0500] {dag.py:3239} INFO - Sync 2 DAGs
[2024-11-18T20:48:20.931+0500] {logging_mixin.py:190} INFO - [2024-11-18T20:48:20.930+0500] {dag.py:4180} INFO - Setting next_dagrun for read_dataset_event to 2024-11-17 00:00:00+00:00, run_after=2024-11-18 00:00:00+00:00
[2024-11-18T20:48:20.939+0500] {logging_mixin.py:190} INFO - [2024-11-18T20:48:20.938+0500] {dag.py:4180} INFO - Setting next_dagrun for read_dataset_event_from_classic to 2024-11-17 00:00:00+00:00, run_after=2024-11-18 00:00:00+00:00
[2024-11-18T20:48:20.972+0500] {processor.py:208} INFO - Processing /home/AtlasRise/airflow/airflow_env/lib/python3.12/site-packages/airflow/example_dags/example_inlet_event_extra.py took 0.142 seconds
[2024-11-18T20:49:29.297+0500] {processor.py:186} INFO - Started process (PID=19846) to work on /home/AtlasRise/airflow/airflow_env/lib/python3.12/site-packages/airflow/example_dags/example_inlet_event_extra.py
[2024-11-18T20:49:29.298+0500] {processor.py:914} INFO - Processing file /home/AtlasRise/airflow/airflow_env/lib/python3.12/site-packages/airflow/example_dags/example_inlet_event_extra.py for tasks to queue
[2024-11-18T20:49:29.302+0500] {logging_mixin.py:190} INFO - [2024-11-18T20:49:29.301+0500] {dagbag.py:588} INFO - Filling up the DagBag from /home/AtlasRise/airflow/airflow_env/lib/python3.12/site-packages/airflow/example_dags/example_inlet_event_extra.py
[2024-11-18T20:49:29.321+0500] {processor.py:925} INFO - DAG(s) 'read_dataset_event_from_classic', 'read_dataset_event' retrieved from /home/AtlasRise/airflow/airflow_env/lib/python3.12/site-packages/airflow/example_dags/example_inlet_event_extra.py
[2024-11-18T20:49:29.347+0500] {logging_mixin.py:190} INFO - [2024-11-18T20:49:29.347+0500] {dag.py:3239} INFO - Sync 2 DAGs
[2024-11-18T20:49:29.382+0500] {logging_mixin.py:190} INFO - [2024-11-18T20:49:29.382+0500] {dag.py:4180} INFO - Setting next_dagrun for read_dataset_event to 2024-11-17 00:00:00+00:00, run_after=2024-11-18 00:00:00+00:00
[2024-11-18T20:49:29.390+0500] {logging_mixin.py:190} INFO - [2024-11-18T20:49:29.390+0500] {dag.py:4180} INFO - Setting next_dagrun for read_dataset_event_from_classic to 2024-11-17 00:00:00+00:00, run_after=2024-11-18 00:00:00+00:00
[2024-11-18T20:49:29.418+0500] {processor.py:208} INFO - Processing /home/AtlasRise/airflow/airflow_env/lib/python3.12/site-packages/airflow/example_dags/example_inlet_event_extra.py took 0.131 seconds
[2024-11-18T20:50:38.849+0500] {processor.py:186} INFO - Started process (PID=19920) to work on /home/AtlasRise/airflow/airflow_env/lib/python3.12/site-packages/airflow/example_dags/example_inlet_event_extra.py
[2024-11-18T20:50:38.852+0500] {processor.py:914} INFO - Processing file /home/AtlasRise/airflow/airflow_env/lib/python3.12/site-packages/airflow/example_dags/example_inlet_event_extra.py for tasks to queue
[2024-11-18T20:50:38.855+0500] {logging_mixin.py:190} INFO - [2024-11-18T20:50:38.855+0500] {dagbag.py:588} INFO - Filling up the DagBag from /home/AtlasRise/airflow/airflow_env/lib/python3.12/site-packages/airflow/example_dags/example_inlet_event_extra.py
[2024-11-18T20:50:38.874+0500] {processor.py:925} INFO - DAG(s) 'read_dataset_event_from_classic', 'read_dataset_event' retrieved from /home/AtlasRise/airflow/airflow_env/lib/python3.12/site-packages/airflow/example_dags/example_inlet_event_extra.py
[2024-11-18T20:50:38.901+0500] {logging_mixin.py:190} INFO - [2024-11-18T20:50:38.901+0500] {dag.py:3239} INFO - Sync 2 DAGs
[2024-11-18T20:50:38.936+0500] {logging_mixin.py:190} INFO - [2024-11-18T20:50:38.936+0500] {dag.py:4180} INFO - Setting next_dagrun for read_dataset_event to 2024-11-17 00:00:00+00:00, run_after=2024-11-18 00:00:00+00:00
[2024-11-18T20:50:38.944+0500] {logging_mixin.py:190} INFO - [2024-11-18T20:50:38.943+0500] {dag.py:4180} INFO - Setting next_dagrun for read_dataset_event_from_classic to 2024-11-17 00:00:00+00:00, run_after=2024-11-18 00:00:00+00:00
[2024-11-18T20:50:38.972+0500] {processor.py:208} INFO - Processing /home/AtlasRise/airflow/airflow_env/lib/python3.12/site-packages/airflow/example_dags/example_inlet_event_extra.py took 0.131 seconds
[2024-11-18T20:51:49.152+0500] {processor.py:186} INFO - Started process (PID=20005) to work on /home/AtlasRise/airflow/airflow_env/lib/python3.12/site-packages/airflow/example_dags/example_inlet_event_extra.py
[2024-11-18T20:51:49.153+0500] {processor.py:914} INFO - Processing file /home/AtlasRise/airflow/airflow_env/lib/python3.12/site-packages/airflow/example_dags/example_inlet_event_extra.py for tasks to queue
[2024-11-18T20:51:49.156+0500] {logging_mixin.py:190} INFO - [2024-11-18T20:51:49.156+0500] {dagbag.py:588} INFO - Filling up the DagBag from /home/AtlasRise/airflow/airflow_env/lib/python3.12/site-packages/airflow/example_dags/example_inlet_event_extra.py
[2024-11-18T20:51:49.175+0500] {processor.py:925} INFO - DAG(s) 'read_dataset_event', 'read_dataset_event_from_classic' retrieved from /home/AtlasRise/airflow/airflow_env/lib/python3.12/site-packages/airflow/example_dags/example_inlet_event_extra.py
[2024-11-18T20:51:49.201+0500] {logging_mixin.py:190} INFO - [2024-11-18T20:51:49.201+0500] {dag.py:3239} INFO - Sync 2 DAGs
[2024-11-18T20:51:49.237+0500] {logging_mixin.py:190} INFO - [2024-11-18T20:51:49.237+0500] {dag.py:4180} INFO - Setting next_dagrun for read_dataset_event to 2024-11-17 00:00:00+00:00, run_after=2024-11-18 00:00:00+00:00
[2024-11-18T20:51:49.245+0500] {logging_mixin.py:190} INFO - [2024-11-18T20:51:49.245+0500] {dag.py:4180} INFO - Setting next_dagrun for read_dataset_event_from_classic to 2024-11-17 00:00:00+00:00, run_after=2024-11-18 00:00:00+00:00
[2024-11-18T20:51:49.273+0500] {processor.py:208} INFO - Processing /home/AtlasRise/airflow/airflow_env/lib/python3.12/site-packages/airflow/example_dags/example_inlet_event_extra.py took 0.129 seconds
[2024-11-18T20:52:55.852+0500] {processor.py:186} INFO - Started process (PID=20078) to work on /home/AtlasRise/airflow/airflow_env/lib/python3.12/site-packages/airflow/example_dags/example_inlet_event_extra.py
[2024-11-18T20:52:55.854+0500] {processor.py:914} INFO - Processing file /home/AtlasRise/airflow/airflow_env/lib/python3.12/site-packages/airflow/example_dags/example_inlet_event_extra.py for tasks to queue
[2024-11-18T20:52:55.857+0500] {logging_mixin.py:190} INFO - [2024-11-18T20:52:55.856+0500] {dagbag.py:588} INFO - Filling up the DagBag from /home/AtlasRise/airflow/airflow_env/lib/python3.12/site-packages/airflow/example_dags/example_inlet_event_extra.py
[2024-11-18T20:52:55.876+0500] {processor.py:925} INFO - DAG(s) 'read_dataset_event', 'read_dataset_event_from_classic' retrieved from /home/AtlasRise/airflow/airflow_env/lib/python3.12/site-packages/airflow/example_dags/example_inlet_event_extra.py
[2024-11-18T20:52:55.903+0500] {logging_mixin.py:190} INFO - [2024-11-18T20:52:55.902+0500] {dag.py:3239} INFO - Sync 2 DAGs
[2024-11-18T20:52:55.940+0500] {logging_mixin.py:190} INFO - [2024-11-18T20:52:55.939+0500] {dag.py:4180} INFO - Setting next_dagrun for read_dataset_event to 2024-11-17 00:00:00+00:00, run_after=2024-11-18 00:00:00+00:00
[2024-11-18T20:52:55.947+0500] {logging_mixin.py:190} INFO - [2024-11-18T20:52:55.947+0500] {dag.py:4180} INFO - Setting next_dagrun for read_dataset_event_from_classic to 2024-11-17 00:00:00+00:00, run_after=2024-11-18 00:00:00+00:00
[2024-11-18T20:52:55.976+0500] {processor.py:208} INFO - Processing /home/AtlasRise/airflow/airflow_env/lib/python3.12/site-packages/airflow/example_dags/example_inlet_event_extra.py took 0.131 seconds
[2024-11-18T20:54:07.440+0500] {processor.py:186} INFO - Started process (PID=20164) to work on /home/AtlasRise/airflow/airflow_env/lib/python3.12/site-packages/airflow/example_dags/example_inlet_event_extra.py
[2024-11-18T20:54:07.441+0500] {processor.py:914} INFO - Processing file /home/AtlasRise/airflow/airflow_env/lib/python3.12/site-packages/airflow/example_dags/example_inlet_event_extra.py for tasks to queue
[2024-11-18T20:54:07.444+0500] {logging_mixin.py:190} INFO - [2024-11-18T20:54:07.444+0500] {dagbag.py:588} INFO - Filling up the DagBag from /home/AtlasRise/airflow/airflow_env/lib/python3.12/site-packages/airflow/example_dags/example_inlet_event_extra.py
[2024-11-18T20:54:07.464+0500] {processor.py:925} INFO - DAG(s) 'read_dataset_event', 'read_dataset_event_from_classic' retrieved from /home/AtlasRise/airflow/airflow_env/lib/python3.12/site-packages/airflow/example_dags/example_inlet_event_extra.py
[2024-11-18T20:54:07.492+0500] {logging_mixin.py:190} INFO - [2024-11-18T20:54:07.492+0500] {dag.py:3239} INFO - Sync 2 DAGs
[2024-11-18T20:54:07.534+0500] {logging_mixin.py:190} INFO - [2024-11-18T20:54:07.533+0500] {dag.py:4180} INFO - Setting next_dagrun for read_dataset_event to 2024-11-17 00:00:00+00:00, run_after=2024-11-18 00:00:00+00:00
[2024-11-18T20:54:07.542+0500] {logging_mixin.py:190} INFO - [2024-11-18T20:54:07.542+0500] {dag.py:4180} INFO - Setting next_dagrun for read_dataset_event_from_classic to 2024-11-17 00:00:00+00:00, run_after=2024-11-18 00:00:00+00:00
[2024-11-18T20:54:07.576+0500] {processor.py:208} INFO - Processing /home/AtlasRise/airflow/airflow_env/lib/python3.12/site-packages/airflow/example_dags/example_inlet_event_extra.py took 0.145 seconds
[2024-11-18T20:55:33.465+0500] {processor.py:186} INFO - Started process (PID=20254) to work on /home/AtlasRise/airflow/airflow_env/lib/python3.12/site-packages/airflow/example_dags/example_inlet_event_extra.py
[2024-11-18T20:55:33.468+0500] {processor.py:914} INFO - Processing file /home/AtlasRise/airflow/airflow_env/lib/python3.12/site-packages/airflow/example_dags/example_inlet_event_extra.py for tasks to queue
[2024-11-18T20:55:33.471+0500] {logging_mixin.py:190} INFO - [2024-11-18T20:55:33.471+0500] {dagbag.py:588} INFO - Filling up the DagBag from /home/AtlasRise/airflow/airflow_env/lib/python3.12/site-packages/airflow/example_dags/example_inlet_event_extra.py
[2024-11-18T20:55:33.491+0500] {processor.py:925} INFO - DAG(s) 'read_dataset_event', 'read_dataset_event_from_classic' retrieved from /home/AtlasRise/airflow/airflow_env/lib/python3.12/site-packages/airflow/example_dags/example_inlet_event_extra.py
[2024-11-18T20:55:33.518+0500] {logging_mixin.py:190} INFO - [2024-11-18T20:55:33.518+0500] {dag.py:3239} INFO - Sync 2 DAGs
[2024-11-18T20:55:33.563+0500] {logging_mixin.py:190} INFO - [2024-11-18T20:55:33.563+0500] {dag.py:4180} INFO - Setting next_dagrun for read_dataset_event to 2024-11-17 00:00:00+00:00, run_after=2024-11-18 00:00:00+00:00
[2024-11-18T20:55:33.572+0500] {logging_mixin.py:190} INFO - [2024-11-18T20:55:33.571+0500] {dag.py:4180} INFO - Setting next_dagrun for read_dataset_event_from_classic to 2024-11-17 00:00:00+00:00, run_after=2024-11-18 00:00:00+00:00
[2024-11-18T20:55:33.608+0500] {processor.py:208} INFO - Processing /home/AtlasRise/airflow/airflow_env/lib/python3.12/site-packages/airflow/example_dags/example_inlet_event_extra.py took 0.151 seconds
[2024-11-18T20:56:49.599+0500] {processor.py:186} INFO - Started process (PID=20345) to work on /home/AtlasRise/airflow/airflow_env/lib/python3.12/site-packages/airflow/example_dags/example_inlet_event_extra.py
[2024-11-18T20:56:49.602+0500] {processor.py:914} INFO - Processing file /home/AtlasRise/airflow/airflow_env/lib/python3.12/site-packages/airflow/example_dags/example_inlet_event_extra.py for tasks to queue
[2024-11-18T20:56:49.605+0500] {logging_mixin.py:190} INFO - [2024-11-18T20:56:49.604+0500] {dagbag.py:588} INFO - Filling up the DagBag from /home/AtlasRise/airflow/airflow_env/lib/python3.12/site-packages/airflow/example_dags/example_inlet_event_extra.py
[2024-11-18T20:56:49.625+0500] {processor.py:925} INFO - DAG(s) 'read_dataset_event', 'read_dataset_event_from_classic' retrieved from /home/AtlasRise/airflow/airflow_env/lib/python3.12/site-packages/airflow/example_dags/example_inlet_event_extra.py
[2024-11-18T20:56:49.656+0500] {logging_mixin.py:190} INFO - [2024-11-18T20:56:49.656+0500] {dag.py:3239} INFO - Sync 2 DAGs
[2024-11-18T20:56:49.695+0500] {logging_mixin.py:190} INFO - [2024-11-18T20:56:49.694+0500] {dag.py:4180} INFO - Setting next_dagrun for read_dataset_event to 2024-11-17 00:00:00+00:00, run_after=2024-11-18 00:00:00+00:00
[2024-11-18T20:56:49.702+0500] {logging_mixin.py:190} INFO - [2024-11-18T20:56:49.702+0500] {dag.py:4180} INFO - Setting next_dagrun for read_dataset_event_from_classic to 2024-11-17 00:00:00+00:00, run_after=2024-11-18 00:00:00+00:00
[2024-11-18T20:56:49.731+0500] {processor.py:208} INFO - Processing /home/AtlasRise/airflow/airflow_env/lib/python3.12/site-packages/airflow/example_dags/example_inlet_event_extra.py took 0.140 seconds
[2024-11-18T20:58:03.363+0500] {processor.py:186} INFO - Started process (PID=20422) to work on /home/AtlasRise/airflow/airflow_env/lib/python3.12/site-packages/airflow/example_dags/example_inlet_event_extra.py
[2024-11-18T20:58:03.364+0500] {processor.py:914} INFO - Processing file /home/AtlasRise/airflow/airflow_env/lib/python3.12/site-packages/airflow/example_dags/example_inlet_event_extra.py for tasks to queue
[2024-11-18T20:58:03.368+0500] {logging_mixin.py:190} INFO - [2024-11-18T20:58:03.367+0500] {dagbag.py:588} INFO - Filling up the DagBag from /home/AtlasRise/airflow/airflow_env/lib/python3.12/site-packages/airflow/example_dags/example_inlet_event_extra.py
[2024-11-18T20:58:03.387+0500] {processor.py:925} INFO - DAG(s) 'read_dataset_event', 'read_dataset_event_from_classic' retrieved from /home/AtlasRise/airflow/airflow_env/lib/python3.12/site-packages/airflow/example_dags/example_inlet_event_extra.py
[2024-11-18T20:58:03.413+0500] {logging_mixin.py:190} INFO - [2024-11-18T20:58:03.413+0500] {dag.py:3239} INFO - Sync 2 DAGs
[2024-11-18T20:58:03.449+0500] {logging_mixin.py:190} INFO - [2024-11-18T20:58:03.449+0500] {dag.py:4180} INFO - Setting next_dagrun for read_dataset_event to 2024-11-17 00:00:00+00:00, run_after=2024-11-18 00:00:00+00:00
[2024-11-18T20:58:03.457+0500] {logging_mixin.py:190} INFO - [2024-11-18T20:58:03.457+0500] {dag.py:4180} INFO - Setting next_dagrun for read_dataset_event_from_classic to 2024-11-17 00:00:00+00:00, run_after=2024-11-18 00:00:00+00:00
[2024-11-18T20:58:03.485+0500] {processor.py:208} INFO - Processing /home/AtlasRise/airflow/airflow_env/lib/python3.12/site-packages/airflow/example_dags/example_inlet_event_extra.py took 0.131 seconds
[2024-11-18T20:59:10.110+0500] {processor.py:186} INFO - Started process (PID=20504) to work on /home/AtlasRise/airflow/airflow_env/lib/python3.12/site-packages/airflow/example_dags/example_inlet_event_extra.py
[2024-11-18T20:59:10.113+0500] {processor.py:914} INFO - Processing file /home/AtlasRise/airflow/airflow_env/lib/python3.12/site-packages/airflow/example_dags/example_inlet_event_extra.py for tasks to queue
[2024-11-18T20:59:10.116+0500] {logging_mixin.py:190} INFO - [2024-11-18T20:59:10.115+0500] {dagbag.py:588} INFO - Filling up the DagBag from /home/AtlasRise/airflow/airflow_env/lib/python3.12/site-packages/airflow/example_dags/example_inlet_event_extra.py
[2024-11-18T20:59:10.135+0500] {processor.py:925} INFO - DAG(s) 'read_dataset_event', 'read_dataset_event_from_classic' retrieved from /home/AtlasRise/airflow/airflow_env/lib/python3.12/site-packages/airflow/example_dags/example_inlet_event_extra.py
[2024-11-18T20:59:10.160+0500] {logging_mixin.py:190} INFO - [2024-11-18T20:59:10.160+0500] {dag.py:3239} INFO - Sync 2 DAGs
[2024-11-18T20:59:10.197+0500] {logging_mixin.py:190} INFO - [2024-11-18T20:59:10.196+0500] {dag.py:4180} INFO - Setting next_dagrun for read_dataset_event to 2024-11-17 00:00:00+00:00, run_after=2024-11-18 00:00:00+00:00
[2024-11-18T20:59:10.205+0500] {logging_mixin.py:190} INFO - [2024-11-18T20:59:10.204+0500] {dag.py:4180} INFO - Setting next_dagrun for read_dataset_event_from_classic to 2024-11-17 00:00:00+00:00, run_after=2024-11-18 00:00:00+00:00
[2024-11-18T20:59:10.234+0500] {processor.py:208} INFO - Processing /home/AtlasRise/airflow/airflow_env/lib/python3.12/site-packages/airflow/example_dags/example_inlet_event_extra.py took 0.135 seconds
[2024-11-18T21:00:25.591+0500] {processor.py:186} INFO - Started process (PID=20587) to work on /home/AtlasRise/airflow/airflow_env/lib/python3.12/site-packages/airflow/example_dags/example_inlet_event_extra.py
[2024-11-18T21:00:25.592+0500] {processor.py:914} INFO - Processing file /home/AtlasRise/airflow/airflow_env/lib/python3.12/site-packages/airflow/example_dags/example_inlet_event_extra.py for tasks to queue
[2024-11-18T21:00:25.595+0500] {logging_mixin.py:190} INFO - [2024-11-18T21:00:25.595+0500] {dagbag.py:588} INFO - Filling up the DagBag from /home/AtlasRise/airflow/airflow_env/lib/python3.12/site-packages/airflow/example_dags/example_inlet_event_extra.py
[2024-11-18T21:00:25.614+0500] {processor.py:925} INFO - DAG(s) 'read_dataset_event', 'read_dataset_event_from_classic' retrieved from /home/AtlasRise/airflow/airflow_env/lib/python3.12/site-packages/airflow/example_dags/example_inlet_event_extra.py
[2024-11-18T21:00:25.640+0500] {logging_mixin.py:190} INFO - [2024-11-18T21:00:25.640+0500] {dag.py:3239} INFO - Sync 2 DAGs
[2024-11-18T21:00:25.676+0500] {logging_mixin.py:190} INFO - [2024-11-18T21:00:25.676+0500] {dag.py:4180} INFO - Setting next_dagrun for read_dataset_event to 2024-11-17 00:00:00+00:00, run_after=2024-11-18 00:00:00+00:00
[2024-11-18T21:00:25.684+0500] {logging_mixin.py:190} INFO - [2024-11-18T21:00:25.683+0500] {dag.py:4180} INFO - Setting next_dagrun for read_dataset_event_from_classic to 2024-11-17 00:00:00+00:00, run_after=2024-11-18 00:00:00+00:00
[2024-11-18T21:00:25.713+0500] {processor.py:208} INFO - Processing /home/AtlasRise/airflow/airflow_env/lib/python3.12/site-packages/airflow/example_dags/example_inlet_event_extra.py took 0.130 seconds
[2024-11-18T21:01:31.949+0500] {processor.py:186} INFO - Started process (PID=20668) to work on /home/AtlasRise/airflow/airflow_env/lib/python3.12/site-packages/airflow/example_dags/example_inlet_event_extra.py
[2024-11-18T21:01:31.950+0500] {processor.py:914} INFO - Processing file /home/AtlasRise/airflow/airflow_env/lib/python3.12/site-packages/airflow/example_dags/example_inlet_event_extra.py for tasks to queue
[2024-11-18T21:01:31.953+0500] {logging_mixin.py:190} INFO - [2024-11-18T21:01:31.953+0500] {dagbag.py:588} INFO - Filling up the DagBag from /home/AtlasRise/airflow/airflow_env/lib/python3.12/site-packages/airflow/example_dags/example_inlet_event_extra.py
[2024-11-18T21:01:31.972+0500] {processor.py:925} INFO - DAG(s) 'read_dataset_event_from_classic', 'read_dataset_event' retrieved from /home/AtlasRise/airflow/airflow_env/lib/python3.12/site-packages/airflow/example_dags/example_inlet_event_extra.py
[2024-11-18T21:01:31.998+0500] {logging_mixin.py:190} INFO - [2024-11-18T21:01:31.997+0500] {dag.py:3239} INFO - Sync 2 DAGs
[2024-11-18T21:01:32.036+0500] {logging_mixin.py:190} INFO - [2024-11-18T21:01:32.035+0500] {dag.py:4180} INFO - Setting next_dagrun for read_dataset_event to 2024-11-17 00:00:00+00:00, run_after=2024-11-18 00:00:00+00:00
[2024-11-18T21:01:32.043+0500] {logging_mixin.py:190} INFO - [2024-11-18T21:01:32.043+0500] {dag.py:4180} INFO - Setting next_dagrun for read_dataset_event_from_classic to 2024-11-17 00:00:00+00:00, run_after=2024-11-18 00:00:00+00:00
[2024-11-18T21:01:32.074+0500] {processor.py:208} INFO - Processing /home/AtlasRise/airflow/airflow_env/lib/python3.12/site-packages/airflow/example_dags/example_inlet_event_extra.py took 0.134 seconds
[2024-11-18T21:02:43.774+0500] {processor.py:186} INFO - Started process (PID=20740) to work on /home/AtlasRise/airflow/airflow_env/lib/python3.12/site-packages/airflow/example_dags/example_inlet_event_extra.py
[2024-11-18T21:02:43.776+0500] {processor.py:914} INFO - Processing file /home/AtlasRise/airflow/airflow_env/lib/python3.12/site-packages/airflow/example_dags/example_inlet_event_extra.py for tasks to queue
[2024-11-18T21:02:43.779+0500] {logging_mixin.py:190} INFO - [2024-11-18T21:02:43.779+0500] {dagbag.py:588} INFO - Filling up the DagBag from /home/AtlasRise/airflow/airflow_env/lib/python3.12/site-packages/airflow/example_dags/example_inlet_event_extra.py
[2024-11-18T21:02:43.798+0500] {processor.py:925} INFO - DAG(s) 'read_dataset_event', 'read_dataset_event_from_classic' retrieved from /home/AtlasRise/airflow/airflow_env/lib/python3.12/site-packages/airflow/example_dags/example_inlet_event_extra.py
[2024-11-18T21:02:43.824+0500] {logging_mixin.py:190} INFO - [2024-11-18T21:02:43.823+0500] {dag.py:3239} INFO - Sync 2 DAGs
[2024-11-18T21:02:43.859+0500] {logging_mixin.py:190} INFO - [2024-11-18T21:02:43.858+0500] {dag.py:4180} INFO - Setting next_dagrun for read_dataset_event to 2024-11-17 00:00:00+00:00, run_after=2024-11-18 00:00:00+00:00
[2024-11-18T21:02:43.866+0500] {logging_mixin.py:190} INFO - [2024-11-18T21:02:43.866+0500] {dag.py:4180} INFO - Setting next_dagrun for read_dataset_event_from_classic to 2024-11-17 00:00:00+00:00, run_after=2024-11-18 00:00:00+00:00
[2024-11-18T21:02:43.897+0500] {processor.py:208} INFO - Processing /home/AtlasRise/airflow/airflow_env/lib/python3.12/site-packages/airflow/example_dags/example_inlet_event_extra.py took 0.131 seconds
[2024-11-18T21:03:52.938+0500] {processor.py:186} INFO - Started process (PID=20827) to work on /home/AtlasRise/airflow/airflow_env/lib/python3.12/site-packages/airflow/example_dags/example_inlet_event_extra.py
[2024-11-18T21:03:52.941+0500] {processor.py:914} INFO - Processing file /home/AtlasRise/airflow/airflow_env/lib/python3.12/site-packages/airflow/example_dags/example_inlet_event_extra.py for tasks to queue
[2024-11-18T21:03:52.946+0500] {logging_mixin.py:190} INFO - [2024-11-18T21:03:52.945+0500] {dagbag.py:588} INFO - Filling up the DagBag from /home/AtlasRise/airflow/airflow_env/lib/python3.12/site-packages/airflow/example_dags/example_inlet_event_extra.py
[2024-11-18T21:03:52.983+0500] {processor.py:925} INFO - DAG(s) 'read_dataset_event_from_classic', 'read_dataset_event' retrieved from /home/AtlasRise/airflow/airflow_env/lib/python3.12/site-packages/airflow/example_dags/example_inlet_event_extra.py
[2024-11-18T21:03:53.041+0500] {logging_mixin.py:190} INFO - [2024-11-18T21:03:53.041+0500] {dag.py:3239} INFO - Sync 2 DAGs
[2024-11-18T21:03:53.079+0500] {logging_mixin.py:190} INFO - [2024-11-18T21:03:53.079+0500] {dag.py:4180} INFO - Setting next_dagrun for read_dataset_event to 2024-11-17 00:00:00+00:00, run_after=2024-11-18 00:00:00+00:00
[2024-11-18T21:03:53.089+0500] {logging_mixin.py:190} INFO - [2024-11-18T21:03:53.088+0500] {dag.py:4180} INFO - Setting next_dagrun for read_dataset_event_from_classic to 2024-11-17 00:00:00+00:00, run_after=2024-11-18 00:00:00+00:00
[2024-11-18T21:03:53.142+0500] {processor.py:208} INFO - Processing /home/AtlasRise/airflow/airflow_env/lib/python3.12/site-packages/airflow/example_dags/example_inlet_event_extra.py took 0.213 seconds
[2024-11-18T21:04:58.071+0500] {processor.py:186} INFO - Started process (PID=20913) to work on /home/AtlasRise/airflow/airflow_env/lib/python3.12/site-packages/airflow/example_dags/example_inlet_event_extra.py
[2024-11-18T21:04:58.073+0500] {processor.py:914} INFO - Processing file /home/AtlasRise/airflow/airflow_env/lib/python3.12/site-packages/airflow/example_dags/example_inlet_event_extra.py for tasks to queue
[2024-11-18T21:04:58.077+0500] {logging_mixin.py:190} INFO - [2024-11-18T21:04:58.076+0500] {dagbag.py:588} INFO - Filling up the DagBag from /home/AtlasRise/airflow/airflow_env/lib/python3.12/site-packages/airflow/example_dags/example_inlet_event_extra.py
[2024-11-18T21:04:58.097+0500] {processor.py:925} INFO - DAG(s) 'read_dataset_event_from_classic', 'read_dataset_event' retrieved from /home/AtlasRise/airflow/airflow_env/lib/python3.12/site-packages/airflow/example_dags/example_inlet_event_extra.py
[2024-11-18T21:04:58.123+0500] {logging_mixin.py:190} INFO - [2024-11-18T21:04:58.123+0500] {dag.py:3239} INFO - Sync 2 DAGs
[2024-11-18T21:04:58.159+0500] {logging_mixin.py:190} INFO - [2024-11-18T21:04:58.159+0500] {dag.py:4180} INFO - Setting next_dagrun for read_dataset_event to 2024-11-17 00:00:00+00:00, run_after=2024-11-18 00:00:00+00:00
[2024-11-18T21:04:58.167+0500] {logging_mixin.py:190} INFO - [2024-11-18T21:04:58.166+0500] {dag.py:4180} INFO - Setting next_dagrun for read_dataset_event_from_classic to 2024-11-17 00:00:00+00:00, run_after=2024-11-18 00:00:00+00:00
[2024-11-18T21:04:58.196+0500] {processor.py:208} INFO - Processing /home/AtlasRise/airflow/airflow_env/lib/python3.12/site-packages/airflow/example_dags/example_inlet_event_extra.py took 0.134 seconds
[2024-11-18T21:06:05.465+0500] {processor.py:186} INFO - Started process (PID=20997) to work on /home/AtlasRise/airflow/airflow_env/lib/python3.12/site-packages/airflow/example_dags/example_inlet_event_extra.py
[2024-11-18T21:06:05.466+0500] {processor.py:914} INFO - Processing file /home/AtlasRise/airflow/airflow_env/lib/python3.12/site-packages/airflow/example_dags/example_inlet_event_extra.py for tasks to queue
[2024-11-18T21:06:05.469+0500] {logging_mixin.py:190} INFO - [2024-11-18T21:06:05.469+0500] {dagbag.py:588} INFO - Filling up the DagBag from /home/AtlasRise/airflow/airflow_env/lib/python3.12/site-packages/airflow/example_dags/example_inlet_event_extra.py
[2024-11-18T21:06:05.488+0500] {processor.py:925} INFO - DAG(s) 'read_dataset_event', 'read_dataset_event_from_classic' retrieved from /home/AtlasRise/airflow/airflow_env/lib/python3.12/site-packages/airflow/example_dags/example_inlet_event_extra.py
[2024-11-18T21:06:05.514+0500] {logging_mixin.py:190} INFO - [2024-11-18T21:06:05.514+0500] {dag.py:3239} INFO - Sync 2 DAGs
[2024-11-18T21:06:05.549+0500] {logging_mixin.py:190} INFO - [2024-11-18T21:06:05.549+0500] {dag.py:4180} INFO - Setting next_dagrun for read_dataset_event to 2024-11-17 00:00:00+00:00, run_after=2024-11-18 00:00:00+00:00
[2024-11-18T21:06:05.557+0500] {logging_mixin.py:190} INFO - [2024-11-18T21:06:05.556+0500] {dag.py:4180} INFO - Setting next_dagrun for read_dataset_event_from_classic to 2024-11-17 00:00:00+00:00, run_after=2024-11-18 00:00:00+00:00
[2024-11-18T21:06:05.586+0500] {processor.py:208} INFO - Processing /home/AtlasRise/airflow/airflow_env/lib/python3.12/site-packages/airflow/example_dags/example_inlet_event_extra.py took 0.129 seconds
[2024-11-18T21:07:25.799+0500] {processor.py:186} INFO - Started process (PID=21101) to work on /home/AtlasRise/airflow/airflow_env/lib/python3.12/site-packages/airflow/example_dags/example_inlet_event_extra.py
[2024-11-18T21:07:25.802+0500] {processor.py:914} INFO - Processing file /home/AtlasRise/airflow/airflow_env/lib/python3.12/site-packages/airflow/example_dags/example_inlet_event_extra.py for tasks to queue
[2024-11-18T21:07:25.805+0500] {logging_mixin.py:190} INFO - [2024-11-18T21:07:25.804+0500] {dagbag.py:588} INFO - Filling up the DagBag from /home/AtlasRise/airflow/airflow_env/lib/python3.12/site-packages/airflow/example_dags/example_inlet_event_extra.py
[2024-11-18T21:07:25.824+0500] {processor.py:925} INFO - DAG(s) 'read_dataset_event', 'read_dataset_event_from_classic' retrieved from /home/AtlasRise/airflow/airflow_env/lib/python3.12/site-packages/airflow/example_dags/example_inlet_event_extra.py
[2024-11-18T21:07:25.850+0500] {logging_mixin.py:190} INFO - [2024-11-18T21:07:25.850+0500] {dag.py:3239} INFO - Sync 2 DAGs
[2024-11-18T21:07:25.885+0500] {logging_mixin.py:190} INFO - [2024-11-18T21:07:25.885+0500] {dag.py:4180} INFO - Setting next_dagrun for read_dataset_event to 2024-11-17 00:00:00+00:00, run_after=2024-11-18 00:00:00+00:00
[2024-11-18T21:07:25.893+0500] {logging_mixin.py:190} INFO - [2024-11-18T21:07:25.892+0500] {dag.py:4180} INFO - Setting next_dagrun for read_dataset_event_from_classic to 2024-11-17 00:00:00+00:00, run_after=2024-11-18 00:00:00+00:00
[2024-11-18T21:07:25.923+0500] {processor.py:208} INFO - Processing /home/AtlasRise/airflow/airflow_env/lib/python3.12/site-packages/airflow/example_dags/example_inlet_event_extra.py took 0.132 seconds
[2024-11-18T21:08:33.346+0500] {processor.py:186} INFO - Started process (PID=21170) to work on /home/AtlasRise/airflow/airflow_env/lib/python3.12/site-packages/airflow/example_dags/example_inlet_event_extra.py
[2024-11-18T21:08:33.348+0500] {processor.py:914} INFO - Processing file /home/AtlasRise/airflow/airflow_env/lib/python3.12/site-packages/airflow/example_dags/example_inlet_event_extra.py for tasks to queue
[2024-11-18T21:08:33.351+0500] {logging_mixin.py:190} INFO - [2024-11-18T21:08:33.351+0500] {dagbag.py:588} INFO - Filling up the DagBag from /home/AtlasRise/airflow/airflow_env/lib/python3.12/site-packages/airflow/example_dags/example_inlet_event_extra.py
[2024-11-18T21:08:33.370+0500] {processor.py:925} INFO - DAG(s) 'read_dataset_event_from_classic', 'read_dataset_event' retrieved from /home/AtlasRise/airflow/airflow_env/lib/python3.12/site-packages/airflow/example_dags/example_inlet_event_extra.py
[2024-11-18T21:08:33.396+0500] {logging_mixin.py:190} INFO - [2024-11-18T21:08:33.396+0500] {dag.py:3239} INFO - Sync 2 DAGs
[2024-11-18T21:08:33.432+0500] {logging_mixin.py:190} INFO - [2024-11-18T21:08:33.432+0500] {dag.py:4180} INFO - Setting next_dagrun for read_dataset_event to 2024-11-17 00:00:00+00:00, run_after=2024-11-18 00:00:00+00:00
[2024-11-18T21:08:33.440+0500] {logging_mixin.py:190} INFO - [2024-11-18T21:08:33.440+0500] {dag.py:4180} INFO - Setting next_dagrun for read_dataset_event_from_classic to 2024-11-17 00:00:00+00:00, run_after=2024-11-18 00:00:00+00:00
[2024-11-18T21:08:33.470+0500] {processor.py:208} INFO - Processing /home/AtlasRise/airflow/airflow_env/lib/python3.12/site-packages/airflow/example_dags/example_inlet_event_extra.py took 0.132 seconds
[2024-11-18T21:09:40.969+0500] {processor.py:186} INFO - Started process (PID=21270) to work on /home/AtlasRise/airflow/airflow_env/lib/python3.12/site-packages/airflow/example_dags/example_inlet_event_extra.py
[2024-11-18T21:09:40.971+0500] {processor.py:914} INFO - Processing file /home/AtlasRise/airflow/airflow_env/lib/python3.12/site-packages/airflow/example_dags/example_inlet_event_extra.py for tasks to queue
[2024-11-18T21:09:40.974+0500] {logging_mixin.py:190} INFO - [2024-11-18T21:09:40.974+0500] {dagbag.py:588} INFO - Filling up the DagBag from /home/AtlasRise/airflow/airflow_env/lib/python3.12/site-packages/airflow/example_dags/example_inlet_event_extra.py
[2024-11-18T21:09:40.995+0500] {processor.py:925} INFO - DAG(s) 'read_dataset_event_from_classic', 'read_dataset_event' retrieved from /home/AtlasRise/airflow/airflow_env/lib/python3.12/site-packages/airflow/example_dags/example_inlet_event_extra.py
[2024-11-18T21:09:41.023+0500] {logging_mixin.py:190} INFO - [2024-11-18T21:09:41.022+0500] {dag.py:3239} INFO - Sync 2 DAGs
[2024-11-18T21:09:41.060+0500] {logging_mixin.py:190} INFO - [2024-11-18T21:09:41.060+0500] {dag.py:4180} INFO - Setting next_dagrun for read_dataset_event to 2024-11-17 00:00:00+00:00, run_after=2024-11-18 00:00:00+00:00
[2024-11-18T21:09:41.068+0500] {logging_mixin.py:190} INFO - [2024-11-18T21:09:41.068+0500] {dag.py:4180} INFO - Setting next_dagrun for read_dataset_event_from_classic to 2024-11-17 00:00:00+00:00, run_after=2024-11-18 00:00:00+00:00
[2024-11-18T21:09:41.100+0500] {processor.py:208} INFO - Processing /home/AtlasRise/airflow/airflow_env/lib/python3.12/site-packages/airflow/example_dags/example_inlet_event_extra.py took 0.140 seconds
[2024-11-18T21:10:55.371+0500] {processor.py:186} INFO - Started process (PID=21360) to work on /home/AtlasRise/airflow/airflow_env/lib/python3.12/site-packages/airflow/example_dags/example_inlet_event_extra.py
[2024-11-18T21:10:55.372+0500] {processor.py:914} INFO - Processing file /home/AtlasRise/airflow/airflow_env/lib/python3.12/site-packages/airflow/example_dags/example_inlet_event_extra.py for tasks to queue
[2024-11-18T21:10:55.375+0500] {logging_mixin.py:190} INFO - [2024-11-18T21:10:55.375+0500] {dagbag.py:588} INFO - Filling up the DagBag from /home/AtlasRise/airflow/airflow_env/lib/python3.12/site-packages/airflow/example_dags/example_inlet_event_extra.py
[2024-11-18T21:10:55.396+0500] {processor.py:925} INFO - DAG(s) 'read_dataset_event', 'read_dataset_event_from_classic' retrieved from /home/AtlasRise/airflow/airflow_env/lib/python3.12/site-packages/airflow/example_dags/example_inlet_event_extra.py
[2024-11-18T21:10:55.428+0500] {logging_mixin.py:190} INFO - [2024-11-18T21:10:55.427+0500] {dag.py:3239} INFO - Sync 2 DAGs
[2024-11-18T21:10:55.464+0500] {logging_mixin.py:190} INFO - [2024-11-18T21:10:55.464+0500] {dag.py:4180} INFO - Setting next_dagrun for read_dataset_event to 2024-11-17 00:00:00+00:00, run_after=2024-11-18 00:00:00+00:00
[2024-11-18T21:10:55.471+0500] {logging_mixin.py:190} INFO - [2024-11-18T21:10:55.471+0500] {dag.py:4180} INFO - Setting next_dagrun for read_dataset_event_from_classic to 2024-11-17 00:00:00+00:00, run_after=2024-11-18 00:00:00+00:00
[2024-11-18T21:10:55.500+0500] {processor.py:208} INFO - Processing /home/AtlasRise/airflow/airflow_env/lib/python3.12/site-packages/airflow/example_dags/example_inlet_event_extra.py took 0.137 seconds
[2024-11-18T21:12:31.974+0500] {processor.py:186} INFO - Started process (PID=21528) to work on /home/AtlasRise/airflow/airflow_env/lib/python3.12/site-packages/airflow/example_dags/example_inlet_event_extra.py
[2024-11-18T21:12:31.977+0500] {processor.py:914} INFO - Processing file /home/AtlasRise/airflow/airflow_env/lib/python3.12/site-packages/airflow/example_dags/example_inlet_event_extra.py for tasks to queue
[2024-11-18T21:12:31.980+0500] {logging_mixin.py:190} INFO - [2024-11-18T21:12:31.979+0500] {dagbag.py:588} INFO - Filling up the DagBag from /home/AtlasRise/airflow/airflow_env/lib/python3.12/site-packages/airflow/example_dags/example_inlet_event_extra.py
[2024-11-18T21:12:31.999+0500] {processor.py:925} INFO - DAG(s) 'read_dataset_event', 'read_dataset_event_from_classic' retrieved from /home/AtlasRise/airflow/airflow_env/lib/python3.12/site-packages/airflow/example_dags/example_inlet_event_extra.py
[2024-11-18T21:12:32.025+0500] {logging_mixin.py:190} INFO - [2024-11-18T21:12:32.024+0500] {dag.py:3239} INFO - Sync 2 DAGs
[2024-11-18T21:12:32.062+0500] {logging_mixin.py:190} INFO - [2024-11-18T21:12:32.061+0500] {dag.py:4180} INFO - Setting next_dagrun for read_dataset_event to 2024-11-17 00:00:00+00:00, run_after=2024-11-18 00:00:00+00:00
[2024-11-18T21:12:32.070+0500] {logging_mixin.py:190} INFO - [2024-11-18T21:12:32.069+0500] {dag.py:4180} INFO - Setting next_dagrun for read_dataset_event_from_classic to 2024-11-17 00:00:00+00:00, run_after=2024-11-18 00:00:00+00:00
[2024-11-18T21:12:32.103+0500] {processor.py:208} INFO - Processing /home/AtlasRise/airflow/airflow_env/lib/python3.12/site-packages/airflow/example_dags/example_inlet_event_extra.py took 0.137 seconds
[2024-11-18T21:14:11.357+0500] {processor.py:186} INFO - Started process (PID=21640) to work on /home/AtlasRise/airflow/airflow_env/lib/python3.12/site-packages/airflow/example_dags/example_inlet_event_extra.py
[2024-11-18T21:14:11.358+0500] {processor.py:914} INFO - Processing file /home/AtlasRise/airflow/airflow_env/lib/python3.12/site-packages/airflow/example_dags/example_inlet_event_extra.py for tasks to queue
[2024-11-18T21:14:11.361+0500] {logging_mixin.py:190} INFO - [2024-11-18T21:14:11.361+0500] {dagbag.py:588} INFO - Filling up the DagBag from /home/AtlasRise/airflow/airflow_env/lib/python3.12/site-packages/airflow/example_dags/example_inlet_event_extra.py
[2024-11-18T21:14:11.385+0500] {processor.py:925} INFO - DAG(s) 'read_dataset_event', 'read_dataset_event_from_classic' retrieved from /home/AtlasRise/airflow/airflow_env/lib/python3.12/site-packages/airflow/example_dags/example_inlet_event_extra.py
[2024-11-18T21:14:11.411+0500] {logging_mixin.py:190} INFO - [2024-11-18T21:14:11.411+0500] {dag.py:3239} INFO - Sync 2 DAGs
[2024-11-18T21:14:11.447+0500] {logging_mixin.py:190} INFO - [2024-11-18T21:14:11.447+0500] {dag.py:4180} INFO - Setting next_dagrun for read_dataset_event to 2024-11-17 00:00:00+00:00, run_after=2024-11-18 00:00:00+00:00
[2024-11-18T21:14:11.455+0500] {logging_mixin.py:190} INFO - [2024-11-18T21:14:11.454+0500] {dag.py:4180} INFO - Setting next_dagrun for read_dataset_event_from_classic to 2024-11-17 00:00:00+00:00, run_after=2024-11-18 00:00:00+00:00
[2024-11-18T21:14:11.485+0500] {processor.py:208} INFO - Processing /home/AtlasRise/airflow/airflow_env/lib/python3.12/site-packages/airflow/example_dags/example_inlet_event_extra.py took 0.136 seconds
[2024-11-18T21:15:37.919+0500] {processor.py:186} INFO - Started process (PID=21758) to work on /home/AtlasRise/airflow/airflow_env/lib/python3.12/site-packages/airflow/example_dags/example_inlet_event_extra.py
[2024-11-18T21:15:37.921+0500] {processor.py:914} INFO - Processing file /home/AtlasRise/airflow/airflow_env/lib/python3.12/site-packages/airflow/example_dags/example_inlet_event_extra.py for tasks to queue
[2024-11-18T21:15:37.924+0500] {logging_mixin.py:190} INFO - [2024-11-18T21:15:37.923+0500] {dagbag.py:588} INFO - Filling up the DagBag from /home/AtlasRise/airflow/airflow_env/lib/python3.12/site-packages/airflow/example_dags/example_inlet_event_extra.py
[2024-11-18T21:15:37.944+0500] {processor.py:925} INFO - DAG(s) 'read_dataset_event', 'read_dataset_event_from_classic' retrieved from /home/AtlasRise/airflow/airflow_env/lib/python3.12/site-packages/airflow/example_dags/example_inlet_event_extra.py
[2024-11-18T21:15:37.971+0500] {logging_mixin.py:190} INFO - [2024-11-18T21:15:37.971+0500] {dag.py:3239} INFO - Sync 2 DAGs
[2024-11-18T21:15:38.008+0500] {logging_mixin.py:190} INFO - [2024-11-18T21:15:38.007+0500] {dag.py:4180} INFO - Setting next_dagrun for read_dataset_event to 2024-11-17 00:00:00+00:00, run_after=2024-11-18 00:00:00+00:00
[2024-11-18T21:15:38.015+0500] {logging_mixin.py:190} INFO - [2024-11-18T21:15:38.015+0500] {dag.py:4180} INFO - Setting next_dagrun for read_dataset_event_from_classic to 2024-11-17 00:00:00+00:00, run_after=2024-11-18 00:00:00+00:00
[2024-11-18T21:15:38.043+0500] {processor.py:208} INFO - Processing /home/AtlasRise/airflow/airflow_env/lib/python3.12/site-packages/airflow/example_dags/example_inlet_event_extra.py took 0.132 seconds
[2024-11-18T21:17:36.176+0500] {processor.py:186} INFO - Started process (PID=21931) to work on /home/AtlasRise/airflow/airflow_env/lib/python3.12/site-packages/airflow/example_dags/example_inlet_event_extra.py
[2024-11-18T21:17:36.178+0500] {processor.py:914} INFO - Processing file /home/AtlasRise/airflow/airflow_env/lib/python3.12/site-packages/airflow/example_dags/example_inlet_event_extra.py for tasks to queue
[2024-11-18T21:17:36.181+0500] {logging_mixin.py:190} INFO - [2024-11-18T21:17:36.181+0500] {dagbag.py:588} INFO - Filling up the DagBag from /home/AtlasRise/airflow/airflow_env/lib/python3.12/site-packages/airflow/example_dags/example_inlet_event_extra.py
[2024-11-18T21:17:36.201+0500] {processor.py:925} INFO - DAG(s) 'read_dataset_event_from_classic', 'read_dataset_event' retrieved from /home/AtlasRise/airflow/airflow_env/lib/python3.12/site-packages/airflow/example_dags/example_inlet_event_extra.py
[2024-11-18T21:17:36.228+0500] {logging_mixin.py:190} INFO - [2024-11-18T21:17:36.227+0500] {dag.py:3239} INFO - Sync 2 DAGs
[2024-11-18T21:17:36.267+0500] {logging_mixin.py:190} INFO - [2024-11-18T21:17:36.266+0500] {dag.py:4180} INFO - Setting next_dagrun for read_dataset_event to 2024-11-17 00:00:00+00:00, run_after=2024-11-18 00:00:00+00:00
[2024-11-18T21:17:36.274+0500] {logging_mixin.py:190} INFO - [2024-11-18T21:17:36.274+0500] {dag.py:4180} INFO - Setting next_dagrun for read_dataset_event_from_classic to 2024-11-17 00:00:00+00:00, run_after=2024-11-18 00:00:00+00:00
[2024-11-18T21:17:36.303+0500] {processor.py:208} INFO - Processing /home/AtlasRise/airflow/airflow_env/lib/python3.12/site-packages/airflow/example_dags/example_inlet_event_extra.py took 0.136 seconds
[2024-11-18T21:19:26.957+0500] {processor.py:186} INFO - Started process (PID=22094) to work on /home/AtlasRise/airflow/airflow_env/lib/python3.12/site-packages/airflow/example_dags/example_inlet_event_extra.py
[2024-11-18T21:19:26.959+0500] {processor.py:914} INFO - Processing file /home/AtlasRise/airflow/airflow_env/lib/python3.12/site-packages/airflow/example_dags/example_inlet_event_extra.py for tasks to queue
[2024-11-18T21:19:26.962+0500] {logging_mixin.py:190} INFO - [2024-11-18T21:19:26.962+0500] {dagbag.py:588} INFO - Filling up the DagBag from /home/AtlasRise/airflow/airflow_env/lib/python3.12/site-packages/airflow/example_dags/example_inlet_event_extra.py
[2024-11-18T21:19:26.981+0500] {processor.py:925} INFO - DAG(s) 'read_dataset_event_from_classic', 'read_dataset_event' retrieved from /home/AtlasRise/airflow/airflow_env/lib/python3.12/site-packages/airflow/example_dags/example_inlet_event_extra.py
[2024-11-18T21:19:27.007+0500] {logging_mixin.py:190} INFO - [2024-11-18T21:19:27.006+0500] {dag.py:3239} INFO - Sync 2 DAGs
[2024-11-18T21:19:27.043+0500] {logging_mixin.py:190} INFO - [2024-11-18T21:19:27.042+0500] {dag.py:4180} INFO - Setting next_dagrun for read_dataset_event to 2024-11-17 00:00:00+00:00, run_after=2024-11-18 00:00:00+00:00
[2024-11-18T21:19:27.051+0500] {logging_mixin.py:190} INFO - [2024-11-18T21:19:27.050+0500] {dag.py:4180} INFO - Setting next_dagrun for read_dataset_event_from_classic to 2024-11-17 00:00:00+00:00, run_after=2024-11-18 00:00:00+00:00
[2024-11-18T21:19:27.079+0500] {processor.py:208} INFO - Processing /home/AtlasRise/airflow/airflow_env/lib/python3.12/site-packages/airflow/example_dags/example_inlet_event_extra.py took 0.131 seconds
[2024-11-18T21:20:44.309+0500] {processor.py:186} INFO - Started process (PID=22173) to work on /home/AtlasRise/airflow/airflow_env/lib/python3.12/site-packages/airflow/example_dags/example_inlet_event_extra.py
[2024-11-18T21:20:44.314+0500] {processor.py:914} INFO - Processing file /home/AtlasRise/airflow/airflow_env/lib/python3.12/site-packages/airflow/example_dags/example_inlet_event_extra.py for tasks to queue
[2024-11-18T21:20:44.319+0500] {logging_mixin.py:190} INFO - [2024-11-18T21:20:44.317+0500] {dagbag.py:588} INFO - Filling up the DagBag from /home/AtlasRise/airflow/airflow_env/lib/python3.12/site-packages/airflow/example_dags/example_inlet_event_extra.py
[2024-11-18T21:20:44.344+0500] {processor.py:925} INFO - DAG(s) 'read_dataset_event', 'read_dataset_event_from_classic' retrieved from /home/AtlasRise/airflow/airflow_env/lib/python3.12/site-packages/airflow/example_dags/example_inlet_event_extra.py
[2024-11-18T21:20:44.376+0500] {logging_mixin.py:190} INFO - [2024-11-18T21:20:44.375+0500] {dag.py:3239} INFO - Sync 2 DAGs
[2024-11-18T21:20:44.412+0500] {logging_mixin.py:190} INFO - [2024-11-18T21:20:44.412+0500] {dag.py:4180} INFO - Setting next_dagrun for read_dataset_event to 2024-11-17 00:00:00+00:00, run_after=2024-11-18 00:00:00+00:00
[2024-11-18T21:20:44.420+0500] {logging_mixin.py:190} INFO - [2024-11-18T21:20:44.419+0500] {dag.py:4180} INFO - Setting next_dagrun for read_dataset_event_from_classic to 2024-11-17 00:00:00+00:00, run_after=2024-11-18 00:00:00+00:00
[2024-11-18T21:20:44.450+0500] {processor.py:208} INFO - Processing /home/AtlasRise/airflow/airflow_env/lib/python3.12/site-packages/airflow/example_dags/example_inlet_event_extra.py took 0.153 seconds
[2024-11-18T21:21:57.826+0500] {processor.py:186} INFO - Started process (PID=22277) to work on /home/AtlasRise/airflow/airflow_env/lib/python3.12/site-packages/airflow/example_dags/example_inlet_event_extra.py
[2024-11-18T21:21:57.827+0500] {processor.py:914} INFO - Processing file /home/AtlasRise/airflow/airflow_env/lib/python3.12/site-packages/airflow/example_dags/example_inlet_event_extra.py for tasks to queue
[2024-11-18T21:21:57.831+0500] {logging_mixin.py:190} INFO - [2024-11-18T21:21:57.830+0500] {dagbag.py:588} INFO - Filling up the DagBag from /home/AtlasRise/airflow/airflow_env/lib/python3.12/site-packages/airflow/example_dags/example_inlet_event_extra.py
[2024-11-18T21:21:57.850+0500] {processor.py:925} INFO - DAG(s) 'read_dataset_event_from_classic', 'read_dataset_event' retrieved from /home/AtlasRise/airflow/airflow_env/lib/python3.12/site-packages/airflow/example_dags/example_inlet_event_extra.py
[2024-11-18T21:21:57.877+0500] {logging_mixin.py:190} INFO - [2024-11-18T21:21:57.876+0500] {dag.py:3239} INFO - Sync 2 DAGs
[2024-11-18T21:21:57.912+0500] {logging_mixin.py:190} INFO - [2024-11-18T21:21:57.912+0500] {dag.py:4180} INFO - Setting next_dagrun for read_dataset_event to 2024-11-17 00:00:00+00:00, run_after=2024-11-18 00:00:00+00:00
[2024-11-18T21:21:57.920+0500] {logging_mixin.py:190} INFO - [2024-11-18T21:21:57.919+0500] {dag.py:4180} INFO - Setting next_dagrun for read_dataset_event_from_classic to 2024-11-17 00:00:00+00:00, run_after=2024-11-18 00:00:00+00:00
[2024-11-18T21:21:57.949+0500] {processor.py:208} INFO - Processing /home/AtlasRise/airflow/airflow_env/lib/python3.12/site-packages/airflow/example_dags/example_inlet_event_extra.py took 0.131 seconds
[2024-11-18T21:23:06.002+0500] {processor.py:186} INFO - Started process (PID=22356) to work on /home/AtlasRise/airflow/airflow_env/lib/python3.12/site-packages/airflow/example_dags/example_inlet_event_extra.py
[2024-11-18T21:23:06.004+0500] {processor.py:914} INFO - Processing file /home/AtlasRise/airflow/airflow_env/lib/python3.12/site-packages/airflow/example_dags/example_inlet_event_extra.py for tasks to queue
[2024-11-18T21:23:06.007+0500] {logging_mixin.py:190} INFO - [2024-11-18T21:23:06.006+0500] {dagbag.py:588} INFO - Filling up the DagBag from /home/AtlasRise/airflow/airflow_env/lib/python3.12/site-packages/airflow/example_dags/example_inlet_event_extra.py
[2024-11-18T21:23:06.028+0500] {processor.py:925} INFO - DAG(s) 'read_dataset_event', 'read_dataset_event_from_classic' retrieved from /home/AtlasRise/airflow/airflow_env/lib/python3.12/site-packages/airflow/example_dags/example_inlet_event_extra.py
[2024-11-18T21:23:06.056+0500] {logging_mixin.py:190} INFO - [2024-11-18T21:23:06.055+0500] {dag.py:3239} INFO - Sync 2 DAGs
[2024-11-18T21:23:06.096+0500] {logging_mixin.py:190} INFO - [2024-11-18T21:23:06.096+0500] {dag.py:4180} INFO - Setting next_dagrun for read_dataset_event to 2024-11-17 00:00:00+00:00, run_after=2024-11-18 00:00:00+00:00
[2024-11-18T21:23:06.107+0500] {logging_mixin.py:190} INFO - [2024-11-18T21:23:06.107+0500] {dag.py:4180} INFO - Setting next_dagrun for read_dataset_event_from_classic to 2024-11-17 00:00:00+00:00, run_after=2024-11-18 00:00:00+00:00
[2024-11-18T21:23:06.175+0500] {processor.py:208} INFO - Processing /home/AtlasRise/airflow/airflow_env/lib/python3.12/site-packages/airflow/example_dags/example_inlet_event_extra.py took 0.181 seconds
