[2024-11-18T20:40:44.274+0500] {processor.py:186} INFO - Started process (PID=18934) to work on /home/AtlasRise/airflow/airflow_env/lib/python3.12/site-packages/airflow/example_dags/example_sensor_decorator.py
[2024-11-18T20:40:44.275+0500] {processor.py:914} INFO - Processing file /home/AtlasRise/airflow/airflow_env/lib/python3.12/site-packages/airflow/example_dags/example_sensor_decorator.py for tasks to queue
[2024-11-18T20:40:44.277+0500] {logging_mixin.py:190} INFO - [2024-11-18T20:40:44.277+0500] {dagbag.py:588} INFO - Filling up the DagBag from /home/AtlasRise/airflow/airflow_env/lib/python3.12/site-packages/airflow/example_dags/example_sensor_decorator.py
[2024-11-18T20:40:44.291+0500] {processor.py:925} INFO - DAG(s) 'example_sensor_decorator' retrieved from /home/AtlasRise/airflow/airflow_env/lib/python3.12/site-packages/airflow/example_dags/example_sensor_decorator.py
[2024-11-18T20:40:44.463+0500] {logging_mixin.py:190} INFO - [2024-11-18T20:40:44.462+0500] {override.py:1911} INFO - Created Permission View: can read on DAG:example_sensor_decorator
[2024-11-18T20:40:44.480+0500] {logging_mixin.py:190} INFO - [2024-11-18T20:40:44.480+0500] {override.py:1911} INFO - Created Permission View: can edit on DAG:example_sensor_decorator
[2024-11-18T20:40:44.493+0500] {logging_mixin.py:190} INFO - [2024-11-18T20:40:44.492+0500] {override.py:1911} INFO - Created Permission View: can delete on DAG:example_sensor_decorator
[2024-11-18T20:40:44.512+0500] {logging_mixin.py:190} INFO - [2024-11-18T20:40:44.512+0500] {override.py:1911} INFO - Created Permission View: can read on DAG Run:example_sensor_decorator
[2024-11-18T20:40:44.529+0500] {logging_mixin.py:190} INFO - [2024-11-18T20:40:44.528+0500] {override.py:1911} INFO - Created Permission View: can create on DAG Run:example_sensor_decorator
[2024-11-18T20:40:44.540+0500] {logging_mixin.py:190} INFO - [2024-11-18T20:40:44.540+0500] {override.py:1911} INFO - Created Permission View: can delete on DAG Run:example_sensor_decorator
[2024-11-18T20:40:44.559+0500] {logging_mixin.py:190} INFO - [2024-11-18T20:40:44.558+0500] {override.py:1911} INFO - Created Permission View: menu access on DAG Run:example_sensor_decorator
[2024-11-18T20:40:44.559+0500] {logging_mixin.py:190} INFO - [2024-11-18T20:40:44.559+0500] {dag.py:3239} INFO - Sync 1 DAGs
[2024-11-18T20:40:44.579+0500] {logging_mixin.py:190} INFO - [2024-11-18T20:40:44.579+0500] {dag.py:3262} INFO - Creating ORM DAG for example_sensor_decorator
[2024-11-18T20:40:44.580+0500] {logging_mixin.py:190} INFO - [2024-11-18T20:40:44.580+0500] {dag.py:4180} INFO - Setting next_dagrun for example_sensor_decorator to None, run_after=None
[2024-11-18T20:40:44.609+0500] {processor.py:208} INFO - Processing /home/AtlasRise/airflow/airflow_env/lib/python3.12/site-packages/airflow/example_dags/example_sensor_decorator.py took 0.343 seconds
[2024-11-18T20:41:55.042+0500] {processor.py:186} INFO - Started process (PID=19111) to work on /home/AtlasRise/airflow/airflow_env/lib/python3.12/site-packages/airflow/example_dags/example_sensor_decorator.py
[2024-11-18T20:41:55.044+0500] {processor.py:914} INFO - Processing file /home/AtlasRise/airflow/airflow_env/lib/python3.12/site-packages/airflow/example_dags/example_sensor_decorator.py for tasks to queue
[2024-11-18T20:41:55.047+0500] {logging_mixin.py:190} INFO - [2024-11-18T20:41:55.047+0500] {dagbag.py:588} INFO - Filling up the DagBag from /home/AtlasRise/airflow/airflow_env/lib/python3.12/site-packages/airflow/example_dags/example_sensor_decorator.py
[2024-11-18T20:41:55.060+0500] {processor.py:925} INFO - DAG(s) 'example_sensor_decorator' retrieved from /home/AtlasRise/airflow/airflow_env/lib/python3.12/site-packages/airflow/example_dags/example_sensor_decorator.py
[2024-11-18T20:41:55.082+0500] {logging_mixin.py:190} INFO - [2024-11-18T20:41:55.082+0500] {dag.py:3239} INFO - Sync 1 DAGs
[2024-11-18T20:41:55.106+0500] {logging_mixin.py:190} INFO - [2024-11-18T20:41:55.105+0500] {dag.py:4180} INFO - Setting next_dagrun for example_sensor_decorator to None, run_after=None
[2024-11-18T20:41:55.144+0500] {processor.py:208} INFO - Processing /home/AtlasRise/airflow/airflow_env/lib/python3.12/site-packages/airflow/example_dags/example_sensor_decorator.py took 0.109 seconds
[2024-11-18T20:43:05.732+0500] {processor.py:186} INFO - Started process (PID=19193) to work on /home/AtlasRise/airflow/airflow_env/lib/python3.12/site-packages/airflow/example_dags/example_sensor_decorator.py
[2024-11-18T20:43:05.734+0500] {processor.py:914} INFO - Processing file /home/AtlasRise/airflow/airflow_env/lib/python3.12/site-packages/airflow/example_dags/example_sensor_decorator.py for tasks to queue
[2024-11-18T20:43:05.737+0500] {logging_mixin.py:190} INFO - [2024-11-18T20:43:05.736+0500] {dagbag.py:588} INFO - Filling up the DagBag from /home/AtlasRise/airflow/airflow_env/lib/python3.12/site-packages/airflow/example_dags/example_sensor_decorator.py
[2024-11-18T20:43:05.749+0500] {processor.py:925} INFO - DAG(s) 'example_sensor_decorator' retrieved from /home/AtlasRise/airflow/airflow_env/lib/python3.12/site-packages/airflow/example_dags/example_sensor_decorator.py
[2024-11-18T20:43:05.771+0500] {logging_mixin.py:190} INFO - [2024-11-18T20:43:05.771+0500] {dag.py:3239} INFO - Sync 1 DAGs
[2024-11-18T20:43:05.792+0500] {logging_mixin.py:190} INFO - [2024-11-18T20:43:05.791+0500] {dag.py:4180} INFO - Setting next_dagrun for example_sensor_decorator to None, run_after=None
[2024-11-18T20:43:05.825+0500] {processor.py:208} INFO - Processing /home/AtlasRise/airflow/airflow_env/lib/python3.12/site-packages/airflow/example_dags/example_sensor_decorator.py took 0.101 seconds
[2024-11-18T20:44:12.187+0500] {processor.py:186} INFO - Started process (PID=19276) to work on /home/AtlasRise/airflow/airflow_env/lib/python3.12/site-packages/airflow/example_dags/example_sensor_decorator.py
[2024-11-18T20:44:12.190+0500] {processor.py:914} INFO - Processing file /home/AtlasRise/airflow/airflow_env/lib/python3.12/site-packages/airflow/example_dags/example_sensor_decorator.py for tasks to queue
[2024-11-18T20:44:12.193+0500] {logging_mixin.py:190} INFO - [2024-11-18T20:44:12.192+0500] {dagbag.py:588} INFO - Filling up the DagBag from /home/AtlasRise/airflow/airflow_env/lib/python3.12/site-packages/airflow/example_dags/example_sensor_decorator.py
[2024-11-18T20:44:12.205+0500] {processor.py:925} INFO - DAG(s) 'example_sensor_decorator' retrieved from /home/AtlasRise/airflow/airflow_env/lib/python3.12/site-packages/airflow/example_dags/example_sensor_decorator.py
[2024-11-18T20:44:12.227+0500] {logging_mixin.py:190} INFO - [2024-11-18T20:44:12.227+0500] {dag.py:3239} INFO - Sync 1 DAGs
[2024-11-18T20:44:12.247+0500] {logging_mixin.py:190} INFO - [2024-11-18T20:44:12.246+0500] {dag.py:4180} INFO - Setting next_dagrun for example_sensor_decorator to None, run_after=None
[2024-11-18T20:44:12.286+0500] {processor.py:208} INFO - Processing /home/AtlasRise/airflow/airflow_env/lib/python3.12/site-packages/airflow/example_dags/example_sensor_decorator.py took 0.107 seconds
[2024-11-18T20:45:17.404+0500] {processor.py:186} INFO - Started process (PID=19347) to work on /home/AtlasRise/airflow/airflow_env/lib/python3.12/site-packages/airflow/example_dags/example_sensor_decorator.py
[2024-11-18T20:45:17.406+0500] {processor.py:914} INFO - Processing file /home/AtlasRise/airflow/airflow_env/lib/python3.12/site-packages/airflow/example_dags/example_sensor_decorator.py for tasks to queue
[2024-11-18T20:45:17.409+0500] {logging_mixin.py:190} INFO - [2024-11-18T20:45:17.409+0500] {dagbag.py:588} INFO - Filling up the DagBag from /home/AtlasRise/airflow/airflow_env/lib/python3.12/site-packages/airflow/example_dags/example_sensor_decorator.py
[2024-11-18T20:45:17.421+0500] {processor.py:925} INFO - DAG(s) 'example_sensor_decorator' retrieved from /home/AtlasRise/airflow/airflow_env/lib/python3.12/site-packages/airflow/example_dags/example_sensor_decorator.py
[2024-11-18T20:45:17.443+0500] {logging_mixin.py:190} INFO - [2024-11-18T20:45:17.443+0500] {dag.py:3239} INFO - Sync 1 DAGs
[2024-11-18T20:45:17.463+0500] {logging_mixin.py:190} INFO - [2024-11-18T20:45:17.463+0500] {dag.py:4180} INFO - Setting next_dagrun for example_sensor_decorator to None, run_after=None
[2024-11-18T20:45:17.496+0500] {processor.py:208} INFO - Processing /home/AtlasRise/airflow/airflow_env/lib/python3.12/site-packages/airflow/example_dags/example_sensor_decorator.py took 0.100 seconds
[2024-11-18T20:46:37.526+0500] {processor.py:186} INFO - Started process (PID=19561) to work on /home/AtlasRise/airflow/airflow_env/lib/python3.12/site-packages/airflow/example_dags/example_sensor_decorator.py
[2024-11-18T20:46:37.529+0500] {processor.py:914} INFO - Processing file /home/AtlasRise/airflow/airflow_env/lib/python3.12/site-packages/airflow/example_dags/example_sensor_decorator.py for tasks to queue
[2024-11-18T20:46:37.532+0500] {logging_mixin.py:190} INFO - [2024-11-18T20:46:37.531+0500] {dagbag.py:588} INFO - Filling up the DagBag from /home/AtlasRise/airflow/airflow_env/lib/python3.12/site-packages/airflow/example_dags/example_sensor_decorator.py
[2024-11-18T20:46:37.545+0500] {processor.py:925} INFO - DAG(s) 'example_sensor_decorator' retrieved from /home/AtlasRise/airflow/airflow_env/lib/python3.12/site-packages/airflow/example_dags/example_sensor_decorator.py
[2024-11-18T20:46:37.569+0500] {logging_mixin.py:190} INFO - [2024-11-18T20:46:37.568+0500] {dag.py:3239} INFO - Sync 1 DAGs
[2024-11-18T20:46:37.590+0500] {logging_mixin.py:190} INFO - [2024-11-18T20:46:37.590+0500] {dag.py:4180} INFO - Setting next_dagrun for example_sensor_decorator to None, run_after=None
[2024-11-18T20:46:37.651+0500] {processor.py:208} INFO - Processing /home/AtlasRise/airflow/airflow_env/lib/python3.12/site-packages/airflow/example_dags/example_sensor_decorator.py took 0.134 seconds
[2024-11-18T20:47:46.994+0500] {processor.py:186} INFO - Started process (PID=19712) to work on /home/AtlasRise/airflow/airflow_env/lib/python3.12/site-packages/airflow/example_dags/example_sensor_decorator.py
[2024-11-18T20:47:46.996+0500] {processor.py:914} INFO - Processing file /home/AtlasRise/airflow/airflow_env/lib/python3.12/site-packages/airflow/example_dags/example_sensor_decorator.py for tasks to queue
[2024-11-18T20:47:46.999+0500] {logging_mixin.py:190} INFO - [2024-11-18T20:47:46.998+0500] {dagbag.py:588} INFO - Filling up the DagBag from /home/AtlasRise/airflow/airflow_env/lib/python3.12/site-packages/airflow/example_dags/example_sensor_decorator.py
[2024-11-18T20:47:47.012+0500] {processor.py:925} INFO - DAG(s) 'example_sensor_decorator' retrieved from /home/AtlasRise/airflow/airflow_env/lib/python3.12/site-packages/airflow/example_dags/example_sensor_decorator.py
[2024-11-18T20:47:47.036+0500] {logging_mixin.py:190} INFO - [2024-11-18T20:47:47.035+0500] {dag.py:3239} INFO - Sync 1 DAGs
[2024-11-18T20:47:47.057+0500] {logging_mixin.py:190} INFO - [2024-11-18T20:47:47.057+0500] {dag.py:4180} INFO - Setting next_dagrun for example_sensor_decorator to None, run_after=None
[2024-11-18T20:47:47.092+0500] {processor.py:208} INFO - Processing /home/AtlasRise/airflow/airflow_env/lib/python3.12/site-packages/airflow/example_dags/example_sensor_decorator.py took 0.106 seconds
[2024-11-18T20:48:51.074+0500] {processor.py:186} INFO - Started process (PID=19805) to work on /home/AtlasRise/airflow/airflow_env/lib/python3.12/site-packages/airflow/example_dags/example_sensor_decorator.py
[2024-11-18T20:48:51.077+0500] {processor.py:914} INFO - Processing file /home/AtlasRise/airflow/airflow_env/lib/python3.12/site-packages/airflow/example_dags/example_sensor_decorator.py for tasks to queue
[2024-11-18T20:48:51.080+0500] {logging_mixin.py:190} INFO - [2024-11-18T20:48:51.079+0500] {dagbag.py:588} INFO - Filling up the DagBag from /home/AtlasRise/airflow/airflow_env/lib/python3.12/site-packages/airflow/example_dags/example_sensor_decorator.py
[2024-11-18T20:48:51.093+0500] {processor.py:925} INFO - DAG(s) 'example_sensor_decorator' retrieved from /home/AtlasRise/airflow/airflow_env/lib/python3.12/site-packages/airflow/example_dags/example_sensor_decorator.py
[2024-11-18T20:48:51.118+0500] {logging_mixin.py:190} INFO - [2024-11-18T20:48:51.117+0500] {dag.py:3239} INFO - Sync 1 DAGs
[2024-11-18T20:48:51.139+0500] {logging_mixin.py:190} INFO - [2024-11-18T20:48:51.139+0500] {dag.py:4180} INFO - Setting next_dagrun for example_sensor_decorator to None, run_after=None
[2024-11-18T20:48:51.173+0500] {processor.py:208} INFO - Processing /home/AtlasRise/airflow/airflow_env/lib/python3.12/site-packages/airflow/example_dags/example_sensor_decorator.py took 0.107 seconds
[2024-11-18T20:49:59.830+0500] {processor.py:186} INFO - Started process (PID=19882) to work on /home/AtlasRise/airflow/airflow_env/lib/python3.12/site-packages/airflow/example_dags/example_sensor_decorator.py
[2024-11-18T20:49:59.831+0500] {processor.py:914} INFO - Processing file /home/AtlasRise/airflow/airflow_env/lib/python3.12/site-packages/airflow/example_dags/example_sensor_decorator.py for tasks to queue
[2024-11-18T20:49:59.834+0500] {logging_mixin.py:190} INFO - [2024-11-18T20:49:59.834+0500] {dagbag.py:588} INFO - Filling up the DagBag from /home/AtlasRise/airflow/airflow_env/lib/python3.12/site-packages/airflow/example_dags/example_sensor_decorator.py
[2024-11-18T20:49:59.847+0500] {processor.py:925} INFO - DAG(s) 'example_sensor_decorator' retrieved from /home/AtlasRise/airflow/airflow_env/lib/python3.12/site-packages/airflow/example_dags/example_sensor_decorator.py
[2024-11-18T20:49:59.870+0500] {logging_mixin.py:190} INFO - [2024-11-18T20:49:59.870+0500] {dag.py:3239} INFO - Sync 1 DAGs
[2024-11-18T20:49:59.891+0500] {logging_mixin.py:190} INFO - [2024-11-18T20:49:59.891+0500] {dag.py:4180} INFO - Setting next_dagrun for example_sensor_decorator to None, run_after=None
[2024-11-18T20:49:59.926+0500] {processor.py:208} INFO - Processing /home/AtlasRise/airflow/airflow_env/lib/python3.12/site-packages/airflow/example_dags/example_sensor_decorator.py took 0.105 seconds
[2024-11-18T20:51:11.515+0500] {processor.py:186} INFO - Started process (PID=19952) to work on /home/AtlasRise/airflow/airflow_env/lib/python3.12/site-packages/airflow/example_dags/example_sensor_decorator.py
[2024-11-18T20:51:11.516+0500] {processor.py:914} INFO - Processing file /home/AtlasRise/airflow/airflow_env/lib/python3.12/site-packages/airflow/example_dags/example_sensor_decorator.py for tasks to queue
[2024-11-18T20:51:11.519+0500] {logging_mixin.py:190} INFO - [2024-11-18T20:51:11.519+0500] {dagbag.py:588} INFO - Filling up the DagBag from /home/AtlasRise/airflow/airflow_env/lib/python3.12/site-packages/airflow/example_dags/example_sensor_decorator.py
[2024-11-18T20:51:11.531+0500] {processor.py:925} INFO - DAG(s) 'example_sensor_decorator' retrieved from /home/AtlasRise/airflow/airflow_env/lib/python3.12/site-packages/airflow/example_dags/example_sensor_decorator.py
[2024-11-18T20:51:11.554+0500] {logging_mixin.py:190} INFO - [2024-11-18T20:51:11.554+0500] {dag.py:3239} INFO - Sync 1 DAGs
[2024-11-18T20:51:11.575+0500] {logging_mixin.py:190} INFO - [2024-11-18T20:51:11.574+0500] {dag.py:4180} INFO - Setting next_dagrun for example_sensor_decorator to None, run_after=None
[2024-11-18T20:51:11.607+0500] {processor.py:208} INFO - Processing /home/AtlasRise/airflow/airflow_env/lib/python3.12/site-packages/airflow/example_dags/example_sensor_decorator.py took 0.100 seconds
[2024-11-18T20:52:23.098+0500] {processor.py:186} INFO - Started process (PID=20038) to work on /home/AtlasRise/airflow/airflow_env/lib/python3.12/site-packages/airflow/example_dags/example_sensor_decorator.py
[2024-11-18T20:52:23.100+0500] {processor.py:914} INFO - Processing file /home/AtlasRise/airflow/airflow_env/lib/python3.12/site-packages/airflow/example_dags/example_sensor_decorator.py for tasks to queue
[2024-11-18T20:52:23.103+0500] {logging_mixin.py:190} INFO - [2024-11-18T20:52:23.102+0500] {dagbag.py:588} INFO - Filling up the DagBag from /home/AtlasRise/airflow/airflow_env/lib/python3.12/site-packages/airflow/example_dags/example_sensor_decorator.py
[2024-11-18T20:52:23.116+0500] {processor.py:925} INFO - DAG(s) 'example_sensor_decorator' retrieved from /home/AtlasRise/airflow/airflow_env/lib/python3.12/site-packages/airflow/example_dags/example_sensor_decorator.py
[2024-11-18T20:52:23.139+0500] {logging_mixin.py:190} INFO - [2024-11-18T20:52:23.138+0500] {dag.py:3239} INFO - Sync 1 DAGs
[2024-11-18T20:52:23.161+0500] {logging_mixin.py:190} INFO - [2024-11-18T20:52:23.160+0500] {dag.py:4180} INFO - Setting next_dagrun for example_sensor_decorator to None, run_after=None
[2024-11-18T20:52:23.197+0500] {processor.py:208} INFO - Processing /home/AtlasRise/airflow/airflow_env/lib/python3.12/site-packages/airflow/example_dags/example_sensor_decorator.py took 0.107 seconds
[2024-11-18T20:53:29.865+0500] {processor.py:186} INFO - Started process (PID=20111) to work on /home/AtlasRise/airflow/airflow_env/lib/python3.12/site-packages/airflow/example_dags/example_sensor_decorator.py
[2024-11-18T20:53:29.867+0500] {processor.py:914} INFO - Processing file /home/AtlasRise/airflow/airflow_env/lib/python3.12/site-packages/airflow/example_dags/example_sensor_decorator.py for tasks to queue
[2024-11-18T20:53:29.870+0500] {logging_mixin.py:190} INFO - [2024-11-18T20:53:29.869+0500] {dagbag.py:588} INFO - Filling up the DagBag from /home/AtlasRise/airflow/airflow_env/lib/python3.12/site-packages/airflow/example_dags/example_sensor_decorator.py
[2024-11-18T20:53:29.883+0500] {processor.py:925} INFO - DAG(s) 'example_sensor_decorator' retrieved from /home/AtlasRise/airflow/airflow_env/lib/python3.12/site-packages/airflow/example_dags/example_sensor_decorator.py
[2024-11-18T20:53:29.905+0500] {logging_mixin.py:190} INFO - [2024-11-18T20:53:29.905+0500] {dag.py:3239} INFO - Sync 1 DAGs
[2024-11-18T20:53:29.926+0500] {logging_mixin.py:190} INFO - [2024-11-18T20:53:29.925+0500] {dag.py:4180} INFO - Setting next_dagrun for example_sensor_decorator to None, run_after=None
[2024-11-18T20:53:29.961+0500] {processor.py:208} INFO - Processing /home/AtlasRise/airflow/airflow_env/lib/python3.12/site-packages/airflow/example_dags/example_sensor_decorator.py took 0.105 seconds
[2024-11-18T20:54:46.060+0500] {processor.py:186} INFO - Started process (PID=20207) to work on /home/AtlasRise/airflow/airflow_env/lib/python3.12/site-packages/airflow/example_dags/example_sensor_decorator.py
[2024-11-18T20:54:46.063+0500] {processor.py:914} INFO - Processing file /home/AtlasRise/airflow/airflow_env/lib/python3.12/site-packages/airflow/example_dags/example_sensor_decorator.py for tasks to queue
[2024-11-18T20:54:46.066+0500] {logging_mixin.py:190} INFO - [2024-11-18T20:54:46.065+0500] {dagbag.py:588} INFO - Filling up the DagBag from /home/AtlasRise/airflow/airflow_env/lib/python3.12/site-packages/airflow/example_dags/example_sensor_decorator.py
[2024-11-18T20:54:46.080+0500] {processor.py:925} INFO - DAG(s) 'example_sensor_decorator' retrieved from /home/AtlasRise/airflow/airflow_env/lib/python3.12/site-packages/airflow/example_dags/example_sensor_decorator.py
[2024-11-18T20:54:46.103+0500] {logging_mixin.py:190} INFO - [2024-11-18T20:54:46.102+0500] {dag.py:3239} INFO - Sync 1 DAGs
[2024-11-18T20:54:46.124+0500] {logging_mixin.py:190} INFO - [2024-11-18T20:54:46.124+0500] {dag.py:4180} INFO - Setting next_dagrun for example_sensor_decorator to None, run_after=None
[2024-11-18T20:54:46.158+0500] {processor.py:208} INFO - Processing /home/AtlasRise/airflow/airflow_env/lib/python3.12/site-packages/airflow/example_dags/example_sensor_decorator.py took 0.106 seconds
[2024-11-18T20:56:11.779+0500] {processor.py:186} INFO - Started process (PID=20294) to work on /home/AtlasRise/airflow/airflow_env/lib/python3.12/site-packages/airflow/example_dags/example_sensor_decorator.py
[2024-11-18T20:56:11.782+0500] {processor.py:914} INFO - Processing file /home/AtlasRise/airflow/airflow_env/lib/python3.12/site-packages/airflow/example_dags/example_sensor_decorator.py for tasks to queue
[2024-11-18T20:56:11.785+0500] {logging_mixin.py:190} INFO - [2024-11-18T20:56:11.784+0500] {dagbag.py:588} INFO - Filling up the DagBag from /home/AtlasRise/airflow/airflow_env/lib/python3.12/site-packages/airflow/example_dags/example_sensor_decorator.py
[2024-11-18T20:56:11.798+0500] {processor.py:925} INFO - DAG(s) 'example_sensor_decorator' retrieved from /home/AtlasRise/airflow/airflow_env/lib/python3.12/site-packages/airflow/example_dags/example_sensor_decorator.py
[2024-11-18T20:56:11.821+0500] {logging_mixin.py:190} INFO - [2024-11-18T20:56:11.820+0500] {dag.py:3239} INFO - Sync 1 DAGs
[2024-11-18T20:56:11.841+0500] {logging_mixin.py:190} INFO - [2024-11-18T20:56:11.841+0500] {dag.py:4180} INFO - Setting next_dagrun for example_sensor_decorator to None, run_after=None
[2024-11-18T20:56:11.874+0500] {processor.py:208} INFO - Processing /home/AtlasRise/airflow/airflow_env/lib/python3.12/site-packages/airflow/example_dags/example_sensor_decorator.py took 0.103 seconds
[2024-11-18T20:57:24.964+0500] {processor.py:186} INFO - Started process (PID=20380) to work on /home/AtlasRise/airflow/airflow_env/lib/python3.12/site-packages/airflow/example_dags/example_sensor_decorator.py
[2024-11-18T20:57:24.967+0500] {processor.py:914} INFO - Processing file /home/AtlasRise/airflow/airflow_env/lib/python3.12/site-packages/airflow/example_dags/example_sensor_decorator.py for tasks to queue
[2024-11-18T20:57:24.970+0500] {logging_mixin.py:190} INFO - [2024-11-18T20:57:24.970+0500] {dagbag.py:588} INFO - Filling up the DagBag from /home/AtlasRise/airflow/airflow_env/lib/python3.12/site-packages/airflow/example_dags/example_sensor_decorator.py
[2024-11-18T20:57:24.983+0500] {processor.py:925} INFO - DAG(s) 'example_sensor_decorator' retrieved from /home/AtlasRise/airflow/airflow_env/lib/python3.12/site-packages/airflow/example_dags/example_sensor_decorator.py
[2024-11-18T20:57:25.007+0500] {logging_mixin.py:190} INFO - [2024-11-18T20:57:25.006+0500] {dag.py:3239} INFO - Sync 1 DAGs
[2024-11-18T20:57:25.027+0500] {logging_mixin.py:190} INFO - [2024-11-18T20:57:25.027+0500] {dag.py:4180} INFO - Setting next_dagrun for example_sensor_decorator to None, run_after=None
[2024-11-18T20:57:25.060+0500] {processor.py:208} INFO - Processing /home/AtlasRise/airflow/airflow_env/lib/python3.12/site-packages/airflow/example_dags/example_sensor_decorator.py took 0.105 seconds
[2024-11-18T20:58:36.299+0500] {processor.py:186} INFO - Started process (PID=20471) to work on /home/AtlasRise/airflow/airflow_env/lib/python3.12/site-packages/airflow/example_dags/example_sensor_decorator.py
[2024-11-18T20:58:36.302+0500] {processor.py:914} INFO - Processing file /home/AtlasRise/airflow/airflow_env/lib/python3.12/site-packages/airflow/example_dags/example_sensor_decorator.py for tasks to queue
[2024-11-18T20:58:36.306+0500] {logging_mixin.py:190} INFO - [2024-11-18T20:58:36.305+0500] {dagbag.py:588} INFO - Filling up the DagBag from /home/AtlasRise/airflow/airflow_env/lib/python3.12/site-packages/airflow/example_dags/example_sensor_decorator.py
[2024-11-18T20:58:36.318+0500] {processor.py:925} INFO - DAG(s) 'example_sensor_decorator' retrieved from /home/AtlasRise/airflow/airflow_env/lib/python3.12/site-packages/airflow/example_dags/example_sensor_decorator.py
[2024-11-18T20:58:36.342+0500] {logging_mixin.py:190} INFO - [2024-11-18T20:58:36.341+0500] {dag.py:3239} INFO - Sync 1 DAGs
[2024-11-18T20:58:36.363+0500] {logging_mixin.py:190} INFO - [2024-11-18T20:58:36.362+0500] {dag.py:4180} INFO - Setting next_dagrun for example_sensor_decorator to None, run_after=None
[2024-11-18T20:58:36.396+0500] {processor.py:208} INFO - Processing /home/AtlasRise/airflow/airflow_env/lib/python3.12/site-packages/airflow/example_dags/example_sensor_decorator.py took 0.104 seconds
[2024-11-18T20:59:49.365+0500] {processor.py:186} INFO - Started process (PID=20549) to work on /home/AtlasRise/airflow/airflow_env/lib/python3.12/site-packages/airflow/example_dags/example_sensor_decorator.py
[2024-11-18T20:59:49.367+0500] {processor.py:914} INFO - Processing file /home/AtlasRise/airflow/airflow_env/lib/python3.12/site-packages/airflow/example_dags/example_sensor_decorator.py for tasks to queue
[2024-11-18T20:59:49.370+0500] {logging_mixin.py:190} INFO - [2024-11-18T20:59:49.370+0500] {dagbag.py:588} INFO - Filling up the DagBag from /home/AtlasRise/airflow/airflow_env/lib/python3.12/site-packages/airflow/example_dags/example_sensor_decorator.py
[2024-11-18T20:59:49.383+0500] {processor.py:925} INFO - DAG(s) 'example_sensor_decorator' retrieved from /home/AtlasRise/airflow/airflow_env/lib/python3.12/site-packages/airflow/example_dags/example_sensor_decorator.py
[2024-11-18T20:59:49.407+0500] {logging_mixin.py:190} INFO - [2024-11-18T20:59:49.407+0500] {dag.py:3239} INFO - Sync 1 DAGs
[2024-11-18T20:59:49.429+0500] {logging_mixin.py:190} INFO - [2024-11-18T20:59:49.429+0500] {dag.py:4180} INFO - Setting next_dagrun for example_sensor_decorator to None, run_after=None
[2024-11-18T20:59:49.463+0500] {processor.py:208} INFO - Processing /home/AtlasRise/airflow/airflow_env/lib/python3.12/site-packages/airflow/example_dags/example_sensor_decorator.py took 0.107 seconds
[2024-11-18T21:00:56.760+0500] {processor.py:186} INFO - Started process (PID=20630) to work on /home/AtlasRise/airflow/airflow_env/lib/python3.12/site-packages/airflow/example_dags/example_sensor_decorator.py
[2024-11-18T21:00:56.761+0500] {processor.py:914} INFO - Processing file /home/AtlasRise/airflow/airflow_env/lib/python3.12/site-packages/airflow/example_dags/example_sensor_decorator.py for tasks to queue
[2024-11-18T21:00:56.764+0500] {logging_mixin.py:190} INFO - [2024-11-18T21:00:56.764+0500] {dagbag.py:588} INFO - Filling up the DagBag from /home/AtlasRise/airflow/airflow_env/lib/python3.12/site-packages/airflow/example_dags/example_sensor_decorator.py
[2024-11-18T21:00:56.777+0500] {processor.py:925} INFO - DAG(s) 'example_sensor_decorator' retrieved from /home/AtlasRise/airflow/airflow_env/lib/python3.12/site-packages/airflow/example_dags/example_sensor_decorator.py
[2024-11-18T21:00:56.800+0500] {logging_mixin.py:190} INFO - [2024-11-18T21:00:56.799+0500] {dag.py:3239} INFO - Sync 1 DAGs
[2024-11-18T21:00:56.820+0500] {logging_mixin.py:190} INFO - [2024-11-18T21:00:56.820+0500] {dag.py:4180} INFO - Setting next_dagrun for example_sensor_decorator to None, run_after=None
[2024-11-18T21:00:56.853+0500] {processor.py:208} INFO - Processing /home/AtlasRise/airflow/airflow_env/lib/python3.12/site-packages/airflow/example_dags/example_sensor_decorator.py took 0.101 seconds
[2024-11-18T21:02:03.022+0500] {processor.py:186} INFO - Started process (PID=20703) to work on /home/AtlasRise/airflow/airflow_env/lib/python3.12/site-packages/airflow/example_dags/example_sensor_decorator.py
[2024-11-18T21:02:03.023+0500] {processor.py:914} INFO - Processing file /home/AtlasRise/airflow/airflow_env/lib/python3.12/site-packages/airflow/example_dags/example_sensor_decorator.py for tasks to queue
[2024-11-18T21:02:03.026+0500] {logging_mixin.py:190} INFO - [2024-11-18T21:02:03.026+0500] {dagbag.py:588} INFO - Filling up the DagBag from /home/AtlasRise/airflow/airflow_env/lib/python3.12/site-packages/airflow/example_dags/example_sensor_decorator.py
[2024-11-18T21:02:03.038+0500] {processor.py:925} INFO - DAG(s) 'example_sensor_decorator' retrieved from /home/AtlasRise/airflow/airflow_env/lib/python3.12/site-packages/airflow/example_dags/example_sensor_decorator.py
[2024-11-18T21:02:03.061+0500] {logging_mixin.py:190} INFO - [2024-11-18T21:02:03.061+0500] {dag.py:3239} INFO - Sync 1 DAGs
[2024-11-18T21:02:03.082+0500] {logging_mixin.py:190} INFO - [2024-11-18T21:02:03.082+0500] {dag.py:4180} INFO - Setting next_dagrun for example_sensor_decorator to None, run_after=None
[2024-11-18T21:02:03.115+0500] {processor.py:208} INFO - Processing /home/AtlasRise/airflow/airflow_env/lib/python3.12/site-packages/airflow/example_dags/example_sensor_decorator.py took 0.101 seconds
[2024-11-18T21:03:17.006+0500] {processor.py:186} INFO - Started process (PID=20778) to work on /home/AtlasRise/airflow/airflow_env/lib/python3.12/site-packages/airflow/example_dags/example_sensor_decorator.py
[2024-11-18T21:03:17.009+0500] {processor.py:914} INFO - Processing file /home/AtlasRise/airflow/airflow_env/lib/python3.12/site-packages/airflow/example_dags/example_sensor_decorator.py for tasks to queue
[2024-11-18T21:03:17.012+0500] {logging_mixin.py:190} INFO - [2024-11-18T21:03:17.012+0500] {dagbag.py:588} INFO - Filling up the DagBag from /home/AtlasRise/airflow/airflow_env/lib/python3.12/site-packages/airflow/example_dags/example_sensor_decorator.py
[2024-11-18T21:03:17.026+0500] {processor.py:925} INFO - DAG(s) 'example_sensor_decorator' retrieved from /home/AtlasRise/airflow/airflow_env/lib/python3.12/site-packages/airflow/example_dags/example_sensor_decorator.py
[2024-11-18T21:03:17.053+0500] {logging_mixin.py:190} INFO - [2024-11-18T21:03:17.053+0500] {dag.py:3239} INFO - Sync 1 DAGs
[2024-11-18T21:03:17.075+0500] {logging_mixin.py:190} INFO - [2024-11-18T21:03:17.075+0500] {dag.py:4180} INFO - Setting next_dagrun for example_sensor_decorator to None, run_after=None
[2024-11-18T21:03:17.117+0500] {processor.py:208} INFO - Processing /home/AtlasRise/airflow/airflow_env/lib/python3.12/site-packages/airflow/example_dags/example_sensor_decorator.py took 0.119 seconds
[2024-11-18T21:04:22.885+0500] {processor.py:186} INFO - Started process (PID=20865) to work on /home/AtlasRise/airflow/airflow_env/lib/python3.12/site-packages/airflow/example_dags/example_sensor_decorator.py
[2024-11-18T21:04:22.886+0500] {processor.py:914} INFO - Processing file /home/AtlasRise/airflow/airflow_env/lib/python3.12/site-packages/airflow/example_dags/example_sensor_decorator.py for tasks to queue
[2024-11-18T21:04:22.889+0500] {logging_mixin.py:190} INFO - [2024-11-18T21:04:22.889+0500] {dagbag.py:588} INFO - Filling up the DagBag from /home/AtlasRise/airflow/airflow_env/lib/python3.12/site-packages/airflow/example_dags/example_sensor_decorator.py
[2024-11-18T21:04:22.901+0500] {processor.py:925} INFO - DAG(s) 'example_sensor_decorator' retrieved from /home/AtlasRise/airflow/airflow_env/lib/python3.12/site-packages/airflow/example_dags/example_sensor_decorator.py
[2024-11-18T21:04:22.924+0500] {logging_mixin.py:190} INFO - [2024-11-18T21:04:22.924+0500] {dag.py:3239} INFO - Sync 1 DAGs
[2024-11-18T21:04:22.946+0500] {logging_mixin.py:190} INFO - [2024-11-18T21:04:22.946+0500] {dag.py:4180} INFO - Setting next_dagrun for example_sensor_decorator to None, run_after=None
[2024-11-18T21:04:22.981+0500] {processor.py:208} INFO - Processing /home/AtlasRise/airflow/airflow_env/lib/python3.12/site-packages/airflow/example_dags/example_sensor_decorator.py took 0.104 seconds
[2024-11-18T21:05:29.496+0500] {processor.py:186} INFO - Started process (PID=20949) to work on /home/AtlasRise/airflow/airflow_env/lib/python3.12/site-packages/airflow/example_dags/example_sensor_decorator.py
[2024-11-18T21:05:29.500+0500] {processor.py:914} INFO - Processing file /home/AtlasRise/airflow/airflow_env/lib/python3.12/site-packages/airflow/example_dags/example_sensor_decorator.py for tasks to queue
[2024-11-18T21:05:29.503+0500] {logging_mixin.py:190} INFO - [2024-11-18T21:05:29.502+0500] {dagbag.py:588} INFO - Filling up the DagBag from /home/AtlasRise/airflow/airflow_env/lib/python3.12/site-packages/airflow/example_dags/example_sensor_decorator.py
[2024-11-18T21:05:29.517+0500] {processor.py:925} INFO - DAG(s) 'example_sensor_decorator' retrieved from /home/AtlasRise/airflow/airflow_env/lib/python3.12/site-packages/airflow/example_dags/example_sensor_decorator.py
[2024-11-18T21:05:29.543+0500] {logging_mixin.py:190} INFO - [2024-11-18T21:05:29.543+0500] {dag.py:3239} INFO - Sync 1 DAGs
[2024-11-18T21:05:29.565+0500] {logging_mixin.py:190} INFO - [2024-11-18T21:05:29.564+0500] {dag.py:4180} INFO - Setting next_dagrun for example_sensor_decorator to None, run_after=None
[2024-11-18T21:05:29.605+0500] {processor.py:208} INFO - Processing /home/AtlasRise/airflow/airflow_env/lib/python3.12/site-packages/airflow/example_dags/example_sensor_decorator.py took 0.117 seconds
[2024-11-18T21:06:42.182+0500] {processor.py:186} INFO - Started process (PID=21051) to work on /home/AtlasRise/airflow/airflow_env/lib/python3.12/site-packages/airflow/example_dags/example_sensor_decorator.py
[2024-11-18T21:06:42.184+0500] {processor.py:914} INFO - Processing file /home/AtlasRise/airflow/airflow_env/lib/python3.12/site-packages/airflow/example_dags/example_sensor_decorator.py for tasks to queue
[2024-11-18T21:06:42.187+0500] {logging_mixin.py:190} INFO - [2024-11-18T21:06:42.186+0500] {dagbag.py:588} INFO - Filling up the DagBag from /home/AtlasRise/airflow/airflow_env/lib/python3.12/site-packages/airflow/example_dags/example_sensor_decorator.py
[2024-11-18T21:06:42.200+0500] {processor.py:925} INFO - DAG(s) 'example_sensor_decorator' retrieved from /home/AtlasRise/airflow/airflow_env/lib/python3.12/site-packages/airflow/example_dags/example_sensor_decorator.py
[2024-11-18T21:06:42.222+0500] {logging_mixin.py:190} INFO - [2024-11-18T21:06:42.221+0500] {dag.py:3239} INFO - Sync 1 DAGs
[2024-11-18T21:06:42.242+0500] {logging_mixin.py:190} INFO - [2024-11-18T21:06:42.242+0500] {dag.py:4180} INFO - Setting next_dagrun for example_sensor_decorator to None, run_after=None
[2024-11-18T21:06:42.276+0500] {processor.py:208} INFO - Processing /home/AtlasRise/airflow/airflow_env/lib/python3.12/site-packages/airflow/example_dags/example_sensor_decorator.py took 0.102 seconds
[2024-11-18T21:07:58.403+0500] {processor.py:186} INFO - Started process (PID=21134) to work on /home/AtlasRise/airflow/airflow_env/lib/python3.12/site-packages/airflow/example_dags/example_sensor_decorator.py
[2024-11-18T21:07:58.405+0500] {processor.py:914} INFO - Processing file /home/AtlasRise/airflow/airflow_env/lib/python3.12/site-packages/airflow/example_dags/example_sensor_decorator.py for tasks to queue
[2024-11-18T21:07:58.408+0500] {logging_mixin.py:190} INFO - [2024-11-18T21:07:58.407+0500] {dagbag.py:588} INFO - Filling up the DagBag from /home/AtlasRise/airflow/airflow_env/lib/python3.12/site-packages/airflow/example_dags/example_sensor_decorator.py
[2024-11-18T21:07:58.420+0500] {processor.py:925} INFO - DAG(s) 'example_sensor_decorator' retrieved from /home/AtlasRise/airflow/airflow_env/lib/python3.12/site-packages/airflow/example_dags/example_sensor_decorator.py
[2024-11-18T21:07:58.442+0500] {logging_mixin.py:190} INFO - [2024-11-18T21:07:58.442+0500] {dag.py:3239} INFO - Sync 1 DAGs
[2024-11-18T21:07:58.463+0500] {logging_mixin.py:190} INFO - [2024-11-18T21:07:58.462+0500] {dag.py:4180} INFO - Setting next_dagrun for example_sensor_decorator to None, run_after=None
[2024-11-18T21:07:58.495+0500] {processor.py:208} INFO - Processing /home/AtlasRise/airflow/airflow_env/lib/python3.12/site-packages/airflow/example_dags/example_sensor_decorator.py took 0.100 seconds
[2024-11-18T21:09:04.026+0500] {processor.py:186} INFO - Started process (PID=21214) to work on /home/AtlasRise/airflow/airflow_env/lib/python3.12/site-packages/airflow/example_dags/example_sensor_decorator.py
[2024-11-18T21:09:04.028+0500] {processor.py:914} INFO - Processing file /home/AtlasRise/airflow/airflow_env/lib/python3.12/site-packages/airflow/example_dags/example_sensor_decorator.py for tasks to queue
[2024-11-18T21:09:04.031+0500] {logging_mixin.py:190} INFO - [2024-11-18T21:09:04.031+0500] {dagbag.py:588} INFO - Filling up the DagBag from /home/AtlasRise/airflow/airflow_env/lib/python3.12/site-packages/airflow/example_dags/example_sensor_decorator.py
[2024-11-18T21:09:04.044+0500] {processor.py:925} INFO - DAG(s) 'example_sensor_decorator' retrieved from /home/AtlasRise/airflow/airflow_env/lib/python3.12/site-packages/airflow/example_dags/example_sensor_decorator.py
[2024-11-18T21:09:04.066+0500] {logging_mixin.py:190} INFO - [2024-11-18T21:09:04.065+0500] {dag.py:3239} INFO - Sync 1 DAGs
[2024-11-18T21:09:04.086+0500] {logging_mixin.py:190} INFO - [2024-11-18T21:09:04.086+0500] {dag.py:4180} INFO - Setting next_dagrun for example_sensor_decorator to None, run_after=None
[2024-11-18T21:09:04.118+0500] {processor.py:208} INFO - Processing /home/AtlasRise/airflow/airflow_env/lib/python3.12/site-packages/airflow/example_dags/example_sensor_decorator.py took 0.101 seconds
[2024-11-18T21:10:14.986+0500] {processor.py:186} INFO - Started process (PID=21313) to work on /home/AtlasRise/airflow/airflow_env/lib/python3.12/site-packages/airflow/example_dags/example_sensor_decorator.py
[2024-11-18T21:10:14.988+0500] {processor.py:914} INFO - Processing file /home/AtlasRise/airflow/airflow_env/lib/python3.12/site-packages/airflow/example_dags/example_sensor_decorator.py for tasks to queue
[2024-11-18T21:10:14.991+0500] {logging_mixin.py:190} INFO - [2024-11-18T21:10:14.990+0500] {dagbag.py:588} INFO - Filling up the DagBag from /home/AtlasRise/airflow/airflow_env/lib/python3.12/site-packages/airflow/example_dags/example_sensor_decorator.py
[2024-11-18T21:10:15.003+0500] {processor.py:925} INFO - DAG(s) 'example_sensor_decorator' retrieved from /home/AtlasRise/airflow/airflow_env/lib/python3.12/site-packages/airflow/example_dags/example_sensor_decorator.py
[2024-11-18T21:10:15.026+0500] {logging_mixin.py:190} INFO - [2024-11-18T21:10:15.026+0500] {dag.py:3239} INFO - Sync 1 DAGs
[2024-11-18T21:10:15.047+0500] {logging_mixin.py:190} INFO - [2024-11-18T21:10:15.047+0500] {dag.py:4180} INFO - Setting next_dagrun for example_sensor_decorator to None, run_after=None
[2024-11-18T21:10:15.080+0500] {processor.py:208} INFO - Processing /home/AtlasRise/airflow/airflow_env/lib/python3.12/site-packages/airflow/example_dags/example_sensor_decorator.py took 0.103 seconds
[2024-11-18T21:11:29.808+0500] {processor.py:186} INFO - Started process (PID=21438) to work on /home/AtlasRise/airflow/airflow_env/lib/python3.12/site-packages/airflow/example_dags/example_sensor_decorator.py
[2024-11-18T21:11:29.811+0500] {processor.py:914} INFO - Processing file /home/AtlasRise/airflow/airflow_env/lib/python3.12/site-packages/airflow/example_dags/example_sensor_decorator.py for tasks to queue
[2024-11-18T21:11:29.814+0500] {logging_mixin.py:190} INFO - [2024-11-18T21:11:29.813+0500] {dagbag.py:588} INFO - Filling up the DagBag from /home/AtlasRise/airflow/airflow_env/lib/python3.12/site-packages/airflow/example_dags/example_sensor_decorator.py
[2024-11-18T21:11:29.826+0500] {processor.py:925} INFO - DAG(s) 'example_sensor_decorator' retrieved from /home/AtlasRise/airflow/airflow_env/lib/python3.12/site-packages/airflow/example_dags/example_sensor_decorator.py
[2024-11-18T21:11:29.848+0500] {logging_mixin.py:190} INFO - [2024-11-18T21:11:29.848+0500] {dag.py:3239} INFO - Sync 1 DAGs
[2024-11-18T21:11:29.870+0500] {logging_mixin.py:190} INFO - [2024-11-18T21:11:29.869+0500] {dag.py:4180} INFO - Setting next_dagrun for example_sensor_decorator to None, run_after=None
[2024-11-18T21:11:29.904+0500] {processor.py:208} INFO - Processing /home/AtlasRise/airflow/airflow_env/lib/python3.12/site-packages/airflow/example_dags/example_sensor_decorator.py took 0.104 seconds
[2024-11-18T21:13:24.641+0500] {processor.py:186} INFO - Started process (PID=21583) to work on /home/AtlasRise/airflow/airflow_env/lib/python3.12/site-packages/airflow/example_dags/example_sensor_decorator.py
[2024-11-18T21:13:24.644+0500] {processor.py:914} INFO - Processing file /home/AtlasRise/airflow/airflow_env/lib/python3.12/site-packages/airflow/example_dags/example_sensor_decorator.py for tasks to queue
[2024-11-18T21:13:24.648+0500] {logging_mixin.py:190} INFO - [2024-11-18T21:13:24.647+0500] {dagbag.py:588} INFO - Filling up the DagBag from /home/AtlasRise/airflow/airflow_env/lib/python3.12/site-packages/airflow/example_dags/example_sensor_decorator.py
[2024-11-18T21:13:24.661+0500] {processor.py:925} INFO - DAG(s) 'example_sensor_decorator' retrieved from /home/AtlasRise/airflow/airflow_env/lib/python3.12/site-packages/airflow/example_dags/example_sensor_decorator.py
[2024-11-18T21:13:24.685+0500] {logging_mixin.py:190} INFO - [2024-11-18T21:13:24.684+0500] {dag.py:3239} INFO - Sync 1 DAGs
[2024-11-18T21:13:24.706+0500] {logging_mixin.py:190} INFO - [2024-11-18T21:13:24.706+0500] {dag.py:4180} INFO - Setting next_dagrun for example_sensor_decorator to None, run_after=None
[2024-11-18T21:13:24.745+0500] {processor.py:208} INFO - Processing /home/AtlasRise/airflow/airflow_env/lib/python3.12/site-packages/airflow/example_dags/example_sensor_decorator.py took 0.113 seconds
[2024-11-18T21:14:51.646+0500] {processor.py:186} INFO - Started process (PID=21701) to work on /home/AtlasRise/airflow/airflow_env/lib/python3.12/site-packages/airflow/example_dags/example_sensor_decorator.py
[2024-11-18T21:14:51.651+0500] {processor.py:914} INFO - Processing file /home/AtlasRise/airflow/airflow_env/lib/python3.12/site-packages/airflow/example_dags/example_sensor_decorator.py for tasks to queue
[2024-11-18T21:14:51.657+0500] {logging_mixin.py:190} INFO - [2024-11-18T21:14:51.656+0500] {dagbag.py:588} INFO - Filling up the DagBag from /home/AtlasRise/airflow/airflow_env/lib/python3.12/site-packages/airflow/example_dags/example_sensor_decorator.py
[2024-11-18T21:14:51.678+0500] {processor.py:925} INFO - DAG(s) 'example_sensor_decorator' retrieved from /home/AtlasRise/airflow/airflow_env/lib/python3.12/site-packages/airflow/example_dags/example_sensor_decorator.py
[2024-11-18T21:14:51.714+0500] {logging_mixin.py:190} INFO - [2024-11-18T21:14:51.714+0500] {dag.py:3239} INFO - Sync 1 DAGs
[2024-11-18T21:14:51.739+0500] {logging_mixin.py:190} INFO - [2024-11-18T21:14:51.738+0500] {dag.py:4180} INFO - Setting next_dagrun for example_sensor_decorator to None, run_after=None
[2024-11-18T21:14:51.772+0500] {processor.py:208} INFO - Processing /home/AtlasRise/airflow/airflow_env/lib/python3.12/site-packages/airflow/example_dags/example_sensor_decorator.py took 0.142 seconds
[2024-11-18T21:16:25.109+0500] {processor.py:186} INFO - Started process (PID=21821) to work on /home/AtlasRise/airflow/airflow_env/lib/python3.12/site-packages/airflow/example_dags/example_sensor_decorator.py
[2024-11-18T21:16:25.110+0500] {processor.py:914} INFO - Processing file /home/AtlasRise/airflow/airflow_env/lib/python3.12/site-packages/airflow/example_dags/example_sensor_decorator.py for tasks to queue
[2024-11-18T21:16:25.114+0500] {logging_mixin.py:190} INFO - [2024-11-18T21:16:25.113+0500] {dagbag.py:588} INFO - Filling up the DagBag from /home/AtlasRise/airflow/airflow_env/lib/python3.12/site-packages/airflow/example_dags/example_sensor_decorator.py
[2024-11-18T21:16:25.132+0500] {processor.py:925} INFO - DAG(s) 'example_sensor_decorator' retrieved from /home/AtlasRise/airflow/airflow_env/lib/python3.12/site-packages/airflow/example_dags/example_sensor_decorator.py
[2024-11-18T21:16:25.162+0500] {logging_mixin.py:190} INFO - [2024-11-18T21:16:25.162+0500] {dag.py:3239} INFO - Sync 1 DAGs
[2024-11-18T21:16:25.201+0500] {logging_mixin.py:190} INFO - [2024-11-18T21:16:25.201+0500] {dag.py:4180} INFO - Setting next_dagrun for example_sensor_decorator to None, run_after=None
[2024-11-18T21:16:25.283+0500] {processor.py:208} INFO - Processing /home/AtlasRise/airflow/airflow_env/lib/python3.12/site-packages/airflow/example_dags/example_sensor_decorator.py took 0.182 seconds
[2024-11-18T21:18:11.315+0500] {processor.py:186} INFO - Started process (PID=21981) to work on /home/AtlasRise/airflow/airflow_env/lib/python3.12/site-packages/airflow/example_dags/example_sensor_decorator.py
[2024-11-18T21:18:11.316+0500] {processor.py:914} INFO - Processing file /home/AtlasRise/airflow/airflow_env/lib/python3.12/site-packages/airflow/example_dags/example_sensor_decorator.py for tasks to queue
[2024-11-18T21:18:11.319+0500] {logging_mixin.py:190} INFO - [2024-11-18T21:18:11.319+0500] {dagbag.py:588} INFO - Filling up the DagBag from /home/AtlasRise/airflow/airflow_env/lib/python3.12/site-packages/airflow/example_dags/example_sensor_decorator.py
[2024-11-18T21:18:11.332+0500] {processor.py:925} INFO - DAG(s) 'example_sensor_decorator' retrieved from /home/AtlasRise/airflow/airflow_env/lib/python3.12/site-packages/airflow/example_dags/example_sensor_decorator.py
[2024-11-18T21:18:11.355+0500] {logging_mixin.py:190} INFO - [2024-11-18T21:18:11.354+0500] {dag.py:3239} INFO - Sync 1 DAGs
[2024-11-18T21:18:11.376+0500] {logging_mixin.py:190} INFO - [2024-11-18T21:18:11.375+0500] {dag.py:4180} INFO - Setting next_dagrun for example_sensor_decorator to None, run_after=None
[2024-11-18T21:18:11.408+0500] {processor.py:208} INFO - Processing /home/AtlasRise/airflow/airflow_env/lib/python3.12/site-packages/airflow/example_dags/example_sensor_decorator.py took 0.102 seconds
[2024-11-18T21:19:18.501+0500] {processor.py:186} INFO - Started process (PID=22085) to work on /home/AtlasRise/airflow/airflow_env/lib/python3.12/site-packages/airflow/example_dags/example_sensor_decorator.py
[2024-11-18T21:19:18.502+0500] {processor.py:914} INFO - Processing file /home/AtlasRise/airflow/airflow_env/lib/python3.12/site-packages/airflow/example_dags/example_sensor_decorator.py for tasks to queue
[2024-11-18T21:19:18.506+0500] {logging_mixin.py:190} INFO - [2024-11-18T21:19:18.505+0500] {dagbag.py:588} INFO - Filling up the DagBag from /home/AtlasRise/airflow/airflow_env/lib/python3.12/site-packages/airflow/example_dags/example_sensor_decorator.py
[2024-11-18T21:19:18.520+0500] {processor.py:925} INFO - DAG(s) 'example_sensor_decorator' retrieved from /home/AtlasRise/airflow/airflow_env/lib/python3.12/site-packages/airflow/example_dags/example_sensor_decorator.py
[2024-11-18T21:19:18.551+0500] {logging_mixin.py:190} INFO - [2024-11-18T21:19:18.550+0500] {dag.py:3239} INFO - Sync 1 DAGs
[2024-11-18T21:19:18.574+0500] {logging_mixin.py:190} INFO - [2024-11-18T21:19:18.574+0500] {dag.py:4180} INFO - Setting next_dagrun for example_sensor_decorator to None, run_after=None
[2024-11-18T21:19:18.607+0500] {processor.py:208} INFO - Processing /home/AtlasRise/airflow/airflow_env/lib/python3.12/site-packages/airflow/example_dags/example_sensor_decorator.py took 0.120 seconds
[2024-11-18T21:20:36.493+0500] {processor.py:186} INFO - Started process (PID=22166) to work on /home/AtlasRise/airflow/airflow_env/lib/python3.12/site-packages/airflow/example_dags/example_sensor_decorator.py
[2024-11-18T21:20:36.494+0500] {processor.py:914} INFO - Processing file /home/AtlasRise/airflow/airflow_env/lib/python3.12/site-packages/airflow/example_dags/example_sensor_decorator.py for tasks to queue
[2024-11-18T21:20:36.498+0500] {logging_mixin.py:190} INFO - [2024-11-18T21:20:36.497+0500] {dagbag.py:588} INFO - Filling up the DagBag from /home/AtlasRise/airflow/airflow_env/lib/python3.12/site-packages/airflow/example_dags/example_sensor_decorator.py
[2024-11-18T21:20:36.510+0500] {processor.py:925} INFO - DAG(s) 'example_sensor_decorator' retrieved from /home/AtlasRise/airflow/airflow_env/lib/python3.12/site-packages/airflow/example_dags/example_sensor_decorator.py
[2024-11-18T21:20:36.533+0500] {logging_mixin.py:190} INFO - [2024-11-18T21:20:36.533+0500] {dag.py:3239} INFO - Sync 1 DAGs
[2024-11-18T21:20:36.554+0500] {logging_mixin.py:190} INFO - [2024-11-18T21:20:36.554+0500] {dag.py:4180} INFO - Setting next_dagrun for example_sensor_decorator to None, run_after=None
[2024-11-18T21:20:36.594+0500] {processor.py:208} INFO - Processing /home/AtlasRise/airflow/airflow_env/lib/python3.12/site-packages/airflow/example_dags/example_sensor_decorator.py took 0.109 seconds
[2024-11-18T21:21:50.685+0500] {processor.py:186} INFO - Started process (PID=22269) to work on /home/AtlasRise/airflow/airflow_env/lib/python3.12/site-packages/airflow/example_dags/example_sensor_decorator.py
[2024-11-18T21:21:50.688+0500] {processor.py:914} INFO - Processing file /home/AtlasRise/airflow/airflow_env/lib/python3.12/site-packages/airflow/example_dags/example_sensor_decorator.py for tasks to queue
[2024-11-18T21:21:50.692+0500] {logging_mixin.py:190} INFO - [2024-11-18T21:21:50.691+0500] {dagbag.py:588} INFO - Filling up the DagBag from /home/AtlasRise/airflow/airflow_env/lib/python3.12/site-packages/airflow/example_dags/example_sensor_decorator.py
[2024-11-18T21:21:50.704+0500] {processor.py:925} INFO - DAG(s) 'example_sensor_decorator' retrieved from /home/AtlasRise/airflow/airflow_env/lib/python3.12/site-packages/airflow/example_dags/example_sensor_decorator.py
[2024-11-18T21:21:50.727+0500] {logging_mixin.py:190} INFO - [2024-11-18T21:21:50.727+0500] {dag.py:3239} INFO - Sync 1 DAGs
[2024-11-18T21:21:50.749+0500] {logging_mixin.py:190} INFO - [2024-11-18T21:21:50.748+0500] {dag.py:4180} INFO - Setting next_dagrun for example_sensor_decorator to None, run_after=None
[2024-11-18T21:21:50.781+0500] {processor.py:208} INFO - Processing /home/AtlasRise/airflow/airflow_env/lib/python3.12/site-packages/airflow/example_dags/example_sensor_decorator.py took 0.104 seconds
[2024-11-18T21:22:57.704+0500] {processor.py:186} INFO - Started process (PID=22349) to work on /home/AtlasRise/airflow/airflow_env/lib/python3.12/site-packages/airflow/example_dags/example_sensor_decorator.py
[2024-11-18T21:22:57.705+0500] {processor.py:914} INFO - Processing file /home/AtlasRise/airflow/airflow_env/lib/python3.12/site-packages/airflow/example_dags/example_sensor_decorator.py for tasks to queue
[2024-11-18T21:22:57.708+0500] {logging_mixin.py:190} INFO - [2024-11-18T21:22:57.708+0500] {dagbag.py:588} INFO - Filling up the DagBag from /home/AtlasRise/airflow/airflow_env/lib/python3.12/site-packages/airflow/example_dags/example_sensor_decorator.py
[2024-11-18T21:22:57.721+0500] {processor.py:925} INFO - DAG(s) 'example_sensor_decorator' retrieved from /home/AtlasRise/airflow/airflow_env/lib/python3.12/site-packages/airflow/example_dags/example_sensor_decorator.py
[2024-11-18T21:22:57.745+0500] {logging_mixin.py:190} INFO - [2024-11-18T21:22:57.745+0500] {dag.py:3239} INFO - Sync 1 DAGs
[2024-11-18T21:22:57.767+0500] {logging_mixin.py:190} INFO - [2024-11-18T21:22:57.767+0500] {dag.py:4180} INFO - Setting next_dagrun for example_sensor_decorator to None, run_after=None
[2024-11-18T21:22:57.816+0500] {processor.py:208} INFO - Processing /home/AtlasRise/airflow/airflow_env/lib/python3.12/site-packages/airflow/example_dags/example_sensor_decorator.py took 0.121 seconds
