[2024-11-18T20:41:07.572+0500] {processor.py:186} INFO - Started process (PID=18954) to work on /home/AtlasRise/airflow/airflow_env/lib/python3.12/site-packages/airflow/example_dags/example_branch_python_dop_operator_3.py
[2024-11-18T20:41:07.575+0500] {processor.py:914} INFO - Processing file /home/AtlasRise/airflow/airflow_env/lib/python3.12/site-packages/airflow/example_dags/example_branch_python_dop_operator_3.py for tasks to queue
[2024-11-18T20:41:07.578+0500] {logging_mixin.py:190} INFO - [2024-11-18T20:41:07.578+0500] {dagbag.py:588} INFO - Filling up the DagBag from /home/AtlasRise/airflow/airflow_env/lib/python3.12/site-packages/airflow/example_dags/example_branch_python_dop_operator_3.py
[2024-11-18T20:41:07.595+0500] {processor.py:925} INFO - DAG(s) 'example_branch_dop_operator_v3' retrieved from /home/AtlasRise/airflow/airflow_env/lib/python3.12/site-packages/airflow/example_dags/example_branch_python_dop_operator_3.py
[2024-11-18T20:41:07.801+0500] {logging_mixin.py:190} INFO - [2024-11-18T20:41:07.799+0500] {override.py:1911} INFO - Created Permission View: can read on DAG:example_branch_dop_operator_v3
[2024-11-18T20:41:07.821+0500] {logging_mixin.py:190} INFO - [2024-11-18T20:41:07.820+0500] {override.py:1911} INFO - Created Permission View: can edit on DAG:example_branch_dop_operator_v3
[2024-11-18T20:41:07.837+0500] {logging_mixin.py:190} INFO - [2024-11-18T20:41:07.836+0500] {override.py:1911} INFO - Created Permission View: can delete on DAG:example_branch_dop_operator_v3
[2024-11-18T20:41:07.859+0500] {logging_mixin.py:190} INFO - [2024-11-18T20:41:07.858+0500] {override.py:1911} INFO - Created Permission View: can read on DAG Run:example_branch_dop_operator_v3
[2024-11-18T20:41:07.873+0500] {logging_mixin.py:190} INFO - [2024-11-18T20:41:07.872+0500] {override.py:1911} INFO - Created Permission View: can create on DAG Run:example_branch_dop_operator_v3
[2024-11-18T20:41:07.889+0500] {logging_mixin.py:190} INFO - [2024-11-18T20:41:07.887+0500] {override.py:1911} INFO - Created Permission View: can delete on DAG Run:example_branch_dop_operator_v3
[2024-11-18T20:41:07.909+0500] {logging_mixin.py:190} INFO - [2024-11-18T20:41:07.908+0500] {override.py:1911} INFO - Created Permission View: menu access on DAG Run:example_branch_dop_operator_v3
[2024-11-18T20:41:07.910+0500] {logging_mixin.py:190} INFO - [2024-11-18T20:41:07.909+0500] {dag.py:3239} INFO - Sync 1 DAGs
[2024-11-18T20:41:07.929+0500] {logging_mixin.py:190} INFO - [2024-11-18T20:41:07.929+0500] {dag.py:3262} INFO - Creating ORM DAG for example_branch_dop_operator_v3
[2024-11-18T20:41:07.953+0500] {logging_mixin.py:190} INFO - [2024-11-18T20:41:07.952+0500] {dag.py:4180} INFO - Setting next_dagrun for example_branch_dop_operator_v3 to 2024-11-18 15:40:00+00:00, run_after=2024-11-18 15:41:00+00:00
[2024-11-18T20:41:07.987+0500] {processor.py:208} INFO - Processing /home/AtlasRise/airflow/airflow_env/lib/python3.12/site-packages/airflow/example_dags/example_branch_python_dop_operator_3.py took 0.425 seconds
[2024-11-18T20:42:28.031+0500] {processor.py:186} INFO - Started process (PID=19157) to work on /home/AtlasRise/airflow/airflow_env/lib/python3.12/site-packages/airflow/example_dags/example_branch_python_dop_operator_3.py
[2024-11-18T20:42:28.034+0500] {processor.py:914} INFO - Processing file /home/AtlasRise/airflow/airflow_env/lib/python3.12/site-packages/airflow/example_dags/example_branch_python_dop_operator_3.py for tasks to queue
[2024-11-18T20:42:28.037+0500] {logging_mixin.py:190} INFO - [2024-11-18T20:42:28.037+0500] {dagbag.py:588} INFO - Filling up the DagBag from /home/AtlasRise/airflow/airflow_env/lib/python3.12/site-packages/airflow/example_dags/example_branch_python_dop_operator_3.py
[2024-11-18T20:42:28.053+0500] {processor.py:925} INFO - DAG(s) 'example_branch_dop_operator_v3' retrieved from /home/AtlasRise/airflow/airflow_env/lib/python3.12/site-packages/airflow/example_dags/example_branch_python_dop_operator_3.py
[2024-11-18T20:42:28.076+0500] {logging_mixin.py:190} INFO - [2024-11-18T20:42:28.076+0500] {dag.py:3239} INFO - Sync 1 DAGs
[2024-11-18T20:42:28.113+0500] {logging_mixin.py:190} INFO - [2024-11-18T20:42:28.113+0500] {dag.py:4180} INFO - Setting next_dagrun for example_branch_dop_operator_v3 to 2024-11-18 15:41:00+00:00, run_after=2024-11-18 15:42:00+00:00
[2024-11-18T20:42:28.146+0500] {processor.py:208} INFO - Processing /home/AtlasRise/airflow/airflow_env/lib/python3.12/site-packages/airflow/example_dags/example_branch_python_dop_operator_3.py took 0.123 seconds
[2024-11-18T20:43:35.455+0500] {processor.py:186} INFO - Started process (PID=19232) to work on /home/AtlasRise/airflow/airflow_env/lib/python3.12/site-packages/airflow/example_dags/example_branch_python_dop_operator_3.py
[2024-11-18T20:43:35.457+0500] {processor.py:914} INFO - Processing file /home/AtlasRise/airflow/airflow_env/lib/python3.12/site-packages/airflow/example_dags/example_branch_python_dop_operator_3.py for tasks to queue
[2024-11-18T20:43:35.461+0500] {logging_mixin.py:190} INFO - [2024-11-18T20:43:35.460+0500] {dagbag.py:588} INFO - Filling up the DagBag from /home/AtlasRise/airflow/airflow_env/lib/python3.12/site-packages/airflow/example_dags/example_branch_python_dop_operator_3.py
[2024-11-18T20:43:35.477+0500] {processor.py:925} INFO - DAG(s) 'example_branch_dop_operator_v3' retrieved from /home/AtlasRise/airflow/airflow_env/lib/python3.12/site-packages/airflow/example_dags/example_branch_python_dop_operator_3.py
[2024-11-18T20:43:35.500+0500] {logging_mixin.py:190} INFO - [2024-11-18T20:43:35.500+0500] {dag.py:3239} INFO - Sync 1 DAGs
[2024-11-18T20:43:35.537+0500] {logging_mixin.py:190} INFO - [2024-11-18T20:43:35.537+0500] {dag.py:4180} INFO - Setting next_dagrun for example_branch_dop_operator_v3 to 2024-11-18 15:42:00+00:00, run_after=2024-11-18 15:43:00+00:00
[2024-11-18T20:43:35.569+0500] {processor.py:208} INFO - Processing /home/AtlasRise/airflow/airflow_env/lib/python3.12/site-packages/airflow/example_dags/example_branch_python_dop_operator_3.py took 0.122 seconds
[2024-11-18T20:44:40.932+0500] {processor.py:186} INFO - Started process (PID=19307) to work on /home/AtlasRise/airflow/airflow_env/lib/python3.12/site-packages/airflow/example_dags/example_branch_python_dop_operator_3.py
[2024-11-18T20:44:40.934+0500] {processor.py:914} INFO - Processing file /home/AtlasRise/airflow/airflow_env/lib/python3.12/site-packages/airflow/example_dags/example_branch_python_dop_operator_3.py for tasks to queue
[2024-11-18T20:44:40.937+0500] {logging_mixin.py:190} INFO - [2024-11-18T20:44:40.936+0500] {dagbag.py:588} INFO - Filling up the DagBag from /home/AtlasRise/airflow/airflow_env/lib/python3.12/site-packages/airflow/example_dags/example_branch_python_dop_operator_3.py
[2024-11-18T20:44:40.953+0500] {processor.py:925} INFO - DAG(s) 'example_branch_dop_operator_v3' retrieved from /home/AtlasRise/airflow/airflow_env/lib/python3.12/site-packages/airflow/example_dags/example_branch_python_dop_operator_3.py
[2024-11-18T20:44:40.976+0500] {logging_mixin.py:190} INFO - [2024-11-18T20:44:40.976+0500] {dag.py:3239} INFO - Sync 1 DAGs
[2024-11-18T20:44:41.014+0500] {logging_mixin.py:190} INFO - [2024-11-18T20:44:41.014+0500] {dag.py:4180} INFO - Setting next_dagrun for example_branch_dop_operator_v3 to 2024-11-18 15:43:00+00:00, run_after=2024-11-18 15:44:00+00:00
[2024-11-18T20:44:41.046+0500] {processor.py:208} INFO - Processing /home/AtlasRise/airflow/airflow_env/lib/python3.12/site-packages/airflow/example_dags/example_branch_python_dop_operator_3.py took 0.122 seconds
[2024-11-18T20:45:53.115+0500] {processor.py:186} INFO - Started process (PID=19497) to work on /home/AtlasRise/airflow/airflow_env/lib/python3.12/site-packages/airflow/example_dags/example_branch_python_dop_operator_3.py
[2024-11-18T20:45:53.117+0500] {processor.py:914} INFO - Processing file /home/AtlasRise/airflow/airflow_env/lib/python3.12/site-packages/airflow/example_dags/example_branch_python_dop_operator_3.py for tasks to queue
[2024-11-18T20:45:53.120+0500] {logging_mixin.py:190} INFO - [2024-11-18T20:45:53.120+0500] {dagbag.py:588} INFO - Filling up the DagBag from /home/AtlasRise/airflow/airflow_env/lib/python3.12/site-packages/airflow/example_dags/example_branch_python_dop_operator_3.py
[2024-11-18T20:45:53.135+0500] {processor.py:925} INFO - DAG(s) 'example_branch_dop_operator_v3' retrieved from /home/AtlasRise/airflow/airflow_env/lib/python3.12/site-packages/airflow/example_dags/example_branch_python_dop_operator_3.py
[2024-11-18T20:45:53.158+0500] {logging_mixin.py:190} INFO - [2024-11-18T20:45:53.158+0500] {dag.py:3239} INFO - Sync 1 DAGs
[2024-11-18T20:45:53.344+0500] {logging_mixin.py:190} INFO - [2024-11-18T20:45:53.343+0500] {dag.py:4180} INFO - Setting next_dagrun for example_branch_dop_operator_v3 to 2024-11-18 15:44:00+00:00, run_after=2024-11-18 15:45:00+00:00
[2024-11-18T20:45:53.383+0500] {processor.py:208} INFO - Processing /home/AtlasRise/airflow/airflow_env/lib/python3.12/site-packages/airflow/example_dags/example_branch_python_dop_operator_3.py took 0.277 seconds
[2024-11-18T20:47:09.312+0500] {processor.py:186} INFO - Started process (PID=19603) to work on /home/AtlasRise/airflow/airflow_env/lib/python3.12/site-packages/airflow/example_dags/example_branch_python_dop_operator_3.py
[2024-11-18T20:47:09.314+0500] {processor.py:914} INFO - Processing file /home/AtlasRise/airflow/airflow_env/lib/python3.12/site-packages/airflow/example_dags/example_branch_python_dop_operator_3.py for tasks to queue
[2024-11-18T20:47:09.318+0500] {logging_mixin.py:190} INFO - [2024-11-18T20:47:09.318+0500] {dagbag.py:588} INFO - Filling up the DagBag from /home/AtlasRise/airflow/airflow_env/lib/python3.12/site-packages/airflow/example_dags/example_branch_python_dop_operator_3.py
[2024-11-18T20:47:09.338+0500] {processor.py:925} INFO - DAG(s) 'example_branch_dop_operator_v3' retrieved from /home/AtlasRise/airflow/airflow_env/lib/python3.12/site-packages/airflow/example_dags/example_branch_python_dop_operator_3.py
[2024-11-18T20:47:09.368+0500] {logging_mixin.py:190} INFO - [2024-11-18T20:47:09.368+0500] {dag.py:3239} INFO - Sync 1 DAGs
[2024-11-18T20:47:09.419+0500] {logging_mixin.py:190} INFO - [2024-11-18T20:47:09.419+0500] {dag.py:4180} INFO - Setting next_dagrun for example_branch_dop_operator_v3 to 2024-11-18 15:46:00+00:00, run_after=2024-11-18 15:47:00+00:00
[2024-11-18T20:47:09.456+0500] {processor.py:208} INFO - Processing /home/AtlasRise/airflow/airflow_env/lib/python3.12/site-packages/airflow/example_dags/example_branch_python_dop_operator_3.py took 0.155 seconds
[2024-11-18T20:48:15.561+0500] {processor.py:186} INFO - Started process (PID=19753) to work on /home/AtlasRise/airflow/airflow_env/lib/python3.12/site-packages/airflow/example_dags/example_branch_python_dop_operator_3.py
[2024-11-18T20:48:15.564+0500] {processor.py:914} INFO - Processing file /home/AtlasRise/airflow/airflow_env/lib/python3.12/site-packages/airflow/example_dags/example_branch_python_dop_operator_3.py for tasks to queue
[2024-11-18T20:48:15.567+0500] {logging_mixin.py:190} INFO - [2024-11-18T20:48:15.567+0500] {dagbag.py:588} INFO - Filling up the DagBag from /home/AtlasRise/airflow/airflow_env/lib/python3.12/site-packages/airflow/example_dags/example_branch_python_dop_operator_3.py
[2024-11-18T20:48:15.590+0500] {processor.py:925} INFO - DAG(s) 'example_branch_dop_operator_v3' retrieved from /home/AtlasRise/airflow/airflow_env/lib/python3.12/site-packages/airflow/example_dags/example_branch_python_dop_operator_3.py
[2024-11-18T20:48:15.615+0500] {logging_mixin.py:190} INFO - [2024-11-18T20:48:15.615+0500] {dag.py:3239} INFO - Sync 1 DAGs
[2024-11-18T20:48:15.657+0500] {logging_mixin.py:190} INFO - [2024-11-18T20:48:15.657+0500] {dag.py:4180} INFO - Setting next_dagrun for example_branch_dop_operator_v3 to 2024-11-18 15:47:00+00:00, run_after=2024-11-18 15:48:00+00:00
[2024-11-18T20:48:15.695+0500] {processor.py:208} INFO - Processing /home/AtlasRise/airflow/airflow_env/lib/python3.12/site-packages/airflow/example_dags/example_branch_python_dop_operator_3.py took 0.142 seconds
[2024-11-18T20:49:24.016+0500] {processor.py:186} INFO - Started process (PID=19839) to work on /home/AtlasRise/airflow/airflow_env/lib/python3.12/site-packages/airflow/example_dags/example_branch_python_dop_operator_3.py
[2024-11-18T20:49:24.018+0500] {processor.py:914} INFO - Processing file /home/AtlasRise/airflow/airflow_env/lib/python3.12/site-packages/airflow/example_dags/example_branch_python_dop_operator_3.py for tasks to queue
[2024-11-18T20:49:24.021+0500] {logging_mixin.py:190} INFO - [2024-11-18T20:49:24.020+0500] {dagbag.py:588} INFO - Filling up the DagBag from /home/AtlasRise/airflow/airflow_env/lib/python3.12/site-packages/airflow/example_dags/example_branch_python_dop_operator_3.py
[2024-11-18T20:49:24.037+0500] {processor.py:925} INFO - DAG(s) 'example_branch_dop_operator_v3' retrieved from /home/AtlasRise/airflow/airflow_env/lib/python3.12/site-packages/airflow/example_dags/example_branch_python_dop_operator_3.py
[2024-11-18T20:49:24.060+0500] {logging_mixin.py:190} INFO - [2024-11-18T20:49:24.060+0500] {dag.py:3239} INFO - Sync 1 DAGs
[2024-11-18T20:49:24.100+0500] {logging_mixin.py:190} INFO - [2024-11-18T20:49:24.099+0500] {dag.py:4180} INFO - Setting next_dagrun for example_branch_dop_operator_v3 to 2024-11-18 15:48:00+00:00, run_after=2024-11-18 15:49:00+00:00
[2024-11-18T20:49:24.134+0500] {processor.py:208} INFO - Processing /home/AtlasRise/airflow/airflow_env/lib/python3.12/site-packages/airflow/example_dags/example_branch_python_dop_operator_3.py took 0.126 seconds
[2024-11-18T20:50:33.116+0500] {processor.py:186} INFO - Started process (PID=19915) to work on /home/AtlasRise/airflow/airflow_env/lib/python3.12/site-packages/airflow/example_dags/example_branch_python_dop_operator_3.py
[2024-11-18T20:50:33.118+0500] {processor.py:914} INFO - Processing file /home/AtlasRise/airflow/airflow_env/lib/python3.12/site-packages/airflow/example_dags/example_branch_python_dop_operator_3.py for tasks to queue
[2024-11-18T20:50:33.122+0500] {logging_mixin.py:190} INFO - [2024-11-18T20:50:33.121+0500] {dagbag.py:588} INFO - Filling up the DagBag from /home/AtlasRise/airflow/airflow_env/lib/python3.12/site-packages/airflow/example_dags/example_branch_python_dop_operator_3.py
[2024-11-18T20:50:33.138+0500] {processor.py:925} INFO - DAG(s) 'example_branch_dop_operator_v3' retrieved from /home/AtlasRise/airflow/airflow_env/lib/python3.12/site-packages/airflow/example_dags/example_branch_python_dop_operator_3.py
[2024-11-18T20:50:33.161+0500] {logging_mixin.py:190} INFO - [2024-11-18T20:50:33.161+0500] {dag.py:3239} INFO - Sync 1 DAGs
[2024-11-18T20:50:33.201+0500] {logging_mixin.py:190} INFO - [2024-11-18T20:50:33.201+0500] {dag.py:4180} INFO - Setting next_dagrun for example_branch_dop_operator_v3 to 2024-11-18 15:49:00+00:00, run_after=2024-11-18 15:50:00+00:00
[2024-11-18T20:50:33.234+0500] {processor.py:208} INFO - Processing /home/AtlasRise/airflow/airflow_env/lib/python3.12/site-packages/airflow/example_dags/example_branch_python_dop_operator_3.py took 0.127 seconds
[2024-11-18T20:51:43.882+0500] {processor.py:186} INFO - Started process (PID=20000) to work on /home/AtlasRise/airflow/airflow_env/lib/python3.12/site-packages/airflow/example_dags/example_branch_python_dop_operator_3.py
[2024-11-18T20:51:43.884+0500] {processor.py:914} INFO - Processing file /home/AtlasRise/airflow/airflow_env/lib/python3.12/site-packages/airflow/example_dags/example_branch_python_dop_operator_3.py for tasks to queue
[2024-11-18T20:51:43.887+0500] {logging_mixin.py:190} INFO - [2024-11-18T20:51:43.887+0500] {dagbag.py:588} INFO - Filling up the DagBag from /home/AtlasRise/airflow/airflow_env/lib/python3.12/site-packages/airflow/example_dags/example_branch_python_dop_operator_3.py
[2024-11-18T20:51:43.904+0500] {processor.py:925} INFO - DAG(s) 'example_branch_dop_operator_v3' retrieved from /home/AtlasRise/airflow/airflow_env/lib/python3.12/site-packages/airflow/example_dags/example_branch_python_dop_operator_3.py
[2024-11-18T20:51:43.931+0500] {logging_mixin.py:190} INFO - [2024-11-18T20:51:43.931+0500] {dag.py:3239} INFO - Sync 1 DAGs
[2024-11-18T20:51:43.972+0500] {logging_mixin.py:190} INFO - [2024-11-18T20:51:43.972+0500] {dag.py:4180} INFO - Setting next_dagrun for example_branch_dop_operator_v3 to 2024-11-18 15:50:00+00:00, run_after=2024-11-18 15:51:00+00:00
[2024-11-18T20:51:44.012+0500] {processor.py:208} INFO - Processing /home/AtlasRise/airflow/airflow_env/lib/python3.12/site-packages/airflow/example_dags/example_branch_python_dop_operator_3.py took 0.142 seconds
[2024-11-18T20:52:50.549+0500] {processor.py:186} INFO - Started process (PID=20072) to work on /home/AtlasRise/airflow/airflow_env/lib/python3.12/site-packages/airflow/example_dags/example_branch_python_dop_operator_3.py
[2024-11-18T20:52:50.551+0500] {processor.py:914} INFO - Processing file /home/AtlasRise/airflow/airflow_env/lib/python3.12/site-packages/airflow/example_dags/example_branch_python_dop_operator_3.py for tasks to queue
[2024-11-18T20:52:50.554+0500] {logging_mixin.py:190} INFO - [2024-11-18T20:52:50.554+0500] {dagbag.py:588} INFO - Filling up the DagBag from /home/AtlasRise/airflow/airflow_env/lib/python3.12/site-packages/airflow/example_dags/example_branch_python_dop_operator_3.py
[2024-11-18T20:52:50.570+0500] {processor.py:925} INFO - DAG(s) 'example_branch_dop_operator_v3' retrieved from /home/AtlasRise/airflow/airflow_env/lib/python3.12/site-packages/airflow/example_dags/example_branch_python_dop_operator_3.py
[2024-11-18T20:52:50.594+0500] {logging_mixin.py:190} INFO - [2024-11-18T20:52:50.593+0500] {dag.py:3239} INFO - Sync 1 DAGs
[2024-11-18T20:52:50.633+0500] {logging_mixin.py:190} INFO - [2024-11-18T20:52:50.633+0500] {dag.py:4180} INFO - Setting next_dagrun for example_branch_dop_operator_v3 to 2024-11-18 15:51:00+00:00, run_after=2024-11-18 15:52:00+00:00
[2024-11-18T20:52:50.670+0500] {processor.py:208} INFO - Processing /home/AtlasRise/airflow/airflow_env/lib/python3.12/site-packages/airflow/example_dags/example_branch_python_dop_operator_3.py took 0.128 seconds
[2024-11-18T20:54:01.668+0500] {processor.py:186} INFO - Started process (PID=20156) to work on /home/AtlasRise/airflow/airflow_env/lib/python3.12/site-packages/airflow/example_dags/example_branch_python_dop_operator_3.py
[2024-11-18T20:54:01.669+0500] {processor.py:914} INFO - Processing file /home/AtlasRise/airflow/airflow_env/lib/python3.12/site-packages/airflow/example_dags/example_branch_python_dop_operator_3.py for tasks to queue
[2024-11-18T20:54:01.673+0500] {logging_mixin.py:190} INFO - [2024-11-18T20:54:01.672+0500] {dagbag.py:588} INFO - Filling up the DagBag from /home/AtlasRise/airflow/airflow_env/lib/python3.12/site-packages/airflow/example_dags/example_branch_python_dop_operator_3.py
[2024-11-18T20:54:01.690+0500] {processor.py:925} INFO - DAG(s) 'example_branch_dop_operator_v3' retrieved from /home/AtlasRise/airflow/airflow_env/lib/python3.12/site-packages/airflow/example_dags/example_branch_python_dop_operator_3.py
[2024-11-18T20:54:01.715+0500] {logging_mixin.py:190} INFO - [2024-11-18T20:54:01.715+0500] {dag.py:3239} INFO - Sync 1 DAGs
[2024-11-18T20:54:01.756+0500] {logging_mixin.py:190} INFO - [2024-11-18T20:54:01.756+0500] {dag.py:4180} INFO - Setting next_dagrun for example_branch_dop_operator_v3 to 2024-11-18 15:53:00+00:00, run_after=2024-11-18 15:54:00+00:00
[2024-11-18T20:54:01.793+0500] {processor.py:208} INFO - Processing /home/AtlasRise/airflow/airflow_env/lib/python3.12/site-packages/airflow/example_dags/example_branch_python_dop_operator_3.py took 0.134 seconds
[2024-11-18T20:55:28.413+0500] {processor.py:186} INFO - Started process (PID=20249) to work on /home/AtlasRise/airflow/airflow_env/lib/python3.12/site-packages/airflow/example_dags/example_branch_python_dop_operator_3.py
[2024-11-18T20:55:28.415+0500] {processor.py:914} INFO - Processing file /home/AtlasRise/airflow/airflow_env/lib/python3.12/site-packages/airflow/example_dags/example_branch_python_dop_operator_3.py for tasks to queue
[2024-11-18T20:55:28.418+0500] {logging_mixin.py:190} INFO - [2024-11-18T20:55:28.418+0500] {dagbag.py:588} INFO - Filling up the DagBag from /home/AtlasRise/airflow/airflow_env/lib/python3.12/site-packages/airflow/example_dags/example_branch_python_dop_operator_3.py
[2024-11-18T20:55:28.435+0500] {processor.py:925} INFO - DAG(s) 'example_branch_dop_operator_v3' retrieved from /home/AtlasRise/airflow/airflow_env/lib/python3.12/site-packages/airflow/example_dags/example_branch_python_dop_operator_3.py
[2024-11-18T20:55:28.458+0500] {logging_mixin.py:190} INFO - [2024-11-18T20:55:28.457+0500] {dag.py:3239} INFO - Sync 1 DAGs
[2024-11-18T20:55:28.496+0500] {logging_mixin.py:190} INFO - [2024-11-18T20:55:28.495+0500] {dag.py:4180} INFO - Setting next_dagrun for example_branch_dop_operator_v3 to 2024-11-18 15:54:00+00:00, run_after=2024-11-18 15:55:00+00:00
[2024-11-18T20:55:28.532+0500] {processor.py:208} INFO - Processing /home/AtlasRise/airflow/airflow_env/lib/python3.12/site-packages/airflow/example_dags/example_branch_python_dop_operator_3.py took 0.127 seconds
[2024-11-18T20:56:44.169+0500] {processor.py:186} INFO - Started process (PID=20340) to work on /home/AtlasRise/airflow/airflow_env/lib/python3.12/site-packages/airflow/example_dags/example_branch_python_dop_operator_3.py
[2024-11-18T20:56:44.172+0500] {processor.py:914} INFO - Processing file /home/AtlasRise/airflow/airflow_env/lib/python3.12/site-packages/airflow/example_dags/example_branch_python_dop_operator_3.py for tasks to queue
[2024-11-18T20:56:44.175+0500] {logging_mixin.py:190} INFO - [2024-11-18T20:56:44.174+0500] {dagbag.py:588} INFO - Filling up the DagBag from /home/AtlasRise/airflow/airflow_env/lib/python3.12/site-packages/airflow/example_dags/example_branch_python_dop_operator_3.py
[2024-11-18T20:56:44.195+0500] {processor.py:925} INFO - DAG(s) 'example_branch_dop_operator_v3' retrieved from /home/AtlasRise/airflow/airflow_env/lib/python3.12/site-packages/airflow/example_dags/example_branch_python_dop_operator_3.py
[2024-11-18T20:56:44.219+0500] {logging_mixin.py:190} INFO - [2024-11-18T20:56:44.218+0500] {dag.py:3239} INFO - Sync 1 DAGs
[2024-11-18T20:56:44.260+0500] {logging_mixin.py:190} INFO - [2024-11-18T20:56:44.259+0500] {dag.py:4180} INFO - Setting next_dagrun for example_branch_dop_operator_v3 to 2024-11-18 15:55:00+00:00, run_after=2024-11-18 15:56:00+00:00
[2024-11-18T20:56:44.297+0500] {processor.py:208} INFO - Processing /home/AtlasRise/airflow/airflow_env/lib/python3.12/site-packages/airflow/example_dags/example_branch_python_dop_operator_3.py took 0.135 seconds
[2024-11-18T20:57:57.065+0500] {processor.py:186} INFO - Started process (PID=20411) to work on /home/AtlasRise/airflow/airflow_env/lib/python3.12/site-packages/airflow/example_dags/example_branch_python_dop_operator_3.py
[2024-11-18T20:57:57.067+0500] {processor.py:914} INFO - Processing file /home/AtlasRise/airflow/airflow_env/lib/python3.12/site-packages/airflow/example_dags/example_branch_python_dop_operator_3.py for tasks to queue
[2024-11-18T20:57:57.070+0500] {logging_mixin.py:190} INFO - [2024-11-18T20:57:57.069+0500] {dagbag.py:588} INFO - Filling up the DagBag from /home/AtlasRise/airflow/airflow_env/lib/python3.12/site-packages/airflow/example_dags/example_branch_python_dop_operator_3.py
[2024-11-18T20:57:57.087+0500] {processor.py:925} INFO - DAG(s) 'example_branch_dop_operator_v3' retrieved from /home/AtlasRise/airflow/airflow_env/lib/python3.12/site-packages/airflow/example_dags/example_branch_python_dop_operator_3.py
[2024-11-18T20:57:57.110+0500] {logging_mixin.py:190} INFO - [2024-11-18T20:57:57.109+0500] {dag.py:3239} INFO - Sync 1 DAGs
[2024-11-18T20:57:57.148+0500] {logging_mixin.py:190} INFO - [2024-11-18T20:57:57.147+0500] {dag.py:4180} INFO - Setting next_dagrun for example_branch_dop_operator_v3 to 2024-11-18 15:56:00+00:00, run_after=2024-11-18 15:57:00+00:00
[2024-11-18T20:57:57.194+0500] {processor.py:208} INFO - Processing /home/AtlasRise/airflow/airflow_env/lib/python3.12/site-packages/airflow/example_dags/example_branch_python_dop_operator_3.py took 0.136 seconds
[2024-11-18T20:59:04.254+0500] {processor.py:186} INFO - Started process (PID=20499) to work on /home/AtlasRise/airflow/airflow_env/lib/python3.12/site-packages/airflow/example_dags/example_branch_python_dop_operator_3.py
[2024-11-18T20:59:04.256+0500] {processor.py:914} INFO - Processing file /home/AtlasRise/airflow/airflow_env/lib/python3.12/site-packages/airflow/example_dags/example_branch_python_dop_operator_3.py for tasks to queue
[2024-11-18T20:59:04.259+0500] {logging_mixin.py:190} INFO - [2024-11-18T20:59:04.258+0500] {dagbag.py:588} INFO - Filling up the DagBag from /home/AtlasRise/airflow/airflow_env/lib/python3.12/site-packages/airflow/example_dags/example_branch_python_dop_operator_3.py
[2024-11-18T20:59:04.275+0500] {processor.py:925} INFO - DAG(s) 'example_branch_dop_operator_v3' retrieved from /home/AtlasRise/airflow/airflow_env/lib/python3.12/site-packages/airflow/example_dags/example_branch_python_dop_operator_3.py
[2024-11-18T20:59:04.298+0500] {logging_mixin.py:190} INFO - [2024-11-18T20:59:04.298+0500] {dag.py:3239} INFO - Sync 1 DAGs
[2024-11-18T20:59:04.337+0500] {logging_mixin.py:190} INFO - [2024-11-18T20:59:04.337+0500] {dag.py:4180} INFO - Setting next_dagrun for example_branch_dop_operator_v3 to 2024-11-18 15:58:00+00:00, run_after=2024-11-18 15:59:00+00:00
[2024-11-18T20:59:04.371+0500] {processor.py:208} INFO - Processing /home/AtlasRise/airflow/airflow_env/lib/python3.12/site-packages/airflow/example_dags/example_branch_python_dop_operator_3.py took 0.125 seconds
[2024-11-18T21:00:20.666+0500] {processor.py:186} INFO - Started process (PID=20580) to work on /home/AtlasRise/airflow/airflow_env/lib/python3.12/site-packages/airflow/example_dags/example_branch_python_dop_operator_3.py
[2024-11-18T21:00:20.667+0500] {processor.py:914} INFO - Processing file /home/AtlasRise/airflow/airflow_env/lib/python3.12/site-packages/airflow/example_dags/example_branch_python_dop_operator_3.py for tasks to queue
[2024-11-18T21:00:20.671+0500] {logging_mixin.py:190} INFO - [2024-11-18T21:00:20.670+0500] {dagbag.py:588} INFO - Filling up the DagBag from /home/AtlasRise/airflow/airflow_env/lib/python3.12/site-packages/airflow/example_dags/example_branch_python_dop_operator_3.py
[2024-11-18T21:00:20.686+0500] {processor.py:925} INFO - DAG(s) 'example_branch_dop_operator_v3' retrieved from /home/AtlasRise/airflow/airflow_env/lib/python3.12/site-packages/airflow/example_dags/example_branch_python_dop_operator_3.py
[2024-11-18T21:00:20.709+0500] {logging_mixin.py:190} INFO - [2024-11-18T21:00:20.709+0500] {dag.py:3239} INFO - Sync 1 DAGs
[2024-11-18T21:00:20.748+0500] {logging_mixin.py:190} INFO - [2024-11-18T21:00:20.747+0500] {dag.py:4180} INFO - Setting next_dagrun for example_branch_dop_operator_v3 to 2024-11-18 15:59:00+00:00, run_after=2024-11-18 16:00:00+00:00
[2024-11-18T21:00:20.781+0500] {processor.py:208} INFO - Processing /home/AtlasRise/airflow/airflow_env/lib/python3.12/site-packages/airflow/example_dags/example_branch_python_dop_operator_3.py took 0.124 seconds
[2024-11-18T21:01:26.663+0500] {processor.py:186} INFO - Started process (PID=20661) to work on /home/AtlasRise/airflow/airflow_env/lib/python3.12/site-packages/airflow/example_dags/example_branch_python_dop_operator_3.py
[2024-11-18T21:01:26.666+0500] {processor.py:914} INFO - Processing file /home/AtlasRise/airflow/airflow_env/lib/python3.12/site-packages/airflow/example_dags/example_branch_python_dop_operator_3.py for tasks to queue
[2024-11-18T21:01:26.669+0500] {logging_mixin.py:190} INFO - [2024-11-18T21:01:26.669+0500] {dagbag.py:588} INFO - Filling up the DagBag from /home/AtlasRise/airflow/airflow_env/lib/python3.12/site-packages/airflow/example_dags/example_branch_python_dop_operator_3.py
[2024-11-18T21:01:26.686+0500] {processor.py:925} INFO - DAG(s) 'example_branch_dop_operator_v3' retrieved from /home/AtlasRise/airflow/airflow_env/lib/python3.12/site-packages/airflow/example_dags/example_branch_python_dop_operator_3.py
[2024-11-18T21:01:26.709+0500] {logging_mixin.py:190} INFO - [2024-11-18T21:01:26.708+0500] {dag.py:3239} INFO - Sync 1 DAGs
[2024-11-18T21:01:26.747+0500] {logging_mixin.py:190} INFO - [2024-11-18T21:01:26.747+0500] {dag.py:4180} INFO - Setting next_dagrun for example_branch_dop_operator_v3 to 2024-11-18 16:00:00+00:00, run_after=2024-11-18 16:01:00+00:00
[2024-11-18T21:01:26.781+0500] {processor.py:208} INFO - Processing /home/AtlasRise/airflow/airflow_env/lib/python3.12/site-packages/airflow/example_dags/example_branch_python_dop_operator_3.py took 0.126 seconds
[2024-11-18T21:02:38.617+0500] {processor.py:186} INFO - Started process (PID=20735) to work on /home/AtlasRise/airflow/airflow_env/lib/python3.12/site-packages/airflow/example_dags/example_branch_python_dop_operator_3.py
[2024-11-18T21:02:38.619+0500] {processor.py:914} INFO - Processing file /home/AtlasRise/airflow/airflow_env/lib/python3.12/site-packages/airflow/example_dags/example_branch_python_dop_operator_3.py for tasks to queue
[2024-11-18T21:02:38.622+0500] {logging_mixin.py:190} INFO - [2024-11-18T21:02:38.621+0500] {dagbag.py:588} INFO - Filling up the DagBag from /home/AtlasRise/airflow/airflow_env/lib/python3.12/site-packages/airflow/example_dags/example_branch_python_dop_operator_3.py
[2024-11-18T21:02:38.638+0500] {processor.py:925} INFO - DAG(s) 'example_branch_dop_operator_v3' retrieved from /home/AtlasRise/airflow/airflow_env/lib/python3.12/site-packages/airflow/example_dags/example_branch_python_dop_operator_3.py
[2024-11-18T21:02:38.660+0500] {logging_mixin.py:190} INFO - [2024-11-18T21:02:38.660+0500] {dag.py:3239} INFO - Sync 1 DAGs
[2024-11-18T21:02:38.698+0500] {logging_mixin.py:190} INFO - [2024-11-18T21:02:38.698+0500] {dag.py:4180} INFO - Setting next_dagrun for example_branch_dop_operator_v3 to 2024-11-18 16:01:00+00:00, run_after=2024-11-18 16:02:00+00:00
[2024-11-18T21:02:38.730+0500] {processor.py:208} INFO - Processing /home/AtlasRise/airflow/airflow_env/lib/python3.12/site-packages/airflow/example_dags/example_branch_python_dop_operator_3.py took 0.121 seconds
[2024-11-18T21:03:47.612+0500] {processor.py:186} INFO - Started process (PID=20821) to work on /home/AtlasRise/airflow/airflow_env/lib/python3.12/site-packages/airflow/example_dags/example_branch_python_dop_operator_3.py
[2024-11-18T21:03:47.614+0500] {processor.py:914} INFO - Processing file /home/AtlasRise/airflow/airflow_env/lib/python3.12/site-packages/airflow/example_dags/example_branch_python_dop_operator_3.py for tasks to queue
[2024-11-18T21:03:47.618+0500] {logging_mixin.py:190} INFO - [2024-11-18T21:03:47.617+0500] {dagbag.py:588} INFO - Filling up the DagBag from /home/AtlasRise/airflow/airflow_env/lib/python3.12/site-packages/airflow/example_dags/example_branch_python_dop_operator_3.py
[2024-11-18T21:03:47.634+0500] {processor.py:925} INFO - DAG(s) 'example_branch_dop_operator_v3' retrieved from /home/AtlasRise/airflow/airflow_env/lib/python3.12/site-packages/airflow/example_dags/example_branch_python_dop_operator_3.py
[2024-11-18T21:03:47.657+0500] {logging_mixin.py:190} INFO - [2024-11-18T21:03:47.657+0500] {dag.py:3239} INFO - Sync 1 DAGs
[2024-11-18T21:03:47.695+0500] {logging_mixin.py:190} INFO - [2024-11-18T21:03:47.695+0500] {dag.py:4180} INFO - Setting next_dagrun for example_branch_dop_operator_v3 to 2024-11-18 16:02:00+00:00, run_after=2024-11-18 16:03:00+00:00
[2024-11-18T21:03:47.728+0500] {processor.py:208} INFO - Processing /home/AtlasRise/airflow/airflow_env/lib/python3.12/site-packages/airflow/example_dags/example_branch_python_dop_operator_3.py took 0.124 seconds
[2024-11-18T21:04:52.827+0500] {processor.py:186} INFO - Started process (PID=20907) to work on /home/AtlasRise/airflow/airflow_env/lib/python3.12/site-packages/airflow/example_dags/example_branch_python_dop_operator_3.py
[2024-11-18T21:04:52.829+0500] {processor.py:914} INFO - Processing file /home/AtlasRise/airflow/airflow_env/lib/python3.12/site-packages/airflow/example_dags/example_branch_python_dop_operator_3.py for tasks to queue
[2024-11-18T21:04:52.832+0500] {logging_mixin.py:190} INFO - [2024-11-18T21:04:52.831+0500] {dagbag.py:588} INFO - Filling up the DagBag from /home/AtlasRise/airflow/airflow_env/lib/python3.12/site-packages/airflow/example_dags/example_branch_python_dop_operator_3.py
[2024-11-18T21:04:52.848+0500] {processor.py:925} INFO - DAG(s) 'example_branch_dop_operator_v3' retrieved from /home/AtlasRise/airflow/airflow_env/lib/python3.12/site-packages/airflow/example_dags/example_branch_python_dop_operator_3.py
[2024-11-18T21:04:52.871+0500] {logging_mixin.py:190} INFO - [2024-11-18T21:04:52.871+0500] {dag.py:3239} INFO - Sync 1 DAGs
[2024-11-18T21:04:52.909+0500] {logging_mixin.py:190} INFO - [2024-11-18T21:04:52.909+0500] {dag.py:4180} INFO - Setting next_dagrun for example_branch_dop_operator_v3 to 2024-11-18 16:03:00+00:00, run_after=2024-11-18 16:04:00+00:00
[2024-11-18T21:04:52.943+0500] {processor.py:208} INFO - Processing /home/AtlasRise/airflow/airflow_env/lib/python3.12/site-packages/airflow/example_dags/example_branch_python_dop_operator_3.py took 0.124 seconds
[2024-11-18T21:05:59.246+0500] {processor.py:186} INFO - Started process (PID=20992) to work on /home/AtlasRise/airflow/airflow_env/lib/python3.12/site-packages/airflow/example_dags/example_branch_python_dop_operator_3.py
[2024-11-18T21:05:59.248+0500] {processor.py:914} INFO - Processing file /home/AtlasRise/airflow/airflow_env/lib/python3.12/site-packages/airflow/example_dags/example_branch_python_dop_operator_3.py for tasks to queue
[2024-11-18T21:05:59.251+0500] {logging_mixin.py:190} INFO - [2024-11-18T21:05:59.251+0500] {dagbag.py:588} INFO - Filling up the DagBag from /home/AtlasRise/airflow/airflow_env/lib/python3.12/site-packages/airflow/example_dags/example_branch_python_dop_operator_3.py
[2024-11-18T21:05:59.267+0500] {processor.py:925} INFO - DAG(s) 'example_branch_dop_operator_v3' retrieved from /home/AtlasRise/airflow/airflow_env/lib/python3.12/site-packages/airflow/example_dags/example_branch_python_dop_operator_3.py
[2024-11-18T21:05:59.291+0500] {logging_mixin.py:190} INFO - [2024-11-18T21:05:59.290+0500] {dag.py:3239} INFO - Sync 1 DAGs
[2024-11-18T21:05:59.329+0500] {logging_mixin.py:190} INFO - [2024-11-18T21:05:59.328+0500] {dag.py:4180} INFO - Setting next_dagrun for example_branch_dop_operator_v3 to 2024-11-18 16:04:00+00:00, run_after=2024-11-18 16:05:00+00:00
[2024-11-18T21:05:59.362+0500] {processor.py:208} INFO - Processing /home/AtlasRise/airflow/airflow_env/lib/python3.12/site-packages/airflow/example_dags/example_branch_python_dop_operator_3.py took 0.124 seconds
[2024-11-18T21:07:20.773+0500] {processor.py:186} INFO - Started process (PID=21094) to work on /home/AtlasRise/airflow/airflow_env/lib/python3.12/site-packages/airflow/example_dags/example_branch_python_dop_operator_3.py
[2024-11-18T21:07:20.777+0500] {processor.py:914} INFO - Processing file /home/AtlasRise/airflow/airflow_env/lib/python3.12/site-packages/airflow/example_dags/example_branch_python_dop_operator_3.py for tasks to queue
[2024-11-18T21:07:20.780+0500] {logging_mixin.py:190} INFO - [2024-11-18T21:07:20.780+0500] {dagbag.py:588} INFO - Filling up the DagBag from /home/AtlasRise/airflow/airflow_env/lib/python3.12/site-packages/airflow/example_dags/example_branch_python_dop_operator_3.py
[2024-11-18T21:07:20.798+0500] {processor.py:925} INFO - DAG(s) 'example_branch_dop_operator_v3' retrieved from /home/AtlasRise/airflow/airflow_env/lib/python3.12/site-packages/airflow/example_dags/example_branch_python_dop_operator_3.py
[2024-11-18T21:07:20.823+0500] {logging_mixin.py:190} INFO - [2024-11-18T21:07:20.822+0500] {dag.py:3239} INFO - Sync 1 DAGs
[2024-11-18T21:07:20.865+0500] {logging_mixin.py:190} INFO - [2024-11-18T21:07:20.864+0500] {dag.py:4180} INFO - Setting next_dagrun for example_branch_dop_operator_v3 to 2024-11-18 16:06:00+00:00, run_after=2024-11-18 16:07:00+00:00
[2024-11-18T21:07:20.903+0500] {processor.py:208} INFO - Processing /home/AtlasRise/airflow/airflow_env/lib/python3.12/site-packages/airflow/example_dags/example_branch_python_dop_operator_3.py took 0.139 seconds
[2024-11-18T21:08:27.711+0500] {processor.py:186} INFO - Started process (PID=21165) to work on /home/AtlasRise/airflow/airflow_env/lib/python3.12/site-packages/airflow/example_dags/example_branch_python_dop_operator_3.py
[2024-11-18T21:08:27.712+0500] {processor.py:914} INFO - Processing file /home/AtlasRise/airflow/airflow_env/lib/python3.12/site-packages/airflow/example_dags/example_branch_python_dop_operator_3.py for tasks to queue
[2024-11-18T21:08:27.715+0500] {logging_mixin.py:190} INFO - [2024-11-18T21:08:27.715+0500] {dagbag.py:588} INFO - Filling up the DagBag from /home/AtlasRise/airflow/airflow_env/lib/python3.12/site-packages/airflow/example_dags/example_branch_python_dop_operator_3.py
[2024-11-18T21:08:27.732+0500] {processor.py:925} INFO - DAG(s) 'example_branch_dop_operator_v3' retrieved from /home/AtlasRise/airflow/airflow_env/lib/python3.12/site-packages/airflow/example_dags/example_branch_python_dop_operator_3.py
[2024-11-18T21:08:27.754+0500] {logging_mixin.py:190} INFO - [2024-11-18T21:08:27.754+0500] {dag.py:3239} INFO - Sync 1 DAGs
[2024-11-18T21:08:27.792+0500] {logging_mixin.py:190} INFO - [2024-11-18T21:08:27.792+0500] {dag.py:4180} INFO - Setting next_dagrun for example_branch_dop_operator_v3 to 2024-11-18 16:07:00+00:00, run_after=2024-11-18 16:08:00+00:00
[2024-11-18T21:08:27.824+0500] {processor.py:208} INFO - Processing /home/AtlasRise/airflow/airflow_env/lib/python3.12/site-packages/airflow/example_dags/example_branch_python_dop_operator_3.py took 0.121 seconds
[2024-11-18T21:09:34.902+0500] {processor.py:186} INFO - Started process (PID=21265) to work on /home/AtlasRise/airflow/airflow_env/lib/python3.12/site-packages/airflow/example_dags/example_branch_python_dop_operator_3.py
[2024-11-18T21:09:34.904+0500] {processor.py:914} INFO - Processing file /home/AtlasRise/airflow/airflow_env/lib/python3.12/site-packages/airflow/example_dags/example_branch_python_dop_operator_3.py for tasks to queue
[2024-11-18T21:09:34.906+0500] {logging_mixin.py:190} INFO - [2024-11-18T21:09:34.906+0500] {dagbag.py:588} INFO - Filling up the DagBag from /home/AtlasRise/airflow/airflow_env/lib/python3.12/site-packages/airflow/example_dags/example_branch_python_dop_operator_3.py
[2024-11-18T21:09:34.924+0500] {processor.py:925} INFO - DAG(s) 'example_branch_dop_operator_v3' retrieved from /home/AtlasRise/airflow/airflow_env/lib/python3.12/site-packages/airflow/example_dags/example_branch_python_dop_operator_3.py
[2024-11-18T21:09:34.949+0500] {logging_mixin.py:190} INFO - [2024-11-18T21:09:34.948+0500] {dag.py:3239} INFO - Sync 1 DAGs
[2024-11-18T21:09:34.992+0500] {logging_mixin.py:190} INFO - [2024-11-18T21:09:34.992+0500] {dag.py:4180} INFO - Setting next_dagrun for example_branch_dop_operator_v3 to 2024-11-18 16:08:00+00:00, run_after=2024-11-18 16:09:00+00:00
[2024-11-18T21:09:35.031+0500] {processor.py:208} INFO - Processing /home/AtlasRise/airflow/airflow_env/lib/python3.12/site-packages/airflow/example_dags/example_branch_python_dop_operator_3.py took 0.139 seconds
[2024-11-18T21:10:49.116+0500] {processor.py:186} INFO - Started process (PID=21355) to work on /home/AtlasRise/airflow/airflow_env/lib/python3.12/site-packages/airflow/example_dags/example_branch_python_dop_operator_3.py
[2024-11-18T21:10:49.117+0500] {processor.py:914} INFO - Processing file /home/AtlasRise/airflow/airflow_env/lib/python3.12/site-packages/airflow/example_dags/example_branch_python_dop_operator_3.py for tasks to queue
[2024-11-18T21:10:49.120+0500] {logging_mixin.py:190} INFO - [2024-11-18T21:10:49.120+0500] {dagbag.py:588} INFO - Filling up the DagBag from /home/AtlasRise/airflow/airflow_env/lib/python3.12/site-packages/airflow/example_dags/example_branch_python_dop_operator_3.py
[2024-11-18T21:10:49.139+0500] {processor.py:925} INFO - DAG(s) 'example_branch_dop_operator_v3' retrieved from /home/AtlasRise/airflow/airflow_env/lib/python3.12/site-packages/airflow/example_dags/example_branch_python_dop_operator_3.py
[2024-11-18T21:10:49.162+0500] {logging_mixin.py:190} INFO - [2024-11-18T21:10:49.162+0500] {dag.py:3239} INFO - Sync 1 DAGs
[2024-11-18T21:10:49.203+0500] {logging_mixin.py:190} INFO - [2024-11-18T21:10:49.203+0500] {dag.py:4180} INFO - Setting next_dagrun for example_branch_dop_operator_v3 to 2024-11-18 16:09:00+00:00, run_after=2024-11-18 16:10:00+00:00
[2024-11-18T21:10:49.238+0500] {processor.py:208} INFO - Processing /home/AtlasRise/airflow/airflow_env/lib/python3.12/site-packages/airflow/example_dags/example_branch_python_dop_operator_3.py took 0.131 seconds
[2024-11-18T21:12:23.595+0500] {processor.py:186} INFO - Started process (PID=21517) to work on /home/AtlasRise/airflow/airflow_env/lib/python3.12/site-packages/airflow/example_dags/example_branch_python_dop_operator_3.py
[2024-11-18T21:12:23.597+0500] {processor.py:914} INFO - Processing file /home/AtlasRise/airflow/airflow_env/lib/python3.12/site-packages/airflow/example_dags/example_branch_python_dop_operator_3.py for tasks to queue
[2024-11-18T21:12:23.600+0500] {logging_mixin.py:190} INFO - [2024-11-18T21:12:23.600+0500] {dagbag.py:588} INFO - Filling up the DagBag from /home/AtlasRise/airflow/airflow_env/lib/python3.12/site-packages/airflow/example_dags/example_branch_python_dop_operator_3.py
[2024-11-18T21:12:23.617+0500] {processor.py:925} INFO - DAG(s) 'example_branch_dop_operator_v3' retrieved from /home/AtlasRise/airflow/airflow_env/lib/python3.12/site-packages/airflow/example_dags/example_branch_python_dop_operator_3.py
[2024-11-18T21:12:23.641+0500] {logging_mixin.py:190} INFO - [2024-11-18T21:12:23.641+0500] {dag.py:3239} INFO - Sync 1 DAGs
[2024-11-18T21:12:23.682+0500] {logging_mixin.py:190} INFO - [2024-11-18T21:12:23.682+0500] {dag.py:4180} INFO - Setting next_dagrun for example_branch_dop_operator_v3 to 2024-11-18 16:11:00+00:00, run_after=2024-11-18 16:12:00+00:00
[2024-11-18T21:12:23.715+0500] {processor.py:208} INFO - Processing /home/AtlasRise/airflow/airflow_env/lib/python3.12/site-packages/airflow/example_dags/example_branch_python_dop_operator_3.py took 0.129 seconds
[2024-11-18T21:14:06.372+0500] {processor.py:186} INFO - Started process (PID=21631) to work on /home/AtlasRise/airflow/airflow_env/lib/python3.12/site-packages/airflow/example_dags/example_branch_python_dop_operator_3.py
[2024-11-18T21:14:06.374+0500] {processor.py:914} INFO - Processing file /home/AtlasRise/airflow/airflow_env/lib/python3.12/site-packages/airflow/example_dags/example_branch_python_dop_operator_3.py for tasks to queue
[2024-11-18T21:14:06.378+0500] {logging_mixin.py:190} INFO - [2024-11-18T21:14:06.378+0500] {dagbag.py:588} INFO - Filling up the DagBag from /home/AtlasRise/airflow/airflow_env/lib/python3.12/site-packages/airflow/example_dags/example_branch_python_dop_operator_3.py
[2024-11-18T21:14:06.394+0500] {processor.py:925} INFO - DAG(s) 'example_branch_dop_operator_v3' retrieved from /home/AtlasRise/airflow/airflow_env/lib/python3.12/site-packages/airflow/example_dags/example_branch_python_dop_operator_3.py
[2024-11-18T21:14:06.417+0500] {logging_mixin.py:190} INFO - [2024-11-18T21:14:06.416+0500] {dag.py:3239} INFO - Sync 1 DAGs
[2024-11-18T21:14:06.456+0500] {logging_mixin.py:190} INFO - [2024-11-18T21:14:06.456+0500] {dag.py:4180} INFO - Setting next_dagrun for example_branch_dop_operator_v3 to 2024-11-18 16:13:00+00:00, run_after=2024-11-18 16:14:00+00:00
[2024-11-18T21:14:06.488+0500] {processor.py:208} INFO - Processing /home/AtlasRise/airflow/airflow_env/lib/python3.12/site-packages/airflow/example_dags/example_branch_python_dop_operator_3.py took 0.125 seconds
[2024-11-18T21:15:32.358+0500] {processor.py:186} INFO - Started process (PID=21753) to work on /home/AtlasRise/airflow/airflow_env/lib/python3.12/site-packages/airflow/example_dags/example_branch_python_dop_operator_3.py
[2024-11-18T21:15:32.359+0500] {processor.py:914} INFO - Processing file /home/AtlasRise/airflow/airflow_env/lib/python3.12/site-packages/airflow/example_dags/example_branch_python_dop_operator_3.py for tasks to queue
[2024-11-18T21:15:32.362+0500] {logging_mixin.py:190} INFO - [2024-11-18T21:15:32.362+0500] {dagbag.py:588} INFO - Filling up the DagBag from /home/AtlasRise/airflow/airflow_env/lib/python3.12/site-packages/airflow/example_dags/example_branch_python_dop_operator_3.py
[2024-11-18T21:15:32.378+0500] {processor.py:925} INFO - DAG(s) 'example_branch_dop_operator_v3' retrieved from /home/AtlasRise/airflow/airflow_env/lib/python3.12/site-packages/airflow/example_dags/example_branch_python_dop_operator_3.py
[2024-11-18T21:15:32.402+0500] {logging_mixin.py:190} INFO - [2024-11-18T21:15:32.401+0500] {dag.py:3239} INFO - Sync 1 DAGs
[2024-11-18T21:15:32.441+0500] {logging_mixin.py:190} INFO - [2024-11-18T21:15:32.441+0500] {dag.py:4180} INFO - Setting next_dagrun for example_branch_dop_operator_v3 to 2024-11-18 16:14:00+00:00, run_after=2024-11-18 16:15:00+00:00
[2024-11-18T21:15:32.474+0500] {processor.py:208} INFO - Processing /home/AtlasRise/airflow/airflow_env/lib/python3.12/site-packages/airflow/example_dags/example_branch_python_dop_operator_3.py took 0.125 seconds
[2024-11-18T21:17:26.643+0500] {processor.py:186} INFO - Started process (PID=21914) to work on /home/AtlasRise/airflow/airflow_env/lib/python3.12/site-packages/airflow/example_dags/example_branch_python_dop_operator_3.py
[2024-11-18T21:17:26.645+0500] {processor.py:914} INFO - Processing file /home/AtlasRise/airflow/airflow_env/lib/python3.12/site-packages/airflow/example_dags/example_branch_python_dop_operator_3.py for tasks to queue
[2024-11-18T21:17:26.650+0500] {logging_mixin.py:190} INFO - [2024-11-18T21:17:26.650+0500] {dagbag.py:588} INFO - Filling up the DagBag from /home/AtlasRise/airflow/airflow_env/lib/python3.12/site-packages/airflow/example_dags/example_branch_python_dop_operator_3.py
[2024-11-18T21:17:26.673+0500] {processor.py:925} INFO - DAG(s) 'example_branch_dop_operator_v3' retrieved from /home/AtlasRise/airflow/airflow_env/lib/python3.12/site-packages/airflow/example_dags/example_branch_python_dop_operator_3.py
[2024-11-18T21:17:26.698+0500] {logging_mixin.py:190} INFO - [2024-11-18T21:17:26.697+0500] {dag.py:3239} INFO - Sync 1 DAGs
[2024-11-18T21:17:26.741+0500] {logging_mixin.py:190} INFO - [2024-11-18T21:17:26.741+0500] {dag.py:4180} INFO - Setting next_dagrun for example_branch_dop_operator_v3 to 2024-11-18 16:16:00+00:00, run_after=2024-11-18 16:17:00+00:00
[2024-11-18T21:17:26.777+0500] {processor.py:208} INFO - Processing /home/AtlasRise/airflow/airflow_env/lib/python3.12/site-packages/airflow/example_dags/example_branch_python_dop_operator_3.py took 0.174 seconds
[2024-11-18T21:19:20.774+0500] {processor.py:186} INFO - Started process (PID=22087) to work on /home/AtlasRise/airflow/airflow_env/lib/python3.12/site-packages/airflow/example_dags/example_branch_python_dop_operator_3.py
[2024-11-18T21:19:20.776+0500] {processor.py:914} INFO - Processing file /home/AtlasRise/airflow/airflow_env/lib/python3.12/site-packages/airflow/example_dags/example_branch_python_dop_operator_3.py for tasks to queue
[2024-11-18T21:19:20.779+0500] {logging_mixin.py:190} INFO - [2024-11-18T21:19:20.778+0500] {dagbag.py:588} INFO - Filling up the DagBag from /home/AtlasRise/airflow/airflow_env/lib/python3.12/site-packages/airflow/example_dags/example_branch_python_dop_operator_3.py
[2024-11-18T21:19:20.796+0500] {processor.py:925} INFO - DAG(s) 'example_branch_dop_operator_v3' retrieved from /home/AtlasRise/airflow/airflow_env/lib/python3.12/site-packages/airflow/example_dags/example_branch_python_dop_operator_3.py
[2024-11-18T21:19:20.820+0500] {logging_mixin.py:190} INFO - [2024-11-18T21:19:20.819+0500] {dag.py:3239} INFO - Sync 1 DAGs
[2024-11-18T21:19:20.859+0500] {logging_mixin.py:190} INFO - [2024-11-18T21:19:20.858+0500] {dag.py:4180} INFO - Setting next_dagrun for example_branch_dop_operator_v3 to 2024-11-18 16:18:00+00:00, run_after=2024-11-18 16:19:00+00:00
[2024-11-18T21:19:20.894+0500] {processor.py:208} INFO - Processing /home/AtlasRise/airflow/airflow_env/lib/python3.12/site-packages/airflow/example_dags/example_branch_python_dop_operator_3.py took 0.129 seconds
[2024-11-18T21:20:39.121+0500] {processor.py:186} INFO - Started process (PID=22168) to work on /home/AtlasRise/airflow/airflow_env/lib/python3.12/site-packages/airflow/example_dags/example_branch_python_dop_operator_3.py
[2024-11-18T21:20:39.123+0500] {processor.py:914} INFO - Processing file /home/AtlasRise/airflow/airflow_env/lib/python3.12/site-packages/airflow/example_dags/example_branch_python_dop_operator_3.py for tasks to queue
[2024-11-18T21:20:39.127+0500] {logging_mixin.py:190} INFO - [2024-11-18T21:20:39.126+0500] {dagbag.py:588} INFO - Filling up the DagBag from /home/AtlasRise/airflow/airflow_env/lib/python3.12/site-packages/airflow/example_dags/example_branch_python_dop_operator_3.py
[2024-11-18T21:20:39.143+0500] {processor.py:925} INFO - DAG(s) 'example_branch_dop_operator_v3' retrieved from /home/AtlasRise/airflow/airflow_env/lib/python3.12/site-packages/airflow/example_dags/example_branch_python_dop_operator_3.py
[2024-11-18T21:20:39.166+0500] {logging_mixin.py:190} INFO - [2024-11-18T21:20:39.166+0500] {dag.py:3239} INFO - Sync 1 DAGs
[2024-11-18T21:20:39.204+0500] {logging_mixin.py:190} INFO - [2024-11-18T21:20:39.203+0500] {dag.py:4180} INFO - Setting next_dagrun for example_branch_dop_operator_v3 to 2024-11-18 16:19:00+00:00, run_after=2024-11-18 16:20:00+00:00
[2024-11-18T21:20:39.236+0500] {processor.py:208} INFO - Processing /home/AtlasRise/airflow/airflow_env/lib/python3.12/site-packages/airflow/example_dags/example_branch_python_dop_operator_3.py took 0.123 seconds
[2024-11-18T21:21:52.819+0500] {processor.py:186} INFO - Started process (PID=22271) to work on /home/AtlasRise/airflow/airflow_env/lib/python3.12/site-packages/airflow/example_dags/example_branch_python_dop_operator_3.py
[2024-11-18T21:21:52.820+0500] {processor.py:914} INFO - Processing file /home/AtlasRise/airflow/airflow_env/lib/python3.12/site-packages/airflow/example_dags/example_branch_python_dop_operator_3.py for tasks to queue
[2024-11-18T21:21:52.824+0500] {logging_mixin.py:190} INFO - [2024-11-18T21:21:52.823+0500] {dagbag.py:588} INFO - Filling up the DagBag from /home/AtlasRise/airflow/airflow_env/lib/python3.12/site-packages/airflow/example_dags/example_branch_python_dop_operator_3.py
[2024-11-18T21:21:52.839+0500] {processor.py:925} INFO - DAG(s) 'example_branch_dop_operator_v3' retrieved from /home/AtlasRise/airflow/airflow_env/lib/python3.12/site-packages/airflow/example_dags/example_branch_python_dop_operator_3.py
[2024-11-18T21:21:52.863+0500] {logging_mixin.py:190} INFO - [2024-11-18T21:21:52.863+0500] {dag.py:3239} INFO - Sync 1 DAGs
[2024-11-18T21:21:52.903+0500] {logging_mixin.py:190} INFO - [2024-11-18T21:21:52.903+0500] {dag.py:4180} INFO - Setting next_dagrun for example_branch_dop_operator_v3 to 2024-11-18 16:20:00+00:00, run_after=2024-11-18 16:21:00+00:00
[2024-11-18T21:21:52.935+0500] {processor.py:208} INFO - Processing /home/AtlasRise/airflow/airflow_env/lib/python3.12/site-packages/airflow/example_dags/example_branch_python_dop_operator_3.py took 0.124 seconds
[2024-11-18T21:23:00.268+0500] {processor.py:186} INFO - Started process (PID=22351) to work on /home/AtlasRise/airflow/airflow_env/lib/python3.12/site-packages/airflow/example_dags/example_branch_python_dop_operator_3.py
[2024-11-18T21:23:00.269+0500] {processor.py:914} INFO - Processing file /home/AtlasRise/airflow/airflow_env/lib/python3.12/site-packages/airflow/example_dags/example_branch_python_dop_operator_3.py for tasks to queue
[2024-11-18T21:23:00.273+0500] {logging_mixin.py:190} INFO - [2024-11-18T21:23:00.273+0500] {dagbag.py:588} INFO - Filling up the DagBag from /home/AtlasRise/airflow/airflow_env/lib/python3.12/site-packages/airflow/example_dags/example_branch_python_dop_operator_3.py
[2024-11-18T21:23:00.289+0500] {processor.py:925} INFO - DAG(s) 'example_branch_dop_operator_v3' retrieved from /home/AtlasRise/airflow/airflow_env/lib/python3.12/site-packages/airflow/example_dags/example_branch_python_dop_operator_3.py
[2024-11-18T21:23:00.313+0500] {logging_mixin.py:190} INFO - [2024-11-18T21:23:00.312+0500] {dag.py:3239} INFO - Sync 1 DAGs
[2024-11-18T21:23:00.354+0500] {logging_mixin.py:190} INFO - [2024-11-18T21:23:00.353+0500] {dag.py:4180} INFO - Setting next_dagrun for example_branch_dop_operator_v3 to 2024-11-18 16:22:00+00:00, run_after=2024-11-18 16:23:00+00:00
[2024-11-18T21:23:00.397+0500] {processor.py:208} INFO - Processing /home/AtlasRise/airflow/airflow_env/lib/python3.12/site-packages/airflow/example_dags/example_branch_python_dop_operator_3.py took 0.138 seconds
