[2024-11-18T20:41:26.479+0500] {processor.py:186} INFO - Started process (PID=18979) to work on /home/AtlasRise/airflow/airflow_env/lib/python3.12/site-packages/airflow/example_dags/example_bash_operator.py
[2024-11-18T20:41:26.480+0500] {processor.py:914} INFO - Processing file /home/AtlasRise/airflow/airflow_env/lib/python3.12/site-packages/airflow/example_dags/example_bash_operator.py for tasks to queue
[2024-11-18T20:41:26.483+0500] {logging_mixin.py:190} INFO - [2024-11-18T20:41:26.482+0500] {dagbag.py:588} INFO - Filling up the DagBag from /home/AtlasRise/airflow/airflow_env/lib/python3.12/site-packages/airflow/example_dags/example_bash_operator.py
[2024-11-18T20:41:26.503+0500] {processor.py:925} INFO - DAG(s) 'example_bash_operator' retrieved from /home/AtlasRise/airflow/airflow_env/lib/python3.12/site-packages/airflow/example_dags/example_bash_operator.py
[2024-11-18T20:41:26.686+0500] {logging_mixin.py:190} INFO - [2024-11-18T20:41:26.685+0500] {override.py:1911} INFO - Created Permission View: can read on DAG:example_bash_operator
[2024-11-18T20:41:26.704+0500] {logging_mixin.py:190} INFO - [2024-11-18T20:41:26.703+0500] {override.py:1911} INFO - Created Permission View: can edit on DAG:example_bash_operator
[2024-11-18T20:41:26.716+0500] {logging_mixin.py:190} INFO - [2024-11-18T20:41:26.715+0500] {override.py:1911} INFO - Created Permission View: can delete on DAG:example_bash_operator
[2024-11-18T20:41:26.738+0500] {logging_mixin.py:190} INFO - [2024-11-18T20:41:26.738+0500] {override.py:1911} INFO - Created Permission View: can read on DAG Run:example_bash_operator
[2024-11-18T20:41:26.757+0500] {logging_mixin.py:190} INFO - [2024-11-18T20:41:26.756+0500] {override.py:1911} INFO - Created Permission View: can create on DAG Run:example_bash_operator
[2024-11-18T20:41:26.773+0500] {logging_mixin.py:190} INFO - [2024-11-18T20:41:26.773+0500] {override.py:1911} INFO - Created Permission View: can delete on DAG Run:example_bash_operator
[2024-11-18T20:41:26.791+0500] {logging_mixin.py:190} INFO - [2024-11-18T20:41:26.790+0500] {override.py:1911} INFO - Created Permission View: menu access on DAG Run:example_bash_operator
[2024-11-18T20:41:26.792+0500] {logging_mixin.py:190} INFO - [2024-11-18T20:41:26.791+0500] {dag.py:3239} INFO - Sync 1 DAGs
[2024-11-18T20:41:26.810+0500] {logging_mixin.py:190} INFO - [2024-11-18T20:41:26.810+0500] {dag.py:3262} INFO - Creating ORM DAG for example_bash_operator
[2024-11-18T20:41:26.825+0500] {logging_mixin.py:190} INFO - [2024-11-18T20:41:26.824+0500] {dag.py:4180} INFO - Setting next_dagrun for example_bash_operator to 2024-11-17 00:00:00+00:00, run_after=2024-11-18 00:00:00+00:00
[2024-11-18T20:41:26.856+0500] {processor.py:208} INFO - Processing /home/AtlasRise/airflow/airflow_env/lib/python3.12/site-packages/airflow/example_dags/example_bash_operator.py took 0.385 seconds
[2024-11-18T20:42:41.864+0500] {processor.py:186} INFO - Started process (PID=19170) to work on /home/AtlasRise/airflow/airflow_env/lib/python3.12/site-packages/airflow/example_dags/example_bash_operator.py
[2024-11-18T20:42:41.867+0500] {processor.py:914} INFO - Processing file /home/AtlasRise/airflow/airflow_env/lib/python3.12/site-packages/airflow/example_dags/example_bash_operator.py for tasks to queue
[2024-11-18T20:42:41.870+0500] {logging_mixin.py:190} INFO - [2024-11-18T20:42:41.869+0500] {dagbag.py:588} INFO - Filling up the DagBag from /home/AtlasRise/airflow/airflow_env/lib/python3.12/site-packages/airflow/example_dags/example_bash_operator.py
[2024-11-18T20:42:41.890+0500] {processor.py:925} INFO - DAG(s) 'example_bash_operator' retrieved from /home/AtlasRise/airflow/airflow_env/lib/python3.12/site-packages/airflow/example_dags/example_bash_operator.py
[2024-11-18T20:42:41.925+0500] {logging_mixin.py:190} INFO - [2024-11-18T20:42:41.925+0500] {dag.py:3239} INFO - Sync 1 DAGs
[2024-11-18T20:42:41.959+0500] {logging_mixin.py:190} INFO - [2024-11-18T20:42:41.959+0500] {dag.py:4180} INFO - Setting next_dagrun for example_bash_operator to 2024-11-17 00:00:00+00:00, run_after=2024-11-18 00:00:00+00:00
[2024-11-18T20:42:41.995+0500] {processor.py:208} INFO - Processing /home/AtlasRise/airflow/airflow_env/lib/python3.12/site-packages/airflow/example_dags/example_bash_operator.py took 0.138 seconds
[2024-11-18T20:43:49.465+0500] {processor.py:186} INFO - Started process (PID=19251) to work on /home/AtlasRise/airflow/airflow_env/lib/python3.12/site-packages/airflow/example_dags/example_bash_operator.py
[2024-11-18T20:43:49.467+0500] {processor.py:914} INFO - Processing file /home/AtlasRise/airflow/airflow_env/lib/python3.12/site-packages/airflow/example_dags/example_bash_operator.py for tasks to queue
[2024-11-18T20:43:49.470+0500] {logging_mixin.py:190} INFO - [2024-11-18T20:43:49.469+0500] {dagbag.py:588} INFO - Filling up the DagBag from /home/AtlasRise/airflow/airflow_env/lib/python3.12/site-packages/airflow/example_dags/example_bash_operator.py
[2024-11-18T20:43:49.490+0500] {processor.py:925} INFO - DAG(s) 'example_bash_operator' retrieved from /home/AtlasRise/airflow/airflow_env/lib/python3.12/site-packages/airflow/example_dags/example_bash_operator.py
[2024-11-18T20:43:49.528+0500] {logging_mixin.py:190} INFO - [2024-11-18T20:43:49.527+0500] {dag.py:3239} INFO - Sync 1 DAGs
[2024-11-18T20:43:49.562+0500] {logging_mixin.py:190} INFO - [2024-11-18T20:43:49.561+0500] {dag.py:4180} INFO - Setting next_dagrun for example_bash_operator to 2024-11-17 00:00:00+00:00, run_after=2024-11-18 00:00:00+00:00
[2024-11-18T20:43:49.596+0500] {processor.py:208} INFO - Processing /home/AtlasRise/airflow/airflow_env/lib/python3.12/site-packages/airflow/example_dags/example_bash_operator.py took 0.139 seconds
[2024-11-18T20:44:54.004+0500] {processor.py:186} INFO - Started process (PID=19320) to work on /home/AtlasRise/airflow/airflow_env/lib/python3.12/site-packages/airflow/example_dags/example_bash_operator.py
[2024-11-18T20:44:54.006+0500] {processor.py:914} INFO - Processing file /home/AtlasRise/airflow/airflow_env/lib/python3.12/site-packages/airflow/example_dags/example_bash_operator.py for tasks to queue
[2024-11-18T20:44:54.008+0500] {logging_mixin.py:190} INFO - [2024-11-18T20:44:54.008+0500] {dagbag.py:588} INFO - Filling up the DagBag from /home/AtlasRise/airflow/airflow_env/lib/python3.12/site-packages/airflow/example_dags/example_bash_operator.py
[2024-11-18T20:44:54.029+0500] {processor.py:925} INFO - DAG(s) 'example_bash_operator' retrieved from /home/AtlasRise/airflow/airflow_env/lib/python3.12/site-packages/airflow/example_dags/example_bash_operator.py
[2024-11-18T20:44:54.064+0500] {logging_mixin.py:190} INFO - [2024-11-18T20:44:54.063+0500] {dag.py:3239} INFO - Sync 1 DAGs
[2024-11-18T20:44:54.097+0500] {logging_mixin.py:190} INFO - [2024-11-18T20:44:54.097+0500] {dag.py:4180} INFO - Setting next_dagrun for example_bash_operator to 2024-11-17 00:00:00+00:00, run_after=2024-11-18 00:00:00+00:00
[2024-11-18T20:44:54.131+0500] {processor.py:208} INFO - Processing /home/AtlasRise/airflow/airflow_env/lib/python3.12/site-packages/airflow/example_dags/example_bash_operator.py took 0.134 seconds
[2024-11-18T20:46:07.989+0500] {processor.py:186} INFO - Started process (PID=19513) to work on /home/AtlasRise/airflow/airflow_env/lib/python3.12/site-packages/airflow/example_dags/example_bash_operator.py
[2024-11-18T20:46:07.992+0500] {processor.py:914} INFO - Processing file /home/AtlasRise/airflow/airflow_env/lib/python3.12/site-packages/airflow/example_dags/example_bash_operator.py for tasks to queue
[2024-11-18T20:46:07.994+0500] {logging_mixin.py:190} INFO - [2024-11-18T20:46:07.994+0500] {dagbag.py:588} INFO - Filling up the DagBag from /home/AtlasRise/airflow/airflow_env/lib/python3.12/site-packages/airflow/example_dags/example_bash_operator.py
[2024-11-18T20:46:08.168+0500] {processor.py:925} INFO - DAG(s) 'example_bash_operator' retrieved from /home/AtlasRise/airflow/airflow_env/lib/python3.12/site-packages/airflow/example_dags/example_bash_operator.py
[2024-11-18T20:46:08.199+0500] {logging_mixin.py:190} INFO - [2024-11-18T20:46:08.199+0500] {dag.py:3239} INFO - Sync 1 DAGs
[2024-11-18T20:46:08.229+0500] {logging_mixin.py:190} INFO - [2024-11-18T20:46:08.229+0500] {dag.py:4180} INFO - Setting next_dagrun for example_bash_operator to 2024-11-17 00:00:00+00:00, run_after=2024-11-18 00:00:00+00:00
[2024-11-18T20:46:08.260+0500] {processor.py:208} INFO - Processing /home/AtlasRise/airflow/airflow_env/lib/python3.12/site-packages/airflow/example_dags/example_bash_operator.py took 0.278 seconds
[2024-11-18T20:47:23.305+0500] {processor.py:186} INFO - Started process (PID=19620) to work on /home/AtlasRise/airflow/airflow_env/lib/python3.12/site-packages/airflow/example_dags/example_bash_operator.py
[2024-11-18T20:47:23.307+0500] {processor.py:914} INFO - Processing file /home/AtlasRise/airflow/airflow_env/lib/python3.12/site-packages/airflow/example_dags/example_bash_operator.py for tasks to queue
[2024-11-18T20:47:23.310+0500] {logging_mixin.py:190} INFO - [2024-11-18T20:47:23.310+0500] {dagbag.py:588} INFO - Filling up the DagBag from /home/AtlasRise/airflow/airflow_env/lib/python3.12/site-packages/airflow/example_dags/example_bash_operator.py
[2024-11-18T20:47:23.332+0500] {processor.py:925} INFO - DAG(s) 'example_bash_operator' retrieved from /home/AtlasRise/airflow/airflow_env/lib/python3.12/site-packages/airflow/example_dags/example_bash_operator.py
[2024-11-18T20:47:23.369+0500] {logging_mixin.py:190} INFO - [2024-11-18T20:47:23.369+0500] {dag.py:3239} INFO - Sync 1 DAGs
[2024-11-18T20:47:23.406+0500] {logging_mixin.py:190} INFO - [2024-11-18T20:47:23.406+0500] {dag.py:4180} INFO - Setting next_dagrun for example_bash_operator to 2024-11-17 00:00:00+00:00, run_after=2024-11-18 00:00:00+00:00
[2024-11-18T20:47:23.439+0500] {processor.py:208} INFO - Processing /home/AtlasRise/airflow/airflow_env/lib/python3.12/site-packages/airflow/example_dags/example_bash_operator.py took 0.142 seconds
[2024-11-18T20:48:28.751+0500] {processor.py:186} INFO - Started process (PID=19770) to work on /home/AtlasRise/airflow/airflow_env/lib/python3.12/site-packages/airflow/example_dags/example_bash_operator.py
[2024-11-18T20:48:28.753+0500] {processor.py:914} INFO - Processing file /home/AtlasRise/airflow/airflow_env/lib/python3.12/site-packages/airflow/example_dags/example_bash_operator.py for tasks to queue
[2024-11-18T20:48:28.756+0500] {logging_mixin.py:190} INFO - [2024-11-18T20:48:28.755+0500] {dagbag.py:588} INFO - Filling up the DagBag from /home/AtlasRise/airflow/airflow_env/lib/python3.12/site-packages/airflow/example_dags/example_bash_operator.py
[2024-11-18T20:48:28.777+0500] {processor.py:925} INFO - DAG(s) 'example_bash_operator' retrieved from /home/AtlasRise/airflow/airflow_env/lib/python3.12/site-packages/airflow/example_dags/example_bash_operator.py
[2024-11-18T20:48:28.813+0500] {logging_mixin.py:190} INFO - [2024-11-18T20:48:28.813+0500] {dag.py:3239} INFO - Sync 1 DAGs
[2024-11-18T20:48:28.849+0500] {logging_mixin.py:190} INFO - [2024-11-18T20:48:28.848+0500] {dag.py:4180} INFO - Setting next_dagrun for example_bash_operator to 2024-11-17 00:00:00+00:00, run_after=2024-11-18 00:00:00+00:00
[2024-11-18T20:48:28.882+0500] {processor.py:208} INFO - Processing /home/AtlasRise/airflow/airflow_env/lib/python3.12/site-packages/airflow/example_dags/example_bash_operator.py took 0.139 seconds
[2024-11-18T20:49:38.217+0500] {processor.py:186} INFO - Started process (PID=19854) to work on /home/AtlasRise/airflow/airflow_env/lib/python3.12/site-packages/airflow/example_dags/example_bash_operator.py
[2024-11-18T20:49:38.219+0500] {processor.py:914} INFO - Processing file /home/AtlasRise/airflow/airflow_env/lib/python3.12/site-packages/airflow/example_dags/example_bash_operator.py for tasks to queue
[2024-11-18T20:49:38.223+0500] {logging_mixin.py:190} INFO - [2024-11-18T20:49:38.222+0500] {dagbag.py:588} INFO - Filling up the DagBag from /home/AtlasRise/airflow/airflow_env/lib/python3.12/site-packages/airflow/example_dags/example_bash_operator.py
[2024-11-18T20:49:38.246+0500] {processor.py:925} INFO - DAG(s) 'example_bash_operator' retrieved from /home/AtlasRise/airflow/airflow_env/lib/python3.12/site-packages/airflow/example_dags/example_bash_operator.py
[2024-11-18T20:49:38.283+0500] {logging_mixin.py:190} INFO - [2024-11-18T20:49:38.282+0500] {dag.py:3239} INFO - Sync 1 DAGs
[2024-11-18T20:49:38.317+0500] {logging_mixin.py:190} INFO - [2024-11-18T20:49:38.317+0500] {dag.py:4180} INFO - Setting next_dagrun for example_bash_operator to 2024-11-17 00:00:00+00:00, run_after=2024-11-18 00:00:00+00:00
[2024-11-18T20:49:38.350+0500] {processor.py:208} INFO - Processing /home/AtlasRise/airflow/airflow_env/lib/python3.12/site-packages/airflow/example_dags/example_bash_operator.py took 0.142 seconds
[2024-11-18T20:50:47.089+0500] {processor.py:186} INFO - Started process (PID=19928) to work on /home/AtlasRise/airflow/airflow_env/lib/python3.12/site-packages/airflow/example_dags/example_bash_operator.py
[2024-11-18T20:50:47.090+0500] {processor.py:914} INFO - Processing file /home/AtlasRise/airflow/airflow_env/lib/python3.12/site-packages/airflow/example_dags/example_bash_operator.py for tasks to queue
[2024-11-18T20:50:47.094+0500] {logging_mixin.py:190} INFO - [2024-11-18T20:50:47.093+0500] {dagbag.py:588} INFO - Filling up the DagBag from /home/AtlasRise/airflow/airflow_env/lib/python3.12/site-packages/airflow/example_dags/example_bash_operator.py
[2024-11-18T20:50:47.118+0500] {processor.py:925} INFO - DAG(s) 'example_bash_operator' retrieved from /home/AtlasRise/airflow/airflow_env/lib/python3.12/site-packages/airflow/example_dags/example_bash_operator.py
[2024-11-18T20:50:47.154+0500] {logging_mixin.py:190} INFO - [2024-11-18T20:50:47.154+0500] {dag.py:3239} INFO - Sync 1 DAGs
[2024-11-18T20:50:47.189+0500] {logging_mixin.py:190} INFO - [2024-11-18T20:50:47.188+0500] {dag.py:4180} INFO - Setting next_dagrun for example_bash_operator to 2024-11-17 00:00:00+00:00, run_after=2024-11-18 00:00:00+00:00
[2024-11-18T20:50:47.221+0500] {processor.py:208} INFO - Processing /home/AtlasRise/airflow/airflow_env/lib/python3.12/site-packages/airflow/example_dags/example_bash_operator.py took 0.143 seconds
[2024-11-18T20:51:58.325+0500] {processor.py:186} INFO - Started process (PID=20014) to work on /home/AtlasRise/airflow/airflow_env/lib/python3.12/site-packages/airflow/example_dags/example_bash_operator.py
[2024-11-18T20:51:58.327+0500] {processor.py:914} INFO - Processing file /home/AtlasRise/airflow/airflow_env/lib/python3.12/site-packages/airflow/example_dags/example_bash_operator.py for tasks to queue
[2024-11-18T20:51:58.330+0500] {logging_mixin.py:190} INFO - [2024-11-18T20:51:58.329+0500] {dagbag.py:588} INFO - Filling up the DagBag from /home/AtlasRise/airflow/airflow_env/lib/python3.12/site-packages/airflow/example_dags/example_bash_operator.py
[2024-11-18T20:51:58.353+0500] {processor.py:925} INFO - DAG(s) 'example_bash_operator' retrieved from /home/AtlasRise/airflow/airflow_env/lib/python3.12/site-packages/airflow/example_dags/example_bash_operator.py
[2024-11-18T20:51:58.392+0500] {logging_mixin.py:190} INFO - [2024-11-18T20:51:58.392+0500] {dag.py:3239} INFO - Sync 1 DAGs
[2024-11-18T20:51:58.428+0500] {logging_mixin.py:190} INFO - [2024-11-18T20:51:58.427+0500] {dag.py:4180} INFO - Setting next_dagrun for example_bash_operator to 2024-11-17 00:00:00+00:00, run_after=2024-11-18 00:00:00+00:00
[2024-11-18T20:51:58.462+0500] {processor.py:208} INFO - Processing /home/AtlasRise/airflow/airflow_env/lib/python3.12/site-packages/airflow/example_dags/example_bash_operator.py took 0.145 seconds
[2024-11-18T20:53:04.849+0500] {processor.py:186} INFO - Started process (PID=20086) to work on /home/AtlasRise/airflow/airflow_env/lib/python3.12/site-packages/airflow/example_dags/example_bash_operator.py
[2024-11-18T20:53:04.852+0500] {processor.py:914} INFO - Processing file /home/AtlasRise/airflow/airflow_env/lib/python3.12/site-packages/airflow/example_dags/example_bash_operator.py for tasks to queue
[2024-11-18T20:53:04.855+0500] {logging_mixin.py:190} INFO - [2024-11-18T20:53:04.854+0500] {dagbag.py:588} INFO - Filling up the DagBag from /home/AtlasRise/airflow/airflow_env/lib/python3.12/site-packages/airflow/example_dags/example_bash_operator.py
[2024-11-18T20:53:04.877+0500] {processor.py:925} INFO - DAG(s) 'example_bash_operator' retrieved from /home/AtlasRise/airflow/airflow_env/lib/python3.12/site-packages/airflow/example_dags/example_bash_operator.py
[2024-11-18T20:53:04.913+0500] {logging_mixin.py:190} INFO - [2024-11-18T20:53:04.913+0500] {dag.py:3239} INFO - Sync 1 DAGs
[2024-11-18T20:53:04.949+0500] {logging_mixin.py:190} INFO - [2024-11-18T20:53:04.948+0500] {dag.py:4180} INFO - Setting next_dagrun for example_bash_operator to 2024-11-17 00:00:00+00:00, run_after=2024-11-18 00:00:00+00:00
[2024-11-18T20:53:04.982+0500] {processor.py:208} INFO - Processing /home/AtlasRise/airflow/airflow_env/lib/python3.12/site-packages/airflow/example_dags/example_bash_operator.py took 0.140 seconds
[2024-11-18T20:54:16.653+0500] {processor.py:186} INFO - Started process (PID=20172) to work on /home/AtlasRise/airflow/airflow_env/lib/python3.12/site-packages/airflow/example_dags/example_bash_operator.py
[2024-11-18T20:54:16.656+0500] {processor.py:914} INFO - Processing file /home/AtlasRise/airflow/airflow_env/lib/python3.12/site-packages/airflow/example_dags/example_bash_operator.py for tasks to queue
[2024-11-18T20:54:16.659+0500] {logging_mixin.py:190} INFO - [2024-11-18T20:54:16.658+0500] {dagbag.py:588} INFO - Filling up the DagBag from /home/AtlasRise/airflow/airflow_env/lib/python3.12/site-packages/airflow/example_dags/example_bash_operator.py
[2024-11-18T20:54:16.680+0500] {processor.py:925} INFO - DAG(s) 'example_bash_operator' retrieved from /home/AtlasRise/airflow/airflow_env/lib/python3.12/site-packages/airflow/example_dags/example_bash_operator.py
[2024-11-18T20:54:16.716+0500] {logging_mixin.py:190} INFO - [2024-11-18T20:54:16.716+0500] {dag.py:3239} INFO - Sync 1 DAGs
[2024-11-18T20:54:16.752+0500] {logging_mixin.py:190} INFO - [2024-11-18T20:54:16.751+0500] {dag.py:4180} INFO - Setting next_dagrun for example_bash_operator to 2024-11-17 00:00:00+00:00, run_after=2024-11-18 00:00:00+00:00
[2024-11-18T20:54:16.785+0500] {processor.py:208} INFO - Processing /home/AtlasRise/airflow/airflow_env/lib/python3.12/site-packages/airflow/example_dags/example_bash_operator.py took 0.140 seconds
[2024-11-18T20:55:42.844+0500] {processor.py:186} INFO - Started process (PID=20262) to work on /home/AtlasRise/airflow/airflow_env/lib/python3.12/site-packages/airflow/example_dags/example_bash_operator.py
[2024-11-18T20:55:42.846+0500] {processor.py:914} INFO - Processing file /home/AtlasRise/airflow/airflow_env/lib/python3.12/site-packages/airflow/example_dags/example_bash_operator.py for tasks to queue
[2024-11-18T20:55:42.848+0500] {logging_mixin.py:190} INFO - [2024-11-18T20:55:42.848+0500] {dagbag.py:588} INFO - Filling up the DagBag from /home/AtlasRise/airflow/airflow_env/lib/python3.12/site-packages/airflow/example_dags/example_bash_operator.py
[2024-11-18T20:55:42.869+0500] {processor.py:925} INFO - DAG(s) 'example_bash_operator' retrieved from /home/AtlasRise/airflow/airflow_env/lib/python3.12/site-packages/airflow/example_dags/example_bash_operator.py
[2024-11-18T20:55:42.906+0500] {logging_mixin.py:190} INFO - [2024-11-18T20:55:42.905+0500] {dag.py:3239} INFO - Sync 1 DAGs
[2024-11-18T20:55:42.941+0500] {logging_mixin.py:190} INFO - [2024-11-18T20:55:42.941+0500] {dag.py:4180} INFO - Setting next_dagrun for example_bash_operator to 2024-11-17 00:00:00+00:00, run_after=2024-11-18 00:00:00+00:00
[2024-11-18T20:55:42.978+0500] {processor.py:208} INFO - Processing /home/AtlasRise/airflow/airflow_env/lib/python3.12/site-packages/airflow/example_dags/example_bash_operator.py took 0.143 seconds
[2024-11-18T20:56:58.446+0500] {processor.py:186} INFO - Started process (PID=20354) to work on /home/AtlasRise/airflow/airflow_env/lib/python3.12/site-packages/airflow/example_dags/example_bash_operator.py
[2024-11-18T20:56:58.447+0500] {processor.py:914} INFO - Processing file /home/AtlasRise/airflow/airflow_env/lib/python3.12/site-packages/airflow/example_dags/example_bash_operator.py for tasks to queue
[2024-11-18T20:56:58.452+0500] {logging_mixin.py:190} INFO - [2024-11-18T20:56:58.451+0500] {dagbag.py:588} INFO - Filling up the DagBag from /home/AtlasRise/airflow/airflow_env/lib/python3.12/site-packages/airflow/example_dags/example_bash_operator.py
[2024-11-18T20:56:58.474+0500] {processor.py:925} INFO - DAG(s) 'example_bash_operator' retrieved from /home/AtlasRise/airflow/airflow_env/lib/python3.12/site-packages/airflow/example_dags/example_bash_operator.py
[2024-11-18T20:56:58.512+0500] {logging_mixin.py:190} INFO - [2024-11-18T20:56:58.511+0500] {dag.py:3239} INFO - Sync 1 DAGs
[2024-11-18T20:56:58.549+0500] {logging_mixin.py:190} INFO - [2024-11-18T20:56:58.549+0500] {dag.py:4180} INFO - Setting next_dagrun for example_bash_operator to 2024-11-17 00:00:00+00:00, run_after=2024-11-18 00:00:00+00:00
[2024-11-18T20:56:58.584+0500] {processor.py:208} INFO - Processing /home/AtlasRise/airflow/airflow_env/lib/python3.12/site-packages/airflow/example_dags/example_bash_operator.py took 0.148 seconds
[2024-11-18T20:58:11.613+0500] {processor.py:186} INFO - Started process (PID=20433) to work on /home/AtlasRise/airflow/airflow_env/lib/python3.12/site-packages/airflow/example_dags/example_bash_operator.py
[2024-11-18T20:58:11.614+0500] {processor.py:914} INFO - Processing file /home/AtlasRise/airflow/airflow_env/lib/python3.12/site-packages/airflow/example_dags/example_bash_operator.py for tasks to queue
[2024-11-18T20:58:11.617+0500] {logging_mixin.py:190} INFO - [2024-11-18T20:58:11.617+0500] {dagbag.py:588} INFO - Filling up the DagBag from /home/AtlasRise/airflow/airflow_env/lib/python3.12/site-packages/airflow/example_dags/example_bash_operator.py
[2024-11-18T20:58:11.646+0500] {processor.py:925} INFO - DAG(s) 'example_bash_operator' retrieved from /home/AtlasRise/airflow/airflow_env/lib/python3.12/site-packages/airflow/example_dags/example_bash_operator.py
[2024-11-18T20:58:11.690+0500] {logging_mixin.py:190} INFO - [2024-11-18T20:58:11.689+0500] {dag.py:3239} INFO - Sync 1 DAGs
[2024-11-18T20:58:11.727+0500] {logging_mixin.py:190} INFO - [2024-11-18T20:58:11.726+0500] {dag.py:4180} INFO - Setting next_dagrun for example_bash_operator to 2024-11-17 00:00:00+00:00, run_after=2024-11-18 00:00:00+00:00
[2024-11-18T20:58:11.768+0500] {processor.py:208} INFO - Processing /home/AtlasRise/airflow/airflow_env/lib/python3.12/site-packages/airflow/example_dags/example_bash_operator.py took 0.167 seconds
[2024-11-18T20:59:19.555+0500] {processor.py:186} INFO - Started process (PID=20514) to work on /home/AtlasRise/airflow/airflow_env/lib/python3.12/site-packages/airflow/example_dags/example_bash_operator.py
[2024-11-18T20:59:19.556+0500] {processor.py:914} INFO - Processing file /home/AtlasRise/airflow/airflow_env/lib/python3.12/site-packages/airflow/example_dags/example_bash_operator.py for tasks to queue
[2024-11-18T20:59:19.559+0500] {logging_mixin.py:190} INFO - [2024-11-18T20:59:19.558+0500] {dagbag.py:588} INFO - Filling up the DagBag from /home/AtlasRise/airflow/airflow_env/lib/python3.12/site-packages/airflow/example_dags/example_bash_operator.py
[2024-11-18T20:59:19.579+0500] {processor.py:925} INFO - DAG(s) 'example_bash_operator' retrieved from /home/AtlasRise/airflow/airflow_env/lib/python3.12/site-packages/airflow/example_dags/example_bash_operator.py
[2024-11-18T20:59:19.615+0500] {logging_mixin.py:190} INFO - [2024-11-18T20:59:19.615+0500] {dag.py:3239} INFO - Sync 1 DAGs
[2024-11-18T20:59:19.651+0500] {logging_mixin.py:190} INFO - [2024-11-18T20:59:19.651+0500] {dag.py:4180} INFO - Setting next_dagrun for example_bash_operator to 2024-11-17 00:00:00+00:00, run_after=2024-11-18 00:00:00+00:00
[2024-11-18T20:59:19.684+0500] {processor.py:208} INFO - Processing /home/AtlasRise/airflow/airflow_env/lib/python3.12/site-packages/airflow/example_dags/example_bash_operator.py took 0.138 seconds
[2024-11-18T21:00:34.677+0500] {processor.py:186} INFO - Started process (PID=20595) to work on /home/AtlasRise/airflow/airflow_env/lib/python3.12/site-packages/airflow/example_dags/example_bash_operator.py
[2024-11-18T21:00:34.687+0500] {processor.py:914} INFO - Processing file /home/AtlasRise/airflow/airflow_env/lib/python3.12/site-packages/airflow/example_dags/example_bash_operator.py for tasks to queue
[2024-11-18T21:00:34.690+0500] {logging_mixin.py:190} INFO - [2024-11-18T21:00:34.690+0500] {dagbag.py:588} INFO - Filling up the DagBag from /home/AtlasRise/airflow/airflow_env/lib/python3.12/site-packages/airflow/example_dags/example_bash_operator.py
[2024-11-18T21:00:34.711+0500] {processor.py:925} INFO - DAG(s) 'example_bash_operator' retrieved from /home/AtlasRise/airflow/airflow_env/lib/python3.12/site-packages/airflow/example_dags/example_bash_operator.py
[2024-11-18T21:00:34.748+0500] {logging_mixin.py:190} INFO - [2024-11-18T21:00:34.747+0500] {dag.py:3239} INFO - Sync 1 DAGs
[2024-11-18T21:00:34.783+0500] {logging_mixin.py:190} INFO - [2024-11-18T21:00:34.783+0500] {dag.py:4180} INFO - Setting next_dagrun for example_bash_operator to 2024-11-17 00:00:00+00:00, run_after=2024-11-18 00:00:00+00:00
[2024-11-18T21:00:34.816+0500] {processor.py:208} INFO - Processing /home/AtlasRise/airflow/airflow_env/lib/python3.12/site-packages/airflow/example_dags/example_bash_operator.py took 0.148 seconds
[2024-11-18T21:01:40.193+0500] {processor.py:186} INFO - Started process (PID=20679) to work on /home/AtlasRise/airflow/airflow_env/lib/python3.12/site-packages/airflow/example_dags/example_bash_operator.py
[2024-11-18T21:01:40.195+0500] {processor.py:914} INFO - Processing file /home/AtlasRise/airflow/airflow_env/lib/python3.12/site-packages/airflow/example_dags/example_bash_operator.py for tasks to queue
[2024-11-18T21:01:40.198+0500] {logging_mixin.py:190} INFO - [2024-11-18T21:01:40.197+0500] {dagbag.py:588} INFO - Filling up the DagBag from /home/AtlasRise/airflow/airflow_env/lib/python3.12/site-packages/airflow/example_dags/example_bash_operator.py
[2024-11-18T21:01:40.218+0500] {processor.py:925} INFO - DAG(s) 'example_bash_operator' retrieved from /home/AtlasRise/airflow/airflow_env/lib/python3.12/site-packages/airflow/example_dags/example_bash_operator.py
[2024-11-18T21:01:40.254+0500] {logging_mixin.py:190} INFO - [2024-11-18T21:01:40.254+0500] {dag.py:3239} INFO - Sync 1 DAGs
[2024-11-18T21:01:40.291+0500] {logging_mixin.py:190} INFO - [2024-11-18T21:01:40.290+0500] {dag.py:4180} INFO - Setting next_dagrun for example_bash_operator to 2024-11-17 00:00:00+00:00, run_after=2024-11-18 00:00:00+00:00
[2024-11-18T21:01:40.323+0500] {processor.py:208} INFO - Processing /home/AtlasRise/airflow/airflow_env/lib/python3.12/site-packages/airflow/example_dags/example_bash_operator.py took 0.139 seconds
[2024-11-18T21:02:52.610+0500] {processor.py:186} INFO - Started process (PID=20748) to work on /home/AtlasRise/airflow/airflow_env/lib/python3.12/site-packages/airflow/example_dags/example_bash_operator.py
[2024-11-18T21:02:52.613+0500] {processor.py:914} INFO - Processing file /home/AtlasRise/airflow/airflow_env/lib/python3.12/site-packages/airflow/example_dags/example_bash_operator.py for tasks to queue
[2024-11-18T21:02:52.616+0500] {logging_mixin.py:190} INFO - [2024-11-18T21:02:52.615+0500] {dagbag.py:588} INFO - Filling up the DagBag from /home/AtlasRise/airflow/airflow_env/lib/python3.12/site-packages/airflow/example_dags/example_bash_operator.py
[2024-11-18T21:02:52.637+0500] {processor.py:925} INFO - DAG(s) 'example_bash_operator' retrieved from /home/AtlasRise/airflow/airflow_env/lib/python3.12/site-packages/airflow/example_dags/example_bash_operator.py
[2024-11-18T21:02:52.672+0500] {logging_mixin.py:190} INFO - [2024-11-18T21:02:52.672+0500] {dag.py:3239} INFO - Sync 1 DAGs
[2024-11-18T21:02:52.708+0500] {logging_mixin.py:190} INFO - [2024-11-18T21:02:52.708+0500] {dag.py:4180} INFO - Setting next_dagrun for example_bash_operator to 2024-11-17 00:00:00+00:00, run_after=2024-11-18 00:00:00+00:00
[2024-11-18T21:02:52.740+0500] {processor.py:208} INFO - Processing /home/AtlasRise/airflow/airflow_env/lib/python3.12/site-packages/airflow/example_dags/example_bash_operator.py took 0.138 seconds
[2024-11-18T21:04:00.626+0500] {processor.py:186} INFO - Started process (PID=20836) to work on /home/AtlasRise/airflow/airflow_env/lib/python3.12/site-packages/airflow/example_dags/example_bash_operator.py
[2024-11-18T21:04:00.627+0500] {processor.py:914} INFO - Processing file /home/AtlasRise/airflow/airflow_env/lib/python3.12/site-packages/airflow/example_dags/example_bash_operator.py for tasks to queue
[2024-11-18T21:04:00.630+0500] {logging_mixin.py:190} INFO - [2024-11-18T21:04:00.630+0500] {dagbag.py:588} INFO - Filling up the DagBag from /home/AtlasRise/airflow/airflow_env/lib/python3.12/site-packages/airflow/example_dags/example_bash_operator.py
[2024-11-18T21:04:00.651+0500] {processor.py:925} INFO - DAG(s) 'example_bash_operator' retrieved from /home/AtlasRise/airflow/airflow_env/lib/python3.12/site-packages/airflow/example_dags/example_bash_operator.py
[2024-11-18T21:04:00.687+0500] {logging_mixin.py:190} INFO - [2024-11-18T21:04:00.686+0500] {dag.py:3239} INFO - Sync 1 DAGs
[2024-11-18T21:04:00.723+0500] {logging_mixin.py:190} INFO - [2024-11-18T21:04:00.723+0500] {dag.py:4180} INFO - Setting next_dagrun for example_bash_operator to 2024-11-17 00:00:00+00:00, run_after=2024-11-18 00:00:00+00:00
[2024-11-18T21:04:00.760+0500] {processor.py:208} INFO - Processing /home/AtlasRise/airflow/airflow_env/lib/python3.12/site-packages/airflow/example_dags/example_bash_operator.py took 0.143 seconds
[2024-11-18T21:05:07.071+0500] {processor.py:186} INFO - Started process (PID=20921) to work on /home/AtlasRise/airflow/airflow_env/lib/python3.12/site-packages/airflow/example_dags/example_bash_operator.py
[2024-11-18T21:05:07.072+0500] {processor.py:914} INFO - Processing file /home/AtlasRise/airflow/airflow_env/lib/python3.12/site-packages/airflow/example_dags/example_bash_operator.py for tasks to queue
[2024-11-18T21:05:07.075+0500] {logging_mixin.py:190} INFO - [2024-11-18T21:05:07.075+0500] {dagbag.py:588} INFO - Filling up the DagBag from /home/AtlasRise/airflow/airflow_env/lib/python3.12/site-packages/airflow/example_dags/example_bash_operator.py
[2024-11-18T21:05:07.097+0500] {processor.py:925} INFO - DAG(s) 'example_bash_operator' retrieved from /home/AtlasRise/airflow/airflow_env/lib/python3.12/site-packages/airflow/example_dags/example_bash_operator.py
[2024-11-18T21:05:07.134+0500] {logging_mixin.py:190} INFO - [2024-11-18T21:05:07.134+0500] {dag.py:3239} INFO - Sync 1 DAGs
[2024-11-18T21:05:07.172+0500] {logging_mixin.py:190} INFO - [2024-11-18T21:05:07.171+0500] {dag.py:4180} INFO - Setting next_dagrun for example_bash_operator to 2024-11-17 00:00:00+00:00, run_after=2024-11-18 00:00:00+00:00
[2024-11-18T21:05:07.209+0500] {processor.py:208} INFO - Processing /home/AtlasRise/airflow/airflow_env/lib/python3.12/site-packages/airflow/example_dags/example_bash_operator.py took 0.147 seconds
[2024-11-18T21:06:13.666+0500] {processor.py:186} INFO - Started process (PID=21005) to work on /home/AtlasRise/airflow/airflow_env/lib/python3.12/site-packages/airflow/example_dags/example_bash_operator.py
[2024-11-18T21:06:13.669+0500] {processor.py:914} INFO - Processing file /home/AtlasRise/airflow/airflow_env/lib/python3.12/site-packages/airflow/example_dags/example_bash_operator.py for tasks to queue
[2024-11-18T21:06:13.672+0500] {logging_mixin.py:190} INFO - [2024-11-18T21:06:13.671+0500] {dagbag.py:588} INFO - Filling up the DagBag from /home/AtlasRise/airflow/airflow_env/lib/python3.12/site-packages/airflow/example_dags/example_bash_operator.py
[2024-11-18T21:06:13.692+0500] {processor.py:925} INFO - DAG(s) 'example_bash_operator' retrieved from /home/AtlasRise/airflow/airflow_env/lib/python3.12/site-packages/airflow/example_dags/example_bash_operator.py
[2024-11-18T21:06:13.728+0500] {logging_mixin.py:190} INFO - [2024-11-18T21:06:13.727+0500] {dag.py:3239} INFO - Sync 1 DAGs
[2024-11-18T21:06:13.762+0500] {logging_mixin.py:190} INFO - [2024-11-18T21:06:13.762+0500] {dag.py:4180} INFO - Setting next_dagrun for example_bash_operator to 2024-11-17 00:00:00+00:00, run_after=2024-11-18 00:00:00+00:00
[2024-11-18T21:06:13.794+0500] {processor.py:208} INFO - Processing /home/AtlasRise/airflow/airflow_env/lib/python3.12/site-packages/airflow/example_dags/example_bash_operator.py took 0.136 seconds
[2024-11-18T21:07:33.882+0500] {processor.py:186} INFO - Started process (PID=21109) to work on /home/AtlasRise/airflow/airflow_env/lib/python3.12/site-packages/airflow/example_dags/example_bash_operator.py
[2024-11-18T21:07:33.884+0500] {processor.py:914} INFO - Processing file /home/AtlasRise/airflow/airflow_env/lib/python3.12/site-packages/airflow/example_dags/example_bash_operator.py for tasks to queue
[2024-11-18T21:07:33.887+0500] {logging_mixin.py:190} INFO - [2024-11-18T21:07:33.887+0500] {dagbag.py:588} INFO - Filling up the DagBag from /home/AtlasRise/airflow/airflow_env/lib/python3.12/site-packages/airflow/example_dags/example_bash_operator.py
[2024-11-18T21:07:33.908+0500] {processor.py:925} INFO - DAG(s) 'example_bash_operator' retrieved from /home/AtlasRise/airflow/airflow_env/lib/python3.12/site-packages/airflow/example_dags/example_bash_operator.py
[2024-11-18T21:07:33.944+0500] {logging_mixin.py:190} INFO - [2024-11-18T21:07:33.943+0500] {dag.py:3239} INFO - Sync 1 DAGs
[2024-11-18T21:07:33.978+0500] {logging_mixin.py:190} INFO - [2024-11-18T21:07:33.978+0500] {dag.py:4180} INFO - Setting next_dagrun for example_bash_operator to 2024-11-17 00:00:00+00:00, run_after=2024-11-18 00:00:00+00:00
[2024-11-18T21:07:34.013+0500] {processor.py:208} INFO - Processing /home/AtlasRise/airflow/airflow_env/lib/python3.12/site-packages/airflow/example_dags/example_bash_operator.py took 0.140 seconds
[2024-11-18T21:08:42.851+0500] {processor.py:186} INFO - Started process (PID=21178) to work on /home/AtlasRise/airflow/airflow_env/lib/python3.12/site-packages/airflow/example_dags/example_bash_operator.py
[2024-11-18T21:08:42.853+0500] {processor.py:914} INFO - Processing file /home/AtlasRise/airflow/airflow_env/lib/python3.12/site-packages/airflow/example_dags/example_bash_operator.py for tasks to queue
[2024-11-18T21:08:42.856+0500] {logging_mixin.py:190} INFO - [2024-11-18T21:08:42.856+0500] {dagbag.py:588} INFO - Filling up the DagBag from /home/AtlasRise/airflow/airflow_env/lib/python3.12/site-packages/airflow/example_dags/example_bash_operator.py
[2024-11-18T21:08:42.877+0500] {processor.py:925} INFO - DAG(s) 'example_bash_operator' retrieved from /home/AtlasRise/airflow/airflow_env/lib/python3.12/site-packages/airflow/example_dags/example_bash_operator.py
[2024-11-18T21:08:42.913+0500] {logging_mixin.py:190} INFO - [2024-11-18T21:08:42.912+0500] {dag.py:3239} INFO - Sync 1 DAGs
[2024-11-18T21:08:42.947+0500] {logging_mixin.py:190} INFO - [2024-11-18T21:08:42.947+0500] {dag.py:4180} INFO - Setting next_dagrun for example_bash_operator to 2024-11-17 00:00:00+00:00, run_after=2024-11-18 00:00:00+00:00
[2024-11-18T21:08:42.981+0500] {processor.py:208} INFO - Processing /home/AtlasRise/airflow/airflow_env/lib/python3.12/site-packages/airflow/example_dags/example_bash_operator.py took 0.138 seconds
[2024-11-18T21:09:50.150+0500] {processor.py:186} INFO - Started process (PID=21278) to work on /home/AtlasRise/airflow/airflow_env/lib/python3.12/site-packages/airflow/example_dags/example_bash_operator.py
[2024-11-18T21:09:50.153+0500] {processor.py:914} INFO - Processing file /home/AtlasRise/airflow/airflow_env/lib/python3.12/site-packages/airflow/example_dags/example_bash_operator.py for tasks to queue
[2024-11-18T21:09:50.156+0500] {logging_mixin.py:190} INFO - [2024-11-18T21:09:50.155+0500] {dagbag.py:588} INFO - Filling up the DagBag from /home/AtlasRise/airflow/airflow_env/lib/python3.12/site-packages/airflow/example_dags/example_bash_operator.py
[2024-11-18T21:09:50.176+0500] {processor.py:925} INFO - DAG(s) 'example_bash_operator' retrieved from /home/AtlasRise/airflow/airflow_env/lib/python3.12/site-packages/airflow/example_dags/example_bash_operator.py
[2024-11-18T21:09:50.213+0500] {logging_mixin.py:190} INFO - [2024-11-18T21:09:50.213+0500] {dag.py:3239} INFO - Sync 1 DAGs
[2024-11-18T21:09:50.248+0500] {logging_mixin.py:190} INFO - [2024-11-18T21:09:50.247+0500] {dag.py:4180} INFO - Setting next_dagrun for example_bash_operator to 2024-11-17 00:00:00+00:00, run_after=2024-11-18 00:00:00+00:00
[2024-11-18T21:09:50.280+0500] {processor.py:208} INFO - Processing /home/AtlasRise/airflow/airflow_env/lib/python3.12/site-packages/airflow/example_dags/example_bash_operator.py took 0.138 seconds
[2024-11-18T21:11:03.585+0500] {processor.py:186} INFO - Started process (PID=21388) to work on /home/AtlasRise/airflow/airflow_env/lib/python3.12/site-packages/airflow/example_dags/example_bash_operator.py
[2024-11-18T21:11:03.588+0500] {processor.py:914} INFO - Processing file /home/AtlasRise/airflow/airflow_env/lib/python3.12/site-packages/airflow/example_dags/example_bash_operator.py for tasks to queue
[2024-11-18T21:11:03.591+0500] {logging_mixin.py:190} INFO - [2024-11-18T21:11:03.590+0500] {dagbag.py:588} INFO - Filling up the DagBag from /home/AtlasRise/airflow/airflow_env/lib/python3.12/site-packages/airflow/example_dags/example_bash_operator.py
[2024-11-18T21:11:03.613+0500] {processor.py:925} INFO - DAG(s) 'example_bash_operator' retrieved from /home/AtlasRise/airflow/airflow_env/lib/python3.12/site-packages/airflow/example_dags/example_bash_operator.py
[2024-11-18T21:11:03.658+0500] {logging_mixin.py:190} INFO - [2024-11-18T21:11:03.658+0500] {dag.py:3239} INFO - Sync 1 DAGs
[2024-11-18T21:11:03.698+0500] {logging_mixin.py:190} INFO - [2024-11-18T21:11:03.697+0500] {dag.py:4180} INFO - Setting next_dagrun for example_bash_operator to 2024-11-17 00:00:00+00:00, run_after=2024-11-18 00:00:00+00:00
[2024-11-18T21:11:03.731+0500] {processor.py:208} INFO - Processing /home/AtlasRise/airflow/airflow_env/lib/python3.12/site-packages/airflow/example_dags/example_bash_operator.py took 0.156 seconds
[2024-11-18T21:12:40.850+0500] {processor.py:186} INFO - Started process (PID=21539) to work on /home/AtlasRise/airflow/airflow_env/lib/python3.12/site-packages/airflow/example_dags/example_bash_operator.py
[2024-11-18T21:12:40.852+0500] {processor.py:914} INFO - Processing file /home/AtlasRise/airflow/airflow_env/lib/python3.12/site-packages/airflow/example_dags/example_bash_operator.py for tasks to queue
[2024-11-18T21:12:40.855+0500] {logging_mixin.py:190} INFO - [2024-11-18T21:12:40.854+0500] {dagbag.py:588} INFO - Filling up the DagBag from /home/AtlasRise/airflow/airflow_env/lib/python3.12/site-packages/airflow/example_dags/example_bash_operator.py
[2024-11-18T21:12:40.875+0500] {processor.py:925} INFO - DAG(s) 'example_bash_operator' retrieved from /home/AtlasRise/airflow/airflow_env/lib/python3.12/site-packages/airflow/example_dags/example_bash_operator.py
[2024-11-18T21:12:40.914+0500] {logging_mixin.py:190} INFO - [2024-11-18T21:12:40.913+0500] {dag.py:3239} INFO - Sync 1 DAGs
[2024-11-18T21:12:40.947+0500] {logging_mixin.py:190} INFO - [2024-11-18T21:12:40.947+0500] {dag.py:4180} INFO - Setting next_dagrun for example_bash_operator to 2024-11-17 00:00:00+00:00, run_after=2024-11-18 00:00:00+00:00
[2024-11-18T21:12:40.980+0500] {processor.py:208} INFO - Processing /home/AtlasRise/airflow/airflow_env/lib/python3.12/site-packages/airflow/example_dags/example_bash_operator.py took 0.138 seconds
[2024-11-18T21:14:20.215+0500] {processor.py:186} INFO - Started process (PID=21648) to work on /home/AtlasRise/airflow/airflow_env/lib/python3.12/site-packages/airflow/example_dags/example_bash_operator.py
[2024-11-18T21:14:20.218+0500] {processor.py:914} INFO - Processing file /home/AtlasRise/airflow/airflow_env/lib/python3.12/site-packages/airflow/example_dags/example_bash_operator.py for tasks to queue
[2024-11-18T21:14:20.229+0500] {logging_mixin.py:190} INFO - [2024-11-18T21:14:20.229+0500] {dagbag.py:588} INFO - Filling up the DagBag from /home/AtlasRise/airflow/airflow_env/lib/python3.12/site-packages/airflow/example_dags/example_bash_operator.py
[2024-11-18T21:14:20.279+0500] {processor.py:925} INFO - DAG(s) 'example_bash_operator' retrieved from /home/AtlasRise/airflow/airflow_env/lib/python3.12/site-packages/airflow/example_dags/example_bash_operator.py
[2024-11-18T21:14:20.327+0500] {logging_mixin.py:190} INFO - [2024-11-18T21:14:20.327+0500] {dag.py:3239} INFO - Sync 1 DAGs
[2024-11-18T21:14:20.374+0500] {logging_mixin.py:190} INFO - [2024-11-18T21:14:20.373+0500] {dag.py:4180} INFO - Setting next_dagrun for example_bash_operator to 2024-11-17 00:00:00+00:00, run_after=2024-11-18 00:00:00+00:00
[2024-11-18T21:14:20.430+0500] {processor.py:208} INFO - Processing /home/AtlasRise/airflow/airflow_env/lib/python3.12/site-packages/airflow/example_dags/example_bash_operator.py took 0.229 seconds
[2024-11-18T21:15:54.251+0500] {processor.py:186} INFO - Started process (PID=21783) to work on /home/AtlasRise/airflow/airflow_env/lib/python3.12/site-packages/airflow/example_dags/example_bash_operator.py
[2024-11-18T21:15:54.253+0500] {processor.py:914} INFO - Processing file /home/AtlasRise/airflow/airflow_env/lib/python3.12/site-packages/airflow/example_dags/example_bash_operator.py for tasks to queue
[2024-11-18T21:15:54.256+0500] {logging_mixin.py:190} INFO - [2024-11-18T21:15:54.256+0500] {dagbag.py:588} INFO - Filling up the DagBag from /home/AtlasRise/airflow/airflow_env/lib/python3.12/site-packages/airflow/example_dags/example_bash_operator.py
[2024-11-18T21:15:54.277+0500] {processor.py:925} INFO - DAG(s) 'example_bash_operator' retrieved from /home/AtlasRise/airflow/airflow_env/lib/python3.12/site-packages/airflow/example_dags/example_bash_operator.py
[2024-11-18T21:15:54.314+0500] {logging_mixin.py:190} INFO - [2024-11-18T21:15:54.314+0500] {dag.py:3239} INFO - Sync 1 DAGs
[2024-11-18T21:15:54.359+0500] {logging_mixin.py:190} INFO - [2024-11-18T21:15:54.359+0500] {dag.py:4180} INFO - Setting next_dagrun for example_bash_operator to 2024-11-17 00:00:00+00:00, run_after=2024-11-18 00:00:00+00:00
[2024-11-18T21:15:54.403+0500] {processor.py:208} INFO - Processing /home/AtlasRise/airflow/airflow_env/lib/python3.12/site-packages/airflow/example_dags/example_bash_operator.py took 0.160 seconds
[2024-11-18T21:17:45.016+0500] {processor.py:186} INFO - Started process (PID=21943) to work on /home/AtlasRise/airflow/airflow_env/lib/python3.12/site-packages/airflow/example_dags/example_bash_operator.py
[2024-11-18T21:17:45.017+0500] {processor.py:914} INFO - Processing file /home/AtlasRise/airflow/airflow_env/lib/python3.12/site-packages/airflow/example_dags/example_bash_operator.py for tasks to queue
[2024-11-18T21:17:45.020+0500] {logging_mixin.py:190} INFO - [2024-11-18T21:17:45.020+0500] {dagbag.py:588} INFO - Filling up the DagBag from /home/AtlasRise/airflow/airflow_env/lib/python3.12/site-packages/airflow/example_dags/example_bash_operator.py
[2024-11-18T21:17:45.043+0500] {processor.py:925} INFO - DAG(s) 'example_bash_operator' retrieved from /home/AtlasRise/airflow/airflow_env/lib/python3.12/site-packages/airflow/example_dags/example_bash_operator.py
[2024-11-18T21:17:45.084+0500] {logging_mixin.py:190} INFO - [2024-11-18T21:17:45.083+0500] {dag.py:3239} INFO - Sync 1 DAGs
[2024-11-18T21:17:45.119+0500] {logging_mixin.py:190} INFO - [2024-11-18T21:17:45.118+0500] {dag.py:4180} INFO - Setting next_dagrun for example_bash_operator to 2024-11-17 00:00:00+00:00, run_after=2024-11-18 00:00:00+00:00
[2024-11-18T21:17:45.152+0500] {processor.py:208} INFO - Processing /home/AtlasRise/airflow/airflow_env/lib/python3.12/site-packages/airflow/example_dags/example_bash_operator.py took 0.144 seconds
[2024-11-18T21:19:36.206+0500] {processor.py:186} INFO - Started process (PID=22102) to work on /home/AtlasRise/airflow/airflow_env/lib/python3.12/site-packages/airflow/example_dags/example_bash_operator.py
[2024-11-18T21:19:36.211+0500] {processor.py:914} INFO - Processing file /home/AtlasRise/airflow/airflow_env/lib/python3.12/site-packages/airflow/example_dags/example_bash_operator.py for tasks to queue
[2024-11-18T21:19:36.217+0500] {logging_mixin.py:190} INFO - [2024-11-18T21:19:36.213+0500] {dagbag.py:588} INFO - Filling up the DagBag from /home/AtlasRise/airflow/airflow_env/lib/python3.12/site-packages/airflow/example_dags/example_bash_operator.py
[2024-11-18T21:19:36.262+0500] {processor.py:925} INFO - DAG(s) 'example_bash_operator' retrieved from /home/AtlasRise/airflow/airflow_env/lib/python3.12/site-packages/airflow/example_dags/example_bash_operator.py
[2024-11-18T21:19:36.305+0500] {logging_mixin.py:190} INFO - [2024-11-18T21:19:36.305+0500] {dag.py:3239} INFO - Sync 1 DAGs
[2024-11-18T21:19:36.345+0500] {logging_mixin.py:190} INFO - [2024-11-18T21:19:36.344+0500] {dag.py:4180} INFO - Setting next_dagrun for example_bash_operator to 2024-11-17 00:00:00+00:00, run_after=2024-11-18 00:00:00+00:00
[2024-11-18T21:19:36.383+0500] {processor.py:208} INFO - Processing /home/AtlasRise/airflow/airflow_env/lib/python3.12/site-packages/airflow/example_dags/example_bash_operator.py took 0.187 seconds
[2024-11-18T21:20:53.490+0500] {processor.py:186} INFO - Started process (PID=22195) to work on /home/AtlasRise/airflow/airflow_env/lib/python3.12/site-packages/airflow/example_dags/example_bash_operator.py
[2024-11-18T21:20:53.499+0500] {processor.py:914} INFO - Processing file /home/AtlasRise/airflow/airflow_env/lib/python3.12/site-packages/airflow/example_dags/example_bash_operator.py for tasks to queue
[2024-11-18T21:20:53.505+0500] {logging_mixin.py:190} INFO - [2024-11-18T21:20:53.504+0500] {dagbag.py:588} INFO - Filling up the DagBag from /home/AtlasRise/airflow/airflow_env/lib/python3.12/site-packages/airflow/example_dags/example_bash_operator.py
[2024-11-18T21:20:53.552+0500] {processor.py:925} INFO - DAG(s) 'example_bash_operator' retrieved from /home/AtlasRise/airflow/airflow_env/lib/python3.12/site-packages/airflow/example_dags/example_bash_operator.py
[2024-11-18T21:20:53.598+0500] {logging_mixin.py:190} INFO - [2024-11-18T21:20:53.597+0500] {dag.py:3239} INFO - Sync 1 DAGs
[2024-11-18T21:20:53.638+0500] {logging_mixin.py:190} INFO - [2024-11-18T21:20:53.638+0500] {dag.py:4180} INFO - Setting next_dagrun for example_bash_operator to 2024-11-17 00:00:00+00:00, run_after=2024-11-18 00:00:00+00:00
[2024-11-18T21:20:53.672+0500] {processor.py:208} INFO - Processing /home/AtlasRise/airflow/airflow_env/lib/python3.12/site-packages/airflow/example_dags/example_bash_operator.py took 0.199 seconds
[2024-11-18T21:22:06.460+0500] {processor.py:186} INFO - Started process (PID=22285) to work on /home/AtlasRise/airflow/airflow_env/lib/python3.12/site-packages/airflow/example_dags/example_bash_operator.py
[2024-11-18T21:22:06.462+0500] {processor.py:914} INFO - Processing file /home/AtlasRise/airflow/airflow_env/lib/python3.12/site-packages/airflow/example_dags/example_bash_operator.py for tasks to queue
[2024-11-18T21:22:06.465+0500] {logging_mixin.py:190} INFO - [2024-11-18T21:22:06.465+0500] {dagbag.py:588} INFO - Filling up the DagBag from /home/AtlasRise/airflow/airflow_env/lib/python3.12/site-packages/airflow/example_dags/example_bash_operator.py
[2024-11-18T21:22:06.487+0500] {processor.py:925} INFO - DAG(s) 'example_bash_operator' retrieved from /home/AtlasRise/airflow/airflow_env/lib/python3.12/site-packages/airflow/example_dags/example_bash_operator.py
[2024-11-18T21:22:06.524+0500] {logging_mixin.py:190} INFO - [2024-11-18T21:22:06.523+0500] {dag.py:3239} INFO - Sync 1 DAGs
[2024-11-18T21:22:06.559+0500] {logging_mixin.py:190} INFO - [2024-11-18T21:22:06.558+0500] {dag.py:4180} INFO - Setting next_dagrun for example_bash_operator to 2024-11-17 00:00:00+00:00, run_after=2024-11-18 00:00:00+00:00
[2024-11-18T21:22:06.592+0500] {processor.py:208} INFO - Processing /home/AtlasRise/airflow/airflow_env/lib/python3.12/site-packages/airflow/example_dags/example_bash_operator.py took 0.140 seconds
