[2024-11-18T20:40:33.562+0500] {processor.py:186} INFO - Started process (PID=18926) to work on /home/AtlasRise/airflow/airflow_env/lib/python3.12/site-packages/airflow/example_dags/example_workday_timetable.py
[2024-11-18T20:40:33.564+0500] {processor.py:914} INFO - Processing file /home/AtlasRise/airflow/airflow_env/lib/python3.12/site-packages/airflow/example_dags/example_workday_timetable.py for tasks to queue
[2024-11-18T20:40:33.568+0500] {logging_mixin.py:190} INFO - [2024-11-18T20:40:33.567+0500] {dagbag.py:588} INFO - Filling up the DagBag from /home/AtlasRise/airflow/airflow_env/lib/python3.12/site-packages/airflow/example_dags/example_workday_timetable.py
[2024-11-18T20:40:33.577+0500] {processor.py:925} INFO - DAG(s) 'example_workday_timetable' retrieved from /home/AtlasRise/airflow/airflow_env/lib/python3.12/site-packages/airflow/example_dags/example_workday_timetable.py
[2024-11-18T20:40:33.795+0500] {logging_mixin.py:190} INFO - [2024-11-18T20:40:33.794+0500] {override.py:1911} INFO - Created Permission View: can read on DAG:example_workday_timetable
[2024-11-18T20:40:33.816+0500] {logging_mixin.py:190} INFO - [2024-11-18T20:40:33.816+0500] {override.py:1911} INFO - Created Permission View: can edit on DAG:example_workday_timetable
[2024-11-18T20:40:33.832+0500] {logging_mixin.py:190} INFO - [2024-11-18T20:40:33.831+0500] {override.py:1911} INFO - Created Permission View: can delete on DAG:example_workday_timetable
[2024-11-18T20:40:33.861+0500] {logging_mixin.py:190} INFO - [2024-11-18T20:40:33.860+0500] {override.py:1911} INFO - Created Permission View: can read on DAG Run:example_workday_timetable
[2024-11-18T20:40:33.877+0500] {logging_mixin.py:190} INFO - [2024-11-18T20:40:33.876+0500] {override.py:1911} INFO - Created Permission View: can create on DAG Run:example_workday_timetable
[2024-11-18T20:40:33.893+0500] {logging_mixin.py:190} INFO - [2024-11-18T20:40:33.891+0500] {override.py:1911} INFO - Created Permission View: can delete on DAG Run:example_workday_timetable
[2024-11-18T20:40:33.906+0500] {logging_mixin.py:190} INFO - [2024-11-18T20:40:33.906+0500] {override.py:1911} INFO - Created Permission View: menu access on DAG Run:example_workday_timetable
[2024-11-18T20:40:33.908+0500] {logging_mixin.py:190} INFO - [2024-11-18T20:40:33.907+0500] {dag.py:3239} INFO - Sync 1 DAGs
[2024-11-18T20:40:33.935+0500] {logging_mixin.py:190} INFO - [2024-11-18T20:40:33.935+0500] {dag.py:3262} INFO - Creating ORM DAG for example_workday_timetable
[2024-11-18T20:40:33.949+0500] {logging_mixin.py:190} INFO - [2024-11-18T20:40:33.949+0500] {dag.py:4180} INFO - Setting next_dagrun for example_workday_timetable to 2021-01-01 00:00:00+00:00, run_after=2021-01-02 00:00:00+00:00
[2024-11-18T20:40:33.983+0500] {processor.py:208} INFO - Processing /home/AtlasRise/airflow/airflow_env/lib/python3.12/site-packages/airflow/example_dags/example_workday_timetable.py took 0.429 seconds
[2024-11-18T20:41:45.953+0500] {processor.py:186} INFO - Started process (PID=19010) to work on /home/AtlasRise/airflow/airflow_env/lib/python3.12/site-packages/airflow/example_dags/example_workday_timetable.py
[2024-11-18T20:41:45.954+0500] {processor.py:914} INFO - Processing file /home/AtlasRise/airflow/airflow_env/lib/python3.12/site-packages/airflow/example_dags/example_workday_timetable.py for tasks to queue
[2024-11-18T20:41:45.958+0500] {logging_mixin.py:190} INFO - [2024-11-18T20:41:45.958+0500] {dagbag.py:588} INFO - Filling up the DagBag from /home/AtlasRise/airflow/airflow_env/lib/python3.12/site-packages/airflow/example_dags/example_workday_timetable.py
[2024-11-18T20:41:45.967+0500] {processor.py:925} INFO - DAG(s) 'example_workday_timetable' retrieved from /home/AtlasRise/airflow/airflow_env/lib/python3.12/site-packages/airflow/example_dags/example_workday_timetable.py
[2024-11-18T20:41:45.989+0500] {logging_mixin.py:190} INFO - [2024-11-18T20:41:45.989+0500] {dag.py:3239} INFO - Sync 1 DAGs
[2024-11-18T20:41:46.022+0500] {logging_mixin.py:190} INFO - [2024-11-18T20:41:46.021+0500] {dag.py:4180} INFO - Setting next_dagrun for example_workday_timetable to 2021-01-01 00:00:00+00:00, run_after=2021-01-02 00:00:00+00:00
[2024-11-18T20:41:46.055+0500] {processor.py:208} INFO - Processing /home/AtlasRise/airflow/airflow_env/lib/python3.12/site-packages/airflow/example_dags/example_workday_timetable.py took 0.110 seconds
[2024-11-18T20:42:56.644+0500] {processor.py:186} INFO - Started process (PID=19185) to work on /home/AtlasRise/airflow/airflow_env/lib/python3.12/site-packages/airflow/example_dags/example_workday_timetable.py
[2024-11-18T20:42:56.645+0500] {processor.py:914} INFO - Processing file /home/AtlasRise/airflow/airflow_env/lib/python3.12/site-packages/airflow/example_dags/example_workday_timetable.py for tasks to queue
[2024-11-18T20:42:56.648+0500] {logging_mixin.py:190} INFO - [2024-11-18T20:42:56.648+0500] {dagbag.py:588} INFO - Filling up the DagBag from /home/AtlasRise/airflow/airflow_env/lib/python3.12/site-packages/airflow/example_dags/example_workday_timetable.py
[2024-11-18T20:42:56.658+0500] {processor.py:925} INFO - DAG(s) 'example_workday_timetable' retrieved from /home/AtlasRise/airflow/airflow_env/lib/python3.12/site-packages/airflow/example_dags/example_workday_timetable.py
[2024-11-18T20:42:56.680+0500] {logging_mixin.py:190} INFO - [2024-11-18T20:42:56.679+0500] {dag.py:3239} INFO - Sync 1 DAGs
[2024-11-18T20:42:56.711+0500] {logging_mixin.py:190} INFO - [2024-11-18T20:42:56.711+0500] {dag.py:4180} INFO - Setting next_dagrun for example_workday_timetable to 2021-01-01 00:00:00+00:00, run_after=2021-01-02 00:00:00+00:00
[2024-11-18T20:42:56.745+0500] {processor.py:208} INFO - Processing /home/AtlasRise/airflow/airflow_env/lib/python3.12/site-packages/airflow/example_dags/example_workday_timetable.py took 0.109 seconds
[2024-11-18T20:44:03.470+0500] {processor.py:186} INFO - Started process (PID=19266) to work on /home/AtlasRise/airflow/airflow_env/lib/python3.12/site-packages/airflow/example_dags/example_workday_timetable.py
[2024-11-18T20:44:03.472+0500] {processor.py:914} INFO - Processing file /home/AtlasRise/airflow/airflow_env/lib/python3.12/site-packages/airflow/example_dags/example_workday_timetable.py for tasks to queue
[2024-11-18T20:44:03.475+0500] {logging_mixin.py:190} INFO - [2024-11-18T20:44:03.474+0500] {dagbag.py:588} INFO - Filling up the DagBag from /home/AtlasRise/airflow/airflow_env/lib/python3.12/site-packages/airflow/example_dags/example_workday_timetable.py
[2024-11-18T20:44:03.485+0500] {processor.py:925} INFO - DAG(s) 'example_workday_timetable' retrieved from /home/AtlasRise/airflow/airflow_env/lib/python3.12/site-packages/airflow/example_dags/example_workday_timetable.py
[2024-11-18T20:44:03.509+0500] {logging_mixin.py:190} INFO - [2024-11-18T20:44:03.509+0500] {dag.py:3239} INFO - Sync 1 DAGs
[2024-11-18T20:44:03.552+0500] {logging_mixin.py:190} INFO - [2024-11-18T20:44:03.552+0500] {dag.py:4180} INFO - Setting next_dagrun for example_workday_timetable to 2021-01-01 00:00:00+00:00, run_after=2021-01-02 00:00:00+00:00
[2024-11-18T20:44:03.592+0500] {processor.py:208} INFO - Processing /home/AtlasRise/airflow/airflow_env/lib/python3.12/site-packages/airflow/example_dags/example_workday_timetable.py took 0.131 seconds
[2024-11-18T20:45:08.268+0500] {processor.py:186} INFO - Started process (PID=19334) to work on /home/AtlasRise/airflow/airflow_env/lib/python3.12/site-packages/airflow/example_dags/example_workday_timetable.py
[2024-11-18T20:45:08.271+0500] {processor.py:914} INFO - Processing file /home/AtlasRise/airflow/airflow_env/lib/python3.12/site-packages/airflow/example_dags/example_workday_timetable.py for tasks to queue
[2024-11-18T20:45:08.274+0500] {logging_mixin.py:190} INFO - [2024-11-18T20:45:08.273+0500] {dagbag.py:588} INFO - Filling up the DagBag from /home/AtlasRise/airflow/airflow_env/lib/python3.12/site-packages/airflow/example_dags/example_workday_timetable.py
[2024-11-18T20:45:08.283+0500] {processor.py:925} INFO - DAG(s) 'example_workday_timetable' retrieved from /home/AtlasRise/airflow/airflow_env/lib/python3.12/site-packages/airflow/example_dags/example_workday_timetable.py
[2024-11-18T20:45:08.305+0500] {logging_mixin.py:190} INFO - [2024-11-18T20:45:08.305+0500] {dag.py:3239} INFO - Sync 1 DAGs
[2024-11-18T20:45:08.336+0500] {logging_mixin.py:190} INFO - [2024-11-18T20:45:08.336+0500] {dag.py:4180} INFO - Setting next_dagrun for example_workday_timetable to 2021-01-01 00:00:00+00:00, run_after=2021-01-02 00:00:00+00:00
[2024-11-18T20:45:08.368+0500] {processor.py:208} INFO - Processing /home/AtlasRise/airflow/airflow_env/lib/python3.12/site-packages/airflow/example_dags/example_workday_timetable.py took 0.109 seconds
[2024-11-18T20:46:27.267+0500] {processor.py:186} INFO - Started process (PID=19549) to work on /home/AtlasRise/airflow/airflow_env/lib/python3.12/site-packages/airflow/example_dags/example_workday_timetable.py
[2024-11-18T20:46:27.270+0500] {processor.py:914} INFO - Processing file /home/AtlasRise/airflow/airflow_env/lib/python3.12/site-packages/airflow/example_dags/example_workday_timetable.py for tasks to queue
[2024-11-18T20:46:27.273+0500] {logging_mixin.py:190} INFO - [2024-11-18T20:46:27.272+0500] {dagbag.py:588} INFO - Filling up the DagBag from /home/AtlasRise/airflow/airflow_env/lib/python3.12/site-packages/airflow/example_dags/example_workday_timetable.py
[2024-11-18T20:46:27.281+0500] {processor.py:925} INFO - DAG(s) 'example_workday_timetable' retrieved from /home/AtlasRise/airflow/airflow_env/lib/python3.12/site-packages/airflow/example_dags/example_workday_timetable.py
[2024-11-18T20:46:27.304+0500] {logging_mixin.py:190} INFO - [2024-11-18T20:46:27.303+0500] {dag.py:3239} INFO - Sync 1 DAGs
[2024-11-18T20:46:27.337+0500] {logging_mixin.py:190} INFO - [2024-11-18T20:46:27.336+0500] {dag.py:4180} INFO - Setting next_dagrun for example_workday_timetable to 2021-01-01 00:00:00+00:00, run_after=2021-01-02 00:00:00+00:00
[2024-11-18T20:46:27.370+0500] {processor.py:208} INFO - Processing /home/AtlasRise/airflow/airflow_env/lib/python3.12/site-packages/airflow/example_dags/example_workday_timetable.py took 0.111 seconds
[2024-11-18T20:47:38.586+0500] {processor.py:186} INFO - Started process (PID=19659) to work on /home/AtlasRise/airflow/airflow_env/lib/python3.12/site-packages/airflow/example_dags/example_workday_timetable.py
[2024-11-18T20:47:38.589+0500] {processor.py:914} INFO - Processing file /home/AtlasRise/airflow/airflow_env/lib/python3.12/site-packages/airflow/example_dags/example_workday_timetable.py for tasks to queue
[2024-11-18T20:47:38.592+0500] {logging_mixin.py:190} INFO - [2024-11-18T20:47:38.592+0500] {dagbag.py:588} INFO - Filling up the DagBag from /home/AtlasRise/airflow/airflow_env/lib/python3.12/site-packages/airflow/example_dags/example_workday_timetable.py
[2024-11-18T20:47:38.601+0500] {processor.py:925} INFO - DAG(s) 'example_workday_timetable' retrieved from /home/AtlasRise/airflow/airflow_env/lib/python3.12/site-packages/airflow/example_dags/example_workday_timetable.py
[2024-11-18T20:47:38.623+0500] {logging_mixin.py:190} INFO - [2024-11-18T20:47:38.623+0500] {dag.py:3239} INFO - Sync 1 DAGs
[2024-11-18T20:47:38.657+0500] {logging_mixin.py:190} INFO - [2024-11-18T20:47:38.656+0500] {dag.py:4180} INFO - Setting next_dagrun for example_workday_timetable to 2021-01-01 00:00:00+00:00, run_after=2021-01-02 00:00:00+00:00
[2024-11-18T20:47:38.689+0500] {processor.py:208} INFO - Processing /home/AtlasRise/airflow/airflow_env/lib/python3.12/site-packages/airflow/example_dags/example_workday_timetable.py took 0.111 seconds
[2024-11-18T20:48:42.021+0500] {processor.py:186} INFO - Started process (PID=19796) to work on /home/AtlasRise/airflow/airflow_env/lib/python3.12/site-packages/airflow/example_dags/example_workday_timetable.py
[2024-11-18T20:48:42.023+0500] {processor.py:914} INFO - Processing file /home/AtlasRise/airflow/airflow_env/lib/python3.12/site-packages/airflow/example_dags/example_workday_timetable.py for tasks to queue
[2024-11-18T20:48:42.027+0500] {logging_mixin.py:190} INFO - [2024-11-18T20:48:42.026+0500] {dagbag.py:588} INFO - Filling up the DagBag from /home/AtlasRise/airflow/airflow_env/lib/python3.12/site-packages/airflow/example_dags/example_workday_timetable.py
[2024-11-18T20:48:42.036+0500] {processor.py:925} INFO - DAG(s) 'example_workday_timetable' retrieved from /home/AtlasRise/airflow/airflow_env/lib/python3.12/site-packages/airflow/example_dags/example_workday_timetable.py
[2024-11-18T20:48:42.059+0500] {logging_mixin.py:190} INFO - [2024-11-18T20:48:42.059+0500] {dag.py:3239} INFO - Sync 1 DAGs
[2024-11-18T20:48:42.096+0500] {logging_mixin.py:190} INFO - [2024-11-18T20:48:42.095+0500] {dag.py:4180} INFO - Setting next_dagrun for example_workday_timetable to 2021-01-01 00:00:00+00:00, run_after=2021-01-02 00:00:00+00:00
[2024-11-18T20:48:42.131+0500] {processor.py:208} INFO - Processing /home/AtlasRise/airflow/airflow_env/lib/python3.12/site-packages/airflow/example_dags/example_workday_timetable.py took 0.119 seconds
[2024-11-18T20:49:52.096+0500] {processor.py:186} INFO - Started process (PID=19870) to work on /home/AtlasRise/airflow/airflow_env/lib/python3.12/site-packages/airflow/example_dags/example_workday_timetable.py
[2024-11-18T20:49:52.097+0500] {processor.py:914} INFO - Processing file /home/AtlasRise/airflow/airflow_env/lib/python3.12/site-packages/airflow/example_dags/example_workday_timetable.py for tasks to queue
[2024-11-18T20:49:52.103+0500] {logging_mixin.py:190} INFO - [2024-11-18T20:49:52.102+0500] {dagbag.py:588} INFO - Filling up the DagBag from /home/AtlasRise/airflow/airflow_env/lib/python3.12/site-packages/airflow/example_dags/example_workday_timetable.py
[2024-11-18T20:49:52.115+0500] {processor.py:925} INFO - DAG(s) 'example_workday_timetable' retrieved from /home/AtlasRise/airflow/airflow_env/lib/python3.12/site-packages/airflow/example_dags/example_workday_timetable.py
[2024-11-18T20:49:52.142+0500] {logging_mixin.py:190} INFO - [2024-11-18T20:49:52.141+0500] {dag.py:3239} INFO - Sync 1 DAGs
[2024-11-18T20:49:52.190+0500] {logging_mixin.py:190} INFO - [2024-11-18T20:49:52.189+0500] {dag.py:4180} INFO - Setting next_dagrun for example_workday_timetable to 2021-01-01 00:00:00+00:00, run_after=2021-01-02 00:00:00+00:00
[2024-11-18T20:49:52.233+0500] {processor.py:208} INFO - Processing /home/AtlasRise/airflow/airflow_env/lib/python3.12/site-packages/airflow/example_dags/example_workday_timetable.py took 0.146 seconds
[2024-11-18T20:51:02.534+0500] {processor.py:186} INFO - Started process (PID=19943) to work on /home/AtlasRise/airflow/airflow_env/lib/python3.12/site-packages/airflow/example_dags/example_workday_timetable.py
[2024-11-18T20:51:02.536+0500] {processor.py:914} INFO - Processing file /home/AtlasRise/airflow/airflow_env/lib/python3.12/site-packages/airflow/example_dags/example_workday_timetable.py for tasks to queue
[2024-11-18T20:51:02.539+0500] {logging_mixin.py:190} INFO - [2024-11-18T20:51:02.538+0500] {dagbag.py:588} INFO - Filling up the DagBag from /home/AtlasRise/airflow/airflow_env/lib/python3.12/site-packages/airflow/example_dags/example_workday_timetable.py
[2024-11-18T20:51:02.548+0500] {processor.py:925} INFO - DAG(s) 'example_workday_timetable' retrieved from /home/AtlasRise/airflow/airflow_env/lib/python3.12/site-packages/airflow/example_dags/example_workday_timetable.py
[2024-11-18T20:51:02.570+0500] {logging_mixin.py:190} INFO - [2024-11-18T20:51:02.569+0500] {dag.py:3239} INFO - Sync 1 DAGs
[2024-11-18T20:51:02.603+0500] {logging_mixin.py:190} INFO - [2024-11-18T20:51:02.602+0500] {dag.py:4180} INFO - Setting next_dagrun for example_workday_timetable to 2021-01-01 00:00:00+00:00, run_after=2021-01-02 00:00:00+00:00
[2024-11-18T20:51:02.635+0500] {processor.py:208} INFO - Processing /home/AtlasRise/airflow/airflow_env/lib/python3.12/site-packages/airflow/example_dags/example_workday_timetable.py took 0.109 seconds
[2024-11-18T20:52:16.027+0500] {processor.py:186} INFO - Started process (PID=20030) to work on /home/AtlasRise/airflow/airflow_env/lib/python3.12/site-packages/airflow/example_dags/example_workday_timetable.py
[2024-11-18T20:52:16.030+0500] {processor.py:914} INFO - Processing file /home/AtlasRise/airflow/airflow_env/lib/python3.12/site-packages/airflow/example_dags/example_workday_timetable.py for tasks to queue
[2024-11-18T20:52:16.033+0500] {logging_mixin.py:190} INFO - [2024-11-18T20:52:16.032+0500] {dagbag.py:588} INFO - Filling up the DagBag from /home/AtlasRise/airflow/airflow_env/lib/python3.12/site-packages/airflow/example_dags/example_workday_timetable.py
[2024-11-18T20:52:16.043+0500] {processor.py:925} INFO - DAG(s) 'example_workday_timetable' retrieved from /home/AtlasRise/airflow/airflow_env/lib/python3.12/site-packages/airflow/example_dags/example_workday_timetable.py
[2024-11-18T20:52:16.065+0500] {logging_mixin.py:190} INFO - [2024-11-18T20:52:16.064+0500] {dag.py:3239} INFO - Sync 1 DAGs
[2024-11-18T20:52:16.098+0500] {logging_mixin.py:190} INFO - [2024-11-18T20:52:16.098+0500] {dag.py:4180} INFO - Setting next_dagrun for example_workday_timetable to 2021-01-01 00:00:00+00:00, run_after=2021-01-02 00:00:00+00:00
[2024-11-18T20:52:16.131+0500] {processor.py:208} INFO - Processing /home/AtlasRise/airflow/airflow_env/lib/python3.12/site-packages/airflow/example_dags/example_workday_timetable.py took 0.112 seconds
[2024-11-18T20:53:20.216+0500] {processor.py:186} INFO - Started process (PID=20101) to work on /home/AtlasRise/airflow/airflow_env/lib/python3.12/site-packages/airflow/example_dags/example_workday_timetable.py
[2024-11-18T20:53:20.219+0500] {processor.py:914} INFO - Processing file /home/AtlasRise/airflow/airflow_env/lib/python3.12/site-packages/airflow/example_dags/example_workday_timetable.py for tasks to queue
[2024-11-18T20:53:20.222+0500] {logging_mixin.py:190} INFO - [2024-11-18T20:53:20.221+0500] {dagbag.py:588} INFO - Filling up the DagBag from /home/AtlasRise/airflow/airflow_env/lib/python3.12/site-packages/airflow/example_dags/example_workday_timetable.py
[2024-11-18T20:53:20.231+0500] {processor.py:925} INFO - DAG(s) 'example_workday_timetable' retrieved from /home/AtlasRise/airflow/airflow_env/lib/python3.12/site-packages/airflow/example_dags/example_workday_timetable.py
[2024-11-18T20:53:20.253+0500] {logging_mixin.py:190} INFO - [2024-11-18T20:53:20.253+0500] {dag.py:3239} INFO - Sync 1 DAGs
[2024-11-18T20:53:20.287+0500] {logging_mixin.py:190} INFO - [2024-11-18T20:53:20.287+0500] {dag.py:4180} INFO - Setting next_dagrun for example_workday_timetable to 2021-01-01 00:00:00+00:00, run_after=2021-01-02 00:00:00+00:00
[2024-11-18T20:53:20.320+0500] {processor.py:208} INFO - Processing /home/AtlasRise/airflow/airflow_env/lib/python3.12/site-packages/airflow/example_dags/example_workday_timetable.py took 0.113 seconds
[2024-11-18T20:54:32.038+0500] {processor.py:186} INFO - Started process (PID=20193) to work on /home/AtlasRise/airflow/airflow_env/lib/python3.12/site-packages/airflow/example_dags/example_workday_timetable.py
[2024-11-18T20:54:32.042+0500] {processor.py:914} INFO - Processing file /home/AtlasRise/airflow/airflow_env/lib/python3.12/site-packages/airflow/example_dags/example_workday_timetable.py for tasks to queue
[2024-11-18T20:54:32.046+0500] {logging_mixin.py:190} INFO - [2024-11-18T20:54:32.045+0500] {dagbag.py:588} INFO - Filling up the DagBag from /home/AtlasRise/airflow/airflow_env/lib/python3.12/site-packages/airflow/example_dags/example_workday_timetable.py
[2024-11-18T20:54:32.066+0500] {processor.py:925} INFO - DAG(s) 'example_workday_timetable' retrieved from /home/AtlasRise/airflow/airflow_env/lib/python3.12/site-packages/airflow/example_dags/example_workday_timetable.py
[2024-11-18T20:54:32.091+0500] {logging_mixin.py:190} INFO - [2024-11-18T20:54:32.090+0500] {dag.py:3239} INFO - Sync 1 DAGs
[2024-11-18T20:54:32.167+0500] {logging_mixin.py:190} INFO - [2024-11-18T20:54:32.167+0500] {dag.py:4180} INFO - Setting next_dagrun for example_workday_timetable to 2021-01-01 00:00:00+00:00, run_after=2021-01-02 00:00:00+00:00
[2024-11-18T20:54:32.238+0500] {processor.py:208} INFO - Processing /home/AtlasRise/airflow/airflow_env/lib/python3.12/site-packages/airflow/example_dags/example_workday_timetable.py took 0.209 seconds
[2024-11-18T20:56:02.590+0500] {processor.py:186} INFO - Started process (PID=20286) to work on /home/AtlasRise/airflow/airflow_env/lib/python3.12/site-packages/airflow/example_dags/example_workday_timetable.py
[2024-11-18T20:56:02.593+0500] {processor.py:914} INFO - Processing file /home/AtlasRise/airflow/airflow_env/lib/python3.12/site-packages/airflow/example_dags/example_workday_timetable.py for tasks to queue
[2024-11-18T20:56:02.597+0500] {logging_mixin.py:190} INFO - [2024-11-18T20:56:02.596+0500] {dagbag.py:588} INFO - Filling up the DagBag from /home/AtlasRise/airflow/airflow_env/lib/python3.12/site-packages/airflow/example_dags/example_workday_timetable.py
[2024-11-18T20:56:02.609+0500] {processor.py:925} INFO - DAG(s) 'example_workday_timetable' retrieved from /home/AtlasRise/airflow/airflow_env/lib/python3.12/site-packages/airflow/example_dags/example_workday_timetable.py
[2024-11-18T20:56:02.634+0500] {logging_mixin.py:190} INFO - [2024-11-18T20:56:02.633+0500] {dag.py:3239} INFO - Sync 1 DAGs
[2024-11-18T20:56:02.675+0500] {logging_mixin.py:190} INFO - [2024-11-18T20:56:02.675+0500] {dag.py:4180} INFO - Setting next_dagrun for example_workday_timetable to 2021-01-01 00:00:00+00:00, run_after=2021-01-02 00:00:00+00:00
[2024-11-18T20:56:02.722+0500] {processor.py:208} INFO - Processing /home/AtlasRise/airflow/airflow_env/lib/python3.12/site-packages/airflow/example_dags/example_workday_timetable.py took 0.142 seconds
[2024-11-18T20:57:16.683+0500] {processor.py:186} INFO - Started process (PID=20370) to work on /home/AtlasRise/airflow/airflow_env/lib/python3.12/site-packages/airflow/example_dags/example_workday_timetable.py
[2024-11-18T20:57:16.684+0500] {processor.py:914} INFO - Processing file /home/AtlasRise/airflow/airflow_env/lib/python3.12/site-packages/airflow/example_dags/example_workday_timetable.py for tasks to queue
[2024-11-18T20:57:16.687+0500] {logging_mixin.py:190} INFO - [2024-11-18T20:57:16.687+0500] {dagbag.py:588} INFO - Filling up the DagBag from /home/AtlasRise/airflow/airflow_env/lib/python3.12/site-packages/airflow/example_dags/example_workday_timetable.py
[2024-11-18T20:57:16.697+0500] {processor.py:925} INFO - DAG(s) 'example_workday_timetable' retrieved from /home/AtlasRise/airflow/airflow_env/lib/python3.12/site-packages/airflow/example_dags/example_workday_timetable.py
[2024-11-18T20:57:16.721+0500] {logging_mixin.py:190} INFO - [2024-11-18T20:57:16.721+0500] {dag.py:3239} INFO - Sync 1 DAGs
[2024-11-18T20:57:16.754+0500] {logging_mixin.py:190} INFO - [2024-11-18T20:57:16.754+0500] {dag.py:4180} INFO - Setting next_dagrun for example_workday_timetable to 2021-01-01 00:00:00+00:00, run_after=2021-01-02 00:00:00+00:00
[2024-11-18T20:57:16.786+0500] {processor.py:208} INFO - Processing /home/AtlasRise/airflow/airflow_env/lib/python3.12/site-packages/airflow/example_dags/example_workday_timetable.py took 0.111 seconds
[2024-11-18T20:58:27.103+0500] {processor.py:186} INFO - Started process (PID=20463) to work on /home/AtlasRise/airflow/airflow_env/lib/python3.12/site-packages/airflow/example_dags/example_workday_timetable.py
[2024-11-18T20:58:27.106+0500] {processor.py:914} INFO - Processing file /home/AtlasRise/airflow/airflow_env/lib/python3.12/site-packages/airflow/example_dags/example_workday_timetable.py for tasks to queue
[2024-11-18T20:58:27.109+0500] {logging_mixin.py:190} INFO - [2024-11-18T20:58:27.109+0500] {dagbag.py:588} INFO - Filling up the DagBag from /home/AtlasRise/airflow/airflow_env/lib/python3.12/site-packages/airflow/example_dags/example_workday_timetable.py
[2024-11-18T20:58:27.119+0500] {processor.py:925} INFO - DAG(s) 'example_workday_timetable' retrieved from /home/AtlasRise/airflow/airflow_env/lib/python3.12/site-packages/airflow/example_dags/example_workday_timetable.py
[2024-11-18T20:58:27.141+0500] {logging_mixin.py:190} INFO - [2024-11-18T20:58:27.141+0500] {dag.py:3239} INFO - Sync 1 DAGs
[2024-11-18T20:58:27.174+0500] {logging_mixin.py:190} INFO - [2024-11-18T20:58:27.173+0500] {dag.py:4180} INFO - Setting next_dagrun for example_workday_timetable to 2021-01-01 00:00:00+00:00, run_after=2021-01-02 00:00:00+00:00
[2024-11-18T20:58:27.206+0500] {processor.py:208} INFO - Processing /home/AtlasRise/airflow/airflow_env/lib/python3.12/site-packages/airflow/example_dags/example_workday_timetable.py took 0.111 seconds
[2024-11-18T20:59:36.109+0500] {processor.py:186} INFO - Started process (PID=20537) to work on /home/AtlasRise/airflow/airflow_env/lib/python3.12/site-packages/airflow/example_dags/example_workday_timetable.py
[2024-11-18T20:59:36.112+0500] {processor.py:914} INFO - Processing file /home/AtlasRise/airflow/airflow_env/lib/python3.12/site-packages/airflow/example_dags/example_workday_timetable.py for tasks to queue
[2024-11-18T20:59:36.116+0500] {logging_mixin.py:190} INFO - [2024-11-18T20:59:36.116+0500] {dagbag.py:588} INFO - Filling up the DagBag from /home/AtlasRise/airflow/airflow_env/lib/python3.12/site-packages/airflow/example_dags/example_workday_timetable.py
[2024-11-18T20:59:36.126+0500] {processor.py:925} INFO - DAG(s) 'example_workday_timetable' retrieved from /home/AtlasRise/airflow/airflow_env/lib/python3.12/site-packages/airflow/example_dags/example_workday_timetable.py
[2024-11-18T20:59:36.148+0500] {logging_mixin.py:190} INFO - [2024-11-18T20:59:36.148+0500] {dag.py:3239} INFO - Sync 1 DAGs
[2024-11-18T20:59:36.181+0500] {logging_mixin.py:190} INFO - [2024-11-18T20:59:36.181+0500] {dag.py:4180} INFO - Setting next_dagrun for example_workday_timetable to 2021-01-01 00:00:00+00:00, run_after=2021-01-02 00:00:00+00:00
[2024-11-18T20:59:36.213+0500] {processor.py:208} INFO - Processing /home/AtlasRise/airflow/airflow_env/lib/python3.12/site-packages/airflow/example_dags/example_workday_timetable.py took 0.112 seconds
[2024-11-18T21:00:48.930+0500] {processor.py:186} INFO - Started process (PID=20610) to work on /home/AtlasRise/airflow/airflow_env/lib/python3.12/site-packages/airflow/example_dags/example_workday_timetable.py
[2024-11-18T21:00:48.933+0500] {processor.py:914} INFO - Processing file /home/AtlasRise/airflow/airflow_env/lib/python3.12/site-packages/airflow/example_dags/example_workday_timetable.py for tasks to queue
[2024-11-18T21:00:48.936+0500] {logging_mixin.py:190} INFO - [2024-11-18T21:00:48.936+0500] {dagbag.py:588} INFO - Filling up the DagBag from /home/AtlasRise/airflow/airflow_env/lib/python3.12/site-packages/airflow/example_dags/example_workday_timetable.py
[2024-11-18T21:00:48.945+0500] {processor.py:925} INFO - DAG(s) 'example_workday_timetable' retrieved from /home/AtlasRise/airflow/airflow_env/lib/python3.12/site-packages/airflow/example_dags/example_workday_timetable.py
[2024-11-18T21:00:48.967+0500] {logging_mixin.py:190} INFO - [2024-11-18T21:00:48.967+0500] {dag.py:3239} INFO - Sync 1 DAGs
[2024-11-18T21:00:49.000+0500] {logging_mixin.py:190} INFO - [2024-11-18T21:00:49.000+0500] {dag.py:4180} INFO - Setting next_dagrun for example_workday_timetable to 2021-01-01 00:00:00+00:00, run_after=2021-01-02 00:00:00+00:00
[2024-11-18T21:00:49.033+0500] {processor.py:208} INFO - Processing /home/AtlasRise/airflow/airflow_env/lib/python3.12/site-packages/airflow/example_dags/example_workday_timetable.py took 0.111 seconds
[2024-11-18T21:01:52.897+0500] {processor.py:186} INFO - Started process (PID=20692) to work on /home/AtlasRise/airflow/airflow_env/lib/python3.12/site-packages/airflow/example_dags/example_workday_timetable.py
[2024-11-18T21:01:52.899+0500] {processor.py:914} INFO - Processing file /home/AtlasRise/airflow/airflow_env/lib/python3.12/site-packages/airflow/example_dags/example_workday_timetable.py for tasks to queue
[2024-11-18T21:01:52.903+0500] {logging_mixin.py:190} INFO - [2024-11-18T21:01:52.902+0500] {dagbag.py:588} INFO - Filling up the DagBag from /home/AtlasRise/airflow/airflow_env/lib/python3.12/site-packages/airflow/example_dags/example_workday_timetable.py
[2024-11-18T21:01:52.913+0500] {processor.py:925} INFO - DAG(s) 'example_workday_timetable' retrieved from /home/AtlasRise/airflow/airflow_env/lib/python3.12/site-packages/airflow/example_dags/example_workday_timetable.py
[2024-11-18T21:01:52.939+0500] {logging_mixin.py:190} INFO - [2024-11-18T21:01:52.939+0500] {dag.py:3239} INFO - Sync 1 DAGs
[2024-11-18T21:01:52.973+0500] {logging_mixin.py:190} INFO - [2024-11-18T21:01:52.972+0500] {dag.py:4180} INFO - Setting next_dagrun for example_workday_timetable to 2021-01-01 00:00:00+00:00, run_after=2021-01-02 00:00:00+00:00
[2024-11-18T21:01:53.006+0500] {processor.py:208} INFO - Processing /home/AtlasRise/airflow/airflow_env/lib/python3.12/site-packages/airflow/example_dags/example_workday_timetable.py took 0.117 seconds
[2024-11-18T21:03:07.896+0500] {processor.py:186} INFO - Started process (PID=20766) to work on /home/AtlasRise/airflow/airflow_env/lib/python3.12/site-packages/airflow/example_dags/example_workday_timetable.py
[2024-11-18T21:03:07.898+0500] {processor.py:914} INFO - Processing file /home/AtlasRise/airflow/airflow_env/lib/python3.12/site-packages/airflow/example_dags/example_workday_timetable.py for tasks to queue
[2024-11-18T21:03:07.901+0500] {logging_mixin.py:190} INFO - [2024-11-18T21:03:07.900+0500] {dagbag.py:588} INFO - Filling up the DagBag from /home/AtlasRise/airflow/airflow_env/lib/python3.12/site-packages/airflow/example_dags/example_workday_timetable.py
[2024-11-18T21:03:07.910+0500] {processor.py:925} INFO - DAG(s) 'example_workday_timetable' retrieved from /home/AtlasRise/airflow/airflow_env/lib/python3.12/site-packages/airflow/example_dags/example_workday_timetable.py
[2024-11-18T21:03:07.933+0500] {logging_mixin.py:190} INFO - [2024-11-18T21:03:07.932+0500] {dag.py:3239} INFO - Sync 1 DAGs
[2024-11-18T21:03:07.966+0500] {logging_mixin.py:190} INFO - [2024-11-18T21:03:07.966+0500] {dag.py:4180} INFO - Setting next_dagrun for example_workday_timetable to 2021-01-01 00:00:00+00:00, run_after=2021-01-02 00:00:00+00:00
[2024-11-18T21:03:07.999+0500] {processor.py:208} INFO - Processing /home/AtlasRise/airflow/airflow_env/lib/python3.12/site-packages/airflow/example_dags/example_workday_timetable.py took 0.111 seconds
[2024-11-18T21:04:14.861+0500] {processor.py:186} INFO - Started process (PID=20849) to work on /home/AtlasRise/airflow/airflow_env/lib/python3.12/site-packages/airflow/example_dags/example_workday_timetable.py
[2024-11-18T21:04:14.863+0500] {processor.py:914} INFO - Processing file /home/AtlasRise/airflow/airflow_env/lib/python3.12/site-packages/airflow/example_dags/example_workday_timetable.py for tasks to queue
[2024-11-18T21:04:14.867+0500] {logging_mixin.py:190} INFO - [2024-11-18T21:04:14.866+0500] {dagbag.py:588} INFO - Filling up the DagBag from /home/AtlasRise/airflow/airflow_env/lib/python3.12/site-packages/airflow/example_dags/example_workday_timetable.py
[2024-11-18T21:04:14.877+0500] {processor.py:925} INFO - DAG(s) 'example_workday_timetable' retrieved from /home/AtlasRise/airflow/airflow_env/lib/python3.12/site-packages/airflow/example_dags/example_workday_timetable.py
[2024-11-18T21:04:14.901+0500] {logging_mixin.py:190} INFO - [2024-11-18T21:04:14.901+0500] {dag.py:3239} INFO - Sync 1 DAGs
[2024-11-18T21:04:14.939+0500] {logging_mixin.py:190} INFO - [2024-11-18T21:04:14.939+0500] {dag.py:4180} INFO - Setting next_dagrun for example_workday_timetable to 2021-01-01 00:00:00+00:00, run_after=2021-01-02 00:00:00+00:00
[2024-11-18T21:04:14.974+0500] {processor.py:208} INFO - Processing /home/AtlasRise/airflow/airflow_env/lib/python3.12/site-packages/airflow/example_dags/example_workday_timetable.py took 0.123 seconds
[2024-11-18T21:05:21.481+0500] {processor.py:186} INFO - Started process (PID=20939) to work on /home/AtlasRise/airflow/airflow_env/lib/python3.12/site-packages/airflow/example_dags/example_workday_timetable.py
[2024-11-18T21:05:21.483+0500] {processor.py:914} INFO - Processing file /home/AtlasRise/airflow/airflow_env/lib/python3.12/site-packages/airflow/example_dags/example_workday_timetable.py for tasks to queue
[2024-11-18T21:05:21.486+0500] {logging_mixin.py:190} INFO - [2024-11-18T21:05:21.486+0500] {dagbag.py:588} INFO - Filling up the DagBag from /home/AtlasRise/airflow/airflow_env/lib/python3.12/site-packages/airflow/example_dags/example_workday_timetable.py
[2024-11-18T21:05:21.496+0500] {processor.py:925} INFO - DAG(s) 'example_workday_timetable' retrieved from /home/AtlasRise/airflow/airflow_env/lib/python3.12/site-packages/airflow/example_dags/example_workday_timetable.py
[2024-11-18T21:05:21.518+0500] {logging_mixin.py:190} INFO - [2024-11-18T21:05:21.517+0500] {dag.py:3239} INFO - Sync 1 DAGs
[2024-11-18T21:05:21.550+0500] {logging_mixin.py:190} INFO - [2024-11-18T21:05:21.550+0500] {dag.py:4180} INFO - Setting next_dagrun for example_workday_timetable to 2021-01-01 00:00:00+00:00, run_after=2021-01-02 00:00:00+00:00
[2024-11-18T21:05:21.584+0500] {processor.py:208} INFO - Processing /home/AtlasRise/airflow/airflow_env/lib/python3.12/site-packages/airflow/example_dags/example_workday_timetable.py took 0.111 seconds
[2024-11-18T21:06:28.685+0500] {processor.py:186} INFO - Started process (PID=21022) to work on /home/AtlasRise/airflow/airflow_env/lib/python3.12/site-packages/airflow/example_dags/example_workday_timetable.py
[2024-11-18T21:06:28.687+0500] {processor.py:914} INFO - Processing file /home/AtlasRise/airflow/airflow_env/lib/python3.12/site-packages/airflow/example_dags/example_workday_timetable.py for tasks to queue
[2024-11-18T21:06:28.690+0500] {logging_mixin.py:190} INFO - [2024-11-18T21:06:28.689+0500] {dagbag.py:588} INFO - Filling up the DagBag from /home/AtlasRise/airflow/airflow_env/lib/python3.12/site-packages/airflow/example_dags/example_workday_timetable.py
[2024-11-18T21:06:28.699+0500] {processor.py:925} INFO - DAG(s) 'example_workday_timetable' retrieved from /home/AtlasRise/airflow/airflow_env/lib/python3.12/site-packages/airflow/example_dags/example_workday_timetable.py
[2024-11-18T21:06:28.721+0500] {logging_mixin.py:190} INFO - [2024-11-18T21:06:28.720+0500] {dag.py:3239} INFO - Sync 1 DAGs
[2024-11-18T21:06:28.754+0500] {logging_mixin.py:190} INFO - [2024-11-18T21:06:28.753+0500] {dag.py:4180} INFO - Setting next_dagrun for example_workday_timetable to 2021-01-01 00:00:00+00:00, run_after=2021-01-02 00:00:00+00:00
[2024-11-18T21:06:28.786+0500] {processor.py:208} INFO - Processing /home/AtlasRise/airflow/airflow_env/lib/python3.12/site-packages/airflow/example_dags/example_workday_timetable.py took 0.109 seconds
[2024-11-18T21:07:49.381+0500] {processor.py:186} INFO - Started process (PID=21123) to work on /home/AtlasRise/airflow/airflow_env/lib/python3.12/site-packages/airflow/example_dags/example_workday_timetable.py
[2024-11-18T21:07:49.383+0500] {processor.py:914} INFO - Processing file /home/AtlasRise/airflow/airflow_env/lib/python3.12/site-packages/airflow/example_dags/example_workday_timetable.py for tasks to queue
[2024-11-18T21:07:49.386+0500] {logging_mixin.py:190} INFO - [2024-11-18T21:07:49.386+0500] {dagbag.py:588} INFO - Filling up the DagBag from /home/AtlasRise/airflow/airflow_env/lib/python3.12/site-packages/airflow/example_dags/example_workday_timetable.py
[2024-11-18T21:07:49.395+0500] {processor.py:925} INFO - DAG(s) 'example_workday_timetable' retrieved from /home/AtlasRise/airflow/airflow_env/lib/python3.12/site-packages/airflow/example_dags/example_workday_timetable.py
[2024-11-18T21:07:49.418+0500] {logging_mixin.py:190} INFO - [2024-11-18T21:07:49.417+0500] {dag.py:3239} INFO - Sync 1 DAGs
[2024-11-18T21:07:49.451+0500] {logging_mixin.py:190} INFO - [2024-11-18T21:07:49.450+0500] {dag.py:4180} INFO - Setting next_dagrun for example_workday_timetable to 2021-01-01 00:00:00+00:00, run_after=2021-01-02 00:00:00+00:00
[2024-11-18T21:07:49.485+0500] {processor.py:208} INFO - Processing /home/AtlasRise/airflow/airflow_env/lib/python3.12/site-packages/airflow/example_dags/example_workday_timetable.py took 0.112 seconds
[2024-11-18T21:08:55.214+0500] {processor.py:186} INFO - Started process (PID=21196) to work on /home/AtlasRise/airflow/airflow_env/lib/python3.12/site-packages/airflow/example_dags/example_workday_timetable.py
[2024-11-18T21:08:55.216+0500] {processor.py:914} INFO - Processing file /home/AtlasRise/airflow/airflow_env/lib/python3.12/site-packages/airflow/example_dags/example_workday_timetable.py for tasks to queue
[2024-11-18T21:08:55.219+0500] {logging_mixin.py:190} INFO - [2024-11-18T21:08:55.218+0500] {dagbag.py:588} INFO - Filling up the DagBag from /home/AtlasRise/airflow/airflow_env/lib/python3.12/site-packages/airflow/example_dags/example_workday_timetable.py
[2024-11-18T21:08:55.228+0500] {processor.py:925} INFO - DAG(s) 'example_workday_timetable' retrieved from /home/AtlasRise/airflow/airflow_env/lib/python3.12/site-packages/airflow/example_dags/example_workday_timetable.py
[2024-11-18T21:08:55.249+0500] {logging_mixin.py:190} INFO - [2024-11-18T21:08:55.249+0500] {dag.py:3239} INFO - Sync 1 DAGs
[2024-11-18T21:08:55.282+0500] {logging_mixin.py:190} INFO - [2024-11-18T21:08:55.281+0500] {dag.py:4180} INFO - Setting next_dagrun for example_workday_timetable to 2021-01-01 00:00:00+00:00, run_after=2021-01-02 00:00:00+00:00
[2024-11-18T21:08:55.313+0500] {processor.py:208} INFO - Processing /home/AtlasRise/airflow/airflow_env/lib/python3.12/site-packages/airflow/example_dags/example_workday_timetable.py took 0.107 seconds
[2024-11-18T21:10:06.819+0500] {processor.py:186} INFO - Started process (PID=21305) to work on /home/AtlasRise/airflow/airflow_env/lib/python3.12/site-packages/airflow/example_dags/example_workday_timetable.py
[2024-11-18T21:10:06.822+0500] {processor.py:914} INFO - Processing file /home/AtlasRise/airflow/airflow_env/lib/python3.12/site-packages/airflow/example_dags/example_workday_timetable.py for tasks to queue
[2024-11-18T21:10:06.825+0500] {logging_mixin.py:190} INFO - [2024-11-18T21:10:06.824+0500] {dagbag.py:588} INFO - Filling up the DagBag from /home/AtlasRise/airflow/airflow_env/lib/python3.12/site-packages/airflow/example_dags/example_workday_timetable.py
[2024-11-18T21:10:06.835+0500] {processor.py:925} INFO - DAG(s) 'example_workday_timetable' retrieved from /home/AtlasRise/airflow/airflow_env/lib/python3.12/site-packages/airflow/example_dags/example_workday_timetable.py
[2024-11-18T21:10:06.858+0500] {logging_mixin.py:190} INFO - [2024-11-18T21:10:06.858+0500] {dag.py:3239} INFO - Sync 1 DAGs
[2024-11-18T21:10:06.894+0500] {logging_mixin.py:190} INFO - [2024-11-18T21:10:06.894+0500] {dag.py:4180} INFO - Setting next_dagrun for example_workday_timetable to 2021-01-01 00:00:00+00:00, run_after=2021-01-02 00:00:00+00:00
[2024-11-18T21:10:06.934+0500] {processor.py:208} INFO - Processing /home/AtlasRise/airflow/airflow_env/lib/python3.12/site-packages/airflow/example_dags/example_workday_timetable.py took 0.124 seconds
[2024-11-18T21:11:21.076+0500] {processor.py:186} INFO - Started process (PID=21416) to work on /home/AtlasRise/airflow/airflow_env/lib/python3.12/site-packages/airflow/example_dags/example_workday_timetable.py
[2024-11-18T21:11:21.078+0500] {processor.py:914} INFO - Processing file /home/AtlasRise/airflow/airflow_env/lib/python3.12/site-packages/airflow/example_dags/example_workday_timetable.py for tasks to queue
[2024-11-18T21:11:21.081+0500] {logging_mixin.py:190} INFO - [2024-11-18T21:11:21.081+0500] {dagbag.py:588} INFO - Filling up the DagBag from /home/AtlasRise/airflow/airflow_env/lib/python3.12/site-packages/airflow/example_dags/example_workday_timetable.py
[2024-11-18T21:11:21.091+0500] {processor.py:925} INFO - DAG(s) 'example_workday_timetable' retrieved from /home/AtlasRise/airflow/airflow_env/lib/python3.12/site-packages/airflow/example_dags/example_workday_timetable.py
[2024-11-18T21:11:21.113+0500] {logging_mixin.py:190} INFO - [2024-11-18T21:11:21.113+0500] {dag.py:3239} INFO - Sync 1 DAGs
[2024-11-18T21:11:21.147+0500] {logging_mixin.py:190} INFO - [2024-11-18T21:11:21.147+0500] {dag.py:4180} INFO - Setting next_dagrun for example_workday_timetable to 2021-01-01 00:00:00+00:00, run_after=2021-01-02 00:00:00+00:00
[2024-11-18T21:11:21.181+0500] {processor.py:208} INFO - Processing /home/AtlasRise/airflow/airflow_env/lib/python3.12/site-packages/airflow/example_dags/example_workday_timetable.py took 0.113 seconds
[2024-11-18T21:13:14.128+0500] {processor.py:186} INFO - Started process (PID=21573) to work on /home/AtlasRise/airflow/airflow_env/lib/python3.12/site-packages/airflow/example_dags/example_workday_timetable.py
[2024-11-18T21:13:14.130+0500] {processor.py:914} INFO - Processing file /home/AtlasRise/airflow/airflow_env/lib/python3.12/site-packages/airflow/example_dags/example_workday_timetable.py for tasks to queue
[2024-11-18T21:13:14.134+0500] {logging_mixin.py:190} INFO - [2024-11-18T21:13:14.134+0500] {dagbag.py:588} INFO - Filling up the DagBag from /home/AtlasRise/airflow/airflow_env/lib/python3.12/site-packages/airflow/example_dags/example_workday_timetable.py
[2024-11-18T21:13:14.143+0500] {processor.py:925} INFO - DAG(s) 'example_workday_timetable' retrieved from /home/AtlasRise/airflow/airflow_env/lib/python3.12/site-packages/airflow/example_dags/example_workday_timetable.py
[2024-11-18T21:13:14.165+0500] {logging_mixin.py:190} INFO - [2024-11-18T21:13:14.165+0500] {dag.py:3239} INFO - Sync 1 DAGs
[2024-11-18T21:13:14.199+0500] {logging_mixin.py:190} INFO - [2024-11-18T21:13:14.198+0500] {dag.py:4180} INFO - Setting next_dagrun for example_workday_timetable to 2021-01-01 00:00:00+00:00, run_after=2021-01-02 00:00:00+00:00
[2024-11-18T21:13:14.232+0500] {processor.py:208} INFO - Processing /home/AtlasRise/airflow/airflow_env/lib/python3.12/site-packages/airflow/example_dags/example_workday_timetable.py took 0.113 seconds
[2024-11-18T21:14:04.128+0500] {processor.py:186} INFO - Started process (PID=21629) to work on /home/AtlasRise/airflow/airflow_env/lib/python3.12/site-packages/airflow/example_dags/example_workday_timetable.py
[2024-11-18T21:14:04.130+0500] {processor.py:914} INFO - Processing file /home/AtlasRise/airflow/airflow_env/lib/python3.12/site-packages/airflow/example_dags/example_workday_timetable.py for tasks to queue
[2024-11-18T21:14:04.135+0500] {logging_mixin.py:190} INFO - [2024-11-18T21:14:04.134+0500] {dagbag.py:588} INFO - Filling up the DagBag from /home/AtlasRise/airflow/airflow_env/lib/python3.12/site-packages/airflow/example_dags/example_workday_timetable.py
[2024-11-18T21:14:04.144+0500] {processor.py:925} INFO - DAG(s) 'example_workday_timetable' retrieved from /home/AtlasRise/airflow/airflow_env/lib/python3.12/site-packages/airflow/example_dags/example_workday_timetable.py
[2024-11-18T21:14:04.166+0500] {logging_mixin.py:190} INFO - [2024-11-18T21:14:04.166+0500] {dag.py:3239} INFO - Sync 1 DAGs
[2024-11-18T21:14:04.200+0500] {logging_mixin.py:190} INFO - [2024-11-18T21:14:04.200+0500] {dag.py:4180} INFO - Setting next_dagrun for example_workday_timetable to 2021-01-01 00:00:00+00:00, run_after=2021-01-02 00:00:00+00:00
[2024-11-18T21:14:04.236+0500] {processor.py:208} INFO - Processing /home/AtlasRise/airflow/airflow_env/lib/python3.12/site-packages/airflow/example_dags/example_workday_timetable.py took 0.117 seconds
[2024-11-18T21:15:30.163+0500] {processor.py:186} INFO - Started process (PID=21751) to work on /home/AtlasRise/airflow/airflow_env/lib/python3.12/site-packages/airflow/example_dags/example_workday_timetable.py
[2024-11-18T21:15:30.164+0500] {processor.py:914} INFO - Processing file /home/AtlasRise/airflow/airflow_env/lib/python3.12/site-packages/airflow/example_dags/example_workday_timetable.py for tasks to queue
[2024-11-18T21:15:30.167+0500] {logging_mixin.py:190} INFO - [2024-11-18T21:15:30.166+0500] {dagbag.py:588} INFO - Filling up the DagBag from /home/AtlasRise/airflow/airflow_env/lib/python3.12/site-packages/airflow/example_dags/example_workday_timetable.py
[2024-11-18T21:15:30.175+0500] {processor.py:925} INFO - DAG(s) 'example_workday_timetable' retrieved from /home/AtlasRise/airflow/airflow_env/lib/python3.12/site-packages/airflow/example_dags/example_workday_timetable.py
[2024-11-18T21:15:30.198+0500] {logging_mixin.py:190} INFO - [2024-11-18T21:15:30.197+0500] {dag.py:3239} INFO - Sync 1 DAGs
[2024-11-18T21:15:30.232+0500] {logging_mixin.py:190} INFO - [2024-11-18T21:15:30.232+0500] {dag.py:4180} INFO - Setting next_dagrun for example_workday_timetable to 2021-01-01 00:00:00+00:00, run_after=2021-01-02 00:00:00+00:00
[2024-11-18T21:15:30.265+0500] {processor.py:208} INFO - Processing /home/AtlasRise/airflow/airflow_env/lib/python3.12/site-packages/airflow/example_dags/example_workday_timetable.py took 0.111 seconds
[2024-11-18T21:17:21.270+0500] {processor.py:186} INFO - Started process (PID=21907) to work on /home/AtlasRise/airflow/airflow_env/lib/python3.12/site-packages/airflow/example_dags/example_workday_timetable.py
[2024-11-18T21:17:21.271+0500] {processor.py:914} INFO - Processing file /home/AtlasRise/airflow/airflow_env/lib/python3.12/site-packages/airflow/example_dags/example_workday_timetable.py for tasks to queue
[2024-11-18T21:17:21.275+0500] {logging_mixin.py:190} INFO - [2024-11-18T21:17:21.274+0500] {dagbag.py:588} INFO - Filling up the DagBag from /home/AtlasRise/airflow/airflow_env/lib/python3.12/site-packages/airflow/example_dags/example_workday_timetable.py
[2024-11-18T21:17:21.284+0500] {processor.py:925} INFO - DAG(s) 'example_workday_timetable' retrieved from /home/AtlasRise/airflow/airflow_env/lib/python3.12/site-packages/airflow/example_dags/example_workday_timetable.py
[2024-11-18T21:17:21.306+0500] {logging_mixin.py:190} INFO - [2024-11-18T21:17:21.305+0500] {dag.py:3239} INFO - Sync 1 DAGs
[2024-11-18T21:17:21.340+0500] {logging_mixin.py:190} INFO - [2024-11-18T21:17:21.339+0500] {dag.py:4180} INFO - Setting next_dagrun for example_workday_timetable to 2021-01-01 00:00:00+00:00, run_after=2021-01-02 00:00:00+00:00
[2024-11-18T21:17:21.371+0500] {processor.py:208} INFO - Processing /home/AtlasRise/airflow/airflow_env/lib/python3.12/site-packages/airflow/example_dags/example_workday_timetable.py took 0.109 seconds
[2024-11-18T21:18:58.897+0500] {processor.py:186} INFO - Started process (PID=22050) to work on /home/AtlasRise/airflow/airflow_env/lib/python3.12/site-packages/airflow/example_dags/example_workday_timetable.py
[2024-11-18T21:18:58.898+0500] {processor.py:914} INFO - Processing file /home/AtlasRise/airflow/airflow_env/lib/python3.12/site-packages/airflow/example_dags/example_workday_timetable.py for tasks to queue
[2024-11-18T21:18:58.902+0500] {logging_mixin.py:190} INFO - [2024-11-18T21:18:58.901+0500] {dagbag.py:588} INFO - Filling up the DagBag from /home/AtlasRise/airflow/airflow_env/lib/python3.12/site-packages/airflow/example_dags/example_workday_timetable.py
[2024-11-18T21:18:58.911+0500] {processor.py:925} INFO - DAG(s) 'example_workday_timetable' retrieved from /home/AtlasRise/airflow/airflow_env/lib/python3.12/site-packages/airflow/example_dags/example_workday_timetable.py
[2024-11-18T21:18:58.933+0500] {logging_mixin.py:190} INFO - [2024-11-18T21:18:58.932+0500] {dag.py:3239} INFO - Sync 1 DAGs
[2024-11-18T21:18:58.967+0500] {logging_mixin.py:190} INFO - [2024-11-18T21:18:58.967+0500] {dag.py:4180} INFO - Setting next_dagrun for example_workday_timetable to 2021-01-01 00:00:00+00:00, run_after=2021-01-02 00:00:00+00:00
[2024-11-18T21:18:59.000+0500] {processor.py:208} INFO - Processing /home/AtlasRise/airflow/airflow_env/lib/python3.12/site-packages/airflow/example_dags/example_workday_timetable.py took 0.111 seconds
[2024-11-18T21:19:56.223+0500] {processor.py:186} INFO - Started process (PID=22127) to work on /home/AtlasRise/airflow/airflow_env/lib/python3.12/site-packages/airflow/example_dags/example_workday_timetable.py
[2024-11-18T21:19:56.226+0500] {processor.py:914} INFO - Processing file /home/AtlasRise/airflow/airflow_env/lib/python3.12/site-packages/airflow/example_dags/example_workday_timetable.py for tasks to queue
[2024-11-18T21:19:56.230+0500] {logging_mixin.py:190} INFO - [2024-11-18T21:19:56.228+0500] {dagbag.py:588} INFO - Filling up the DagBag from /home/AtlasRise/airflow/airflow_env/lib/python3.12/site-packages/airflow/example_dags/example_workday_timetable.py
[2024-11-18T21:19:56.238+0500] {processor.py:925} INFO - DAG(s) 'example_workday_timetable' retrieved from /home/AtlasRise/airflow/airflow_env/lib/python3.12/site-packages/airflow/example_dags/example_workday_timetable.py
[2024-11-18T21:19:56.261+0500] {logging_mixin.py:190} INFO - [2024-11-18T21:19:56.261+0500] {dag.py:3239} INFO - Sync 1 DAGs
[2024-11-18T21:19:56.295+0500] {logging_mixin.py:190} INFO - [2024-11-18T21:19:56.294+0500] {dag.py:4180} INFO - Setting next_dagrun for example_workday_timetable to 2021-01-01 00:00:00+00:00, run_after=2021-01-02 00:00:00+00:00
[2024-11-18T21:19:56.327+0500] {processor.py:208} INFO - Processing /home/AtlasRise/airflow/airflow_env/lib/python3.12/site-packages/airflow/example_dags/example_workday_timetable.py took 0.112 seconds
[2024-11-18T21:21:06.564+0500] {processor.py:186} INFO - Started process (PID=22218) to work on /home/AtlasRise/airflow/airflow_env/lib/python3.12/site-packages/airflow/example_dags/example_workday_timetable.py
[2024-11-18T21:21:06.566+0500] {processor.py:914} INFO - Processing file /home/AtlasRise/airflow/airflow_env/lib/python3.12/site-packages/airflow/example_dags/example_workday_timetable.py for tasks to queue
[2024-11-18T21:21:06.569+0500] {logging_mixin.py:190} INFO - [2024-11-18T21:21:06.569+0500] {dagbag.py:588} INFO - Filling up the DagBag from /home/AtlasRise/airflow/airflow_env/lib/python3.12/site-packages/airflow/example_dags/example_workday_timetable.py
[2024-11-18T21:21:06.579+0500] {processor.py:925} INFO - DAG(s) 'example_workday_timetable' retrieved from /home/AtlasRise/airflow/airflow_env/lib/python3.12/site-packages/airflow/example_dags/example_workday_timetable.py
[2024-11-18T21:21:06.602+0500] {logging_mixin.py:190} INFO - [2024-11-18T21:21:06.602+0500] {dag.py:3239} INFO - Sync 1 DAGs
[2024-11-18T21:21:06.636+0500] {logging_mixin.py:190} INFO - [2024-11-18T21:21:06.635+0500] {dag.py:4180} INFO - Setting next_dagrun for example_workday_timetable to 2021-01-01 00:00:00+00:00, run_after=2021-01-02 00:00:00+00:00
[2024-11-18T21:21:06.668+0500] {processor.py:208} INFO - Processing /home/AtlasRise/airflow/airflow_env/lib/python3.12/site-packages/airflow/example_dags/example_workday_timetable.py took 0.114 seconds
[2024-11-18T21:22:19.245+0500] {processor.py:186} INFO - Started process (PID=22297) to work on /home/AtlasRise/airflow/airflow_env/lib/python3.12/site-packages/airflow/example_dags/example_workday_timetable.py
[2024-11-18T21:22:19.248+0500] {processor.py:914} INFO - Processing file /home/AtlasRise/airflow/airflow_env/lib/python3.12/site-packages/airflow/example_dags/example_workday_timetable.py for tasks to queue
[2024-11-18T21:22:19.251+0500] {logging_mixin.py:190} INFO - [2024-11-18T21:22:19.250+0500] {dagbag.py:588} INFO - Filling up the DagBag from /home/AtlasRise/airflow/airflow_env/lib/python3.12/site-packages/airflow/example_dags/example_workday_timetable.py
[2024-11-18T21:22:19.264+0500] {processor.py:925} INFO - DAG(s) 'example_workday_timetable' retrieved from /home/AtlasRise/airflow/airflow_env/lib/python3.12/site-packages/airflow/example_dags/example_workday_timetable.py
[2024-11-18T21:22:19.288+0500] {logging_mixin.py:190} INFO - [2024-11-18T21:22:19.288+0500] {dag.py:3239} INFO - Sync 1 DAGs
[2024-11-18T21:22:19.322+0500] {logging_mixin.py:190} INFO - [2024-11-18T21:22:19.322+0500] {dag.py:4180} INFO - Setting next_dagrun for example_workday_timetable to 2021-01-01 00:00:00+00:00, run_after=2021-01-02 00:00:00+00:00
[2024-11-18T21:22:19.354+0500] {processor.py:208} INFO - Processing /home/AtlasRise/airflow/airflow_env/lib/python3.12/site-packages/airflow/example_dags/example_workday_timetable.py took 0.119 seconds
