[2024-11-18T20:40:34.265+0500] {processor.py:186} INFO - Started process (PID=18927) to work on /home/AtlasRise/airflow/airflow_env/lib/python3.12/site-packages/airflow/example_dags/tutorial_objectstorage.py
[2024-11-18T20:40:34.266+0500] {processor.py:914} INFO - Processing file /home/AtlasRise/airflow/airflow_env/lib/python3.12/site-packages/airflow/example_dags/tutorial_objectstorage.py for tasks to queue
[2024-11-18T20:40:34.269+0500] {logging_mixin.py:190} INFO - [2024-11-18T20:40:34.269+0500] {dagbag.py:588} INFO - Filling up the DagBag from /home/AtlasRise/airflow/airflow_env/lib/python3.12/site-packages/airflow/example_dags/tutorial_objectstorage.py
[2024-11-18T20:40:34.283+0500] {processor.py:925} INFO - DAG(s) 'tutorial_objectstorage' retrieved from /home/AtlasRise/airflow/airflow_env/lib/python3.12/site-packages/airflow/example_dags/tutorial_objectstorage.py
[2024-11-18T20:40:34.529+0500] {logging_mixin.py:190} INFO - [2024-11-18T20:40:34.528+0500] {override.py:1911} INFO - Created Permission View: can read on DAG:tutorial_objectstorage
[2024-11-18T20:40:34.583+0500] {logging_mixin.py:190} INFO - [2024-11-18T20:40:34.582+0500] {override.py:1911} INFO - Created Permission View: can edit on DAG:tutorial_objectstorage
[2024-11-18T20:40:34.628+0500] {logging_mixin.py:190} INFO - [2024-11-18T20:40:34.627+0500] {override.py:1911} INFO - Created Permission View: can delete on DAG:tutorial_objectstorage
[2024-11-18T20:40:34.684+0500] {logging_mixin.py:190} INFO - [2024-11-18T20:40:34.684+0500] {override.py:1911} INFO - Created Permission View: can read on DAG Run:tutorial_objectstorage
[2024-11-18T20:40:34.710+0500] {logging_mixin.py:190} INFO - [2024-11-18T20:40:34.710+0500] {override.py:1911} INFO - Created Permission View: can create on DAG Run:tutorial_objectstorage
[2024-11-18T20:40:34.736+0500] {logging_mixin.py:190} INFO - [2024-11-18T20:40:34.735+0500] {override.py:1911} INFO - Created Permission View: can delete on DAG Run:tutorial_objectstorage
[2024-11-18T20:40:34.778+0500] {logging_mixin.py:190} INFO - [2024-11-18T20:40:34.776+0500] {override.py:1911} INFO - Created Permission View: menu access on DAG Run:tutorial_objectstorage
[2024-11-18T20:40:34.779+0500] {logging_mixin.py:190} INFO - [2024-11-18T20:40:34.778+0500] {dag.py:3239} INFO - Sync 1 DAGs
[2024-11-18T20:40:34.811+0500] {logging_mixin.py:190} INFO - [2024-11-18T20:40:34.811+0500] {dag.py:3262} INFO - Creating ORM DAG for tutorial_objectstorage
[2024-11-18T20:40:34.813+0500] {logging_mixin.py:190} INFO - [2024-11-18T20:40:34.812+0500] {dag.py:4180} INFO - Setting next_dagrun for tutorial_objectstorage to None, run_after=None
[2024-11-18T20:40:34.900+0500] {processor.py:208} INFO - Processing /home/AtlasRise/airflow/airflow_env/lib/python3.12/site-packages/airflow/example_dags/tutorial_objectstorage.py took 0.642 seconds
[2024-11-18T20:41:47.257+0500] {processor.py:186} INFO - Started process (PID=19011) to work on /home/AtlasRise/airflow/airflow_env/lib/python3.12/site-packages/airflow/example_dags/tutorial_objectstorage.py
[2024-11-18T20:41:47.260+0500] {processor.py:914} INFO - Processing file /home/AtlasRise/airflow/airflow_env/lib/python3.12/site-packages/airflow/example_dags/tutorial_objectstorage.py for tasks to queue
[2024-11-18T20:41:47.263+0500] {logging_mixin.py:190} INFO - [2024-11-18T20:41:47.263+0500] {dagbag.py:588} INFO - Filling up the DagBag from /home/AtlasRise/airflow/airflow_env/lib/python3.12/site-packages/airflow/example_dags/tutorial_objectstorage.py
[2024-11-18T20:41:47.276+0500] {processor.py:925} INFO - DAG(s) 'tutorial_objectstorage' retrieved from /home/AtlasRise/airflow/airflow_env/lib/python3.12/site-packages/airflow/example_dags/tutorial_objectstorage.py
[2024-11-18T20:41:47.298+0500] {logging_mixin.py:190} INFO - [2024-11-18T20:41:47.298+0500] {dag.py:3239} INFO - Sync 1 DAGs
[2024-11-18T20:41:47.318+0500] {logging_mixin.py:190} INFO - [2024-11-18T20:41:47.318+0500] {dag.py:4180} INFO - Setting next_dagrun for tutorial_objectstorage to None, run_after=None
[2024-11-18T20:41:47.353+0500] {processor.py:208} INFO - Processing /home/AtlasRise/airflow/airflow_env/lib/python3.12/site-packages/airflow/example_dags/tutorial_objectstorage.py took 0.106 seconds
[2024-11-18T20:42:57.923+0500] {processor.py:186} INFO - Started process (PID=19186) to work on /home/AtlasRise/airflow/airflow_env/lib/python3.12/site-packages/airflow/example_dags/tutorial_objectstorage.py
[2024-11-18T20:42:57.925+0500] {processor.py:914} INFO - Processing file /home/AtlasRise/airflow/airflow_env/lib/python3.12/site-packages/airflow/example_dags/tutorial_objectstorage.py for tasks to queue
[2024-11-18T20:42:57.928+0500] {logging_mixin.py:190} INFO - [2024-11-18T20:42:57.928+0500] {dagbag.py:588} INFO - Filling up the DagBag from /home/AtlasRise/airflow/airflow_env/lib/python3.12/site-packages/airflow/example_dags/tutorial_objectstorage.py
[2024-11-18T20:42:57.942+0500] {processor.py:925} INFO - DAG(s) 'tutorial_objectstorage' retrieved from /home/AtlasRise/airflow/airflow_env/lib/python3.12/site-packages/airflow/example_dags/tutorial_objectstorage.py
[2024-11-18T20:42:57.964+0500] {logging_mixin.py:190} INFO - [2024-11-18T20:42:57.964+0500] {dag.py:3239} INFO - Sync 1 DAGs
[2024-11-18T20:42:57.984+0500] {logging_mixin.py:190} INFO - [2024-11-18T20:42:57.983+0500] {dag.py:4180} INFO - Setting next_dagrun for tutorial_objectstorage to None, run_after=None
[2024-11-18T20:42:58.017+0500] {processor.py:208} INFO - Processing /home/AtlasRise/airflow/airflow_env/lib/python3.12/site-packages/airflow/example_dags/tutorial_objectstorage.py took 0.102 seconds
[2024-11-18T20:44:04.752+0500] {processor.py:186} INFO - Started process (PID=19268) to work on /home/AtlasRise/airflow/airflow_env/lib/python3.12/site-packages/airflow/example_dags/tutorial_objectstorage.py
[2024-11-18T20:44:04.755+0500] {processor.py:914} INFO - Processing file /home/AtlasRise/airflow/airflow_env/lib/python3.12/site-packages/airflow/example_dags/tutorial_objectstorage.py for tasks to queue
[2024-11-18T20:44:04.759+0500] {logging_mixin.py:190} INFO - [2024-11-18T20:44:04.758+0500] {dagbag.py:588} INFO - Filling up the DagBag from /home/AtlasRise/airflow/airflow_env/lib/python3.12/site-packages/airflow/example_dags/tutorial_objectstorage.py
[2024-11-18T20:44:04.775+0500] {processor.py:925} INFO - DAG(s) 'tutorial_objectstorage' retrieved from /home/AtlasRise/airflow/airflow_env/lib/python3.12/site-packages/airflow/example_dags/tutorial_objectstorage.py
[2024-11-18T20:44:04.797+0500] {logging_mixin.py:190} INFO - [2024-11-18T20:44:04.797+0500] {dag.py:3239} INFO - Sync 1 DAGs
[2024-11-18T20:44:04.817+0500] {logging_mixin.py:190} INFO - [2024-11-18T20:44:04.817+0500] {dag.py:4180} INFO - Setting next_dagrun for tutorial_objectstorage to None, run_after=None
[2024-11-18T20:44:04.850+0500] {processor.py:208} INFO - Processing /home/AtlasRise/airflow/airflow_env/lib/python3.12/site-packages/airflow/example_dags/tutorial_objectstorage.py took 0.107 seconds
[2024-11-18T20:45:09.525+0500] {processor.py:186} INFO - Started process (PID=19337) to work on /home/AtlasRise/airflow/airflow_env/lib/python3.12/site-packages/airflow/example_dags/tutorial_objectstorage.py
[2024-11-18T20:45:09.528+0500] {processor.py:914} INFO - Processing file /home/AtlasRise/airflow/airflow_env/lib/python3.12/site-packages/airflow/example_dags/tutorial_objectstorage.py for tasks to queue
[2024-11-18T20:45:09.531+0500] {logging_mixin.py:190} INFO - [2024-11-18T20:45:09.530+0500] {dagbag.py:588} INFO - Filling up the DagBag from /home/AtlasRise/airflow/airflow_env/lib/python3.12/site-packages/airflow/example_dags/tutorial_objectstorage.py
[2024-11-18T20:45:09.543+0500] {processor.py:925} INFO - DAG(s) 'tutorial_objectstorage' retrieved from /home/AtlasRise/airflow/airflow_env/lib/python3.12/site-packages/airflow/example_dags/tutorial_objectstorage.py
[2024-11-18T20:45:09.565+0500] {logging_mixin.py:190} INFO - [2024-11-18T20:45:09.565+0500] {dag.py:3239} INFO - Sync 1 DAGs
[2024-11-18T20:45:09.586+0500] {logging_mixin.py:190} INFO - [2024-11-18T20:45:09.585+0500] {dag.py:4180} INFO - Setting next_dagrun for tutorial_objectstorage to None, run_after=None
[2024-11-18T20:45:09.618+0500] {processor.py:208} INFO - Processing /home/AtlasRise/airflow/airflow_env/lib/python3.12/site-packages/airflow/example_dags/tutorial_objectstorage.py took 0.101 seconds
[2024-11-18T20:46:28.576+0500] {processor.py:186} INFO - Started process (PID=19553) to work on /home/AtlasRise/airflow/airflow_env/lib/python3.12/site-packages/airflow/example_dags/tutorial_objectstorage.py
[2024-11-18T20:46:28.585+0500] {processor.py:914} INFO - Processing file /home/AtlasRise/airflow/airflow_env/lib/python3.12/site-packages/airflow/example_dags/tutorial_objectstorage.py for tasks to queue
[2024-11-18T20:46:28.592+0500] {logging_mixin.py:190} INFO - [2024-11-18T20:46:28.590+0500] {dagbag.py:588} INFO - Filling up the DagBag from /home/AtlasRise/airflow/airflow_env/lib/python3.12/site-packages/airflow/example_dags/tutorial_objectstorage.py
[2024-11-18T20:46:28.637+0500] {processor.py:925} INFO - DAG(s) 'tutorial_objectstorage' retrieved from /home/AtlasRise/airflow/airflow_env/lib/python3.12/site-packages/airflow/example_dags/tutorial_objectstorage.py
[2024-11-18T20:46:28.740+0500] {logging_mixin.py:190} INFO - [2024-11-18T20:46:28.740+0500] {dag.py:3239} INFO - Sync 1 DAGs
[2024-11-18T20:46:28.786+0500] {logging_mixin.py:190} INFO - [2024-11-18T20:46:28.780+0500] {dag.py:4180} INFO - Setting next_dagrun for tutorial_objectstorage to None, run_after=None
[2024-11-18T20:46:28.873+0500] {processor.py:208} INFO - Processing /home/AtlasRise/airflow/airflow_env/lib/python3.12/site-packages/airflow/example_dags/tutorial_objectstorage.py took 0.316 seconds
[2024-11-18T20:47:39.851+0500] {processor.py:186} INFO - Started process (PID=19660) to work on /home/AtlasRise/airflow/airflow_env/lib/python3.12/site-packages/airflow/example_dags/tutorial_objectstorage.py
[2024-11-18T20:47:39.853+0500] {processor.py:914} INFO - Processing file /home/AtlasRise/airflow/airflow_env/lib/python3.12/site-packages/airflow/example_dags/tutorial_objectstorage.py for tasks to queue
[2024-11-18T20:47:39.857+0500] {logging_mixin.py:190} INFO - [2024-11-18T20:47:39.856+0500] {dagbag.py:588} INFO - Filling up the DagBag from /home/AtlasRise/airflow/airflow_env/lib/python3.12/site-packages/airflow/example_dags/tutorial_objectstorage.py
[2024-11-18T20:47:39.870+0500] {processor.py:925} INFO - DAG(s) 'tutorial_objectstorage' retrieved from /home/AtlasRise/airflow/airflow_env/lib/python3.12/site-packages/airflow/example_dags/tutorial_objectstorage.py
[2024-11-18T20:47:39.892+0500] {logging_mixin.py:190} INFO - [2024-11-18T20:47:39.892+0500] {dag.py:3239} INFO - Sync 1 DAGs
[2024-11-18T20:47:39.913+0500] {logging_mixin.py:190} INFO - [2024-11-18T20:47:39.912+0500] {dag.py:4180} INFO - Setting next_dagrun for tutorial_objectstorage to None, run_after=None
[2024-11-18T20:47:39.945+0500] {processor.py:208} INFO - Processing /home/AtlasRise/airflow/airflow_env/lib/python3.12/site-packages/airflow/example_dags/tutorial_objectstorage.py took 0.103 seconds
[2024-11-18T20:48:43.278+0500] {processor.py:186} INFO - Started process (PID=19797) to work on /home/AtlasRise/airflow/airflow_env/lib/python3.12/site-packages/airflow/example_dags/tutorial_objectstorage.py
[2024-11-18T20:48:43.280+0500] {processor.py:914} INFO - Processing file /home/AtlasRise/airflow/airflow_env/lib/python3.12/site-packages/airflow/example_dags/tutorial_objectstorage.py for tasks to queue
[2024-11-18T20:48:43.284+0500] {logging_mixin.py:190} INFO - [2024-11-18T20:48:43.283+0500] {dagbag.py:588} INFO - Filling up the DagBag from /home/AtlasRise/airflow/airflow_env/lib/python3.12/site-packages/airflow/example_dags/tutorial_objectstorage.py
[2024-11-18T20:48:43.298+0500] {processor.py:925} INFO - DAG(s) 'tutorial_objectstorage' retrieved from /home/AtlasRise/airflow/airflow_env/lib/python3.12/site-packages/airflow/example_dags/tutorial_objectstorage.py
[2024-11-18T20:48:43.321+0500] {logging_mixin.py:190} INFO - [2024-11-18T20:48:43.320+0500] {dag.py:3239} INFO - Sync 1 DAGs
[2024-11-18T20:48:43.343+0500] {logging_mixin.py:190} INFO - [2024-11-18T20:48:43.342+0500] {dag.py:4180} INFO - Setting next_dagrun for tutorial_objectstorage to None, run_after=None
[2024-11-18T20:48:43.376+0500] {processor.py:208} INFO - Processing /home/AtlasRise/airflow/airflow_env/lib/python3.12/site-packages/airflow/example_dags/tutorial_objectstorage.py took 0.107 seconds
[2024-11-18T20:49:52.674+0500] {processor.py:186} INFO - Started process (PID=19871) to work on /home/AtlasRise/airflow/airflow_env/lib/python3.12/site-packages/airflow/example_dags/tutorial_objectstorage.py
[2024-11-18T20:49:52.676+0500] {processor.py:914} INFO - Processing file /home/AtlasRise/airflow/airflow_env/lib/python3.12/site-packages/airflow/example_dags/tutorial_objectstorage.py for tasks to queue
[2024-11-18T20:49:52.679+0500] {logging_mixin.py:190} INFO - [2024-11-18T20:49:52.678+0500] {dagbag.py:588} INFO - Filling up the DagBag from /home/AtlasRise/airflow/airflow_env/lib/python3.12/site-packages/airflow/example_dags/tutorial_objectstorage.py
[2024-11-18T20:49:52.695+0500] {processor.py:925} INFO - DAG(s) 'tutorial_objectstorage' retrieved from /home/AtlasRise/airflow/airflow_env/lib/python3.12/site-packages/airflow/example_dags/tutorial_objectstorage.py
[2024-11-18T20:49:52.721+0500] {logging_mixin.py:190} INFO - [2024-11-18T20:49:52.720+0500] {dag.py:3239} INFO - Sync 1 DAGs
[2024-11-18T20:49:52.745+0500] {logging_mixin.py:190} INFO - [2024-11-18T20:49:52.745+0500] {dag.py:4180} INFO - Setting next_dagrun for tutorial_objectstorage to None, run_after=None
[2024-11-18T20:49:52.791+0500] {processor.py:208} INFO - Processing /home/AtlasRise/airflow/airflow_env/lib/python3.12/site-packages/airflow/example_dags/tutorial_objectstorage.py took 0.128 seconds
[2024-11-18T20:51:03.807+0500] {processor.py:186} INFO - Started process (PID=19944) to work on /home/AtlasRise/airflow/airflow_env/lib/python3.12/site-packages/airflow/example_dags/tutorial_objectstorage.py
[2024-11-18T20:51:03.809+0500] {processor.py:914} INFO - Processing file /home/AtlasRise/airflow/airflow_env/lib/python3.12/site-packages/airflow/example_dags/tutorial_objectstorage.py for tasks to queue
[2024-11-18T20:51:03.812+0500] {logging_mixin.py:190} INFO - [2024-11-18T20:51:03.812+0500] {dagbag.py:588} INFO - Filling up the DagBag from /home/AtlasRise/airflow/airflow_env/lib/python3.12/site-packages/airflow/example_dags/tutorial_objectstorage.py
[2024-11-18T20:51:03.826+0500] {processor.py:925} INFO - DAG(s) 'tutorial_objectstorage' retrieved from /home/AtlasRise/airflow/airflow_env/lib/python3.12/site-packages/airflow/example_dags/tutorial_objectstorage.py
[2024-11-18T20:51:03.849+0500] {logging_mixin.py:190} INFO - [2024-11-18T20:51:03.848+0500] {dag.py:3239} INFO - Sync 1 DAGs
[2024-11-18T20:51:03.869+0500] {logging_mixin.py:190} INFO - [2024-11-18T20:51:03.869+0500] {dag.py:4180} INFO - Setting next_dagrun for tutorial_objectstorage to None, run_after=None
[2024-11-18T20:51:03.902+0500] {processor.py:208} INFO - Processing /home/AtlasRise/airflow/airflow_env/lib/python3.12/site-packages/airflow/example_dags/tutorial_objectstorage.py took 0.103 seconds
[2024-11-18T20:52:17.301+0500] {processor.py:186} INFO - Started process (PID=20031) to work on /home/AtlasRise/airflow/airflow_env/lib/python3.12/site-packages/airflow/example_dags/tutorial_objectstorage.py
[2024-11-18T20:52:17.303+0500] {processor.py:914} INFO - Processing file /home/AtlasRise/airflow/airflow_env/lib/python3.12/site-packages/airflow/example_dags/tutorial_objectstorage.py for tasks to queue
[2024-11-18T20:52:17.307+0500] {logging_mixin.py:190} INFO - [2024-11-18T20:52:17.306+0500] {dagbag.py:588} INFO - Filling up the DagBag from /home/AtlasRise/airflow/airflow_env/lib/python3.12/site-packages/airflow/example_dags/tutorial_objectstorage.py
[2024-11-18T20:52:17.321+0500] {processor.py:925} INFO - DAG(s) 'tutorial_objectstorage' retrieved from /home/AtlasRise/airflow/airflow_env/lib/python3.12/site-packages/airflow/example_dags/tutorial_objectstorage.py
[2024-11-18T20:52:17.343+0500] {logging_mixin.py:190} INFO - [2024-11-18T20:52:17.343+0500] {dag.py:3239} INFO - Sync 1 DAGs
[2024-11-18T20:52:17.363+0500] {logging_mixin.py:190} INFO - [2024-11-18T20:52:17.362+0500] {dag.py:4180} INFO - Setting next_dagrun for tutorial_objectstorage to None, run_after=None
[2024-11-18T20:52:17.397+0500] {processor.py:208} INFO - Processing /home/AtlasRise/airflow/airflow_env/lib/python3.12/site-packages/airflow/example_dags/tutorial_objectstorage.py took 0.104 seconds
[2024-11-18T20:53:21.504+0500] {processor.py:186} INFO - Started process (PID=20102) to work on /home/AtlasRise/airflow/airflow_env/lib/python3.12/site-packages/airflow/example_dags/tutorial_objectstorage.py
[2024-11-18T20:53:21.507+0500] {processor.py:914} INFO - Processing file /home/AtlasRise/airflow/airflow_env/lib/python3.12/site-packages/airflow/example_dags/tutorial_objectstorage.py for tasks to queue
[2024-11-18T20:53:21.510+0500] {logging_mixin.py:190} INFO - [2024-11-18T20:53:21.509+0500] {dagbag.py:588} INFO - Filling up the DagBag from /home/AtlasRise/airflow/airflow_env/lib/python3.12/site-packages/airflow/example_dags/tutorial_objectstorage.py
[2024-11-18T20:53:21.524+0500] {processor.py:925} INFO - DAG(s) 'tutorial_objectstorage' retrieved from /home/AtlasRise/airflow/airflow_env/lib/python3.12/site-packages/airflow/example_dags/tutorial_objectstorage.py
[2024-11-18T20:53:21.572+0500] {logging_mixin.py:190} INFO - [2024-11-18T20:53:21.572+0500] {dag.py:3239} INFO - Sync 1 DAGs
[2024-11-18T20:53:21.599+0500] {logging_mixin.py:190} INFO - [2024-11-18T20:53:21.599+0500] {dag.py:4180} INFO - Setting next_dagrun for tutorial_objectstorage to None, run_after=None
[2024-11-18T20:53:21.660+0500] {processor.py:208} INFO - Processing /home/AtlasRise/airflow/airflow_env/lib/python3.12/site-packages/airflow/example_dags/tutorial_objectstorage.py took 0.164 seconds
[2024-11-18T20:54:33.460+0500] {processor.py:186} INFO - Started process (PID=20195) to work on /home/AtlasRise/airflow/airflow_env/lib/python3.12/site-packages/airflow/example_dags/tutorial_objectstorage.py
[2024-11-18T20:54:33.463+0500] {processor.py:914} INFO - Processing file /home/AtlasRise/airflow/airflow_env/lib/python3.12/site-packages/airflow/example_dags/tutorial_objectstorage.py for tasks to queue
[2024-11-18T20:54:33.466+0500] {logging_mixin.py:190} INFO - [2024-11-18T20:54:33.465+0500] {dagbag.py:588} INFO - Filling up the DagBag from /home/AtlasRise/airflow/airflow_env/lib/python3.12/site-packages/airflow/example_dags/tutorial_objectstorage.py
[2024-11-18T20:54:33.483+0500] {processor.py:925} INFO - DAG(s) 'tutorial_objectstorage' retrieved from /home/AtlasRise/airflow/airflow_env/lib/python3.12/site-packages/airflow/example_dags/tutorial_objectstorage.py
[2024-11-18T20:54:33.509+0500] {logging_mixin.py:190} INFO - [2024-11-18T20:54:33.509+0500] {dag.py:3239} INFO - Sync 1 DAGs
[2024-11-18T20:54:33.531+0500] {logging_mixin.py:190} INFO - [2024-11-18T20:54:33.531+0500] {dag.py:4180} INFO - Setting next_dagrun for tutorial_objectstorage to None, run_after=None
[2024-11-18T20:54:33.575+0500] {processor.py:208} INFO - Processing /home/AtlasRise/airflow/airflow_env/lib/python3.12/site-packages/airflow/example_dags/tutorial_objectstorage.py took 0.123 seconds
[2024-11-18T20:56:03.868+0500] {processor.py:186} INFO - Started process (PID=20287) to work on /home/AtlasRise/airflow/airflow_env/lib/python3.12/site-packages/airflow/example_dags/tutorial_objectstorage.py
[2024-11-18T20:56:03.870+0500] {processor.py:914} INFO - Processing file /home/AtlasRise/airflow/airflow_env/lib/python3.12/site-packages/airflow/example_dags/tutorial_objectstorage.py for tasks to queue
[2024-11-18T20:56:03.873+0500] {logging_mixin.py:190} INFO - [2024-11-18T20:56:03.872+0500] {dagbag.py:588} INFO - Filling up the DagBag from /home/AtlasRise/airflow/airflow_env/lib/python3.12/site-packages/airflow/example_dags/tutorial_objectstorage.py
[2024-11-18T20:56:03.887+0500] {processor.py:925} INFO - DAG(s) 'tutorial_objectstorage' retrieved from /home/AtlasRise/airflow/airflow_env/lib/python3.12/site-packages/airflow/example_dags/tutorial_objectstorage.py
[2024-11-18T20:56:03.909+0500] {logging_mixin.py:190} INFO - [2024-11-18T20:56:03.909+0500] {dag.py:3239} INFO - Sync 1 DAGs
[2024-11-18T20:56:03.930+0500] {logging_mixin.py:190} INFO - [2024-11-18T20:56:03.929+0500] {dag.py:4180} INFO - Setting next_dagrun for tutorial_objectstorage to None, run_after=None
[2024-11-18T20:56:03.967+0500] {processor.py:208} INFO - Processing /home/AtlasRise/airflow/airflow_env/lib/python3.12/site-packages/airflow/example_dags/tutorial_objectstorage.py took 0.109 seconds
[2024-11-18T20:57:17.498+0500] {processor.py:186} INFO - Started process (PID=20371) to work on /home/AtlasRise/airflow/airflow_env/lib/python3.12/site-packages/airflow/example_dags/tutorial_objectstorage.py
[2024-11-18T20:57:17.499+0500] {processor.py:914} INFO - Processing file /home/AtlasRise/airflow/airflow_env/lib/python3.12/site-packages/airflow/example_dags/tutorial_objectstorage.py for tasks to queue
[2024-11-18T20:57:17.502+0500] {logging_mixin.py:190} INFO - [2024-11-18T20:57:17.502+0500] {dagbag.py:588} INFO - Filling up the DagBag from /home/AtlasRise/airflow/airflow_env/lib/python3.12/site-packages/airflow/example_dags/tutorial_objectstorage.py
[2024-11-18T20:57:17.517+0500] {processor.py:925} INFO - DAG(s) 'tutorial_objectstorage' retrieved from /home/AtlasRise/airflow/airflow_env/lib/python3.12/site-packages/airflow/example_dags/tutorial_objectstorage.py
[2024-11-18T20:57:17.543+0500] {logging_mixin.py:190} INFO - [2024-11-18T20:57:17.543+0500] {dag.py:3239} INFO - Sync 1 DAGs
[2024-11-18T20:57:17.563+0500] {logging_mixin.py:190} INFO - [2024-11-18T20:57:17.563+0500] {dag.py:4180} INFO - Setting next_dagrun for tutorial_objectstorage to None, run_after=None
[2024-11-18T20:57:17.597+0500] {processor.py:208} INFO - Processing /home/AtlasRise/airflow/airflow_env/lib/python3.12/site-packages/airflow/example_dags/tutorial_objectstorage.py took 0.111 seconds
[2024-11-18T20:58:27.726+0500] {processor.py:186} INFO - Started process (PID=20464) to work on /home/AtlasRise/airflow/airflow_env/lib/python3.12/site-packages/airflow/example_dags/tutorial_objectstorage.py
[2024-11-18T20:58:27.727+0500] {processor.py:914} INFO - Processing file /home/AtlasRise/airflow/airflow_env/lib/python3.12/site-packages/airflow/example_dags/tutorial_objectstorage.py for tasks to queue
[2024-11-18T20:58:27.730+0500] {logging_mixin.py:190} INFO - [2024-11-18T20:58:27.730+0500] {dagbag.py:588} INFO - Filling up the DagBag from /home/AtlasRise/airflow/airflow_env/lib/python3.12/site-packages/airflow/example_dags/tutorial_objectstorage.py
[2024-11-18T20:58:27.745+0500] {processor.py:925} INFO - DAG(s) 'tutorial_objectstorage' retrieved from /home/AtlasRise/airflow/airflow_env/lib/python3.12/site-packages/airflow/example_dags/tutorial_objectstorage.py
[2024-11-18T20:58:27.770+0500] {logging_mixin.py:190} INFO - [2024-11-18T20:58:27.769+0500] {dag.py:3239} INFO - Sync 1 DAGs
[2024-11-18T20:58:27.791+0500] {logging_mixin.py:190} INFO - [2024-11-18T20:58:27.790+0500] {dag.py:4180} INFO - Setting next_dagrun for tutorial_objectstorage to None, run_after=None
[2024-11-18T20:58:27.826+0500] {processor.py:208} INFO - Processing /home/AtlasRise/airflow/airflow_env/lib/python3.12/site-packages/airflow/example_dags/tutorial_objectstorage.py took 0.108 seconds
[2024-11-18T20:59:37.100+0500] {processor.py:186} INFO - Started process (PID=20538) to work on /home/AtlasRise/airflow/airflow_env/lib/python3.12/site-packages/airflow/example_dags/tutorial_objectstorage.py
[2024-11-18T20:59:37.103+0500] {processor.py:914} INFO - Processing file /home/AtlasRise/airflow/airflow_env/lib/python3.12/site-packages/airflow/example_dags/tutorial_objectstorage.py for tasks to queue
[2024-11-18T20:59:37.106+0500] {logging_mixin.py:190} INFO - [2024-11-18T20:59:37.106+0500] {dagbag.py:588} INFO - Filling up the DagBag from /home/AtlasRise/airflow/airflow_env/lib/python3.12/site-packages/airflow/example_dags/tutorial_objectstorage.py
[2024-11-18T20:59:37.120+0500] {processor.py:925} INFO - DAG(s) 'tutorial_objectstorage' retrieved from /home/AtlasRise/airflow/airflow_env/lib/python3.12/site-packages/airflow/example_dags/tutorial_objectstorage.py
[2024-11-18T20:59:37.144+0500] {logging_mixin.py:190} INFO - [2024-11-18T20:59:37.143+0500] {dag.py:3239} INFO - Sync 1 DAGs
[2024-11-18T20:59:37.165+0500] {logging_mixin.py:190} INFO - [2024-11-18T20:59:37.164+0500] {dag.py:4180} INFO - Setting next_dagrun for tutorial_objectstorage to None, run_after=None
[2024-11-18T20:59:37.198+0500] {processor.py:208} INFO - Processing /home/AtlasRise/airflow/airflow_env/lib/python3.12/site-packages/airflow/example_dags/tutorial_objectstorage.py took 0.106 seconds
[2024-11-18T21:00:50.224+0500] {processor.py:186} INFO - Started process (PID=20611) to work on /home/AtlasRise/airflow/airflow_env/lib/python3.12/site-packages/airflow/example_dags/tutorial_objectstorage.py
[2024-11-18T21:00:50.226+0500] {processor.py:914} INFO - Processing file /home/AtlasRise/airflow/airflow_env/lib/python3.12/site-packages/airflow/example_dags/tutorial_objectstorage.py for tasks to queue
[2024-11-18T21:00:50.229+0500] {logging_mixin.py:190} INFO - [2024-11-18T21:00:50.229+0500] {dagbag.py:588} INFO - Filling up the DagBag from /home/AtlasRise/airflow/airflow_env/lib/python3.12/site-packages/airflow/example_dags/tutorial_objectstorage.py
[2024-11-18T21:00:50.244+0500] {processor.py:925} INFO - DAG(s) 'tutorial_objectstorage' retrieved from /home/AtlasRise/airflow/airflow_env/lib/python3.12/site-packages/airflow/example_dags/tutorial_objectstorage.py
[2024-11-18T21:00:50.267+0500] {logging_mixin.py:190} INFO - [2024-11-18T21:00:50.266+0500] {dag.py:3239} INFO - Sync 1 DAGs
[2024-11-18T21:00:50.287+0500] {logging_mixin.py:190} INFO - [2024-11-18T21:00:50.287+0500] {dag.py:4180} INFO - Setting next_dagrun for tutorial_objectstorage to None, run_after=None
[2024-11-18T21:00:50.320+0500] {processor.py:208} INFO - Processing /home/AtlasRise/airflow/airflow_env/lib/python3.12/site-packages/airflow/example_dags/tutorial_objectstorage.py took 0.106 seconds
[2024-11-18T21:01:54.160+0500] {processor.py:186} INFO - Started process (PID=20695) to work on /home/AtlasRise/airflow/airflow_env/lib/python3.12/site-packages/airflow/example_dags/tutorial_objectstorage.py
[2024-11-18T21:01:54.162+0500] {processor.py:914} INFO - Processing file /home/AtlasRise/airflow/airflow_env/lib/python3.12/site-packages/airflow/example_dags/tutorial_objectstorage.py for tasks to queue
[2024-11-18T21:01:54.165+0500] {logging_mixin.py:190} INFO - [2024-11-18T21:01:54.164+0500] {dagbag.py:588} INFO - Filling up the DagBag from /home/AtlasRise/airflow/airflow_env/lib/python3.12/site-packages/airflow/example_dags/tutorial_objectstorage.py
[2024-11-18T21:01:54.179+0500] {processor.py:925} INFO - DAG(s) 'tutorial_objectstorage' retrieved from /home/AtlasRise/airflow/airflow_env/lib/python3.12/site-packages/airflow/example_dags/tutorial_objectstorage.py
[2024-11-18T21:01:54.201+0500] {logging_mixin.py:190} INFO - [2024-11-18T21:01:54.200+0500] {dag.py:3239} INFO - Sync 1 DAGs
[2024-11-18T21:01:54.222+0500] {logging_mixin.py:190} INFO - [2024-11-18T21:01:54.221+0500] {dag.py:4180} INFO - Setting next_dagrun for tutorial_objectstorage to None, run_after=None
[2024-11-18T21:01:54.255+0500] {processor.py:208} INFO - Processing /home/AtlasRise/airflow/airflow_env/lib/python3.12/site-packages/airflow/example_dags/tutorial_objectstorage.py took 0.103 seconds
[2024-11-18T21:03:08.839+0500] {processor.py:186} INFO - Started process (PID=20767) to work on /home/AtlasRise/airflow/airflow_env/lib/python3.12/site-packages/airflow/example_dags/tutorial_objectstorage.py
[2024-11-18T21:03:08.842+0500] {processor.py:914} INFO - Processing file /home/AtlasRise/airflow/airflow_env/lib/python3.12/site-packages/airflow/example_dags/tutorial_objectstorage.py for tasks to queue
[2024-11-18T21:03:08.845+0500] {logging_mixin.py:190} INFO - [2024-11-18T21:03:08.844+0500] {dagbag.py:588} INFO - Filling up the DagBag from /home/AtlasRise/airflow/airflow_env/lib/python3.12/site-packages/airflow/example_dags/tutorial_objectstorage.py
[2024-11-18T21:03:08.859+0500] {processor.py:925} INFO - DAG(s) 'tutorial_objectstorage' retrieved from /home/AtlasRise/airflow/airflow_env/lib/python3.12/site-packages/airflow/example_dags/tutorial_objectstorage.py
[2024-11-18T21:03:08.881+0500] {logging_mixin.py:190} INFO - [2024-11-18T21:03:08.881+0500] {dag.py:3239} INFO - Sync 1 DAGs
[2024-11-18T21:03:08.902+0500] {logging_mixin.py:190} INFO - [2024-11-18T21:03:08.902+0500] {dag.py:4180} INFO - Setting next_dagrun for tutorial_objectstorage to None, run_after=None
[2024-11-18T21:03:08.937+0500] {processor.py:208} INFO - Processing /home/AtlasRise/airflow/airflow_env/lib/python3.12/site-packages/airflow/example_dags/tutorial_objectstorage.py took 0.106 seconds
[2024-11-18T21:04:15.750+0500] {processor.py:186} INFO - Started process (PID=20850) to work on /home/AtlasRise/airflow/airflow_env/lib/python3.12/site-packages/airflow/example_dags/tutorial_objectstorage.py
[2024-11-18T21:04:15.753+0500] {processor.py:914} INFO - Processing file /home/AtlasRise/airflow/airflow_env/lib/python3.12/site-packages/airflow/example_dags/tutorial_objectstorage.py for tasks to queue
[2024-11-18T21:04:15.756+0500] {logging_mixin.py:190} INFO - [2024-11-18T21:04:15.756+0500] {dagbag.py:588} INFO - Filling up the DagBag from /home/AtlasRise/airflow/airflow_env/lib/python3.12/site-packages/airflow/example_dags/tutorial_objectstorage.py
[2024-11-18T21:04:15.772+0500] {processor.py:925} INFO - DAG(s) 'tutorial_objectstorage' retrieved from /home/AtlasRise/airflow/airflow_env/lib/python3.12/site-packages/airflow/example_dags/tutorial_objectstorage.py
[2024-11-18T21:04:15.796+0500] {logging_mixin.py:190} INFO - [2024-11-18T21:04:15.795+0500] {dag.py:3239} INFO - Sync 1 DAGs
[2024-11-18T21:04:15.818+0500] {logging_mixin.py:190} INFO - [2024-11-18T21:04:15.818+0500] {dag.py:4180} INFO - Setting next_dagrun for tutorial_objectstorage to None, run_after=None
[2024-11-18T21:04:15.855+0500] {processor.py:208} INFO - Processing /home/AtlasRise/airflow/airflow_env/lib/python3.12/site-packages/airflow/example_dags/tutorial_objectstorage.py took 0.114 seconds
[2024-11-18T21:05:22.194+0500] {processor.py:186} INFO - Started process (PID=20940) to work on /home/AtlasRise/airflow/airflow_env/lib/python3.12/site-packages/airflow/example_dags/tutorial_objectstorage.py
[2024-11-18T21:05:22.196+0500] {processor.py:914} INFO - Processing file /home/AtlasRise/airflow/airflow_env/lib/python3.12/site-packages/airflow/example_dags/tutorial_objectstorage.py for tasks to queue
[2024-11-18T21:05:22.199+0500] {logging_mixin.py:190} INFO - [2024-11-18T21:05:22.199+0500] {dagbag.py:588} INFO - Filling up the DagBag from /home/AtlasRise/airflow/airflow_env/lib/python3.12/site-packages/airflow/example_dags/tutorial_objectstorage.py
[2024-11-18T21:05:22.213+0500] {processor.py:925} INFO - DAG(s) 'tutorial_objectstorage' retrieved from /home/AtlasRise/airflow/airflow_env/lib/python3.12/site-packages/airflow/example_dags/tutorial_objectstorage.py
[2024-11-18T21:05:22.236+0500] {logging_mixin.py:190} INFO - [2024-11-18T21:05:22.236+0500] {dag.py:3239} INFO - Sync 1 DAGs
[2024-11-18T21:05:22.257+0500] {logging_mixin.py:190} INFO - [2024-11-18T21:05:22.256+0500] {dag.py:4180} INFO - Setting next_dagrun for tutorial_objectstorage to None, run_after=None
[2024-11-18T21:05:22.296+0500] {processor.py:208} INFO - Processing /home/AtlasRise/airflow/airflow_env/lib/python3.12/site-packages/airflow/example_dags/tutorial_objectstorage.py took 0.110 seconds
[2024-11-18T21:06:29.984+0500] {processor.py:186} INFO - Started process (PID=21023) to work on /home/AtlasRise/airflow/airflow_env/lib/python3.12/site-packages/airflow/example_dags/tutorial_objectstorage.py
[2024-11-18T21:06:29.986+0500] {processor.py:914} INFO - Processing file /home/AtlasRise/airflow/airflow_env/lib/python3.12/site-packages/airflow/example_dags/tutorial_objectstorage.py for tasks to queue
[2024-11-18T21:06:29.989+0500] {logging_mixin.py:190} INFO - [2024-11-18T21:06:29.989+0500] {dagbag.py:588} INFO - Filling up the DagBag from /home/AtlasRise/airflow/airflow_env/lib/python3.12/site-packages/airflow/example_dags/tutorial_objectstorage.py
[2024-11-18T21:06:30.003+0500] {processor.py:925} INFO - DAG(s) 'tutorial_objectstorage' retrieved from /home/AtlasRise/airflow/airflow_env/lib/python3.12/site-packages/airflow/example_dags/tutorial_objectstorage.py
[2024-11-18T21:06:30.026+0500] {logging_mixin.py:190} INFO - [2024-11-18T21:06:30.026+0500] {dag.py:3239} INFO - Sync 1 DAGs
[2024-11-18T21:06:30.047+0500] {logging_mixin.py:190} INFO - [2024-11-18T21:06:30.046+0500] {dag.py:4180} INFO - Setting next_dagrun for tutorial_objectstorage to None, run_after=None
[2024-11-18T21:06:30.079+0500] {processor.py:208} INFO - Processing /home/AtlasRise/airflow/airflow_env/lib/python3.12/site-packages/airflow/example_dags/tutorial_objectstorage.py took 0.104 seconds
[2024-11-18T21:07:50.658+0500] {processor.py:186} INFO - Started process (PID=21125) to work on /home/AtlasRise/airflow/airflow_env/lib/python3.12/site-packages/airflow/example_dags/tutorial_objectstorage.py
[2024-11-18T21:07:50.659+0500] {processor.py:914} INFO - Processing file /home/AtlasRise/airflow/airflow_env/lib/python3.12/site-packages/airflow/example_dags/tutorial_objectstorage.py for tasks to queue
[2024-11-18T21:07:50.663+0500] {logging_mixin.py:190} INFO - [2024-11-18T21:07:50.662+0500] {dagbag.py:588} INFO - Filling up the DagBag from /home/AtlasRise/airflow/airflow_env/lib/python3.12/site-packages/airflow/example_dags/tutorial_objectstorage.py
[2024-11-18T21:07:50.677+0500] {processor.py:925} INFO - DAG(s) 'tutorial_objectstorage' retrieved from /home/AtlasRise/airflow/airflow_env/lib/python3.12/site-packages/airflow/example_dags/tutorial_objectstorage.py
[2024-11-18T21:07:50.700+0500] {logging_mixin.py:190} INFO - [2024-11-18T21:07:50.699+0500] {dag.py:3239} INFO - Sync 1 DAGs
[2024-11-18T21:07:50.720+0500] {logging_mixin.py:190} INFO - [2024-11-18T21:07:50.720+0500] {dag.py:4180} INFO - Setting next_dagrun for tutorial_objectstorage to None, run_after=None
[2024-11-18T21:07:50.770+0500] {processor.py:208} INFO - Processing /home/AtlasRise/airflow/airflow_env/lib/python3.12/site-packages/airflow/example_dags/tutorial_objectstorage.py took 0.120 seconds
[2024-11-18T21:08:56.175+0500] {processor.py:186} INFO - Started process (PID=21197) to work on /home/AtlasRise/airflow/airflow_env/lib/python3.12/site-packages/airflow/example_dags/tutorial_objectstorage.py
[2024-11-18T21:08:56.177+0500] {processor.py:914} INFO - Processing file /home/AtlasRise/airflow/airflow_env/lib/python3.12/site-packages/airflow/example_dags/tutorial_objectstorage.py for tasks to queue
[2024-11-18T21:08:56.181+0500] {logging_mixin.py:190} INFO - [2024-11-18T21:08:56.180+0500] {dagbag.py:588} INFO - Filling up the DagBag from /home/AtlasRise/airflow/airflow_env/lib/python3.12/site-packages/airflow/example_dags/tutorial_objectstorage.py
[2024-11-18T21:08:56.194+0500] {processor.py:925} INFO - DAG(s) 'tutorial_objectstorage' retrieved from /home/AtlasRise/airflow/airflow_env/lib/python3.12/site-packages/airflow/example_dags/tutorial_objectstorage.py
[2024-11-18T21:08:56.217+0500] {logging_mixin.py:190} INFO - [2024-11-18T21:08:56.216+0500] {dag.py:3239} INFO - Sync 1 DAGs
[2024-11-18T21:08:56.237+0500] {logging_mixin.py:190} INFO - [2024-11-18T21:08:56.237+0500] {dag.py:4180} INFO - Setting next_dagrun for tutorial_objectstorage to None, run_after=None
[2024-11-18T21:08:56.270+0500] {processor.py:208} INFO - Processing /home/AtlasRise/airflow/airflow_env/lib/python3.12/site-packages/airflow/example_dags/tutorial_objectstorage.py took 0.104 seconds
[2024-11-18T21:10:08.094+0500] {processor.py:186} INFO - Started process (PID=21306) to work on /home/AtlasRise/airflow/airflow_env/lib/python3.12/site-packages/airflow/example_dags/tutorial_objectstorage.py
[2024-11-18T21:10:08.097+0500] {processor.py:914} INFO - Processing file /home/AtlasRise/airflow/airflow_env/lib/python3.12/site-packages/airflow/example_dags/tutorial_objectstorage.py for tasks to queue
[2024-11-18T21:10:08.100+0500] {logging_mixin.py:190} INFO - [2024-11-18T21:10:08.099+0500] {dagbag.py:588} INFO - Filling up the DagBag from /home/AtlasRise/airflow/airflow_env/lib/python3.12/site-packages/airflow/example_dags/tutorial_objectstorage.py
[2024-11-18T21:10:08.114+0500] {processor.py:925} INFO - DAG(s) 'tutorial_objectstorage' retrieved from /home/AtlasRise/airflow/airflow_env/lib/python3.12/site-packages/airflow/example_dags/tutorial_objectstorage.py
[2024-11-18T21:10:08.137+0500] {logging_mixin.py:190} INFO - [2024-11-18T21:10:08.137+0500] {dag.py:3239} INFO - Sync 1 DAGs
[2024-11-18T21:10:08.159+0500] {logging_mixin.py:190} INFO - [2024-11-18T21:10:08.159+0500] {dag.py:4180} INFO - Setting next_dagrun for tutorial_objectstorage to None, run_after=None
[2024-11-18T21:10:08.196+0500] {processor.py:208} INFO - Processing /home/AtlasRise/airflow/airflow_env/lib/python3.12/site-packages/airflow/example_dags/tutorial_objectstorage.py took 0.110 seconds
[2024-11-18T21:11:21.901+0500] {processor.py:186} INFO - Started process (PID=21417) to work on /home/AtlasRise/airflow/airflow_env/lib/python3.12/site-packages/airflow/example_dags/tutorial_objectstorage.py
[2024-11-18T21:11:21.903+0500] {processor.py:914} INFO - Processing file /home/AtlasRise/airflow/airflow_env/lib/python3.12/site-packages/airflow/example_dags/tutorial_objectstorage.py for tasks to queue
[2024-11-18T21:11:21.907+0500] {logging_mixin.py:190} INFO - [2024-11-18T21:11:21.906+0500] {dagbag.py:588} INFO - Filling up the DagBag from /home/AtlasRise/airflow/airflow_env/lib/python3.12/site-packages/airflow/example_dags/tutorial_objectstorage.py
[2024-11-18T21:11:21.922+0500] {processor.py:925} INFO - DAG(s) 'tutorial_objectstorage' retrieved from /home/AtlasRise/airflow/airflow_env/lib/python3.12/site-packages/airflow/example_dags/tutorial_objectstorage.py
[2024-11-18T21:11:21.946+0500] {logging_mixin.py:190} INFO - [2024-11-18T21:11:21.946+0500] {dag.py:3239} INFO - Sync 1 DAGs
[2024-11-18T21:11:21.969+0500] {logging_mixin.py:190} INFO - [2024-11-18T21:11:21.969+0500] {dag.py:4180} INFO - Setting next_dagrun for tutorial_objectstorage to None, run_after=None
[2024-11-18T21:11:22.008+0500] {processor.py:208} INFO - Processing /home/AtlasRise/airflow/airflow_env/lib/python3.12/site-packages/airflow/example_dags/tutorial_objectstorage.py took 0.118 seconds
[2024-11-18T21:13:15.438+0500] {processor.py:186} INFO - Started process (PID=21574) to work on /home/AtlasRise/airflow/airflow_env/lib/python3.12/site-packages/airflow/example_dags/tutorial_objectstorage.py
[2024-11-18T21:13:15.439+0500] {processor.py:914} INFO - Processing file /home/AtlasRise/airflow/airflow_env/lib/python3.12/site-packages/airflow/example_dags/tutorial_objectstorage.py for tasks to queue
[2024-11-18T21:13:15.442+0500] {logging_mixin.py:190} INFO - [2024-11-18T21:13:15.442+0500] {dagbag.py:588} INFO - Filling up the DagBag from /home/AtlasRise/airflow/airflow_env/lib/python3.12/site-packages/airflow/example_dags/tutorial_objectstorage.py
[2024-11-18T21:13:15.457+0500] {processor.py:925} INFO - DAG(s) 'tutorial_objectstorage' retrieved from /home/AtlasRise/airflow/airflow_env/lib/python3.12/site-packages/airflow/example_dags/tutorial_objectstorage.py
[2024-11-18T21:13:15.481+0500] {logging_mixin.py:190} INFO - [2024-11-18T21:13:15.480+0500] {dag.py:3239} INFO - Sync 1 DAGs
[2024-11-18T21:13:15.504+0500] {logging_mixin.py:190} INFO - [2024-11-18T21:13:15.503+0500] {dag.py:4180} INFO - Setting next_dagrun for tutorial_objectstorage to None, run_after=None
[2024-11-18T21:13:15.538+0500] {processor.py:208} INFO - Processing /home/AtlasRise/airflow/airflow_env/lib/python3.12/site-packages/airflow/example_dags/tutorial_objectstorage.py took 0.110 seconds
[2024-11-18T21:14:42.636+0500] {processor.py:186} INFO - Started process (PID=21688) to work on /home/AtlasRise/airflow/airflow_env/lib/python3.12/site-packages/airflow/example_dags/tutorial_objectstorage.py
[2024-11-18T21:14:42.637+0500] {processor.py:914} INFO - Processing file /home/AtlasRise/airflow/airflow_env/lib/python3.12/site-packages/airflow/example_dags/tutorial_objectstorage.py for tasks to queue
[2024-11-18T21:14:42.640+0500] {logging_mixin.py:190} INFO - [2024-11-18T21:14:42.640+0500] {dagbag.py:588} INFO - Filling up the DagBag from /home/AtlasRise/airflow/airflow_env/lib/python3.12/site-packages/airflow/example_dags/tutorial_objectstorage.py
[2024-11-18T21:14:42.655+0500] {processor.py:925} INFO - DAG(s) 'tutorial_objectstorage' retrieved from /home/AtlasRise/airflow/airflow_env/lib/python3.12/site-packages/airflow/example_dags/tutorial_objectstorage.py
[2024-11-18T21:14:42.676+0500] {logging_mixin.py:190} INFO - [2024-11-18T21:14:42.676+0500] {dag.py:3239} INFO - Sync 1 DAGs
[2024-11-18T21:14:42.698+0500] {logging_mixin.py:190} INFO - [2024-11-18T21:14:42.698+0500] {dag.py:4180} INFO - Setting next_dagrun for tutorial_objectstorage to None, run_after=None
[2024-11-18T21:14:42.734+0500] {processor.py:208} INFO - Processing /home/AtlasRise/airflow/airflow_env/lib/python3.12/site-packages/airflow/example_dags/tutorial_objectstorage.py took 0.107 seconds
[2024-11-18T21:16:16.118+0500] {processor.py:186} INFO - Started process (PID=21807) to work on /home/AtlasRise/airflow/airflow_env/lib/python3.12/site-packages/airflow/example_dags/tutorial_objectstorage.py
[2024-11-18T21:16:16.121+0500] {processor.py:914} INFO - Processing file /home/AtlasRise/airflow/airflow_env/lib/python3.12/site-packages/airflow/example_dags/tutorial_objectstorage.py for tasks to queue
[2024-11-18T21:16:16.124+0500] {logging_mixin.py:190} INFO - [2024-11-18T21:16:16.123+0500] {dagbag.py:588} INFO - Filling up the DagBag from /home/AtlasRise/airflow/airflow_env/lib/python3.12/site-packages/airflow/example_dags/tutorial_objectstorage.py
[2024-11-18T21:16:16.137+0500] {processor.py:925} INFO - DAG(s) 'tutorial_objectstorage' retrieved from /home/AtlasRise/airflow/airflow_env/lib/python3.12/site-packages/airflow/example_dags/tutorial_objectstorage.py
[2024-11-18T21:16:16.160+0500] {logging_mixin.py:190} INFO - [2024-11-18T21:16:16.159+0500] {dag.py:3239} INFO - Sync 1 DAGs
[2024-11-18T21:16:16.180+0500] {logging_mixin.py:190} INFO - [2024-11-18T21:16:16.180+0500] {dag.py:4180} INFO - Setting next_dagrun for tutorial_objectstorage to None, run_after=None
[2024-11-18T21:16:16.212+0500] {processor.py:208} INFO - Processing /home/AtlasRise/airflow/airflow_env/lib/python3.12/site-packages/airflow/example_dags/tutorial_objectstorage.py took 0.102 seconds
[2024-11-18T21:17:22.578+0500] {processor.py:186} INFO - Started process (PID=21908) to work on /home/AtlasRise/airflow/airflow_env/lib/python3.12/site-packages/airflow/example_dags/tutorial_objectstorage.py
[2024-11-18T21:17:22.579+0500] {processor.py:914} INFO - Processing file /home/AtlasRise/airflow/airflow_env/lib/python3.12/site-packages/airflow/example_dags/tutorial_objectstorage.py for tasks to queue
[2024-11-18T21:17:22.587+0500] {logging_mixin.py:190} INFO - [2024-11-18T21:17:22.586+0500] {dagbag.py:588} INFO - Filling up the DagBag from /home/AtlasRise/airflow/airflow_env/lib/python3.12/site-packages/airflow/example_dags/tutorial_objectstorage.py
[2024-11-18T21:17:22.621+0500] {processor.py:925} INFO - DAG(s) 'tutorial_objectstorage' retrieved from /home/AtlasRise/airflow/airflow_env/lib/python3.12/site-packages/airflow/example_dags/tutorial_objectstorage.py
[2024-11-18T21:17:22.649+0500] {logging_mixin.py:190} INFO - [2024-11-18T21:17:22.648+0500] {dag.py:3239} INFO - Sync 1 DAGs
[2024-11-18T21:17:22.674+0500] {logging_mixin.py:190} INFO - [2024-11-18T21:17:22.673+0500] {dag.py:4180} INFO - Setting next_dagrun for tutorial_objectstorage to None, run_after=None
[2024-11-18T21:17:22.717+0500] {processor.py:208} INFO - Processing /home/AtlasRise/airflow/airflow_env/lib/python3.12/site-packages/airflow/example_dags/tutorial_objectstorage.py took 0.148 seconds
[2024-11-18T21:19:00.218+0500] {processor.py:186} INFO - Started process (PID=22052) to work on /home/AtlasRise/airflow/airflow_env/lib/python3.12/site-packages/airflow/example_dags/tutorial_objectstorage.py
[2024-11-18T21:19:00.220+0500] {processor.py:914} INFO - Processing file /home/AtlasRise/airflow/airflow_env/lib/python3.12/site-packages/airflow/example_dags/tutorial_objectstorage.py for tasks to queue
[2024-11-18T21:19:00.223+0500] {logging_mixin.py:190} INFO - [2024-11-18T21:19:00.223+0500] {dagbag.py:588} INFO - Filling up the DagBag from /home/AtlasRise/airflow/airflow_env/lib/python3.12/site-packages/airflow/example_dags/tutorial_objectstorage.py
[2024-11-18T21:19:00.237+0500] {processor.py:925} INFO - DAG(s) 'tutorial_objectstorage' retrieved from /home/AtlasRise/airflow/airflow_env/lib/python3.12/site-packages/airflow/example_dags/tutorial_objectstorage.py
[2024-11-18T21:19:00.261+0500] {logging_mixin.py:190} INFO - [2024-11-18T21:19:00.260+0500] {dag.py:3239} INFO - Sync 1 DAGs
[2024-11-18T21:19:00.284+0500] {logging_mixin.py:190} INFO - [2024-11-18T21:19:00.284+0500] {dag.py:4180} INFO - Setting next_dagrun for tutorial_objectstorage to None, run_after=None
[2024-11-18T21:19:00.316+0500] {processor.py:208} INFO - Processing /home/AtlasRise/airflow/airflow_env/lib/python3.12/site-packages/airflow/example_dags/tutorial_objectstorage.py took 0.108 seconds
[2024-11-18T21:19:57.532+0500] {processor.py:186} INFO - Started process (PID=22129) to work on /home/AtlasRise/airflow/airflow_env/lib/python3.12/site-packages/airflow/example_dags/tutorial_objectstorage.py
[2024-11-18T21:19:57.534+0500] {processor.py:914} INFO - Processing file /home/AtlasRise/airflow/airflow_env/lib/python3.12/site-packages/airflow/example_dags/tutorial_objectstorage.py for tasks to queue
[2024-11-18T21:19:57.537+0500] {logging_mixin.py:190} INFO - [2024-11-18T21:19:57.537+0500] {dagbag.py:588} INFO - Filling up the DagBag from /home/AtlasRise/airflow/airflow_env/lib/python3.12/site-packages/airflow/example_dags/tutorial_objectstorage.py
[2024-11-18T21:19:57.551+0500] {processor.py:925} INFO - DAG(s) 'tutorial_objectstorage' retrieved from /home/AtlasRise/airflow/airflow_env/lib/python3.12/site-packages/airflow/example_dags/tutorial_objectstorage.py
[2024-11-18T21:19:57.574+0500] {logging_mixin.py:190} INFO - [2024-11-18T21:19:57.574+0500] {dag.py:3239} INFO - Sync 1 DAGs
[2024-11-18T21:19:57.596+0500] {logging_mixin.py:190} INFO - [2024-11-18T21:19:57.595+0500] {dag.py:4180} INFO - Setting next_dagrun for tutorial_objectstorage to None, run_after=None
[2024-11-18T21:19:57.628+0500] {processor.py:208} INFO - Processing /home/AtlasRise/airflow/airflow_env/lib/python3.12/site-packages/airflow/example_dags/tutorial_objectstorage.py took 0.107 seconds
[2024-11-18T21:21:07.832+0500] {processor.py:186} INFO - Started process (PID=22219) to work on /home/AtlasRise/airflow/airflow_env/lib/python3.12/site-packages/airflow/example_dags/tutorial_objectstorage.py
[2024-11-18T21:21:07.834+0500] {processor.py:914} INFO - Processing file /home/AtlasRise/airflow/airflow_env/lib/python3.12/site-packages/airflow/example_dags/tutorial_objectstorage.py for tasks to queue
[2024-11-18T21:21:07.838+0500] {logging_mixin.py:190} INFO - [2024-11-18T21:21:07.837+0500] {dagbag.py:588} INFO - Filling up the DagBag from /home/AtlasRise/airflow/airflow_env/lib/python3.12/site-packages/airflow/example_dags/tutorial_objectstorage.py
[2024-11-18T21:21:07.853+0500] {processor.py:925} INFO - DAG(s) 'tutorial_objectstorage' retrieved from /home/AtlasRise/airflow/airflow_env/lib/python3.12/site-packages/airflow/example_dags/tutorial_objectstorage.py
[2024-11-18T21:21:07.876+0500] {logging_mixin.py:190} INFO - [2024-11-18T21:21:07.876+0500] {dag.py:3239} INFO - Sync 1 DAGs
[2024-11-18T21:21:07.898+0500] {logging_mixin.py:190} INFO - [2024-11-18T21:21:07.898+0500] {dag.py:4180} INFO - Setting next_dagrun for tutorial_objectstorage to None, run_after=None
[2024-11-18T21:21:07.932+0500] {processor.py:208} INFO - Processing /home/AtlasRise/airflow/airflow_env/lib/python3.12/site-packages/airflow/example_dags/tutorial_objectstorage.py took 0.109 seconds
[2024-11-18T21:22:20.543+0500] {processor.py:186} INFO - Started process (PID=22298) to work on /home/AtlasRise/airflow/airflow_env/lib/python3.12/site-packages/airflow/example_dags/tutorial_objectstorage.py
[2024-11-18T21:22:20.544+0500] {processor.py:914} INFO - Processing file /home/AtlasRise/airflow/airflow_env/lib/python3.12/site-packages/airflow/example_dags/tutorial_objectstorage.py for tasks to queue
[2024-11-18T21:22:20.548+0500] {logging_mixin.py:190} INFO - [2024-11-18T21:22:20.547+0500] {dagbag.py:588} INFO - Filling up the DagBag from /home/AtlasRise/airflow/airflow_env/lib/python3.12/site-packages/airflow/example_dags/tutorial_objectstorage.py
[2024-11-18T21:22:20.562+0500] {processor.py:925} INFO - DAG(s) 'tutorial_objectstorage' retrieved from /home/AtlasRise/airflow/airflow_env/lib/python3.12/site-packages/airflow/example_dags/tutorial_objectstorage.py
[2024-11-18T21:22:20.585+0500] {logging_mixin.py:190} INFO - [2024-11-18T21:22:20.585+0500] {dag.py:3239} INFO - Sync 1 DAGs
[2024-11-18T21:22:20.606+0500] {logging_mixin.py:190} INFO - [2024-11-18T21:22:20.606+0500] {dag.py:4180} INFO - Setting next_dagrun for tutorial_objectstorage to None, run_after=None
[2024-11-18T21:22:20.643+0500] {processor.py:208} INFO - Processing /home/AtlasRise/airflow/airflow_env/lib/python3.12/site-packages/airflow/example_dags/tutorial_objectstorage.py took 0.109 seconds
