[2024-11-18T20:40:23.791+0500] {processor.py:186} INFO - Started process (PID=18916) to work on /home/AtlasRise/airflow/airflow_env/lib/python3.12/site-packages/airflow/example_dags/tutorial_taskflow_templates.py
[2024-11-18T20:40:23.792+0500] {processor.py:914} INFO - Processing file /home/AtlasRise/airflow/airflow_env/lib/python3.12/site-packages/airflow/example_dags/tutorial_taskflow_templates.py for tasks to queue
[2024-11-18T20:40:23.795+0500] {logging_mixin.py:190} INFO - [2024-11-18T20:40:23.795+0500] {dagbag.py:588} INFO - Filling up the DagBag from /home/AtlasRise/airflow/airflow_env/lib/python3.12/site-packages/airflow/example_dags/tutorial_taskflow_templates.py
[2024-11-18T20:40:23.816+0500] {processor.py:925} INFO - DAG(s) 'tutorial_taskflow_templates' retrieved from /home/AtlasRise/airflow/airflow_env/lib/python3.12/site-packages/airflow/example_dags/tutorial_taskflow_templates.py
[2024-11-18T20:40:23.980+0500] {logging_mixin.py:190} INFO - [2024-11-18T20:40:23.979+0500] {override.py:1911} INFO - Created Permission View: can read on DAG:tutorial_taskflow_templates
[2024-11-18T20:40:23.996+0500] {logging_mixin.py:190} INFO - [2024-11-18T20:40:23.996+0500] {override.py:1911} INFO - Created Permission View: can edit on DAG:tutorial_taskflow_templates
[2024-11-18T20:40:24.009+0500] {logging_mixin.py:190} INFO - [2024-11-18T20:40:24.008+0500] {override.py:1911} INFO - Created Permission View: can delete on DAG:tutorial_taskflow_templates
[2024-11-18T20:40:24.027+0500] {logging_mixin.py:190} INFO - [2024-11-18T20:40:24.026+0500] {override.py:1911} INFO - Created Permission View: can read on DAG Run:tutorial_taskflow_templates
[2024-11-18T20:40:24.039+0500] {logging_mixin.py:190} INFO - [2024-11-18T20:40:24.039+0500] {override.py:1911} INFO - Created Permission View: can create on DAG Run:tutorial_taskflow_templates
[2024-11-18T20:40:24.051+0500] {logging_mixin.py:190} INFO - [2024-11-18T20:40:24.050+0500] {override.py:1911} INFO - Created Permission View: can delete on DAG Run:tutorial_taskflow_templates
[2024-11-18T20:40:24.063+0500] {logging_mixin.py:190} INFO - [2024-11-18T20:40:24.063+0500] {override.py:1911} INFO - Created Permission View: menu access on DAG Run:tutorial_taskflow_templates
[2024-11-18T20:40:24.064+0500] {logging_mixin.py:190} INFO - [2024-11-18T20:40:24.064+0500] {dag.py:3239} INFO - Sync 1 DAGs
[2024-11-18T20:40:24.085+0500] {logging_mixin.py:190} INFO - [2024-11-18T20:40:24.085+0500] {dag.py:3262} INFO - Creating ORM DAG for tutorial_taskflow_templates
[2024-11-18T20:40:24.100+0500] {logging_mixin.py:190} INFO - [2024-11-18T20:40:24.099+0500] {dag.py:4180} INFO - Setting next_dagrun for tutorial_taskflow_templates to 2024-11-17 00:00:00+00:00, run_after=2024-11-18 00:00:00+00:00
[2024-11-18T20:40:24.129+0500] {processor.py:208} INFO - Processing /home/AtlasRise/airflow/airflow_env/lib/python3.12/site-packages/airflow/example_dags/tutorial_taskflow_templates.py took 0.345 seconds
[2024-11-18T20:41:37.912+0500] {processor.py:186} INFO - Started process (PID=19001) to work on /home/AtlasRise/airflow/airflow_env/lib/python3.12/site-packages/airflow/example_dags/tutorial_taskflow_templates.py
[2024-11-18T20:41:37.915+0500] {processor.py:914} INFO - Processing file /home/AtlasRise/airflow/airflow_env/lib/python3.12/site-packages/airflow/example_dags/tutorial_taskflow_templates.py for tasks to queue
[2024-11-18T20:41:37.918+0500] {logging_mixin.py:190} INFO - [2024-11-18T20:41:37.917+0500] {dagbag.py:588} INFO - Filling up the DagBag from /home/AtlasRise/airflow/airflow_env/lib/python3.12/site-packages/airflow/example_dags/tutorial_taskflow_templates.py
[2024-11-18T20:41:37.942+0500] {processor.py:925} INFO - DAG(s) 'tutorial_taskflow_templates' retrieved from /home/AtlasRise/airflow/airflow_env/lib/python3.12/site-packages/airflow/example_dags/tutorial_taskflow_templates.py
[2024-11-18T20:41:37.967+0500] {logging_mixin.py:190} INFO - [2024-11-18T20:41:37.966+0500] {dag.py:3239} INFO - Sync 1 DAGs
[2024-11-18T20:41:38.008+0500] {logging_mixin.py:190} INFO - [2024-11-18T20:41:38.007+0500] {dag.py:4180} INFO - Setting next_dagrun for tutorial_taskflow_templates to 2024-11-17 00:00:00+00:00, run_after=2024-11-18 00:00:00+00:00
[2024-11-18T20:41:38.040+0500] {processor.py:208} INFO - Processing /home/AtlasRise/airflow/airflow_env/lib/python3.12/site-packages/airflow/example_dags/tutorial_taskflow_templates.py took 0.135 seconds
[2024-11-18T20:42:18.783+0500] {processor.py:186} INFO - Started process (PID=19147) to work on /home/AtlasRise/airflow/airflow_env/lib/python3.12/site-packages/airflow/example_dags/tutorial_taskflow_templates.py
[2024-11-18T20:42:18.785+0500] {processor.py:914} INFO - Processing file /home/AtlasRise/airflow/airflow_env/lib/python3.12/site-packages/airflow/example_dags/tutorial_taskflow_templates.py for tasks to queue
[2024-11-18T20:42:18.788+0500] {logging_mixin.py:190} INFO - [2024-11-18T20:42:18.788+0500] {dagbag.py:588} INFO - Filling up the DagBag from /home/AtlasRise/airflow/airflow_env/lib/python3.12/site-packages/airflow/example_dags/tutorial_taskflow_templates.py
[2024-11-18T20:42:18.809+0500] {processor.py:925} INFO - DAG(s) 'tutorial_taskflow_templates' retrieved from /home/AtlasRise/airflow/airflow_env/lib/python3.12/site-packages/airflow/example_dags/tutorial_taskflow_templates.py
[2024-11-18T20:42:18.833+0500] {logging_mixin.py:190} INFO - [2024-11-18T20:42:18.833+0500] {dag.py:3239} INFO - Sync 1 DAGs
[2024-11-18T20:42:18.867+0500] {logging_mixin.py:190} INFO - [2024-11-18T20:42:18.866+0500] {dag.py:4180} INFO - Setting next_dagrun for tutorial_taskflow_templates to 2024-11-17 00:00:00+00:00, run_after=2024-11-18 00:00:00+00:00
[2024-11-18T20:42:18.911+0500] {processor.py:208} INFO - Processing /home/AtlasRise/airflow/airflow_env/lib/python3.12/site-packages/airflow/example_dags/tutorial_taskflow_templates.py took 0.136 seconds
[2024-11-18T20:43:26.387+0500] {processor.py:186} INFO - Started process (PID=19224) to work on /home/AtlasRise/airflow/airflow_env/lib/python3.12/site-packages/airflow/example_dags/tutorial_taskflow_templates.py
[2024-11-18T20:43:26.389+0500] {processor.py:914} INFO - Processing file /home/AtlasRise/airflow/airflow_env/lib/python3.12/site-packages/airflow/example_dags/tutorial_taskflow_templates.py for tasks to queue
[2024-11-18T20:43:26.393+0500] {logging_mixin.py:190} INFO - [2024-11-18T20:43:26.392+0500] {dagbag.py:588} INFO - Filling up the DagBag from /home/AtlasRise/airflow/airflow_env/lib/python3.12/site-packages/airflow/example_dags/tutorial_taskflow_templates.py
[2024-11-18T20:43:26.414+0500] {processor.py:925} INFO - DAG(s) 'tutorial_taskflow_templates' retrieved from /home/AtlasRise/airflow/airflow_env/lib/python3.12/site-packages/airflow/example_dags/tutorial_taskflow_templates.py
[2024-11-18T20:43:26.439+0500] {logging_mixin.py:190} INFO - [2024-11-18T20:43:26.438+0500] {dag.py:3239} INFO - Sync 1 DAGs
[2024-11-18T20:43:26.474+0500] {logging_mixin.py:190} INFO - [2024-11-18T20:43:26.474+0500] {dag.py:4180} INFO - Setting next_dagrun for tutorial_taskflow_templates to 2024-11-17 00:00:00+00:00, run_after=2024-11-18 00:00:00+00:00
[2024-11-18T20:43:26.509+0500] {processor.py:208} INFO - Processing /home/AtlasRise/airflow/airflow_env/lib/python3.12/site-packages/airflow/example_dags/tutorial_taskflow_templates.py took 0.129 seconds
[2024-11-18T20:44:31.626+0500] {processor.py:186} INFO - Started process (PID=19299) to work on /home/AtlasRise/airflow/airflow_env/lib/python3.12/site-packages/airflow/example_dags/tutorial_taskflow_templates.py
[2024-11-18T20:44:31.628+0500] {processor.py:914} INFO - Processing file /home/AtlasRise/airflow/airflow_env/lib/python3.12/site-packages/airflow/example_dags/tutorial_taskflow_templates.py for tasks to queue
[2024-11-18T20:44:31.631+0500] {logging_mixin.py:190} INFO - [2024-11-18T20:44:31.630+0500] {dagbag.py:588} INFO - Filling up the DagBag from /home/AtlasRise/airflow/airflow_env/lib/python3.12/site-packages/airflow/example_dags/tutorial_taskflow_templates.py
[2024-11-18T20:44:31.651+0500] {processor.py:925} INFO - DAG(s) 'tutorial_taskflow_templates' retrieved from /home/AtlasRise/airflow/airflow_env/lib/python3.12/site-packages/airflow/example_dags/tutorial_taskflow_templates.py
[2024-11-18T20:44:31.675+0500] {logging_mixin.py:190} INFO - [2024-11-18T20:44:31.675+0500] {dag.py:3239} INFO - Sync 1 DAGs
[2024-11-18T20:44:31.709+0500] {logging_mixin.py:190} INFO - [2024-11-18T20:44:31.708+0500] {dag.py:4180} INFO - Setting next_dagrun for tutorial_taskflow_templates to 2024-11-17 00:00:00+00:00, run_after=2024-11-18 00:00:00+00:00
[2024-11-18T20:44:31.743+0500] {processor.py:208} INFO - Processing /home/AtlasRise/airflow/airflow_env/lib/python3.12/site-packages/airflow/example_dags/tutorial_taskflow_templates.py took 0.125 seconds
[2024-11-18T20:45:42.489+0500] {processor.py:186} INFO - Started process (PID=19489) to work on /home/AtlasRise/airflow/airflow_env/lib/python3.12/site-packages/airflow/example_dags/tutorial_taskflow_templates.py
[2024-11-18T20:45:42.492+0500] {processor.py:914} INFO - Processing file /home/AtlasRise/airflow/airflow_env/lib/python3.12/site-packages/airflow/example_dags/tutorial_taskflow_templates.py for tasks to queue
[2024-11-18T20:45:42.498+0500] {logging_mixin.py:190} INFO - [2024-11-18T20:45:42.496+0500] {dagbag.py:588} INFO - Filling up the DagBag from /home/AtlasRise/airflow/airflow_env/lib/python3.12/site-packages/airflow/example_dags/tutorial_taskflow_templates.py
[2024-11-18T20:45:42.523+0500] {processor.py:925} INFO - DAG(s) 'tutorial_taskflow_templates' retrieved from /home/AtlasRise/airflow/airflow_env/lib/python3.12/site-packages/airflow/example_dags/tutorial_taskflow_templates.py
[2024-11-18T20:45:42.549+0500] {logging_mixin.py:190} INFO - [2024-11-18T20:45:42.548+0500] {dag.py:3239} INFO - Sync 1 DAGs
[2024-11-18T20:45:42.733+0500] {logging_mixin.py:190} INFO - [2024-11-18T20:45:42.733+0500] {dag.py:4180} INFO - Setting next_dagrun for tutorial_taskflow_templates to 2024-11-17 00:00:00+00:00, run_after=2024-11-18 00:00:00+00:00
[2024-11-18T20:45:42.764+0500] {processor.py:208} INFO - Processing /home/AtlasRise/airflow/airflow_env/lib/python3.12/site-packages/airflow/example_dags/tutorial_taskflow_templates.py took 0.284 seconds
[2024-11-18T20:47:00.015+0500] {processor.py:186} INFO - Started process (PID=19595) to work on /home/AtlasRise/airflow/airflow_env/lib/python3.12/site-packages/airflow/example_dags/tutorial_taskflow_templates.py
[2024-11-18T20:47:00.017+0500] {processor.py:914} INFO - Processing file /home/AtlasRise/airflow/airflow_env/lib/python3.12/site-packages/airflow/example_dags/tutorial_taskflow_templates.py for tasks to queue
[2024-11-18T20:47:00.020+0500] {logging_mixin.py:190} INFO - [2024-11-18T20:47:00.020+0500] {dagbag.py:588} INFO - Filling up the DagBag from /home/AtlasRise/airflow/airflow_env/lib/python3.12/site-packages/airflow/example_dags/tutorial_taskflow_templates.py
[2024-11-18T20:47:00.042+0500] {processor.py:925} INFO - DAG(s) 'tutorial_taskflow_templates' retrieved from /home/AtlasRise/airflow/airflow_env/lib/python3.12/site-packages/airflow/example_dags/tutorial_taskflow_templates.py
[2024-11-18T20:47:00.068+0500] {logging_mixin.py:190} INFO - [2024-11-18T20:47:00.068+0500] {dag.py:3239} INFO - Sync 1 DAGs
[2024-11-18T20:47:00.104+0500] {logging_mixin.py:190} INFO - [2024-11-18T20:47:00.103+0500] {dag.py:4180} INFO - Setting next_dagrun for tutorial_taskflow_templates to 2024-11-17 00:00:00+00:00, run_after=2024-11-18 00:00:00+00:00
[2024-11-18T20:47:00.142+0500] {processor.py:208} INFO - Processing /home/AtlasRise/airflow/airflow_env/lib/python3.12/site-packages/airflow/example_dags/tutorial_taskflow_templates.py took 0.135 seconds
[2024-11-18T20:48:06.412+0500] {processor.py:186} INFO - Started process (PID=19744) to work on /home/AtlasRise/airflow/airflow_env/lib/python3.12/site-packages/airflow/example_dags/tutorial_taskflow_templates.py
[2024-11-18T20:48:06.415+0500] {processor.py:914} INFO - Processing file /home/AtlasRise/airflow/airflow_env/lib/python3.12/site-packages/airflow/example_dags/tutorial_taskflow_templates.py for tasks to queue
[2024-11-18T20:48:06.419+0500] {logging_mixin.py:190} INFO - [2024-11-18T20:48:06.418+0500] {dagbag.py:588} INFO - Filling up the DagBag from /home/AtlasRise/airflow/airflow_env/lib/python3.12/site-packages/airflow/example_dags/tutorial_taskflow_templates.py
[2024-11-18T20:48:06.440+0500] {processor.py:925} INFO - DAG(s) 'tutorial_taskflow_templates' retrieved from /home/AtlasRise/airflow/airflow_env/lib/python3.12/site-packages/airflow/example_dags/tutorial_taskflow_templates.py
[2024-11-18T20:48:06.465+0500] {logging_mixin.py:190} INFO - [2024-11-18T20:48:06.464+0500] {dag.py:3239} INFO - Sync 1 DAGs
[2024-11-18T20:48:06.501+0500] {logging_mixin.py:190} INFO - [2024-11-18T20:48:06.501+0500] {dag.py:4180} INFO - Setting next_dagrun for tutorial_taskflow_templates to 2024-11-17 00:00:00+00:00, run_after=2024-11-18 00:00:00+00:00
[2024-11-18T20:48:06.535+0500] {processor.py:208} INFO - Processing /home/AtlasRise/airflow/airflow_env/lib/python3.12/site-packages/airflow/example_dags/tutorial_taskflow_templates.py took 0.131 seconds
[2024-11-18T20:49:15.834+0500] {processor.py:186} INFO - Started process (PID=19831) to work on /home/AtlasRise/airflow/airflow_env/lib/python3.12/site-packages/airflow/example_dags/tutorial_taskflow_templates.py
[2024-11-18T20:49:15.835+0500] {processor.py:914} INFO - Processing file /home/AtlasRise/airflow/airflow_env/lib/python3.12/site-packages/airflow/example_dags/tutorial_taskflow_templates.py for tasks to queue
[2024-11-18T20:49:15.838+0500] {logging_mixin.py:190} INFO - [2024-11-18T20:49:15.838+0500] {dagbag.py:588} INFO - Filling up the DagBag from /home/AtlasRise/airflow/airflow_env/lib/python3.12/site-packages/airflow/example_dags/tutorial_taskflow_templates.py
[2024-11-18T20:49:15.859+0500] {processor.py:925} INFO - DAG(s) 'tutorial_taskflow_templates' retrieved from /home/AtlasRise/airflow/airflow_env/lib/python3.12/site-packages/airflow/example_dags/tutorial_taskflow_templates.py
[2024-11-18T20:49:15.883+0500] {logging_mixin.py:190} INFO - [2024-11-18T20:49:15.883+0500] {dag.py:3239} INFO - Sync 1 DAGs
[2024-11-18T20:49:15.918+0500] {logging_mixin.py:190} INFO - [2024-11-18T20:49:15.918+0500] {dag.py:4180} INFO - Setting next_dagrun for tutorial_taskflow_templates to 2024-11-17 00:00:00+00:00, run_after=2024-11-18 00:00:00+00:00
[2024-11-18T20:49:15.950+0500] {processor.py:208} INFO - Processing /home/AtlasRise/airflow/airflow_env/lib/python3.12/site-packages/airflow/example_dags/tutorial_taskflow_templates.py took 0.126 seconds
[2024-11-18T20:50:24.670+0500] {processor.py:186} INFO - Started process (PID=19907) to work on /home/AtlasRise/airflow/airflow_env/lib/python3.12/site-packages/airflow/example_dags/tutorial_taskflow_templates.py
[2024-11-18T20:50:24.672+0500] {processor.py:914} INFO - Processing file /home/AtlasRise/airflow/airflow_env/lib/python3.12/site-packages/airflow/example_dags/tutorial_taskflow_templates.py for tasks to queue
[2024-11-18T20:50:24.676+0500] {logging_mixin.py:190} INFO - [2024-11-18T20:50:24.676+0500] {dagbag.py:588} INFO - Filling up the DagBag from /home/AtlasRise/airflow/airflow_env/lib/python3.12/site-packages/airflow/example_dags/tutorial_taskflow_templates.py
[2024-11-18T20:50:24.700+0500] {processor.py:925} INFO - DAG(s) 'tutorial_taskflow_templates' retrieved from /home/AtlasRise/airflow/airflow_env/lib/python3.12/site-packages/airflow/example_dags/tutorial_taskflow_templates.py
[2024-11-18T20:50:24.725+0500] {logging_mixin.py:190} INFO - [2024-11-18T20:50:24.725+0500] {dag.py:3239} INFO - Sync 1 DAGs
[2024-11-18T20:50:24.762+0500] {logging_mixin.py:190} INFO - [2024-11-18T20:50:24.761+0500] {dag.py:4180} INFO - Setting next_dagrun for tutorial_taskflow_templates to 2024-11-17 00:00:00+00:00, run_after=2024-11-18 00:00:00+00:00
[2024-11-18T20:50:24.794+0500] {processor.py:208} INFO - Processing /home/AtlasRise/airflow/airflow_env/lib/python3.12/site-packages/airflow/example_dags/tutorial_taskflow_templates.py took 0.134 seconds
[2024-11-18T20:51:33.576+0500] {processor.py:186} INFO - Started process (PID=19990) to work on /home/AtlasRise/airflow/airflow_env/lib/python3.12/site-packages/airflow/example_dags/tutorial_taskflow_templates.py
[2024-11-18T20:51:33.579+0500] {processor.py:914} INFO - Processing file /home/AtlasRise/airflow/airflow_env/lib/python3.12/site-packages/airflow/example_dags/tutorial_taskflow_templates.py for tasks to queue
[2024-11-18T20:51:33.582+0500] {logging_mixin.py:190} INFO - [2024-11-18T20:51:33.581+0500] {dagbag.py:588} INFO - Filling up the DagBag from /home/AtlasRise/airflow/airflow_env/lib/python3.12/site-packages/airflow/example_dags/tutorial_taskflow_templates.py
[2024-11-18T20:51:33.603+0500] {processor.py:925} INFO - DAG(s) 'tutorial_taskflow_templates' retrieved from /home/AtlasRise/airflow/airflow_env/lib/python3.12/site-packages/airflow/example_dags/tutorial_taskflow_templates.py
[2024-11-18T20:51:33.627+0500] {logging_mixin.py:190} INFO - [2024-11-18T20:51:33.627+0500] {dag.py:3239} INFO - Sync 1 DAGs
[2024-11-18T20:51:33.664+0500] {logging_mixin.py:190} INFO - [2024-11-18T20:51:33.664+0500] {dag.py:4180} INFO - Setting next_dagrun for tutorial_taskflow_templates to 2024-11-17 00:00:00+00:00, run_after=2024-11-18 00:00:00+00:00
[2024-11-18T20:51:33.697+0500] {processor.py:208} INFO - Processing /home/AtlasRise/airflow/airflow_env/lib/python3.12/site-packages/airflow/example_dags/tutorial_taskflow_templates.py took 0.130 seconds
[2024-11-18T20:52:42.414+0500] {processor.py:186} INFO - Started process (PID=20064) to work on /home/AtlasRise/airflow/airflow_env/lib/python3.12/site-packages/airflow/example_dags/tutorial_taskflow_templates.py
[2024-11-18T20:52:42.417+0500] {processor.py:914} INFO - Processing file /home/AtlasRise/airflow/airflow_env/lib/python3.12/site-packages/airflow/example_dags/tutorial_taskflow_templates.py for tasks to queue
[2024-11-18T20:52:42.420+0500] {logging_mixin.py:190} INFO - [2024-11-18T20:52:42.419+0500] {dagbag.py:588} INFO - Filling up the DagBag from /home/AtlasRise/airflow/airflow_env/lib/python3.12/site-packages/airflow/example_dags/tutorial_taskflow_templates.py
[2024-11-18T20:52:42.442+0500] {processor.py:925} INFO - DAG(s) 'tutorial_taskflow_templates' retrieved from /home/AtlasRise/airflow/airflow_env/lib/python3.12/site-packages/airflow/example_dags/tutorial_taskflow_templates.py
[2024-11-18T20:52:42.466+0500] {logging_mixin.py:190} INFO - [2024-11-18T20:52:42.465+0500] {dag.py:3239} INFO - Sync 1 DAGs
[2024-11-18T20:52:42.501+0500] {logging_mixin.py:190} INFO - [2024-11-18T20:52:42.501+0500] {dag.py:4180} INFO - Setting next_dagrun for tutorial_taskflow_templates to 2024-11-17 00:00:00+00:00, run_after=2024-11-18 00:00:00+00:00
[2024-11-18T20:52:42.534+0500] {processor.py:208} INFO - Processing /home/AtlasRise/airflow/airflow_env/lib/python3.12/site-packages/airflow/example_dags/tutorial_taskflow_templates.py took 0.129 seconds
[2024-11-18T20:53:52.859+0500] {processor.py:186} INFO - Started process (PID=20133) to work on /home/AtlasRise/airflow/airflow_env/lib/python3.12/site-packages/airflow/example_dags/tutorial_taskflow_templates.py
[2024-11-18T20:53:52.862+0500] {processor.py:914} INFO - Processing file /home/AtlasRise/airflow/airflow_env/lib/python3.12/site-packages/airflow/example_dags/tutorial_taskflow_templates.py for tasks to queue
[2024-11-18T20:53:52.865+0500] {logging_mixin.py:190} INFO - [2024-11-18T20:53:52.865+0500] {dagbag.py:588} INFO - Filling up the DagBag from /home/AtlasRise/airflow/airflow_env/lib/python3.12/site-packages/airflow/example_dags/tutorial_taskflow_templates.py
[2024-11-18T20:53:52.886+0500] {processor.py:925} INFO - DAG(s) 'tutorial_taskflow_templates' retrieved from /home/AtlasRise/airflow/airflow_env/lib/python3.12/site-packages/airflow/example_dags/tutorial_taskflow_templates.py
[2024-11-18T20:53:52.913+0500] {logging_mixin.py:190} INFO - [2024-11-18T20:53:52.912+0500] {dag.py:3239} INFO - Sync 1 DAGs
[2024-11-18T20:53:52.949+0500] {logging_mixin.py:190} INFO - [2024-11-18T20:53:52.949+0500] {dag.py:4180} INFO - Setting next_dagrun for tutorial_taskflow_templates to 2024-11-17 00:00:00+00:00, run_after=2024-11-18 00:00:00+00:00
[2024-11-18T20:53:52.985+0500] {processor.py:208} INFO - Processing /home/AtlasRise/airflow/airflow_env/lib/python3.12/site-packages/airflow/example_dags/tutorial_taskflow_templates.py took 0.134 seconds
[2024-11-18T20:55:10.735+0500] {processor.py:186} INFO - Started process (PID=20230) to work on /home/AtlasRise/airflow/airflow_env/lib/python3.12/site-packages/airflow/example_dags/tutorial_taskflow_templates.py
[2024-11-18T20:55:10.737+0500] {processor.py:914} INFO - Processing file /home/AtlasRise/airflow/airflow_env/lib/python3.12/site-packages/airflow/example_dags/tutorial_taskflow_templates.py for tasks to queue
[2024-11-18T20:55:10.740+0500] {logging_mixin.py:190} INFO - [2024-11-18T20:55:10.740+0500] {dagbag.py:588} INFO - Filling up the DagBag from /home/AtlasRise/airflow/airflow_env/lib/python3.12/site-packages/airflow/example_dags/tutorial_taskflow_templates.py
[2024-11-18T20:55:10.761+0500] {processor.py:925} INFO - DAG(s) 'tutorial_taskflow_templates' retrieved from /home/AtlasRise/airflow/airflow_env/lib/python3.12/site-packages/airflow/example_dags/tutorial_taskflow_templates.py
[2024-11-18T20:55:10.786+0500] {logging_mixin.py:190} INFO - [2024-11-18T20:55:10.785+0500] {dag.py:3239} INFO - Sync 1 DAGs
[2024-11-18T20:55:10.820+0500] {logging_mixin.py:190} INFO - [2024-11-18T20:55:10.819+0500] {dag.py:4180} INFO - Setting next_dagrun for tutorial_taskflow_templates to 2024-11-17 00:00:00+00:00, run_after=2024-11-18 00:00:00+00:00
[2024-11-18T20:55:10.854+0500] {processor.py:208} INFO - Processing /home/AtlasRise/airflow/airflow_env/lib/python3.12/site-packages/airflow/example_dags/tutorial_taskflow_templates.py took 0.127 seconds
[2024-11-18T20:55:55.323+0500] {processor.py:186} INFO - Started process (PID=20275) to work on /home/AtlasRise/airflow/airflow_env/lib/python3.12/site-packages/airflow/example_dags/tutorial_taskflow_templates.py
[2024-11-18T20:55:55.326+0500] {processor.py:914} INFO - Processing file /home/AtlasRise/airflow/airflow_env/lib/python3.12/site-packages/airflow/example_dags/tutorial_taskflow_templates.py for tasks to queue
[2024-11-18T20:55:55.329+0500] {logging_mixin.py:190} INFO - [2024-11-18T20:55:55.329+0500] {dagbag.py:588} INFO - Filling up the DagBag from /home/AtlasRise/airflow/airflow_env/lib/python3.12/site-packages/airflow/example_dags/tutorial_taskflow_templates.py
[2024-11-18T20:55:55.353+0500] {processor.py:925} INFO - DAG(s) 'tutorial_taskflow_templates' retrieved from /home/AtlasRise/airflow/airflow_env/lib/python3.12/site-packages/airflow/example_dags/tutorial_taskflow_templates.py
[2024-11-18T20:55:55.380+0500] {logging_mixin.py:190} INFO - [2024-11-18T20:55:55.380+0500] {dag.py:3239} INFO - Sync 1 DAGs
[2024-11-18T20:55:55.418+0500] {logging_mixin.py:190} INFO - [2024-11-18T20:55:55.417+0500] {dag.py:4180} INFO - Setting next_dagrun for tutorial_taskflow_templates to 2024-11-17 00:00:00+00:00, run_after=2024-11-18 00:00:00+00:00
[2024-11-18T20:55:55.453+0500] {processor.py:208} INFO - Processing /home/AtlasRise/airflow/airflow_env/lib/python3.12/site-packages/airflow/example_dags/tutorial_taskflow_templates.py took 0.139 seconds
[2024-11-18T20:57:09.732+0500] {processor.py:186} INFO - Started process (PID=20364) to work on /home/AtlasRise/airflow/airflow_env/lib/python3.12/site-packages/airflow/example_dags/tutorial_taskflow_templates.py
[2024-11-18T20:57:09.734+0500] {processor.py:914} INFO - Processing file /home/AtlasRise/airflow/airflow_env/lib/python3.12/site-packages/airflow/example_dags/tutorial_taskflow_templates.py for tasks to queue
[2024-11-18T20:57:09.738+0500] {logging_mixin.py:190} INFO - [2024-11-18T20:57:09.738+0500] {dagbag.py:588} INFO - Filling up the DagBag from /home/AtlasRise/airflow/airflow_env/lib/python3.12/site-packages/airflow/example_dags/tutorial_taskflow_templates.py
[2024-11-18T20:57:09.759+0500] {processor.py:925} INFO - DAG(s) 'tutorial_taskflow_templates' retrieved from /home/AtlasRise/airflow/airflow_env/lib/python3.12/site-packages/airflow/example_dags/tutorial_taskflow_templates.py
[2024-11-18T20:57:09.785+0500] {logging_mixin.py:190} INFO - [2024-11-18T20:57:09.784+0500] {dag.py:3239} INFO - Sync 1 DAGs
[2024-11-18T20:57:09.820+0500] {logging_mixin.py:190} INFO - [2024-11-18T20:57:09.819+0500] {dag.py:4180} INFO - Setting next_dagrun for tutorial_taskflow_templates to 2024-11-17 00:00:00+00:00, run_after=2024-11-18 00:00:00+00:00
[2024-11-18T20:57:09.853+0500] {processor.py:208} INFO - Processing /home/AtlasRise/airflow/airflow_env/lib/python3.12/site-packages/airflow/example_dags/tutorial_taskflow_templates.py took 0.129 seconds
[2024-11-18T20:58:20.533+0500] {processor.py:186} INFO - Started process (PID=20442) to work on /home/AtlasRise/airflow/airflow_env/lib/python3.12/site-packages/airflow/example_dags/tutorial_taskflow_templates.py
[2024-11-18T20:58:20.536+0500] {processor.py:914} INFO - Processing file /home/AtlasRise/airflow/airflow_env/lib/python3.12/site-packages/airflow/example_dags/tutorial_taskflow_templates.py for tasks to queue
[2024-11-18T20:58:20.539+0500] {logging_mixin.py:190} INFO - [2024-11-18T20:58:20.538+0500] {dagbag.py:588} INFO - Filling up the DagBag from /home/AtlasRise/airflow/airflow_env/lib/python3.12/site-packages/airflow/example_dags/tutorial_taskflow_templates.py
[2024-11-18T20:58:20.559+0500] {processor.py:925} INFO - DAG(s) 'tutorial_taskflow_templates' retrieved from /home/AtlasRise/airflow/airflow_env/lib/python3.12/site-packages/airflow/example_dags/tutorial_taskflow_templates.py
[2024-11-18T20:58:20.587+0500] {logging_mixin.py:190} INFO - [2024-11-18T20:58:20.586+0500] {dag.py:3239} INFO - Sync 1 DAGs
[2024-11-18T20:58:20.623+0500] {logging_mixin.py:190} INFO - [2024-11-18T20:58:20.623+0500] {dag.py:4180} INFO - Setting next_dagrun for tutorial_taskflow_templates to 2024-11-17 00:00:00+00:00, run_after=2024-11-18 00:00:00+00:00
[2024-11-18T20:58:20.657+0500] {processor.py:208} INFO - Processing /home/AtlasRise/airflow/airflow_env/lib/python3.12/site-packages/airflow/example_dags/tutorial_taskflow_templates.py took 0.132 seconds
[2024-11-18T20:59:29.253+0500] {processor.py:186} INFO - Started process (PID=20530) to work on /home/AtlasRise/airflow/airflow_env/lib/python3.12/site-packages/airflow/example_dags/tutorial_taskflow_templates.py
[2024-11-18T20:59:29.255+0500] {processor.py:914} INFO - Processing file /home/AtlasRise/airflow/airflow_env/lib/python3.12/site-packages/airflow/example_dags/tutorial_taskflow_templates.py for tasks to queue
[2024-11-18T20:59:29.258+0500] {logging_mixin.py:190} INFO - [2024-11-18T20:59:29.257+0500] {dagbag.py:588} INFO - Filling up the DagBag from /home/AtlasRise/airflow/airflow_env/lib/python3.12/site-packages/airflow/example_dags/tutorial_taskflow_templates.py
[2024-11-18T20:59:29.279+0500] {processor.py:925} INFO - DAG(s) 'tutorial_taskflow_templates' retrieved from /home/AtlasRise/airflow/airflow_env/lib/python3.12/site-packages/airflow/example_dags/tutorial_taskflow_templates.py
[2024-11-18T20:59:29.304+0500] {logging_mixin.py:190} INFO - [2024-11-18T20:59:29.303+0500] {dag.py:3239} INFO - Sync 1 DAGs
[2024-11-18T20:59:29.339+0500] {logging_mixin.py:190} INFO - [2024-11-18T20:59:29.339+0500] {dag.py:4180} INFO - Setting next_dagrun for tutorial_taskflow_templates to 2024-11-17 00:00:00+00:00, run_after=2024-11-18 00:00:00+00:00
[2024-11-18T20:59:29.373+0500] {processor.py:208} INFO - Processing /home/AtlasRise/airflow/airflow_env/lib/python3.12/site-packages/airflow/example_dags/tutorial_taskflow_templates.py took 0.127 seconds
[2024-11-18T21:00:10.388+0500] {processor.py:186} INFO - Started process (PID=20571) to work on /home/AtlasRise/airflow/airflow_env/lib/python3.12/site-packages/airflow/example_dags/tutorial_taskflow_templates.py
[2024-11-18T21:00:10.390+0500] {processor.py:914} INFO - Processing file /home/AtlasRise/airflow/airflow_env/lib/python3.12/site-packages/airflow/example_dags/tutorial_taskflow_templates.py for tasks to queue
[2024-11-18T21:00:10.393+0500] {logging_mixin.py:190} INFO - [2024-11-18T21:00:10.393+0500] {dagbag.py:588} INFO - Filling up the DagBag from /home/AtlasRise/airflow/airflow_env/lib/python3.12/site-packages/airflow/example_dags/tutorial_taskflow_templates.py
[2024-11-18T21:00:10.417+0500] {processor.py:925} INFO - DAG(s) 'tutorial_taskflow_templates' retrieved from /home/AtlasRise/airflow/airflow_env/lib/python3.12/site-packages/airflow/example_dags/tutorial_taskflow_templates.py
[2024-11-18T21:00:10.442+0500] {logging_mixin.py:190} INFO - [2024-11-18T21:00:10.442+0500] {dag.py:3239} INFO - Sync 1 DAGs
[2024-11-18T21:00:10.477+0500] {logging_mixin.py:190} INFO - [2024-11-18T21:00:10.477+0500] {dag.py:4180} INFO - Setting next_dagrun for tutorial_taskflow_templates to 2024-11-17 00:00:00+00:00, run_after=2024-11-18 00:00:00+00:00
[2024-11-18T21:00:10.510+0500] {processor.py:208} INFO - Processing /home/AtlasRise/airflow/airflow_env/lib/python3.12/site-packages/airflow/example_dags/tutorial_taskflow_templates.py took 0.132 seconds
[2024-11-18T21:01:16.281+0500] {processor.py:186} INFO - Started process (PID=20650) to work on /home/AtlasRise/airflow/airflow_env/lib/python3.12/site-packages/airflow/example_dags/tutorial_taskflow_templates.py
[2024-11-18T21:01:16.283+0500] {processor.py:914} INFO - Processing file /home/AtlasRise/airflow/airflow_env/lib/python3.12/site-packages/airflow/example_dags/tutorial_taskflow_templates.py for tasks to queue
[2024-11-18T21:01:16.286+0500] {logging_mixin.py:190} INFO - [2024-11-18T21:01:16.286+0500] {dagbag.py:588} INFO - Filling up the DagBag from /home/AtlasRise/airflow/airflow_env/lib/python3.12/site-packages/airflow/example_dags/tutorial_taskflow_templates.py
[2024-11-18T21:01:16.308+0500] {processor.py:925} INFO - DAG(s) 'tutorial_taskflow_templates' retrieved from /home/AtlasRise/airflow/airflow_env/lib/python3.12/site-packages/airflow/example_dags/tutorial_taskflow_templates.py
[2024-11-18T21:01:16.332+0500] {logging_mixin.py:190} INFO - [2024-11-18T21:01:16.332+0500] {dag.py:3239} INFO - Sync 1 DAGs
[2024-11-18T21:01:16.366+0500] {logging_mixin.py:190} INFO - [2024-11-18T21:01:16.365+0500] {dag.py:4180} INFO - Setting next_dagrun for tutorial_taskflow_templates to 2024-11-17 00:00:00+00:00, run_after=2024-11-18 00:00:00+00:00
[2024-11-18T21:01:16.398+0500] {processor.py:208} INFO - Processing /home/AtlasRise/airflow/airflow_env/lib/python3.12/site-packages/airflow/example_dags/tutorial_taskflow_templates.py took 0.126 seconds
[2024-11-18T21:02:27.292+0500] {processor.py:186} INFO - Started process (PID=20726) to work on /home/AtlasRise/airflow/airflow_env/lib/python3.12/site-packages/airflow/example_dags/tutorial_taskflow_templates.py
[2024-11-18T21:02:27.294+0500] {processor.py:914} INFO - Processing file /home/AtlasRise/airflow/airflow_env/lib/python3.12/site-packages/airflow/example_dags/tutorial_taskflow_templates.py for tasks to queue
[2024-11-18T21:02:27.297+0500] {logging_mixin.py:190} INFO - [2024-11-18T21:02:27.297+0500] {dagbag.py:588} INFO - Filling up the DagBag from /home/AtlasRise/airflow/airflow_env/lib/python3.12/site-packages/airflow/example_dags/tutorial_taskflow_templates.py
[2024-11-18T21:02:27.320+0500] {processor.py:925} INFO - DAG(s) 'tutorial_taskflow_templates' retrieved from /home/AtlasRise/airflow/airflow_env/lib/python3.12/site-packages/airflow/example_dags/tutorial_taskflow_templates.py
[2024-11-18T21:02:27.344+0500] {logging_mixin.py:190} INFO - [2024-11-18T21:02:27.344+0500] {dag.py:3239} INFO - Sync 1 DAGs
[2024-11-18T21:02:27.378+0500] {logging_mixin.py:190} INFO - [2024-11-18T21:02:27.378+0500] {dag.py:4180} INFO - Setting next_dagrun for tutorial_taskflow_templates to 2024-11-17 00:00:00+00:00, run_after=2024-11-18 00:00:00+00:00
[2024-11-18T21:02:27.411+0500] {processor.py:208} INFO - Processing /home/AtlasRise/airflow/airflow_env/lib/python3.12/site-packages/airflow/example_dags/tutorial_taskflow_templates.py took 0.129 seconds
[2024-11-18T21:03:37.241+0500] {processor.py:186} INFO - Started process (PID=20798) to work on /home/AtlasRise/airflow/airflow_env/lib/python3.12/site-packages/airflow/example_dags/tutorial_taskflow_templates.py
[2024-11-18T21:03:37.244+0500] {processor.py:914} INFO - Processing file /home/AtlasRise/airflow/airflow_env/lib/python3.12/site-packages/airflow/example_dags/tutorial_taskflow_templates.py for tasks to queue
[2024-11-18T21:03:37.247+0500] {logging_mixin.py:190} INFO - [2024-11-18T21:03:37.246+0500] {dagbag.py:588} INFO - Filling up the DagBag from /home/AtlasRise/airflow/airflow_env/lib/python3.12/site-packages/airflow/example_dags/tutorial_taskflow_templates.py
[2024-11-18T21:03:37.267+0500] {processor.py:925} INFO - DAG(s) 'tutorial_taskflow_templates' retrieved from /home/AtlasRise/airflow/airflow_env/lib/python3.12/site-packages/airflow/example_dags/tutorial_taskflow_templates.py
[2024-11-18T21:03:37.291+0500] {logging_mixin.py:190} INFO - [2024-11-18T21:03:37.291+0500] {dag.py:3239} INFO - Sync 1 DAGs
[2024-11-18T21:03:37.325+0500] {logging_mixin.py:190} INFO - [2024-11-18T21:03:37.325+0500] {dag.py:4180} INFO - Setting next_dagrun for tutorial_taskflow_templates to 2024-11-17 00:00:00+00:00, run_after=2024-11-18 00:00:00+00:00
[2024-11-18T21:03:37.358+0500] {processor.py:208} INFO - Processing /home/AtlasRise/airflow/airflow_env/lib/python3.12/site-packages/airflow/example_dags/tutorial_taskflow_templates.py took 0.125 seconds
[2024-11-18T21:04:42.404+0500] {processor.py:186} INFO - Started process (PID=20898) to work on /home/AtlasRise/airflow/airflow_env/lib/python3.12/site-packages/airflow/example_dags/tutorial_taskflow_templates.py
[2024-11-18T21:04:42.407+0500] {processor.py:914} INFO - Processing file /home/AtlasRise/airflow/airflow_env/lib/python3.12/site-packages/airflow/example_dags/tutorial_taskflow_templates.py for tasks to queue
[2024-11-18T21:04:42.410+0500] {logging_mixin.py:190} INFO - [2024-11-18T21:04:42.409+0500] {dagbag.py:588} INFO - Filling up the DagBag from /home/AtlasRise/airflow/airflow_env/lib/python3.12/site-packages/airflow/example_dags/tutorial_taskflow_templates.py
[2024-11-18T21:04:42.430+0500] {processor.py:925} INFO - DAG(s) 'tutorial_taskflow_templates' retrieved from /home/AtlasRise/airflow/airflow_env/lib/python3.12/site-packages/airflow/example_dags/tutorial_taskflow_templates.py
[2024-11-18T21:04:42.455+0500] {logging_mixin.py:190} INFO - [2024-11-18T21:04:42.455+0500] {dag.py:3239} INFO - Sync 1 DAGs
[2024-11-18T21:04:42.489+0500] {logging_mixin.py:190} INFO - [2024-11-18T21:04:42.489+0500] {dag.py:4180} INFO - Setting next_dagrun for tutorial_taskflow_templates to 2024-11-17 00:00:00+00:00, run_after=2024-11-18 00:00:00+00:00
[2024-11-18T21:04:42.521+0500] {processor.py:208} INFO - Processing /home/AtlasRise/airflow/airflow_env/lib/python3.12/site-packages/airflow/example_dags/tutorial_taskflow_templates.py took 0.127 seconds
[2024-11-18T21:05:47.968+0500] {processor.py:186} INFO - Started process (PID=20982) to work on /home/AtlasRise/airflow/airflow_env/lib/python3.12/site-packages/airflow/example_dags/tutorial_taskflow_templates.py
[2024-11-18T21:05:47.970+0500] {processor.py:914} INFO - Processing file /home/AtlasRise/airflow/airflow_env/lib/python3.12/site-packages/airflow/example_dags/tutorial_taskflow_templates.py for tasks to queue
[2024-11-18T21:05:47.973+0500] {logging_mixin.py:190} INFO - [2024-11-18T21:05:47.972+0500] {dagbag.py:588} INFO - Filling up the DagBag from /home/AtlasRise/airflow/airflow_env/lib/python3.12/site-packages/airflow/example_dags/tutorial_taskflow_templates.py
[2024-11-18T21:05:47.994+0500] {processor.py:925} INFO - DAG(s) 'tutorial_taskflow_templates' retrieved from /home/AtlasRise/airflow/airflow_env/lib/python3.12/site-packages/airflow/example_dags/tutorial_taskflow_templates.py
[2024-11-18T21:05:48.019+0500] {logging_mixin.py:190} INFO - [2024-11-18T21:05:48.019+0500] {dag.py:3239} INFO - Sync 1 DAGs
[2024-11-18T21:05:48.053+0500] {logging_mixin.py:190} INFO - [2024-11-18T21:05:48.053+0500] {dag.py:4180} INFO - Setting next_dagrun for tutorial_taskflow_templates to 2024-11-17 00:00:00+00:00, run_after=2024-11-18 00:00:00+00:00
[2024-11-18T21:05:48.085+0500] {processor.py:208} INFO - Processing /home/AtlasRise/airflow/airflow_env/lib/python3.12/site-packages/airflow/example_dags/tutorial_taskflow_templates.py took 0.125 seconds
[2024-11-18T21:07:06.389+0500] {processor.py:186} INFO - Started process (PID=21082) to work on /home/AtlasRise/airflow/airflow_env/lib/python3.12/site-packages/airflow/example_dags/tutorial_taskflow_templates.py
[2024-11-18T21:07:06.391+0500] {processor.py:914} INFO - Processing file /home/AtlasRise/airflow/airflow_env/lib/python3.12/site-packages/airflow/example_dags/tutorial_taskflow_templates.py for tasks to queue
[2024-11-18T21:07:06.394+0500] {logging_mixin.py:190} INFO - [2024-11-18T21:07:06.393+0500] {dagbag.py:588} INFO - Filling up the DagBag from /home/AtlasRise/airflow/airflow_env/lib/python3.12/site-packages/airflow/example_dags/tutorial_taskflow_templates.py
[2024-11-18T21:07:06.415+0500] {processor.py:925} INFO - DAG(s) 'tutorial_taskflow_templates' retrieved from /home/AtlasRise/airflow/airflow_env/lib/python3.12/site-packages/airflow/example_dags/tutorial_taskflow_templates.py
[2024-11-18T21:07:06.442+0500] {logging_mixin.py:190} INFO - [2024-11-18T21:07:06.441+0500] {dag.py:3239} INFO - Sync 1 DAGs
[2024-11-18T21:07:06.477+0500] {logging_mixin.py:190} INFO - [2024-11-18T21:07:06.477+0500] {dag.py:4180} INFO - Setting next_dagrun for tutorial_taskflow_templates to 2024-11-17 00:00:00+00:00, run_after=2024-11-18 00:00:00+00:00
[2024-11-18T21:07:06.510+0500] {processor.py:208} INFO - Processing /home/AtlasRise/airflow/airflow_env/lib/python3.12/site-packages/airflow/example_dags/tutorial_taskflow_templates.py took 0.129 seconds
[2024-11-18T21:07:46.694+0500] {processor.py:186} INFO - Started process (PID=21121) to work on /home/AtlasRise/airflow/airflow_env/lib/python3.12/site-packages/airflow/example_dags/tutorial_taskflow_templates.py
[2024-11-18T21:07:46.697+0500] {processor.py:914} INFO - Processing file /home/AtlasRise/airflow/airflow_env/lib/python3.12/site-packages/airflow/example_dags/tutorial_taskflow_templates.py for tasks to queue
[2024-11-18T21:07:46.700+0500] {logging_mixin.py:190} INFO - [2024-11-18T21:07:46.699+0500] {dagbag.py:588} INFO - Filling up the DagBag from /home/AtlasRise/airflow/airflow_env/lib/python3.12/site-packages/airflow/example_dags/tutorial_taskflow_templates.py
[2024-11-18T21:07:46.721+0500] {processor.py:925} INFO - DAG(s) 'tutorial_taskflow_templates' retrieved from /home/AtlasRise/airflow/airflow_env/lib/python3.12/site-packages/airflow/example_dags/tutorial_taskflow_templates.py
[2024-11-18T21:07:46.745+0500] {logging_mixin.py:190} INFO - [2024-11-18T21:07:46.745+0500] {dag.py:3239} INFO - Sync 1 DAGs
[2024-11-18T21:07:46.780+0500] {logging_mixin.py:190} INFO - [2024-11-18T21:07:46.779+0500] {dag.py:4180} INFO - Setting next_dagrun for tutorial_taskflow_templates to 2024-11-17 00:00:00+00:00, run_after=2024-11-18 00:00:00+00:00
[2024-11-18T21:07:46.812+0500] {processor.py:208} INFO - Processing /home/AtlasRise/airflow/airflow_env/lib/python3.12/site-packages/airflow/example_dags/tutorial_taskflow_templates.py took 0.125 seconds
[2024-11-18T21:08:53.452+0500] {processor.py:186} INFO - Started process (PID=21193) to work on /home/AtlasRise/airflow/airflow_env/lib/python3.12/site-packages/airflow/example_dags/tutorial_taskflow_templates.py
[2024-11-18T21:08:53.453+0500] {processor.py:914} INFO - Processing file /home/AtlasRise/airflow/airflow_env/lib/python3.12/site-packages/airflow/example_dags/tutorial_taskflow_templates.py for tasks to queue
[2024-11-18T21:08:53.456+0500] {logging_mixin.py:190} INFO - [2024-11-18T21:08:53.455+0500] {dagbag.py:588} INFO - Filling up the DagBag from /home/AtlasRise/airflow/airflow_env/lib/python3.12/site-packages/airflow/example_dags/tutorial_taskflow_templates.py
[2024-11-18T21:08:53.477+0500] {processor.py:925} INFO - DAG(s) 'tutorial_taskflow_templates' retrieved from /home/AtlasRise/airflow/airflow_env/lib/python3.12/site-packages/airflow/example_dags/tutorial_taskflow_templates.py
[2024-11-18T21:08:53.501+0500] {logging_mixin.py:190} INFO - [2024-11-18T21:08:53.501+0500] {dag.py:3239} INFO - Sync 1 DAGs
[2024-11-18T21:08:53.535+0500] {logging_mixin.py:190} INFO - [2024-11-18T21:08:53.535+0500] {dag.py:4180} INFO - Setting next_dagrun for tutorial_taskflow_templates to 2024-11-17 00:00:00+00:00, run_after=2024-11-18 00:00:00+00:00
[2024-11-18T21:08:53.570+0500] {processor.py:208} INFO - Processing /home/AtlasRise/airflow/airflow_env/lib/python3.12/site-packages/airflow/example_dags/tutorial_taskflow_templates.py took 0.126 seconds
[2024-11-18T21:10:04.368+0500] {processor.py:186} INFO - Started process (PID=21303) to work on /home/AtlasRise/airflow/airflow_env/lib/python3.12/site-packages/airflow/example_dags/tutorial_taskflow_templates.py
[2024-11-18T21:10:04.372+0500] {processor.py:914} INFO - Processing file /home/AtlasRise/airflow/airflow_env/lib/python3.12/site-packages/airflow/example_dags/tutorial_taskflow_templates.py for tasks to queue
[2024-11-18T21:10:04.376+0500] {logging_mixin.py:190} INFO - [2024-11-18T21:10:04.375+0500] {dagbag.py:588} INFO - Filling up the DagBag from /home/AtlasRise/airflow/airflow_env/lib/python3.12/site-packages/airflow/example_dags/tutorial_taskflow_templates.py
[2024-11-18T21:10:04.397+0500] {processor.py:925} INFO - DAG(s) 'tutorial_taskflow_templates' retrieved from /home/AtlasRise/airflow/airflow_env/lib/python3.12/site-packages/airflow/example_dags/tutorial_taskflow_templates.py
[2024-11-18T21:10:04.427+0500] {logging_mixin.py:190} INFO - [2024-11-18T21:10:04.427+0500] {dag.py:3239} INFO - Sync 1 DAGs
[2024-11-18T21:10:04.492+0500] {logging_mixin.py:190} INFO - [2024-11-18T21:10:04.492+0500] {dag.py:4180} INFO - Setting next_dagrun for tutorial_taskflow_templates to 2024-11-17 00:00:00+00:00, run_after=2024-11-18 00:00:00+00:00
[2024-11-18T21:10:04.542+0500] {processor.py:208} INFO - Processing /home/AtlasRise/airflow/airflow_env/lib/python3.12/site-packages/airflow/example_dags/tutorial_taskflow_templates.py took 0.182 seconds
[2024-11-18T21:11:16.579+0500] {processor.py:186} INFO - Started process (PID=21412) to work on /home/AtlasRise/airflow/airflow_env/lib/python3.12/site-packages/airflow/example_dags/tutorial_taskflow_templates.py
[2024-11-18T21:11:16.581+0500] {processor.py:914} INFO - Processing file /home/AtlasRise/airflow/airflow_env/lib/python3.12/site-packages/airflow/example_dags/tutorial_taskflow_templates.py for tasks to queue
[2024-11-18T21:11:16.584+0500] {logging_mixin.py:190} INFO - [2024-11-18T21:11:16.583+0500] {dagbag.py:588} INFO - Filling up the DagBag from /home/AtlasRise/airflow/airflow_env/lib/python3.12/site-packages/airflow/example_dags/tutorial_taskflow_templates.py
[2024-11-18T21:11:16.608+0500] {processor.py:925} INFO - DAG(s) 'tutorial_taskflow_templates' retrieved from /home/AtlasRise/airflow/airflow_env/lib/python3.12/site-packages/airflow/example_dags/tutorial_taskflow_templates.py
[2024-11-18T21:11:16.633+0500] {logging_mixin.py:190} INFO - [2024-11-18T21:11:16.632+0500] {dag.py:3239} INFO - Sync 1 DAGs
[2024-11-18T21:11:16.668+0500] {logging_mixin.py:190} INFO - [2024-11-18T21:11:16.667+0500] {dag.py:4180} INFO - Setting next_dagrun for tutorial_taskflow_templates to 2024-11-17 00:00:00+00:00, run_after=2024-11-18 00:00:00+00:00
[2024-11-18T21:11:16.731+0500] {processor.py:208} INFO - Processing /home/AtlasRise/airflow/airflow_env/lib/python3.12/site-packages/airflow/example_dags/tutorial_taskflow_templates.py took 0.161 seconds
[2024-11-18T21:12:00.663+0500] {processor.py:186} INFO - Started process (PID=21483) to work on /home/AtlasRise/airflow/airflow_env/lib/python3.12/site-packages/airflow/example_dags/tutorial_taskflow_templates.py
[2024-11-18T21:12:00.665+0500] {processor.py:914} INFO - Processing file /home/AtlasRise/airflow/airflow_env/lib/python3.12/site-packages/airflow/example_dags/tutorial_taskflow_templates.py for tasks to queue
[2024-11-18T21:12:00.668+0500] {logging_mixin.py:190} INFO - [2024-11-18T21:12:00.668+0500] {dagbag.py:588} INFO - Filling up the DagBag from /home/AtlasRise/airflow/airflow_env/lib/python3.12/site-packages/airflow/example_dags/tutorial_taskflow_templates.py
[2024-11-18T21:12:00.696+0500] {processor.py:925} INFO - DAG(s) 'tutorial_taskflow_templates' retrieved from /home/AtlasRise/airflow/airflow_env/lib/python3.12/site-packages/airflow/example_dags/tutorial_taskflow_templates.py
[2024-11-18T21:12:00.727+0500] {logging_mixin.py:190} INFO - [2024-11-18T21:12:00.726+0500] {dag.py:3239} INFO - Sync 1 DAGs
[2024-11-18T21:12:00.762+0500] {logging_mixin.py:190} INFO - [2024-11-18T21:12:00.762+0500] {dag.py:4180} INFO - Setting next_dagrun for tutorial_taskflow_templates to 2024-11-17 00:00:00+00:00, run_after=2024-11-18 00:00:00+00:00
[2024-11-18T21:12:00.796+0500] {processor.py:208} INFO - Processing /home/AtlasRise/airflow/airflow_env/lib/python3.12/site-packages/airflow/example_dags/tutorial_taskflow_templates.py took 0.142 seconds
[2024-11-18T21:13:05.136+0500] {processor.py:186} INFO - Started process (PID=21566) to work on /home/AtlasRise/airflow/airflow_env/lib/python3.12/site-packages/airflow/example_dags/tutorial_taskflow_templates.py
[2024-11-18T21:13:05.137+0500] {processor.py:914} INFO - Processing file /home/AtlasRise/airflow/airflow_env/lib/python3.12/site-packages/airflow/example_dags/tutorial_taskflow_templates.py for tasks to queue
[2024-11-18T21:13:05.140+0500] {logging_mixin.py:190} INFO - [2024-11-18T21:13:05.140+0500] {dagbag.py:588} INFO - Filling up the DagBag from /home/AtlasRise/airflow/airflow_env/lib/python3.12/site-packages/airflow/example_dags/tutorial_taskflow_templates.py
[2024-11-18T21:13:05.161+0500] {processor.py:925} INFO - DAG(s) 'tutorial_taskflow_templates' retrieved from /home/AtlasRise/airflow/airflow_env/lib/python3.12/site-packages/airflow/example_dags/tutorial_taskflow_templates.py
[2024-11-18T21:13:05.186+0500] {logging_mixin.py:190} INFO - [2024-11-18T21:13:05.186+0500] {dag.py:3239} INFO - Sync 1 DAGs
[2024-11-18T21:13:05.222+0500] {logging_mixin.py:190} INFO - [2024-11-18T21:13:05.222+0500] {dag.py:4180} INFO - Setting next_dagrun for tutorial_taskflow_templates to 2024-11-17 00:00:00+00:00, run_after=2024-11-18 00:00:00+00:00
[2024-11-18T21:13:05.257+0500] {processor.py:208} INFO - Processing /home/AtlasRise/airflow/airflow_env/lib/python3.12/site-packages/airflow/example_dags/tutorial_taskflow_templates.py took 0.132 seconds
[2024-11-18T21:13:54.971+0500] {processor.py:186} INFO - Started process (PID=21620) to work on /home/AtlasRise/airflow/airflow_env/lib/python3.12/site-packages/airflow/example_dags/tutorial_taskflow_templates.py
[2024-11-18T21:13:54.973+0500] {processor.py:914} INFO - Processing file /home/AtlasRise/airflow/airflow_env/lib/python3.12/site-packages/airflow/example_dags/tutorial_taskflow_templates.py for tasks to queue
[2024-11-18T21:13:54.977+0500] {logging_mixin.py:190} INFO - [2024-11-18T21:13:54.976+0500] {dagbag.py:588} INFO - Filling up the DagBag from /home/AtlasRise/airflow/airflow_env/lib/python3.12/site-packages/airflow/example_dags/tutorial_taskflow_templates.py
[2024-11-18T21:13:55.003+0500] {processor.py:925} INFO - DAG(s) 'tutorial_taskflow_templates' retrieved from /home/AtlasRise/airflow/airflow_env/lib/python3.12/site-packages/airflow/example_dags/tutorial_taskflow_templates.py
[2024-11-18T21:13:55.031+0500] {logging_mixin.py:190} INFO - [2024-11-18T21:13:55.030+0500] {dag.py:3239} INFO - Sync 1 DAGs
[2024-11-18T21:13:55.069+0500] {logging_mixin.py:190} INFO - [2024-11-18T21:13:55.068+0500] {dag.py:4180} INFO - Setting next_dagrun for tutorial_taskflow_templates to 2024-11-17 00:00:00+00:00, run_after=2024-11-18 00:00:00+00:00
[2024-11-18T21:13:55.102+0500] {processor.py:208} INFO - Processing /home/AtlasRise/airflow/airflow_env/lib/python3.12/site-packages/airflow/example_dags/tutorial_taskflow_templates.py took 0.143 seconds
[2024-11-18T21:15:22.106+0500] {processor.py:186} INFO - Started process (PID=21740) to work on /home/AtlasRise/airflow/airflow_env/lib/python3.12/site-packages/airflow/example_dags/tutorial_taskflow_templates.py
[2024-11-18T21:15:22.108+0500] {processor.py:914} INFO - Processing file /home/AtlasRise/airflow/airflow_env/lib/python3.12/site-packages/airflow/example_dags/tutorial_taskflow_templates.py for tasks to queue
[2024-11-18T21:15:22.111+0500] {logging_mixin.py:190} INFO - [2024-11-18T21:15:22.111+0500] {dagbag.py:588} INFO - Filling up the DagBag from /home/AtlasRise/airflow/airflow_env/lib/python3.12/site-packages/airflow/example_dags/tutorial_taskflow_templates.py
[2024-11-18T21:15:22.132+0500] {processor.py:925} INFO - DAG(s) 'tutorial_taskflow_templates' retrieved from /home/AtlasRise/airflow/airflow_env/lib/python3.12/site-packages/airflow/example_dags/tutorial_taskflow_templates.py
[2024-11-18T21:15:22.158+0500] {logging_mixin.py:190} INFO - [2024-11-18T21:15:22.157+0500] {dag.py:3239} INFO - Sync 1 DAGs
[2024-11-18T21:15:22.221+0500] {logging_mixin.py:190} INFO - [2024-11-18T21:15:22.221+0500] {dag.py:4180} INFO - Setting next_dagrun for tutorial_taskflow_templates to 2024-11-17 00:00:00+00:00, run_after=2024-11-18 00:00:00+00:00
[2024-11-18T21:15:22.298+0500] {processor.py:208} INFO - Processing /home/AtlasRise/airflow/airflow_env/lib/python3.12/site-packages/airflow/example_dags/tutorial_taskflow_templates.py took 0.199 seconds
[2024-11-18T21:16:08.378+0500] {processor.py:186} INFO - Started process (PID=21801) to work on /home/AtlasRise/airflow/airflow_env/lib/python3.12/site-packages/airflow/example_dags/tutorial_taskflow_templates.py
[2024-11-18T21:16:08.380+0500] {processor.py:914} INFO - Processing file /home/AtlasRise/airflow/airflow_env/lib/python3.12/site-packages/airflow/example_dags/tutorial_taskflow_templates.py for tasks to queue
[2024-11-18T21:16:08.383+0500] {logging_mixin.py:190} INFO - [2024-11-18T21:16:08.383+0500] {dagbag.py:588} INFO - Filling up the DagBag from /home/AtlasRise/airflow/airflow_env/lib/python3.12/site-packages/airflow/example_dags/tutorial_taskflow_templates.py
[2024-11-18T21:16:08.405+0500] {processor.py:925} INFO - DAG(s) 'tutorial_taskflow_templates' retrieved from /home/AtlasRise/airflow/airflow_env/lib/python3.12/site-packages/airflow/example_dags/tutorial_taskflow_templates.py
[2024-11-18T21:16:08.429+0500] {logging_mixin.py:190} INFO - [2024-11-18T21:16:08.429+0500] {dag.py:3239} INFO - Sync 1 DAGs
[2024-11-18T21:16:08.463+0500] {logging_mixin.py:190} INFO - [2024-11-18T21:16:08.463+0500] {dag.py:4180} INFO - Setting next_dagrun for tutorial_taskflow_templates to 2024-11-17 00:00:00+00:00, run_after=2024-11-18 00:00:00+00:00
[2024-11-18T21:16:08.495+0500] {processor.py:208} INFO - Processing /home/AtlasRise/airflow/airflow_env/lib/python3.12/site-packages/airflow/example_dags/tutorial_taskflow_templates.py took 0.125 seconds
[2024-11-18T21:17:13.472+0500] {processor.py:186} INFO - Started process (PID=21900) to work on /home/AtlasRise/airflow/airflow_env/lib/python3.12/site-packages/airflow/example_dags/tutorial_taskflow_templates.py
[2024-11-18T21:17:13.474+0500] {processor.py:914} INFO - Processing file /home/AtlasRise/airflow/airflow_env/lib/python3.12/site-packages/airflow/example_dags/tutorial_taskflow_templates.py for tasks to queue
[2024-11-18T21:17:13.477+0500] {logging_mixin.py:190} INFO - [2024-11-18T21:17:13.477+0500] {dagbag.py:588} INFO - Filling up the DagBag from /home/AtlasRise/airflow/airflow_env/lib/python3.12/site-packages/airflow/example_dags/tutorial_taskflow_templates.py
[2024-11-18T21:17:13.500+0500] {processor.py:925} INFO - DAG(s) 'tutorial_taskflow_templates' retrieved from /home/AtlasRise/airflow/airflow_env/lib/python3.12/site-packages/airflow/example_dags/tutorial_taskflow_templates.py
[2024-11-18T21:17:13.526+0500] {logging_mixin.py:190} INFO - [2024-11-18T21:17:13.526+0500] {dag.py:3239} INFO - Sync 1 DAGs
[2024-11-18T21:17:13.565+0500] {logging_mixin.py:190} INFO - [2024-11-18T21:17:13.565+0500] {dag.py:4180} INFO - Setting next_dagrun for tutorial_taskflow_templates to 2024-11-17 00:00:00+00:00, run_after=2024-11-18 00:00:00+00:00
[2024-11-18T21:17:13.601+0500] {processor.py:208} INFO - Processing /home/AtlasRise/airflow/airflow_env/lib/python3.12/site-packages/airflow/example_dags/tutorial_taskflow_templates.py took 0.137 seconds
[2024-11-18T21:17:58.083+0500] {processor.py:186} INFO - Started process (PID=21962) to work on /home/AtlasRise/airflow/airflow_env/lib/python3.12/site-packages/airflow/example_dags/tutorial_taskflow_templates.py
[2024-11-18T21:17:58.088+0500] {processor.py:914} INFO - Processing file /home/AtlasRise/airflow/airflow_env/lib/python3.12/site-packages/airflow/example_dags/tutorial_taskflow_templates.py for tasks to queue
[2024-11-18T21:17:58.092+0500] {logging_mixin.py:190} INFO - [2024-11-18T21:17:58.091+0500] {dagbag.py:588} INFO - Filling up the DagBag from /home/AtlasRise/airflow/airflow_env/lib/python3.12/site-packages/airflow/example_dags/tutorial_taskflow_templates.py
[2024-11-18T21:17:58.125+0500] {processor.py:925} INFO - DAG(s) 'tutorial_taskflow_templates' retrieved from /home/AtlasRise/airflow/airflow_env/lib/python3.12/site-packages/airflow/example_dags/tutorial_taskflow_templates.py
[2024-11-18T21:17:58.151+0500] {logging_mixin.py:190} INFO - [2024-11-18T21:17:58.150+0500] {dag.py:3239} INFO - Sync 1 DAGs
[2024-11-18T21:17:58.185+0500] {logging_mixin.py:190} INFO - [2024-11-18T21:17:58.185+0500] {dag.py:4180} INFO - Setting next_dagrun for tutorial_taskflow_templates to 2024-11-17 00:00:00+00:00, run_after=2024-11-18 00:00:00+00:00
[2024-11-18T21:17:58.218+0500] {processor.py:208} INFO - Processing /home/AtlasRise/airflow/airflow_env/lib/python3.12/site-packages/airflow/example_dags/tutorial_taskflow_templates.py took 0.144 seconds
[2024-11-18T21:18:51.196+0500] {processor.py:186} INFO - Started process (PID=22038) to work on /home/AtlasRise/airflow/airflow_env/lib/python3.12/site-packages/airflow/example_dags/tutorial_taskflow_templates.py
[2024-11-18T21:18:51.199+0500] {processor.py:914} INFO - Processing file /home/AtlasRise/airflow/airflow_env/lib/python3.12/site-packages/airflow/example_dags/tutorial_taskflow_templates.py for tasks to queue
[2024-11-18T21:18:51.202+0500] {logging_mixin.py:190} INFO - [2024-11-18T21:18:51.201+0500] {dagbag.py:588} INFO - Filling up the DagBag from /home/AtlasRise/airflow/airflow_env/lib/python3.12/site-packages/airflow/example_dags/tutorial_taskflow_templates.py
[2024-11-18T21:18:51.223+0500] {processor.py:925} INFO - DAG(s) 'tutorial_taskflow_templates' retrieved from /home/AtlasRise/airflow/airflow_env/lib/python3.12/site-packages/airflow/example_dags/tutorial_taskflow_templates.py
[2024-11-18T21:18:51.248+0500] {logging_mixin.py:190} INFO - [2024-11-18T21:18:51.248+0500] {dag.py:3239} INFO - Sync 1 DAGs
[2024-11-18T21:18:51.285+0500] {logging_mixin.py:190} INFO - [2024-11-18T21:18:51.285+0500] {dag.py:4180} INFO - Setting next_dagrun for tutorial_taskflow_templates to 2024-11-17 00:00:00+00:00, run_after=2024-11-18 00:00:00+00:00
[2024-11-18T21:18:51.317+0500] {processor.py:208} INFO - Processing /home/AtlasRise/airflow/airflow_env/lib/python3.12/site-packages/airflow/example_dags/tutorial_taskflow_templates.py took 0.129 seconds
[2024-11-18T21:19:49.174+0500] {processor.py:186} INFO - Started process (PID=22120) to work on /home/AtlasRise/airflow/airflow_env/lib/python3.12/site-packages/airflow/example_dags/tutorial_taskflow_templates.py
[2024-11-18T21:19:49.175+0500] {processor.py:914} INFO - Processing file /home/AtlasRise/airflow/airflow_env/lib/python3.12/site-packages/airflow/example_dags/tutorial_taskflow_templates.py for tasks to queue
[2024-11-18T21:19:49.178+0500] {logging_mixin.py:190} INFO - [2024-11-18T21:19:49.177+0500] {dagbag.py:588} INFO - Filling up the DagBag from /home/AtlasRise/airflow/airflow_env/lib/python3.12/site-packages/airflow/example_dags/tutorial_taskflow_templates.py
[2024-11-18T21:19:49.199+0500] {processor.py:925} INFO - DAG(s) 'tutorial_taskflow_templates' retrieved from /home/AtlasRise/airflow/airflow_env/lib/python3.12/site-packages/airflow/example_dags/tutorial_taskflow_templates.py
[2024-11-18T21:19:49.224+0500] {logging_mixin.py:190} INFO - [2024-11-18T21:19:49.224+0500] {dag.py:3239} INFO - Sync 1 DAGs
[2024-11-18T21:19:49.259+0500] {logging_mixin.py:190} INFO - [2024-11-18T21:19:49.258+0500] {dag.py:4180} INFO - Setting next_dagrun for tutorial_taskflow_templates to 2024-11-17 00:00:00+00:00, run_after=2024-11-18 00:00:00+00:00
[2024-11-18T21:19:49.292+0500] {processor.py:208} INFO - Processing /home/AtlasRise/airflow/airflow_env/lib/python3.12/site-packages/airflow/example_dags/tutorial_taskflow_templates.py took 0.126 seconds
[2024-11-18T21:20:31.204+0500] {processor.py:186} INFO - Started process (PID=22161) to work on /home/AtlasRise/airflow/airflow_env/lib/python3.12/site-packages/airflow/example_dags/tutorial_taskflow_templates.py
[2024-11-18T21:20:31.205+0500] {processor.py:914} INFO - Processing file /home/AtlasRise/airflow/airflow_env/lib/python3.12/site-packages/airflow/example_dags/tutorial_taskflow_templates.py for tasks to queue
[2024-11-18T21:20:31.208+0500] {logging_mixin.py:190} INFO - [2024-11-18T21:20:31.207+0500] {dagbag.py:588} INFO - Filling up the DagBag from /home/AtlasRise/airflow/airflow_env/lib/python3.12/site-packages/airflow/example_dags/tutorial_taskflow_templates.py
[2024-11-18T21:20:31.228+0500] {processor.py:925} INFO - DAG(s) 'tutorial_taskflow_templates' retrieved from /home/AtlasRise/airflow/airflow_env/lib/python3.12/site-packages/airflow/example_dags/tutorial_taskflow_templates.py
[2024-11-18T21:20:31.254+0500] {logging_mixin.py:190} INFO - [2024-11-18T21:20:31.253+0500] {dag.py:3239} INFO - Sync 1 DAGs
[2024-11-18T21:20:31.288+0500] {logging_mixin.py:190} INFO - [2024-11-18T21:20:31.288+0500] {dag.py:4180} INFO - Setting next_dagrun for tutorial_taskflow_templates to 2024-11-17 00:00:00+00:00, run_after=2024-11-18 00:00:00+00:00
[2024-11-18T21:20:31.320+0500] {processor.py:208} INFO - Processing /home/AtlasRise/airflow/airflow_env/lib/python3.12/site-packages/airflow/example_dags/tutorial_taskflow_templates.py took 0.125 seconds
[2024-11-18T21:21:42.545+0500] {processor.py:186} INFO - Started process (PID=22258) to work on /home/AtlasRise/airflow/airflow_env/lib/python3.12/site-packages/airflow/example_dags/tutorial_taskflow_templates.py
[2024-11-18T21:21:42.546+0500] {processor.py:914} INFO - Processing file /home/AtlasRise/airflow/airflow_env/lib/python3.12/site-packages/airflow/example_dags/tutorial_taskflow_templates.py for tasks to queue
[2024-11-18T21:21:42.549+0500] {logging_mixin.py:190} INFO - [2024-11-18T21:21:42.548+0500] {dagbag.py:588} INFO - Filling up the DagBag from /home/AtlasRise/airflow/airflow_env/lib/python3.12/site-packages/airflow/example_dags/tutorial_taskflow_templates.py
[2024-11-18T21:21:42.570+0500] {processor.py:925} INFO - DAG(s) 'tutorial_taskflow_templates' retrieved from /home/AtlasRise/airflow/airflow_env/lib/python3.12/site-packages/airflow/example_dags/tutorial_taskflow_templates.py
[2024-11-18T21:21:42.594+0500] {logging_mixin.py:190} INFO - [2024-11-18T21:21:42.594+0500] {dag.py:3239} INFO - Sync 1 DAGs
[2024-11-18T21:21:42.629+0500] {logging_mixin.py:190} INFO - [2024-11-18T21:21:42.629+0500] {dag.py:4180} INFO - Setting next_dagrun for tutorial_taskflow_templates to 2024-11-17 00:00:00+00:00, run_after=2024-11-18 00:00:00+00:00
[2024-11-18T21:21:42.662+0500] {processor.py:208} INFO - Processing /home/AtlasRise/airflow/airflow_env/lib/python3.12/site-packages/airflow/example_dags/tutorial_taskflow_templates.py took 0.126 seconds
[2024-11-18T21:22:50.622+0500] {processor.py:186} INFO - Started process (PID=22333) to work on /home/AtlasRise/airflow/airflow_env/lib/python3.12/site-packages/airflow/example_dags/tutorial_taskflow_templates.py
[2024-11-18T21:22:50.627+0500] {processor.py:914} INFO - Processing file /home/AtlasRise/airflow/airflow_env/lib/python3.12/site-packages/airflow/example_dags/tutorial_taskflow_templates.py for tasks to queue
[2024-11-18T21:22:50.632+0500] {logging_mixin.py:190} INFO - [2024-11-18T21:22:50.630+0500] {dagbag.py:588} INFO - Filling up the DagBag from /home/AtlasRise/airflow/airflow_env/lib/python3.12/site-packages/airflow/example_dags/tutorial_taskflow_templates.py
[2024-11-18T21:22:50.683+0500] {processor.py:925} INFO - DAG(s) 'tutorial_taskflow_templates' retrieved from /home/AtlasRise/airflow/airflow_env/lib/python3.12/site-packages/airflow/example_dags/tutorial_taskflow_templates.py
[2024-11-18T21:22:50.722+0500] {logging_mixin.py:190} INFO - [2024-11-18T21:22:50.722+0500] {dag.py:3239} INFO - Sync 1 DAGs
[2024-11-18T21:22:50.765+0500] {logging_mixin.py:190} INFO - [2024-11-18T21:22:50.764+0500] {dag.py:4180} INFO - Setting next_dagrun for tutorial_taskflow_templates to 2024-11-17 00:00:00+00:00, run_after=2024-11-18 00:00:00+00:00
[2024-11-18T21:22:50.838+0500] {processor.py:208} INFO - Processing /home/AtlasRise/airflow/airflow_env/lib/python3.12/site-packages/airflow/example_dags/tutorial_taskflow_templates.py took 0.226 seconds
