[2024-11-18T20:40:36.063+0500] {processor.py:186} INFO - Started process (PID=18928) to work on /home/AtlasRise/airflow/airflow_env/lib/python3.12/site-packages/airflow/example_dags/tutorial_taskflow_api.py
[2024-11-18T20:40:36.064+0500] {processor.py:914} INFO - Processing file /home/AtlasRise/airflow/airflow_env/lib/python3.12/site-packages/airflow/example_dags/tutorial_taskflow_api.py for tasks to queue
[2024-11-18T20:40:36.067+0500] {logging_mixin.py:190} INFO - [2024-11-18T20:40:36.066+0500] {dagbag.py:588} INFO - Filling up the DagBag from /home/AtlasRise/airflow/airflow_env/lib/python3.12/site-packages/airflow/example_dags/tutorial_taskflow_api.py
[2024-11-18T20:40:36.080+0500] {processor.py:925} INFO - DAG(s) 'tutorial_taskflow_api' retrieved from /home/AtlasRise/airflow/airflow_env/lib/python3.12/site-packages/airflow/example_dags/tutorial_taskflow_api.py
[2024-11-18T20:40:36.248+0500] {logging_mixin.py:190} INFO - [2024-11-18T20:40:36.246+0500] {override.py:1911} INFO - Created Permission View: can read on DAG:tutorial_taskflow_api
[2024-11-18T20:40:36.268+0500] {logging_mixin.py:190} INFO - [2024-11-18T20:40:36.268+0500] {override.py:1911} INFO - Created Permission View: can edit on DAG:tutorial_taskflow_api
[2024-11-18T20:40:36.282+0500] {logging_mixin.py:190} INFO - [2024-11-18T20:40:36.282+0500] {override.py:1911} INFO - Created Permission View: can delete on DAG:tutorial_taskflow_api
[2024-11-18T20:40:36.302+0500] {logging_mixin.py:190} INFO - [2024-11-18T20:40:36.301+0500] {override.py:1911} INFO - Created Permission View: can read on DAG Run:tutorial_taskflow_api
[2024-11-18T20:40:36.314+0500] {logging_mixin.py:190} INFO - [2024-11-18T20:40:36.313+0500] {override.py:1911} INFO - Created Permission View: can create on DAG Run:tutorial_taskflow_api
[2024-11-18T20:40:36.327+0500] {logging_mixin.py:190} INFO - [2024-11-18T20:40:36.326+0500] {override.py:1911} INFO - Created Permission View: can delete on DAG Run:tutorial_taskflow_api
[2024-11-18T20:40:36.346+0500] {logging_mixin.py:190} INFO - [2024-11-18T20:40:36.346+0500] {override.py:1911} INFO - Created Permission View: menu access on DAG Run:tutorial_taskflow_api
[2024-11-18T20:40:36.347+0500] {logging_mixin.py:190} INFO - [2024-11-18T20:40:36.347+0500] {dag.py:3239} INFO - Sync 1 DAGs
[2024-11-18T20:40:36.369+0500] {logging_mixin.py:190} INFO - [2024-11-18T20:40:36.369+0500] {dag.py:3262} INFO - Creating ORM DAG for tutorial_taskflow_api
[2024-11-18T20:40:36.370+0500] {logging_mixin.py:190} INFO - [2024-11-18T20:40:36.370+0500] {dag.py:4180} INFO - Setting next_dagrun for tutorial_taskflow_api to None, run_after=None
[2024-11-18T20:40:36.403+0500] {processor.py:208} INFO - Processing /home/AtlasRise/airflow/airflow_env/lib/python3.12/site-packages/airflow/example_dags/tutorial_taskflow_api.py took 0.347 seconds
[2024-11-18T20:41:48.174+0500] {processor.py:186} INFO - Started process (PID=19013) to work on /home/AtlasRise/airflow/airflow_env/lib/python3.12/site-packages/airflow/example_dags/tutorial_taskflow_api.py
[2024-11-18T20:41:48.177+0500] {processor.py:914} INFO - Processing file /home/AtlasRise/airflow/airflow_env/lib/python3.12/site-packages/airflow/example_dags/tutorial_taskflow_api.py for tasks to queue
[2024-11-18T20:41:48.180+0500] {logging_mixin.py:190} INFO - [2024-11-18T20:41:48.179+0500] {dagbag.py:588} INFO - Filling up the DagBag from /home/AtlasRise/airflow/airflow_env/lib/python3.12/site-packages/airflow/example_dags/tutorial_taskflow_api.py
[2024-11-18T20:41:48.192+0500] {processor.py:925} INFO - DAG(s) 'tutorial_taskflow_api' retrieved from /home/AtlasRise/airflow/airflow_env/lib/python3.12/site-packages/airflow/example_dags/tutorial_taskflow_api.py
[2024-11-18T20:41:48.215+0500] {logging_mixin.py:190} INFO - [2024-11-18T20:41:48.215+0500] {dag.py:3239} INFO - Sync 1 DAGs
[2024-11-18T20:41:48.238+0500] {logging_mixin.py:190} INFO - [2024-11-18T20:41:48.238+0500] {dag.py:4180} INFO - Setting next_dagrun for tutorial_taskflow_api to None, run_after=None
[2024-11-18T20:41:48.289+0500] {processor.py:208} INFO - Processing /home/AtlasRise/airflow/airflow_env/lib/python3.12/site-packages/airflow/example_dags/tutorial_taskflow_api.py took 0.122 seconds
[2024-11-18T20:42:59.173+0500] {processor.py:186} INFO - Started process (PID=19187) to work on /home/AtlasRise/airflow/airflow_env/lib/python3.12/site-packages/airflow/example_dags/tutorial_taskflow_api.py
[2024-11-18T20:42:59.176+0500] {processor.py:914} INFO - Processing file /home/AtlasRise/airflow/airflow_env/lib/python3.12/site-packages/airflow/example_dags/tutorial_taskflow_api.py for tasks to queue
[2024-11-18T20:42:59.179+0500] {logging_mixin.py:190} INFO - [2024-11-18T20:42:59.178+0500] {dagbag.py:588} INFO - Filling up the DagBag from /home/AtlasRise/airflow/airflow_env/lib/python3.12/site-packages/airflow/example_dags/tutorial_taskflow_api.py
[2024-11-18T20:42:59.191+0500] {processor.py:925} INFO - DAG(s) 'tutorial_taskflow_api' retrieved from /home/AtlasRise/airflow/airflow_env/lib/python3.12/site-packages/airflow/example_dags/tutorial_taskflow_api.py
[2024-11-18T20:42:59.214+0500] {logging_mixin.py:190} INFO - [2024-11-18T20:42:59.214+0500] {dag.py:3239} INFO - Sync 1 DAGs
[2024-11-18T20:42:59.234+0500] {logging_mixin.py:190} INFO - [2024-11-18T20:42:59.234+0500] {dag.py:4180} INFO - Setting next_dagrun for tutorial_taskflow_api to None, run_after=None
[2024-11-18T20:42:59.267+0500] {processor.py:208} INFO - Processing /home/AtlasRise/airflow/airflow_env/lib/python3.12/site-packages/airflow/example_dags/tutorial_taskflow_api.py took 0.102 seconds
[2024-11-18T20:44:06.028+0500] {processor.py:186} INFO - Started process (PID=19270) to work on /home/AtlasRise/airflow/airflow_env/lib/python3.12/site-packages/airflow/example_dags/tutorial_taskflow_api.py
[2024-11-18T20:44:06.030+0500] {processor.py:914} INFO - Processing file /home/AtlasRise/airflow/airflow_env/lib/python3.12/site-packages/airflow/example_dags/tutorial_taskflow_api.py for tasks to queue
[2024-11-18T20:44:06.033+0500] {logging_mixin.py:190} INFO - [2024-11-18T20:44:06.033+0500] {dagbag.py:588} INFO - Filling up the DagBag from /home/AtlasRise/airflow/airflow_env/lib/python3.12/site-packages/airflow/example_dags/tutorial_taskflow_api.py
[2024-11-18T20:44:06.046+0500] {processor.py:925} INFO - DAG(s) 'tutorial_taskflow_api' retrieved from /home/AtlasRise/airflow/airflow_env/lib/python3.12/site-packages/airflow/example_dags/tutorial_taskflow_api.py
[2024-11-18T20:44:06.069+0500] {logging_mixin.py:190} INFO - [2024-11-18T20:44:06.068+0500] {dag.py:3239} INFO - Sync 1 DAGs
[2024-11-18T20:44:06.088+0500] {logging_mixin.py:190} INFO - [2024-11-18T20:44:06.088+0500] {dag.py:4180} INFO - Setting next_dagrun for tutorial_taskflow_api to None, run_after=None
[2024-11-18T20:44:06.123+0500] {processor.py:208} INFO - Processing /home/AtlasRise/airflow/airflow_env/lib/python3.12/site-packages/airflow/example_dags/tutorial_taskflow_api.py took 0.103 seconds
[2024-11-18T20:45:10.806+0500] {processor.py:186} INFO - Started process (PID=19338) to work on /home/AtlasRise/airflow/airflow_env/lib/python3.12/site-packages/airflow/example_dags/tutorial_taskflow_api.py
[2024-11-18T20:45:10.807+0500] {processor.py:914} INFO - Processing file /home/AtlasRise/airflow/airflow_env/lib/python3.12/site-packages/airflow/example_dags/tutorial_taskflow_api.py for tasks to queue
[2024-11-18T20:45:10.810+0500] {logging_mixin.py:190} INFO - [2024-11-18T20:45:10.809+0500] {dagbag.py:588} INFO - Filling up the DagBag from /home/AtlasRise/airflow/airflow_env/lib/python3.12/site-packages/airflow/example_dags/tutorial_taskflow_api.py
[2024-11-18T20:45:10.822+0500] {processor.py:925} INFO - DAG(s) 'tutorial_taskflow_api' retrieved from /home/AtlasRise/airflow/airflow_env/lib/python3.12/site-packages/airflow/example_dags/tutorial_taskflow_api.py
[2024-11-18T20:45:10.844+0500] {logging_mixin.py:190} INFO - [2024-11-18T20:45:10.844+0500] {dag.py:3239} INFO - Sync 1 DAGs
[2024-11-18T20:45:10.865+0500] {logging_mixin.py:190} INFO - [2024-11-18T20:45:10.864+0500] {dag.py:4180} INFO - Setting next_dagrun for tutorial_taskflow_api to None, run_after=None
[2024-11-18T20:45:10.906+0500] {processor.py:208} INFO - Processing /home/AtlasRise/airflow/airflow_env/lib/python3.12/site-packages/airflow/example_dags/tutorial_taskflow_api.py took 0.109 seconds
[2024-11-18T20:46:30.072+0500] {processor.py:186} INFO - Started process (PID=19555) to work on /home/AtlasRise/airflow/airflow_env/lib/python3.12/site-packages/airflow/example_dags/tutorial_taskflow_api.py
[2024-11-18T20:46:30.075+0500] {processor.py:914} INFO - Processing file /home/AtlasRise/airflow/airflow_env/lib/python3.12/site-packages/airflow/example_dags/tutorial_taskflow_api.py for tasks to queue
[2024-11-18T20:46:30.079+0500] {logging_mixin.py:190} INFO - [2024-11-18T20:46:30.078+0500] {dagbag.py:588} INFO - Filling up the DagBag from /home/AtlasRise/airflow/airflow_env/lib/python3.12/site-packages/airflow/example_dags/tutorial_taskflow_api.py
[2024-11-18T20:46:30.094+0500] {processor.py:925} INFO - DAG(s) 'tutorial_taskflow_api' retrieved from /home/AtlasRise/airflow/airflow_env/lib/python3.12/site-packages/airflow/example_dags/tutorial_taskflow_api.py
[2024-11-18T20:46:30.117+0500] {logging_mixin.py:190} INFO - [2024-11-18T20:46:30.116+0500] {dag.py:3239} INFO - Sync 1 DAGs
[2024-11-18T20:46:30.137+0500] {logging_mixin.py:190} INFO - [2024-11-18T20:46:30.137+0500] {dag.py:4180} INFO - Setting next_dagrun for tutorial_taskflow_api to None, run_after=None
[2024-11-18T20:46:30.170+0500] {processor.py:208} INFO - Processing /home/AtlasRise/airflow/airflow_env/lib/python3.12/site-packages/airflow/example_dags/tutorial_taskflow_api.py took 0.108 seconds
[2024-11-18T20:47:41.103+0500] {processor.py:186} INFO - Started process (PID=19661) to work on /home/AtlasRise/airflow/airflow_env/lib/python3.12/site-packages/airflow/example_dags/tutorial_taskflow_api.py
[2024-11-18T20:47:41.106+0500] {processor.py:914} INFO - Processing file /home/AtlasRise/airflow/airflow_env/lib/python3.12/site-packages/airflow/example_dags/tutorial_taskflow_api.py for tasks to queue
[2024-11-18T20:47:41.110+0500] {logging_mixin.py:190} INFO - [2024-11-18T20:47:41.109+0500] {dagbag.py:588} INFO - Filling up the DagBag from /home/AtlasRise/airflow/airflow_env/lib/python3.12/site-packages/airflow/example_dags/tutorial_taskflow_api.py
[2024-11-18T20:47:41.121+0500] {processor.py:925} INFO - DAG(s) 'tutorial_taskflow_api' retrieved from /home/AtlasRise/airflow/airflow_env/lib/python3.12/site-packages/airflow/example_dags/tutorial_taskflow_api.py
[2024-11-18T20:47:41.144+0500] {logging_mixin.py:190} INFO - [2024-11-18T20:47:41.143+0500] {dag.py:3239} INFO - Sync 1 DAGs
[2024-11-18T20:47:41.164+0500] {logging_mixin.py:190} INFO - [2024-11-18T20:47:41.164+0500] {dag.py:4180} INFO - Setting next_dagrun for tutorial_taskflow_api to None, run_after=None
[2024-11-18T20:47:41.198+0500] {processor.py:208} INFO - Processing /home/AtlasRise/airflow/airflow_env/lib/python3.12/site-packages/airflow/example_dags/tutorial_taskflow_api.py took 0.103 seconds
[2024-11-18T20:48:44.536+0500] {processor.py:186} INFO - Started process (PID=19798) to work on /home/AtlasRise/airflow/airflow_env/lib/python3.12/site-packages/airflow/example_dags/tutorial_taskflow_api.py
[2024-11-18T20:48:44.538+0500] {processor.py:914} INFO - Processing file /home/AtlasRise/airflow/airflow_env/lib/python3.12/site-packages/airflow/example_dags/tutorial_taskflow_api.py for tasks to queue
[2024-11-18T20:48:44.543+0500] {logging_mixin.py:190} INFO - [2024-11-18T20:48:44.542+0500] {dagbag.py:588} INFO - Filling up the DagBag from /home/AtlasRise/airflow/airflow_env/lib/python3.12/site-packages/airflow/example_dags/tutorial_taskflow_api.py
[2024-11-18T20:48:44.555+0500] {processor.py:925} INFO - DAG(s) 'tutorial_taskflow_api' retrieved from /home/AtlasRise/airflow/airflow_env/lib/python3.12/site-packages/airflow/example_dags/tutorial_taskflow_api.py
[2024-11-18T20:48:44.579+0500] {logging_mixin.py:190} INFO - [2024-11-18T20:48:44.579+0500] {dag.py:3239} INFO - Sync 1 DAGs
[2024-11-18T20:48:44.601+0500] {logging_mixin.py:190} INFO - [2024-11-18T20:48:44.601+0500] {dag.py:4180} INFO - Setting next_dagrun for tutorial_taskflow_api to None, run_after=None
[2024-11-18T20:48:44.637+0500] {processor.py:208} INFO - Processing /home/AtlasRise/airflow/airflow_env/lib/python3.12/site-packages/airflow/example_dags/tutorial_taskflow_api.py took 0.110 seconds
[2024-11-18T20:49:53.964+0500] {processor.py:186} INFO - Started process (PID=19872) to work on /home/AtlasRise/airflow/airflow_env/lib/python3.12/site-packages/airflow/example_dags/tutorial_taskflow_api.py
[2024-11-18T20:49:53.968+0500] {processor.py:914} INFO - Processing file /home/AtlasRise/airflow/airflow_env/lib/python3.12/site-packages/airflow/example_dags/tutorial_taskflow_api.py for tasks to queue
[2024-11-18T20:49:53.973+0500] {logging_mixin.py:190} INFO - [2024-11-18T20:49:53.972+0500] {dagbag.py:588} INFO - Filling up the DagBag from /home/AtlasRise/airflow/airflow_env/lib/python3.12/site-packages/airflow/example_dags/tutorial_taskflow_api.py
[2024-11-18T20:49:53.989+0500] {processor.py:925} INFO - DAG(s) 'tutorial_taskflow_api' retrieved from /home/AtlasRise/airflow/airflow_env/lib/python3.12/site-packages/airflow/example_dags/tutorial_taskflow_api.py
[2024-11-18T20:49:54.024+0500] {logging_mixin.py:190} INFO - [2024-11-18T20:49:54.023+0500] {dag.py:3239} INFO - Sync 1 DAGs
[2024-11-18T20:49:54.051+0500] {logging_mixin.py:190} INFO - [2024-11-18T20:49:54.051+0500] {dag.py:4180} INFO - Setting next_dagrun for tutorial_taskflow_api to None, run_after=None
[2024-11-18T20:49:54.095+0500] {processor.py:208} INFO - Processing /home/AtlasRise/airflow/airflow_env/lib/python3.12/site-packages/airflow/example_dags/tutorial_taskflow_api.py took 0.141 seconds
[2024-11-18T20:51:05.078+0500] {processor.py:186} INFO - Started process (PID=19946) to work on /home/AtlasRise/airflow/airflow_env/lib/python3.12/site-packages/airflow/example_dags/tutorial_taskflow_api.py
[2024-11-18T20:51:05.080+0500] {processor.py:914} INFO - Processing file /home/AtlasRise/airflow/airflow_env/lib/python3.12/site-packages/airflow/example_dags/tutorial_taskflow_api.py for tasks to queue
[2024-11-18T20:51:05.083+0500] {logging_mixin.py:190} INFO - [2024-11-18T20:51:05.083+0500] {dagbag.py:588} INFO - Filling up the DagBag from /home/AtlasRise/airflow/airflow_env/lib/python3.12/site-packages/airflow/example_dags/tutorial_taskflow_api.py
[2024-11-18T20:51:05.096+0500] {processor.py:925} INFO - DAG(s) 'tutorial_taskflow_api' retrieved from /home/AtlasRise/airflow/airflow_env/lib/python3.12/site-packages/airflow/example_dags/tutorial_taskflow_api.py
[2024-11-18T20:51:05.119+0500] {logging_mixin.py:190} INFO - [2024-11-18T20:51:05.119+0500] {dag.py:3239} INFO - Sync 1 DAGs
[2024-11-18T20:51:05.141+0500] {logging_mixin.py:190} INFO - [2024-11-18T20:51:05.140+0500] {dag.py:4180} INFO - Setting next_dagrun for tutorial_taskflow_api to None, run_after=None
[2024-11-18T20:51:05.175+0500] {processor.py:208} INFO - Processing /home/AtlasRise/airflow/airflow_env/lib/python3.12/site-packages/airflow/example_dags/tutorial_taskflow_api.py took 0.106 seconds
[2024-11-18T20:52:17.811+0500] {processor.py:186} INFO - Started process (PID=20032) to work on /home/AtlasRise/airflow/airflow_env/lib/python3.12/site-packages/airflow/example_dags/tutorial_taskflow_api.py
[2024-11-18T20:52:17.812+0500] {processor.py:914} INFO - Processing file /home/AtlasRise/airflow/airflow_env/lib/python3.12/site-packages/airflow/example_dags/tutorial_taskflow_api.py for tasks to queue
[2024-11-18T20:52:17.815+0500] {logging_mixin.py:190} INFO - [2024-11-18T20:52:17.815+0500] {dagbag.py:588} INFO - Filling up the DagBag from /home/AtlasRise/airflow/airflow_env/lib/python3.12/site-packages/airflow/example_dags/tutorial_taskflow_api.py
[2024-11-18T20:52:17.827+0500] {processor.py:925} INFO - DAG(s) 'tutorial_taskflow_api' retrieved from /home/AtlasRise/airflow/airflow_env/lib/python3.12/site-packages/airflow/example_dags/tutorial_taskflow_api.py
[2024-11-18T20:52:17.850+0500] {logging_mixin.py:190} INFO - [2024-11-18T20:52:17.850+0500] {dag.py:3239} INFO - Sync 1 DAGs
[2024-11-18T20:52:17.871+0500] {logging_mixin.py:190} INFO - [2024-11-18T20:52:17.870+0500] {dag.py:4180} INFO - Setting next_dagrun for tutorial_taskflow_api to None, run_after=None
[2024-11-18T20:52:17.905+0500] {processor.py:208} INFO - Processing /home/AtlasRise/airflow/airflow_env/lib/python3.12/site-packages/airflow/example_dags/tutorial_taskflow_api.py took 0.103 seconds
[2024-11-18T20:53:22.787+0500] {processor.py:186} INFO - Started process (PID=20103) to work on /home/AtlasRise/airflow/airflow_env/lib/python3.12/site-packages/airflow/example_dags/tutorial_taskflow_api.py
[2024-11-18T20:53:22.789+0500] {processor.py:914} INFO - Processing file /home/AtlasRise/airflow/airflow_env/lib/python3.12/site-packages/airflow/example_dags/tutorial_taskflow_api.py for tasks to queue
[2024-11-18T20:53:22.793+0500] {logging_mixin.py:190} INFO - [2024-11-18T20:53:22.793+0500] {dagbag.py:588} INFO - Filling up the DagBag from /home/AtlasRise/airflow/airflow_env/lib/python3.12/site-packages/airflow/example_dags/tutorial_taskflow_api.py
[2024-11-18T20:53:22.807+0500] {processor.py:925} INFO - DAG(s) 'tutorial_taskflow_api' retrieved from /home/AtlasRise/airflow/airflow_env/lib/python3.12/site-packages/airflow/example_dags/tutorial_taskflow_api.py
[2024-11-18T20:53:22.830+0500] {logging_mixin.py:190} INFO - [2024-11-18T20:53:22.829+0500] {dag.py:3239} INFO - Sync 1 DAGs
[2024-11-18T20:53:22.851+0500] {logging_mixin.py:190} INFO - [2024-11-18T20:53:22.850+0500] {dag.py:4180} INFO - Setting next_dagrun for tutorial_taskflow_api to None, run_after=None
[2024-11-18T20:53:22.885+0500] {processor.py:208} INFO - Processing /home/AtlasRise/airflow/airflow_env/lib/python3.12/site-packages/airflow/example_dags/tutorial_taskflow_api.py took 0.106 seconds
[2024-11-18T20:54:34.760+0500] {processor.py:186} INFO - Started process (PID=20196) to work on /home/AtlasRise/airflow/airflow_env/lib/python3.12/site-packages/airflow/example_dags/tutorial_taskflow_api.py
[2024-11-18T20:54:34.762+0500] {processor.py:914} INFO - Processing file /home/AtlasRise/airflow/airflow_env/lib/python3.12/site-packages/airflow/example_dags/tutorial_taskflow_api.py for tasks to queue
[2024-11-18T20:54:34.765+0500] {logging_mixin.py:190} INFO - [2024-11-18T20:54:34.764+0500] {dagbag.py:588} INFO - Filling up the DagBag from /home/AtlasRise/airflow/airflow_env/lib/python3.12/site-packages/airflow/example_dags/tutorial_taskflow_api.py
[2024-11-18T20:54:34.784+0500] {processor.py:925} INFO - DAG(s) 'tutorial_taskflow_api' retrieved from /home/AtlasRise/airflow/airflow_env/lib/python3.12/site-packages/airflow/example_dags/tutorial_taskflow_api.py
[2024-11-18T20:54:34.811+0500] {logging_mixin.py:190} INFO - [2024-11-18T20:54:34.810+0500] {dag.py:3239} INFO - Sync 1 DAGs
[2024-11-18T20:54:34.832+0500] {logging_mixin.py:190} INFO - [2024-11-18T20:54:34.832+0500] {dag.py:4180} INFO - Setting next_dagrun for tutorial_taskflow_api to None, run_after=None
[2024-11-18T20:54:34.867+0500] {processor.py:208} INFO - Processing /home/AtlasRise/airflow/airflow_env/lib/python3.12/site-packages/airflow/example_dags/tutorial_taskflow_api.py took 0.115 seconds
[2024-11-18T20:56:04.304+0500] {processor.py:186} INFO - Started process (PID=20288) to work on /home/AtlasRise/airflow/airflow_env/lib/python3.12/site-packages/airflow/example_dags/tutorial_taskflow_api.py
[2024-11-18T20:56:04.305+0500] {processor.py:914} INFO - Processing file /home/AtlasRise/airflow/airflow_env/lib/python3.12/site-packages/airflow/example_dags/tutorial_taskflow_api.py for tasks to queue
[2024-11-18T20:56:04.308+0500] {logging_mixin.py:190} INFO - [2024-11-18T20:56:04.308+0500] {dagbag.py:588} INFO - Filling up the DagBag from /home/AtlasRise/airflow/airflow_env/lib/python3.12/site-packages/airflow/example_dags/tutorial_taskflow_api.py
[2024-11-18T20:56:04.321+0500] {processor.py:925} INFO - DAG(s) 'tutorial_taskflow_api' retrieved from /home/AtlasRise/airflow/airflow_env/lib/python3.12/site-packages/airflow/example_dags/tutorial_taskflow_api.py
[2024-11-18T20:56:04.345+0500] {logging_mixin.py:190} INFO - [2024-11-18T20:56:04.344+0500] {dag.py:3239} INFO - Sync 1 DAGs
[2024-11-18T20:56:04.365+0500] {logging_mixin.py:190} INFO - [2024-11-18T20:56:04.365+0500] {dag.py:4180} INFO - Setting next_dagrun for tutorial_taskflow_api to None, run_after=None
[2024-11-18T20:56:04.415+0500] {processor.py:208} INFO - Processing /home/AtlasRise/airflow/airflow_env/lib/python3.12/site-packages/airflow/example_dags/tutorial_taskflow_api.py took 0.120 seconds
[2024-11-18T20:57:18.779+0500] {processor.py:186} INFO - Started process (PID=20372) to work on /home/AtlasRise/airflow/airflow_env/lib/python3.12/site-packages/airflow/example_dags/tutorial_taskflow_api.py
[2024-11-18T20:57:18.783+0500] {processor.py:914} INFO - Processing file /home/AtlasRise/airflow/airflow_env/lib/python3.12/site-packages/airflow/example_dags/tutorial_taskflow_api.py for tasks to queue
[2024-11-18T20:57:18.787+0500] {logging_mixin.py:190} INFO - [2024-11-18T20:57:18.786+0500] {dagbag.py:588} INFO - Filling up the DagBag from /home/AtlasRise/airflow/airflow_env/lib/python3.12/site-packages/airflow/example_dags/tutorial_taskflow_api.py
[2024-11-18T20:57:18.800+0500] {processor.py:925} INFO - DAG(s) 'tutorial_taskflow_api' retrieved from /home/AtlasRise/airflow/airflow_env/lib/python3.12/site-packages/airflow/example_dags/tutorial_taskflow_api.py
[2024-11-18T20:57:18.824+0500] {logging_mixin.py:190} INFO - [2024-11-18T20:57:18.823+0500] {dag.py:3239} INFO - Sync 1 DAGs
[2024-11-18T20:57:18.845+0500] {logging_mixin.py:190} INFO - [2024-11-18T20:57:18.844+0500] {dag.py:4180} INFO - Setting next_dagrun for tutorial_taskflow_api to None, run_after=None
[2024-11-18T20:57:18.879+0500] {processor.py:208} INFO - Processing /home/AtlasRise/airflow/airflow_env/lib/python3.12/site-packages/airflow/example_dags/tutorial_taskflow_api.py took 0.109 seconds
[2024-11-18T20:58:29.001+0500] {processor.py:186} INFO - Started process (PID=20465) to work on /home/AtlasRise/airflow/airflow_env/lib/python3.12/site-packages/airflow/example_dags/tutorial_taskflow_api.py
[2024-11-18T20:58:29.004+0500] {processor.py:914} INFO - Processing file /home/AtlasRise/airflow/airflow_env/lib/python3.12/site-packages/airflow/example_dags/tutorial_taskflow_api.py for tasks to queue
[2024-11-18T20:58:29.007+0500] {logging_mixin.py:190} INFO - [2024-11-18T20:58:29.006+0500] {dagbag.py:588} INFO - Filling up the DagBag from /home/AtlasRise/airflow/airflow_env/lib/python3.12/site-packages/airflow/example_dags/tutorial_taskflow_api.py
[2024-11-18T20:58:29.020+0500] {processor.py:925} INFO - DAG(s) 'tutorial_taskflow_api' retrieved from /home/AtlasRise/airflow/airflow_env/lib/python3.12/site-packages/airflow/example_dags/tutorial_taskflow_api.py
[2024-11-18T20:58:29.043+0500] {logging_mixin.py:190} INFO - [2024-11-18T20:58:29.043+0500] {dag.py:3239} INFO - Sync 1 DAGs
[2024-11-18T20:58:29.063+0500] {logging_mixin.py:190} INFO - [2024-11-18T20:58:29.063+0500] {dag.py:4180} INFO - Setting next_dagrun for tutorial_taskflow_api to None, run_after=None
[2024-11-18T20:58:29.096+0500] {processor.py:208} INFO - Processing /home/AtlasRise/airflow/airflow_env/lib/python3.12/site-packages/airflow/example_dags/tutorial_taskflow_api.py took 0.103 seconds
[2024-11-18T20:59:38.388+0500] {processor.py:186} INFO - Started process (PID=20539) to work on /home/AtlasRise/airflow/airflow_env/lib/python3.12/site-packages/airflow/example_dags/tutorial_taskflow_api.py
[2024-11-18T20:59:38.390+0500] {processor.py:914} INFO - Processing file /home/AtlasRise/airflow/airflow_env/lib/python3.12/site-packages/airflow/example_dags/tutorial_taskflow_api.py for tasks to queue
[2024-11-18T20:59:38.393+0500] {logging_mixin.py:190} INFO - [2024-11-18T20:59:38.393+0500] {dagbag.py:588} INFO - Filling up the DagBag from /home/AtlasRise/airflow/airflow_env/lib/python3.12/site-packages/airflow/example_dags/tutorial_taskflow_api.py
[2024-11-18T20:59:38.406+0500] {processor.py:925} INFO - DAG(s) 'tutorial_taskflow_api' retrieved from /home/AtlasRise/airflow/airflow_env/lib/python3.12/site-packages/airflow/example_dags/tutorial_taskflow_api.py
[2024-11-18T20:59:38.430+0500] {logging_mixin.py:190} INFO - [2024-11-18T20:59:38.429+0500] {dag.py:3239} INFO - Sync 1 DAGs
[2024-11-18T20:59:38.451+0500] {logging_mixin.py:190} INFO - [2024-11-18T20:59:38.450+0500] {dag.py:4180} INFO - Setting next_dagrun for tutorial_taskflow_api to None, run_after=None
[2024-11-18T20:59:38.483+0500] {processor.py:208} INFO - Processing /home/AtlasRise/airflow/airflow_env/lib/python3.12/site-packages/airflow/example_dags/tutorial_taskflow_api.py took 0.103 seconds
[2024-11-18T21:00:50.858+0500] {processor.py:186} INFO - Started process (PID=20612) to work on /home/AtlasRise/airflow/airflow_env/lib/python3.12/site-packages/airflow/example_dags/tutorial_taskflow_api.py
[2024-11-18T21:00:50.861+0500] {processor.py:914} INFO - Processing file /home/AtlasRise/airflow/airflow_env/lib/python3.12/site-packages/airflow/example_dags/tutorial_taskflow_api.py for tasks to queue
[2024-11-18T21:00:50.864+0500] {logging_mixin.py:190} INFO - [2024-11-18T21:00:50.863+0500] {dagbag.py:588} INFO - Filling up the DagBag from /home/AtlasRise/airflow/airflow_env/lib/python3.12/site-packages/airflow/example_dags/tutorial_taskflow_api.py
[2024-11-18T21:00:50.876+0500] {processor.py:925} INFO - DAG(s) 'tutorial_taskflow_api' retrieved from /home/AtlasRise/airflow/airflow_env/lib/python3.12/site-packages/airflow/example_dags/tutorial_taskflow_api.py
[2024-11-18T21:00:50.900+0500] {logging_mixin.py:190} INFO - [2024-11-18T21:00:50.899+0500] {dag.py:3239} INFO - Sync 1 DAGs
[2024-11-18T21:00:50.920+0500] {logging_mixin.py:190} INFO - [2024-11-18T21:00:50.920+0500] {dag.py:4180} INFO - Setting next_dagrun for tutorial_taskflow_api to None, run_after=None
[2024-11-18T21:00:50.955+0500] {processor.py:208} INFO - Processing /home/AtlasRise/airflow/airflow_env/lib/python3.12/site-packages/airflow/example_dags/tutorial_taskflow_api.py took 0.104 seconds
[2024-11-18T21:01:55.415+0500] {processor.py:186} INFO - Started process (PID=20696) to work on /home/AtlasRise/airflow/airflow_env/lib/python3.12/site-packages/airflow/example_dags/tutorial_taskflow_api.py
[2024-11-18T21:01:55.417+0500] {processor.py:914} INFO - Processing file /home/AtlasRise/airflow/airflow_env/lib/python3.12/site-packages/airflow/example_dags/tutorial_taskflow_api.py for tasks to queue
[2024-11-18T21:01:55.421+0500] {logging_mixin.py:190} INFO - [2024-11-18T21:01:55.420+0500] {dagbag.py:588} INFO - Filling up the DagBag from /home/AtlasRise/airflow/airflow_env/lib/python3.12/site-packages/airflow/example_dags/tutorial_taskflow_api.py
[2024-11-18T21:01:55.433+0500] {processor.py:925} INFO - DAG(s) 'tutorial_taskflow_api' retrieved from /home/AtlasRise/airflow/airflow_env/lib/python3.12/site-packages/airflow/example_dags/tutorial_taskflow_api.py
[2024-11-18T21:01:55.457+0500] {logging_mixin.py:190} INFO - [2024-11-18T21:01:55.456+0500] {dag.py:3239} INFO - Sync 1 DAGs
[2024-11-18T21:01:55.478+0500] {logging_mixin.py:190} INFO - [2024-11-18T21:01:55.478+0500] {dag.py:4180} INFO - Setting next_dagrun for tutorial_taskflow_api to None, run_after=None
[2024-11-18T21:01:55.511+0500] {processor.py:208} INFO - Processing /home/AtlasRise/airflow/airflow_env/lib/python3.12/site-packages/airflow/example_dags/tutorial_taskflow_api.py took 0.105 seconds
[2024-11-18T21:03:10.119+0500] {processor.py:186} INFO - Started process (PID=20768) to work on /home/AtlasRise/airflow/airflow_env/lib/python3.12/site-packages/airflow/example_dags/tutorial_taskflow_api.py
[2024-11-18T21:03:10.121+0500] {processor.py:914} INFO - Processing file /home/AtlasRise/airflow/airflow_env/lib/python3.12/site-packages/airflow/example_dags/tutorial_taskflow_api.py for tasks to queue
[2024-11-18T21:03:10.124+0500] {logging_mixin.py:190} INFO - [2024-11-18T21:03:10.124+0500] {dagbag.py:588} INFO - Filling up the DagBag from /home/AtlasRise/airflow/airflow_env/lib/python3.12/site-packages/airflow/example_dags/tutorial_taskflow_api.py
[2024-11-18T21:03:10.137+0500] {processor.py:925} INFO - DAG(s) 'tutorial_taskflow_api' retrieved from /home/AtlasRise/airflow/airflow_env/lib/python3.12/site-packages/airflow/example_dags/tutorial_taskflow_api.py
[2024-11-18T21:03:10.161+0500] {logging_mixin.py:190} INFO - [2024-11-18T21:03:10.160+0500] {dag.py:3239} INFO - Sync 1 DAGs
[2024-11-18T21:03:10.182+0500] {logging_mixin.py:190} INFO - [2024-11-18T21:03:10.181+0500] {dag.py:4180} INFO - Setting next_dagrun for tutorial_taskflow_api to None, run_after=None
[2024-11-18T21:03:10.215+0500] {processor.py:208} INFO - Processing /home/AtlasRise/airflow/airflow_env/lib/python3.12/site-packages/airflow/example_dags/tutorial_taskflow_api.py took 0.104 seconds
[2024-11-18T21:04:16.344+0500] {processor.py:186} INFO - Started process (PID=20851) to work on /home/AtlasRise/airflow/airflow_env/lib/python3.12/site-packages/airflow/example_dags/tutorial_taskflow_api.py
[2024-11-18T21:04:16.352+0500] {processor.py:914} INFO - Processing file /home/AtlasRise/airflow/airflow_env/lib/python3.12/site-packages/airflow/example_dags/tutorial_taskflow_api.py for tasks to queue
[2024-11-18T21:04:16.355+0500] {logging_mixin.py:190} INFO - [2024-11-18T21:04:16.355+0500] {dagbag.py:588} INFO - Filling up the DagBag from /home/AtlasRise/airflow/airflow_env/lib/python3.12/site-packages/airflow/example_dags/tutorial_taskflow_api.py
[2024-11-18T21:04:16.368+0500] {processor.py:925} INFO - DAG(s) 'tutorial_taskflow_api' retrieved from /home/AtlasRise/airflow/airflow_env/lib/python3.12/site-packages/airflow/example_dags/tutorial_taskflow_api.py
[2024-11-18T21:04:16.391+0500] {logging_mixin.py:190} INFO - [2024-11-18T21:04:16.391+0500] {dag.py:3239} INFO - Sync 1 DAGs
[2024-11-18T21:04:16.412+0500] {logging_mixin.py:190} INFO - [2024-11-18T21:04:16.412+0500] {dag.py:4180} INFO - Setting next_dagrun for tutorial_taskflow_api to None, run_after=None
[2024-11-18T21:04:16.447+0500] {processor.py:208} INFO - Processing /home/AtlasRise/airflow/airflow_env/lib/python3.12/site-packages/airflow/example_dags/tutorial_taskflow_api.py took 0.111 seconds
[2024-11-18T21:05:23.521+0500] {processor.py:186} INFO - Started process (PID=20941) to work on /home/AtlasRise/airflow/airflow_env/lib/python3.12/site-packages/airflow/example_dags/tutorial_taskflow_api.py
[2024-11-18T21:05:23.523+0500] {processor.py:914} INFO - Processing file /home/AtlasRise/airflow/airflow_env/lib/python3.12/site-packages/airflow/example_dags/tutorial_taskflow_api.py for tasks to queue
[2024-11-18T21:05:23.526+0500] {logging_mixin.py:190} INFO - [2024-11-18T21:05:23.525+0500] {dagbag.py:588} INFO - Filling up the DagBag from /home/AtlasRise/airflow/airflow_env/lib/python3.12/site-packages/airflow/example_dags/tutorial_taskflow_api.py
[2024-11-18T21:05:23.539+0500] {processor.py:925} INFO - DAG(s) 'tutorial_taskflow_api' retrieved from /home/AtlasRise/airflow/airflow_env/lib/python3.12/site-packages/airflow/example_dags/tutorial_taskflow_api.py
[2024-11-18T21:05:23.562+0500] {logging_mixin.py:190} INFO - [2024-11-18T21:05:23.562+0500] {dag.py:3239} INFO - Sync 1 DAGs
[2024-11-18T21:05:23.584+0500] {logging_mixin.py:190} INFO - [2024-11-18T21:05:23.584+0500] {dag.py:4180} INFO - Setting next_dagrun for tutorial_taskflow_api to None, run_after=None
[2024-11-18T21:05:23.619+0500] {processor.py:208} INFO - Processing /home/AtlasRise/airflow/airflow_env/lib/python3.12/site-packages/airflow/example_dags/tutorial_taskflow_api.py took 0.106 seconds
[2024-11-18T21:06:31.237+0500] {processor.py:186} INFO - Started process (PID=21024) to work on /home/AtlasRise/airflow/airflow_env/lib/python3.12/site-packages/airflow/example_dags/tutorial_taskflow_api.py
[2024-11-18T21:06:31.239+0500] {processor.py:914} INFO - Processing file /home/AtlasRise/airflow/airflow_env/lib/python3.12/site-packages/airflow/example_dags/tutorial_taskflow_api.py for tasks to queue
[2024-11-18T21:06:31.242+0500] {logging_mixin.py:190} INFO - [2024-11-18T21:06:31.241+0500] {dagbag.py:588} INFO - Filling up the DagBag from /home/AtlasRise/airflow/airflow_env/lib/python3.12/site-packages/airflow/example_dags/tutorial_taskflow_api.py
[2024-11-18T21:06:31.256+0500] {processor.py:925} INFO - DAG(s) 'tutorial_taskflow_api' retrieved from /home/AtlasRise/airflow/airflow_env/lib/python3.12/site-packages/airflow/example_dags/tutorial_taskflow_api.py
[2024-11-18T21:06:31.283+0500] {logging_mixin.py:190} INFO - [2024-11-18T21:06:31.283+0500] {dag.py:3239} INFO - Sync 1 DAGs
[2024-11-18T21:06:31.306+0500] {logging_mixin.py:190} INFO - [2024-11-18T21:06:31.306+0500] {dag.py:4180} INFO - Setting next_dagrun for tutorial_taskflow_api to None, run_after=None
[2024-11-18T21:06:31.340+0500] {processor.py:208} INFO - Processing /home/AtlasRise/airflow/airflow_env/lib/python3.12/site-packages/airflow/example_dags/tutorial_taskflow_api.py took 0.113 seconds
[2024-11-18T21:07:51.938+0500] {processor.py:186} INFO - Started process (PID=21127) to work on /home/AtlasRise/airflow/airflow_env/lib/python3.12/site-packages/airflow/example_dags/tutorial_taskflow_api.py
[2024-11-18T21:07:51.940+0500] {processor.py:914} INFO - Processing file /home/AtlasRise/airflow/airflow_env/lib/python3.12/site-packages/airflow/example_dags/tutorial_taskflow_api.py for tasks to queue
[2024-11-18T21:07:51.942+0500] {logging_mixin.py:190} INFO - [2024-11-18T21:07:51.942+0500] {dagbag.py:588} INFO - Filling up the DagBag from /home/AtlasRise/airflow/airflow_env/lib/python3.12/site-packages/airflow/example_dags/tutorial_taskflow_api.py
[2024-11-18T21:07:51.955+0500] {processor.py:925} INFO - DAG(s) 'tutorial_taskflow_api' retrieved from /home/AtlasRise/airflow/airflow_env/lib/python3.12/site-packages/airflow/example_dags/tutorial_taskflow_api.py
[2024-11-18T21:07:51.977+0500] {logging_mixin.py:190} INFO - [2024-11-18T21:07:51.977+0500] {dag.py:3239} INFO - Sync 1 DAGs
[2024-11-18T21:07:51.998+0500] {logging_mixin.py:190} INFO - [2024-11-18T21:07:51.997+0500] {dag.py:4180} INFO - Setting next_dagrun for tutorial_taskflow_api to None, run_after=None
[2024-11-18T21:07:52.032+0500] {processor.py:208} INFO - Processing /home/AtlasRise/airflow/airflow_env/lib/python3.12/site-packages/airflow/example_dags/tutorial_taskflow_api.py took 0.103 seconds
[2024-11-18T21:08:57.457+0500] {processor.py:186} INFO - Started process (PID=21205) to work on /home/AtlasRise/airflow/airflow_env/lib/python3.12/site-packages/airflow/example_dags/tutorial_taskflow_api.py
[2024-11-18T21:08:57.460+0500] {processor.py:914} INFO - Processing file /home/AtlasRise/airflow/airflow_env/lib/python3.12/site-packages/airflow/example_dags/tutorial_taskflow_api.py for tasks to queue
[2024-11-18T21:08:57.463+0500] {logging_mixin.py:190} INFO - [2024-11-18T21:08:57.462+0500] {dagbag.py:588} INFO - Filling up the DagBag from /home/AtlasRise/airflow/airflow_env/lib/python3.12/site-packages/airflow/example_dags/tutorial_taskflow_api.py
[2024-11-18T21:08:57.475+0500] {processor.py:925} INFO - DAG(s) 'tutorial_taskflow_api' retrieved from /home/AtlasRise/airflow/airflow_env/lib/python3.12/site-packages/airflow/example_dags/tutorial_taskflow_api.py
[2024-11-18T21:08:57.500+0500] {logging_mixin.py:190} INFO - [2024-11-18T21:08:57.500+0500] {dag.py:3239} INFO - Sync 1 DAGs
[2024-11-18T21:08:57.523+0500] {logging_mixin.py:190} INFO - [2024-11-18T21:08:57.523+0500] {dag.py:4180} INFO - Setting next_dagrun for tutorial_taskflow_api to None, run_after=None
[2024-11-18T21:08:57.556+0500] {processor.py:208} INFO - Processing /home/AtlasRise/airflow/airflow_env/lib/python3.12/site-packages/airflow/example_dags/tutorial_taskflow_api.py took 0.107 seconds
[2024-11-18T21:10:09.373+0500] {processor.py:186} INFO - Started process (PID=21307) to work on /home/AtlasRise/airflow/airflow_env/lib/python3.12/site-packages/airflow/example_dags/tutorial_taskflow_api.py
[2024-11-18T21:10:09.376+0500] {processor.py:914} INFO - Processing file /home/AtlasRise/airflow/airflow_env/lib/python3.12/site-packages/airflow/example_dags/tutorial_taskflow_api.py for tasks to queue
[2024-11-18T21:10:09.379+0500] {logging_mixin.py:190} INFO - [2024-11-18T21:10:09.379+0500] {dagbag.py:588} INFO - Filling up the DagBag from /home/AtlasRise/airflow/airflow_env/lib/python3.12/site-packages/airflow/example_dags/tutorial_taskflow_api.py
[2024-11-18T21:10:09.393+0500] {processor.py:925} INFO - DAG(s) 'tutorial_taskflow_api' retrieved from /home/AtlasRise/airflow/airflow_env/lib/python3.12/site-packages/airflow/example_dags/tutorial_taskflow_api.py
[2024-11-18T21:10:09.419+0500] {logging_mixin.py:190} INFO - [2024-11-18T21:10:09.419+0500] {dag.py:3239} INFO - Sync 1 DAGs
[2024-11-18T21:10:09.443+0500] {logging_mixin.py:190} INFO - [2024-11-18T21:10:09.443+0500] {dag.py:4180} INFO - Setting next_dagrun for tutorial_taskflow_api to None, run_after=None
[2024-11-18T21:10:09.479+0500] {processor.py:208} INFO - Processing /home/AtlasRise/airflow/airflow_env/lib/python3.12/site-packages/airflow/example_dags/tutorial_taskflow_api.py took 0.115 seconds
[2024-11-18T21:11:23.204+0500] {processor.py:186} INFO - Started process (PID=21418) to work on /home/AtlasRise/airflow/airflow_env/lib/python3.12/site-packages/airflow/example_dags/tutorial_taskflow_api.py
[2024-11-18T21:11:23.205+0500] {processor.py:914} INFO - Processing file /home/AtlasRise/airflow/airflow_env/lib/python3.12/site-packages/airflow/example_dags/tutorial_taskflow_api.py for tasks to queue
[2024-11-18T21:11:23.208+0500] {logging_mixin.py:190} INFO - [2024-11-18T21:11:23.208+0500] {dagbag.py:588} INFO - Filling up the DagBag from /home/AtlasRise/airflow/airflow_env/lib/python3.12/site-packages/airflow/example_dags/tutorial_taskflow_api.py
[2024-11-18T21:11:23.221+0500] {processor.py:925} INFO - DAG(s) 'tutorial_taskflow_api' retrieved from /home/AtlasRise/airflow/airflow_env/lib/python3.12/site-packages/airflow/example_dags/tutorial_taskflow_api.py
[2024-11-18T21:11:23.244+0500] {logging_mixin.py:190} INFO - [2024-11-18T21:11:23.243+0500] {dag.py:3239} INFO - Sync 1 DAGs
[2024-11-18T21:11:23.265+0500] {logging_mixin.py:190} INFO - [2024-11-18T21:11:23.264+0500] {dag.py:4180} INFO - Setting next_dagrun for tutorial_taskflow_api to None, run_after=None
[2024-11-18T21:11:23.301+0500] {processor.py:208} INFO - Processing /home/AtlasRise/airflow/airflow_env/lib/python3.12/site-packages/airflow/example_dags/tutorial_taskflow_api.py took 0.106 seconds
[2024-11-18T21:13:16.747+0500] {processor.py:186} INFO - Started process (PID=21577) to work on /home/AtlasRise/airflow/airflow_env/lib/python3.12/site-packages/airflow/example_dags/tutorial_taskflow_api.py
[2024-11-18T21:13:16.749+0500] {processor.py:914} INFO - Processing file /home/AtlasRise/airflow/airflow_env/lib/python3.12/site-packages/airflow/example_dags/tutorial_taskflow_api.py for tasks to queue
[2024-11-18T21:13:16.753+0500] {logging_mixin.py:190} INFO - [2024-11-18T21:13:16.752+0500] {dagbag.py:588} INFO - Filling up the DagBag from /home/AtlasRise/airflow/airflow_env/lib/python3.12/site-packages/airflow/example_dags/tutorial_taskflow_api.py
[2024-11-18T21:13:16.767+0500] {processor.py:925} INFO - DAG(s) 'tutorial_taskflow_api' retrieved from /home/AtlasRise/airflow/airflow_env/lib/python3.12/site-packages/airflow/example_dags/tutorial_taskflow_api.py
[2024-11-18T21:13:16.792+0500] {logging_mixin.py:190} INFO - [2024-11-18T21:13:16.791+0500] {dag.py:3239} INFO - Sync 1 DAGs
[2024-11-18T21:13:16.813+0500] {logging_mixin.py:190} INFO - [2024-11-18T21:13:16.813+0500] {dag.py:4180} INFO - Setting next_dagrun for tutorial_taskflow_api to None, run_after=None
[2024-11-18T21:13:16.847+0500] {processor.py:208} INFO - Processing /home/AtlasRise/airflow/airflow_env/lib/python3.12/site-packages/airflow/example_dags/tutorial_taskflow_api.py took 0.110 seconds
[2024-11-18T21:14:44.195+0500] {processor.py:186} INFO - Started process (PID=21689) to work on /home/AtlasRise/airflow/airflow_env/lib/python3.12/site-packages/airflow/example_dags/tutorial_taskflow_api.py
[2024-11-18T21:14:44.198+0500] {processor.py:914} INFO - Processing file /home/AtlasRise/airflow/airflow_env/lib/python3.12/site-packages/airflow/example_dags/tutorial_taskflow_api.py for tasks to queue
[2024-11-18T21:14:44.202+0500] {logging_mixin.py:190} INFO - [2024-11-18T21:14:44.201+0500] {dagbag.py:588} INFO - Filling up the DagBag from /home/AtlasRise/airflow/airflow_env/lib/python3.12/site-packages/airflow/example_dags/tutorial_taskflow_api.py
[2024-11-18T21:14:44.214+0500] {processor.py:925} INFO - DAG(s) 'tutorial_taskflow_api' retrieved from /home/AtlasRise/airflow/airflow_env/lib/python3.12/site-packages/airflow/example_dags/tutorial_taskflow_api.py
[2024-11-18T21:14:44.238+0500] {logging_mixin.py:190} INFO - [2024-11-18T21:14:44.237+0500] {dag.py:3239} INFO - Sync 1 DAGs
[2024-11-18T21:14:44.258+0500] {logging_mixin.py:190} INFO - [2024-11-18T21:14:44.258+0500] {dag.py:4180} INFO - Setting next_dagrun for tutorial_taskflow_api to None, run_after=None
[2024-11-18T21:14:44.292+0500] {processor.py:208} INFO - Processing /home/AtlasRise/airflow/airflow_env/lib/python3.12/site-packages/airflow/example_dags/tutorial_taskflow_api.py took 0.104 seconds
[2024-11-18T21:16:17.455+0500] {processor.py:186} INFO - Started process (PID=21811) to work on /home/AtlasRise/airflow/airflow_env/lib/python3.12/site-packages/airflow/example_dags/tutorial_taskflow_api.py
[2024-11-18T21:16:17.457+0500] {processor.py:914} INFO - Processing file /home/AtlasRise/airflow/airflow_env/lib/python3.12/site-packages/airflow/example_dags/tutorial_taskflow_api.py for tasks to queue
[2024-11-18T21:16:17.461+0500] {logging_mixin.py:190} INFO - [2024-11-18T21:16:17.460+0500] {dagbag.py:588} INFO - Filling up the DagBag from /home/AtlasRise/airflow/airflow_env/lib/python3.12/site-packages/airflow/example_dags/tutorial_taskflow_api.py
[2024-11-18T21:16:17.473+0500] {processor.py:925} INFO - DAG(s) 'tutorial_taskflow_api' retrieved from /home/AtlasRise/airflow/airflow_env/lib/python3.12/site-packages/airflow/example_dags/tutorial_taskflow_api.py
[2024-11-18T21:16:17.499+0500] {logging_mixin.py:190} INFO - [2024-11-18T21:16:17.499+0500] {dag.py:3239} INFO - Sync 1 DAGs
[2024-11-18T21:16:17.520+0500] {logging_mixin.py:190} INFO - [2024-11-18T21:16:17.520+0500] {dag.py:4180} INFO - Setting next_dagrun for tutorial_taskflow_api to None, run_after=None
[2024-11-18T21:16:17.552+0500] {processor.py:208} INFO - Processing /home/AtlasRise/airflow/airflow_env/lib/python3.12/site-packages/airflow/example_dags/tutorial_taskflow_api.py took 0.105 seconds
[2024-11-18T21:17:23.860+0500] {processor.py:186} INFO - Started process (PID=21909) to work on /home/AtlasRise/airflow/airflow_env/lib/python3.12/site-packages/airflow/example_dags/tutorial_taskflow_api.py
[2024-11-18T21:17:23.863+0500] {processor.py:914} INFO - Processing file /home/AtlasRise/airflow/airflow_env/lib/python3.12/site-packages/airflow/example_dags/tutorial_taskflow_api.py for tasks to queue
[2024-11-18T21:17:23.866+0500] {logging_mixin.py:190} INFO - [2024-11-18T21:17:23.865+0500] {dagbag.py:588} INFO - Filling up the DagBag from /home/AtlasRise/airflow/airflow_env/lib/python3.12/site-packages/airflow/example_dags/tutorial_taskflow_api.py
[2024-11-18T21:17:23.879+0500] {processor.py:925} INFO - DAG(s) 'tutorial_taskflow_api' retrieved from /home/AtlasRise/airflow/airflow_env/lib/python3.12/site-packages/airflow/example_dags/tutorial_taskflow_api.py
[2024-11-18T21:17:23.903+0500] {logging_mixin.py:190} INFO - [2024-11-18T21:17:23.903+0500] {dag.py:3239} INFO - Sync 1 DAGs
[2024-11-18T21:17:23.926+0500] {logging_mixin.py:190} INFO - [2024-11-18T21:17:23.926+0500] {dag.py:4180} INFO - Setting next_dagrun for tutorial_taskflow_api to None, run_after=None
[2024-11-18T21:17:23.961+0500] {processor.py:208} INFO - Processing /home/AtlasRise/airflow/airflow_env/lib/python3.12/site-packages/airflow/example_dags/tutorial_taskflow_api.py took 0.112 seconds
[2024-11-18T21:19:01.494+0500] {processor.py:186} INFO - Started process (PID=22053) to work on /home/AtlasRise/airflow/airflow_env/lib/python3.12/site-packages/airflow/example_dags/tutorial_taskflow_api.py
[2024-11-18T21:19:01.496+0500] {processor.py:914} INFO - Processing file /home/AtlasRise/airflow/airflow_env/lib/python3.12/site-packages/airflow/example_dags/tutorial_taskflow_api.py for tasks to queue
[2024-11-18T21:19:01.499+0500] {logging_mixin.py:190} INFO - [2024-11-18T21:19:01.499+0500] {dagbag.py:588} INFO - Filling up the DagBag from /home/AtlasRise/airflow/airflow_env/lib/python3.12/site-packages/airflow/example_dags/tutorial_taskflow_api.py
[2024-11-18T21:19:01.512+0500] {processor.py:925} INFO - DAG(s) 'tutorial_taskflow_api' retrieved from /home/AtlasRise/airflow/airflow_env/lib/python3.12/site-packages/airflow/example_dags/tutorial_taskflow_api.py
[2024-11-18T21:19:01.538+0500] {logging_mixin.py:190} INFO - [2024-11-18T21:19:01.537+0500] {dag.py:3239} INFO - Sync 1 DAGs
[2024-11-18T21:19:01.562+0500] {logging_mixin.py:190} INFO - [2024-11-18T21:19:01.562+0500] {dag.py:4180} INFO - Setting next_dagrun for tutorial_taskflow_api to None, run_after=None
[2024-11-18T21:19:01.597+0500] {processor.py:208} INFO - Processing /home/AtlasRise/airflow/airflow_env/lib/python3.12/site-packages/airflow/example_dags/tutorial_taskflow_api.py took 0.111 seconds
[2024-11-18T21:19:58.800+0500] {processor.py:186} INFO - Started process (PID=22130) to work on /home/AtlasRise/airflow/airflow_env/lib/python3.12/site-packages/airflow/example_dags/tutorial_taskflow_api.py
[2024-11-18T21:19:58.802+0500] {processor.py:914} INFO - Processing file /home/AtlasRise/airflow/airflow_env/lib/python3.12/site-packages/airflow/example_dags/tutorial_taskflow_api.py for tasks to queue
[2024-11-18T21:19:58.805+0500] {logging_mixin.py:190} INFO - [2024-11-18T21:19:58.805+0500] {dagbag.py:588} INFO - Filling up the DagBag from /home/AtlasRise/airflow/airflow_env/lib/python3.12/site-packages/airflow/example_dags/tutorial_taskflow_api.py
[2024-11-18T21:19:58.818+0500] {processor.py:925} INFO - DAG(s) 'tutorial_taskflow_api' retrieved from /home/AtlasRise/airflow/airflow_env/lib/python3.12/site-packages/airflow/example_dags/tutorial_taskflow_api.py
[2024-11-18T21:19:58.842+0500] {logging_mixin.py:190} INFO - [2024-11-18T21:19:58.841+0500] {dag.py:3239} INFO - Sync 1 DAGs
[2024-11-18T21:19:58.863+0500] {logging_mixin.py:190} INFO - [2024-11-18T21:19:58.862+0500] {dag.py:4180} INFO - Setting next_dagrun for tutorial_taskflow_api to None, run_after=None
[2024-11-18T21:19:58.896+0500] {processor.py:208} INFO - Processing /home/AtlasRise/airflow/airflow_env/lib/python3.12/site-packages/airflow/example_dags/tutorial_taskflow_api.py took 0.105 seconds
[2024-11-18T21:21:09.117+0500] {processor.py:186} INFO - Started process (PID=22220) to work on /home/AtlasRise/airflow/airflow_env/lib/python3.12/site-packages/airflow/example_dags/tutorial_taskflow_api.py
[2024-11-18T21:21:09.118+0500] {processor.py:914} INFO - Processing file /home/AtlasRise/airflow/airflow_env/lib/python3.12/site-packages/airflow/example_dags/tutorial_taskflow_api.py for tasks to queue
[2024-11-18T21:21:09.124+0500] {logging_mixin.py:190} INFO - [2024-11-18T21:21:09.123+0500] {dagbag.py:588} INFO - Filling up the DagBag from /home/AtlasRise/airflow/airflow_env/lib/python3.12/site-packages/airflow/example_dags/tutorial_taskflow_api.py
[2024-11-18T21:21:09.136+0500] {processor.py:925} INFO - DAG(s) 'tutorial_taskflow_api' retrieved from /home/AtlasRise/airflow/airflow_env/lib/python3.12/site-packages/airflow/example_dags/tutorial_taskflow_api.py
[2024-11-18T21:21:09.159+0500] {logging_mixin.py:190} INFO - [2024-11-18T21:21:09.159+0500] {dag.py:3239} INFO - Sync 1 DAGs
[2024-11-18T21:21:09.180+0500] {logging_mixin.py:190} INFO - [2024-11-18T21:21:09.179+0500] {dag.py:4180} INFO - Setting next_dagrun for tutorial_taskflow_api to None, run_after=None
[2024-11-18T21:21:09.213+0500] {processor.py:208} INFO - Processing /home/AtlasRise/airflow/airflow_env/lib/python3.12/site-packages/airflow/example_dags/tutorial_taskflow_api.py took 0.105 seconds
[2024-11-18T21:22:21.863+0500] {processor.py:186} INFO - Started process (PID=22299) to work on /home/AtlasRise/airflow/airflow_env/lib/python3.12/site-packages/airflow/example_dags/tutorial_taskflow_api.py
[2024-11-18T21:22:21.865+0500] {processor.py:914} INFO - Processing file /home/AtlasRise/airflow/airflow_env/lib/python3.12/site-packages/airflow/example_dags/tutorial_taskflow_api.py for tasks to queue
[2024-11-18T21:22:21.869+0500] {logging_mixin.py:190} INFO - [2024-11-18T21:22:21.868+0500] {dagbag.py:588} INFO - Filling up the DagBag from /home/AtlasRise/airflow/airflow_env/lib/python3.12/site-packages/airflow/example_dags/tutorial_taskflow_api.py
[2024-11-18T21:22:21.882+0500] {processor.py:925} INFO - DAG(s) 'tutorial_taskflow_api' retrieved from /home/AtlasRise/airflow/airflow_env/lib/python3.12/site-packages/airflow/example_dags/tutorial_taskflow_api.py
[2024-11-18T21:22:21.906+0500] {logging_mixin.py:190} INFO - [2024-11-18T21:22:21.905+0500] {dag.py:3239} INFO - Sync 1 DAGs
[2024-11-18T21:22:21.927+0500] {logging_mixin.py:190} INFO - [2024-11-18T21:22:21.926+0500] {dag.py:4180} INFO - Setting next_dagrun for tutorial_taskflow_api to None, run_after=None
[2024-11-18T21:22:21.960+0500] {processor.py:208} INFO - Processing /home/AtlasRise/airflow/airflow_env/lib/python3.12/site-packages/airflow/example_dags/tutorial_taskflow_api.py took 0.105 seconds
