[2024-11-18T21:12:18.331+0500] {local_task_job_runner.py:123} INFO - ::group::Pre task execution logs
[2024-11-18T21:12:18.344+0500] {taskinstance.py:2613} INFO - Dependencies all met for dep_context=non-requeueable deps ti=<TaskInstance: count_a.create_files manual__2024-11-18T16:12:13.891274+00:00 [queued]>
[2024-11-18T21:12:18.353+0500] {taskinstance.py:2613} INFO - Dependencies all met for dep_context=requeueable deps ti=<TaskInstance: count_a.create_files manual__2024-11-18T16:12:13.891274+00:00 [queued]>
[2024-11-18T21:12:18.354+0500] {taskinstance.py:2866} INFO - Starting attempt 1 of 2
[2024-11-18T21:12:18.376+0500] {taskinstance.py:2889} INFO - Executing <Task(PythonOperator): create_files> on 2024-11-18 16:12:13.891274+00:00
[2024-11-18T21:12:18.382+0500] {standard_task_runner.py:72} INFO - Started process 21510 to run task
[2024-11-18T21:12:18.386+0500] {standard_task_runner.py:104} INFO - Running: ['airflow', 'tasks', 'run', 'count_a', 'create_files', 'manual__2024-11-18T16:12:13.891274+00:00', '--job-id', '11', '--raw', '--subdir', 'DAGS_FOLDER/dag_1.py', '--cfg-path', '/tmp/tmp_7h6j_1y']
[2024-11-18T21:12:18.387+0500] {standard_task_runner.py:105} INFO - Job 11: Subtask create_files
[2024-11-18T21:12:18.438+0500] {task_command.py:467} INFO - Running <TaskInstance: count_a.create_files manual__2024-11-18T16:12:13.891274+00:00 [running]> on host archlinux
[2024-11-18T21:12:18.534+0500] {taskinstance.py:3132} INFO - Exporting env vars: AIRFLOW_CTX_DAG_OWNER='airflow' AIRFLOW_CTX_DAG_ID='count_a' AIRFLOW_CTX_TASK_ID='create_files' AIRFLOW_CTX_EXECUTION_DATE='2024-11-18T16:12:13.891274+00:00' AIRFLOW_CTX_TRY_NUMBER='1' AIRFLOW_CTX_DAG_RUN_ID='manual__2024-11-18T16:12:13.891274+00:00'
[2024-11-18T21:12:18.535+0500] {logging_mixin.py:190} INFO - Task instance is in running state
[2024-11-18T21:12:18.535+0500] {logging_mixin.py:190} INFO -  Previous state of the Task instance: queued
[2024-11-18T21:12:18.536+0500] {logging_mixin.py:190} INFO - Current task name:create_files state:running start_date:2024-11-18 16:12:18.345446+00:00
[2024-11-18T21:12:18.536+0500] {logging_mixin.py:190} INFO - Dag name:count_a and current dag run status:running
[2024-11-18T21:12:18.536+0500] {taskinstance.py:731} INFO - ::endgroup::
[2024-11-18T21:12:18.549+0500] {python.py:240} INFO - Done. Returned value was: None
[2024-11-18T21:12:18.556+0500] {taskinstance.py:340} INFO - ::group::Post task execution logs
[2024-11-18T21:12:18.556+0500] {taskinstance.py:352} INFO - Marking task as SUCCESS. dag_id=count_a, task_id=create_files, run_id=manual__2024-11-18T16:12:13.891274+00:00, execution_date=20241118T161213, start_date=20241118T161218, end_date=20241118T161218
[2024-11-18T21:12:18.570+0500] {logging_mixin.py:190} INFO - Task instance in success state
[2024-11-18T21:12:18.571+0500] {logging_mixin.py:190} INFO -  Previous state of the Task instance: running
[2024-11-18T21:12:18.571+0500] {logging_mixin.py:190} INFO - Dag name:count_a queued_at:2024-11-18 16:12:13.909806+00:00
[2024-11-18T21:12:18.571+0500] {logging_mixin.py:190} INFO - Task hostname:archlinux operator:PythonOperator
[2024-11-18T21:12:18.601+0500] {local_task_job_runner.py:266} INFO - Task exited with return code 0
[2024-11-18T21:12:18.630+0500] {taskinstance.py:3895} INFO - 1 downstream tasks scheduled from follow-on schedule check
[2024-11-18T21:12:18.637+0500] {local_task_job_runner.py:245} INFO - ::endgroup::
